[2025-06-25 17:15:42,276 I 1402724 1402724] (gcs_server) gcs_server_main.cc:91: Ray cluster metadata ray_version=2.47.1 ray_commit=61d3f2f1aa33563faa398105f4abda88cb39440b
[2025-06-25 17:15:42,277 I 1402724 1402724] (gcs_server) io_service_pool.cc:36: IOServicePool is running with 1 io_service.
[2025-06-25 17:15:42,281 I 1402724 1402724] (gcs_server) event.cc:500: Ray Event initialized for GCS
[2025-06-25 17:15:42,282 I 1402724 1402724] (gcs_server) event.cc:500: Ray Event initialized for EXPORT_NODE
[2025-06-25 17:15:42,282 I 1402724 1402724] (gcs_server) event.cc:500: Ray Event initialized for EXPORT_ACTOR
[2025-06-25 17:15:42,282 I 1402724 1402724] (gcs_server) event.cc:500: Ray Event initialized for EXPORT_DRIVER_JOB
[2025-06-25 17:15:42,282 I 1402724 1402724] (gcs_server) event.cc:331: Set ray event level to warning
[2025-06-25 17:15:42,283 I 1402724 1402724] (gcs_server) gcs_server.cc:77: GCS storage type is StorageType::IN_MEMORY
[2025-06-25 17:15:42,284 I 1402724 1402724] (gcs_server) gcs_init_data.cc:46: Loading job table data.
[2025-06-25 17:15:42,284 I 1402724 1402724] (gcs_server) gcs_init_data.cc:56: Loading node table data.
[2025-06-25 17:15:42,284 I 1402724 1402724] (gcs_server) gcs_init_data.cc:78: Loading actor table data.
[2025-06-25 17:15:42,284 I 1402724 1402724] (gcs_server) gcs_init_data.cc:89: Loading actor task spec table data.
[2025-06-25 17:15:42,284 I 1402724 1402724] (gcs_server) gcs_init_data.cc:66: Loading placement group table data.
[2025-06-25 17:15:42,284 I 1402724 1402724] (gcs_server) gcs_init_data.cc:50: Finished loading job table data, size = 0
[2025-06-25 17:15:42,284 I 1402724 1402724] (gcs_server) gcs_init_data.cc:60: Finished loading node table data, size = 0
[2025-06-25 17:15:42,284 I 1402724 1402724] (gcs_server) gcs_init_data.cc:83: Finished loading actor table data, size = 0
[2025-06-25 17:15:42,284 I 1402724 1402724] (gcs_server) gcs_init_data.cc:94: Finished loading actor task spec table data, size = 0
[2025-06-25 17:15:42,284 I 1402724 1402724] (gcs_server) gcs_init_data.cc:72: Finished loading placement group table data, size = 0
[2025-06-25 17:15:42,284 I 1402724 1402724] (gcs_server) gcs_server.cc:161: No existing server cluster ID found. Generating new ID: 539c528e31091f694f4618f520958dd6be2b21e33b38ce55fb6a8203
[2025-06-25 17:15:42,284 I 1402724 1402724] (gcs_server) gcs_server.cc:673: Autoscaler V2 enabled: 0
[2025-06-25 17:15:42,286 I 1402724 1402724] (gcs_server) grpc_server.cc:141: GcsServer server started, listening on port 61323.
[2025-06-25 17:15:42,481 I 1402724 1402724] (gcs_server) gcs_server.cc:249: Gcs Debug state:

GcsNodeManager: 
- RegisterNode request count: 0
- DrainNode request count: 0
- GetAllNodeInfo request count: 0

GcsActorManager: 
- RegisterActor request count: 0
- CreateActor request count: 0
- GetActorInfo request count: 0
- GetNamedActorInfo request count: 0
- GetAllActorInfo request count: 0
- KillActor request count: 0
- ListNamedActors request count: 0
- Registered actors count: 0
- Destroyed actors count: 0
- Named actors count: 0
- Unresolved actors count: 0
- Pending actors count: 0
- Created actors count: 0
- owners_: 0
- actor_to_register_callbacks_: 0
- actor_to_restart_for_lineage_reconstruction_callbacks_: 0
- actor_to_create_callbacks_: 0
- sorted_destroyed_actor_list_: 0

GcsResourceManager: 
- GetAllAvailableResources request count: 0
- GetAllTotalResources request count: 0
- GetAllResourceUsage request count: 0

GcsPlacementGroupManager: 
- CreatePlacementGroup request count: 0
- RemovePlacementGroup request count: 0
- GetPlacementGroup request count: 0
- GetAllPlacementGroup request count: 0
- WaitPlacementGroupUntilReady request count: 0
- GetNamedPlacementGroup request count: 0
- Scheduling pending placement group count: 0
- Registered placement groups count: 0
- Named placement group count: 0
- Pending placement groups count: 0
- Infeasible placement groups count: 0

Publisher:

[runtime env manager] ID to URIs table:
[runtime env manager] URIs reference table:

GcsTaskManager: 
-Total num task events reported: 0
-Total num status task events dropped: 0
-Total num profile events dropped: 0
-Current num of task events stored: 0
-Total num of actor creation tasks: 0
-Total num of actor tasks: 0
-Total num of normal tasks: 0
-Total num of driver tasks: 0

GcsAutoscalerStateManager: 
- last_seen_autoscaler_state_version_: 0
- last_cluster_resource_state_version_: 0
- pending demands:



[2025-06-25 17:15:42,481 I 1402724 1402724] (gcs_server) gcs_server.cc:870: Main service Event stats:


Global stats: 27 total (5 active)
Queueing time: mean = 65.679 ms, max = 196.533 ms, min = 59.000 ns, total = 1.773 s
Execution time:  mean = 14.598 ms, total = 394.135 ms
Event stats:
	GcsInMemoryStore.Put - 9 total (0 active), Execution time: mean = 21.839 ms, total = 196.555 ms, Queueing time: mean = 152.467 ms, max = 196.199 ms, min = 1.663 us, total = 1.372 s
	GcsInMemoryStore.GetAll - 5 total (0 active), Execution time: mean = 7.672 us, total = 38.361 us, Queueing time: mean = 28.876 us, max = 32.789 us, min = 22.548 us, total = 144.379 us
	PeriodicalRunner.RunFnPeriodically - 4 total (2 active, 1 running), Execution time: mean = 2.176 us, total = 8.705 us, Queueing time: mean = 98.248 ms, max = 196.533 ms, min = 196.460 ms, total = 392.992 ms
	event_loop_lag_probe - 2 total (0 active), Execution time: mean = 5.551 us, total = 11.102 us, Queueing time: mean = 3.612 ms, max = 7.177 ms, min = 46.423 us, total = 7.223 ms
	NodeInfoGcsService.grpc_server.GetClusterId.HandleRequestImpl - 1 total (0 active), Execution time: mean = 965.363 us, total = 965.363 us, Queueing time: mean = 761.631 us, max = 761.631 us, min = 761.631 us, total = 761.631 us
	ClusterResourceManager.ResetRemoteNodeView - 1 total (1 active), Execution time: mean = 0.000 s, total = 0.000 s, Queueing time: mean = 0.000 s, max = -0.000 s, min = 9223372036.855 s, total = 0.000 s
	RayletLoadPulled - 1 total (1 active), Execution time: mean = 0.000 s, total = 0.000 s, Queueing time: mean = 0.000 s, max = -0.000 s, min = 9223372036.855 s, total = 0.000 s
	GcsInitData::AsyncLoad - 1 total (0 active), Execution time: mean = 7.527 us, total = 7.527 us, Queueing time: mean = 183.000 ns, max = 183.000 ns, min = 183.000 ns, total = 183.000 ns
	GcsServer.GetOrGenerateClusterId.continuation - 1 total (0 active), Execution time: mean = 196.540 ms, total = 196.540 ms, Queueing time: mean = 59.000 ns, max = 59.000 ns, min = 59.000 ns, total = 59.000 ns
	GcsInMemoryStore.Get - 1 total (0 active), Execution time: mean = 9.019 us, total = 9.019 us, Queueing time: mean = 13.481 us, max = 13.481 us, min = 13.481 us, total = 13.481 us
	NodeInfoGcsService.grpc_server.GetClusterId - 1 total (1 active), Execution time: mean = 0.000 s, total = 0.000 s, Queueing time: mean = 0.000 s, max = -0.000 s, min = 9223372036.855 s, total = 0.000 s


[2025-06-25 17:15:42,481 I 1402724 1402724] (gcs_server) gcs_server.cc:874: task_io_context Event stats:


Global stats: 4 total (1 active)
Queueing time: mean = 101.325 us, max = 350.643 us, min = 17.799 us, total = 405.300 us
Execution time:  mean = 50.687 us, total = 202.749 us
Event stats:
	event_loop_lag_probe - 2 total (0 active), Execution time: mean = 99.469 us, total = 198.939 us, Queueing time: mean = 193.750 us, max = 350.643 us, min = 36.858 us, total = 387.501 us
	PeriodicalRunner.RunFnPeriodically - 1 total (0 active), Execution time: mean = 3.810 us, total = 3.810 us, Queueing time: mean = 17.799 us, max = 17.799 us, min = 17.799 us, total = 17.799 us
	GcsTaskManager.GcJobSummary - 1 total (1 active), Execution time: mean = 0.000 s, total = 0.000 s, Queueing time: mean = 0.000 s, max = -0.000 s, min = 9223372036.855 s, total = 0.000 s


[2025-06-25 17:15:42,482 I 1402724 1402724] (gcs_server) gcs_server.cc:874: pubsub_io_context Event stats:


Global stats: 4 total (1 active)
Queueing time: mean = 104.345 us, max = 363.912 us, min = 18.233 us, total = 417.380 us
Execution time:  mean = 49.400 us, total = 197.601 us
Event stats:
	event_loop_lag_probe - 2 total (0 active), Execution time: mean = 94.174 us, total = 188.347 us, Queueing time: mean = 199.573 us, max = 363.912 us, min = 35.235 us, total = 399.147 us
	PeriodicalRunner.RunFnPeriodically - 1 total (0 active), Execution time: mean = 9.254 us, total = 9.254 us, Queueing time: mean = 18.233 us, max = 18.233 us, min = 18.233 us, total = 18.233 us
	Publisher.CheckDeadSubscribers - 1 total (1 active), Execution time: mean = 0.000 s, total = 0.000 s, Queueing time: mean = 0.000 s, max = -0.000 s, min = 9223372036.855 s, total = 0.000 s


[2025-06-25 17:15:42,482 I 1402724 1402724] (gcs_server) gcs_server.cc:874: ray_syncer_io_context Event stats:


Global stats: 4 total (0 active)
Queueing time: mean = 209.769 us, max = 737.308 us, min = 17.147 us, total = 839.076 us
Execution time:  mean = 80.055 us, total = 320.218 us
Event stats:
	event_loop_lag_probe - 2 total (0 active), Execution time: mean = 159.261 us, total = 318.522 us, Queueing time: mean = 399.640 us, max = 737.308 us, min = 61.973 us, total = 799.281 us
	RaySyncerRegister - 2 total (0 active), Execution time: mean = 848.000 ns, total = 1.696 us, Queueing time: mean = 19.898 us, max = 22.648 us, min = 17.147 us, total = 39.795 us


[2025-06-25 17:15:43,229 I 1402724 1402724] (gcs_server) gcs_node_manager.cc:92: Registering node info, address = 192.168.10.101, node name = 192.168.10.101 node_id=c1286f0d57ead3fef8117da710f9eb9070fc6cce6823de55b6975621
[2025-06-25 17:15:43,229 I 1402724 1402724] (gcs_server) gcs_node_manager.cc:98: Finished registering node info, address = 192.168.10.101, node name = 192.168.10.101, is_head_node = 1 node_id=c1286f0d57ead3fef8117da710f9eb9070fc6cce6823de55b6975621
[2025-06-25 17:15:43,229 I 1402724 1402724] (gcs_server) gcs_placement_group_mgr.cc:851: A new node: c1286f0d57ead3fef8117da710f9eb9070fc6cce6823de55b6975621 registered, will try to reschedule all the infeasible placement groups.
[2025-06-25 17:15:43,233 I 1402724 1402808] (gcs_server) ray_syncer.cc:244: Get connection node_id=c1286f0d57ead3fef8117da710f9eb9070fc6cce6823de55b6975621
[2025-06-25 17:15:44,196 I 1402724 1402724] (gcs_server) gcs_job_manager.cc:97: Adding job, job id = 01000000, driver pid = 1402462
[2025-06-25 17:15:44,197 I 1402724 1402724] (gcs_server) gcs_job_manager.cc:118: Finished adding job, job id = 01000000, driver pid = 1402462
[2025-06-25 17:15:44,226 I 1402724 1402724] (gcs_server) gcs_job_manager.cc:156: Finished marking job state, job id = 01000000
[2025-06-25 17:15:44,340 I 1402724 1402724] (gcs_server) gcs_node_manager.cc:386: Removing node, node name = 192.168.10.101, death reason = EXPECTED_TERMINATION, death message = received SIGTERM node_id=c1286f0d57ead3fef8117da710f9eb9070fc6cce6823de55b6975621
[2025-06-25 17:15:44,340 I 1402724 1402724] (gcs_server) gcs_placement_group_mgr.cc:802: Node is dead, rescheduling the placement groups on the dead node. node_id=c1286f0d57ead3fef8117da710f9eb9070fc6cce6823de55b6975621
[2025-06-25 17:15:44,340 I 1402724 1402724] (gcs_server) gcs_actor_manager.cc:1325: Node is dead, reconstructing actors. node_id=c1286f0d57ead3fef8117da710f9eb9070fc6cce6823de55b6975621
[2025-06-25 17:15:44,340 I 1402724 1402724] (gcs_server) gcs_job_manager.cc:478: Node is dead, mark all jobs from this node as finished node_id=c1286f0d57ead3fef8117da710f9eb9070fc6cce6823de55b6975621
[2025-06-25 17:15:44,667 I 1402724 1402774] (gcs_server) ray_syncer_bidi_reactor_base.h:182: Failed to read the message from: c1286f0d57ead3fef8117da710f9eb9070fc6cce6823de55b6975621
[2025-06-25 17:15:44,667 I 1402724 1402774] (gcs_server) ray_syncer.cc:241: Connection is broken. node_id=c1286f0d57ead3fef8117da710f9eb9070fc6cce6823de55b6975621
[2025-06-25 17:15:44,705 I 1402724 1402724] (gcs_server) gcs_server_main.cc:172: GCS server received SIGTERM, shutting down...
[2025-06-25 17:15:44,706 I 1402724 1402724] (gcs_server) gcs_server.cc:271: Stopping GCS server.
[2025-06-25 17:15:44,756 I 1402724 1402724] (gcs_server) gcs_server.cc:288: GCS server stopped.
[2025-06-25 17:15:44,756 I 1402724 1402724] (gcs_server) io_service_pool.cc:48: IOServicePool is stopped.
[2025-06-25 17:15:44,785 I 1402724 1402724] (gcs_server) stats.h:120: Stats module has shutdown.
