[2025-06-25 17:15:43,208 I 1402954 1402954] (raylet) main.cc:226: Setting cluster ID to: 539c528e31091f694f4618f520958dd6be2b21e33b38ce55fb6a8203
[2025-06-25 17:15:43,214 I 1402954 1402954] (raylet) main.cc:341: Raylet is not set to kill unknown children.
[2025-06-25 17:15:43,214 I 1402954 1402954] (raylet) io_service_pool.cc:36: IOServicePool is running with 1 io_service.
[2025-06-25 17:15:43,215 I 1402954 1402954] (raylet) main.cc:469: Setting node ID node_id=c1286f0d57ead3fef8117da710f9eb9070fc6cce6823de55b6975621
[2025-06-25 17:15:43,215 I 1402954 1402954] (raylet) store_runner.cc:50: Allowing the Plasma store to use up to 68.7195GB of memory.
[2025-06-25 17:15:43,215 I 1402954 1402954] (raylet) store_runner.cc:66: Starting object store with directory /dev/shm, fallback /home/shuzuan/prj/ComfyUI-xDit/ray_temp/session_2025-06-25_17-15-42_239695_1402462, and huge page support disabled
[2025-06-25 17:15:43,215 I 1402954 1402983] (raylet) dlmalloc.cc:324: Setting dlmalloc config: plasma_directory=/dev/shm, fallback_directory=/home/shuzuan/prj/ComfyUI-xDit/ray_temp/session_2025-06-25_17-15-42_239695_1402462, hugepage_enabled=0, fallback_enabled=1
[2025-06-25 17:15:43,215 I 1402954 1402983] (raylet) dlmalloc.cc:153: create_and_mmap_buffer(68719476744, /dev/shm/plasmaXXXXXX)
[2025-06-25 17:15:43,215 I 1402954 1402983] (raylet) store.cc:576: Plasma store debug dump: 
Current usage: 0 / 68.7195 GB
- num bytes created total: 0
0 pending objects of total size 0MB
- objects spillable: 0
- bytes spillable: 0
- objects unsealed: 0
- bytes unsealed: 0
- objects in use: 0
- bytes in use: 0
- objects evictable: 0
- bytes evictable: 0

- objects created by worker: 0
- bytes created by worker: 0
- objects restored: 0
- bytes restored: 0
- objects received: 0
- bytes received: 0
- objects errored: 0
- bytes errored: 0

[2025-06-25 17:15:43,217 I 1402954 1402954] (raylet) grpc_server.cc:141: ObjectManager server started, listening on port 33019.
[2025-06-25 17:15:43,220 I 1402954 1402954] (raylet) worker_killing_policy.cc:107: Running GroupByOwner policy.
[2025-06-25 17:15:43,220 W 1402954 1402954] (raylet) memory_monitor.cc:198: Got negative used memory for cgroup -1, setting it to zero
[2025-06-25 17:15:43,220 I 1402954 1402954] (raylet) memory_monitor.cc:48: MemoryMonitor initialized with usage threshold at 256695140352 bytes (0.95 system memory), total system memory bytes: 270205427712
[2025-06-25 17:15:43,220 I 1402954 1402954] (raylet) node_manager.cc:227: Initializing NodeManager node_id=c1286f0d57ead3fef8117da710f9eb9070fc6cce6823de55b6975621
[2025-06-25 17:15:43,221 I 1402954 1402954] (raylet) grpc_server.cc:141: NodeManager server started, listening on port 33863.
[2025-06-25 17:15:43,228 I 1402954 1403031] (raylet) agent_manager.cc:80: Monitor agent process with name dashboard_agent
[2025-06-25 17:15:43,228 I 1402954 1403033] (raylet) agent_manager.cc:80: Monitor agent process with name runtime_env_agent
[2025-06-25 17:15:43,229 I 1402954 1402954] (raylet) event.cc:500: Ray Event initialized for RAYLET
[2025-06-25 17:15:43,229 I 1402954 1402954] (raylet) event.cc:331: Set ray event level to warning
[2025-06-25 17:15:43,230 I 1402954 1402954] (raylet) raylet.cc:260: Raylet of id, c1286f0d57ead3fef8117da710f9eb9070fc6cce6823de55b6975621 started. Raylet consists of node_manager and object_manager. node_manager address: 192.168.10.101:33863 object_manager address: 192.168.10.101:33019 hostname: vm-ubuntu1
[2025-06-25 17:15:43,232 I 1402954 1402954] (raylet) node_manager.cc:450: [state-dump] NodeManager:
[state-dump] Node ID: c1286f0d57ead3fef8117da710f9eb9070fc6cce6823de55b6975621
[state-dump] Node name: 192.168.10.101
[state-dump] InitialConfigResources: {node:192.168.10.101: 1, GPU: 8, object_store_memory: 6.87195e+10, node:__internal_head__: 1, CPU: 96, memory: 1.7194e+11, accelerator_type:G: 1}
[state-dump] ClusterTaskManager:
[state-dump] ========== Node: c1286f0d57ead3fef8117da710f9eb9070fc6cce6823de55b6975621 =================
[state-dump] Infeasible queue length: 0
[state-dump] Schedule queue length: 0
[state-dump] Dispatch queue length: 0
[state-dump] num_waiting_for_resource: 0
[state-dump] num_waiting_for_plasma_memory: 0
[state-dump] num_waiting_for_remote_node_resources: 0
[state-dump] num_worker_not_started_by_job_config_not_exist: 0
[state-dump] num_worker_not_started_by_registration_timeout: 0
[state-dump] num_tasks_waiting_for_workers: 0
[state-dump] num_cancelled_tasks: 0
[state-dump] cluster_resource_scheduler state: 
[state-dump] Local id: 2823936496912486576 Local resources: {"total":{node:192.168.10.101: [10000], accelerator_type:G: [10000], object_store_memory: [687194767360000], memory: [1719399710720000], node:__internal_head__: [10000], CPU: [960000], GPU: [10000, 10000, 10000, 10000, 10000, 10000, 10000, 10000]}}, "available": {node:__internal_head__: [10000], CPU: [960000], memory: [1719399710720000], GPU: [10000, 10000, 10000, 10000, 10000, 10000, 10000, 10000], node:192.168.10.101: [10000], accelerator_type:G: [10000], object_store_memory: [687194767360000]}}, "labels":{"ray.io/node_id":"c1286f0d57ead3fef8117da710f9eb9070fc6cce6823de55b6975621",} is_draining: 0 is_idle: 1 Cluster resources (at most 20 nodes are shown): node id: 2823936496912486576{"total":{node:192.168.10.101: 10000, GPU: 80000, object_store_memory: 687194767360000, CPU: 960000, memory: 1719399710720000, node:__internal_head__: 10000, accelerator_type:G: 10000}}, "available": {GPU: 80000, accelerator_type:G: 10000, node:__internal_head__: 10000, object_store_memory: 687194767360000, CPU: 960000, memory: 1719399710720000, node:192.168.10.101: 10000}}, "labels":{"ray.io/node_id":"c1286f0d57ead3fef8117da710f9eb9070fc6cce6823de55b6975621",}, "is_draining": 0, "draining_deadline_timestamp_ms": -1} { "placement group locations": [], "node to bundles": []}
[state-dump] Waiting tasks size: 0
[state-dump] Number of executing tasks: 0
[state-dump] Number of pinned task arguments: 0
[state-dump] Number of total spilled tasks: 0
[state-dump] Number of spilled waiting tasks: 0
[state-dump] Number of spilled unschedulable tasks: 0
[state-dump] Resource usage {
[state-dump] }
[state-dump] Backlog Size per scheduling descriptor :{workerId: num backlogs}:
[state-dump] 
[state-dump] Running tasks by scheduling class:
[state-dump] ==================================================
[state-dump] 
[state-dump] ClusterResources:
[state-dump] LocalObjectManager:
[state-dump] - num pinned objects: 0
[state-dump] - pinned objects size: 0
[state-dump] - num objects pending restore: 0
[state-dump] - num objects pending spill: 0
[state-dump] - num bytes pending spill: 0
[state-dump] - num bytes currently spilled: 0
[state-dump] - cumulative spill requests: 0
[state-dump] - cumulative restore requests: 0
[state-dump] - spilled objects pending delete: 0
[state-dump] 
[state-dump] ObjectManager:
[state-dump] - num local objects: 0
[state-dump] - num unfulfilled push requests: 0
[state-dump] - num object pull requests: 0
[state-dump] - num chunks received total: 0
[state-dump] - num chunks received failed (all): 0
[state-dump] - num chunks received failed / cancelled: 0
[state-dump] - num chunks received failed / plasma error: 0
[state-dump] Event stats:
[state-dump] Global stats: 0 total (0 active)
[state-dump] Queueing time: mean = -nan s, max = -0.000 s, min = 9223372036.855 s, total = 0.000 s
[state-dump] Execution time:  mean = -nan s, total = 0.000 s
[state-dump] Event stats:
[state-dump] PushManager:
[state-dump] - num pushes in flight: 0
[state-dump] - num chunks in flight: 0
[state-dump] - num chunks remaining: 0
[state-dump] - max chunks allowed: 409
[state-dump] OwnershipBasedObjectDirectory:
[state-dump] - num listeners: 0
[state-dump] - cumulative location updates: 0
[state-dump] - num location updates per second: 0.000
[state-dump] - num location lookups per second: 0.000
[state-dump] - num locations added per second: 0.000
[state-dump] - num locations removed per second: 0.000
[state-dump] BufferPool:
[state-dump] - create buffer state map size: 0
[state-dump] PullManager:
[state-dump] - num bytes available for pulled objects: 68719476736
[state-dump] - num bytes being pulled (all): 0
[state-dump] - num bytes being pulled / pinned: 0
[state-dump] - get request bundles: BundlePullRequestQueue{0 total, 0 active, 0 inactive, 0 unpullable}
[state-dump] - wait request bundles: BundlePullRequestQueue{0 total, 0 active, 0 inactive, 0 unpullable}
[state-dump] - task request bundles: BundlePullRequestQueue{0 total, 0 active, 0 inactive, 0 unpullable}
[state-dump] - first get request bundle: N/A
[state-dump] - first wait request bundle: N/A
[state-dump] - first task request bundle: N/A
[state-dump] - num objects queued: 0
[state-dump] - num objects actively pulled (all): 0
[state-dump] - num objects actively pulled / pinned: 0
[state-dump] - num bundles being pulled: 0
[state-dump] - num pull retries: 0
[state-dump] - max timeout seconds: 0
[state-dump] - max timeout request is already processed. No entry.
[state-dump] 
[state-dump] WorkerPool:
[state-dump] - registered jobs: 0
[state-dump] - process_failed_job_config_missing: 0
[state-dump] - process_failed_rate_limited: 0
[state-dump] - process_failed_pending_registration: 0
[state-dump] - process_failed_runtime_env_setup_failed: 0
[state-dump] - num PYTHON workers: 0
[state-dump] - num PYTHON drivers: 0
[state-dump] - num PYTHON pending start requests: 0
[state-dump] - num PYTHON pending registration requests: 0
[state-dump] - num object spill callbacks queued: 0
[state-dump] - num object restore queued: 0
[state-dump] - num util functions queued: 0
[state-dump] - num JAVA workers: 0
[state-dump] - num JAVA drivers: 0
[state-dump] - num JAVA pending start requests: 0
[state-dump] - num JAVA pending registration requests: 0
[state-dump] - num object spill callbacks queued: 0
[state-dump] - num object restore queued: 0
[state-dump] - num util functions queued: 0
[state-dump] - num idle workers: 0
[state-dump] TaskDependencyManager:
[state-dump] - task deps map size: 0
[state-dump] - get req map size: 0
[state-dump] - wait req map size: 0
[state-dump] - local objects map size: 0
[state-dump] WaitManager:
[state-dump] - num active wait requests: 0
[state-dump] Subscriber:
[state-dump] Channel WORKER_OBJECT_LOCATIONS_CHANNEL
[state-dump] - cumulative subscribe requests: 0
[state-dump] - cumulative unsubscribe requests: 0
[state-dump] - active subscribed publishers: 0
[state-dump] - cumulative published messages: 0
[state-dump] - cumulative processed messages: 0
[state-dump] Channel WORKER_OBJECT_EVICTION
[state-dump] - cumulative subscribe requests: 0
[state-dump] - cumulative unsubscribe requests: 0
[state-dump] - active subscribed publishers: 0
[state-dump] - cumulative published messages: 0
[state-dump] - cumulative processed messages: 0
[state-dump] Channel WORKER_REF_REMOVED_CHANNEL
[state-dump] - cumulative subscribe requests: 0
[state-dump] - cumulative unsubscribe requests: 0
[state-dump] - active subscribed publishers: 0
[state-dump] - cumulative published messages: 0
[state-dump] - cumulative processed messages: 0
[state-dump] num async plasma notifications: 0
[state-dump] Event stats:
[state-dump] Global stats: 29 total (14 active)
[state-dump] Queueing time: mean = 1.412 ms, max = 8.864 ms, min = 16.091 us, total = 40.938 ms
[state-dump] Execution time:  mean = 659.099 us, total = 19.114 ms
[state-dump] Event stats:
[state-dump] 	PeriodicalRunner.RunFnPeriodically - 12 total (2 active, 1 running), Execution time: mean = 142.363 us, total = 1.708 ms, Queueing time: mean = 3.409 ms, max = 8.864 ms, min = 26.580 us, total = 40.905 ms
[state-dump] 	NodeManager.deadline_timer.spill_objects_when_over_threshold - 1 total (1 active), Execution time: mean = 0.000 s, total = 0.000 s, Queueing time: mean = 0.000 s, max = -0.000 s, min = 9223372036.855 s, total = 0.000 s
[state-dump] 	NodeManager.deadline_timer.flush_free_objects - 1 total (1 active), Execution time: mean = 0.000 s, total = 0.000 s, Queueing time: mean = 0.000 s, max = -0.000 s, min = 9223372036.855 s, total = 0.000 s
[state-dump] 	ray::rpc::InternalPubSubGcsService.grpc_client.GcsSubscriberCommandBatch - 1 total (0 active), Execution time: mean = 555.110 us, total = 555.110 us, Queueing time: mean = 0.000 s, max = -0.000 s, min = 9223372036.855 s, total = 0.000 s
[state-dump] 	NodeManager.CheckForUnexpectedWorkerDisconnects - 1 total (1 active), Execution time: mean = 0.000 s, total = 0.000 s, Queueing time: mean = 0.000 s, max = -0.000 s, min = 9223372036.855 s, total = 0.000 s
[state-dump] 	ray::rpc::InternalKVGcsService.grpc_client.GetInternalConfig - 1 total (0 active), Execution time: mean = 790.134 us, total = 790.134 us, Queueing time: mean = 0.000 s, max = -0.000 s, min = 9223372036.855 s, total = 0.000 s
[state-dump] 	MemoryMonitor.CheckIsMemoryUsageAboveThreshold - 1 total (1 active), Execution time: mean = 0.000 s, total = 0.000 s, Queueing time: mean = 0.000 s, max = -0.000 s, min = 9223372036.855 s, total = 0.000 s
[state-dump] 	NodeManager.deadline_timer.debug_state_dump - 1 total (1 active), Execution time: mean = 0.000 s, total = 0.000 s, Queueing time: mean = 0.000 s, max = -0.000 s, min = 9223372036.855 s, total = 0.000 s
[state-dump] 	ray::rpc::InternalPubSubGcsService.grpc_client.GcsSubscriberPoll - 1 total (1 active), Execution time: mean = 0.000 s, total = 0.000 s, Queueing time: mean = 0.000 s, max = -0.000 s, min = 9223372036.855 s, total = 0.000 s
[state-dump] 	ray::rpc::InternalKVGcsService.grpc_client.GetInternalConfig.OnReplyReceived - 1 total (0 active), Execution time: mean = 14.891 ms, total = 14.891 ms, Queueing time: mean = 16.091 us, max = 16.091 us, min = 16.091 us, total = 16.091 us
[state-dump] 	NodeManager.ScheduleAndDispatchTasks - 1 total (1 active), Execution time: mean = 0.000 s, total = 0.000 s, Queueing time: mean = 0.000 s, max = -0.000 s, min = 9223372036.855 s, total = 0.000 s
[state-dump] 	NodeManager.deadline_timer.record_metrics - 1 total (1 active), Execution time: mean = 0.000 s, total = 0.000 s, Queueing time: mean = 0.000 s, max = -0.000 s, min = 9223372036.855 s, total = 0.000 s
[state-dump] 	ray::rpc::NodeInfoGcsService.grpc_client.RegisterNode.OnReplyReceived - 1 total (0 active), Execution time: mean = 233.107 us, total = 233.107 us, Queueing time: mean = 17.408 us, max = 17.408 us, min = 17.408 us, total = 17.408 us
[state-dump] 	ray::rpc::InternalPubSubGcsService.grpc_client.GcsSubscriberCommandBatch.OnReplyReceived - 1 total (1 active), Execution time: mean = 0.000 s, total = 0.000 s, Queueing time: mean = 0.000 s, max = -0.000 s, min = 9223372036.855 s, total = 0.000 s
[state-dump] 	ClusterResourceManager.ResetRemoteNodeView - 1 total (1 active), Execution time: mean = 0.000 s, total = 0.000 s, Queueing time: mean = 0.000 s, max = -0.000 s, min = 9223372036.855 s, total = 0.000 s
[state-dump] 	RayletWorkerPool.deadline_timer.kill_idle_workers - 1 total (1 active), Execution time: mean = 0.000 s, total = 0.000 s, Queueing time: mean = 0.000 s, max = -0.000 s, min = 9223372036.855 s, total = 0.000 s
[state-dump] 	ray::rpc::NodeInfoGcsService.grpc_client.RegisterNode - 1 total (0 active), Execution time: mean = 935.671 us, total = 935.671 us, Queueing time: mean = 0.000 s, max = -0.000 s, min = 9223372036.855 s, total = 0.000 s
[state-dump] 	NodeManager.GCTaskFailureReason - 1 total (1 active), Execution time: mean = 0.000 s, total = 0.000 s, Queueing time: mean = 0.000 s, max = -0.000 s, min = 9223372036.855 s, total = 0.000 s
[state-dump] DebugString() time ms: 0
[state-dump] 
[state-dump] 
[2025-06-25 17:15:43,233 I 1402954 1402954] (raylet) accessor.cc:768: Received notification for node, IsAlive = 1 node_id=c1286f0d57ead3fef8117da710f9eb9070fc6cce6823de55b6975621
[2025-06-25 17:15:43,340 I 1402954 1402954] (raylet) worker_pool.cc:527: Started worker process with pid 1403074, the token is 0
[2025-06-25 17:15:43,343 I 1402954 1402954] (raylet) worker_pool.cc:527: Started worker process with pid 1403075, the token is 1
[2025-06-25 17:15:43,346 I 1402954 1402954] (raylet) worker_pool.cc:527: Started worker process with pid 1403076, the token is 2
[2025-06-25 17:15:43,349 I 1402954 1402954] (raylet) worker_pool.cc:527: Started worker process with pid 1403078, the token is 3
[2025-06-25 17:15:43,351 I 1402954 1402954] (raylet) worker_pool.cc:527: Started worker process with pid 1403079, the token is 4
[2025-06-25 17:15:43,353 I 1402954 1402954] (raylet) worker_pool.cc:527: Started worker process with pid 1403080, the token is 5
[2025-06-25 17:15:43,356 I 1402954 1402954] (raylet) worker_pool.cc:527: Started worker process with pid 1403082, the token is 6
[2025-06-25 17:15:43,358 I 1402954 1402954] (raylet) worker_pool.cc:527: Started worker process with pid 1403083, the token is 7
[2025-06-25 17:15:43,360 I 1402954 1402954] (raylet) worker_pool.cc:527: Started worker process with pid 1403084, the token is 8
[2025-06-25 17:15:43,363 I 1402954 1402954] (raylet) worker_pool.cc:527: Started worker process with pid 1403085, the token is 9
[2025-06-25 17:15:43,365 I 1402954 1402954] (raylet) worker_pool.cc:527: Started worker process with pid 1403086, the token is 10
[2025-06-25 17:15:43,367 I 1402954 1402954] (raylet) worker_pool.cc:527: Started worker process with pid 1403087, the token is 11
[2025-06-25 17:15:43,370 I 1402954 1402954] (raylet) worker_pool.cc:527: Started worker process with pid 1403088, the token is 12
[2025-06-25 17:15:43,372 I 1402954 1402954] (raylet) worker_pool.cc:527: Started worker process with pid 1403089, the token is 13
[2025-06-25 17:15:43,374 I 1402954 1402954] (raylet) worker_pool.cc:527: Started worker process with pid 1403090, the token is 14
[2025-06-25 17:15:43,377 I 1402954 1402954] (raylet) worker_pool.cc:527: Started worker process with pid 1403092, the token is 15
[2025-06-25 17:15:43,379 I 1402954 1402954] (raylet) worker_pool.cc:527: Started worker process with pid 1403093, the token is 16
[2025-06-25 17:15:43,382 I 1402954 1402954] (raylet) worker_pool.cc:527: Started worker process with pid 1403094, the token is 17
[2025-06-25 17:15:43,384 I 1402954 1402954] (raylet) worker_pool.cc:527: Started worker process with pid 1403095, the token is 18
[2025-06-25 17:15:43,386 I 1402954 1402954] (raylet) worker_pool.cc:527: Started worker process with pid 1403097, the token is 19
[2025-06-25 17:15:43,389 I 1402954 1402954] (raylet) worker_pool.cc:527: Started worker process with pid 1403098, the token is 20
[2025-06-25 17:15:43,391 I 1402954 1402954] (raylet) worker_pool.cc:527: Started worker process with pid 1403099, the token is 21
[2025-06-25 17:15:43,394 I 1402954 1402954] (raylet) worker_pool.cc:527: Started worker process with pid 1403100, the token is 22
[2025-06-25 17:15:43,397 I 1402954 1402954] (raylet) worker_pool.cc:527: Started worker process with pid 1403101, the token is 23
[2025-06-25 17:15:43,400 I 1402954 1402954] (raylet) worker_pool.cc:527: Started worker process with pid 1403102, the token is 24
[2025-06-25 17:15:43,402 I 1402954 1402954] (raylet) worker_pool.cc:527: Started worker process with pid 1403103, the token is 25
[2025-06-25 17:15:43,405 I 1402954 1402954] (raylet) worker_pool.cc:527: Started worker process with pid 1403104, the token is 26
[2025-06-25 17:15:43,408 I 1402954 1402954] (raylet) worker_pool.cc:527: Started worker process with pid 1403105, the token is 27
[2025-06-25 17:15:43,410 I 1402954 1402954] (raylet) worker_pool.cc:527: Started worker process with pid 1403106, the token is 28
[2025-06-25 17:15:43,413 I 1402954 1402954] (raylet) worker_pool.cc:527: Started worker process with pid 1403107, the token is 29
[2025-06-25 17:15:43,415 I 1402954 1402954] (raylet) worker_pool.cc:527: Started worker process with pid 1403108, the token is 30
[2025-06-25 17:15:43,418 I 1402954 1402954] (raylet) worker_pool.cc:527: Started worker process with pid 1403109, the token is 31
[2025-06-25 17:15:43,420 I 1402954 1402954] (raylet) worker_pool.cc:527: Started worker process with pid 1403110, the token is 32
[2025-06-25 17:15:43,423 I 1402954 1402954] (raylet) worker_pool.cc:527: Started worker process with pid 1403111, the token is 33
[2025-06-25 17:15:43,426 I 1402954 1402954] (raylet) worker_pool.cc:527: Started worker process with pid 1403112, the token is 34
[2025-06-25 17:15:43,429 I 1402954 1402954] (raylet) worker_pool.cc:527: Started worker process with pid 1403113, the token is 35
[2025-06-25 17:15:43,432 I 1402954 1402954] (raylet) worker_pool.cc:527: Started worker process with pid 1403114, the token is 36
[2025-06-25 17:15:43,435 I 1402954 1402954] (raylet) worker_pool.cc:527: Started worker process with pid 1403115, the token is 37
[2025-06-25 17:15:43,438 I 1402954 1402954] (raylet) worker_pool.cc:527: Started worker process with pid 1403116, the token is 38
[2025-06-25 17:15:43,441 I 1402954 1402954] (raylet) worker_pool.cc:527: Started worker process with pid 1403117, the token is 39
[2025-06-25 17:15:43,444 I 1402954 1402954] (raylet) worker_pool.cc:527: Started worker process with pid 1403118, the token is 40
[2025-06-25 17:15:43,447 I 1402954 1402954] (raylet) worker_pool.cc:527: Started worker process with pid 1403119, the token is 41
[2025-06-25 17:15:43,450 I 1402954 1402954] (raylet) worker_pool.cc:527: Started worker process with pid 1403120, the token is 42
[2025-06-25 17:15:43,453 I 1402954 1402954] (raylet) worker_pool.cc:527: Started worker process with pid 1403121, the token is 43
[2025-06-25 17:15:43,456 I 1402954 1402954] (raylet) worker_pool.cc:527: Started worker process with pid 1403122, the token is 44
[2025-06-25 17:15:43,459 I 1402954 1402954] (raylet) worker_pool.cc:527: Started worker process with pid 1403123, the token is 45
[2025-06-25 17:15:43,463 I 1402954 1402954] (raylet) worker_pool.cc:527: Started worker process with pid 1403124, the token is 46
[2025-06-25 17:15:43,466 I 1402954 1402954] (raylet) worker_pool.cc:527: Started worker process with pid 1403125, the token is 47
[2025-06-25 17:15:43,469 I 1402954 1402954] (raylet) worker_pool.cc:527: Started worker process with pid 1403126, the token is 48
[2025-06-25 17:15:43,473 I 1402954 1402954] (raylet) worker_pool.cc:527: Started worker process with pid 1403127, the token is 49
[2025-06-25 17:15:43,476 I 1402954 1402954] (raylet) worker_pool.cc:527: Started worker process with pid 1403128, the token is 50
[2025-06-25 17:15:43,480 I 1402954 1402954] (raylet) worker_pool.cc:527: Started worker process with pid 1403129, the token is 51
[2025-06-25 17:15:43,484 I 1402954 1402954] (raylet) worker_pool.cc:527: Started worker process with pid 1403130, the token is 52
[2025-06-25 17:15:43,488 I 1402954 1402954] (raylet) worker_pool.cc:527: Started worker process with pid 1403131, the token is 53
[2025-06-25 17:15:43,491 I 1402954 1402954] (raylet) worker_pool.cc:527: Started worker process with pid 1403132, the token is 54
[2025-06-25 17:15:43,494 I 1402954 1402954] (raylet) worker_pool.cc:527: Started worker process with pid 1403133, the token is 55
[2025-06-25 17:15:43,498 I 1402954 1402954] (raylet) worker_pool.cc:527: Started worker process with pid 1403134, the token is 56
[2025-06-25 17:15:43,501 I 1402954 1402954] (raylet) worker_pool.cc:527: Started worker process with pid 1403135, the token is 57
[2025-06-25 17:15:43,504 I 1402954 1402954] (raylet) worker_pool.cc:527: Started worker process with pid 1403136, the token is 58
[2025-06-25 17:15:43,508 I 1402954 1402954] (raylet) worker_pool.cc:527: Started worker process with pid 1403137, the token is 59
[2025-06-25 17:15:43,511 I 1402954 1402954] (raylet) worker_pool.cc:527: Started worker process with pid 1403138, the token is 60
[2025-06-25 17:15:43,515 I 1402954 1402954] (raylet) worker_pool.cc:527: Started worker process with pid 1403139, the token is 61
[2025-06-25 17:15:43,518 I 1402954 1402954] (raylet) worker_pool.cc:527: Started worker process with pid 1403140, the token is 62
[2025-06-25 17:15:43,521 I 1402954 1402954] (raylet) worker_pool.cc:527: Started worker process with pid 1403141, the token is 63
[2025-06-25 17:15:43,525 I 1402954 1402954] (raylet) worker_pool.cc:527: Started worker process with pid 1403142, the token is 64
[2025-06-25 17:15:43,528 I 1402954 1402954] (raylet) worker_pool.cc:527: Started worker process with pid 1403143, the token is 65
[2025-06-25 17:15:43,532 I 1402954 1402954] (raylet) worker_pool.cc:527: Started worker process with pid 1403144, the token is 66
[2025-06-25 17:15:43,536 I 1402954 1402954] (raylet) worker_pool.cc:527: Started worker process with pid 1403146, the token is 67
[2025-06-25 17:15:43,539 I 1402954 1402954] (raylet) worker_pool.cc:527: Started worker process with pid 1403149, the token is 68
[2025-06-25 17:15:43,543 I 1402954 1402954] (raylet) worker_pool.cc:527: Started worker process with pid 1403152, the token is 69
[2025-06-25 17:15:43,546 I 1402954 1402954] (raylet) worker_pool.cc:527: Started worker process with pid 1403155, the token is 70
[2025-06-25 17:15:43,550 I 1402954 1402954] (raylet) worker_pool.cc:527: Started worker process with pid 1403156, the token is 71
[2025-06-25 17:15:43,554 I 1402954 1402954] (raylet) worker_pool.cc:527: Started worker process with pid 1403161, the token is 72
[2025-06-25 17:15:43,557 I 1402954 1402954] (raylet) worker_pool.cc:527: Started worker process with pid 1403180, the token is 73
[2025-06-25 17:15:43,561 I 1402954 1402954] (raylet) worker_pool.cc:527: Started worker process with pid 1403191, the token is 74
[2025-06-25 17:15:43,565 I 1402954 1402954] (raylet) worker_pool.cc:527: Started worker process with pid 1403192, the token is 75
[2025-06-25 17:15:43,569 I 1402954 1402954] (raylet) worker_pool.cc:527: Started worker process with pid 1403197, the token is 76
[2025-06-25 17:15:43,572 I 1402954 1402954] (raylet) worker_pool.cc:527: Started worker process with pid 1403220, the token is 77
[2025-06-25 17:15:43,576 I 1402954 1402954] (raylet) worker_pool.cc:527: Started worker process with pid 1403221, the token is 78
[2025-06-25 17:15:43,580 I 1402954 1402954] (raylet) worker_pool.cc:527: Started worker process with pid 1403222, the token is 79
[2025-06-25 17:15:43,584 I 1402954 1402954] (raylet) worker_pool.cc:527: Started worker process with pid 1403223, the token is 80
[2025-06-25 17:15:43,588 I 1402954 1402954] (raylet) worker_pool.cc:527: Started worker process with pid 1403224, the token is 81
[2025-06-25 17:15:43,612 I 1402954 1402954] (raylet) worker_pool.cc:527: Started worker process with pid 1403230, the token is 82
[2025-06-25 17:15:43,616 I 1402954 1402954] (raylet) worker_pool.cc:527: Started worker process with pid 1403231, the token is 83
[2025-06-25 17:15:43,620 I 1402954 1402954] (raylet) worker_pool.cc:527: Started worker process with pid 1403232, the token is 84
[2025-06-25 17:15:43,624 I 1402954 1402954] (raylet) worker_pool.cc:527: Started worker process with pid 1403233, the token is 85
[2025-06-25 17:15:43,628 I 1402954 1402954] (raylet) worker_pool.cc:527: Started worker process with pid 1403234, the token is 86
[2025-06-25 17:15:43,632 I 1402954 1402954] (raylet) worker_pool.cc:527: Started worker process with pid 1403235, the token is 87
[2025-06-25 17:15:43,636 I 1402954 1402954] (raylet) worker_pool.cc:527: Started worker process with pid 1403237, the token is 88
[2025-06-25 17:15:43,640 I 1402954 1402954] (raylet) worker_pool.cc:527: Started worker process with pid 1403238, the token is 89
[2025-06-25 17:15:43,644 I 1402954 1402954] (raylet) worker_pool.cc:527: Started worker process with pid 1403239, the token is 90
[2025-06-25 17:15:43,648 I 1402954 1402954] (raylet) worker_pool.cc:527: Started worker process with pid 1403240, the token is 91
[2025-06-25 17:15:43,652 I 1402954 1402954] (raylet) worker_pool.cc:527: Started worker process with pid 1403242, the token is 92
[2025-06-25 17:15:43,656 I 1402954 1402954] (raylet) worker_pool.cc:527: Started worker process with pid 1403243, the token is 93
[2025-06-25 17:15:43,660 I 1402954 1402954] (raylet) worker_pool.cc:527: Started worker process with pid 1403244, the token is 94
[2025-06-25 17:15:43,664 I 1402954 1402954] (raylet) worker_pool.cc:527: Started worker process with pid 1403245, the token is 95
[2025-06-25 17:15:43,752 I 1402954 1402983] (raylet) object_store.cc:38: Object store current usage 8e-09 / 68.7195 GB.
[2025-06-25 17:15:44,197 I 1402954 1402954] (raylet) worker_pool.cc:724: Job 01000000 already started in worker pool.
[2025-06-25 17:15:44,224 I 1402954 1402954] (raylet) node_manager.cc:1523: Disconnecting client, graceful=true, disconnect_type=3, has_creation_task_exception=false worker_id=01000000ffffffffffffffffffffffffffffffffffffffffffffffff
[2025-06-25 17:15:44,224 I 1402954 1402954] (raylet) node_manager.cc:1615: Driver (pid=1402462) is disconnected. worker_id=01000000ffffffffffffffffffffffffffffffffffffffffffffffff job_id=01000000
[2025-06-25 17:15:44,226 W 1402954 1402983] (raylet) store.cc:368: Disconnecting client due to connection error with code 2: End of file
[2025-06-25 17:15:44,226 I 1402954 1402954] (raylet) worker_pool.cc:724: Job 01000000 already started in worker pool.
[2025-06-25 17:15:44,340 I 1402954 1402954] (raylet) main.cc:504: received SIGTERM. Existing local drain request = None
[2025-06-25 17:15:44,340 I 1402954 1402954] (raylet) main.cc:307: Raylet graceful shutdown triggered, reason = EXPECTED_TERMINATION, reason message = received SIGTERM
[2025-06-25 17:15:44,340 I 1402954 1402954] (raylet) main.cc:310: Shutting down...
[2025-06-25 17:15:44,340 I 1402954 1402954] (raylet) accessor.cc:518: Unregistering node node_id=c1286f0d57ead3fef8117da710f9eb9070fc6cce6823de55b6975621
[2025-06-25 17:15:44,341 I 1402954 1402954] (raylet) accessor.cc:531: Finished unregistering node info, status = OK node_id=c1286f0d57ead3fef8117da710f9eb9070fc6cce6823de55b6975621
[2025-06-25 17:15:44,341 W 1402954 1402983] (raylet) store.cc:368: Disconnecting client due to connection error with code 2: End of file
[2025-06-25 17:15:44,344 I 1402954 1402954] (raylet) agent_manager.cc:115: Killing agent dashboard_agent, pid 1403028.
[2025-06-25 17:15:44,349 I 1402954 1403031] (raylet) agent_manager.cc:82: Agent process with name dashboard_agent exited, exit code 0.
[2025-06-25 17:15:44,349 I 1402954 1402954] (raylet) agent_manager.cc:115: Killing agent runtime_env_agent, pid 1403032.
[2025-06-25 17:15:44,353 I 1402954 1403033] (raylet) agent_manager.cc:82: Agent process with name runtime_env_agent exited, exit code 0.
[2025-06-25 17:15:44,354 I 1402954 1402954] (raylet) io_service_pool.cc:48: IOServicePool is stopped.
[2025-06-25 17:15:44,517 I 1402954 1402954] (raylet) stats.h:120: Stats module has shutdown.
