[2025-06-26 10:09:53,919 I 2295487 2295487] (raylet) main.cc:226: Setting cluster ID to: a2d11c5c3a6d10313f32bca11acc8d1df443f2727fee2984861d6f34
[2025-06-26 10:09:53,925 I 2295487 2295487] (raylet) main.cc:341: Raylet is not set to kill unknown children.
[2025-06-26 10:09:53,925 I 2295487 2295487] (raylet) io_service_pool.cc:36: IOServicePool is running with 1 io_service.
[2025-06-26 10:09:53,926 I 2295487 2295487] (raylet) main.cc:469: Setting node ID node_id=0c0d7ef72ab48ee13bf07252f795354802affc0abd5e1dd1564bf40f
[2025-06-26 10:09:53,926 I 2295487 2295487] (raylet) store_runner.cc:50: Allowing the Plasma store to use up to 68.7195GB of memory.
[2025-06-26 10:09:53,926 I 2295487 2295487] (raylet) store_runner.cc:66: Starting object store with directory /dev/shm, fallback /home/shuzuan/prj/ComfyUI-xDit/ray_temp/session_2025-06-26_10-09-52_932687_2295038, and huge page support disabled
[2025-06-26 10:09:53,926 I 2295487 2295516] (raylet) dlmalloc.cc:324: Setting dlmalloc config: plasma_directory=/dev/shm, fallback_directory=/home/shuzuan/prj/ComfyUI-xDit/ray_temp/session_2025-06-26_10-09-52_932687_2295038, hugepage_enabled=0, fallback_enabled=1
[2025-06-26 10:09:53,926 I 2295487 2295516] (raylet) dlmalloc.cc:153: create_and_mmap_buffer(68719476744, /dev/shm/plasmaXXXXXX)
[2025-06-26 10:09:53,926 I 2295487 2295516] (raylet) store.cc:576: Plasma store debug dump: 
Current usage: 0 / 68.7195 GB
- num bytes created total: 0
0 pending objects of total size 0MB
- objects spillable: 0
- bytes spillable: 0
- objects unsealed: 0
- bytes unsealed: 0
- objects in use: 0
- bytes in use: 0
- objects evictable: 0
- bytes evictable: 0

- objects created by worker: 0
- bytes created by worker: 0
- objects restored: 0
- bytes restored: 0
- objects received: 0
- bytes received: 0
- objects errored: 0
- bytes errored: 0

[2025-06-26 10:09:53,929 I 2295487 2295487] (raylet) grpc_server.cc:141: ObjectManager server started, listening on port 35565.
[2025-06-26 10:09:53,931 I 2295487 2295487] (raylet) worker_killing_policy.cc:107: Running GroupByOwner policy.
[2025-06-26 10:09:53,931 W 2295487 2295487] (raylet) memory_monitor.cc:198: Got negative used memory for cgroup -1, setting it to zero
[2025-06-26 10:09:53,931 I 2295487 2295487] (raylet) memory_monitor.cc:48: MemoryMonitor initialized with usage threshold at 256695140352 bytes (0.95 system memory), total system memory bytes: 270205427712
[2025-06-26 10:09:53,931 I 2295487 2295487] (raylet) node_manager.cc:227: Initializing NodeManager node_id=0c0d7ef72ab48ee13bf07252f795354802affc0abd5e1dd1564bf40f
[2025-06-26 10:09:53,932 I 2295487 2295487] (raylet) grpc_server.cc:141: NodeManager server started, listening on port 37511.
[2025-06-26 10:09:53,939 I 2295487 2295563] (raylet) agent_manager.cc:80: Monitor agent process with name dashboard_agent
[2025-06-26 10:09:53,940 I 2295487 2295487] (raylet) event.cc:500: Ray Event initialized for RAYLET
[2025-06-26 10:09:53,940 I 2295487 2295565] (raylet) agent_manager.cc:80: Monitor agent process with name runtime_env_agent
[2025-06-26 10:09:53,940 I 2295487 2295487] (raylet) event.cc:331: Set ray event level to warning
[2025-06-26 10:09:53,941 I 2295487 2295487] (raylet) raylet.cc:260: Raylet of id, 0c0d7ef72ab48ee13bf07252f795354802affc0abd5e1dd1564bf40f started. Raylet consists of node_manager and object_manager. node_manager address: 192.168.10.101:37511 object_manager address: 192.168.10.101:35565 hostname: vm-ubuntu1
[2025-06-26 10:09:53,943 I 2295487 2295487] (raylet) node_manager.cc:450: [state-dump] NodeManager:
[state-dump] Node ID: 0c0d7ef72ab48ee13bf07252f795354802affc0abd5e1dd1564bf40f
[state-dump] Node name: 192.168.10.101
[state-dump] InitialConfigResources: {memory: 1.97259e+11, CPU: 96, accelerator_type:G: 1, node:192.168.10.101: 1, node:__internal_head__: 1, GPU: 8, object_store_memory: 6.87195e+10}
[state-dump] ClusterTaskManager:
[state-dump] ========== Node: 0c0d7ef72ab48ee13bf07252f795354802affc0abd5e1dd1564bf40f =================
[state-dump] Infeasible queue length: 0
[state-dump] Schedule queue length: 0
[state-dump] Dispatch queue length: 0
[state-dump] num_waiting_for_resource: 0
[state-dump] num_waiting_for_plasma_memory: 0
[state-dump] num_waiting_for_remote_node_resources: 0
[state-dump] num_worker_not_started_by_job_config_not_exist: 0
[state-dump] num_worker_not_started_by_registration_timeout: 0
[state-dump] num_tasks_waiting_for_workers: 0
[state-dump] num_cancelled_tasks: 0
[state-dump] cluster_resource_scheduler state: 
[state-dump] Local id: 1689858060060685815 Local resources: {"total":{node:__internal_head__: [10000], CPU: [960000], memory: [1972586700800000], GPU: [10000, 10000, 10000, 10000, 10000, 10000, 10000, 10000], node:192.168.10.101: [10000], accelerator_type:G: [10000], object_store_memory: [687194767360000]}}, "available": {node:192.168.10.101: [10000], accelerator_type:G: [10000], object_store_memory: [687194767360000], memory: [1972586700800000], node:__internal_head__: [10000], CPU: [960000], GPU: [10000, 10000, 10000, 10000, 10000, 10000, 10000, 10000]}}, "labels":{"ray.io/node_id":"0c0d7ef72ab48ee13bf07252f795354802affc0abd5e1dd1564bf40f",} is_draining: 0 is_idle: 1 Cluster resources (at most 20 nodes are shown): node id: 1689858060060685815{"total":{CPU: 960000, node:__internal_head__: 10000, accelerator_type:G: 10000, memory: 1972586700800000, node:192.168.10.101: 10000, GPU: 80000, object_store_memory: 687194767360000}}, "available": {node:__internal_head__: 10000, memory: 1972586700800000, node:192.168.10.101: 10000, accelerator_type:G: 10000, GPU: 80000, object_store_memory: 687194767360000, CPU: 960000}}, "labels":{"ray.io/node_id":"0c0d7ef72ab48ee13bf07252f795354802affc0abd5e1dd1564bf40f",}, "is_draining": 0, "draining_deadline_timestamp_ms": -1} { "placement group locations": [], "node to bundles": []}
[state-dump] Waiting tasks size: 0
[state-dump] Number of executing tasks: 0
[state-dump] Number of pinned task arguments: 0
[state-dump] Number of total spilled tasks: 0
[state-dump] Number of spilled waiting tasks: 0
[state-dump] Number of spilled unschedulable tasks: 0
[state-dump] Resource usage {
[state-dump] }
[state-dump] Backlog Size per scheduling descriptor :{workerId: num backlogs}:
[state-dump] 
[state-dump] Running tasks by scheduling class:
[state-dump] ==================================================
[state-dump] 
[state-dump] ClusterResources:
[state-dump] LocalObjectManager:
[state-dump] - num pinned objects: 0
[state-dump] - pinned objects size: 0
[state-dump] - num objects pending restore: 0
[state-dump] - num objects pending spill: 0
[state-dump] - num bytes pending spill: 0
[state-dump] - num bytes currently spilled: 0
[state-dump] - cumulative spill requests: 0
[state-dump] - cumulative restore requests: 0
[state-dump] - spilled objects pending delete: 0
[state-dump] 
[state-dump] ObjectManager:
[state-dump] - num local objects: 0
[state-dump] - num unfulfilled push requests: 0
[state-dump] - num object pull requests: 0
[state-dump] - num chunks received total: 0
[state-dump] - num chunks received failed (all): 0
[state-dump] - num chunks received failed / cancelled: 0
[state-dump] - num chunks received failed / plasma error: 0
[state-dump] Event stats:
[state-dump] Global stats: 0 total (0 active)
[state-dump] Queueing time: mean = -nan s, max = -0.000 s, min = 9223372036.855 s, total = 0.000 s
[state-dump] Execution time:  mean = -nan s, total = 0.000 s
[state-dump] Event stats:
[state-dump] PushManager:
[state-dump] - num pushes in flight: 0
[state-dump] - num chunks in flight: 0
[state-dump] - num chunks remaining: 0
[state-dump] - max chunks allowed: 409
[state-dump] OwnershipBasedObjectDirectory:
[state-dump] - num listeners: 0
[state-dump] - cumulative location updates: 0
[state-dump] - num location updates per second: 0.000
[state-dump] - num location lookups per second: 0.000
[state-dump] - num locations added per second: 0.000
[state-dump] - num locations removed per second: 0.000
[state-dump] BufferPool:
[state-dump] - create buffer state map size: 0
[state-dump] PullManager:
[state-dump] - num bytes available for pulled objects: 68719476736
[state-dump] - num bytes being pulled (all): 0
[state-dump] - num bytes being pulled / pinned: 0
[state-dump] - get request bundles: BundlePullRequestQueue{0 total, 0 active, 0 inactive, 0 unpullable}
[state-dump] - wait request bundles: BundlePullRequestQueue{0 total, 0 active, 0 inactive, 0 unpullable}
[state-dump] - task request bundles: BundlePullRequestQueue{0 total, 0 active, 0 inactive, 0 unpullable}
[state-dump] - first get request bundle: N/A
[state-dump] - first wait request bundle: N/A
[state-dump] - first task request bundle: N/A
[state-dump] - num objects queued: 0
[state-dump] - num objects actively pulled (all): 0
[state-dump] - num objects actively pulled / pinned: 0
[state-dump] - num bundles being pulled: 0
[state-dump] - num pull retries: 0
[state-dump] - max timeout seconds: 0
[state-dump] - max timeout request is already processed. No entry.
[state-dump] 
[state-dump] WorkerPool:
[state-dump] - registered jobs: 0
[state-dump] - process_failed_job_config_missing: 0
[state-dump] - process_failed_rate_limited: 0
[state-dump] - process_failed_pending_registration: 0
[state-dump] - process_failed_runtime_env_setup_failed: 0
[state-dump] - num PYTHON workers: 0
[state-dump] - num PYTHON drivers: 0
[state-dump] - num PYTHON pending start requests: 0
[state-dump] - num PYTHON pending registration requests: 0
[state-dump] - num object spill callbacks queued: 0
[state-dump] - num object restore queued: 0
[state-dump] - num util functions queued: 0
[state-dump] - num JAVA workers: 0
[state-dump] - num JAVA drivers: 0
[state-dump] - num JAVA pending start requests: 0
[state-dump] - num JAVA pending registration requests: 0
[state-dump] - num object spill callbacks queued: 0
[state-dump] - num object restore queued: 0
[state-dump] - num util functions queued: 0
[state-dump] - num idle workers: 0
[state-dump] TaskDependencyManager:
[state-dump] - task deps map size: 0
[state-dump] - get req map size: 0
[state-dump] - wait req map size: 0
[state-dump] - local objects map size: 0
[state-dump] WaitManager:
[state-dump] - num active wait requests: 0
[state-dump] Subscriber:
[state-dump] Channel WORKER_OBJECT_LOCATIONS_CHANNEL
[state-dump] - cumulative subscribe requests: 0
[state-dump] - cumulative unsubscribe requests: 0
[state-dump] - active subscribed publishers: 0
[state-dump] - cumulative published messages: 0
[state-dump] - cumulative processed messages: 0
[state-dump] Channel WORKER_OBJECT_EVICTION
[state-dump] - cumulative subscribe requests: 0
[state-dump] - cumulative unsubscribe requests: 0
[state-dump] - active subscribed publishers: 0
[state-dump] - cumulative published messages: 0
[state-dump] - cumulative processed messages: 0
[state-dump] Channel WORKER_REF_REMOVED_CHANNEL
[state-dump] - cumulative subscribe requests: 0
[state-dump] - cumulative unsubscribe requests: 0
[state-dump] - active subscribed publishers: 0
[state-dump] - cumulative published messages: 0
[state-dump] - cumulative processed messages: 0
[state-dump] num async plasma notifications: 0
[state-dump] Event stats:
[state-dump] Global stats: 29 total (14 active)
[state-dump] Queueing time: mean = 1.386 ms, max = 8.644 ms, min = 12.938 us, total = 40.187 ms
[state-dump] Execution time:  mean = 659.870 us, total = 19.136 ms
[state-dump] Event stats:
[state-dump] 	PeriodicalRunner.RunFnPeriodically - 12 total (2 active, 1 running), Execution time: mean = 140.920 us, total = 1.691 ms, Queueing time: mean = 3.344 ms, max = 8.644 ms, min = 39.739 us, total = 40.127 ms
[state-dump] 	NodeManager.CheckForUnexpectedWorkerDisconnects - 1 total (1 active), Execution time: mean = 0.000 s, total = 0.000 s, Queueing time: mean = 0.000 s, max = -0.000 s, min = 9223372036.855 s, total = 0.000 s
[state-dump] 	ClusterResourceManager.ResetRemoteNodeView - 1 total (1 active), Execution time: mean = 0.000 s, total = 0.000 s, Queueing time: mean = 0.000 s, max = -0.000 s, min = 9223372036.855 s, total = 0.000 s
[state-dump] 	ray::rpc::InternalPubSubGcsService.grpc_client.GcsSubscriberCommandBatch - 1 total (0 active), Execution time: mean = 590.395 us, total = 590.395 us, Queueing time: mean = 0.000 s, max = -0.000 s, min = 9223372036.855 s, total = 0.000 s
[state-dump] 	MemoryMonitor.CheckIsMemoryUsageAboveThreshold - 1 total (1 active), Execution time: mean = 0.000 s, total = 0.000 s, Queueing time: mean = 0.000 s, max = -0.000 s, min = 9223372036.855 s, total = 0.000 s
[state-dump] 	ray::rpc::InternalKVGcsService.grpc_client.GetInternalConfig - 1 total (0 active), Execution time: mean = 797.837 us, total = 797.837 us, Queueing time: mean = 0.000 s, max = -0.000 s, min = 9223372036.855 s, total = 0.000 s
[state-dump] 	ray::rpc::InternalKVGcsService.grpc_client.GetInternalConfig.OnReplyReceived - 1 total (0 active), Execution time: mean = 14.727 ms, total = 14.727 ms, Queueing time: mean = 12.938 us, max = 12.938 us, min = 12.938 us, total = 12.938 us
[state-dump] 	NodeManager.deadline_timer.spill_objects_when_over_threshold - 1 total (1 active), Execution time: mean = 0.000 s, total = 0.000 s, Queueing time: mean = 0.000 s, max = -0.000 s, min = 9223372036.855 s, total = 0.000 s
[state-dump] 	ray::rpc::InternalPubSubGcsService.grpc_client.GcsSubscriberPoll - 1 total (1 active), Execution time: mean = 0.000 s, total = 0.000 s, Queueing time: mean = 0.000 s, max = -0.000 s, min = 9223372036.855 s, total = 0.000 s
[state-dump] 	ray::rpc::NodeInfoGcsService.grpc_client.RegisterNode.OnReplyReceived - 1 total (0 active), Execution time: mean = 364.500 us, total = 364.500 us, Queueing time: mean = 46.296 us, max = 46.296 us, min = 46.296 us, total = 46.296 us
[state-dump] 	NodeManager.deadline_timer.flush_free_objects - 1 total (1 active), Execution time: mean = 0.000 s, total = 0.000 s, Queueing time: mean = 0.000 s, max = -0.000 s, min = 9223372036.855 s, total = 0.000 s
[state-dump] 	NodeManager.deadline_timer.record_metrics - 1 total (1 active), Execution time: mean = 0.000 s, total = 0.000 s, Queueing time: mean = 0.000 s, max = -0.000 s, min = 9223372036.855 s, total = 0.000 s
[state-dump] 	NodeManager.GCTaskFailureReason - 1 total (1 active), Execution time: mean = 0.000 s, total = 0.000 s, Queueing time: mean = 0.000 s, max = -0.000 s, min = 9223372036.855 s, total = 0.000 s
[state-dump] 	NodeManager.deadline_timer.debug_state_dump - 1 total (1 active), Execution time: mean = 0.000 s, total = 0.000 s, Queueing time: mean = 0.000 s, max = -0.000 s, min = 9223372036.855 s, total = 0.000 s
[state-dump] 	ray::rpc::InternalPubSubGcsService.grpc_client.GcsSubscriberCommandBatch.OnReplyReceived - 1 total (1 active), Execution time: mean = 0.000 s, total = 0.000 s, Queueing time: mean = 0.000 s, max = -0.000 s, min = 9223372036.855 s, total = 0.000 s
[state-dump] 	NodeManager.ScheduleAndDispatchTasks - 1 total (1 active), Execution time: mean = 0.000 s, total = 0.000 s, Queueing time: mean = 0.000 s, max = -0.000 s, min = 9223372036.855 s, total = 0.000 s
[state-dump] 	ray::rpc::NodeInfoGcsService.grpc_client.RegisterNode - 1 total (0 active), Execution time: mean = 965.100 us, total = 965.100 us, Queueing time: mean = 0.000 s, max = -0.000 s, min = 9223372036.855 s, total = 0.000 s
[state-dump] 	RayletWorkerPool.deadline_timer.kill_idle_workers - 1 total (1 active), Execution time: mean = 0.000 s, total = 0.000 s, Queueing time: mean = 0.000 s, max = -0.000 s, min = 9223372036.855 s, total = 0.000 s
[state-dump] DebugString() time ms: 0
[state-dump] 
[state-dump] 
[2025-06-26 10:09:53,944 I 2295487 2295487] (raylet) accessor.cc:768: Received notification for node, IsAlive = 1 node_id=0c0d7ef72ab48ee13bf07252f795354802affc0abd5e1dd1564bf40f
[2025-06-26 10:09:53,957 I 2295487 2295487] (raylet) worker_pool.cc:527: Started worker process with pid 2295604, the token is 0
[2025-06-26 10:09:53,959 I 2295487 2295487] (raylet) worker_pool.cc:527: Started worker process with pid 2295605, the token is 1
[2025-06-26 10:09:53,961 I 2295487 2295487] (raylet) worker_pool.cc:527: Started worker process with pid 2295606, the token is 2
[2025-06-26 10:09:53,964 I 2295487 2295487] (raylet) worker_pool.cc:527: Started worker process with pid 2295607, the token is 3
[2025-06-26 10:09:53,966 I 2295487 2295487] (raylet) worker_pool.cc:527: Started worker process with pid 2295608, the token is 4
[2025-06-26 10:09:53,968 I 2295487 2295487] (raylet) worker_pool.cc:527: Started worker process with pid 2295609, the token is 5
[2025-06-26 10:09:53,970 I 2295487 2295487] (raylet) worker_pool.cc:527: Started worker process with pid 2295610, the token is 6
[2025-06-26 10:09:53,973 I 2295487 2295487] (raylet) worker_pool.cc:527: Started worker process with pid 2295611, the token is 7
[2025-06-26 10:09:53,975 I 2295487 2295487] (raylet) worker_pool.cc:527: Started worker process with pid 2295612, the token is 8
[2025-06-26 10:09:53,977 I 2295487 2295487] (raylet) worker_pool.cc:527: Started worker process with pid 2295613, the token is 9
[2025-06-26 10:09:53,979 I 2295487 2295487] (raylet) worker_pool.cc:527: Started worker process with pid 2295614, the token is 10
[2025-06-26 10:09:53,981 I 2295487 2295487] (raylet) worker_pool.cc:527: Started worker process with pid 2295615, the token is 11
[2025-06-26 10:09:53,984 I 2295487 2295487] (raylet) worker_pool.cc:527: Started worker process with pid 2295616, the token is 12
[2025-06-26 10:09:53,986 I 2295487 2295487] (raylet) worker_pool.cc:527: Started worker process with pid 2295617, the token is 13
[2025-06-26 10:09:53,988 I 2295487 2295487] (raylet) worker_pool.cc:527: Started worker process with pid 2295618, the token is 14
[2025-06-26 10:09:53,990 I 2295487 2295487] (raylet) worker_pool.cc:527: Started worker process with pid 2295619, the token is 15
[2025-06-26 10:09:53,993 I 2295487 2295487] (raylet) worker_pool.cc:527: Started worker process with pid 2295620, the token is 16
[2025-06-26 10:09:53,995 I 2295487 2295487] (raylet) worker_pool.cc:527: Started worker process with pid 2295621, the token is 17
[2025-06-26 10:09:53,997 I 2295487 2295487] (raylet) worker_pool.cc:527: Started worker process with pid 2295622, the token is 18
[2025-06-26 10:09:53,999 I 2295487 2295487] (raylet) worker_pool.cc:527: Started worker process with pid 2295623, the token is 19
[2025-06-26 10:09:54,001 I 2295487 2295487] (raylet) worker_pool.cc:527: Started worker process with pid 2295624, the token is 20
[2025-06-26 10:09:54,004 I 2295487 2295487] (raylet) worker_pool.cc:527: Started worker process with pid 2295625, the token is 21
[2025-06-26 10:09:54,006 I 2295487 2295487] (raylet) worker_pool.cc:527: Started worker process with pid 2295626, the token is 22
[2025-06-26 10:09:54,009 I 2295487 2295487] (raylet) worker_pool.cc:527: Started worker process with pid 2295627, the token is 23
[2025-06-26 10:09:54,011 I 2295487 2295487] (raylet) worker_pool.cc:527: Started worker process with pid 2295628, the token is 24
[2025-06-26 10:09:54,013 I 2295487 2295487] (raylet) worker_pool.cc:527: Started worker process with pid 2295629, the token is 25
[2025-06-26 10:09:54,016 I 2295487 2295487] (raylet) worker_pool.cc:527: Started worker process with pid 2295630, the token is 26
[2025-06-26 10:09:54,018 I 2295487 2295487] (raylet) worker_pool.cc:527: Started worker process with pid 2295631, the token is 27
[2025-06-26 10:09:54,021 I 2295487 2295487] (raylet) worker_pool.cc:527: Started worker process with pid 2295632, the token is 28
[2025-06-26 10:09:54,023 I 2295487 2295487] (raylet) worker_pool.cc:527: Started worker process with pid 2295633, the token is 29
[2025-06-26 10:09:54,025 I 2295487 2295487] (raylet) worker_pool.cc:527: Started worker process with pid 2295634, the token is 30
[2025-06-26 10:09:54,029 I 2295487 2295487] (raylet) worker_pool.cc:527: Started worker process with pid 2295635, the token is 31
[2025-06-26 10:09:54,032 I 2295487 2295487] (raylet) worker_pool.cc:527: Started worker process with pid 2295636, the token is 32
[2025-06-26 10:09:54,034 I 2295487 2295487] (raylet) worker_pool.cc:527: Started worker process with pid 2295637, the token is 33
[2025-06-26 10:09:54,037 I 2295487 2295487] (raylet) worker_pool.cc:527: Started worker process with pid 2295638, the token is 34
[2025-06-26 10:09:54,040 I 2295487 2295487] (raylet) worker_pool.cc:527: Started worker process with pid 2295639, the token is 35
[2025-06-26 10:09:54,043 I 2295487 2295487] (raylet) worker_pool.cc:527: Started worker process with pid 2295641, the token is 36
[2025-06-26 10:09:54,046 I 2295487 2295487] (raylet) worker_pool.cc:527: Started worker process with pid 2295642, the token is 37
[2025-06-26 10:09:54,049 I 2295487 2295487] (raylet) worker_pool.cc:527: Started worker process with pid 2295643, the token is 38
[2025-06-26 10:09:54,052 I 2295487 2295487] (raylet) worker_pool.cc:527: Started worker process with pid 2295644, the token is 39
[2025-06-26 10:09:54,055 I 2295487 2295487] (raylet) worker_pool.cc:527: Started worker process with pid 2295645, the token is 40
[2025-06-26 10:09:54,058 I 2295487 2295487] (raylet) worker_pool.cc:527: Started worker process with pid 2295646, the token is 41
[2025-06-26 10:09:54,061 I 2295487 2295487] (raylet) worker_pool.cc:527: Started worker process with pid 2295648, the token is 42
[2025-06-26 10:09:54,064 I 2295487 2295487] (raylet) worker_pool.cc:527: Started worker process with pid 2295649, the token is 43
[2025-06-26 10:09:54,067 I 2295487 2295487] (raylet) worker_pool.cc:527: Started worker process with pid 2295650, the token is 44
[2025-06-26 10:09:54,070 I 2295487 2295487] (raylet) worker_pool.cc:527: Started worker process with pid 2295651, the token is 45
[2025-06-26 10:09:54,073 I 2295487 2295487] (raylet) worker_pool.cc:527: Started worker process with pid 2295652, the token is 46
[2025-06-26 10:09:54,077 I 2295487 2295487] (raylet) worker_pool.cc:527: Started worker process with pid 2295654, the token is 47
[2025-06-26 10:09:54,080 I 2295487 2295487] (raylet) worker_pool.cc:527: Started worker process with pid 2295655, the token is 48
[2025-06-26 10:09:54,083 I 2295487 2295487] (raylet) worker_pool.cc:527: Started worker process with pid 2295656, the token is 49
[2025-06-26 10:09:54,086 I 2295487 2295487] (raylet) worker_pool.cc:527: Started worker process with pid 2295657, the token is 50
[2025-06-26 10:09:54,090 I 2295487 2295487] (raylet) worker_pool.cc:527: Started worker process with pid 2295659, the token is 51
[2025-06-26 10:09:54,093 I 2295487 2295487] (raylet) worker_pool.cc:527: Started worker process with pid 2295660, the token is 52
[2025-06-26 10:09:54,096 I 2295487 2295487] (raylet) worker_pool.cc:527: Started worker process with pid 2295661, the token is 53
[2025-06-26 10:09:54,100 I 2295487 2295487] (raylet) worker_pool.cc:527: Started worker process with pid 2295662, the token is 54
[2025-06-26 10:09:54,103 I 2295487 2295487] (raylet) worker_pool.cc:527: Started worker process with pid 2295663, the token is 55
[2025-06-26 10:09:54,106 I 2295487 2295487] (raylet) worker_pool.cc:527: Started worker process with pid 2295664, the token is 56
[2025-06-26 10:09:54,109 I 2295487 2295487] (raylet) worker_pool.cc:527: Started worker process with pid 2295665, the token is 57
[2025-06-26 10:09:54,112 I 2295487 2295487] (raylet) worker_pool.cc:527: Started worker process with pid 2295666, the token is 58
[2025-06-26 10:09:54,116 I 2295487 2295487] (raylet) worker_pool.cc:527: Started worker process with pid 2295667, the token is 59
[2025-06-26 10:09:54,119 I 2295487 2295487] (raylet) worker_pool.cc:527: Started worker process with pid 2295668, the token is 60
[2025-06-26 10:09:54,123 I 2295487 2295487] (raylet) worker_pool.cc:527: Started worker process with pid 2295669, the token is 61
[2025-06-26 10:09:54,127 I 2295487 2295487] (raylet) worker_pool.cc:527: Started worker process with pid 2295670, the token is 62
[2025-06-26 10:09:54,130 I 2295487 2295487] (raylet) worker_pool.cc:527: Started worker process with pid 2295671, the token is 63
[2025-06-26 10:09:54,134 I 2295487 2295487] (raylet) worker_pool.cc:527: Started worker process with pid 2295672, the token is 64
[2025-06-26 10:09:54,138 I 2295487 2295487] (raylet) worker_pool.cc:527: Started worker process with pid 2295673, the token is 65
[2025-06-26 10:09:54,141 I 2295487 2295487] (raylet) worker_pool.cc:527: Started worker process with pid 2295674, the token is 66
[2025-06-26 10:09:54,145 I 2295487 2295487] (raylet) worker_pool.cc:527: Started worker process with pid 2295675, the token is 67
[2025-06-26 10:09:54,149 I 2295487 2295487] (raylet) worker_pool.cc:527: Started worker process with pid 2295676, the token is 68
[2025-06-26 10:09:54,152 I 2295487 2295487] (raylet) worker_pool.cc:527: Started worker process with pid 2295677, the token is 69
[2025-06-26 10:09:54,156 I 2295487 2295487] (raylet) worker_pool.cc:527: Started worker process with pid 2295678, the token is 70
[2025-06-26 10:09:54,159 I 2295487 2295487] (raylet) worker_pool.cc:527: Started worker process with pid 2295679, the token is 71
[2025-06-26 10:09:54,163 I 2295487 2295487] (raylet) worker_pool.cc:527: Started worker process with pid 2295680, the token is 72
[2025-06-26 10:09:54,166 I 2295487 2295487] (raylet) worker_pool.cc:527: Started worker process with pid 2295681, the token is 73
[2025-06-26 10:09:54,170 I 2295487 2295487] (raylet) worker_pool.cc:527: Started worker process with pid 2295682, the token is 74
[2025-06-26 10:09:54,174 I 2295487 2295487] (raylet) worker_pool.cc:527: Started worker process with pid 2295683, the token is 75
[2025-06-26 10:09:54,177 I 2295487 2295487] (raylet) worker_pool.cc:527: Started worker process with pid 2295684, the token is 76
[2025-06-26 10:09:54,181 I 2295487 2295487] (raylet) worker_pool.cc:527: Started worker process with pid 2295685, the token is 77
[2025-06-26 10:09:54,185 I 2295487 2295487] (raylet) worker_pool.cc:527: Started worker process with pid 2295686, the token is 78
[2025-06-26 10:09:54,190 I 2295487 2295487] (raylet) worker_pool.cc:527: Started worker process with pid 2295687, the token is 79
[2025-06-26 10:09:54,195 I 2295487 2295487] (raylet) worker_pool.cc:527: Started worker process with pid 2295689, the token is 80
[2025-06-26 10:09:54,199 I 2295487 2295487] (raylet) worker_pool.cc:527: Started worker process with pid 2295690, the token is 81
[2025-06-26 10:09:54,217 I 2295487 2295487] (raylet) worker_pool.cc:527: Started worker process with pid 2295693, the token is 82
[2025-06-26 10:09:54,221 I 2295487 2295487] (raylet) worker_pool.cc:527: Started worker process with pid 2295694, the token is 83
[2025-06-26 10:09:54,224 I 2295487 2295487] (raylet) worker_pool.cc:527: Started worker process with pid 2295695, the token is 84
[2025-06-26 10:09:54,229 I 2295487 2295487] (raylet) worker_pool.cc:527: Started worker process with pid 2295697, the token is 85
[2025-06-26 10:09:54,233 I 2295487 2295487] (raylet) worker_pool.cc:527: Started worker process with pid 2295698, the token is 86
[2025-06-26 10:09:54,237 I 2295487 2295487] (raylet) worker_pool.cc:527: Started worker process with pid 2295699, the token is 87
[2025-06-26 10:09:54,241 I 2295487 2295487] (raylet) worker_pool.cc:527: Started worker process with pid 2295700, the token is 88
[2025-06-26 10:09:54,245 I 2295487 2295487] (raylet) worker_pool.cc:527: Started worker process with pid 2295701, the token is 89
[2025-06-26 10:09:54,249 I 2295487 2295487] (raylet) worker_pool.cc:527: Started worker process with pid 2295702, the token is 90
[2025-06-26 10:09:54,253 I 2295487 2295487] (raylet) worker_pool.cc:527: Started worker process with pid 2295703, the token is 91
[2025-06-26 10:09:54,258 I 2295487 2295487] (raylet) worker_pool.cc:527: Started worker process with pid 2295704, the token is 92
[2025-06-26 10:09:54,262 I 2295487 2295487] (raylet) worker_pool.cc:527: Started worker process with pid 2295705, the token is 93
[2025-06-26 10:09:54,266 I 2295487 2295487] (raylet) worker_pool.cc:527: Started worker process with pid 2295706, the token is 94
[2025-06-26 10:09:54,270 I 2295487 2295487] (raylet) worker_pool.cc:527: Started worker process with pid 2295707, the token is 95
[2025-06-26 10:09:54,370 I 2295487 2295516] (raylet) object_store.cc:38: Object store current usage 8e-09 / 68.7195 GB.
[2025-06-26 10:09:54,977 I 2295487 2295487] (raylet) worker_pool.cc:724: Job 01000000 already started in worker pool.
[2025-06-26 10:09:59,024 W 2295487 2295487] (raylet) memory_monitor.cc:198: Got negative used memory for cgroup -1, setting it to zero
[2025-06-26 10:10:03,939 W 2295487 2295510] (raylet) metric_exporter.cc:105: [1] Export metrics to agent failed: RpcError: RPC Error message: failed to connect to all addresses; last error: UNKNOWN: ipv4:127.0.0.1:55239: Failed to connect to remote host: Connection refused; RPC Error details:  rpc_code: 14. This won't affect Ray, but you can lose metrics from the cluster.
[2025-06-26 10:10:04,026 W 2295487 2295487] (raylet) memory_monitor.cc:198: Got negative used memory for cgroup -1, setting it to zero
[2025-06-26 10:10:06,875 I 2295487 2295487] (raylet) node_manager.cc:1523: Disconnecting client, graceful=true, disconnect_type=1, has_creation_task_exception=false worker_id=2887192a611a85111b3eed5c0d8c9640a4d4b24ee44f2d9de3febf02
[2025-06-26 10:10:06,875 I 2295487 2295487] (raylet) node_manager.cc:1523: Disconnecting client, graceful=true, disconnect_type=1, has_creation_task_exception=false worker_id=f7150eebdd2cc654384a193b39b2f3a6d1bc985cf59959c3577d5b60
[2025-06-26 10:10:06,876 I 2295487 2295487] (raylet) node_manager.cc:1523: Disconnecting client, graceful=true, disconnect_type=1, has_creation_task_exception=false worker_id=922d44d14dab391a6c943c5278663e45c18de3a2950f9e1a809bb1f7
[2025-06-26 10:10:06,877 I 2295487 2295487] (raylet) node_manager.cc:1523: Disconnecting client, graceful=true, disconnect_type=1, has_creation_task_exception=false worker_id=249a2d3a752516db94e616c24a52febaf719cabd26a41771fb2435e0
[2025-06-26 10:10:06,877 I 2295487 2295487] (raylet) node_manager.cc:1523: Disconnecting client, graceful=true, disconnect_type=1, has_creation_task_exception=false worker_id=24e01c9081188a4df87aae7255135a5ea56a0fd4232439b824c5db6c
[2025-06-26 10:10:06,877 I 2295487 2295487] (raylet) node_manager.cc:1523: Disconnecting client, graceful=true, disconnect_type=1, has_creation_task_exception=false worker_id=e1d058bd9cadd0e8077449eecc7584896912da5f63be2507b8eddadc
[2025-06-26 10:10:06,877 I 2295487 2295487] (raylet) node_manager.cc:1523: Disconnecting client, graceful=true, disconnect_type=1, has_creation_task_exception=false worker_id=de77613dc11ad41d7bace72c52d2aaa7e065d34ed7a78353d0411748
[2025-06-26 10:10:06,880 I 2295487 2295487] (raylet) node_manager.cc:1523: Disconnecting client, graceful=true, disconnect_type=3, has_creation_task_exception=false worker_id=01000000ffffffffffffffffffffffffffffffffffffffffffffffff
[2025-06-26 10:10:06,880 I 2295487 2295487] (raylet) node_manager.cc:1615: Driver (pid=2295038) is disconnected. worker_id=01000000ffffffffffffffffffffffffffffffffffffffffffffffff job_id=01000000
[2025-06-26 10:10:06,881 I 2295487 2295487] (raylet) node_manager.cc:1018: The leased worker 68018bd6ab1bdfde6c91d566080fed3eca0620700f6d3cac886b8b22 is killed because the owner process 01000000ffffffffffffffffffffffffffffffffffffffffffffffff died.
[2025-06-26 10:10:06,882 I 2295487 2295487] (raylet) worker_pool.cc:724: Job 01000000 already started in worker pool.
[2025-06-26 10:10:06,882 I 2295487 2295487] (raylet) node_manager.cc:559: The leased worker  is killed because the job 01000000 finished. worker_id=68018bd6ab1bdfde6c91d566080fed3eca0620700f6d3cac886b8b22
[2025-06-26 10:10:06,883 W 2295487 2295516] (raylet) store.cc:368: Disconnecting client due to connection error with code 2: End of file
[2025-06-26 10:10:06,897 I 2295487 2295487] (raylet) node_manager.cc:1523: Disconnecting client, graceful=true, disconnect_type=1, has_creation_task_exception=false worker_id=68018bd6ab1bdfde6c91d566080fed3eca0620700f6d3cac886b8b22
[2025-06-26 10:10:06,920 W 2295487 2295516] (raylet) store.cc:368: Disconnecting client due to connection error with code 2: End of file
[2025-06-26 10:10:06,920 W 2295487 2295516] (raylet) store.cc:368: Disconnecting client due to connection error with code 2: End of file
[2025-06-26 10:10:06,922 W 2295487 2295516] (raylet) store.cc:368: Disconnecting client due to connection error with code 2: End of file
[2025-06-26 10:10:06,923 W 2295487 2295516] (raylet) store.cc:368: Disconnecting client due to connection error with code 2: End of file
[2025-06-26 10:10:06,924 W 2295487 2295516] (raylet) store.cc:368: Disconnecting client due to connection error with code 2: End of file
[2025-06-26 10:10:06,926 W 2295487 2295516] (raylet) store.cc:368: Disconnecting client due to connection error with code 2: End of file
[2025-06-26 10:10:06,927 W 2295487 2295516] (raylet) store.cc:368: Disconnecting client due to connection error with code 2: End of file
[2025-06-26 10:10:06,931 W 2295487 2295487] (raylet) node_manager.cc:567: Failed to send exit request to worker : RpcError: RPC Error message: Socket closed; RPC Error details:  rpc_code: 14. Killing it using SIGKILL instead. worker_id=68018bd6ab1bdfde6c91d566080fed3eca0620700f6d3cac886b8b22
[2025-06-26 10:10:06,931 W 2295487 2295516] (raylet) store.cc:368: Disconnecting client due to connection error with code 2: End of file
[2025-06-26 10:10:06,967 I 2295487 2295487] (raylet) main.cc:504: received SIGTERM. Existing local drain request = None
[2025-06-26 10:10:06,967 I 2295487 2295487] (raylet) main.cc:307: Raylet graceful shutdown triggered, reason = EXPECTED_TERMINATION, reason message = received SIGTERM
[2025-06-26 10:10:06,967 I 2295487 2295487] (raylet) main.cc:310: Shutting down...
[2025-06-26 10:10:06,967 I 2295487 2295487] (raylet) accessor.cc:518: Unregistering node node_id=0c0d7ef72ab48ee13bf07252f795354802affc0abd5e1dd1564bf40f
[2025-06-26 10:10:06,968 I 2295487 2295487] (raylet) accessor.cc:531: Finished unregistering node info, status = OK node_id=0c0d7ef72ab48ee13bf07252f795354802affc0abd5e1dd1564bf40f
[2025-06-26 10:10:06,968 W 2295487 2295516] (raylet) store.cc:368: Disconnecting client due to connection error with code 2: End of file
[2025-06-26 10:10:06,971 I 2295487 2295487] (raylet) agent_manager.cc:115: Killing agent dashboard_agent, pid 2295562.
[2025-06-26 10:10:06,976 I 2295487 2295563] (raylet) agent_manager.cc:82: Agent process with name dashboard_agent exited, exit code 0.
[2025-06-26 10:10:06,976 I 2295487 2295487] (raylet) agent_manager.cc:115: Killing agent runtime_env_agent, pid 2295564.
[2025-06-26 10:10:06,981 I 2295487 2295565] (raylet) agent_manager.cc:82: Agent process with name runtime_env_agent exited, exit code 0.
[2025-06-26 10:10:06,982 I 2295487 2295487] (raylet) io_service_pool.cc:48: IOServicePool is stopped.
[2025-06-26 10:10:07,042 I 2295487 2295487] (raylet) stats.h:120: Stats module has shutdown.
