[2025-06-26 10:04:16,748 I 2265017 2265017] (raylet) main.cc:226: Setting cluster ID to: fd6d71ea50280f647295f880398baa8d8e32996a2f9238c1bcfea684
[2025-06-26 10:04:16,754 I 2265017 2265017] (raylet) main.cc:341: Raylet is not set to kill unknown children.
[2025-06-26 10:04:16,754 I 2265017 2265017] (raylet) io_service_pool.cc:36: IOServicePool is running with 1 io_service.
[2025-06-26 10:04:16,755 I 2265017 2265017] (raylet) main.cc:469: Setting node ID node_id=677dde86915a2f9ed3d19493574e8eaca728a151ddcd4619d5047d09
[2025-06-26 10:04:16,755 I 2265017 2265017] (raylet) store_runner.cc:50: Allowing the Plasma store to use up to 68.7195GB of memory.
[2025-06-26 10:04:16,755 I 2265017 2265017] (raylet) store_runner.cc:66: Starting object store with directory /dev/shm, fallback /home/shuzuan/prj/ComfyUI-xDit/ray_temp/session_2025-06-26_10-04-15_634755_2264583, and huge page support disabled
[2025-06-26 10:04:16,755 I 2265017 2265046] (raylet) dlmalloc.cc:324: Setting dlmalloc config: plasma_directory=/dev/shm, fallback_directory=/home/shuzuan/prj/ComfyUI-xDit/ray_temp/session_2025-06-26_10-04-15_634755_2264583, hugepage_enabled=0, fallback_enabled=1
[2025-06-26 10:04:16,755 I 2265017 2265046] (raylet) dlmalloc.cc:153: create_and_mmap_buffer(68719476744, /dev/shm/plasmaXXXXXX)
[2025-06-26 10:04:16,756 I 2265017 2265046] (raylet) store.cc:576: Plasma store debug dump: 
Current usage: 0 / 68.7195 GB
- num bytes created total: 0
0 pending objects of total size 0MB
- objects spillable: 0
- bytes spillable: 0
- objects unsealed: 0
- bytes unsealed: 0
- objects in use: 0
- bytes in use: 0
- objects evictable: 0
- bytes evictable: 0

- objects created by worker: 0
- bytes created by worker: 0
- objects restored: 0
- bytes restored: 0
- objects received: 0
- bytes received: 0
- objects errored: 0
- bytes errored: 0

[2025-06-26 10:04:16,758 I 2265017 2265017] (raylet) grpc_server.cc:141: ObjectManager server started, listening on port 43455.
[2025-06-26 10:04:16,761 I 2265017 2265017] (raylet) worker_killing_policy.cc:107: Running GroupByOwner policy.
[2025-06-26 10:04:16,761 W 2265017 2265017] (raylet) memory_monitor.cc:198: Got negative used memory for cgroup -1, setting it to zero
[2025-06-26 10:04:16,761 I 2265017 2265017] (raylet) memory_monitor.cc:48: MemoryMonitor initialized with usage threshold at 256695140352 bytes (0.95 system memory), total system memory bytes: 270205427712
[2025-06-26 10:04:16,761 I 2265017 2265017] (raylet) node_manager.cc:227: Initializing NodeManager node_id=677dde86915a2f9ed3d19493574e8eaca728a151ddcd4619d5047d09
[2025-06-26 10:04:16,761 I 2265017 2265017] (raylet) grpc_server.cc:141: NodeManager server started, listening on port 42615.
[2025-06-26 10:04:16,767 I 2265017 2265094] (raylet) agent_manager.cc:80: Monitor agent process with name dashboard_agent
[2025-06-26 10:04:16,770 I 2265017 2265096] (raylet) agent_manager.cc:80: Monitor agent process with name runtime_env_agent
[2025-06-26 10:04:16,770 I 2265017 2265017] (raylet) event.cc:500: Ray Event initialized for RAYLET
[2025-06-26 10:04:16,770 I 2265017 2265017] (raylet) event.cc:331: Set ray event level to warning
[2025-06-26 10:04:16,771 I 2265017 2265017] (raylet) raylet.cc:260: Raylet of id, 677dde86915a2f9ed3d19493574e8eaca728a151ddcd4619d5047d09 started. Raylet consists of node_manager and object_manager. node_manager address: 192.168.10.101:42615 object_manager address: 192.168.10.101:43455 hostname: vm-ubuntu1
[2025-06-26 10:04:16,773 I 2265017 2265017] (raylet) node_manager.cc:450: [state-dump] NodeManager:
[state-dump] Node ID: 677dde86915a2f9ed3d19493574e8eaca728a151ddcd4619d5047d09
[state-dump] Node name: 192.168.10.101
[state-dump] InitialConfigResources: {node:192.168.10.101: 1, GPU: 8, object_store_memory: 6.87195e+10, CPU: 96, node:__internal_head__: 1, memory: 1.97315e+11, accelerator_type:G: 1}
[state-dump] ClusterTaskManager:
[state-dump] ========== Node: 677dde86915a2f9ed3d19493574e8eaca728a151ddcd4619d5047d09 =================
[state-dump] Infeasible queue length: 0
[state-dump] Schedule queue length: 0
[state-dump] Dispatch queue length: 0
[state-dump] num_waiting_for_resource: 0
[state-dump] num_waiting_for_plasma_memory: 0
[state-dump] num_waiting_for_remote_node_resources: 0
[state-dump] num_worker_not_started_by_job_config_not_exist: 0
[state-dump] num_worker_not_started_by_registration_timeout: 0
[state-dump] num_tasks_waiting_for_workers: 0
[state-dump] num_cancelled_tasks: 0
[state-dump] cluster_resource_scheduler state: 
[state-dump] Local id: -8409721986155187555 Local resources: {"total":{node:192.168.10.101: [10000], accelerator_type:G: [10000], object_store_memory: [687194767360000], memory: [1973151662080000], node:__internal_head__: [10000], CPU: [960000], GPU: [10000, 10000, 10000, 10000, 10000, 10000, 10000, 10000]}}, "available": {node:__internal_head__: [10000], CPU: [960000], memory: [1973151662080000], GPU: [10000, 10000, 10000, 10000, 10000, 10000, 10000, 10000], node:192.168.10.101: [10000], accelerator_type:G: [10000], object_store_memory: [687194767360000]}}, "labels":{"ray.io/node_id":"677dde86915a2f9ed3d19493574e8eaca728a151ddcd4619d5047d09",} is_draining: 0 is_idle: 1 Cluster resources (at most 20 nodes are shown): node id: -8409721986155187555{"total":{node:192.168.10.101: 10000, GPU: 80000, object_store_memory: 687194767360000, CPU: 960000, memory: 1973151662080000, node:__internal_head__: 10000, accelerator_type:G: 10000}}, "available": {GPU: 80000, accelerator_type:G: 10000, node:__internal_head__: 10000, object_store_memory: 687194767360000, CPU: 960000, memory: 1973151662080000, node:192.168.10.101: 10000}}, "labels":{"ray.io/node_id":"677dde86915a2f9ed3d19493574e8eaca728a151ddcd4619d5047d09",}, "is_draining": 0, "draining_deadline_timestamp_ms": -1} { "placement group locations": [], "node to bundles": []}
[state-dump] Waiting tasks size: 0
[state-dump] Number of executing tasks: 0
[state-dump] Number of pinned task arguments: 0
[state-dump] Number of total spilled tasks: 0
[state-dump] Number of spilled waiting tasks: 0
[state-dump] Number of spilled unschedulable tasks: 0
[state-dump] Resource usage {
[state-dump] }
[state-dump] Backlog Size per scheduling descriptor :{workerId: num backlogs}:
[state-dump] 
[state-dump] Running tasks by scheduling class:
[state-dump] ==================================================
[state-dump] 
[state-dump] ClusterResources:
[state-dump] LocalObjectManager:
[state-dump] - num pinned objects: 0
[state-dump] - pinned objects size: 0
[state-dump] - num objects pending restore: 0
[state-dump] - num objects pending spill: 0
[state-dump] - num bytes pending spill: 0
[state-dump] - num bytes currently spilled: 0
[state-dump] - cumulative spill requests: 0
[state-dump] - cumulative restore requests: 0
[state-dump] - spilled objects pending delete: 0
[state-dump] 
[state-dump] ObjectManager:
[state-dump] - num local objects: 0
[state-dump] - num unfulfilled push requests: 0
[state-dump] - num object pull requests: 0
[state-dump] - num chunks received total: 0
[state-dump] - num chunks received failed (all): 0
[state-dump] - num chunks received failed / cancelled: 0
[state-dump] - num chunks received failed / plasma error: 0
[state-dump] Event stats:
[state-dump] Global stats: 0 total (0 active)
[state-dump] Queueing time: mean = -nan s, max = -0.000 s, min = 9223372036.855 s, total = 0.000 s
[state-dump] Execution time:  mean = -nan s, total = 0.000 s
[state-dump] Event stats:
[state-dump] PushManager:
[state-dump] - num pushes in flight: 0
[state-dump] - num chunks in flight: 0
[state-dump] - num chunks remaining: 0
[state-dump] - max chunks allowed: 409
[state-dump] OwnershipBasedObjectDirectory:
[state-dump] - num listeners: 0
[state-dump] - cumulative location updates: 0
[state-dump] - num location updates per second: 0.000
[state-dump] - num location lookups per second: 0.000
[state-dump] - num locations added per second: 0.000
[state-dump] - num locations removed per second: 0.000
[state-dump] BufferPool:
[state-dump] - create buffer state map size: 0
[state-dump] PullManager:
[state-dump] - num bytes available for pulled objects: 68719476736
[state-dump] - num bytes being pulled (all): 0
[state-dump] - num bytes being pulled / pinned: 0
[state-dump] - get request bundles: BundlePullRequestQueue{0 total, 0 active, 0 inactive, 0 unpullable}
[state-dump] - wait request bundles: BundlePullRequestQueue{0 total, 0 active, 0 inactive, 0 unpullable}
[state-dump] - task request bundles: BundlePullRequestQueue{0 total, 0 active, 0 inactive, 0 unpullable}
[state-dump] - first get request bundle: N/A
[state-dump] - first wait request bundle: N/A
[state-dump] - first task request bundle: N/A
[state-dump] - num objects queued: 0
[state-dump] - num objects actively pulled (all): 0
[state-dump] - num objects actively pulled / pinned: 0
[state-dump] - num bundles being pulled: 0
[state-dump] - num pull retries: 0
[state-dump] - max timeout seconds: 0
[state-dump] - max timeout request is already processed. No entry.
[state-dump] 
[state-dump] WorkerPool:
[state-dump] - registered jobs: 0
[state-dump] - process_failed_job_config_missing: 0
[state-dump] - process_failed_rate_limited: 0
[state-dump] - process_failed_pending_registration: 0
[state-dump] - process_failed_runtime_env_setup_failed: 0
[state-dump] - num PYTHON workers: 0
[state-dump] - num PYTHON drivers: 0
[state-dump] - num PYTHON pending start requests: 0
[state-dump] - num PYTHON pending registration requests: 0
[state-dump] - num object spill callbacks queued: 0
[state-dump] - num object restore queued: 0
[state-dump] - num util functions queued: 0
[state-dump] - num JAVA workers: 0
[state-dump] - num JAVA drivers: 0
[state-dump] - num JAVA pending start requests: 0
[state-dump] - num JAVA pending registration requests: 0
[state-dump] - num object spill callbacks queued: 0
[state-dump] - num object restore queued: 0
[state-dump] - num util functions queued: 0
[state-dump] - num idle workers: 0
[state-dump] TaskDependencyManager:
[state-dump] - task deps map size: 0
[state-dump] - get req map size: 0
[state-dump] - wait req map size: 0
[state-dump] - local objects map size: 0
[state-dump] WaitManager:
[state-dump] - num active wait requests: 0
[state-dump] Subscriber:
[state-dump] Channel WORKER_OBJECT_LOCATIONS_CHANNEL
[state-dump] - cumulative subscribe requests: 0
[state-dump] - cumulative unsubscribe requests: 0
[state-dump] - active subscribed publishers: 0
[state-dump] - cumulative published messages: 0
[state-dump] - cumulative processed messages: 0
[state-dump] Channel WORKER_OBJECT_EVICTION
[state-dump] - cumulative subscribe requests: 0
[state-dump] - cumulative unsubscribe requests: 0
[state-dump] - active subscribed publishers: 0
[state-dump] - cumulative published messages: 0
[state-dump] - cumulative processed messages: 0
[state-dump] Channel WORKER_REF_REMOVED_CHANNEL
[state-dump] - cumulative subscribe requests: 0
[state-dump] - cumulative unsubscribe requests: 0
[state-dump] - active subscribed publishers: 0
[state-dump] - cumulative published messages: 0
[state-dump] - cumulative processed messages: 0
[state-dump] num async plasma notifications: 0
[state-dump] Event stats:
[state-dump] Global stats: 29 total (14 active)
[state-dump] Queueing time: mean = 1.473 ms, max = 9.217 ms, min = 21.369 us, total = 42.715 ms
[state-dump] Execution time:  mean = 714.296 us, total = 20.715 ms
[state-dump] Event stats:
[state-dump] 	PeriodicalRunner.RunFnPeriodically - 12 total (2 active, 1 running), Execution time: mean = 141.261 us, total = 1.695 ms, Queueing time: mean = 3.556 ms, max = 9.217 ms, min = 29.105 us, total = 42.671 ms
[state-dump] 	ray::rpc::InternalPubSubGcsService.grpc_client.GcsSubscriberPoll - 1 total (1 active), Execution time: mean = 0.000 s, total = 0.000 s, Queueing time: mean = 0.000 s, max = -0.000 s, min = 9223372036.855 s, total = 0.000 s
[state-dump] 	NodeManager.deadline_timer.spill_objects_when_over_threshold - 1 total (1 active), Execution time: mean = 0.000 s, total = 0.000 s, Queueing time: mean = 0.000 s, max = -0.000 s, min = 9223372036.855 s, total = 0.000 s
[state-dump] 	NodeManager.deadline_timer.debug_state_dump - 1 total (1 active), Execution time: mean = 0.000 s, total = 0.000 s, Queueing time: mean = 0.000 s, max = -0.000 s, min = 9223372036.855 s, total = 0.000 s
[state-dump] 	NodeManager.CheckForUnexpectedWorkerDisconnects - 1 total (1 active), Execution time: mean = 0.000 s, total = 0.000 s, Queueing time: mean = 0.000 s, max = -0.000 s, min = 9223372036.855 s, total = 0.000 s
[state-dump] 	ray::rpc::InternalKVGcsService.grpc_client.GetInternalConfig - 1 total (0 active), Execution time: mean = 1.116 ms, total = 1.116 ms, Queueing time: mean = 0.000 s, max = -0.000 s, min = 9223372036.855 s, total = 0.000 s
[state-dump] 	ray::rpc::InternalPubSubGcsService.grpc_client.GcsSubscriberCommandBatch.OnReplyReceived - 1 total (1 active), Execution time: mean = 0.000 s, total = 0.000 s, Queueing time: mean = 0.000 s, max = -0.000 s, min = 9223372036.855 s, total = 0.000 s
[state-dump] 	ray::rpc::InternalKVGcsService.grpc_client.GetInternalConfig.OnReplyReceived - 1 total (0 active), Execution time: mean = 15.813 ms, total = 15.813 ms, Queueing time: mean = 21.369 us, max = 21.369 us, min = 21.369 us, total = 21.369 us
[state-dump] 	MemoryMonitor.CheckIsMemoryUsageAboveThreshold - 1 total (1 active), Execution time: mean = 0.000 s, total = 0.000 s, Queueing time: mean = 0.000 s, max = -0.000 s, min = 9223372036.855 s, total = 0.000 s
[state-dump] 	NodeManager.GCTaskFailureReason - 1 total (1 active), Execution time: mean = 0.000 s, total = 0.000 s, Queueing time: mean = 0.000 s, max = -0.000 s, min = 9223372036.855 s, total = 0.000 s
[state-dump] 	ray::rpc::InternalPubSubGcsService.grpc_client.GcsSubscriberCommandBatch - 1 total (0 active), Execution time: mean = 645.527 us, total = 645.527 us, Queueing time: mean = 0.000 s, max = -0.000 s, min = 9223372036.855 s, total = 0.000 s
[state-dump] 	NodeManager.ScheduleAndDispatchTasks - 1 total (1 active), Execution time: mean = 0.000 s, total = 0.000 s, Queueing time: mean = 0.000 s, max = -0.000 s, min = 9223372036.855 s, total = 0.000 s
[state-dump] 	ClusterResourceManager.ResetRemoteNodeView - 1 total (1 active), Execution time: mean = 0.000 s, total = 0.000 s, Queueing time: mean = 0.000 s, max = -0.000 s, min = 9223372036.855 s, total = 0.000 s
[state-dump] 	ray::rpc::NodeInfoGcsService.grpc_client.RegisterNode.OnReplyReceived - 1 total (0 active), Execution time: mean = 249.993 us, total = 249.993 us, Queueing time: mean = 22.497 us, max = 22.497 us, min = 22.497 us, total = 22.497 us
[state-dump] 	NodeManager.deadline_timer.record_metrics - 1 total (1 active), Execution time: mean = 0.000 s, total = 0.000 s, Queueing time: mean = 0.000 s, max = -0.000 s, min = 9223372036.855 s, total = 0.000 s
[state-dump] 	ray::rpc::NodeInfoGcsService.grpc_client.RegisterNode - 1 total (0 active), Execution time: mean = 1.195 ms, total = 1.195 ms, Queueing time: mean = 0.000 s, max = -0.000 s, min = 9223372036.855 s, total = 0.000 s
[state-dump] 	NodeManager.deadline_timer.flush_free_objects - 1 total (1 active), Execution time: mean = 0.000 s, total = 0.000 s, Queueing time: mean = 0.000 s, max = -0.000 s, min = 9223372036.855 s, total = 0.000 s
[state-dump] 	RayletWorkerPool.deadline_timer.kill_idle_workers - 1 total (1 active), Execution time: mean = 0.000 s, total = 0.000 s, Queueing time: mean = 0.000 s, max = -0.000 s, min = 9223372036.855 s, total = 0.000 s
[state-dump] DebugString() time ms: 1
[state-dump] 
[state-dump] 
[2025-06-26 10:04:16,774 I 2265017 2265017] (raylet) accessor.cc:768: Received notification for node, IsAlive = 1 node_id=677dde86915a2f9ed3d19493574e8eaca728a151ddcd4619d5047d09
[2025-06-26 10:04:16,790 I 2265017 2265017] (raylet) worker_pool.cc:527: Started worker process with pid 2265137, the token is 0
[2025-06-26 10:04:16,793 I 2265017 2265017] (raylet) worker_pool.cc:527: Started worker process with pid 2265138, the token is 1
[2025-06-26 10:04:16,796 I 2265017 2265017] (raylet) worker_pool.cc:527: Started worker process with pid 2265139, the token is 2
[2025-06-26 10:04:16,799 I 2265017 2265017] (raylet) worker_pool.cc:527: Started worker process with pid 2265140, the token is 3
[2025-06-26 10:04:16,801 I 2265017 2265017] (raylet) worker_pool.cc:527: Started worker process with pid 2265141, the token is 4
[2025-06-26 10:04:16,804 I 2265017 2265017] (raylet) worker_pool.cc:527: Started worker process with pid 2265142, the token is 5
[2025-06-26 10:04:16,806 I 2265017 2265017] (raylet) worker_pool.cc:527: Started worker process with pid 2265143, the token is 6
[2025-06-26 10:04:16,808 I 2265017 2265017] (raylet) worker_pool.cc:527: Started worker process with pid 2265144, the token is 7
[2025-06-26 10:04:16,811 I 2265017 2265017] (raylet) worker_pool.cc:527: Started worker process with pid 2265145, the token is 8
[2025-06-26 10:04:16,813 I 2265017 2265017] (raylet) worker_pool.cc:527: Started worker process with pid 2265146, the token is 9
[2025-06-26 10:04:16,815 I 2265017 2265017] (raylet) worker_pool.cc:527: Started worker process with pid 2265147, the token is 10
[2025-06-26 10:04:16,818 I 2265017 2265017] (raylet) worker_pool.cc:527: Started worker process with pid 2265148, the token is 11
[2025-06-26 10:04:16,821 I 2265017 2265017] (raylet) worker_pool.cc:527: Started worker process with pid 2265149, the token is 12
[2025-06-26 10:04:16,823 I 2265017 2265017] (raylet) worker_pool.cc:527: Started worker process with pid 2265150, the token is 13
[2025-06-26 10:04:16,826 I 2265017 2265017] (raylet) worker_pool.cc:527: Started worker process with pid 2265151, the token is 14
[2025-06-26 10:04:16,828 I 2265017 2265017] (raylet) worker_pool.cc:527: Started worker process with pid 2265152, the token is 15
[2025-06-26 10:04:16,830 I 2265017 2265017] (raylet) worker_pool.cc:527: Started worker process with pid 2265153, the token is 16
[2025-06-26 10:04:16,833 I 2265017 2265017] (raylet) worker_pool.cc:527: Started worker process with pid 2265154, the token is 17
[2025-06-26 10:04:16,835 I 2265017 2265017] (raylet) worker_pool.cc:527: Started worker process with pid 2265155, the token is 18
[2025-06-26 10:04:16,837 I 2265017 2265017] (raylet) worker_pool.cc:527: Started worker process with pid 2265156, the token is 19
[2025-06-26 10:04:16,839 I 2265017 2265017] (raylet) worker_pool.cc:527: Started worker process with pid 2265157, the token is 20
[2025-06-26 10:04:16,842 I 2265017 2265017] (raylet) worker_pool.cc:527: Started worker process with pid 2265158, the token is 21
[2025-06-26 10:04:16,845 I 2265017 2265017] (raylet) worker_pool.cc:527: Started worker process with pid 2265159, the token is 22
[2025-06-26 10:04:16,847 I 2265017 2265017] (raylet) worker_pool.cc:527: Started worker process with pid 2265160, the token is 23
[2025-06-26 10:04:16,850 I 2265017 2265017] (raylet) worker_pool.cc:527: Started worker process with pid 2265163, the token is 24
[2025-06-26 10:04:16,853 I 2265017 2265017] (raylet) worker_pool.cc:527: Started worker process with pid 2265166, the token is 25
[2025-06-26 10:04:16,856 I 2265017 2265017] (raylet) worker_pool.cc:527: Started worker process with pid 2265168, the token is 26
[2025-06-26 10:04:16,859 I 2265017 2265017] (raylet) worker_pool.cc:527: Started worker process with pid 2265170, the token is 27
[2025-06-26 10:04:16,862 I 2265017 2265017] (raylet) worker_pool.cc:527: Started worker process with pid 2265171, the token is 28
[2025-06-26 10:04:16,866 I 2265017 2265017] (raylet) worker_pool.cc:527: Started worker process with pid 2265172, the token is 29
[2025-06-26 10:04:16,869 I 2265017 2265017] (raylet) worker_pool.cc:527: Started worker process with pid 2265174, the token is 30
[2025-06-26 10:04:16,872 I 2265017 2265017] (raylet) worker_pool.cc:527: Started worker process with pid 2265175, the token is 31
[2025-06-26 10:04:16,874 I 2265017 2265017] (raylet) worker_pool.cc:527: Started worker process with pid 2265176, the token is 32
[2025-06-26 10:04:16,877 I 2265017 2265017] (raylet) worker_pool.cc:527: Started worker process with pid 2265178, the token is 33
[2025-06-26 10:04:16,880 I 2265017 2265017] (raylet) worker_pool.cc:527: Started worker process with pid 2265179, the token is 34
[2025-06-26 10:04:16,883 I 2265017 2265017] (raylet) worker_pool.cc:527: Started worker process with pid 2265180, the token is 35
[2025-06-26 10:04:16,887 I 2265017 2265017] (raylet) worker_pool.cc:527: Started worker process with pid 2265181, the token is 36
[2025-06-26 10:04:16,890 I 2265017 2265017] (raylet) worker_pool.cc:527: Started worker process with pid 2265182, the token is 37
[2025-06-26 10:04:16,893 I 2265017 2265017] (raylet) worker_pool.cc:527: Started worker process with pid 2265183, the token is 38
[2025-06-26 10:04:16,896 I 2265017 2265017] (raylet) worker_pool.cc:527: Started worker process with pid 2265184, the token is 39
[2025-06-26 10:04:16,900 I 2265017 2265017] (raylet) worker_pool.cc:527: Started worker process with pid 2265185, the token is 40
[2025-06-26 10:04:16,903 I 2265017 2265017] (raylet) worker_pool.cc:527: Started worker process with pid 2265186, the token is 41
[2025-06-26 10:04:16,906 I 2265017 2265017] (raylet) worker_pool.cc:527: Started worker process with pid 2265187, the token is 42
[2025-06-26 10:04:16,910 I 2265017 2265017] (raylet) worker_pool.cc:527: Started worker process with pid 2265188, the token is 43
[2025-06-26 10:04:16,914 I 2265017 2265017] (raylet) worker_pool.cc:527: Started worker process with pid 2265189, the token is 44
[2025-06-26 10:04:16,917 I 2265017 2265017] (raylet) worker_pool.cc:527: Started worker process with pid 2265190, the token is 45
[2025-06-26 10:04:16,921 I 2265017 2265017] (raylet) worker_pool.cc:527: Started worker process with pid 2265191, the token is 46
[2025-06-26 10:04:16,924 I 2265017 2265017] (raylet) worker_pool.cc:527: Started worker process with pid 2265192, the token is 47
[2025-06-26 10:04:16,927 I 2265017 2265017] (raylet) worker_pool.cc:527: Started worker process with pid 2265193, the token is 48
[2025-06-26 10:04:16,931 I 2265017 2265017] (raylet) worker_pool.cc:527: Started worker process with pid 2265194, the token is 49
[2025-06-26 10:04:16,934 I 2265017 2265017] (raylet) worker_pool.cc:527: Started worker process with pid 2265195, the token is 50
[2025-06-26 10:04:16,938 I 2265017 2265017] (raylet) worker_pool.cc:527: Started worker process with pid 2265196, the token is 51
[2025-06-26 10:04:16,941 I 2265017 2265017] (raylet) worker_pool.cc:527: Started worker process with pid 2265197, the token is 52
[2025-06-26 10:04:16,944 I 2265017 2265017] (raylet) worker_pool.cc:527: Started worker process with pid 2265198, the token is 53
[2025-06-26 10:04:16,948 I 2265017 2265017] (raylet) worker_pool.cc:527: Started worker process with pid 2265199, the token is 54
[2025-06-26 10:04:16,952 I 2265017 2265017] (raylet) worker_pool.cc:527: Started worker process with pid 2265200, the token is 55
[2025-06-26 10:04:16,955 I 2265017 2265017] (raylet) worker_pool.cc:527: Started worker process with pid 2265201, the token is 56
[2025-06-26 10:04:16,959 I 2265017 2265017] (raylet) worker_pool.cc:527: Started worker process with pid 2265202, the token is 57
[2025-06-26 10:04:16,963 I 2265017 2265017] (raylet) worker_pool.cc:527: Started worker process with pid 2265203, the token is 58
[2025-06-26 10:04:16,966 I 2265017 2265017] (raylet) worker_pool.cc:527: Started worker process with pid 2265204, the token is 59
[2025-06-26 10:04:16,969 I 2265017 2265017] (raylet) worker_pool.cc:527: Started worker process with pid 2265205, the token is 60
[2025-06-26 10:04:16,973 I 2265017 2265017] (raylet) worker_pool.cc:527: Started worker process with pid 2265206, the token is 61
[2025-06-26 10:04:16,976 I 2265017 2265017] (raylet) worker_pool.cc:527: Started worker process with pid 2265207, the token is 62
[2025-06-26 10:04:16,980 I 2265017 2265017] (raylet) worker_pool.cc:527: Started worker process with pid 2265208, the token is 63
[2025-06-26 10:04:16,984 I 2265017 2265017] (raylet) worker_pool.cc:527: Started worker process with pid 2265209, the token is 64
[2025-06-26 10:04:16,987 I 2265017 2265017] (raylet) worker_pool.cc:527: Started worker process with pid 2265210, the token is 65
[2025-06-26 10:04:16,990 I 2265017 2265017] (raylet) worker_pool.cc:527: Started worker process with pid 2265211, the token is 66
[2025-06-26 10:04:16,994 I 2265017 2265017] (raylet) worker_pool.cc:527: Started worker process with pid 2265212, the token is 67
[2025-06-26 10:04:16,998 I 2265017 2265017] (raylet) worker_pool.cc:527: Started worker process with pid 2265213, the token is 68
[2025-06-26 10:04:17,001 I 2265017 2265017] (raylet) worker_pool.cc:527: Started worker process with pid 2265214, the token is 69
[2025-06-26 10:04:17,005 I 2265017 2265017] (raylet) worker_pool.cc:527: Started worker process with pid 2265215, the token is 70
[2025-06-26 10:04:17,009 I 2265017 2265017] (raylet) worker_pool.cc:527: Started worker process with pid 2265216, the token is 71
[2025-06-26 10:04:17,013 I 2265017 2265017] (raylet) worker_pool.cc:527: Started worker process with pid 2265217, the token is 72
[2025-06-26 10:04:17,017 I 2265017 2265017] (raylet) worker_pool.cc:527: Started worker process with pid 2265218, the token is 73
[2025-06-26 10:04:17,021 I 2265017 2265017] (raylet) worker_pool.cc:527: Started worker process with pid 2265219, the token is 74
[2025-06-26 10:04:17,025 I 2265017 2265017] (raylet) worker_pool.cc:527: Started worker process with pid 2265220, the token is 75
[2025-06-26 10:04:17,029 I 2265017 2265017] (raylet) worker_pool.cc:527: Started worker process with pid 2265221, the token is 76
[2025-06-26 10:04:17,033 I 2265017 2265017] (raylet) worker_pool.cc:527: Started worker process with pid 2265222, the token is 77
[2025-06-26 10:04:17,036 I 2265017 2265017] (raylet) worker_pool.cc:527: Started worker process with pid 2265223, the token is 78
[2025-06-26 10:04:17,040 I 2265017 2265017] (raylet) worker_pool.cc:527: Started worker process with pid 2265224, the token is 79
[2025-06-26 10:04:17,044 I 2265017 2265017] (raylet) worker_pool.cc:527: Started worker process with pid 2265225, the token is 80
[2025-06-26 10:04:17,048 I 2265017 2265017] (raylet) worker_pool.cc:527: Started worker process with pid 2265226, the token is 81
[2025-06-26 10:04:17,069 I 2265017 2265017] (raylet) worker_pool.cc:527: Started worker process with pid 2265227, the token is 82
[2025-06-26 10:04:17,074 I 2265017 2265017] (raylet) worker_pool.cc:527: Started worker process with pid 2265228, the token is 83
[2025-06-26 10:04:17,078 I 2265017 2265017] (raylet) worker_pool.cc:527: Started worker process with pid 2265229, the token is 84
[2025-06-26 10:04:17,083 I 2265017 2265017] (raylet) worker_pool.cc:527: Started worker process with pid 2265230, the token is 85
[2025-06-26 10:04:17,087 I 2265017 2265017] (raylet) worker_pool.cc:527: Started worker process with pid 2265231, the token is 86
[2025-06-26 10:04:17,091 I 2265017 2265017] (raylet) worker_pool.cc:527: Started worker process with pid 2265232, the token is 87
[2025-06-26 10:04:17,095 I 2265017 2265017] (raylet) worker_pool.cc:527: Started worker process with pid 2265233, the token is 88
[2025-06-26 10:04:17,100 I 2265017 2265017] (raylet) worker_pool.cc:527: Started worker process with pid 2265234, the token is 89
[2025-06-26 10:04:17,104 I 2265017 2265017] (raylet) worker_pool.cc:527: Started worker process with pid 2265235, the token is 90
[2025-06-26 10:04:17,109 I 2265017 2265017] (raylet) worker_pool.cc:527: Started worker process with pid 2265236, the token is 91
[2025-06-26 10:04:17,115 I 2265017 2265017] (raylet) worker_pool.cc:527: Started worker process with pid 2265240, the token is 92
[2025-06-26 10:04:17,120 I 2265017 2265017] (raylet) worker_pool.cc:527: Started worker process with pid 2265241, the token is 93
[2025-06-26 10:04:17,124 I 2265017 2265017] (raylet) worker_pool.cc:527: Started worker process with pid 2265242, the token is 94
[2025-06-26 10:04:17,129 I 2265017 2265017] (raylet) worker_pool.cc:527: Started worker process with pid 2265255, the token is 95
[2025-06-26 10:04:17,218 I 2265017 2265046] (raylet) object_store.cc:38: Object store current usage 8e-09 / 68.7195 GB.
[2025-06-26 10:04:17,710 I 2265017 2265017] (raylet) worker_pool.cc:724: Job 01000000 already started in worker pool.
[2025-06-26 10:04:20,765 I 2265017 2265017] (raylet) node_manager.cc:1523: Disconnecting client, graceful=true, disconnect_type=1, has_creation_task_exception=false worker_id=853dfb5b326332087de678f7df174e90aef1d1499585c4944b0f7d27
[2025-06-26 10:04:20,765 I 2265017 2265017] (raylet) node_manager.cc:1523: Disconnecting client, graceful=true, disconnect_type=1, has_creation_task_exception=false worker_id=11d670e8797f8fe452cf47a6f3bd6be921ae4eae787cab7908305c01
[2025-06-26 10:04:20,790 W 2265017 2265046] (raylet) store.cc:368: Disconnecting client due to connection error with code 2: End of file
[2025-06-26 10:04:20,790 W 2265017 2265046] (raylet) store.cc:368: Disconnecting client due to connection error with code 2: End of file
[2025-06-26 10:04:21,269 I 2265017 2265017] (raylet) node_manager.cc:1523: Disconnecting client, graceful=true, disconnect_type=3, has_creation_task_exception=false worker_id=01000000ffffffffffffffffffffffffffffffffffffffffffffffff
[2025-06-26 10:04:21,269 I 2265017 2265017] (raylet) node_manager.cc:1615: Driver (pid=2264583) is disconnected. worker_id=01000000ffffffffffffffffffffffffffffffffffffffffffffffff job_id=01000000
[2025-06-26 10:04:21,270 I 2265017 2265017] (raylet) worker_pool.cc:724: Job 01000000 already started in worker pool.
[2025-06-26 10:04:21,521 W 2265017 2265046] (raylet) store.cc:368: Disconnecting client due to connection error with code 2: End of file
[2025-06-26 10:04:21,594 I 2265017 2265017] (raylet) main.cc:504: received SIGTERM. Existing local drain request = None
[2025-06-26 10:04:21,594 I 2265017 2265017] (raylet) main.cc:307: Raylet graceful shutdown triggered, reason = EXPECTED_TERMINATION, reason message = received SIGTERM
[2025-06-26 10:04:21,594 I 2265017 2265017] (raylet) main.cc:310: Shutting down...
[2025-06-26 10:04:21,594 I 2265017 2265017] (raylet) accessor.cc:518: Unregistering node node_id=677dde86915a2f9ed3d19493574e8eaca728a151ddcd4619d5047d09
[2025-06-26 10:04:21,595 I 2265017 2265017] (raylet) accessor.cc:531: Finished unregistering node info, status = OK node_id=677dde86915a2f9ed3d19493574e8eaca728a151ddcd4619d5047d09
[2025-06-26 10:04:21,595 W 2265017 2265046] (raylet) store.cc:368: Disconnecting client due to connection error with code 2: End of file
[2025-06-26 10:04:21,598 I 2265017 2265017] (raylet) agent_manager.cc:115: Killing agent dashboard_agent, pid 2265093.
[2025-06-26 10:04:21,604 I 2265017 2265094] (raylet) agent_manager.cc:82: Agent process with name dashboard_agent exited, exit code 0.
[2025-06-26 10:04:21,604 I 2265017 2265017] (raylet) agent_manager.cc:115: Killing agent runtime_env_agent, pid 2265095.
[2025-06-26 10:04:21,608 I 2265017 2265096] (raylet) agent_manager.cc:82: Agent process with name runtime_env_agent exited, exit code 0.
[2025-06-26 10:04:21,609 I 2265017 2265017] (raylet) io_service_pool.cc:48: IOServicePool is stopped.
[2025-06-26 10:04:21,763 I 2265017 2265017] (raylet) stats.h:120: Stats module has shutdown.
