[2025-06-26 10:18:15,430 I 2322602 2322602] (gcs_server) gcs_server_main.cc:91: Ray cluster metadata ray_version=2.47.1 ray_commit=61d3f2f1aa33563faa398105f4abda88cb39440b
[2025-06-26 10:18:15,431 I 2322602 2322602] (gcs_server) io_service_pool.cc:36: IOServicePool is running with 1 io_service.
[2025-06-26 10:18:15,435 I 2322602 2322602] (gcs_server) event.cc:500: Ray Event initialized for GCS
[2025-06-26 10:18:15,435 I 2322602 2322602] (gcs_server) event.cc:500: Ray Event initialized for EXPORT_NODE
[2025-06-26 10:18:15,435 I 2322602 2322602] (gcs_server) event.cc:500: Ray Event initialized for EXPORT_ACTOR
[2025-06-26 10:18:15,436 I 2322602 2322602] (gcs_server) event.cc:500: Ray Event initialized for EXPORT_DRIVER_JOB
[2025-06-26 10:18:15,436 I 2322602 2322602] (gcs_server) event.cc:331: Set ray event level to warning
[2025-06-26 10:18:15,437 I 2322602 2322602] (gcs_server) gcs_server.cc:77: GCS storage type is StorageType::IN_MEMORY
[2025-06-26 10:18:15,437 I 2322602 2322602] (gcs_server) gcs_init_data.cc:46: Loading job table data.
[2025-06-26 10:18:15,437 I 2322602 2322602] (gcs_server) gcs_init_data.cc:56: Loading node table data.
[2025-06-26 10:18:15,437 I 2322602 2322602] (gcs_server) gcs_init_data.cc:78: Loading actor table data.
[2025-06-26 10:18:15,437 I 2322602 2322602] (gcs_server) gcs_init_data.cc:89: Loading actor task spec table data.
[2025-06-26 10:18:15,437 I 2322602 2322602] (gcs_server) gcs_init_data.cc:66: Loading placement group table data.
[2025-06-26 10:18:15,437 I 2322602 2322602] (gcs_server) gcs_init_data.cc:50: Finished loading job table data, size = 0
[2025-06-26 10:18:15,437 I 2322602 2322602] (gcs_server) gcs_init_data.cc:60: Finished loading node table data, size = 0
[2025-06-26 10:18:15,437 I 2322602 2322602] (gcs_server) gcs_init_data.cc:83: Finished loading actor table data, size = 0
[2025-06-26 10:18:15,437 I 2322602 2322602] (gcs_server) gcs_init_data.cc:94: Finished loading actor task spec table data, size = 0
[2025-06-26 10:18:15,437 I 2322602 2322602] (gcs_server) gcs_init_data.cc:72: Finished loading placement group table data, size = 0
[2025-06-26 10:18:15,437 I 2322602 2322602] (gcs_server) gcs_server.cc:161: No existing server cluster ID found. Generating new ID: 18a69a0d6631f554d58ac730f42e12151c824138d4695e176b675462
[2025-06-26 10:18:15,438 I 2322602 2322602] (gcs_server) gcs_server.cc:673: Autoscaler V2 enabled: 0
[2025-06-26 10:18:15,439 I 2322602 2322602] (gcs_server) grpc_server.cc:141: GcsServer server started, listening on port 61977.
[2025-06-26 10:18:15,642 I 2322602 2322602] (gcs_server) gcs_server.cc:249: Gcs Debug state:

GcsNodeManager: 
- RegisterNode request count: 0
- DrainNode request count: 0
- GetAllNodeInfo request count: 0

GcsActorManager: 
- RegisterActor request count: 0
- CreateActor request count: 0
- GetActorInfo request count: 0
- GetNamedActorInfo request count: 0
- GetAllActorInfo request count: 0
- KillActor request count: 0
- ListNamedActors request count: 0
- Registered actors count: 0
- Destroyed actors count: 0
- Named actors count: 0
- Unresolved actors count: 0
- Pending actors count: 0
- Created actors count: 0
- owners_: 0
- actor_to_register_callbacks_: 0
- actor_to_restart_for_lineage_reconstruction_callbacks_: 0
- actor_to_create_callbacks_: 0
- sorted_destroyed_actor_list_: 0

GcsResourceManager: 
- GetAllAvailableResources request count: 0
- GetAllTotalResources request count: 0
- GetAllResourceUsage request count: 0

GcsPlacementGroupManager: 
- CreatePlacementGroup request count: 0
- RemovePlacementGroup request count: 0
- GetPlacementGroup request count: 0
- GetAllPlacementGroup request count: 0
- WaitPlacementGroupUntilReady request count: 0
- GetNamedPlacementGroup request count: 0
- Scheduling pending placement group count: 0
- Registered placement groups count: 0
- Named placement group count: 0
- Pending placement groups count: 0
- Infeasible placement groups count: 0

Publisher:

[runtime env manager] ID to URIs table:
[runtime env manager] URIs reference table:

GcsTaskManager: 
-Total num task events reported: 0
-Total num status task events dropped: 0
-Total num profile events dropped: 0
-Current num of task events stored: 0
-Total num of actor creation tasks: 0
-Total num of actor tasks: 0
-Total num of normal tasks: 0
-Total num of driver tasks: 0

GcsAutoscalerStateManager: 
- last_seen_autoscaler_state_version_: 0
- last_cluster_resource_state_version_: 0
- pending demands:



[2025-06-26 10:18:15,642 I 2322602 2322602] (gcs_server) gcs_server.cc:870: Main service Event stats:


Global stats: 27 total (5 active)
Queueing time: mean = 67.968 ms, max = 203.511 ms, min = 60.000 ns, total = 1.835 s
Execution time:  mean = 15.117 ms, total = 408.172 ms
Event stats:
	GcsInMemoryStore.Put - 9 total (0 active), Execution time: mean = 22.615 ms, total = 203.536 ms, Queueing time: mean = 157.888 ms, max = 203.154 ms, min = 1.706 us, total = 1.421 s
	GcsInMemoryStore.GetAll - 5 total (0 active), Execution time: mean = 7.386 us, total = 36.928 us, Queueing time: mean = 30.322 us, max = 32.655 us, min = 25.503 us, total = 151.609 us
	PeriodicalRunner.RunFnPeriodically - 4 total (2 active, 1 running), Execution time: mean = 1.709 us, total = 6.836 us, Queueing time: mean = 101.736 ms, max = 203.511 ms, min = 203.434 ms, total = 406.944 ms
	event_loop_lag_probe - 2 total (0 active), Execution time: mean = 11.552 us, total = 23.104 us, Queueing time: mean = 3.407 ms, max = 6.768 ms, min = 45.372 us, total = 6.814 ms
	GcsInitData::AsyncLoad - 1 total (0 active), Execution time: mean = 6.714 us, total = 6.714 us, Queueing time: mean = 236.000 ns, max = 236.000 ns, min = 236.000 ns, total = 236.000 ns
	GcsServer.GetOrGenerateClusterId.continuation - 1 total (0 active), Execution time: mean = 203.511 ms, total = 203.511 ms, Queueing time: mean = 60.000 ns, max = 60.000 ns, min = 60.000 ns, total = 60.000 ns
	NodeInfoGcsService.grpc_server.GetClusterId - 1 total (1 active), Execution time: mean = 0.000 s, total = 0.000 s, Queueing time: mean = 0.000 s, max = -0.000 s, min = 9223372036.855 s, total = 0.000 s
	NodeInfoGcsService.grpc_server.GetClusterId.HandleRequestImpl - 1 total (0 active), Execution time: mean = 1.040 ms, total = 1.040 ms, Queueing time: mean = 207.313 us, max = 207.313 us, min = 207.313 us, total = 207.313 us
	ClusterResourceManager.ResetRemoteNodeView - 1 total (1 active), Execution time: mean = 0.000 s, total = 0.000 s, Queueing time: mean = 0.000 s, max = -0.000 s, min = 9223372036.855 s, total = 0.000 s
	GcsInMemoryStore.Get - 1 total (0 active), Execution time: mean = 11.351 us, total = 11.351 us, Queueing time: mean = 25.715 us, max = 25.715 us, min = 25.715 us, total = 25.715 us
	RayletLoadPulled - 1 total (1 active), Execution time: mean = 0.000 s, total = 0.000 s, Queueing time: mean = 0.000 s, max = -0.000 s, min = 9223372036.855 s, total = 0.000 s


[2025-06-26 10:18:15,642 I 2322602 2322602] (gcs_server) gcs_server.cc:874: task_io_context Event stats:


Global stats: 4 total (1 active)
Queueing time: mean = 882.602 us, max = 2.779 ms, min = 155.577 us, total = 3.530 ms
Execution time:  mean = 74.156 us, total = 296.625 us
Event stats:
	event_loop_lag_probe - 2 total (0 active), Execution time: mean = 106.233 us, total = 212.465 us, Queueing time: mean = 1.467 ms, max = 2.779 ms, min = 155.577 us, total = 2.935 ms
	PeriodicalRunner.RunFnPeriodically - 1 total (0 active), Execution time: mean = 84.160 us, total = 84.160 us, Queueing time: mean = 595.426 us, max = 595.426 us, min = 595.426 us, total = 595.426 us
	GcsTaskManager.GcJobSummary - 1 total (1 active), Execution time: mean = 0.000 s, total = 0.000 s, Queueing time: mean = 0.000 s, max = -0.000 s, min = 9223372036.855 s, total = 0.000 s


[2025-06-26 10:18:15,642 I 2322602 2322602] (gcs_server) gcs_server.cc:874: pubsub_io_context Event stats:


Global stats: 4 total (1 active)
Queueing time: mean = 178.619 us, max = 635.626 us, min = 22.390 us, total = 714.475 us
Execution time:  mean = 57.867 us, total = 231.469 us
Event stats:
	event_loop_lag_probe - 2 total (0 active), Execution time: mean = 113.312 us, total = 226.625 us, Queueing time: mean = 346.043 us, max = 635.626 us, min = 56.459 us, total = 692.085 us
	PeriodicalRunner.RunFnPeriodically - 1 total (0 active), Execution time: mean = 4.844 us, total = 4.844 us, Queueing time: mean = 22.390 us, max = 22.390 us, min = 22.390 us, total = 22.390 us
	Publisher.CheckDeadSubscribers - 1 total (1 active), Execution time: mean = 0.000 s, total = 0.000 s, Queueing time: mean = 0.000 s, max = -0.000 s, min = 9223372036.855 s, total = 0.000 s


[2025-06-26 10:18:15,642 I 2322602 2322602] (gcs_server) gcs_server.cc:874: ray_syncer_io_context Event stats:


Global stats: 4 total (0 active)
Queueing time: mean = 61.066 us, max = 185.572 us, min = 14.205 us, total = 244.263 us
Execution time:  mean = 39.384 us, total = 157.537 us
Event stats:
	event_loop_lag_probe - 2 total (0 active), Execution time: mean = 78.293 us, total = 156.586 us, Queueing time: mean = 105.019 us, max = 185.572 us, min = 24.467 us, total = 210.039 us
	RaySyncerRegister - 2 total (0 active), Execution time: mean = 475.500 ns, total = 951.000 ns, Queueing time: mean = 17.112 us, max = 20.019 us, min = 14.205 us, total = 34.224 us


[2025-06-26 10:18:16,395 I 2322602 2322602] (gcs_server) gcs_node_manager.cc:92: Registering node info, address = 192.168.10.101, node name = 192.168.10.101 node_id=74e79a60102cf6723a11c0106dc8e16d855c67c5b6468770d8641c79
[2025-06-26 10:18:16,395 I 2322602 2322602] (gcs_server) gcs_node_manager.cc:98: Finished registering node info, address = 192.168.10.101, node name = 192.168.10.101, is_head_node = 1 node_id=74e79a60102cf6723a11c0106dc8e16d855c67c5b6468770d8641c79
[2025-06-26 10:18:16,395 I 2322602 2322602] (gcs_server) gcs_placement_group_mgr.cc:851: A new node: 74e79a60102cf6723a11c0106dc8e16d855c67c5b6468770d8641c79 registered, will try to reschedule all the infeasible placement groups.
[2025-06-26 10:18:16,399 I 2322602 2322686] (gcs_server) ray_syncer.cc:244: Get connection node_id=74e79a60102cf6723a11c0106dc8e16d855c67c5b6468770d8641c79
[2025-06-26 10:18:17,301 I 2322602 2322602] (gcs_server) gcs_job_manager.cc:97: Adding job, job id = 01000000, driver pid = 2322392
[2025-06-26 10:18:17,301 I 2322602 2322602] (gcs_server) gcs_job_manager.cc:118: Finished adding job, job id = 01000000, driver pid = 2322392
[2025-06-26 10:18:17,379 I 2322602 2322602] (gcs_server) gcs_actor_manager.cc:403: Registering actor job_id=01000000 actor_id=ac7d03a1223615cc2e4d4dfb01000000
[2025-06-26 10:18:17,380 I 2322602 2322602] (gcs_server) gcs_actor_manager.cc:408: Registered actor, job id = 01000000, actor id = ac7d03a1223615cc2e4d4dfb01000000
[2025-06-26 10:18:17,381 I 2322602 2322602] (gcs_server) gcs_actor_manager.cc:515: Creating actor job_id=01000000 actor_id=ac7d03a1223615cc2e4d4dfb01000000
[2025-06-26 10:18:17,381 I 2322602 2322602] (gcs_server) gcs_actor_scheduler.cc:318: Start leasing worker from node 74e79a60102cf6723a11c0106dc8e16d855c67c5b6468770d8641c79 for actor ac7d03a1223615cc2e4d4dfb01000000, job id = 01000000
[2025-06-26 10:18:17,382 I 2322602 2322602] (gcs_server) gcs_actor_scheduler.cc:642: Finished leasing worker from 74e79a60102cf6723a11c0106dc8e16d855c67c5b6468770d8641c79 for actor ac7d03a1223615cc2e4d4dfb01000000, job id = 01000000
[2025-06-26 10:18:17,382 I 2322602 2322602] (gcs_server) gcs_actor_scheduler.cc:454: Start creating actor ac7d03a1223615cc2e4d4dfb01000000 on worker 000a39a52c461cdad8bc41b4142c11722eb44a347bba3dc1cf0b2755 at node 74e79a60102cf6723a11c0106dc8e16d855c67c5b6468770d8641c79, job id = 01000000
[2025-06-26 10:18:21,966 I 2322602 2322602] (gcs_server) gcs_actor_scheduler.cc:491: Finished actor creation task for actor ac7d03a1223615cc2e4d4dfb01000000 on worker 000a39a52c461cdad8bc41b4142c11722eb44a347bba3dc1cf0b2755 at node 74e79a60102cf6723a11c0106dc8e16d855c67c5b6468770d8641c79, job id = 01000000
[2025-06-26 10:18:21,966 I 2322602 2322602] (gcs_server) gcs_actor_manager.cc:1586: Actor created successfully job_id=01000000 actor_id=ac7d03a1223615cc2e4d4dfb01000000
[2025-06-26 10:18:21,967 I 2322602 2322602] (gcs_server) gcs_actor_manager.cc:530: Finished creating actor. Status: OK job_id=01000000 actor_id=ac7d03a1223615cc2e4d4dfb01000000
[2025-06-26 10:18:21,970 I 2322602 2322602] (gcs_server) gcs_actor_manager.cc:403: Registering actor job_id=01000000 actor_id=7868fa154d42f475dc3ef6aa01000000
[2025-06-26 10:18:21,970 I 2322602 2322602] (gcs_server) gcs_actor_manager.cc:408: Registered actor, job id = 01000000, actor id = 7868fa154d42f475dc3ef6aa01000000
[2025-06-26 10:18:21,971 I 2322602 2322602] (gcs_server) gcs_actor_manager.cc:515: Creating actor job_id=01000000 actor_id=7868fa154d42f475dc3ef6aa01000000
[2025-06-26 10:18:21,971 I 2322602 2322602] (gcs_server) gcs_actor_scheduler.cc:318: Start leasing worker from node 74e79a60102cf6723a11c0106dc8e16d855c67c5b6468770d8641c79 for actor 7868fa154d42f475dc3ef6aa01000000, job id = 01000000
[2025-06-26 10:18:21,971 I 2322602 2322602] (gcs_server) gcs_actor_scheduler.cc:642: Finished leasing worker from 74e79a60102cf6723a11c0106dc8e16d855c67c5b6468770d8641c79 for actor 7868fa154d42f475dc3ef6aa01000000, job id = 01000000
[2025-06-26 10:18:21,971 I 2322602 2322602] (gcs_server) gcs_actor_scheduler.cc:454: Start creating actor 7868fa154d42f475dc3ef6aa01000000 on worker f9a5df23a9ebd37740c456ae2d553cbe6664f2356b5489295b8bbd0f at node 74e79a60102cf6723a11c0106dc8e16d855c67c5b6468770d8641c79, job id = 01000000
[2025-06-26 10:18:25,448 W 2322602 2322625] (gcs_server) metric_exporter.cc:105: [1] Export metrics to agent failed: RpcError: RPC Error message: failed to connect to all addresses; last error: UNKNOWN: ipv4:127.0.0.1:63714: Failed to connect to remote host: Connection refused; RPC Error details:  rpc_code: 14. This won't affect Ray, but you can lose metrics from the cluster.
[2025-06-26 10:18:26,516 I 2322602 2322602] (gcs_server) gcs_actor_scheduler.cc:491: Finished actor creation task for actor 7868fa154d42f475dc3ef6aa01000000 on worker f9a5df23a9ebd37740c456ae2d553cbe6664f2356b5489295b8bbd0f at node 74e79a60102cf6723a11c0106dc8e16d855c67c5b6468770d8641c79, job id = 01000000
[2025-06-26 10:18:26,516 I 2322602 2322602] (gcs_server) gcs_actor_manager.cc:1586: Actor created successfully job_id=01000000 actor_id=7868fa154d42f475dc3ef6aa01000000
[2025-06-26 10:18:26,516 I 2322602 2322602] (gcs_server) gcs_actor_manager.cc:530: Finished creating actor. Status: OK job_id=01000000 actor_id=7868fa154d42f475dc3ef6aa01000000
[2025-06-26 10:18:26,519 I 2322602 2322602] (gcs_server) gcs_actor_manager.cc:403: Registering actor job_id=01000000 actor_id=ec959ae5341da03cb142fa9601000000
[2025-06-26 10:18:26,520 I 2322602 2322602] (gcs_server) gcs_actor_manager.cc:408: Registered actor, job id = 01000000, actor id = ec959ae5341da03cb142fa9601000000
[2025-06-26 10:18:26,520 I 2322602 2322602] (gcs_server) gcs_actor_manager.cc:515: Creating actor job_id=01000000 actor_id=ec959ae5341da03cb142fa9601000000
[2025-06-26 10:18:26,520 I 2322602 2322602] (gcs_server) gcs_actor_scheduler.cc:318: Start leasing worker from node 74e79a60102cf6723a11c0106dc8e16d855c67c5b6468770d8641c79 for actor ec959ae5341da03cb142fa9601000000, job id = 01000000
[2025-06-26 10:18:26,521 I 2322602 2322602] (gcs_server) gcs_actor_scheduler.cc:642: Finished leasing worker from 74e79a60102cf6723a11c0106dc8e16d855c67c5b6468770d8641c79 for actor ec959ae5341da03cb142fa9601000000, job id = 01000000
[2025-06-26 10:18:26,521 I 2322602 2322602] (gcs_server) gcs_actor_scheduler.cc:454: Start creating actor ec959ae5341da03cb142fa9601000000 on worker 4751fc14c4b4b7c7592e6e20f861977f528fd0b1c5adaeb1dbf1c488 at node 74e79a60102cf6723a11c0106dc8e16d855c67c5b6468770d8641c79, job id = 01000000
[2025-06-26 10:18:31,018 I 2322602 2322602] (gcs_server) gcs_actor_scheduler.cc:491: Finished actor creation task for actor ec959ae5341da03cb142fa9601000000 on worker 4751fc14c4b4b7c7592e6e20f861977f528fd0b1c5adaeb1dbf1c488 at node 74e79a60102cf6723a11c0106dc8e16d855c67c5b6468770d8641c79, job id = 01000000
[2025-06-26 10:18:31,018 I 2322602 2322602] (gcs_server) gcs_actor_manager.cc:1586: Actor created successfully job_id=01000000 actor_id=ec959ae5341da03cb142fa9601000000
[2025-06-26 10:18:31,018 I 2322602 2322602] (gcs_server) gcs_actor_manager.cc:530: Finished creating actor. Status: OK job_id=01000000 actor_id=ec959ae5341da03cb142fa9601000000
[2025-06-26 10:18:31,022 I 2322602 2322602] (gcs_server) gcs_actor_manager.cc:403: Registering actor job_id=01000000 actor_id=f554401aa6a8fa1adfed945f01000000
[2025-06-26 10:18:31,022 I 2322602 2322602] (gcs_server) gcs_actor_manager.cc:408: Registered actor, job id = 01000000, actor id = f554401aa6a8fa1adfed945f01000000
[2025-06-26 10:18:31,022 I 2322602 2322602] (gcs_server) gcs_actor_manager.cc:515: Creating actor job_id=01000000 actor_id=f554401aa6a8fa1adfed945f01000000
[2025-06-26 10:18:31,023 I 2322602 2322602] (gcs_server) gcs_actor_scheduler.cc:318: Start leasing worker from node 74e79a60102cf6723a11c0106dc8e16d855c67c5b6468770d8641c79 for actor f554401aa6a8fa1adfed945f01000000, job id = 01000000
[2025-06-26 10:18:31,023 I 2322602 2322602] (gcs_server) gcs_actor_scheduler.cc:642: Finished leasing worker from 74e79a60102cf6723a11c0106dc8e16d855c67c5b6468770d8641c79 for actor f554401aa6a8fa1adfed945f01000000, job id = 01000000
[2025-06-26 10:18:31,023 I 2322602 2322602] (gcs_server) gcs_actor_scheduler.cc:454: Start creating actor f554401aa6a8fa1adfed945f01000000 on worker 33cf4e83d8a8976e3200ac2a44fd7b06d9def110ec97b7eaa25dea31 at node 74e79a60102cf6723a11c0106dc8e16d855c67c5b6468770d8641c79, job id = 01000000
[2025-06-26 10:18:35,669 I 2322602 2322602] (gcs_server) gcs_actor_scheduler.cc:491: Finished actor creation task for actor f554401aa6a8fa1adfed945f01000000 on worker 33cf4e83d8a8976e3200ac2a44fd7b06d9def110ec97b7eaa25dea31 at node 74e79a60102cf6723a11c0106dc8e16d855c67c5b6468770d8641c79, job id = 01000000
[2025-06-26 10:18:35,669 I 2322602 2322602] (gcs_server) gcs_actor_manager.cc:1586: Actor created successfully job_id=01000000 actor_id=f554401aa6a8fa1adfed945f01000000
[2025-06-26 10:18:35,669 I 2322602 2322602] (gcs_server) gcs_actor_manager.cc:530: Finished creating actor. Status: OK job_id=01000000 actor_id=f554401aa6a8fa1adfed945f01000000
[2025-06-26 10:18:35,675 I 2322602 2322602] (gcs_server) gcs_actor_manager.cc:403: Registering actor job_id=01000000 actor_id=e8384dfa0f89c11c36b01c7901000000
[2025-06-26 10:18:35,675 I 2322602 2322602] (gcs_server) gcs_actor_manager.cc:408: Registered actor, job id = 01000000, actor id = e8384dfa0f89c11c36b01c7901000000
[2025-06-26 10:18:35,676 I 2322602 2322602] (gcs_server) gcs_actor_manager.cc:515: Creating actor job_id=01000000 actor_id=e8384dfa0f89c11c36b01c7901000000
[2025-06-26 10:18:35,676 I 2322602 2322602] (gcs_server) gcs_actor_scheduler.cc:318: Start leasing worker from node 74e79a60102cf6723a11c0106dc8e16d855c67c5b6468770d8641c79 for actor e8384dfa0f89c11c36b01c7901000000, job id = 01000000
[2025-06-26 10:18:35,677 I 2322602 2322602] (gcs_server) gcs_actor_scheduler.cc:642: Finished leasing worker from 74e79a60102cf6723a11c0106dc8e16d855c67c5b6468770d8641c79 for actor e8384dfa0f89c11c36b01c7901000000, job id = 01000000
[2025-06-26 10:18:35,677 I 2322602 2322602] (gcs_server) gcs_actor_scheduler.cc:454: Start creating actor e8384dfa0f89c11c36b01c7901000000 on worker 067bf75744dfdcf9a798baf5955951f2c7985a53540af515da889b5c at node 74e79a60102cf6723a11c0106dc8e16d855c67c5b6468770d8641c79, job id = 01000000
[2025-06-26 10:18:40,310 I 2322602 2322602] (gcs_server) gcs_actor_scheduler.cc:491: Finished actor creation task for actor e8384dfa0f89c11c36b01c7901000000 on worker 067bf75744dfdcf9a798baf5955951f2c7985a53540af515da889b5c at node 74e79a60102cf6723a11c0106dc8e16d855c67c5b6468770d8641c79, job id = 01000000
[2025-06-26 10:18:40,310 I 2322602 2322602] (gcs_server) gcs_actor_manager.cc:1586: Actor created successfully job_id=01000000 actor_id=e8384dfa0f89c11c36b01c7901000000
[2025-06-26 10:18:40,310 I 2322602 2322602] (gcs_server) gcs_actor_manager.cc:530: Finished creating actor. Status: OK job_id=01000000 actor_id=e8384dfa0f89c11c36b01c7901000000
[2025-06-26 10:18:40,313 I 2322602 2322602] (gcs_server) gcs_actor_manager.cc:403: Registering actor job_id=01000000 actor_id=841d2286eda7288583d0e47001000000
[2025-06-26 10:18:40,314 I 2322602 2322602] (gcs_server) gcs_actor_manager.cc:408: Registered actor, job id = 01000000, actor id = 841d2286eda7288583d0e47001000000
[2025-06-26 10:18:40,314 I 2322602 2322602] (gcs_server) gcs_actor_manager.cc:515: Creating actor job_id=01000000 actor_id=841d2286eda7288583d0e47001000000
[2025-06-26 10:18:40,314 I 2322602 2322602] (gcs_server) gcs_actor_scheduler.cc:318: Start leasing worker from node 74e79a60102cf6723a11c0106dc8e16d855c67c5b6468770d8641c79 for actor 841d2286eda7288583d0e47001000000, job id = 01000000
[2025-06-26 10:18:40,315 I 2322602 2322602] (gcs_server) gcs_actor_scheduler.cc:642: Finished leasing worker from 74e79a60102cf6723a11c0106dc8e16d855c67c5b6468770d8641c79 for actor 841d2286eda7288583d0e47001000000, job id = 01000000
[2025-06-26 10:18:40,315 I 2322602 2322602] (gcs_server) gcs_actor_scheduler.cc:454: Start creating actor 841d2286eda7288583d0e47001000000 on worker 12900b6cb5fc5dfac4c39a6cc70dfcf0583883729fbf14fd0ca72257 at node 74e79a60102cf6723a11c0106dc8e16d855c67c5b6468770d8641c79, job id = 01000000
[2025-06-26 10:18:44,907 I 2322602 2322602] (gcs_server) gcs_actor_scheduler.cc:491: Finished actor creation task for actor 841d2286eda7288583d0e47001000000 on worker 12900b6cb5fc5dfac4c39a6cc70dfcf0583883729fbf14fd0ca72257 at node 74e79a60102cf6723a11c0106dc8e16d855c67c5b6468770d8641c79, job id = 01000000
[2025-06-26 10:18:44,907 I 2322602 2322602] (gcs_server) gcs_actor_manager.cc:1586: Actor created successfully job_id=01000000 actor_id=841d2286eda7288583d0e47001000000
[2025-06-26 10:18:44,907 I 2322602 2322602] (gcs_server) gcs_actor_manager.cc:530: Finished creating actor. Status: OK job_id=01000000 actor_id=841d2286eda7288583d0e47001000000
[2025-06-26 10:18:44,911 I 2322602 2322602] (gcs_server) gcs_actor_manager.cc:403: Registering actor job_id=01000000 actor_id=837c12f33b2954bf24861c7901000000
[2025-06-26 10:18:44,911 I 2322602 2322602] (gcs_server) gcs_actor_manager.cc:408: Registered actor, job id = 01000000, actor id = 837c12f33b2954bf24861c7901000000
[2025-06-26 10:18:44,912 I 2322602 2322602] (gcs_server) gcs_actor_manager.cc:515: Creating actor job_id=01000000 actor_id=837c12f33b2954bf24861c7901000000
[2025-06-26 10:18:44,912 I 2322602 2322602] (gcs_server) gcs_actor_scheduler.cc:318: Start leasing worker from node 74e79a60102cf6723a11c0106dc8e16d855c67c5b6468770d8641c79 for actor 837c12f33b2954bf24861c7901000000, job id = 01000000
[2025-06-26 10:18:44,913 I 2322602 2322602] (gcs_server) gcs_actor_scheduler.cc:642: Finished leasing worker from 74e79a60102cf6723a11c0106dc8e16d855c67c5b6468770d8641c79 for actor 837c12f33b2954bf24861c7901000000, job id = 01000000
[2025-06-26 10:18:44,913 I 2322602 2322602] (gcs_server) gcs_actor_scheduler.cc:454: Start creating actor 837c12f33b2954bf24861c7901000000 on worker 1f51c9727b269bb48c61b15eb25f3ebda8f37280f1fabf2cfd88ea16 at node 74e79a60102cf6723a11c0106dc8e16d855c67c5b6468770d8641c79, job id = 01000000
[2025-06-26 10:18:49,463 I 2322602 2322602] (gcs_server) gcs_actor_scheduler.cc:491: Finished actor creation task for actor 837c12f33b2954bf24861c7901000000 on worker 1f51c9727b269bb48c61b15eb25f3ebda8f37280f1fabf2cfd88ea16 at node 74e79a60102cf6723a11c0106dc8e16d855c67c5b6468770d8641c79, job id = 01000000
[2025-06-26 10:18:49,463 I 2322602 2322602] (gcs_server) gcs_actor_manager.cc:1586: Actor created successfully job_id=01000000 actor_id=837c12f33b2954bf24861c7901000000
[2025-06-26 10:18:49,463 I 2322602 2322602] (gcs_server) gcs_actor_manager.cc:530: Finished creating actor. Status: OK job_id=01000000 actor_id=837c12f33b2954bf24861c7901000000
[2025-06-26 10:18:49,466 I 2322602 2322602] (gcs_server) gcs_actor_manager.cc:403: Registering actor job_id=01000000 actor_id=e1efdbbd880d188892bbf84701000000
[2025-06-26 10:18:49,467 I 2322602 2322602] (gcs_server) gcs_actor_manager.cc:408: Registered actor, job id = 01000000, actor id = e1efdbbd880d188892bbf84701000000
[2025-06-26 10:18:49,467 I 2322602 2322602] (gcs_server) gcs_actor_manager.cc:515: Creating actor job_id=01000000 actor_id=e1efdbbd880d188892bbf84701000000
[2025-06-26 10:18:49,467 I 2322602 2322602] (gcs_server) gcs_actor_scheduler.cc:318: Start leasing worker from node 74e79a60102cf6723a11c0106dc8e16d855c67c5b6468770d8641c79 for actor e1efdbbd880d188892bbf84701000000, job id = 01000000
[2025-06-26 10:18:49,468 I 2322602 2322602] (gcs_server) gcs_actor_scheduler.cc:642: Finished leasing worker from 74e79a60102cf6723a11c0106dc8e16d855c67c5b6468770d8641c79 for actor e1efdbbd880d188892bbf84701000000, job id = 01000000
[2025-06-26 10:18:49,468 I 2322602 2322602] (gcs_server) gcs_actor_scheduler.cc:454: Start creating actor e1efdbbd880d188892bbf84701000000 on worker 4b052f36428ad0403a290ac49f12532c08d767629179d82866140917 at node 74e79a60102cf6723a11c0106dc8e16d855c67c5b6468770d8641c79, job id = 01000000
[2025-06-26 10:18:54,017 I 2322602 2322602] (gcs_server) gcs_actor_scheduler.cc:491: Finished actor creation task for actor e1efdbbd880d188892bbf84701000000 on worker 4b052f36428ad0403a290ac49f12532c08d767629179d82866140917 at node 74e79a60102cf6723a11c0106dc8e16d855c67c5b6468770d8641c79, job id = 01000000
[2025-06-26 10:18:54,017 I 2322602 2322602] (gcs_server) gcs_actor_manager.cc:1586: Actor created successfully job_id=01000000 actor_id=e1efdbbd880d188892bbf84701000000
[2025-06-26 10:18:54,017 I 2322602 2322602] (gcs_server) gcs_actor_manager.cc:530: Finished creating actor. Status: OK job_id=01000000 actor_id=e1efdbbd880d188892bbf84701000000
[2025-06-26 10:18:54,036 I 2322602 2322602] (gcs_server) gcs_actor_manager.cc:1072: Destroying actor job_id=01000000 actor_id=ac7d03a1223615cc2e4d4dfb01000000
[2025-06-26 10:18:54,038 I 2322602 2322602] (gcs_server) gcs_actor_manager.cc:1051: Actor ac7d03a1223615cc2e4d4dfb01000000 has no references, destroying actor, job id = 01000000
[2025-06-26 10:18:54,038 I 2322602 2322602] (gcs_server) gcs_actor_manager.cc:1072: Destroying actor job_id=01000000 actor_id=ac7d03a1223615cc2e4d4dfb01000000
[2025-06-26 10:18:54,038 I 2322602 2322602] (gcs_server) gcs_actor_manager.cc:1077: Tried to destroy actor that does not exist actor_id=ac7d03a1223615cc2e4d4dfb01000000
[2025-06-26 10:18:54,038 I 2322602 2322602] (gcs_server) gcs_actor_manager.cc:1072: Destroying actor job_id=01000000 actor_id=7868fa154d42f475dc3ef6aa01000000
[2025-06-26 10:18:54,038 I 2322602 2322602] (gcs_server) gcs_actor_manager.cc:1051: Actor 7868fa154d42f475dc3ef6aa01000000 has no references, destroying actor, job id = 01000000
[2025-06-26 10:18:54,038 I 2322602 2322602] (gcs_server) gcs_actor_manager.cc:1072: Destroying actor job_id=01000000 actor_id=7868fa154d42f475dc3ef6aa01000000
[2025-06-26 10:18:54,038 I 2322602 2322602] (gcs_server) gcs_actor_manager.cc:1077: Tried to destroy actor that does not exist actor_id=7868fa154d42f475dc3ef6aa01000000
[2025-06-26 10:18:54,038 I 2322602 2322602] (gcs_server) gcs_actor_manager.cc:1072: Destroying actor job_id=01000000 actor_id=ec959ae5341da03cb142fa9601000000
[2025-06-26 10:18:54,038 I 2322602 2322602] (gcs_server) gcs_actor_manager.cc:1072: Destroying actor job_id=01000000 actor_id=f554401aa6a8fa1adfed945f01000000
[2025-06-26 10:18:54,039 I 2322602 2322602] (gcs_server) gcs_actor_manager.cc:1051: Actor ec959ae5341da03cb142fa9601000000 has no references, destroying actor, job id = 01000000
[2025-06-26 10:18:54,039 I 2322602 2322602] (gcs_server) gcs_actor_manager.cc:1072: Destroying actor job_id=01000000 actor_id=ec959ae5341da03cb142fa9601000000
[2025-06-26 10:18:54,039 I 2322602 2322602] (gcs_server) gcs_actor_manager.cc:1077: Tried to destroy actor that does not exist actor_id=ec959ae5341da03cb142fa9601000000
[2025-06-26 10:18:54,039 I 2322602 2322602] (gcs_server) gcs_actor_manager.cc:1072: Destroying actor job_id=01000000 actor_id=e8384dfa0f89c11c36b01c7901000000
[2025-06-26 10:18:54,039 I 2322602 2322602] (gcs_server) gcs_actor_manager.cc:1051: Actor f554401aa6a8fa1adfed945f01000000 has no references, destroying actor, job id = 01000000
[2025-06-26 10:18:54,039 I 2322602 2322602] (gcs_server) gcs_actor_manager.cc:1072: Destroying actor job_id=01000000 actor_id=f554401aa6a8fa1adfed945f01000000
[2025-06-26 10:18:54,039 I 2322602 2322602] (gcs_server) gcs_actor_manager.cc:1077: Tried to destroy actor that does not exist actor_id=f554401aa6a8fa1adfed945f01000000
[2025-06-26 10:18:54,039 I 2322602 2322602] (gcs_server) gcs_actor_manager.cc:1072: Destroying actor job_id=01000000 actor_id=841d2286eda7288583d0e47001000000
[2025-06-26 10:18:54,039 I 2322602 2322602] (gcs_server) gcs_actor_manager.cc:1051: Actor e8384dfa0f89c11c36b01c7901000000 has no references, destroying actor, job id = 01000000
[2025-06-26 10:18:54,039 I 2322602 2322602] (gcs_server) gcs_actor_manager.cc:1072: Destroying actor job_id=01000000 actor_id=e8384dfa0f89c11c36b01c7901000000
[2025-06-26 10:18:54,039 I 2322602 2322602] (gcs_server) gcs_actor_manager.cc:1077: Tried to destroy actor that does not exist actor_id=e8384dfa0f89c11c36b01c7901000000
[2025-06-26 10:18:54,039 I 2322602 2322602] (gcs_server) gcs_actor_manager.cc:1072: Destroying actor job_id=01000000 actor_id=837c12f33b2954bf24861c7901000000
[2025-06-26 10:18:54,040 I 2322602 2322602] (gcs_server) gcs_actor_manager.cc:1051: Actor 841d2286eda7288583d0e47001000000 has no references, destroying actor, job id = 01000000
[2025-06-26 10:18:54,040 I 2322602 2322602] (gcs_server) gcs_actor_manager.cc:1072: Destroying actor job_id=01000000 actor_id=841d2286eda7288583d0e47001000000
[2025-06-26 10:18:54,040 I 2322602 2322602] (gcs_server) gcs_actor_manager.cc:1077: Tried to destroy actor that does not exist actor_id=841d2286eda7288583d0e47001000000
[2025-06-26 10:18:54,040 I 2322602 2322602] (gcs_server) gcs_actor_manager.cc:1051: Actor 837c12f33b2954bf24861c7901000000 has no references, destroying actor, job id = 01000000
[2025-06-26 10:18:54,040 I 2322602 2322602] (gcs_server) gcs_actor_manager.cc:1072: Destroying actor job_id=01000000 actor_id=837c12f33b2954bf24861c7901000000
[2025-06-26 10:18:54,040 I 2322602 2322602] (gcs_server) gcs_actor_manager.cc:1077: Tried to destroy actor that does not exist actor_id=837c12f33b2954bf24861c7901000000
[2025-06-26 10:18:54,062 I 2322602 2322602] (gcs_server) gcs_actor_manager.cc:1072: Destroying actor job_id=01000000 actor_id=e1efdbbd880d188892bbf84701000000
[2025-06-26 10:18:54,062 I 2322602 2322602] (gcs_server) gcs_job_manager.cc:156: Finished marking job state, job id = 01000000
[2025-06-26 10:18:54,063 I 2322602 2322602] (gcs_server) gcs_actor_manager.cc:1047: Worker 01000000ffffffffffffffffffffffffffffffffffffffffffffffff failed, destroying actor child, job id = 01000000
[2025-06-26 10:18:54,239 I 2322602 2322602] (gcs_server) gcs_node_manager.cc:386: Removing node, node name = 192.168.10.101, death reason = EXPECTED_TERMINATION, death message = received SIGTERM node_id=74e79a60102cf6723a11c0106dc8e16d855c67c5b6468770d8641c79
[2025-06-26 10:18:54,240 I 2322602 2322602] (gcs_server) gcs_placement_group_mgr.cc:802: Node is dead, rescheduling the placement groups on the dead node. node_id=74e79a60102cf6723a11c0106dc8e16d855c67c5b6468770d8641c79
[2025-06-26 10:18:54,240 I 2322602 2322602] (gcs_server) gcs_actor_manager.cc:1325: Node is dead, reconstructing actors. node_id=74e79a60102cf6723a11c0106dc8e16d855c67c5b6468770d8641c79
[2025-06-26 10:18:54,240 I 2322602 2322602] (gcs_server) gcs_job_manager.cc:478: Node is dead, mark all jobs from this node as finished node_id=74e79a60102cf6723a11c0106dc8e16d855c67c5b6468770d8641c79
[2025-06-26 10:18:54,543 I 2322602 2322651] (gcs_server) ray_syncer_bidi_reactor_base.h:182: Failed to read the message from: 74e79a60102cf6723a11c0106dc8e16d855c67c5b6468770d8641c79
[2025-06-26 10:18:54,543 I 2322602 2322651] (gcs_server) ray_syncer.cc:241: Connection is broken. node_id=74e79a60102cf6723a11c0106dc8e16d855c67c5b6468770d8641c79
[2025-06-26 10:18:54,555 I 2322602 2322602] (gcs_server) gcs_server_main.cc:172: GCS server received SIGTERM, shutting down...
[2025-06-26 10:18:54,556 I 2322602 2322602] (gcs_server) gcs_server.cc:271: Stopping GCS server.
[2025-06-26 10:18:54,608 I 2322602 2322602] (gcs_server) gcs_server.cc:288: GCS server stopped.
[2025-06-26 10:18:54,608 I 2322602 2322602] (gcs_server) io_service_pool.cc:48: IOServicePool is stopped.
[2025-06-26 10:18:54,673 I 2322602 2322602] (gcs_server) stats.h:120: Stats module has shutdown.
