[2025-06-26 10:18:16,374 I 2322817 2322817] (raylet) main.cc:226: Setting cluster ID to: 18a69a0d6631f554d58ac730f42e12151c824138d4695e176b675462
[2025-06-26 10:18:16,380 I 2322817 2322817] (raylet) main.cc:341: Raylet is not set to kill unknown children.
[2025-06-26 10:18:16,380 I 2322817 2322817] (raylet) io_service_pool.cc:36: IOServicePool is running with 1 io_service.
[2025-06-26 10:18:16,380 I 2322817 2322817] (raylet) main.cc:469: Setting node ID node_id=74e79a60102cf6723a11c0106dc8e16d855c67c5b6468770d8641c79
[2025-06-26 10:18:16,381 I 2322817 2322817] (raylet) store_runner.cc:50: Allowing the Plasma store to use up to 68.7195GB of memory.
[2025-06-26 10:18:16,381 I 2322817 2322817] (raylet) store_runner.cc:66: Starting object store with directory /dev/shm, fallback /home/shuzuan/prj/ComfyUI-xDit/ray_temp/session_2025-06-26_10-18-15_388217_2322392, and huge page support disabled
[2025-06-26 10:18:16,381 I 2322817 2322848] (raylet) dlmalloc.cc:324: Setting dlmalloc config: plasma_directory=/dev/shm, fallback_directory=/home/shuzuan/prj/ComfyUI-xDit/ray_temp/session_2025-06-26_10-18-15_388217_2322392, hugepage_enabled=0, fallback_enabled=1
[2025-06-26 10:18:16,381 I 2322817 2322848] (raylet) dlmalloc.cc:153: create_and_mmap_buffer(68719476744, /dev/shm/plasmaXXXXXX)
[2025-06-26 10:18:16,381 I 2322817 2322848] (raylet) store.cc:576: Plasma store debug dump: 
Current usage: 0 / 68.7195 GB
- num bytes created total: 0
0 pending objects of total size 0MB
- objects spillable: 0
- bytes spillable: 0
- objects unsealed: 0
- bytes unsealed: 0
- objects in use: 0
- bytes in use: 0
- objects evictable: 0
- bytes evictable: 0

- objects created by worker: 0
- bytes created by worker: 0
- objects restored: 0
- bytes restored: 0
- objects received: 0
- bytes received: 0
- objects errored: 0
- bytes errored: 0

[2025-06-26 10:18:16,384 I 2322817 2322817] (raylet) grpc_server.cc:141: ObjectManager server started, listening on port 35063.
[2025-06-26 10:18:16,386 I 2322817 2322817] (raylet) worker_killing_policy.cc:107: Running GroupByOwner policy.
[2025-06-26 10:18:16,386 W 2322817 2322817] (raylet) memory_monitor.cc:198: Got negative used memory for cgroup -1, setting it to zero
[2025-06-26 10:18:16,386 I 2322817 2322817] (raylet) memory_monitor.cc:48: MemoryMonitor initialized with usage threshold at 256695140352 bytes (0.95 system memory), total system memory bytes: 270205427712
[2025-06-26 10:18:16,386 I 2322817 2322817] (raylet) node_manager.cc:227: Initializing NodeManager node_id=74e79a60102cf6723a11c0106dc8e16d855c67c5b6468770d8641c79
[2025-06-26 10:18:16,387 I 2322817 2322817] (raylet) grpc_server.cc:141: NodeManager server started, listening on port 43437.
[2025-06-26 10:18:16,394 I 2322817 2322898] (raylet) agent_manager.cc:80: Monitor agent process with name dashboard_agent
[2025-06-26 10:18:16,394 I 2322817 2322900] (raylet) agent_manager.cc:80: Monitor agent process with name runtime_env_agent
[2025-06-26 10:18:16,394 I 2322817 2322817] (raylet) event.cc:500: Ray Event initialized for RAYLET
[2025-06-26 10:18:16,394 I 2322817 2322817] (raylet) event.cc:331: Set ray event level to warning
[2025-06-26 10:18:16,396 I 2322817 2322817] (raylet) raylet.cc:260: Raylet of id, 74e79a60102cf6723a11c0106dc8e16d855c67c5b6468770d8641c79 started. Raylet consists of node_manager and object_manager. node_manager address: 192.168.10.101:43437 object_manager address: 192.168.10.101:35063 hostname: vm-ubuntu1
[2025-06-26 10:18:16,398 I 2322817 2322817] (raylet) node_manager.cc:450: [state-dump] NodeManager:
[state-dump] Node ID: 74e79a60102cf6723a11c0106dc8e16d855c67c5b6468770d8641c79
[state-dump] Node name: 192.168.10.101
[state-dump] InitialConfigResources: {node:192.168.10.101: 1, GPU: 8, node:__internal_head__: 1, object_store_memory: 6.87195e+10, accelerator_type:G: 1, memory: 1.97034e+11, CPU: 96}
[state-dump] ClusterTaskManager:
[state-dump] ========== Node: 74e79a60102cf6723a11c0106dc8e16d855c67c5b6468770d8641c79 =================
[state-dump] Infeasible queue length: 0
[state-dump] Schedule queue length: 0
[state-dump] Dispatch queue length: 0
[state-dump] num_waiting_for_resource: 0
[state-dump] num_waiting_for_plasma_memory: 0
[state-dump] num_waiting_for_remote_node_resources: 0
[state-dump] num_worker_not_started_by_job_config_not_exist: 0
[state-dump] num_worker_not_started_by_registration_timeout: 0
[state-dump] num_tasks_waiting_for_workers: 0
[state-dump] num_cancelled_tasks: 0
[state-dump] cluster_resource_scheduler state: 
[state-dump] Local id: 406279693648242322 Local resources: {"total":{node:__internal_head__: [10000], node:192.168.10.101: [10000], memory: [1970342461440000], GPU: [10000, 10000, 10000, 10000, 10000, 10000, 10000, 10000], object_store_memory: [687194767360000], CPU: [960000], accelerator_type:G: [10000]}}, "available": {object_store_memory: [687194767360000], CPU: [960000], accelerator_type:G: [10000], node:__internal_head__: [10000], node:192.168.10.101: [10000], GPU: [10000, 10000, 10000, 10000, 10000, 10000, 10000, 10000], memory: [1970342461440000]}}, "labels":{"ray.io/node_id":"74e79a60102cf6723a11c0106dc8e16d855c67c5b6468770d8641c79",} is_draining: 0 is_idle: 1 Cluster resources (at most 20 nodes are shown): node id: 406279693648242322{"total":{node:__internal_head__: 10000, accelerator_type:G: 10000, CPU: 960000, object_store_memory: 687194767360000, node:192.168.10.101: 10000, memory: 1970342461440000, GPU: 80000}}, "available": {accelerator_type:G: 10000, node:192.168.10.101: 10000, GPU: 80000, node:__internal_head__: 10000, object_store_memory: 687194767360000, memory: 1970342461440000, CPU: 960000}}, "labels":{"ray.io/node_id":"74e79a60102cf6723a11c0106dc8e16d855c67c5b6468770d8641c79",}, "is_draining": 0, "draining_deadline_timestamp_ms": -1} { "placement group locations": [], "node to bundles": []}
[state-dump] Waiting tasks size: 0
[state-dump] Number of executing tasks: 0
[state-dump] Number of pinned task arguments: 0
[state-dump] Number of total spilled tasks: 0
[state-dump] Number of spilled waiting tasks: 0
[state-dump] Number of spilled unschedulable tasks: 0
[state-dump] Resource usage {
[state-dump] }
[state-dump] Backlog Size per scheduling descriptor :{workerId: num backlogs}:
[state-dump] 
[state-dump] Running tasks by scheduling class:
[state-dump] ==================================================
[state-dump] 
[state-dump] ClusterResources:
[state-dump] LocalObjectManager:
[state-dump] - num pinned objects: 0
[state-dump] - pinned objects size: 0
[state-dump] - num objects pending restore: 0
[state-dump] - num objects pending spill: 0
[state-dump] - num bytes pending spill: 0
[state-dump] - num bytes currently spilled: 0
[state-dump] - cumulative spill requests: 0
[state-dump] - cumulative restore requests: 0
[state-dump] - spilled objects pending delete: 0
[state-dump] 
[state-dump] ObjectManager:
[state-dump] - num local objects: 0
[state-dump] - num unfulfilled push requests: 0
[state-dump] - num object pull requests: 0
[state-dump] - num chunks received total: 0
[state-dump] - num chunks received failed (all): 0
[state-dump] - num chunks received failed / cancelled: 0
[state-dump] - num chunks received failed / plasma error: 0
[state-dump] Event stats:
[state-dump] Global stats: 0 total (0 active)
[state-dump] Queueing time: mean = -nan s, max = -0.000 s, min = 9223372036.855 s, total = 0.000 s
[state-dump] Execution time:  mean = -nan s, total = 0.000 s
[state-dump] Event stats:
[state-dump] PushManager:
[state-dump] - num pushes in flight: 0
[state-dump] - num chunks in flight: 0
[state-dump] - num chunks remaining: 0
[state-dump] - max chunks allowed: 409
[state-dump] OwnershipBasedObjectDirectory:
[state-dump] - num listeners: 0
[state-dump] - cumulative location updates: 0
[state-dump] - num location updates per second: 0.000
[state-dump] - num location lookups per second: 0.000
[state-dump] - num locations added per second: 0.000
[state-dump] - num locations removed per second: 0.000
[state-dump] BufferPool:
[state-dump] - create buffer state map size: 0
[state-dump] PullManager:
[state-dump] - num bytes available for pulled objects: 68719476736
[state-dump] - num bytes being pulled (all): 0
[state-dump] - num bytes being pulled / pinned: 0
[state-dump] - get request bundles: BundlePullRequestQueue{0 total, 0 active, 0 inactive, 0 unpullable}
[state-dump] - wait request bundles: BundlePullRequestQueue{0 total, 0 active, 0 inactive, 0 unpullable}
[state-dump] - task request bundles: BundlePullRequestQueue{0 total, 0 active, 0 inactive, 0 unpullable}
[state-dump] - first get request bundle: N/A
[state-dump] - first wait request bundle: N/A
[state-dump] - first task request bundle: N/A
[state-dump] - num objects queued: 0
[state-dump] - num objects actively pulled (all): 0
[state-dump] - num objects actively pulled / pinned: 0
[state-dump] - num bundles being pulled: 0
[state-dump] - num pull retries: 0
[state-dump] - max timeout seconds: 0
[state-dump] - max timeout request is already processed. No entry.
[state-dump] 
[state-dump] WorkerPool:
[state-dump] - registered jobs: 0
[state-dump] - process_failed_job_config_missing: 0
[state-dump] - process_failed_rate_limited: 0
[state-dump] - process_failed_pending_registration: 0
[state-dump] - process_failed_runtime_env_setup_failed: 0
[state-dump] - num PYTHON workers: 0
[state-dump] - num PYTHON drivers: 0
[state-dump] - num PYTHON pending start requests: 0
[state-dump] - num PYTHON pending registration requests: 0
[state-dump] - num object spill callbacks queued: 0
[state-dump] - num object restore queued: 0
[state-dump] - num util functions queued: 0
[state-dump] - num JAVA workers: 0
[state-dump] - num JAVA drivers: 0
[state-dump] - num JAVA pending start requests: 0
[state-dump] - num JAVA pending registration requests: 0
[state-dump] - num object spill callbacks queued: 0
[state-dump] - num object restore queued: 0
[state-dump] - num util functions queued: 0
[state-dump] - num idle workers: 0
[state-dump] TaskDependencyManager:
[state-dump] - task deps map size: 0
[state-dump] - get req map size: 0
[state-dump] - wait req map size: 0
[state-dump] - local objects map size: 0
[state-dump] WaitManager:
[state-dump] - num active wait requests: 0
[state-dump] Subscriber:
[state-dump] Channel WORKER_OBJECT_EVICTION
[state-dump] - cumulative subscribe requests: 0
[state-dump] - cumulative unsubscribe requests: 0
[state-dump] - active subscribed publishers: 0
[state-dump] - cumulative published messages: 0
[state-dump] - cumulative processed messages: 0
[state-dump] Channel WORKER_REF_REMOVED_CHANNEL
[state-dump] - cumulative subscribe requests: 0
[state-dump] - cumulative unsubscribe requests: 0
[state-dump] - active subscribed publishers: 0
[state-dump] - cumulative published messages: 0
[state-dump] - cumulative processed messages: 0
[state-dump] Channel WORKER_OBJECT_LOCATIONS_CHANNEL
[state-dump] - cumulative subscribe requests: 0
[state-dump] - cumulative unsubscribe requests: 0
[state-dump] - active subscribed publishers: 0
[state-dump] - cumulative published messages: 0
[state-dump] - cumulative processed messages: 0
[state-dump] num async plasma notifications: 0
[state-dump] Event stats:
[state-dump] Global stats: 29 total (14 active)
[state-dump] Queueing time: mean = 1.381 ms, max = 8.688 ms, min = 15.638 us, total = 40.061 ms
[state-dump] Execution time:  mean = 657.111 us, total = 19.056 ms
[state-dump] Event stats:
[state-dump] 	PeriodicalRunner.RunFnPeriodically - 12 total (2 active, 1 running), Execution time: mean = 134.586 us, total = 1.615 ms, Queueing time: mean = 3.336 ms, max = 8.688 ms, min = 24.691 us, total = 40.028 ms
[state-dump] 	MemoryMonitor.CheckIsMemoryUsageAboveThreshold - 1 total (1 active), Execution time: mean = 0.000 s, total = 0.000 s, Queueing time: mean = 0.000 s, max = -0.000 s, min = 9223372036.855 s, total = 0.000 s
[state-dump] 	ray::rpc::InternalPubSubGcsService.grpc_client.GcsSubscriberPoll - 1 total (1 active), Execution time: mean = 0.000 s, total = 0.000 s, Queueing time: mean = 0.000 s, max = -0.000 s, min = 9223372036.855 s, total = 0.000 s
[state-dump] 	ray::rpc::InternalPubSubGcsService.grpc_client.GcsSubscriberCommandBatch.OnReplyReceived - 1 total (1 active), Execution time: mean = 0.000 s, total = 0.000 s, Queueing time: mean = 0.000 s, max = -0.000 s, min = 9223372036.855 s, total = 0.000 s
[state-dump] 	ray::rpc::NodeInfoGcsService.grpc_client.RegisterNode - 1 total (0 active), Execution time: mean = 1.004 ms, total = 1.004 ms, Queueing time: mean = 0.000 s, max = -0.000 s, min = 9223372036.855 s, total = 0.000 s
[state-dump] 	NodeManager.deadline_timer.debug_state_dump - 1 total (1 active), Execution time: mean = 0.000 s, total = 0.000 s, Queueing time: mean = 0.000 s, max = -0.000 s, min = 9223372036.855 s, total = 0.000 s
[state-dump] 	NodeManager.ScheduleAndDispatchTasks - 1 total (1 active), Execution time: mean = 0.000 s, total = 0.000 s, Queueing time: mean = 0.000 s, max = -0.000 s, min = 9223372036.855 s, total = 0.000 s
[state-dump] 	NodeManager.deadline_timer.spill_objects_when_over_threshold - 1 total (1 active), Execution time: mean = 0.000 s, total = 0.000 s, Queueing time: mean = 0.000 s, max = -0.000 s, min = 9223372036.855 s, total = 0.000 s
[state-dump] 	NodeManager.deadline_timer.record_metrics - 1 total (1 active), Execution time: mean = 0.000 s, total = 0.000 s, Queueing time: mean = 0.000 s, max = -0.000 s, min = 9223372036.855 s, total = 0.000 s
[state-dump] 	NodeManager.CheckForUnexpectedWorkerDisconnects - 1 total (1 active), Execution time: mean = 0.000 s, total = 0.000 s, Queueing time: mean = 0.000 s, max = -0.000 s, min = 9223372036.855 s, total = 0.000 s
[state-dump] 	ray::rpc::InternalPubSubGcsService.grpc_client.GcsSubscriberCommandBatch - 1 total (0 active), Execution time: mean = 510.027 us, total = 510.027 us, Queueing time: mean = 0.000 s, max = -0.000 s, min = 9223372036.855 s, total = 0.000 s
[state-dump] 	ray::rpc::NodeInfoGcsService.grpc_client.RegisterNode.OnReplyReceived - 1 total (0 active), Execution time: mean = 234.227 us, total = 234.227 us, Queueing time: mean = 16.731 us, max = 16.731 us, min = 16.731 us, total = 16.731 us
[state-dump] 	ray::rpc::InternalKVGcsService.grpc_client.GetInternalConfig - 1 total (0 active), Execution time: mean = 821.665 us, total = 821.665 us, Queueing time: mean = 0.000 s, max = -0.000 s, min = 9223372036.855 s, total = 0.000 s
[state-dump] 	NodeManager.GCTaskFailureReason - 1 total (1 active), Execution time: mean = 0.000 s, total = 0.000 s, Queueing time: mean = 0.000 s, max = -0.000 s, min = 9223372036.855 s, total = 0.000 s
[state-dump] 	ray::rpc::InternalKVGcsService.grpc_client.GetInternalConfig.OnReplyReceived - 1 total (0 active), Execution time: mean = 14.872 ms, total = 14.872 ms, Queueing time: mean = 15.638 us, max = 15.638 us, min = 15.638 us, total = 15.638 us
[state-dump] 	NodeManager.deadline_timer.flush_free_objects - 1 total (1 active), Execution time: mean = 0.000 s, total = 0.000 s, Queueing time: mean = 0.000 s, max = -0.000 s, min = 9223372036.855 s, total = 0.000 s
[state-dump] 	ClusterResourceManager.ResetRemoteNodeView - 1 total (1 active), Execution time: mean = 0.000 s, total = 0.000 s, Queueing time: mean = 0.000 s, max = -0.000 s, min = 9223372036.855 s, total = 0.000 s
[state-dump] 	RayletWorkerPool.deadline_timer.kill_idle_workers - 1 total (1 active), Execution time: mean = 0.000 s, total = 0.000 s, Queueing time: mean = 0.000 s, max = -0.000 s, min = 9223372036.855 s, total = 0.000 s
[state-dump] DebugString() time ms: 0
[state-dump] 
[state-dump] 
[2025-06-26 10:18:16,399 I 2322817 2322817] (raylet) accessor.cc:768: Received notification for node, IsAlive = 1 node_id=74e79a60102cf6723a11c0106dc8e16d855c67c5b6468770d8641c79
[2025-06-26 10:18:16,410 I 2322817 2322817] (raylet) worker_pool.cc:527: Started worker process with pid 2322939, the token is 0
[2025-06-26 10:18:16,412 I 2322817 2322817] (raylet) worker_pool.cc:527: Started worker process with pid 2322940, the token is 1
[2025-06-26 10:18:16,415 I 2322817 2322817] (raylet) worker_pool.cc:527: Started worker process with pid 2322941, the token is 2
[2025-06-26 10:18:16,417 I 2322817 2322817] (raylet) worker_pool.cc:527: Started worker process with pid 2322942, the token is 3
[2025-06-26 10:18:16,419 I 2322817 2322817] (raylet) worker_pool.cc:527: Started worker process with pid 2322943, the token is 4
[2025-06-26 10:18:16,421 I 2322817 2322817] (raylet) worker_pool.cc:527: Started worker process with pid 2322944, the token is 5
[2025-06-26 10:18:16,424 I 2322817 2322817] (raylet) worker_pool.cc:527: Started worker process with pid 2322945, the token is 6
[2025-06-26 10:18:16,426 I 2322817 2322817] (raylet) worker_pool.cc:527: Started worker process with pid 2322946, the token is 7
[2025-06-26 10:18:16,428 I 2322817 2322817] (raylet) worker_pool.cc:527: Started worker process with pid 2322947, the token is 8
[2025-06-26 10:18:16,430 I 2322817 2322817] (raylet) worker_pool.cc:527: Started worker process with pid 2322948, the token is 9
[2025-06-26 10:18:16,432 I 2322817 2322817] (raylet) worker_pool.cc:527: Started worker process with pid 2322949, the token is 10
[2025-06-26 10:18:16,434 I 2322817 2322817] (raylet) worker_pool.cc:527: Started worker process with pid 2322950, the token is 11
[2025-06-26 10:18:16,436 I 2322817 2322817] (raylet) worker_pool.cc:527: Started worker process with pid 2322951, the token is 12
[2025-06-26 10:18:16,439 I 2322817 2322817] (raylet) worker_pool.cc:527: Started worker process with pid 2322952, the token is 13
[2025-06-26 10:18:16,442 I 2322817 2322817] (raylet) worker_pool.cc:527: Started worker process with pid 2322953, the token is 14
[2025-06-26 10:18:16,446 I 2322817 2322817] (raylet) worker_pool.cc:527: Started worker process with pid 2322954, the token is 15
[2025-06-26 10:18:16,449 I 2322817 2322817] (raylet) worker_pool.cc:527: Started worker process with pid 2322955, the token is 16
[2025-06-26 10:18:16,452 I 2322817 2322817] (raylet) worker_pool.cc:527: Started worker process with pid 2322956, the token is 17
[2025-06-26 10:18:16,455 I 2322817 2322817] (raylet) worker_pool.cc:527: Started worker process with pid 2322957, the token is 18
[2025-06-26 10:18:16,458 I 2322817 2322817] (raylet) worker_pool.cc:527: Started worker process with pid 2322958, the token is 19
[2025-06-26 10:18:16,461 I 2322817 2322817] (raylet) worker_pool.cc:527: Started worker process with pid 2322959, the token is 20
[2025-06-26 10:18:16,465 I 2322817 2322817] (raylet) worker_pool.cc:527: Started worker process with pid 2322960, the token is 21
[2025-06-26 10:18:16,468 I 2322817 2322817] (raylet) worker_pool.cc:527: Started worker process with pid 2322961, the token is 22
[2025-06-26 10:18:16,471 I 2322817 2322817] (raylet) worker_pool.cc:527: Started worker process with pid 2322962, the token is 23
[2025-06-26 10:18:16,474 I 2322817 2322817] (raylet) worker_pool.cc:527: Started worker process with pid 2322963, the token is 24
[2025-06-26 10:18:16,477 I 2322817 2322817] (raylet) worker_pool.cc:527: Started worker process with pid 2322964, the token is 25
[2025-06-26 10:18:16,481 I 2322817 2322817] (raylet) worker_pool.cc:527: Started worker process with pid 2322965, the token is 26
[2025-06-26 10:18:16,485 I 2322817 2322817] (raylet) worker_pool.cc:527: Started worker process with pid 2322966, the token is 27
[2025-06-26 10:18:16,489 I 2322817 2322817] (raylet) worker_pool.cc:527: Started worker process with pid 2322967, the token is 28
[2025-06-26 10:18:16,492 I 2322817 2322817] (raylet) worker_pool.cc:527: Started worker process with pid 2322968, the token is 29
[2025-06-26 10:18:16,496 I 2322817 2322817] (raylet) worker_pool.cc:527: Started worker process with pid 2322970, the token is 30
[2025-06-26 10:18:16,499 I 2322817 2322817] (raylet) worker_pool.cc:527: Started worker process with pid 2322971, the token is 31
[2025-06-26 10:18:16,503 I 2322817 2322817] (raylet) worker_pool.cc:527: Started worker process with pid 2322972, the token is 32
[2025-06-26 10:18:16,507 I 2322817 2322817] (raylet) worker_pool.cc:527: Started worker process with pid 2322974, the token is 33
[2025-06-26 10:18:16,510 I 2322817 2322817] (raylet) worker_pool.cc:527: Started worker process with pid 2322975, the token is 34
[2025-06-26 10:18:16,514 I 2322817 2322817] (raylet) worker_pool.cc:527: Started worker process with pid 2322976, the token is 35
[2025-06-26 10:18:16,517 I 2322817 2322817] (raylet) worker_pool.cc:527: Started worker process with pid 2322977, the token is 36
[2025-06-26 10:18:16,521 I 2322817 2322817] (raylet) worker_pool.cc:527: Started worker process with pid 2322978, the token is 37
[2025-06-26 10:18:16,525 I 2322817 2322817] (raylet) worker_pool.cc:527: Started worker process with pid 2322980, the token is 38
[2025-06-26 10:18:16,528 I 2322817 2322817] (raylet) worker_pool.cc:527: Started worker process with pid 2322981, the token is 39
[2025-06-26 10:18:16,532 I 2322817 2322817] (raylet) worker_pool.cc:527: Started worker process with pid 2322982, the token is 40
[2025-06-26 10:18:16,536 I 2322817 2322817] (raylet) worker_pool.cc:527: Started worker process with pid 2322984, the token is 41
[2025-06-26 10:18:16,541 I 2322817 2322817] (raylet) worker_pool.cc:527: Started worker process with pid 2322985, the token is 42
[2025-06-26 10:18:16,544 I 2322817 2322817] (raylet) worker_pool.cc:527: Started worker process with pid 2322986, the token is 43
[2025-06-26 10:18:16,549 I 2322817 2322817] (raylet) worker_pool.cc:527: Started worker process with pid 2322987, the token is 44
[2025-06-26 10:18:16,553 I 2322817 2322817] (raylet) worker_pool.cc:527: Started worker process with pid 2322988, the token is 45
[2025-06-26 10:18:16,557 I 2322817 2322817] (raylet) worker_pool.cc:527: Started worker process with pid 2322990, the token is 46
[2025-06-26 10:18:16,561 I 2322817 2322817] (raylet) worker_pool.cc:527: Started worker process with pid 2322991, the token is 47
[2025-06-26 10:18:16,564 I 2322817 2322817] (raylet) worker_pool.cc:527: Started worker process with pid 2322994, the token is 48
[2025-06-26 10:18:16,568 I 2322817 2322817] (raylet) worker_pool.cc:527: Started worker process with pid 2322995, the token is 49
[2025-06-26 10:18:16,573 I 2322817 2322817] (raylet) worker_pool.cc:527: Started worker process with pid 2322996, the token is 50
[2025-06-26 10:18:16,577 I 2322817 2322817] (raylet) worker_pool.cc:527: Started worker process with pid 2322997, the token is 51
[2025-06-26 10:18:16,581 I 2322817 2322817] (raylet) worker_pool.cc:527: Started worker process with pid 2322998, the token is 52
[2025-06-26 10:18:16,586 I 2322817 2322817] (raylet) worker_pool.cc:527: Started worker process with pid 2322999, the token is 53
[2025-06-26 10:18:16,590 I 2322817 2322817] (raylet) worker_pool.cc:527: Started worker process with pid 2323001, the token is 54
[2025-06-26 10:18:16,594 I 2322817 2322817] (raylet) worker_pool.cc:527: Started worker process with pid 2323002, the token is 55
[2025-06-26 10:18:16,598 I 2322817 2322817] (raylet) worker_pool.cc:527: Started worker process with pid 2323003, the token is 56
[2025-06-26 10:18:16,602 I 2322817 2322817] (raylet) worker_pool.cc:527: Started worker process with pid 2323004, the token is 57
[2025-06-26 10:18:16,606 I 2322817 2322817] (raylet) worker_pool.cc:527: Started worker process with pid 2323005, the token is 58
[2025-06-26 10:18:16,610 I 2322817 2322817] (raylet) worker_pool.cc:527: Started worker process with pid 2323006, the token is 59
[2025-06-26 10:18:16,615 I 2322817 2322817] (raylet) worker_pool.cc:527: Started worker process with pid 2323007, the token is 60
[2025-06-26 10:18:16,619 I 2322817 2322817] (raylet) worker_pool.cc:527: Started worker process with pid 2323008, the token is 61
[2025-06-26 10:18:16,623 I 2322817 2322817] (raylet) worker_pool.cc:527: Started worker process with pid 2323009, the token is 62
[2025-06-26 10:18:16,627 I 2322817 2322817] (raylet) worker_pool.cc:527: Started worker process with pid 2323010, the token is 63
[2025-06-26 10:18:16,631 I 2322817 2322817] (raylet) worker_pool.cc:527: Started worker process with pid 2323012, the token is 64
[2025-06-26 10:18:16,635 I 2322817 2322817] (raylet) worker_pool.cc:527: Started worker process with pid 2323013, the token is 65
[2025-06-26 10:18:16,640 I 2322817 2322817] (raylet) worker_pool.cc:527: Started worker process with pid 2323015, the token is 66
[2025-06-26 10:18:16,645 I 2322817 2322817] (raylet) worker_pool.cc:527: Started worker process with pid 2323016, the token is 67
[2025-06-26 10:18:16,650 I 2322817 2322817] (raylet) worker_pool.cc:527: Started worker process with pid 2323018, the token is 68
[2025-06-26 10:18:16,654 I 2322817 2322817] (raylet) worker_pool.cc:527: Started worker process with pid 2323019, the token is 69
[2025-06-26 10:18:16,658 I 2322817 2322817] (raylet) worker_pool.cc:527: Started worker process with pid 2323021, the token is 70
[2025-06-26 10:18:16,663 I 2322817 2322817] (raylet) worker_pool.cc:527: Started worker process with pid 2323022, the token is 71
[2025-06-26 10:18:16,668 I 2322817 2322817] (raylet) worker_pool.cc:527: Started worker process with pid 2323023, the token is 72
[2025-06-26 10:18:16,673 I 2322817 2322817] (raylet) worker_pool.cc:527: Started worker process with pid 2323024, the token is 73
[2025-06-26 10:18:16,677 I 2322817 2322817] (raylet) worker_pool.cc:527: Started worker process with pid 2323025, the token is 74
[2025-06-26 10:18:16,682 I 2322817 2322817] (raylet) worker_pool.cc:527: Started worker process with pid 2323026, the token is 75
[2025-06-26 10:18:16,688 I 2322817 2322817] (raylet) worker_pool.cc:527: Started worker process with pid 2323027, the token is 76
[2025-06-26 10:18:16,693 I 2322817 2322817] (raylet) worker_pool.cc:527: Started worker process with pid 2323028, the token is 77
[2025-06-26 10:18:16,697 I 2322817 2322817] (raylet) worker_pool.cc:527: Started worker process with pid 2323029, the token is 78
[2025-06-26 10:18:16,702 I 2322817 2322817] (raylet) worker_pool.cc:527: Started worker process with pid 2323030, the token is 79
[2025-06-26 10:18:16,706 I 2322817 2322817] (raylet) worker_pool.cc:527: Started worker process with pid 2323031, the token is 80
[2025-06-26 10:18:16,711 I 2322817 2322817] (raylet) worker_pool.cc:527: Started worker process with pid 2323032, the token is 81
[2025-06-26 10:18:16,728 I 2322817 2322817] (raylet) worker_pool.cc:527: Started worker process with pid 2323033, the token is 82
[2025-06-26 10:18:16,733 I 2322817 2322817] (raylet) worker_pool.cc:527: Started worker process with pid 2323034, the token is 83
[2025-06-26 10:18:16,738 I 2322817 2322817] (raylet) worker_pool.cc:527: Started worker process with pid 2323035, the token is 84
[2025-06-26 10:18:16,743 I 2322817 2322817] (raylet) worker_pool.cc:527: Started worker process with pid 2323036, the token is 85
[2025-06-26 10:18:16,748 I 2322817 2322817] (raylet) worker_pool.cc:527: Started worker process with pid 2323041, the token is 86
[2025-06-26 10:18:16,753 I 2322817 2322817] (raylet) worker_pool.cc:527: Started worker process with pid 2323047, the token is 87
[2025-06-26 10:18:16,758 I 2322817 2322817] (raylet) worker_pool.cc:527: Started worker process with pid 2323098, the token is 88
[2025-06-26 10:18:16,763 I 2322817 2322817] (raylet) worker_pool.cc:527: Started worker process with pid 2323116, the token is 89
[2025-06-26 10:18:16,768 I 2322817 2322817] (raylet) worker_pool.cc:527: Started worker process with pid 2323164, the token is 90
[2025-06-26 10:18:16,772 I 2322817 2322817] (raylet) worker_pool.cc:527: Started worker process with pid 2323183, the token is 91
[2025-06-26 10:18:16,778 I 2322817 2322817] (raylet) worker_pool.cc:527: Started worker process with pid 2323210, the token is 92
[2025-06-26 10:18:16,783 I 2322817 2322817] (raylet) worker_pool.cc:527: Started worker process with pid 2323227, the token is 93
[2025-06-26 10:18:16,788 I 2322817 2322817] (raylet) worker_pool.cc:527: Started worker process with pid 2323246, the token is 94
[2025-06-26 10:18:16,794 I 2322817 2322817] (raylet) worker_pool.cc:527: Started worker process with pid 2323281, the token is 95
[2025-06-26 10:18:16,810 I 2322817 2322848] (raylet) object_store.cc:38: Object store current usage 8e-09 / 68.7195 GB.
[2025-06-26 10:18:17,302 I 2322817 2322817] (raylet) worker_pool.cc:724: Job 01000000 already started in worker pool.
[2025-06-26 10:18:21,552 W 2322817 2322817] (raylet) memory_monitor.cc:198: Got negative used memory for cgroup -1, setting it to zero
[2025-06-26 10:18:26,390 W 2322817 2322841] (raylet) metric_exporter.cc:105: [1] Export metrics to agent failed: RpcError: RPC Error message: failed to connect to all addresses; last error: UNKNOWN: ipv4:127.0.0.1:63714: Failed to connect to remote host: Connection refused; RPC Error details:  rpc_code: 14. This won't affect Ray, but you can lose metrics from the cluster.
[2025-06-26 10:18:26,555 W 2322817 2322817] (raylet) memory_monitor.cc:198: Got negative used memory for cgroup -1, setting it to zero
[2025-06-26 10:18:31,558 W 2322817 2322817] (raylet) memory_monitor.cc:198: Got negative used memory for cgroup -1, setting it to zero
[2025-06-26 10:18:36,562 W 2322817 2322817] (raylet) memory_monitor.cc:198: Got negative used memory for cgroup -1, setting it to zero
[2025-06-26 10:18:41,565 W 2322817 2322817] (raylet) memory_monitor.cc:198: Got negative used memory for cgroup -1, setting it to zero
[2025-06-26 10:18:46,569 W 2322817 2322817] (raylet) memory_monitor.cc:198: Got negative used memory for cgroup -1, setting it to zero
[2025-06-26 10:18:51,572 W 2322817 2322817] (raylet) memory_monitor.cc:198: Got negative used memory for cgroup -1, setting it to zero
[2025-06-26 10:18:54,056 I 2322817 2322817] (raylet) node_manager.cc:1523: Disconnecting client, graceful=true, disconnect_type=1, has_creation_task_exception=false worker_id=1f51c9727b269bb48c61b15eb25f3ebda8f37280f1fabf2cfd88ea16
[2025-06-26 10:18:54,056 I 2322817 2322817] (raylet) node_manager.cc:1523: Disconnecting client, graceful=true, disconnect_type=1, has_creation_task_exception=false worker_id=f9a5df23a9ebd37740c456ae2d553cbe6664f2356b5489295b8bbd0f
[2025-06-26 10:18:54,057 I 2322817 2322817] (raylet) node_manager.cc:1523: Disconnecting client, graceful=true, disconnect_type=1, has_creation_task_exception=false worker_id=12900b6cb5fc5dfac4c39a6cc70dfcf0583883729fbf14fd0ca72257
[2025-06-26 10:18:54,057 I 2322817 2322817] (raylet) node_manager.cc:1523: Disconnecting client, graceful=true, disconnect_type=1, has_creation_task_exception=false worker_id=067bf75744dfdcf9a798baf5955951f2c7985a53540af515da889b5c
[2025-06-26 10:18:54,057 I 2322817 2322817] (raylet) node_manager.cc:1523: Disconnecting client, graceful=true, disconnect_type=1, has_creation_task_exception=false worker_id=33cf4e83d8a8976e3200ac2a44fd7b06d9def110ec97b7eaa25dea31
[2025-06-26 10:18:54,058 I 2322817 2322817] (raylet) node_manager.cc:1523: Disconnecting client, graceful=true, disconnect_type=1, has_creation_task_exception=false worker_id=000a39a52c461cdad8bc41b4142c11722eb44a347bba3dc1cf0b2755
[2025-06-26 10:18:54,058 I 2322817 2322817] (raylet) node_manager.cc:1523: Disconnecting client, graceful=true, disconnect_type=1, has_creation_task_exception=false worker_id=4751fc14c4b4b7c7592e6e20f861977f528fd0b1c5adaeb1dbf1c488
[2025-06-26 10:18:54,061 I 2322817 2322817] (raylet) node_manager.cc:1523: Disconnecting client, graceful=true, disconnect_type=3, has_creation_task_exception=false worker_id=01000000ffffffffffffffffffffffffffffffffffffffffffffffff
[2025-06-26 10:18:54,061 I 2322817 2322817] (raylet) node_manager.cc:1615: Driver (pid=2322392) is disconnected. worker_id=01000000ffffffffffffffffffffffffffffffffffffffffffffffff job_id=01000000
[2025-06-26 10:18:54,063 I 2322817 2322817] (raylet) node_manager.cc:1018: The leased worker 4b052f36428ad0403a290ac49f12532c08d767629179d82866140917 is killed because the owner process 01000000ffffffffffffffffffffffffffffffffffffffffffffffff died.
[2025-06-26 10:18:54,063 I 2322817 2322817] (raylet) worker_pool.cc:724: Job 01000000 already started in worker pool.
[2025-06-26 10:18:54,063 I 2322817 2322817] (raylet) node_manager.cc:559: The leased worker  is killed because the job 01000000 finished. worker_id=4b052f36428ad0403a290ac49f12532c08d767629179d82866140917
[2025-06-26 10:18:54,065 W 2322817 2322848] (raylet) store.cc:368: Disconnecting client due to connection error with code 2: End of file
[2025-06-26 10:18:54,079 I 2322817 2322817] (raylet) node_manager.cc:1523: Disconnecting client, graceful=true, disconnect_type=1, has_creation_task_exception=false worker_id=4b052f36428ad0403a290ac49f12532c08d767629179d82866140917
[2025-06-26 10:18:54,137 W 2322817 2322848] (raylet) store.cc:368: Disconnecting client due to connection error with code 2: End of file
[2025-06-26 10:18:54,138 W 2322817 2322848] (raylet) store.cc:368: Disconnecting client due to connection error with code 2: End of file
[2025-06-26 10:18:54,139 W 2322817 2322848] (raylet) store.cc:368: Disconnecting client due to connection error with code 2: End of file
[2025-06-26 10:18:54,140 W 2322817 2322848] (raylet) store.cc:368: Disconnecting client due to connection error with code 2: End of file
[2025-06-26 10:18:54,140 W 2322817 2322848] (raylet) store.cc:368: Disconnecting client due to connection error with code 2: End of file
[2025-06-26 10:18:54,141 W 2322817 2322848] (raylet) store.cc:368: Disconnecting client due to connection error with code 2: End of file
[2025-06-26 10:18:54,144 W 2322817 2322848] (raylet) store.cc:368: Disconnecting client due to connection error with code 2: End of file
[2025-06-26 10:18:54,146 W 2322817 2322817] (raylet) node_manager.cc:567: Failed to send exit request to worker : RpcError: RPC Error message: Socket closed; RPC Error details:  rpc_code: 14. Killing it using SIGKILL instead. worker_id=4b052f36428ad0403a290ac49f12532c08d767629179d82866140917
[2025-06-26 10:18:54,147 W 2322817 2322848] (raylet) store.cc:368: Disconnecting client due to connection error with code 2: End of file
[2025-06-26 10:18:54,239 I 2322817 2322817] (raylet) main.cc:504: received SIGTERM. Existing local drain request = None
[2025-06-26 10:18:54,239 I 2322817 2322817] (raylet) main.cc:307: Raylet graceful shutdown triggered, reason = EXPECTED_TERMINATION, reason message = received SIGTERM
[2025-06-26 10:18:54,239 I 2322817 2322817] (raylet) main.cc:310: Shutting down...
[2025-06-26 10:18:54,239 I 2322817 2322817] (raylet) accessor.cc:518: Unregistering node node_id=74e79a60102cf6723a11c0106dc8e16d855c67c5b6468770d8641c79
[2025-06-26 10:18:54,240 I 2322817 2322817] (raylet) accessor.cc:531: Finished unregistering node info, status = OK node_id=74e79a60102cf6723a11c0106dc8e16d855c67c5b6468770d8641c79
[2025-06-26 10:18:54,240 W 2322817 2322848] (raylet) store.cc:368: Disconnecting client due to connection error with code 2: End of file
[2025-06-26 10:18:54,243 I 2322817 2322817] (raylet) agent_manager.cc:115: Killing agent dashboard_agent, pid 2322897.
[2025-06-26 10:18:54,249 I 2322817 2322898] (raylet) agent_manager.cc:82: Agent process with name dashboard_agent exited, exit code 0.
[2025-06-26 10:18:54,249 I 2322817 2322817] (raylet) agent_manager.cc:115: Killing agent runtime_env_agent, pid 2322899.
[2025-06-26 10:18:54,254 I 2322817 2322900] (raylet) agent_manager.cc:82: Agent process with name runtime_env_agent exited, exit code 0.
[2025-06-26 10:18:54,254 I 2322817 2322817] (raylet) io_service_pool.cc:48: IOServicePool is stopped.
[2025-06-26 10:18:54,412 I 2322817 2322817] (raylet) stats.h:120: Stats module has shutdown.
