[2025-06-26 10:35:06,389 I 2364222 2364222] (gcs_server) gcs_server_main.cc:91: Ray cluster metadata ray_version=2.47.1 ray_commit=61d3f2f1aa33563faa398105f4abda88cb39440b
[2025-06-26 10:35:06,390 I 2364222 2364222] (gcs_server) io_service_pool.cc:36: IOServicePool is running with 1 io_service.
[2025-06-26 10:35:06,397 I 2364222 2364222] (gcs_server) event.cc:500: Ray Event initialized for GCS
[2025-06-26 10:35:06,397 I 2364222 2364222] (gcs_server) event.cc:500: Ray Event initialized for EXPORT_NODE
[2025-06-26 10:35:06,397 I 2364222 2364222] (gcs_server) event.cc:500: Ray Event initialized for EXPORT_ACTOR
[2025-06-26 10:35:06,397 I 2364222 2364222] (gcs_server) event.cc:500: Ray Event initialized for EXPORT_DRIVER_JOB
[2025-06-26 10:35:06,397 I 2364222 2364222] (gcs_server) event.cc:331: Set ray event level to warning
[2025-06-26 10:35:06,399 I 2364222 2364222] (gcs_server) gcs_server.cc:77: GCS storage type is StorageType::IN_MEMORY
[2025-06-26 10:35:06,399 I 2364222 2364222] (gcs_server) gcs_init_data.cc:46: Loading job table data.
[2025-06-26 10:35:06,399 I 2364222 2364222] (gcs_server) gcs_init_data.cc:56: Loading node table data.
[2025-06-26 10:35:06,399 I 2364222 2364222] (gcs_server) gcs_init_data.cc:78: Loading actor table data.
[2025-06-26 10:35:06,399 I 2364222 2364222] (gcs_server) gcs_init_data.cc:89: Loading actor task spec table data.
[2025-06-26 10:35:06,399 I 2364222 2364222] (gcs_server) gcs_init_data.cc:66: Loading placement group table data.
[2025-06-26 10:35:06,399 I 2364222 2364222] (gcs_server) gcs_init_data.cc:50: Finished loading job table data, size = 0
[2025-06-26 10:35:06,399 I 2364222 2364222] (gcs_server) gcs_init_data.cc:60: Finished loading node table data, size = 0
[2025-06-26 10:35:06,399 I 2364222 2364222] (gcs_server) gcs_init_data.cc:83: Finished loading actor table data, size = 0
[2025-06-26 10:35:06,399 I 2364222 2364222] (gcs_server) gcs_init_data.cc:94: Finished loading actor task spec table data, size = 0
[2025-06-26 10:35:06,399 I 2364222 2364222] (gcs_server) gcs_init_data.cc:72: Finished loading placement group table data, size = 0
[2025-06-26 10:35:06,399 I 2364222 2364222] (gcs_server) gcs_server.cc:161: No existing server cluster ID found. Generating new ID: 5ebffda2ac10e38460be616b941ecb8491b9acdae180a00c65dd448a
[2025-06-26 10:35:06,400 I 2364222 2364222] (gcs_server) gcs_server.cc:673: Autoscaler V2 enabled: 0
[2025-06-26 10:35:06,401 I 2364222 2364222] (gcs_server) grpc_server.cc:141: GcsServer server started, listening on port 65447.
[2025-06-26 10:35:06,592 I 2364222 2364222] (gcs_server) gcs_server.cc:249: Gcs Debug state:

GcsNodeManager: 
- RegisterNode request count: 0
- DrainNode request count: 0
- GetAllNodeInfo request count: 0

GcsActorManager: 
- RegisterActor request count: 0
- CreateActor request count: 0
- GetActorInfo request count: 0
- GetNamedActorInfo request count: 0
- GetAllActorInfo request count: 0
- KillActor request count: 0
- ListNamedActors request count: 0
- Registered actors count: 0
- Destroyed actors count: 0
- Named actors count: 0
- Unresolved actors count: 0
- Pending actors count: 0
- Created actors count: 0
- owners_: 0
- actor_to_register_callbacks_: 0
- actor_to_restart_for_lineage_reconstruction_callbacks_: 0
- actor_to_create_callbacks_: 0
- sorted_destroyed_actor_list_: 0

GcsResourceManager: 
- GetAllAvailableResources request count: 0
- GetAllTotalResources request count: 0
- GetAllResourceUsage request count: 0

GcsPlacementGroupManager: 
- CreatePlacementGroup request count: 0
- RemovePlacementGroup request count: 0
- GetPlacementGroup request count: 0
- GetAllPlacementGroup request count: 0
- WaitPlacementGroupUntilReady request count: 0
- GetNamedPlacementGroup request count: 0
- Scheduling pending placement group count: 0
- Registered placement groups count: 0
- Named placement group count: 0
- Pending placement groups count: 0
- Infeasible placement groups count: 0

Publisher:

[runtime env manager] ID to URIs table:
[runtime env manager] URIs reference table:

GcsTaskManager: 
-Total num task events reported: 0
-Total num status task events dropped: 0
-Total num profile events dropped: 0
-Current num of task events stored: 0
-Total num of actor creation tasks: 0
-Total num of actor tasks: 0
-Total num of normal tasks: 0
-Total num of driver tasks: 0

GcsAutoscalerStateManager: 
- last_seen_autoscaler_state_version_: 0
- last_cluster_resource_state_version_: 0
- pending demands:



[2025-06-26 10:35:06,592 I 2364222 2364222] (gcs_server) gcs_server.cc:870: Main service Event stats:


Global stats: 27 total (5 active)
Queueing time: mean = 64.235 ms, max = 191.904 ms, min = 84.000 ns, total = 1.734 s
Execution time:  mean = 14.250 ms, total = 384.750 ms
Event stats:
	GcsInMemoryStore.Put - 9 total (0 active), Execution time: mean = 21.325 ms, total = 191.926 ms, Queueing time: mean = 148.878 ms, max = 191.573 ms, min = 1.721 us, total = 1.340 s
	GcsInMemoryStore.GetAll - 5 total (0 active), Execution time: mean = 7.136 us, total = 35.679 us, Queueing time: mean = 28.411 us, max = 32.619 us, min = 23.349 us, total = 142.056 us
	PeriodicalRunner.RunFnPeriodically - 4 total (2 active, 1 running), Execution time: mean = 1.772 us, total = 7.090 us, Queueing time: mean = 95.934 ms, max = 191.904 ms, min = 191.832 ms, total = 383.735 ms
	event_loop_lag_probe - 2 total (0 active), Execution time: mean = 5.885 us, total = 11.769 us, Queueing time: mean = 4.960 ms, max = 9.874 ms, min = 47.014 us, total = 9.921 ms
	GcsInitData::AsyncLoad - 1 total (0 active), Execution time: mean = 8.149 us, total = 8.149 us, Queueing time: mean = 192.000 ns, max = 192.000 ns, min = 192.000 ns, total = 192.000 ns
	GcsInMemoryStore.Get - 1 total (0 active), Execution time: mean = 9.224 us, total = 9.224 us, Queueing time: mean = 14.045 us, max = 14.045 us, min = 14.045 us, total = 14.045 us
	GcsServer.GetOrGenerateClusterId.continuation - 1 total (0 active), Execution time: mean = 191.910 ms, total = 191.910 ms, Queueing time: mean = 84.000 ns, max = 84.000 ns, min = 84.000 ns, total = 84.000 ns
	ClusterResourceManager.ResetRemoteNodeView - 1 total (1 active), Execution time: mean = 0.000 s, total = 0.000 s, Queueing time: mean = 0.000 s, max = -0.000 s, min = 9223372036.855 s, total = 0.000 s
	RayletLoadPulled - 1 total (1 active), Execution time: mean = 0.000 s, total = 0.000 s, Queueing time: mean = 0.000 s, max = -0.000 s, min = 9223372036.855 s, total = 0.000 s
	NodeInfoGcsService.grpc_server.GetClusterId - 1 total (1 active), Execution time: mean = 0.000 s, total = 0.000 s, Queueing time: mean = 0.000 s, max = -0.000 s, min = 9223372036.855 s, total = 0.000 s
	NodeInfoGcsService.grpc_server.GetClusterId.HandleRequestImpl - 1 total (0 active), Execution time: mean = 841.771 us, total = 841.771 us, Queueing time: mean = 639.125 us, max = 639.125 us, min = 639.125 us, total = 639.125 us


[2025-06-26 10:35:06,592 I 2364222 2364222] (gcs_server) gcs_server.cc:874: task_io_context Event stats:


Global stats: 4 total (1 active)
Queueing time: mean = 486.337 us, max = 1.900 ms, min = 19.837 us, total = 1.945 ms
Execution time:  mean = 33.438 us, total = 133.750 us
Event stats:
	event_loop_lag_probe - 2 total (0 active), Execution time: mean = 64.531 us, total = 129.063 us, Queueing time: mean = 960.051 us, max = 1.900 ms, min = 19.837 us, total = 1.920 ms
	PeriodicalRunner.RunFnPeriodically - 1 total (0 active), Execution time: mean = 4.687 us, total = 4.687 us, Queueing time: mean = 25.248 us, max = 25.248 us, min = 25.248 us, total = 25.248 us
	GcsTaskManager.GcJobSummary - 1 total (1 active), Execution time: mean = 0.000 s, total = 0.000 s, Queueing time: mean = 0.000 s, max = -0.000 s, min = 9223372036.855 s, total = 0.000 s


[2025-06-26 10:35:06,592 I 2364222 2364222] (gcs_server) gcs_server.cc:874: pubsub_io_context Event stats:


Global stats: 4 total (1 active)
Queueing time: mean = 59.688 us, max = 189.412 us, min = 24.386 us, total = 238.753 us
Execution time:  mean = 43.139 us, total = 172.558 us
Event stats:
	event_loop_lag_probe - 2 total (0 active), Execution time: mean = 83.670 us, total = 167.340 us, Queueing time: mean = 107.183 us, max = 189.412 us, min = 24.955 us, total = 214.367 us
	PeriodicalRunner.RunFnPeriodically - 1 total (0 active), Execution time: mean = 5.218 us, total = 5.218 us, Queueing time: mean = 24.386 us, max = 24.386 us, min = 24.386 us, total = 24.386 us
	Publisher.CheckDeadSubscribers - 1 total (1 active), Execution time: mean = 0.000 s, total = 0.000 s, Queueing time: mean = 0.000 s, max = -0.000 s, min = 9223372036.855 s, total = 0.000 s


[2025-06-26 10:35:06,592 I 2364222 2364222] (gcs_server) gcs_server.cc:874: ray_syncer_io_context Event stats:


Global stats: 4 total (0 active)
Queueing time: mean = 89.009 us, max = 280.478 us, min = 15.123 us, total = 356.037 us
Execution time:  mean = 40.739 us, total = 162.956 us
Event stats:
	event_loop_lag_probe - 2 total (0 active), Execution time: mean = 81.027 us, total = 162.054 us, Queueing time: mean = 160.088 us, max = 280.478 us, min = 39.698 us, total = 320.176 us
	RaySyncerRegister - 2 total (0 active), Execution time: mean = 451.000 ns, total = 902.000 ns, Queueing time: mean = 17.930 us, max = 20.738 us, min = 15.123 us, total = 35.861 us


[2025-06-26 10:35:08,376 I 2364222 2364222] (gcs_server) gcs_node_manager.cc:92: Registering node info, address = 192.168.10.101, node name = 192.168.10.101 node_id=68c90d2e5831b3c2b2a36ad32a6a8de623f5a8639200804e03ec4649
[2025-06-26 10:35:08,376 I 2364222 2364222] (gcs_server) gcs_node_manager.cc:98: Finished registering node info, address = 192.168.10.101, node name = 192.168.10.101, is_head_node = 1 node_id=68c90d2e5831b3c2b2a36ad32a6a8de623f5a8639200804e03ec4649
[2025-06-26 10:35:08,376 I 2364222 2364222] (gcs_server) gcs_placement_group_mgr.cc:851: A new node: 68c90d2e5831b3c2b2a36ad32a6a8de623f5a8639200804e03ec4649 registered, will try to reschedule all the infeasible placement groups.
[2025-06-26 10:35:08,380 I 2364222 2364304] (gcs_server) ray_syncer.cc:244: Get connection node_id=68c90d2e5831b3c2b2a36ad32a6a8de623f5a8639200804e03ec4649
[2025-06-26 10:35:09,608 I 2364222 2364222] (gcs_server) gcs_job_manager.cc:97: Adding job, job id = 01000000, driver pid = 2363735
[2025-06-26 10:35:09,608 I 2364222 2364222] (gcs_server) gcs_job_manager.cc:118: Finished adding job, job id = 01000000, driver pid = 2363735
[2025-06-26 10:35:09,671 I 2364222 2364222] (gcs_server) gcs_actor_manager.cc:403: Registering actor job_id=01000000 actor_id=92523f723b6f1dbc05369e6d01000000
[2025-06-26 10:35:09,672 I 2364222 2364222] (gcs_server) gcs_actor_manager.cc:408: Registered actor, job id = 01000000, actor id = 92523f723b6f1dbc05369e6d01000000
[2025-06-26 10:35:09,674 I 2364222 2364222] (gcs_server) gcs_actor_manager.cc:515: Creating actor job_id=01000000 actor_id=92523f723b6f1dbc05369e6d01000000
[2025-06-26 10:35:09,674 I 2364222 2364222] (gcs_server) gcs_actor_scheduler.cc:318: Start leasing worker from node 68c90d2e5831b3c2b2a36ad32a6a8de623f5a8639200804e03ec4649 for actor 92523f723b6f1dbc05369e6d01000000, job id = 01000000
[2025-06-26 10:35:09,675 I 2364222 2364222] (gcs_server) gcs_actor_scheduler.cc:642: Finished leasing worker from 68c90d2e5831b3c2b2a36ad32a6a8de623f5a8639200804e03ec4649 for actor 92523f723b6f1dbc05369e6d01000000, job id = 01000000
[2025-06-26 10:35:09,675 I 2364222 2364222] (gcs_server) gcs_actor_scheduler.cc:454: Start creating actor 92523f723b6f1dbc05369e6d01000000 on worker 43fbeff46ce393f42a349c1f19cbb9f18852888f6a020471300dd94c at node 68c90d2e5831b3c2b2a36ad32a6a8de623f5a8639200804e03ec4649, job id = 01000000
[2025-06-26 10:35:14,234 I 2364222 2364222] (gcs_server) gcs_actor_scheduler.cc:491: Finished actor creation task for actor 92523f723b6f1dbc05369e6d01000000 on worker 43fbeff46ce393f42a349c1f19cbb9f18852888f6a020471300dd94c at node 68c90d2e5831b3c2b2a36ad32a6a8de623f5a8639200804e03ec4649, job id = 01000000
[2025-06-26 10:35:14,234 I 2364222 2364222] (gcs_server) gcs_actor_manager.cc:1586: Actor created successfully job_id=01000000 actor_id=92523f723b6f1dbc05369e6d01000000
[2025-06-26 10:35:14,234 I 2364222 2364222] (gcs_server) gcs_actor_manager.cc:530: Finished creating actor. Status: OK job_id=01000000 actor_id=92523f723b6f1dbc05369e6d01000000
[2025-06-26 10:35:14,237 I 2364222 2364222] (gcs_server) gcs_actor_manager.cc:403: Registering actor job_id=01000000 actor_id=221cf9025a57820d3bdba1ce01000000
[2025-06-26 10:35:14,237 I 2364222 2364222] (gcs_server) gcs_actor_manager.cc:408: Registered actor, job id = 01000000, actor id = 221cf9025a57820d3bdba1ce01000000
[2025-06-26 10:35:14,238 I 2364222 2364222] (gcs_server) gcs_actor_manager.cc:515: Creating actor job_id=01000000 actor_id=221cf9025a57820d3bdba1ce01000000
[2025-06-26 10:35:14,238 I 2364222 2364222] (gcs_server) gcs_actor_scheduler.cc:318: Start leasing worker from node 68c90d2e5831b3c2b2a36ad32a6a8de623f5a8639200804e03ec4649 for actor 221cf9025a57820d3bdba1ce01000000, job id = 01000000
[2025-06-26 10:35:14,239 I 2364222 2364222] (gcs_server) gcs_actor_scheduler.cc:642: Finished leasing worker from 68c90d2e5831b3c2b2a36ad32a6a8de623f5a8639200804e03ec4649 for actor 221cf9025a57820d3bdba1ce01000000, job id = 01000000
[2025-06-26 10:35:14,239 I 2364222 2364222] (gcs_server) gcs_actor_scheduler.cc:454: Start creating actor 221cf9025a57820d3bdba1ce01000000 on worker 007ae55952b1ade7024e6775a5d34d4a3369d2461fe115c434854a5d at node 68c90d2e5831b3c2b2a36ad32a6a8de623f5a8639200804e03ec4649, job id = 01000000
[2025-06-26 10:35:16,409 W 2364222 2364249] (gcs_server) metric_exporter.cc:105: [1] Export metrics to agent failed: RpcError: RPC Error message: failed to connect to all addresses; last error: UNKNOWN: ipv4:127.0.0.1:56206: Failed to connect to remote host: Connection refused; RPC Error details:  rpc_code: 14. This won't affect Ray, but you can lose metrics from the cluster.
[2025-06-26 10:35:18,917 I 2364222 2364222] (gcs_server) gcs_actor_scheduler.cc:491: Finished actor creation task for actor 221cf9025a57820d3bdba1ce01000000 on worker 007ae55952b1ade7024e6775a5d34d4a3369d2461fe115c434854a5d at node 68c90d2e5831b3c2b2a36ad32a6a8de623f5a8639200804e03ec4649, job id = 01000000
[2025-06-26 10:35:18,917 I 2364222 2364222] (gcs_server) gcs_actor_manager.cc:1586: Actor created successfully job_id=01000000 actor_id=221cf9025a57820d3bdba1ce01000000
[2025-06-26 10:35:18,918 I 2364222 2364222] (gcs_server) gcs_actor_manager.cc:530: Finished creating actor. Status: OK job_id=01000000 actor_id=221cf9025a57820d3bdba1ce01000000
[2025-06-26 10:35:18,921 I 2364222 2364222] (gcs_server) gcs_actor_manager.cc:403: Registering actor job_id=01000000 actor_id=f78ace0cb9c1c8836d67fa2701000000
[2025-06-26 10:35:18,921 I 2364222 2364222] (gcs_server) gcs_actor_manager.cc:408: Registered actor, job id = 01000000, actor id = f78ace0cb9c1c8836d67fa2701000000
[2025-06-26 10:35:18,922 I 2364222 2364222] (gcs_server) gcs_actor_manager.cc:515: Creating actor job_id=01000000 actor_id=f78ace0cb9c1c8836d67fa2701000000
[2025-06-26 10:35:18,922 I 2364222 2364222] (gcs_server) gcs_actor_scheduler.cc:318: Start leasing worker from node 68c90d2e5831b3c2b2a36ad32a6a8de623f5a8639200804e03ec4649 for actor f78ace0cb9c1c8836d67fa2701000000, job id = 01000000
[2025-06-26 10:35:18,923 I 2364222 2364222] (gcs_server) gcs_actor_scheduler.cc:642: Finished leasing worker from 68c90d2e5831b3c2b2a36ad32a6a8de623f5a8639200804e03ec4649 for actor f78ace0cb9c1c8836d67fa2701000000, job id = 01000000
[2025-06-26 10:35:18,923 I 2364222 2364222] (gcs_server) gcs_actor_scheduler.cc:454: Start creating actor f78ace0cb9c1c8836d67fa2701000000 on worker ed2c3fb0dfc76a26452b924456784abf1b63c6329d77cedd084acceb at node 68c90d2e5831b3c2b2a36ad32a6a8de623f5a8639200804e03ec4649, job id = 01000000
[2025-06-26 10:35:23,493 I 2364222 2364222] (gcs_server) gcs_actor_scheduler.cc:491: Finished actor creation task for actor f78ace0cb9c1c8836d67fa2701000000 on worker ed2c3fb0dfc76a26452b924456784abf1b63c6329d77cedd084acceb at node 68c90d2e5831b3c2b2a36ad32a6a8de623f5a8639200804e03ec4649, job id = 01000000
[2025-06-26 10:35:23,493 I 2364222 2364222] (gcs_server) gcs_actor_manager.cc:1586: Actor created successfully job_id=01000000 actor_id=f78ace0cb9c1c8836d67fa2701000000
[2025-06-26 10:35:23,494 I 2364222 2364222] (gcs_server) gcs_actor_manager.cc:530: Finished creating actor. Status: OK job_id=01000000 actor_id=f78ace0cb9c1c8836d67fa2701000000
[2025-06-26 10:35:23,497 I 2364222 2364222] (gcs_server) gcs_actor_manager.cc:403: Registering actor job_id=01000000 actor_id=8cc660a998e1e883ab69958901000000
[2025-06-26 10:35:23,497 I 2364222 2364222] (gcs_server) gcs_actor_manager.cc:408: Registered actor, job id = 01000000, actor id = 8cc660a998e1e883ab69958901000000
[2025-06-26 10:35:23,498 I 2364222 2364222] (gcs_server) gcs_actor_manager.cc:515: Creating actor job_id=01000000 actor_id=8cc660a998e1e883ab69958901000000
[2025-06-26 10:35:23,498 I 2364222 2364222] (gcs_server) gcs_actor_scheduler.cc:318: Start leasing worker from node 68c90d2e5831b3c2b2a36ad32a6a8de623f5a8639200804e03ec4649 for actor 8cc660a998e1e883ab69958901000000, job id = 01000000
[2025-06-26 10:35:23,498 I 2364222 2364222] (gcs_server) gcs_actor_scheduler.cc:642: Finished leasing worker from 68c90d2e5831b3c2b2a36ad32a6a8de623f5a8639200804e03ec4649 for actor 8cc660a998e1e883ab69958901000000, job id = 01000000
[2025-06-26 10:35:23,498 I 2364222 2364222] (gcs_server) gcs_actor_scheduler.cc:454: Start creating actor 8cc660a998e1e883ab69958901000000 on worker a7b98a8a3f000a1087c2b74e0d34a55684f20969e4b50285328892ee at node 68c90d2e5831b3c2b2a36ad32a6a8de623f5a8639200804e03ec4649, job id = 01000000
[2025-06-26 10:35:28,202 I 2364222 2364222] (gcs_server) gcs_actor_scheduler.cc:491: Finished actor creation task for actor 8cc660a998e1e883ab69958901000000 on worker a7b98a8a3f000a1087c2b74e0d34a55684f20969e4b50285328892ee at node 68c90d2e5831b3c2b2a36ad32a6a8de623f5a8639200804e03ec4649, job id = 01000000
[2025-06-26 10:35:28,202 I 2364222 2364222] (gcs_server) gcs_actor_manager.cc:1586: Actor created successfully job_id=01000000 actor_id=8cc660a998e1e883ab69958901000000
[2025-06-26 10:35:28,203 I 2364222 2364222] (gcs_server) gcs_actor_manager.cc:530: Finished creating actor. Status: OK job_id=01000000 actor_id=8cc660a998e1e883ab69958901000000
[2025-06-26 10:35:28,206 I 2364222 2364222] (gcs_server) gcs_actor_manager.cc:403: Registering actor job_id=01000000 actor_id=3987c887561340e17bae29e901000000
[2025-06-26 10:35:28,206 I 2364222 2364222] (gcs_server) gcs_actor_manager.cc:408: Registered actor, job id = 01000000, actor id = 3987c887561340e17bae29e901000000
[2025-06-26 10:35:28,208 I 2364222 2364222] (gcs_server) gcs_actor_manager.cc:515: Creating actor job_id=01000000 actor_id=3987c887561340e17bae29e901000000
[2025-06-26 10:35:28,208 I 2364222 2364222] (gcs_server) gcs_actor_scheduler.cc:318: Start leasing worker from node 68c90d2e5831b3c2b2a36ad32a6a8de623f5a8639200804e03ec4649 for actor 3987c887561340e17bae29e901000000, job id = 01000000
[2025-06-26 10:35:28,208 I 2364222 2364222] (gcs_server) gcs_actor_scheduler.cc:642: Finished leasing worker from 68c90d2e5831b3c2b2a36ad32a6a8de623f5a8639200804e03ec4649 for actor 3987c887561340e17bae29e901000000, job id = 01000000
[2025-06-26 10:35:28,208 I 2364222 2364222] (gcs_server) gcs_actor_scheduler.cc:454: Start creating actor 3987c887561340e17bae29e901000000 on worker 2868b3728105b3579b5398fbaed4f43afa9ac2a0f00b3f8abfd66e80 at node 68c90d2e5831b3c2b2a36ad32a6a8de623f5a8639200804e03ec4649, job id = 01000000
[2025-06-26 10:35:32,801 I 2364222 2364222] (gcs_server) gcs_actor_scheduler.cc:491: Finished actor creation task for actor 3987c887561340e17bae29e901000000 on worker 2868b3728105b3579b5398fbaed4f43afa9ac2a0f00b3f8abfd66e80 at node 68c90d2e5831b3c2b2a36ad32a6a8de623f5a8639200804e03ec4649, job id = 01000000
[2025-06-26 10:35:32,801 I 2364222 2364222] (gcs_server) gcs_actor_manager.cc:1586: Actor created successfully job_id=01000000 actor_id=3987c887561340e17bae29e901000000
[2025-06-26 10:35:32,802 I 2364222 2364222] (gcs_server) gcs_actor_manager.cc:530: Finished creating actor. Status: OK job_id=01000000 actor_id=3987c887561340e17bae29e901000000
[2025-06-26 10:35:32,805 I 2364222 2364222] (gcs_server) gcs_actor_manager.cc:403: Registering actor job_id=01000000 actor_id=ce310adccff9a1372bfbe41801000000
[2025-06-26 10:35:32,805 I 2364222 2364222] (gcs_server) gcs_actor_manager.cc:408: Registered actor, job id = 01000000, actor id = ce310adccff9a1372bfbe41801000000
[2025-06-26 10:35:32,806 I 2364222 2364222] (gcs_server) gcs_actor_manager.cc:515: Creating actor job_id=01000000 actor_id=ce310adccff9a1372bfbe41801000000
[2025-06-26 10:35:32,806 I 2364222 2364222] (gcs_server) gcs_actor_scheduler.cc:318: Start leasing worker from node 68c90d2e5831b3c2b2a36ad32a6a8de623f5a8639200804e03ec4649 for actor ce310adccff9a1372bfbe41801000000, job id = 01000000
[2025-06-26 10:35:32,806 I 2364222 2364222] (gcs_server) gcs_actor_scheduler.cc:642: Finished leasing worker from 68c90d2e5831b3c2b2a36ad32a6a8de623f5a8639200804e03ec4649 for actor ce310adccff9a1372bfbe41801000000, job id = 01000000
[2025-06-26 10:35:32,806 I 2364222 2364222] (gcs_server) gcs_actor_scheduler.cc:454: Start creating actor ce310adccff9a1372bfbe41801000000 on worker 189ef585a0b1d478a090184ba46a7fb2fcbd5eba39363f540dccda2b at node 68c90d2e5831b3c2b2a36ad32a6a8de623f5a8639200804e03ec4649, job id = 01000000
[2025-06-26 10:35:37,521 I 2364222 2364222] (gcs_server) gcs_actor_scheduler.cc:491: Finished actor creation task for actor ce310adccff9a1372bfbe41801000000 on worker 189ef585a0b1d478a090184ba46a7fb2fcbd5eba39363f540dccda2b at node 68c90d2e5831b3c2b2a36ad32a6a8de623f5a8639200804e03ec4649, job id = 01000000
[2025-06-26 10:35:37,521 I 2364222 2364222] (gcs_server) gcs_actor_manager.cc:1586: Actor created successfully job_id=01000000 actor_id=ce310adccff9a1372bfbe41801000000
[2025-06-26 10:35:37,521 I 2364222 2364222] (gcs_server) gcs_actor_manager.cc:530: Finished creating actor. Status: OK job_id=01000000 actor_id=ce310adccff9a1372bfbe41801000000
[2025-06-26 10:35:37,525 I 2364222 2364222] (gcs_server) gcs_actor_manager.cc:403: Registering actor job_id=01000000 actor_id=2e5e060ada166082464a610801000000
[2025-06-26 10:35:37,525 I 2364222 2364222] (gcs_server) gcs_actor_manager.cc:408: Registered actor, job id = 01000000, actor id = 2e5e060ada166082464a610801000000
[2025-06-26 10:35:37,526 I 2364222 2364222] (gcs_server) gcs_actor_manager.cc:515: Creating actor job_id=01000000 actor_id=2e5e060ada166082464a610801000000
[2025-06-26 10:35:37,526 I 2364222 2364222] (gcs_server) gcs_actor_scheduler.cc:318: Start leasing worker from node 68c90d2e5831b3c2b2a36ad32a6a8de623f5a8639200804e03ec4649 for actor 2e5e060ada166082464a610801000000, job id = 01000000
[2025-06-26 10:35:37,526 I 2364222 2364222] (gcs_server) gcs_actor_scheduler.cc:642: Finished leasing worker from 68c90d2e5831b3c2b2a36ad32a6a8de623f5a8639200804e03ec4649 for actor 2e5e060ada166082464a610801000000, job id = 01000000
[2025-06-26 10:35:37,527 I 2364222 2364222] (gcs_server) gcs_actor_scheduler.cc:454: Start creating actor 2e5e060ada166082464a610801000000 on worker 8f407f906bfaea3ae18b8122411a78b5089d179f1e0bc637aac4cc22 at node 68c90d2e5831b3c2b2a36ad32a6a8de623f5a8639200804e03ec4649, job id = 01000000
[2025-06-26 10:35:42,117 I 2364222 2364222] (gcs_server) gcs_actor_scheduler.cc:491: Finished actor creation task for actor 2e5e060ada166082464a610801000000 on worker 8f407f906bfaea3ae18b8122411a78b5089d179f1e0bc637aac4cc22 at node 68c90d2e5831b3c2b2a36ad32a6a8de623f5a8639200804e03ec4649, job id = 01000000
[2025-06-26 10:35:42,117 I 2364222 2364222] (gcs_server) gcs_actor_manager.cc:1586: Actor created successfully job_id=01000000 actor_id=2e5e060ada166082464a610801000000
[2025-06-26 10:35:42,117 I 2364222 2364222] (gcs_server) gcs_actor_manager.cc:530: Finished creating actor. Status: OK job_id=01000000 actor_id=2e5e060ada166082464a610801000000
[2025-06-26 10:35:42,120 I 2364222 2364222] (gcs_server) gcs_actor_manager.cc:403: Registering actor job_id=01000000 actor_id=58fcfa940bb2e3894b37773301000000
[2025-06-26 10:35:42,120 I 2364222 2364222] (gcs_server) gcs_actor_manager.cc:408: Registered actor, job id = 01000000, actor id = 58fcfa940bb2e3894b37773301000000
[2025-06-26 10:35:42,121 I 2364222 2364222] (gcs_server) gcs_actor_manager.cc:515: Creating actor job_id=01000000 actor_id=58fcfa940bb2e3894b37773301000000
[2025-06-26 10:35:42,121 I 2364222 2364222] (gcs_server) gcs_actor_scheduler.cc:318: Start leasing worker from node 68c90d2e5831b3c2b2a36ad32a6a8de623f5a8639200804e03ec4649 for actor 58fcfa940bb2e3894b37773301000000, job id = 01000000
[2025-06-26 10:35:42,122 I 2364222 2364222] (gcs_server) gcs_actor_scheduler.cc:642: Finished leasing worker from 68c90d2e5831b3c2b2a36ad32a6a8de623f5a8639200804e03ec4649 for actor 58fcfa940bb2e3894b37773301000000, job id = 01000000
[2025-06-26 10:35:42,122 I 2364222 2364222] (gcs_server) gcs_actor_scheduler.cc:454: Start creating actor 58fcfa940bb2e3894b37773301000000 on worker bddcedc0847bba25461ad9e6514d80cdd70e56634ee22d98cb3df0d7 at node 68c90d2e5831b3c2b2a36ad32a6a8de623f5a8639200804e03ec4649, job id = 01000000
[2025-06-26 10:35:46,755 I 2364222 2364222] (gcs_server) gcs_actor_scheduler.cc:491: Finished actor creation task for actor 58fcfa940bb2e3894b37773301000000 on worker bddcedc0847bba25461ad9e6514d80cdd70e56634ee22d98cb3df0d7 at node 68c90d2e5831b3c2b2a36ad32a6a8de623f5a8639200804e03ec4649, job id = 01000000
[2025-06-26 10:35:46,755 I 2364222 2364222] (gcs_server) gcs_actor_manager.cc:1586: Actor created successfully job_id=01000000 actor_id=58fcfa940bb2e3894b37773301000000
[2025-06-26 10:35:46,755 I 2364222 2364222] (gcs_server) gcs_actor_manager.cc:530: Finished creating actor. Status: OK job_id=01000000 actor_id=58fcfa940bb2e3894b37773301000000
[2025-06-26 10:36:06,593 I 2364222 2364222] (gcs_server) gcs_server.cc:249: Gcs Debug state:

GcsNodeManager: 
- RegisterNode request count: 1
- DrainNode request count: 0
- GetAllNodeInfo request count: 196

GcsActorManager: 
- RegisterActor request count: 8
- CreateActor request count: 8
- GetActorInfo request count: 8
- GetNamedActorInfo request count: 0
- GetAllActorInfo request count: 0
- KillActor request count: 0
- ListNamedActors request count: 0
- Registered actors count: 8
- Destroyed actors count: 0
- Named actors count: 0
- Unresolved actors count: 0
- Pending actors count: 0
- Created actors count: 1
- owners_: 1
- actor_to_register_callbacks_: 0
- actor_to_restart_for_lineage_reconstruction_callbacks_: 0
- actor_to_create_callbacks_: 0
- sorted_destroyed_actor_list_: 0

GcsResourceManager: 
- GetAllAvailableResources request count: 1
- GetAllTotalResources request count: 0
- GetAllResourceUsage request count: 12

GcsPlacementGroupManager: 
- CreatePlacementGroup request count: 0
- RemovePlacementGroup request count: 0
- GetPlacementGroup request count: 0
- GetAllPlacementGroup request count: 0
- WaitPlacementGroupUntilReady request count: 0
- GetNamedPlacementGroup request count: 0
- Scheduling pending placement group count: 0
- Registered placement groups count: 0
- Named placement group count: 0
- Pending placement groups count: 0
- Infeasible placement groups count: 0

Publisher:
RAY_LOG_CHANNEL
- cumulative published messages: 13
- cumulative published bytes: 12638
- current buffered bytes: 899
GCS_ACTOR_CHANNEL
- cumulative published messages: 24
- cumulative published bytes: 8376
- current buffered bytes: 1400
GCS_JOB_CHANNEL
- cumulative published messages: 1
- cumulative published bytes: 302
- current buffered bytes: 302
GCS_NODE_INFO_CHANNEL
- cumulative published messages: 1
- cumulative published bytes: 607
- current buffered bytes: 0

[runtime env manager] ID to URIs table:
[runtime env manager] URIs reference table:

GcsTaskManager: 
-Total num task events reported: 84
-Total num status task events dropped: 0
-Total num profile events dropped: 0
-Current num of task events stored: 26
-Total num of actor creation tasks: 8
-Total num of actor tasks: 17
-Total num of normal tasks: 0
-Total num of driver tasks: 1

GcsAutoscalerStateManager: 
- last_seen_autoscaler_state_version_: 0
- last_cluster_resource_state_version_: 12
- pending demands:



[2025-06-26 10:36:06,594 I 2364222 2364222] (gcs_server) gcs_server.cc:870: Main service Event stats:


Global stats: 2470 total (12 active)
Queueing time: mean = 720.846 us, max = 191.904 ms, min = 84.000 ns, total = 1.780 s
Execution time:  mean = 30.262 ms, total = 74.748 s
Event stats:
	GcsInMemoryStore.Put - 252 total (0 active), Execution time: mean = 787.428 us, total = 198.432 ms, Queueing time: mean = 5.340 ms, max = 191.573 ms, min = 1.030 us, total = 1.346 s
	event_loop_lag_probe - 242 total (0 active), Execution time: mean = 13.641 us, total = 3.301 ms, Queueing time: mean = 45.076 us, max = 9.874 ms, min = 829.000 ns, total = 10.908 ms
	GcsInMemoryStore.Get - 227 total (0 active), Execution time: mean = 13.821 us, total = 3.137 ms, Queueing time: mean = 7.642 us, max = 236.799 us, min = 984.000 ns, total = 1.735 ms
	InternalKVGcsService.grpc_server.InternalKVGet.HandleRequestImpl - 226 total (0 active), Execution time: mean = 16.159 us, total = 3.652 ms, Queueing time: mean = 46.221 us, max = 2.097 ms, min = 5.729 us, total = 10.446 ms
	InternalKVGcsService.grpc_server.InternalKVGet - 226 total (0 active), Execution time: mean = 248.026 us, total = 56.054 ms, Queueing time: mean = 0.000 s, max = -0.000 s, min = 9223372036.855 s, total = 0.000 s
	NodeInfoGcsService.grpc_server.GetAllNodeInfo.HandleRequestImpl - 196 total (0 active), Execution time: mean = 21.371 us, total = 4.189 ms, Queueing time: mean = 35.016 us, max = 774.022 us, min = 3.380 us, total = 6.863 ms
	NodeInfoGcsService.grpc_server.GetAllNodeInfo - 196 total (0 active), Execution time: mean = 205.087 us, total = 40.197 ms, Queueing time: mean = 0.000 s, max = -0.000 s, min = 9223372036.855 s, total = 0.000 s
	NodeInfoGcsService.grpc_server.GetClusterId - 101 total (0 active), Execution time: mean = 267.003 us, total = 26.967 ms, Queueing time: mean = 0.000 s, max = -0.000 s, min = 9223372036.855 s, total = 0.000 s
	NodeInfoGcsService.grpc_server.GetClusterId.HandleRequestImpl - 101 total (0 active), Execution time: mean = 20.174 us, total = 2.038 ms, Queueing time: mean = 55.554 us, max = 1.841 ms, min = 3.737 us, total = 5.611 ms
	WorkerInfoGcsService.grpc_server.AddWorkerInfo.HandleRequestImpl - 97 total (0 active), Execution time: mean = 17.092 us, total = 1.658 ms, Queueing time: mean = 34.132 us, max = 577.309 us, min = 4.210 us, total = 3.311 ms
	WorkerInfoGcsService.grpc_server.AddWorkerInfo - 97 total (0 active), Execution time: mean = 225.987 us, total = 21.921 ms, Queueing time: mean = 0.000 s, max = -0.000 s, min = 9223372036.855 s, total = 0.000 s
	RayletLoadPulled - 60 total (1 active), Execution time: mean = 152.460 us, total = 9.148 ms, Queueing time: mean = 42.563 us, max = 416.950 us, min = 8.401 us, total = 2.554 ms
	NodeManagerService.grpc_client.GetResourceLoad - 58 total (0 active), Execution time: mean = 668.038 us, total = 38.746 ms, Queueing time: mean = 0.000 s, max = -0.000 s, min = 9223372036.855 s, total = 0.000 s
	NodeManagerService.grpc_client.GetResourceLoad.OnReplyReceived - 58 total (0 active), Execution time: mean = 38.526 us, total = 2.234 ms, Queueing time: mean = 27.795 us, max = 72.497 us, min = 14.391 us, total = 1.612 ms
	InternalKVGcsService.grpc_server.InternalKVPut.HandleRequestImpl - 40 total (0 active), Execution time: mean = 15.601 us, total = 624.040 us, Queueing time: mean = 25.952 us, max = 178.943 us, min = 12.173 us, total = 1.038 ms
	InternalKVGcsService.grpc_server.InternalKVPut - 40 total (0 active), Execution time: mean = 224.876 us, total = 8.995 ms, Queueing time: mean = 0.000 s, max = -0.000 s, min = 9223372036.855 s, total = 0.000 s
	ClusterResourceManager.ResetRemoteNodeView - 21 total (1 active), Execution time: mean = 7.576 us, total = 159.102 us, Queueing time: mean = 44.722 us, max = 133.812 us, min = 17.652 us, total = 939.157 us
	HealthCheck - 14 total (0 active), Execution time: mean = 3.020 us, total = 42.285 us, Queueing time: mean = 35.171 us, max = 176.552 us, min = 17.699 us, total = 492.388 us
	NodeInfoGcsService.grpc_server.CheckAlive.HandleRequestImpl - 13 total (0 active), Execution time: mean = 14.778 us, total = 192.112 us, Queueing time: mean = 37.120 us, max = 167.866 us, min = 14.977 us, total = 482.564 us
	NodeInfoGcsService.grpc_server.CheckAlive - 13 total (0 active), Execution time: mean = 245.251 us, total = 3.188 ms, Queueing time: mean = 0.000 s, max = -0.000 s, min = 9223372036.855 s, total = 0.000 s
	AutoscalerStateService.grpc_server.GetClusterResourceState.HandleRequestImpl - 12 total (0 active), Execution time: mean = 28.385 us, total = 340.621 us, Queueing time: mean = 22.975 us, max = 42.007 us, min = 14.929 us, total = 275.698 us
	NodeResourceInfoGcsService.grpc_server.GetAllResourceUsage.HandleRequestImpl - 12 total (0 active), Execution time: mean = 70.771 us, total = 849.253 us, Queueing time: mean = 32.107 us, max = 64.412 us, min = 17.355 us, total = 385.284 us
	NodeResourceInfoGcsService.grpc_server.GetAllResourceUsage - 12 total (0 active), Execution time: mean = 274.370 us, total = 3.292 ms, Queueing time: mean = 0.000 s, max = -0.000 s, min = 9223372036.855 s, total = 0.000 s
	AutoscalerStateService.grpc_server.GetClusterResourceState - 12 total (0 active), Execution time: mean = 198.045 us, total = 2.377 ms, Queueing time: mean = 0.000 s, max = -0.000 s, min = 9223372036.855 s, total = 0.000 s
	GcsResourceManager::Update - 10 total (0 active), Execution time: mean = 45.527 us, total = 455.269 us, Queueing time: mean = 11.324 us, max = 26.768 us, min = 4.096 us, total = 113.241 us
	GcsHealthCheckManager::MarkNodeHealthy - 10 total (0 active), Execution time: mean = 1.682 us, total = 16.817 us, Queueing time: mean = 24.172 us, max = 36.666 us, min = 16.414 us, total = 241.719 us
	ActorInfoGcsService.grpc_server.GetActorInfo.HandleRequestImpl - 8 total (0 active), Execution time: mean = 19.258 us, total = 154.064 us, Queueing time: mean = 85.006 us, max = 503.350 us, min = 14.900 us, total = 680.050 us
	ActorInfoGcsService.grpc_server.CreateActor - 8 total (0 active), Execution time: mean = 4.632 s, total = 37.054 s, Queueing time: mean = 0.000 s, max = -0.000 s, min = 9223372036.855 s, total = 0.000 s
	CoreWorkerService.grpc_client.WaitForActorRefDeleted - 8 total (8 active), Execution time: mean = 0.000 s, total = 0.000 s, Queueing time: mean = 0.000 s, max = -0.000 s, min = 9223372036.855 s, total = 0.000 s
	CoreWorkerService.grpc_client.PushTask - 8 total (0 active), Execution time: mean = 4.630 s, total = 37.042 s, Queueing time: mean = 0.000 s, max = -0.000 s, min = 9223372036.855 s, total = 0.000 s
	NodeManagerService.grpc_client.RequestWorkerLease.OnReplyReceived - 8 total (0 active), Execution time: mean = 171.420 us, total = 1.371 ms, Queueing time: mean = 18.677 us, max = 25.561 us, min = 15.289 us, total = 149.420 us
	ActorInfoGcsService.grpc_server.RegisterActor - 8 total (0 active), Execution time: mean = 717.173 us, total = 5.737 ms, Queueing time: mean = 0.000 s, max = -0.000 s, min = 9223372036.855 s, total = 0.000 s
	NodeManagerService.grpc_client.RequestWorkerLease - 8 total (0 active), Execution time: mean = 587.227 us, total = 4.698 ms, Queueing time: mean = 0.000 s, max = -0.000 s, min = 9223372036.855 s, total = 0.000 s
	ActorInfoGcsService.grpc_server.RegisterActor.HandleRequestImpl - 8 total (0 active), Execution time: mean = 390.564 us, total = 3.125 ms, Queueing time: mean = 27.985 us, max = 55.218 us, min = 16.159 us, total = 223.881 us
	ActorInfoGcsService.grpc_server.GetActorInfo - 8 total (0 active), Execution time: mean = 310.288 us, total = 2.482 ms, Queueing time: mean = 0.000 s, max = -0.000 s, min = 9223372036.855 s, total = 0.000 s
	CoreWorkerService.grpc_client.PushTask.OnReplyReceived - 8 total (0 active), Execution time: mean = 318.767 us, total = 2.550 ms, Queueing time: mean = 26.303 us, max = 30.178 us, min = 17.681 us, total = 210.427 us
	ActorInfoGcsService.grpc_server.CreateActor.HandleRequestImpl - 8 total (0 active), Execution time: mean = 192.358 us, total = 1.539 ms, Queueing time: mean = 18.543 us, max = 32.060 us, min = 13.333 us, total = 148.341 us
	GCSServer.deadline_timer.debug_state_dump - 6 total (1 active), Execution time: mean = 633.352 us, total = 3.800 ms, Queueing time: mean = 34.574 us, max = 95.708 us, min = 14.583 us, total = 207.445 us
	GcsInMemoryStore.GetAll - 6 total (0 active), Execution time: mean = 7.651 us, total = 45.906 us, Queueing time: mean = 24.110 us, max = 32.619 us, min = 2.601 us, total = 144.657 us
	PeriodicalRunner.RunFnPeriodically - 4 total (0 active), Execution time: mean = 110.746 us, total = 442.986 us, Queueing time: mean = 96.438 ms, max = 191.904 ms, min = 874.508 us, total = 385.752 ms
	InternalKVGcsService.grpc_server.GetInternalConfig.HandleRequestImpl - 1 total (0 active), Execution time: mean = 39.111 us, total = 39.111 us, Queueing time: mean = 205.676 us, max = 205.676 us, min = 205.676 us, total = 205.676 us
	GcsServer.GetOrGenerateClusterId.continuation - 1 total (0 active), Execution time: mean = 191.910 ms, total = 191.910 ms, Queueing time: mean = 84.000 ns, max = 84.000 ns, min = 84.000 ns, total = 84.000 ns
	NodeInfoGcsService.grpc_server.RegisterNode.HandleRequestImpl - 1 total (0 active), Execution time: mean = 83.512 us, total = 83.512 us, Queueing time: mean = 22.773 us, max = 22.773 us, min = 22.773 us, total = 22.773 us
	NodeInfoGcsService.grpc_server.RegisterNode - 1 total (0 active), Execution time: mean = 438.564 us, total = 438.564 us, Queueing time: mean = 0.000 s, max = -0.000 s, min = 9223372036.855 s, total = 0.000 s
	JobInfoGcsService.grpc_server.GetAllJobInfo - 1 total (0 active), Execution time: mean = 331.761 us, total = 331.761 us, Queueing time: mean = 0.000 s, max = -0.000 s, min = 9223372036.855 s, total = 0.000 s
	InternalKVGcsService.grpc_server.InternalKVDel - 1 total (0 active), Execution time: mean = 373.094 us, total = 373.094 us, Queueing time: mean = 0.000 s, max = -0.000 s, min = 9223372036.855 s, total = 0.000 s
	JobInfoGcsService.grpc_server.AddJob.HandleRequestImpl - 1 total (0 active), Execution time: mean = 67.220 us, total = 67.220 us, Queueing time: mean = 21.632 us, max = 21.632 us, min = 21.632 us, total = 21.632 us
	JobInfoGcsService.grpc_server.GetAllJobInfo.HandleRequestImpl - 1 total (0 active), Execution time: mean = 10.034 us, total = 10.034 us, Queueing time: mean = 17.441 us, max = 17.441 us, min = 17.441 us, total = 17.441 us
	JobInfoGcsService.grpc_server.GetNextJobID.HandleRequestImpl - 1 total (0 active), Execution time: mean = 3.134 us, total = 3.134 us, Queueing time: mean = 15.138 us, max = 15.138 us, min = 15.138 us, total = 15.138 us
	GcsHealthCheckManager::AddNode - 1 total (0 active), Execution time: mean = 6.141 us, total = 6.141 us, Queueing time: mean = 227.000 ns, max = 227.000 ns, min = 227.000 ns, total = 227.000 ns
	JobInfoGcsService.grpc_server.AddJob - 1 total (0 active), Execution time: mean = 261.401 us, total = 261.401 us, Queueing time: mean = 0.000 s, max = -0.000 s, min = 9223372036.855 s, total = 0.000 s
	GCSServer.deadline_timer.debug_state_event_stats_print - 1 total (1 active, 1 running), Execution time: mean = 0.000 s, total = 0.000 s, Queueing time: mean = 0.000 s, max = -0.000 s, min = 9223372036.855 s, total = 0.000 s
	JobInfoGcsService.grpc_server.GetNextJobID - 1 total (0 active), Execution time: mean = 158.402 us, total = 158.402 us, Queueing time: mean = 0.000 s, max = -0.000 s, min = 9223372036.855 s, total = 0.000 s
	GcsInMemoryStore.Delete - 1 total (0 active), Execution time: mean = 6.083 us, total = 6.083 us, Queueing time: mean = 1.668 us, max = 1.668 us, min = 1.668 us, total = 1.668 us
	InternalKVGcsService.grpc_server.InternalKVDel.HandleRequestImpl - 1 total (0 active), Execution time: mean = 13.840 us, total = 13.840 us, Queueing time: mean = 16.251 us, max = 16.251 us, min = 16.251 us, total = 16.251 us
	NodeResourceInfoGcsService.grpc_server.GetAllAvailableResources.HandleRequestImpl - 1 total (0 active), Execution time: mean = 26.086 us, total = 26.086 us, Queueing time: mean = 19.272 us, max = 19.272 us, min = 19.272 us, total = 19.272 us
	InternalKVGcsService.grpc_server.GetInternalConfig - 1 total (0 active), Execution time: mean = 443.468 us, total = 443.468 us, Queueing time: mean = 0.000 s, max = -0.000 s, min = 9223372036.855 s, total = 0.000 s
	GcsInMemoryStore.GetNextJobID - 1 total (0 active), Execution time: mean = 5.681 us, total = 5.681 us, Queueing time: mean = 1.302 us, max = 1.302 us, min = 1.302 us, total = 1.302 us
	GcsInitData::AsyncLoad - 1 total (0 active), Execution time: mean = 8.149 us, total = 8.149 us, Queueing time: mean = 192.000 ns, max = 192.000 ns, min = 192.000 ns, total = 192.000 ns
	NodeResourceInfoGcsService.grpc_server.GetAllAvailableResources - 1 total (0 active), Execution time: mean = 119.774 us, total = 119.774 us, Queueing time: mean = 0.000 s, max = -0.000 s, min = 9223372036.855 s, total = 0.000 s


[2025-06-26 10:36:06,594 I 2364222 2364222] (gcs_server) gcs_server.cc:874: task_io_context Event stats:


Global stats: 11502 total (1 active)
Queueing time: mean = 14.774 us, max = 3.632 ms, min = 1.704 us, total = 169.927 ms
Execution time:  mean = 90.857 us, total = 1.045 s
Event stats:
	TaskInfoGcsService.grpc_server.AddTaskEventData - 5623 total (0 active), Execution time: mean = 174.713 us, total = 982.412 ms, Queueing time: mean = 0.000 s, max = -0.000 s, min = 9223372036.855 s, total = 0.000 s
	TaskInfoGcsService.grpc_server.AddTaskEventData.HandleRequestImpl - 5623 total (0 active), Execution time: mean = 10.524 us, total = 59.176 ms, Queueing time: mean = 29.618 us, max = 3.632 ms, min = 2.090 us, total = 166.541 ms
	event_loop_lag_probe - 242 total (0 active), Execution time: mean = 14.018 us, total = 3.392 ms, Queueing time: mean = 11.748 us, max = 1.900 ms, min = 1.704 us, total = 2.843 ms
	GcsTaskManager.GcJobSummary - 13 total (1 active), Execution time: mean = 4.119 us, total = 53.544 us, Queueing time: mean = 39.827 us, max = 221.180 us, min = 16.178 us, total = 517.745 us
	PeriodicalRunner.RunFnPeriodically - 1 total (0 active), Execution time: mean = 4.687 us, total = 4.687 us, Queueing time: mean = 25.248 us, max = 25.248 us, min = 25.248 us, total = 25.248 us


[2025-06-26 10:36:06,594 I 2364222 2364222] (gcs_server) gcs_server.cc:874: pubsub_io_context Event stats:


Global stats: 758 total (101 active)
Queueing time: mean = 11.075 us, max = 233.068 us, min = 1.046 us, total = 8.395 ms
Execution time:  mean = 120.323 ms, total = 91.205 s
Event stats:
	event_loop_lag_probe - 242 total (0 active), Execution time: mean = 11.408 us, total = 2.761 ms, Queueing time: mean = 4.406 us, max = 189.412 us, min = 1.046 us, total = 1.066 ms
	InternalPubSubGcsService.grpc_server.GcsSubscriberPoll.HandleRequestImpl - 135 total (0 active), Execution time: mean = 14.420 us, total = 1.947 ms, Queueing time: mean = 30.951 us, max = 233.068 us, min = 6.143 us, total = 4.178 ms
	InternalPubSubGcsService.grpc_server.GcsSubscriberPoll - 135 total (100 active), Execution time: mean = 675.325 ms, total = 91.169 s, Queueing time: mean = 0.000 s, max = -0.000 s, min = 9223372036.855 s, total = 0.000 s
	InternalPubSubGcsService.grpc_server.GcsSubscriberCommandBatch.HandleRequestImpl - 109 total (0 active), Execution time: mean = 36.135 us, total = 3.939 ms, Queueing time: mean = 25.571 us, max = 128.618 us, min = 7.580 us, total = 2.787 ms
	InternalPubSubGcsService.grpc_server.GcsSubscriberCommandBatch - 109 total (0 active), Execution time: mean = 223.726 us, total = 24.386 ms, Queueing time: mean = 0.000 s, max = -0.000 s, min = 9223372036.855 s, total = 0.000 s
	InternalPubSubGcsService.grpc_server.GcsPublish.HandleRequestImpl - 13 total (0 active), Execution time: mean = 48.196 us, total = 626.548 us, Queueing time: mean = 26.057 us, max = 34.041 us, min = 20.128 us, total = 338.746 us
	InternalPubSubGcsService.grpc_server.GcsPublish - 13 total (0 active), Execution time: mean = 188.449 us, total = 2.450 ms, Queueing time: mean = 0.000 s, max = -0.000 s, min = 9223372036.855 s, total = 0.000 s
	Publisher.CheckDeadSubscribers - 1 total (1 active), Execution time: mean = 0.000 s, total = 0.000 s, Queueing time: mean = 0.000 s, max = -0.000 s, min = 9223372036.855 s, total = 0.000 s
	PeriodicalRunner.RunFnPeriodically - 1 total (0 active), Execution time: mean = 5.218 us, total = 5.218 us, Queueing time: mean = 24.386 us, max = 24.386 us, min = 24.386 us, total = 24.386 us


[2025-06-26 10:36:06,594 I 2364222 2364222] (gcs_server) gcs_server.cc:874: ray_syncer_io_context Event stats:


Global stats: 264 total (0 active)
Queueing time: mean = 6.669 us, max = 280.478 us, min = 144.000 ns, total = 1.761 ms
Execution time:  mean = 14.942 us, total = 3.945 ms
Event stats:
	event_loop_lag_probe - 242 total (0 active), Execution time: mean = 14.279 us, total = 3.456 ms, Queueing time: mean = 6.054 us, max = 280.478 us, min = 2.039 us, total = 1.465 ms
	 - 10 total (0 active), Execution time: mean = 41.225 us, total = 412.247 us, Queueing time: mean = 25.687 us, max = 46.690 us, min = 12.421 us, total = 256.868 us
	RaySyncer.BroadcastMessage - 10 total (0 active), Execution time: mean = 7.586 us, total = 75.858 us, Queueing time: mean = 278.000 ns, max = 512.000 ns, min = 144.000 ns, total = 2.780 us
	RaySyncerRegister - 2 total (0 active), Execution time: mean = 451.000 ns, total = 902.000 ns, Queueing time: mean = 17.930 us, max = 20.738 us, min = 15.123 us, total = 35.861 us


[2025-06-26 10:37:06,594 I 2364222 2364222] (gcs_server) gcs_server.cc:249: Gcs Debug state:

GcsNodeManager: 
- RegisterNode request count: 1
- DrainNode request count: 0
- GetAllNodeInfo request count: 196

GcsActorManager: 
- RegisterActor request count: 8
- CreateActor request count: 8
- GetActorInfo request count: 8
- GetNamedActorInfo request count: 0
- GetAllActorInfo request count: 0
- KillActor request count: 0
- ListNamedActors request count: 0
- Registered actors count: 8
- Destroyed actors count: 0
- Named actors count: 0
- Unresolved actors count: 0
- Pending actors count: 0
- Created actors count: 1
- owners_: 1
- actor_to_register_callbacks_: 0
- actor_to_restart_for_lineage_reconstruction_callbacks_: 0
- actor_to_create_callbacks_: 0
- sorted_destroyed_actor_list_: 0

GcsResourceManager: 
- GetAllAvailableResources request count: 1
- GetAllTotalResources request count: 0
- GetAllResourceUsage request count: 24

GcsPlacementGroupManager: 
- CreatePlacementGroup request count: 0
- RemovePlacementGroup request count: 0
- GetPlacementGroup request count: 0
- GetAllPlacementGroup request count: 0
- WaitPlacementGroupUntilReady request count: 0
- GetNamedPlacementGroup request count: 0
- Scheduling pending placement group count: 0
- Registered placement groups count: 0
- Named placement group count: 0
- Pending placement groups count: 0
- Infeasible placement groups count: 0

Publisher:
RAY_LOG_CHANNEL
- cumulative published messages: 25
- cumulative published bytes: 23426
- current buffered bytes: 899
GCS_ACTOR_CHANNEL
- cumulative published messages: 24
- cumulative published bytes: 8376
- current buffered bytes: 1400
GCS_JOB_CHANNEL
- cumulative published messages: 1
- cumulative published bytes: 302
- current buffered bytes: 302
GCS_NODE_INFO_CHANNEL
- cumulative published messages: 1
- cumulative published bytes: 607
- current buffered bytes: 0

[runtime env manager] ID to URIs table:
[runtime env manager] URIs reference table:

GcsTaskManager: 
-Total num task events reported: 84
-Total num status task events dropped: 0
-Total num profile events dropped: 0
-Current num of task events stored: 26
-Total num of actor creation tasks: 8
-Total num of actor tasks: 17
-Total num of normal tasks: 0
-Total num of driver tasks: 1

GcsAutoscalerStateManager: 
- last_seen_autoscaler_state_version_: 0
- last_cluster_resource_state_version_: 24
- pending demands:



[2025-06-26 10:37:06,595 I 2364222 2364222] (gcs_server) gcs_server.cc:870: Main service Event stats:


Global stats: 3191 total (12 active)
Queueing time: mean = 562.219 us, max = 191.904 ms, min = 84.000 ns, total = 1.794 s
Execution time:  mean = 23.448 ms, total = 74.823 s
Event stats:
	event_loop_lag_probe - 482 total (0 active), Execution time: mean = 13.729 us, total = 6.618 ms, Queueing time: mean = 24.854 us, max = 9.874 ms, min = 829.000 ns, total = 11.980 ms
	GcsInMemoryStore.Put - 348 total (0 active), Execution time: mean = 571.137 us, total = 198.756 ms, Queueing time: mean = 3.877 ms, max = 191.573 ms, min = 1.030 us, total = 1.349 s
	GcsInMemoryStore.Get - 239 total (0 active), Execution time: mean = 13.644 us, total = 3.261 ms, Queueing time: mean = 7.385 us, max = 236.799 us, min = 984.000 ns, total = 1.765 ms
	InternalKVGcsService.grpc_server.InternalKVGet.HandleRequestImpl - 238 total (0 active), Execution time: mean = 16.550 us, total = 3.939 ms, Queueing time: mean = 44.898 us, max = 2.097 ms, min = 5.729 us, total = 10.686 ms
	InternalKVGcsService.grpc_server.InternalKVGet - 238 total (0 active), Execution time: mean = 243.952 us, total = 58.061 ms, Queueing time: mean = 0.000 s, max = -0.000 s, min = 9223372036.855 s, total = 0.000 s
	NodeInfoGcsService.grpc_server.GetAllNodeInfo.HandleRequestImpl - 196 total (0 active), Execution time: mean = 21.371 us, total = 4.189 ms, Queueing time: mean = 35.016 us, max = 774.022 us, min = 3.380 us, total = 6.863 ms
	NodeInfoGcsService.grpc_server.GetAllNodeInfo - 196 total (0 active), Execution time: mean = 205.087 us, total = 40.197 ms, Queueing time: mean = 0.000 s, max = -0.000 s, min = 9223372036.855 s, total = 0.000 s
	RayletLoadPulled - 120 total (1 active), Execution time: mean = 146.002 us, total = 17.520 ms, Queueing time: mean = 51.124 us, max = 1.369 ms, min = 8.401 us, total = 6.135 ms
	NodeManagerService.grpc_client.GetResourceLoad - 118 total (0 active), Execution time: mean = 661.899 us, total = 78.104 ms, Queueing time: mean = 0.000 s, max = -0.000 s, min = 9223372036.855 s, total = 0.000 s
	NodeManagerService.grpc_client.GetResourceLoad.OnReplyReceived - 118 total (0 active), Execution time: mean = 39.077 us, total = 4.611 ms, Queueing time: mean = 28.157 us, max = 72.556 us, min = 14.391 us, total = 3.323 ms
	NodeInfoGcsService.grpc_server.GetClusterId.HandleRequestImpl - 101 total (0 active), Execution time: mean = 20.174 us, total = 2.038 ms, Queueing time: mean = 55.554 us, max = 1.841 ms, min = 3.737 us, total = 5.611 ms
	NodeInfoGcsService.grpc_server.GetClusterId - 101 total (0 active), Execution time: mean = 267.003 us, total = 26.967 ms, Queueing time: mean = 0.000 s, max = -0.000 s, min = 9223372036.855 s, total = 0.000 s
	WorkerInfoGcsService.grpc_server.AddWorkerInfo.HandleRequestImpl - 97 total (0 active), Execution time: mean = 17.092 us, total = 1.658 ms, Queueing time: mean = 34.132 us, max = 577.309 us, min = 4.210 us, total = 3.311 ms
	WorkerInfoGcsService.grpc_server.AddWorkerInfo - 97 total (0 active), Execution time: mean = 225.987 us, total = 21.921 ms, Queueing time: mean = 0.000 s, max = -0.000 s, min = 9223372036.855 s, total = 0.000 s
	InternalKVGcsService.grpc_server.InternalKVPut.HandleRequestImpl - 64 total (0 active), Execution time: mean = 15.679 us, total = 1.003 ms, Queueing time: mean = 25.485 us, max = 178.943 us, min = 12.173 us, total = 1.631 ms
	InternalKVGcsService.grpc_server.InternalKVPut - 64 total (0 active), Execution time: mean = 197.215 us, total = 12.622 ms, Queueing time: mean = 0.000 s, max = -0.000 s, min = 9223372036.855 s, total = 0.000 s
	ClusterResourceManager.ResetRemoteNodeView - 41 total (1 active), Execution time: mean = 8.171 us, total = 334.999 us, Queueing time: mean = 46.464 us, max = 133.812 us, min = 16.335 us, total = 1.905 ms
	HealthCheck - 34 total (0 active), Execution time: mean = 3.765 us, total = 128.022 us, Queueing time: mean = 30.900 us, max = 176.552 us, min = 4.270 us, total = 1.051 ms
	NodeInfoGcsService.grpc_server.CheckAlive - 26 total (0 active), Execution time: mean = 229.982 us, total = 5.980 ms, Queueing time: mean = 0.000 s, max = -0.000 s, min = 9223372036.855 s, total = 0.000 s
	NodeInfoGcsService.grpc_server.CheckAlive.HandleRequestImpl - 26 total (0 active), Execution time: mean = 15.962 us, total = 415.010 us, Queueing time: mean = 37.348 us, max = 167.866 us, min = 14.977 us, total = 971.037 us
	AutoscalerStateService.grpc_server.GetClusterResourceState - 24 total (0 active), Execution time: mean = 174.341 us, total = 4.184 ms, Queueing time: mean = 0.000 s, max = -0.000 s, min = 9223372036.855 s, total = 0.000 s
	AutoscalerStateService.grpc_server.GetClusterResourceState.HandleRequestImpl - 24 total (0 active), Execution time: mean = 28.102 us, total = 674.446 us, Queueing time: mean = 21.688 us, max = 42.007 us, min = 14.929 us, total = 520.519 us
	NodeResourceInfoGcsService.grpc_server.GetAllResourceUsage - 24 total (0 active), Execution time: mean = 236.787 us, total = 5.683 ms, Queueing time: mean = 0.000 s, max = -0.000 s, min = 9223372036.855 s, total = 0.000 s
	NodeResourceInfoGcsService.grpc_server.GetAllResourceUsage.HandleRequestImpl - 24 total (0 active), Execution time: mean = 55.155 us, total = 1.324 ms, Queueing time: mean = 29.670 us, max = 64.412 us, min = 17.355 us, total = 712.078 us
	GCSServer.deadline_timer.debug_state_dump - 12 total (1 active), Execution time: mean = 724.338 us, total = 8.692 ms, Queueing time: mean = 38.286 us, max = 95.708 us, min = 14.583 us, total = 459.427 us
	GcsHealthCheckManager::MarkNodeHealthy - 10 total (0 active), Execution time: mean = 1.682 us, total = 16.817 us, Queueing time: mean = 24.172 us, max = 36.666 us, min = 16.414 us, total = 241.719 us
	GcsResourceManager::Update - 10 total (0 active), Execution time: mean = 45.527 us, total = 455.269 us, Queueing time: mean = 11.324 us, max = 26.768 us, min = 4.096 us, total = 113.241 us
	ActorInfoGcsService.grpc_server.GetActorInfo - 8 total (0 active), Execution time: mean = 310.288 us, total = 2.482 ms, Queueing time: mean = 0.000 s, max = -0.000 s, min = 9223372036.855 s, total = 0.000 s
	CoreWorkerService.grpc_client.WaitForActorRefDeleted - 8 total (8 active), Execution time: mean = 0.000 s, total = 0.000 s, Queueing time: mean = 0.000 s, max = -0.000 s, min = 9223372036.855 s, total = 0.000 s
	ActorInfoGcsService.grpc_server.RegisterActor.HandleRequestImpl - 8 total (0 active), Execution time: mean = 390.564 us, total = 3.125 ms, Queueing time: mean = 27.985 us, max = 55.218 us, min = 16.159 us, total = 223.881 us
	ActorInfoGcsService.grpc_server.GetActorInfo.HandleRequestImpl - 8 total (0 active), Execution time: mean = 19.258 us, total = 154.064 us, Queueing time: mean = 85.006 us, max = 503.350 us, min = 14.900 us, total = 680.050 us
	CoreWorkerService.grpc_client.PushTask - 8 total (0 active), Execution time: mean = 4.630 s, total = 37.042 s, Queueing time: mean = 0.000 s, max = -0.000 s, min = 9223372036.855 s, total = 0.000 s
	ActorInfoGcsService.grpc_server.CreateActor - 8 total (0 active), Execution time: mean = 4.632 s, total = 37.054 s, Queueing time: mean = 0.000 s, max = -0.000 s, min = 9223372036.855 s, total = 0.000 s
	NodeManagerService.grpc_client.RequestWorkerLease.OnReplyReceived - 8 total (0 active), Execution time: mean = 171.420 us, total = 1.371 ms, Queueing time: mean = 18.677 us, max = 25.561 us, min = 15.289 us, total = 149.420 us
	ActorInfoGcsService.grpc_server.RegisterActor - 8 total (0 active), Execution time: mean = 717.173 us, total = 5.737 ms, Queueing time: mean = 0.000 s, max = -0.000 s, min = 9223372036.855 s, total = 0.000 s
	ActorInfoGcsService.grpc_server.CreateActor.HandleRequestImpl - 8 total (0 active), Execution time: mean = 192.358 us, total = 1.539 ms, Queueing time: mean = 18.543 us, max = 32.060 us, min = 13.333 us, total = 148.341 us
	NodeManagerService.grpc_client.RequestWorkerLease - 8 total (0 active), Execution time: mean = 587.227 us, total = 4.698 ms, Queueing time: mean = 0.000 s, max = -0.000 s, min = 9223372036.855 s, total = 0.000 s
	CoreWorkerService.grpc_client.PushTask.OnReplyReceived - 8 total (0 active), Execution time: mean = 318.767 us, total = 2.550 ms, Queueing time: mean = 26.303 us, max = 30.178 us, min = 17.681 us, total = 210.427 us
	GcsInMemoryStore.GetAll - 6 total (0 active), Execution time: mean = 7.651 us, total = 45.906 us, Queueing time: mean = 24.110 us, max = 32.619 us, min = 2.601 us, total = 144.657 us
	PeriodicalRunner.RunFnPeriodically - 4 total (0 active), Execution time: mean = 110.746 us, total = 442.986 us, Queueing time: mean = 96.438 ms, max = 191.904 ms, min = 874.508 us, total = 385.752 ms
	GCSServer.deadline_timer.debug_state_event_stats_print - 2 total (1 active, 1 running), Execution time: mean = 648.902 us, total = 1.298 ms, Queueing time: mean = 18.759 us, max = 37.518 us, min = 37.518 us, total = 37.518 us
	InternalKVGcsService.grpc_server.GetInternalConfig.HandleRequestImpl - 1 total (0 active), Execution time: mean = 39.111 us, total = 39.111 us, Queueing time: mean = 205.676 us, max = 205.676 us, min = 205.676 us, total = 205.676 us
	NodeInfoGcsService.grpc_server.RegisterNode.HandleRequestImpl - 1 total (0 active), Execution time: mean = 83.512 us, total = 83.512 us, Queueing time: mean = 22.773 us, max = 22.773 us, min = 22.773 us, total = 22.773 us
	GcsServer.GetOrGenerateClusterId.continuation - 1 total (0 active), Execution time: mean = 191.910 ms, total = 191.910 ms, Queueing time: mean = 84.000 ns, max = 84.000 ns, min = 84.000 ns, total = 84.000 ns
	NodeInfoGcsService.grpc_server.RegisterNode - 1 total (0 active), Execution time: mean = 438.564 us, total = 438.564 us, Queueing time: mean = 0.000 s, max = -0.000 s, min = 9223372036.855 s, total = 0.000 s
	JobInfoGcsService.grpc_server.GetAllJobInfo - 1 total (0 active), Execution time: mean = 331.761 us, total = 331.761 us, Queueing time: mean = 0.000 s, max = -0.000 s, min = 9223372036.855 s, total = 0.000 s
	InternalKVGcsService.grpc_server.InternalKVDel - 1 total (0 active), Execution time: mean = 373.094 us, total = 373.094 us, Queueing time: mean = 0.000 s, max = -0.000 s, min = 9223372036.855 s, total = 0.000 s
	JobInfoGcsService.grpc_server.AddJob.HandleRequestImpl - 1 total (0 active), Execution time: mean = 67.220 us, total = 67.220 us, Queueing time: mean = 21.632 us, max = 21.632 us, min = 21.632 us, total = 21.632 us
	JobInfoGcsService.grpc_server.GetAllJobInfo.HandleRequestImpl - 1 total (0 active), Execution time: mean = 10.034 us, total = 10.034 us, Queueing time: mean = 17.441 us, max = 17.441 us, min = 17.441 us, total = 17.441 us
	JobInfoGcsService.grpc_server.GetNextJobID.HandleRequestImpl - 1 total (0 active), Execution time: mean = 3.134 us, total = 3.134 us, Queueing time: mean = 15.138 us, max = 15.138 us, min = 15.138 us, total = 15.138 us
	GcsHealthCheckManager::AddNode - 1 total (0 active), Execution time: mean = 6.141 us, total = 6.141 us, Queueing time: mean = 227.000 ns, max = 227.000 ns, min = 227.000 ns, total = 227.000 ns
	JobInfoGcsService.grpc_server.AddJob - 1 total (0 active), Execution time: mean = 261.401 us, total = 261.401 us, Queueing time: mean = 0.000 s, max = -0.000 s, min = 9223372036.855 s, total = 0.000 s
	JobInfoGcsService.grpc_server.GetNextJobID - 1 total (0 active), Execution time: mean = 158.402 us, total = 158.402 us, Queueing time: mean = 0.000 s, max = -0.000 s, min = 9223372036.855 s, total = 0.000 s
	GcsInMemoryStore.Delete - 1 total (0 active), Execution time: mean = 6.083 us, total = 6.083 us, Queueing time: mean = 1.668 us, max = 1.668 us, min = 1.668 us, total = 1.668 us
	InternalKVGcsService.grpc_server.InternalKVDel.HandleRequestImpl - 1 total (0 active), Execution time: mean = 13.840 us, total = 13.840 us, Queueing time: mean = 16.251 us, max = 16.251 us, min = 16.251 us, total = 16.251 us
	NodeResourceInfoGcsService.grpc_server.GetAllAvailableResources.HandleRequestImpl - 1 total (0 active), Execution time: mean = 26.086 us, total = 26.086 us, Queueing time: mean = 19.272 us, max = 19.272 us, min = 19.272 us, total = 19.272 us
	InternalKVGcsService.grpc_server.GetInternalConfig - 1 total (0 active), Execution time: mean = 443.468 us, total = 443.468 us, Queueing time: mean = 0.000 s, max = -0.000 s, min = 9223372036.855 s, total = 0.000 s
	GcsInMemoryStore.GetNextJobID - 1 total (0 active), Execution time: mean = 5.681 us, total = 5.681 us, Queueing time: mean = 1.302 us, max = 1.302 us, min = 1.302 us, total = 1.302 us
	GcsInitData::AsyncLoad - 1 total (0 active), Execution time: mean = 8.149 us, total = 8.149 us, Queueing time: mean = 192.000 ns, max = 192.000 ns, min = 192.000 ns, total = 192.000 ns
	NodeResourceInfoGcsService.grpc_server.GetAllAvailableResources - 1 total (0 active), Execution time: mean = 119.774 us, total = 119.774 us, Queueing time: mean = 0.000 s, max = -0.000 s, min = 9223372036.855 s, total = 0.000 s


[2025-06-26 10:37:06,595 I 2364222 2364222] (gcs_server) gcs_server.cc:874: task_io_context Event stats:


Global stats: 23392 total (1 active)
Queueing time: mean = 14.440 us, max = 3.632 ms, min = 1.636 us, total = 337.780 ms
Execution time:  mean = 90.396 us, total = 2.115 s
Event stats:
	TaskInfoGcsService.grpc_server.AddTaskEventData - 11442 total (0 active), Execution time: mean = 173.738 us, total = 1.988 s, Queueing time: mean = 0.000 s, max = -0.000 s, min = 9223372036.855 s, total = 0.000 s
	TaskInfoGcsService.grpc_server.AddTaskEventData.HandleRequestImpl - 11442 total (0 active), Execution time: mean = 10.436 us, total = 119.414 ms, Queueing time: mean = 29.090 us, max = 3.632 ms, min = 1.650 us, total = 332.845 ms
	event_loop_lag_probe - 482 total (0 active), Execution time: mean = 14.733 us, total = 7.101 ms, Queueing time: mean = 7.989 us, max = 1.900 ms, min = 1.636 us, total = 3.851 ms
	GcsTaskManager.GcJobSummary - 25 total (1 active), Execution time: mean = 5.010 us, total = 125.245 us, Queueing time: mean = 42.356 us, max = 221.180 us, min = 16.178 us, total = 1.059 ms
	PeriodicalRunner.RunFnPeriodically - 1 total (0 active), Execution time: mean = 4.687 us, total = 4.687 us, Queueing time: mean = 25.248 us, max = 25.248 us, min = 25.248 us, total = 25.248 us


[2025-06-26 10:37:06,595 I 2364222 2364222] (gcs_server) gcs_server.cc:874: pubsub_io_context Event stats:


Global stats: 1046 total (101 active)
Queueing time: mean = 9.784 us, max = 233.068 us, min = 1.018 us, total = 10.234 ms
Execution time:  mean = 144.637 ms, total = 151.290 s
Event stats:
	event_loop_lag_probe - 482 total (0 active), Execution time: mean = 11.626 us, total = 5.604 ms, Queueing time: mean = 4.234 us, max = 189.412 us, min = 1.018 us, total = 2.041 ms
	InternalPubSubGcsService.grpc_server.GcsSubscriberPoll.HandleRequestImpl - 147 total (0 active), Execution time: mean = 14.981 us, total = 2.202 ms, Queueing time: mean = 30.682 us, max = 233.068 us, min = 6.143 us, total = 4.510 ms
	InternalPubSubGcsService.grpc_server.GcsSubscriberPoll - 147 total (100 active), Execution time: mean = 1.029 s, total = 151.247 s, Queueing time: mean = 0.000 s, max = -0.000 s, min = 9223372036.855 s, total = 0.000 s
	InternalPubSubGcsService.grpc_server.GcsSubscriberCommandBatch.HandleRequestImpl - 109 total (0 active), Execution time: mean = 36.135 us, total = 3.939 ms, Queueing time: mean = 25.571 us, max = 128.618 us, min = 7.580 us, total = 2.787 ms
	InternalPubSubGcsService.grpc_server.GcsSubscriberCommandBatch - 109 total (0 active), Execution time: mean = 223.726 us, total = 24.386 ms, Queueing time: mean = 0.000 s, max = -0.000 s, min = 9223372036.855 s, total = 0.000 s
	InternalPubSubGcsService.grpc_server.GcsPublish.HandleRequestImpl - 25 total (0 active), Execution time: mean = 54.541 us, total = 1.364 ms, Queueing time: mean = 34.842 us, max = 135.478 us, min = 20.128 us, total = 871.042 us
	InternalPubSubGcsService.grpc_server.GcsPublish - 25 total (0 active), Execution time: mean = 207.298 us, total = 5.182 ms, Queueing time: mean = 0.000 s, max = -0.000 s, min = 9223372036.855 s, total = 0.000 s
	Publisher.CheckDeadSubscribers - 1 total (1 active), Execution time: mean = 0.000 s, total = 0.000 s, Queueing time: mean = 0.000 s, max = -0.000 s, min = 9223372036.855 s, total = 0.000 s
	PeriodicalRunner.RunFnPeriodically - 1 total (0 active), Execution time: mean = 5.218 us, total = 5.218 us, Queueing time: mean = 24.386 us, max = 24.386 us, min = 24.386 us, total = 24.386 us


[2025-06-26 10:37:06,595 I 2364222 2364222] (gcs_server) gcs_server.cc:874: ray_syncer_io_context Event stats:


Global stats: 504 total (0 active)
Queueing time: mean = 5.718 us, max = 280.478 us, min = 144.000 ns, total = 2.882 ms
Execution time:  mean = 14.190 us, total = 7.152 ms
Event stats:
	event_loop_lag_probe - 482 total (0 active), Execution time: mean = 13.823 us, total = 6.663 ms, Queueing time: mean = 5.366 us, max = 280.478 us, min = 2.039 us, total = 2.586 ms
	 - 10 total (0 active), Execution time: mean = 41.225 us, total = 412.247 us, Queueing time: mean = 25.687 us, max = 46.690 us, min = 12.421 us, total = 256.868 us
	RaySyncer.BroadcastMessage - 10 total (0 active), Execution time: mean = 7.586 us, total = 75.858 us, Queueing time: mean = 278.000 ns, max = 512.000 ns, min = 144.000 ns, total = 2.780 us
	RaySyncerRegister - 2 total (0 active), Execution time: mean = 451.000 ns, total = 902.000 ns, Queueing time: mean = 17.930 us, max = 20.738 us, min = 15.123 us, total = 35.861 us


[2025-06-26 10:38:06,595 I 2364222 2364222] (gcs_server) gcs_server.cc:249: Gcs Debug state:

GcsNodeManager: 
- RegisterNode request count: 1
- DrainNode request count: 0
- GetAllNodeInfo request count: 196

GcsActorManager: 
- RegisterActor request count: 8
- CreateActor request count: 8
- GetActorInfo request count: 8
- GetNamedActorInfo request count: 0
- GetAllActorInfo request count: 0
- KillActor request count: 0
- ListNamedActors request count: 0
- Registered actors count: 8
- Destroyed actors count: 0
- Named actors count: 0
- Unresolved actors count: 0
- Pending actors count: 0
- Created actors count: 1
- owners_: 1
- actor_to_register_callbacks_: 0
- actor_to_restart_for_lineage_reconstruction_callbacks_: 0
- actor_to_create_callbacks_: 0
- sorted_destroyed_actor_list_: 0

GcsResourceManager: 
- GetAllAvailableResources request count: 1
- GetAllTotalResources request count: 0
- GetAllResourceUsage request count: 36

GcsPlacementGroupManager: 
- CreatePlacementGroup request count: 0
- RemovePlacementGroup request count: 0
- GetPlacementGroup request count: 0
- GetAllPlacementGroup request count: 0
- WaitPlacementGroupUntilReady request count: 0
- GetNamedPlacementGroup request count: 0
- Scheduling pending placement group count: 0
- Registered placement groups count: 0
- Named placement group count: 0
- Pending placement groups count: 0
- Infeasible placement groups count: 0

Publisher:
RAY_LOG_CHANNEL
- cumulative published messages: 37
- cumulative published bytes: 34214
- current buffered bytes: 899
GCS_ACTOR_CHANNEL
- cumulative published messages: 24
- cumulative published bytes: 8376
- current buffered bytes: 1400
GCS_JOB_CHANNEL
- cumulative published messages: 1
- cumulative published bytes: 302
- current buffered bytes: 302
GCS_NODE_INFO_CHANNEL
- cumulative published messages: 1
- cumulative published bytes: 607
- current buffered bytes: 0

[runtime env manager] ID to URIs table:
[runtime env manager] URIs reference table:

GcsTaskManager: 
-Total num task events reported: 84
-Total num status task events dropped: 0
-Total num profile events dropped: 0
-Current num of task events stored: 26
-Total num of actor creation tasks: 8
-Total num of actor tasks: 17
-Total num of normal tasks: 0
-Total num of driver tasks: 1

GcsAutoscalerStateManager: 
- last_seen_autoscaler_state_version_: 0
- last_cluster_resource_state_version_: 36
- pending demands:



[2025-06-26 10:38:06,595 I 2364222 2364222] (gcs_server) gcs_server.cc:870: Main service Event stats:


Global stats: 3912 total (12 active)
Queueing time: mean = 461.767 us, max = 191.904 ms, min = 84.000 ns, total = 1.806 s
Execution time:  mean = 19.147 ms, total = 74.903 s
Event stats:
	event_loop_lag_probe - 722 total (0 active), Execution time: mean = 13.752 us, total = 9.929 ms, Queueing time: mean = 18.083 us, max = 9.874 ms, min = 829.000 ns, total = 13.056 ms
	GcsInMemoryStore.Put - 444 total (0 active), Execution time: mean = 448.538 us, total = 199.151 ms, Queueing time: mean = 3.046 ms, max = 191.573 ms, min = 1.030 us, total = 1.352 s
	GcsInMemoryStore.Get - 251 total (0 active), Execution time: mean = 13.487 us, total = 3.385 ms, Queueing time: mean = 7.190 us, max = 236.799 us, min = 984.000 ns, total = 1.805 ms
	InternalKVGcsService.grpc_server.InternalKVGet.HandleRequestImpl - 250 total (0 active), Execution time: mean = 16.912 us, total = 4.228 ms, Queueing time: mean = 43.825 us, max = 2.097 ms, min = 5.729 us, total = 10.956 ms
	InternalKVGcsService.grpc_server.InternalKVGet - 250 total (0 active), Execution time: mean = 239.560 us, total = 59.890 ms, Queueing time: mean = 0.000 s, max = -0.000 s, min = 9223372036.855 s, total = 0.000 s
	NodeInfoGcsService.grpc_server.GetAllNodeInfo.HandleRequestImpl - 196 total (0 active), Execution time: mean = 21.371 us, total = 4.189 ms, Queueing time: mean = 35.016 us, max = 774.022 us, min = 3.380 us, total = 6.863 ms
	NodeInfoGcsService.grpc_server.GetAllNodeInfo - 196 total (0 active), Execution time: mean = 205.087 us, total = 40.197 ms, Queueing time: mean = 0.000 s, max = -0.000 s, min = 9223372036.855 s, total = 0.000 s
	RayletLoadPulled - 180 total (1 active), Execution time: mean = 139.564 us, total = 25.122 ms, Queueing time: mean = 46.565 us, max = 1.369 ms, min = 8.401 us, total = 8.382 ms
	NodeManagerService.grpc_client.GetResourceLoad - 178 total (0 active), Execution time: mean = 667.918 us, total = 118.889 ms, Queueing time: mean = 0.000 s, max = -0.000 s, min = 9223372036.855 s, total = 0.000 s
	NodeManagerService.grpc_client.GetResourceLoad.OnReplyReceived - 178 total (0 active), Execution time: mean = 38.944 us, total = 6.932 ms, Queueing time: mean = 28.506 us, max = 75.567 us, min = 14.391 us, total = 5.074 ms
	NodeInfoGcsService.grpc_server.GetClusterId.HandleRequestImpl - 101 total (0 active), Execution time: mean = 20.174 us, total = 2.038 ms, Queueing time: mean = 55.554 us, max = 1.841 ms, min = 3.737 us, total = 5.611 ms
	NodeInfoGcsService.grpc_server.GetClusterId - 101 total (0 active), Execution time: mean = 267.003 us, total = 26.967 ms, Queueing time: mean = 0.000 s, max = -0.000 s, min = 9223372036.855 s, total = 0.000 s
	WorkerInfoGcsService.grpc_server.AddWorkerInfo.HandleRequestImpl - 97 total (0 active), Execution time: mean = 17.092 us, total = 1.658 ms, Queueing time: mean = 34.132 us, max = 577.309 us, min = 4.210 us, total = 3.311 ms
	WorkerInfoGcsService.grpc_server.AddWorkerInfo - 97 total (0 active), Execution time: mean = 225.987 us, total = 21.921 ms, Queueing time: mean = 0.000 s, max = -0.000 s, min = 9223372036.855 s, total = 0.000 s
	InternalKVGcsService.grpc_server.InternalKVPut.HandleRequestImpl - 88 total (0 active), Execution time: mean = 32.082 us, total = 2.823 ms, Queueing time: mean = 26.075 us, max = 178.943 us, min = 12.173 us, total = 2.295 ms
	InternalKVGcsService.grpc_server.InternalKVPut - 88 total (0 active), Execution time: mean = 203.706 us, total = 17.926 ms, Queueing time: mean = 0.000 s, max = -0.000 s, min = 9223372036.855 s, total = 0.000 s
	ClusterResourceManager.ResetRemoteNodeView - 61 total (1 active), Execution time: mean = 7.673 us, total = 468.026 us, Queueing time: mean = 43.039 us, max = 133.812 us, min = 15.288 us, total = 2.625 ms
	HealthCheck - 54 total (0 active), Execution time: mean = 3.680 us, total = 198.729 us, Queueing time: mean = 32.574 us, max = 176.552 us, min = 4.270 us, total = 1.759 ms
	NodeInfoGcsService.grpc_server.CheckAlive - 39 total (0 active), Execution time: mean = 237.410 us, total = 9.259 ms, Queueing time: mean = 0.000 s, max = -0.000 s, min = 9223372036.855 s, total = 0.000 s
	NodeInfoGcsService.grpc_server.CheckAlive.HandleRequestImpl - 39 total (0 active), Execution time: mean = 17.697 us, total = 690.167 us, Queueing time: mean = 42.541 us, max = 181.683 us, min = 14.977 us, total = 1.659 ms
	AutoscalerStateService.grpc_server.GetClusterResourceState - 36 total (0 active), Execution time: mean = 175.292 us, total = 6.311 ms, Queueing time: mean = 0.000 s, max = -0.000 s, min = 9223372036.855 s, total = 0.000 s
	AutoscalerStateService.grpc_server.GetClusterResourceState.HandleRequestImpl - 36 total (0 active), Execution time: mean = 28.449 us, total = 1.024 ms, Queueing time: mean = 25.552 us, max = 130.355 us, min = 14.929 us, total = 919.879 us
	NodeResourceInfoGcsService.grpc_server.GetAllResourceUsage - 36 total (0 active), Execution time: mean = 247.466 us, total = 8.909 ms, Queueing time: mean = 0.000 s, max = -0.000 s, min = 9223372036.855 s, total = 0.000 s
	NodeResourceInfoGcsService.grpc_server.GetAllResourceUsage.HandleRequestImpl - 36 total (0 active), Execution time: mean = 53.586 us, total = 1.929 ms, Queueing time: mean = 30.663 us, max = 64.412 us, min = 17.355 us, total = 1.104 ms
	GCSServer.deadline_timer.debug_state_dump - 18 total (1 active), Execution time: mean = 789.822 us, total = 14.217 ms, Queueing time: mean = 37.126 us, max = 95.708 us, min = 13.007 us, total = 668.275 us
	GcsHealthCheckManager::MarkNodeHealthy - 10 total (0 active), Execution time: mean = 1.682 us, total = 16.817 us, Queueing time: mean = 24.172 us, max = 36.666 us, min = 16.414 us, total = 241.719 us
	GcsResourceManager::Update - 10 total (0 active), Execution time: mean = 45.527 us, total = 455.269 us, Queueing time: mean = 11.324 us, max = 26.768 us, min = 4.096 us, total = 113.241 us
	ActorInfoGcsService.grpc_server.GetActorInfo - 8 total (0 active), Execution time: mean = 310.288 us, total = 2.482 ms, Queueing time: mean = 0.000 s, max = -0.000 s, min = 9223372036.855 s, total = 0.000 s
	CoreWorkerService.grpc_client.WaitForActorRefDeleted - 8 total (8 active), Execution time: mean = 0.000 s, total = 0.000 s, Queueing time: mean = 0.000 s, max = -0.000 s, min = 9223372036.855 s, total = 0.000 s
	ActorInfoGcsService.grpc_server.RegisterActor.HandleRequestImpl - 8 total (0 active), Execution time: mean = 390.564 us, total = 3.125 ms, Queueing time: mean = 27.985 us, max = 55.218 us, min = 16.159 us, total = 223.881 us
	ActorInfoGcsService.grpc_server.GetActorInfo.HandleRequestImpl - 8 total (0 active), Execution time: mean = 19.258 us, total = 154.064 us, Queueing time: mean = 85.006 us, max = 503.350 us, min = 14.900 us, total = 680.050 us
	CoreWorkerService.grpc_client.PushTask - 8 total (0 active), Execution time: mean = 4.630 s, total = 37.042 s, Queueing time: mean = 0.000 s, max = -0.000 s, min = 9223372036.855 s, total = 0.000 s
	ActorInfoGcsService.grpc_server.CreateActor - 8 total (0 active), Execution time: mean = 4.632 s, total = 37.054 s, Queueing time: mean = 0.000 s, max = -0.000 s, min = 9223372036.855 s, total = 0.000 s
	NodeManagerService.grpc_client.RequestWorkerLease.OnReplyReceived - 8 total (0 active), Execution time: mean = 171.420 us, total = 1.371 ms, Queueing time: mean = 18.677 us, max = 25.561 us, min = 15.289 us, total = 149.420 us
	ActorInfoGcsService.grpc_server.RegisterActor - 8 total (0 active), Execution time: mean = 717.173 us, total = 5.737 ms, Queueing time: mean = 0.000 s, max = -0.000 s, min = 9223372036.855 s, total = 0.000 s
	ActorInfoGcsService.grpc_server.CreateActor.HandleRequestImpl - 8 total (0 active), Execution time: mean = 192.358 us, total = 1.539 ms, Queueing time: mean = 18.543 us, max = 32.060 us, min = 13.333 us, total = 148.341 us
	NodeManagerService.grpc_client.RequestWorkerLease - 8 total (0 active), Execution time: mean = 587.227 us, total = 4.698 ms, Queueing time: mean = 0.000 s, max = -0.000 s, min = 9223372036.855 s, total = 0.000 s
	CoreWorkerService.grpc_client.PushTask.OnReplyReceived - 8 total (0 active), Execution time: mean = 318.767 us, total = 2.550 ms, Queueing time: mean = 26.303 us, max = 30.178 us, min = 17.681 us, total = 210.427 us
	GcsInMemoryStore.GetAll - 6 total (0 active), Execution time: mean = 7.651 us, total = 45.906 us, Queueing time: mean = 24.110 us, max = 32.619 us, min = 2.601 us, total = 144.657 us
	PeriodicalRunner.RunFnPeriodically - 4 total (0 active), Execution time: mean = 110.746 us, total = 442.986 us, Queueing time: mean = 96.438 ms, max = 191.904 ms, min = 874.508 us, total = 385.752 ms
	GCSServer.deadline_timer.debug_state_event_stats_print - 3 total (1 active, 1 running), Execution time: mean = 776.797 us, total = 2.330 ms, Queueing time: mean = 26.208 us, max = 41.107 us, min = 37.518 us, total = 78.625 us
	InternalKVGcsService.grpc_server.GetInternalConfig.HandleRequestImpl - 1 total (0 active), Execution time: mean = 39.111 us, total = 39.111 us, Queueing time: mean = 205.676 us, max = 205.676 us, min = 205.676 us, total = 205.676 us
	NodeInfoGcsService.grpc_server.RegisterNode.HandleRequestImpl - 1 total (0 active), Execution time: mean = 83.512 us, total = 83.512 us, Queueing time: mean = 22.773 us, max = 22.773 us, min = 22.773 us, total = 22.773 us
	GcsServer.GetOrGenerateClusterId.continuation - 1 total (0 active), Execution time: mean = 191.910 ms, total = 191.910 ms, Queueing time: mean = 84.000 ns, max = 84.000 ns, min = 84.000 ns, total = 84.000 ns
	NodeInfoGcsService.grpc_server.RegisterNode - 1 total (0 active), Execution time: mean = 438.564 us, total = 438.564 us, Queueing time: mean = 0.000 s, max = -0.000 s, min = 9223372036.855 s, total = 0.000 s
	JobInfoGcsService.grpc_server.GetAllJobInfo - 1 total (0 active), Execution time: mean = 331.761 us, total = 331.761 us, Queueing time: mean = 0.000 s, max = -0.000 s, min = 9223372036.855 s, total = 0.000 s
	InternalKVGcsService.grpc_server.InternalKVDel - 1 total (0 active), Execution time: mean = 373.094 us, total = 373.094 us, Queueing time: mean = 0.000 s, max = -0.000 s, min = 9223372036.855 s, total = 0.000 s
	JobInfoGcsService.grpc_server.AddJob.HandleRequestImpl - 1 total (0 active), Execution time: mean = 67.220 us, total = 67.220 us, Queueing time: mean = 21.632 us, max = 21.632 us, min = 21.632 us, total = 21.632 us
	JobInfoGcsService.grpc_server.GetAllJobInfo.HandleRequestImpl - 1 total (0 active), Execution time: mean = 10.034 us, total = 10.034 us, Queueing time: mean = 17.441 us, max = 17.441 us, min = 17.441 us, total = 17.441 us
	JobInfoGcsService.grpc_server.GetNextJobID.HandleRequestImpl - 1 total (0 active), Execution time: mean = 3.134 us, total = 3.134 us, Queueing time: mean = 15.138 us, max = 15.138 us, min = 15.138 us, total = 15.138 us
	GcsHealthCheckManager::AddNode - 1 total (0 active), Execution time: mean = 6.141 us, total = 6.141 us, Queueing time: mean = 227.000 ns, max = 227.000 ns, min = 227.000 ns, total = 227.000 ns
	JobInfoGcsService.grpc_server.AddJob - 1 total (0 active), Execution time: mean = 261.401 us, total = 261.401 us, Queueing time: mean = 0.000 s, max = -0.000 s, min = 9223372036.855 s, total = 0.000 s
	JobInfoGcsService.grpc_server.GetNextJobID - 1 total (0 active), Execution time: mean = 158.402 us, total = 158.402 us, Queueing time: mean = 0.000 s, max = -0.000 s, min = 9223372036.855 s, total = 0.000 s
	GcsInMemoryStore.Delete - 1 total (0 active), Execution time: mean = 6.083 us, total = 6.083 us, Queueing time: mean = 1.668 us, max = 1.668 us, min = 1.668 us, total = 1.668 us
	InternalKVGcsService.grpc_server.InternalKVDel.HandleRequestImpl - 1 total (0 active), Execution time: mean = 13.840 us, total = 13.840 us, Queueing time: mean = 16.251 us, max = 16.251 us, min = 16.251 us, total = 16.251 us
	NodeResourceInfoGcsService.grpc_server.GetAllAvailableResources.HandleRequestImpl - 1 total (0 active), Execution time: mean = 26.086 us, total = 26.086 us, Queueing time: mean = 19.272 us, max = 19.272 us, min = 19.272 us, total = 19.272 us
	InternalKVGcsService.grpc_server.GetInternalConfig - 1 total (0 active), Execution time: mean = 443.468 us, total = 443.468 us, Queueing time: mean = 0.000 s, max = -0.000 s, min = 9223372036.855 s, total = 0.000 s
	GcsInMemoryStore.GetNextJobID - 1 total (0 active), Execution time: mean = 5.681 us, total = 5.681 us, Queueing time: mean = 1.302 us, max = 1.302 us, min = 1.302 us, total = 1.302 us
	GcsInitData::AsyncLoad - 1 total (0 active), Execution time: mean = 8.149 us, total = 8.149 us, Queueing time: mean = 192.000 ns, max = 192.000 ns, min = 192.000 ns, total = 192.000 ns
	NodeResourceInfoGcsService.grpc_server.GetAllAvailableResources - 1 total (0 active), Execution time: mean = 119.774 us, total = 119.774 us, Queueing time: mean = 0.000 s, max = -0.000 s, min = 9223372036.855 s, total = 0.000 s


[2025-06-26 10:38:06,595 I 2364222 2364222] (gcs_server) gcs_server.cc:874: task_io_context Event stats:


Global stats: 35280 total (1 active)
Queueing time: mean = 14.361 us, max = 3.632 ms, min = 1.636 us, total = 506.669 ms
Execution time:  mean = 91.364 us, total = 3.223 s
Event stats:
	TaskInfoGcsService.grpc_server.AddTaskEventData - 17260 total (0 active), Execution time: mean = 175.452 us, total = 3.028 s, Queueing time: mean = 0.000 s, max = -0.000 s, min = 9223372036.855 s, total = 0.000 s
	TaskInfoGcsService.grpc_server.AddTaskEventData.HandleRequestImpl - 17260 total (0 active), Execution time: mean = 10.687 us, total = 184.454 ms, Queueing time: mean = 28.981 us, max = 3.632 ms, min = 1.647 us, total = 500.213 ms
	event_loop_lag_probe - 722 total (0 active), Execution time: mean = 14.351 us, total = 10.362 ms, Queueing time: mean = 6.648 us, max = 1.900 ms, min = 1.636 us, total = 4.800 ms
	GcsTaskManager.GcJobSummary - 37 total (1 active), Execution time: mean = 5.575 us, total = 206.258 us, Queueing time: mean = 44.066 us, max = 221.180 us, min = 14.454 us, total = 1.630 ms
	PeriodicalRunner.RunFnPeriodically - 1 total (0 active), Execution time: mean = 4.687 us, total = 4.687 us, Queueing time: mean = 25.248 us, max = 25.248 us, min = 25.248 us, total = 25.248 us


[2025-06-26 10:38:06,596 I 2364222 2364222] (gcs_server) gcs_server.cc:874: pubsub_io_context Event stats:


Global stats: 1334 total (101 active)
Queueing time: mean = 8.963 us, max = 233.068 us, min = 1.018 us, total = 11.956 ms
Execution time:  mean = 158.456 ms, total = 211.381 s
Event stats:
	event_loop_lag_probe - 722 total (0 active), Execution time: mean = 12.215 us, total = 8.819 ms, Queueing time: mean = 4.388 us, max = 189.412 us, min = 1.018 us, total = 3.168 ms
	InternalPubSubGcsService.grpc_server.GcsSubscriberPoll.HandleRequestImpl - 159 total (0 active), Execution time: mean = 15.090 us, total = 2.399 ms, Queueing time: mean = 30.171 us, max = 233.068 us, min = 6.143 us, total = 4.797 ms
	InternalPubSubGcsService.grpc_server.GcsSubscriberPoll - 159 total (100 active), Execution time: mean = 1.329 s, total = 211.331 s, Queueing time: mean = 0.000 s, max = -0.000 s, min = 9223372036.855 s, total = 0.000 s
	InternalPubSubGcsService.grpc_server.GcsSubscriberCommandBatch.HandleRequestImpl - 109 total (0 active), Execution time: mean = 36.135 us, total = 3.939 ms, Queueing time: mean = 25.571 us, max = 128.618 us, min = 7.580 us, total = 2.787 ms
	InternalPubSubGcsService.grpc_server.GcsSubscriberCommandBatch - 109 total (0 active), Execution time: mean = 223.726 us, total = 24.386 ms, Queueing time: mean = 0.000 s, max = -0.000 s, min = 9223372036.855 s, total = 0.000 s
	InternalPubSubGcsService.grpc_server.GcsPublish.HandleRequestImpl - 37 total (0 active), Execution time: mean = 53.371 us, total = 1.975 ms, Queueing time: mean = 31.869 us, max = 135.478 us, min = 19.300 us, total = 1.179 ms
	InternalPubSubGcsService.grpc_server.GcsPublish - 37 total (0 active), Execution time: mean = 211.898 us, total = 7.840 ms, Queueing time: mean = 0.000 s, max = -0.000 s, min = 9223372036.855 s, total = 0.000 s
	Publisher.CheckDeadSubscribers - 1 total (1 active), Execution time: mean = 0.000 s, total = 0.000 s, Queueing time: mean = 0.000 s, max = -0.000 s, min = 9223372036.855 s, total = 0.000 s
	PeriodicalRunner.RunFnPeriodically - 1 total (0 active), Execution time: mean = 5.218 us, total = 5.218 us, Queueing time: mean = 24.386 us, max = 24.386 us, min = 24.386 us, total = 24.386 us


[2025-06-26 10:38:06,596 I 2364222 2364222] (gcs_server) gcs_server.cc:874: ray_syncer_io_context Event stats:


Global stats: 744 total (0 active)
Queueing time: mean = 5.442 us, max = 280.478 us, min = 144.000 ns, total = 4.049 ms
Execution time:  mean = 13.854 us, total = 10.307 ms
Event stats:
	event_loop_lag_probe - 722 total (0 active), Execution time: mean = 13.599 us, total = 9.818 ms, Queueing time: mean = 5.199 us, max = 280.478 us, min = 1.676 us, total = 3.754 ms
	 - 10 total (0 active), Execution time: mean = 41.225 us, total = 412.247 us, Queueing time: mean = 25.687 us, max = 46.690 us, min = 12.421 us, total = 256.868 us
	RaySyncer.BroadcastMessage - 10 total (0 active), Execution time: mean = 7.586 us, total = 75.858 us, Queueing time: mean = 278.000 ns, max = 512.000 ns, min = 144.000 ns, total = 2.780 us
	RaySyncerRegister - 2 total (0 active), Execution time: mean = 451.000 ns, total = 902.000 ns, Queueing time: mean = 17.930 us, max = 20.738 us, min = 15.123 us, total = 35.861 us


[2025-06-26 10:38:36,073 I 2364222 2364222] (gcs_server) gcs_actor_manager.cc:1072: Destroying actor job_id=01000000 actor_id=ce310adccff9a1372bfbe41801000000
[2025-06-26 10:38:36,073 I 2364222 2364222] (gcs_server) gcs_actor_manager.cc:1072: Destroying actor job_id=01000000 actor_id=f78ace0cb9c1c8836d67fa2701000000
[2025-06-26 10:38:36,074 I 2364222 2364222] (gcs_server) gcs_actor_manager.cc:1072: Destroying actor job_id=01000000 actor_id=8cc660a998e1e883ab69958901000000
[2025-06-26 10:38:36,074 I 2364222 2364222] (gcs_server) gcs_actor_manager.cc:1072: Destroying actor job_id=01000000 actor_id=3987c887561340e17bae29e901000000
[2025-06-26 10:38:36,074 I 2364222 2364222] (gcs_server) gcs_actor_manager.cc:1072: Destroying actor job_id=01000000 actor_id=221cf9025a57820d3bdba1ce01000000
[2025-06-26 10:38:36,075 I 2364222 2364222] (gcs_server) gcs_actor_manager.cc:1072: Destroying actor job_id=01000000 actor_id=58fcfa940bb2e3894b37773301000000
[2025-06-26 10:38:36,075 I 2364222 2364222] (gcs_server) gcs_actor_manager.cc:1072: Destroying actor job_id=01000000 actor_id=2e5e060ada166082464a610801000000
[2025-06-26 10:38:36,075 I 2364222 2364222] (gcs_server) gcs_actor_manager.cc:1072: Destroying actor job_id=01000000 actor_id=92523f723b6f1dbc05369e6d01000000
[2025-06-26 10:38:36,076 I 2364222 2364222] (gcs_server) gcs_actor_manager.cc:1047: Worker 01000000ffffffffffffffffffffffffffffffffffffffffffffffff failed, destroying actor child, job id = 01000000
[2025-06-26 10:38:36,076 I 2364222 2364222] (gcs_server) gcs_actor_manager.cc:1047: Worker 01000000ffffffffffffffffffffffffffffffffffffffffffffffff failed, destroying actor child, job id = 01000000
[2025-06-26 10:38:36,076 I 2364222 2364222] (gcs_server) gcs_actor_manager.cc:1047: Worker 01000000ffffffffffffffffffffffffffffffffffffffffffffffff failed, destroying actor child, job id = 01000000
[2025-06-26 10:38:36,076 I 2364222 2364222] (gcs_server) gcs_actor_manager.cc:1047: Worker 01000000ffffffffffffffffffffffffffffffffffffffffffffffff failed, destroying actor child, job id = 01000000
[2025-06-26 10:38:36,076 I 2364222 2364222] (gcs_server) gcs_actor_manager.cc:1047: Worker 01000000ffffffffffffffffffffffffffffffffffffffffffffffff failed, destroying actor child, job id = 01000000
[2025-06-26 10:38:36,076 I 2364222 2364222] (gcs_server) gcs_actor_manager.cc:1047: Worker 01000000ffffffffffffffffffffffffffffffffffffffffffffffff failed, destroying actor child, job id = 01000000
[2025-06-26 10:38:36,076 I 2364222 2364222] (gcs_server) gcs_actor_manager.cc:1047: Worker 01000000ffffffffffffffffffffffffffffffffffffffffffffffff failed, destroying actor child, job id = 01000000
[2025-06-26 10:38:36,076 I 2364222 2364222] (gcs_server) gcs_actor_manager.cc:1047: Worker 01000000ffffffffffffffffffffffffffffffffffffffffffffffff failed, destroying actor child, job id = 01000000
[2025-06-26 10:38:36,076 I 2364222 2364222] (gcs_server) gcs_job_manager.cc:156: Finished marking job state, job id = 01000000
[2025-06-26 10:38:36,260 I 2364222 2364222] (gcs_server) gcs_node_manager.cc:386: Removing node, node name = 192.168.10.101, death reason = EXPECTED_TERMINATION, death message = received SIGTERM node_id=68c90d2e5831b3c2b2a36ad32a6a8de623f5a8639200804e03ec4649
[2025-06-26 10:38:36,260 I 2364222 2364222] (gcs_server) gcs_placement_group_mgr.cc:802: Node is dead, rescheduling the placement groups on the dead node. node_id=68c90d2e5831b3c2b2a36ad32a6a8de623f5a8639200804e03ec4649
[2025-06-26 10:38:36,260 I 2364222 2364222] (gcs_server) gcs_actor_manager.cc:1325: Node is dead, reconstructing actors. node_id=68c90d2e5831b3c2b2a36ad32a6a8de623f5a8639200804e03ec4649
[2025-06-26 10:38:36,260 I 2364222 2364222] (gcs_server) gcs_job_manager.cc:478: Node is dead, mark all jobs from this node as finished node_id=68c90d2e5831b3c2b2a36ad32a6a8de623f5a8639200804e03ec4649
[2025-06-26 10:38:36,481 I 2364222 2364275] (gcs_server) ray_syncer_bidi_reactor_base.h:182: Failed to read the message from: 68c90d2e5831b3c2b2a36ad32a6a8de623f5a8639200804e03ec4649
[2025-06-26 10:38:36,482 I 2364222 2364275] (gcs_server) ray_syncer.cc:241: Connection is broken. node_id=68c90d2e5831b3c2b2a36ad32a6a8de623f5a8639200804e03ec4649
