[2025-06-26 10:06:14,280 I 2278625 2278625] (gcs_server) gcs_server_main.cc:91: Ray cluster metadata ray_version=2.47.1 ray_commit=61d3f2f1aa33563faa398105f4abda88cb39440b
[2025-06-26 10:06:14,280 I 2278625 2278625] (gcs_server) io_service_pool.cc:36: IOServicePool is running with 1 io_service.
[2025-06-26 10:06:14,285 I 2278625 2278625] (gcs_server) event.cc:500: Ray Event initialized for GCS
[2025-06-26 10:06:14,286 I 2278625 2278625] (gcs_server) event.cc:500: Ray Event initialized for EXPORT_NODE
[2025-06-26 10:06:14,286 I 2278625 2278625] (gcs_server) event.cc:500: Ray Event initialized for EXPORT_ACTOR
[2025-06-26 10:06:14,286 I 2278625 2278625] (gcs_server) event.cc:500: Ray Event initialized for EXPORT_DRIVER_JOB
[2025-06-26 10:06:14,286 I 2278625 2278625] (gcs_server) event.cc:331: Set ray event level to warning
[2025-06-26 10:06:14,287 I 2278625 2278625] (gcs_server) gcs_server.cc:77: GCS storage type is StorageType::IN_MEMORY
[2025-06-26 10:06:14,288 I 2278625 2278625] (gcs_server) gcs_init_data.cc:46: Loading job table data.
[2025-06-26 10:06:14,288 I 2278625 2278625] (gcs_server) gcs_init_data.cc:56: Loading node table data.
[2025-06-26 10:06:14,288 I 2278625 2278625] (gcs_server) gcs_init_data.cc:78: Loading actor table data.
[2025-06-26 10:06:14,288 I 2278625 2278625] (gcs_server) gcs_init_data.cc:89: Loading actor task spec table data.
[2025-06-26 10:06:14,288 I 2278625 2278625] (gcs_server) gcs_init_data.cc:66: Loading placement group table data.
[2025-06-26 10:06:14,288 I 2278625 2278625] (gcs_server) gcs_init_data.cc:50: Finished loading job table data, size = 0
[2025-06-26 10:06:14,288 I 2278625 2278625] (gcs_server) gcs_init_data.cc:60: Finished loading node table data, size = 0
[2025-06-26 10:06:14,288 I 2278625 2278625] (gcs_server) gcs_init_data.cc:83: Finished loading actor table data, size = 0
[2025-06-26 10:06:14,288 I 2278625 2278625] (gcs_server) gcs_init_data.cc:94: Finished loading actor task spec table data, size = 0
[2025-06-26 10:06:14,288 I 2278625 2278625] (gcs_server) gcs_init_data.cc:72: Finished loading placement group table data, size = 0
[2025-06-26 10:06:14,288 I 2278625 2278625] (gcs_server) gcs_server.cc:161: No existing server cluster ID found. Generating new ID: e5841f4f1feb4487d0735228a07625d583bcd8e6f9cd86d4c8ae3fd5
[2025-06-26 10:06:14,288 I 2278625 2278625] (gcs_server) gcs_server.cc:673: Autoscaler V2 enabled: 0
[2025-06-26 10:06:14,290 I 2278625 2278625] (gcs_server) grpc_server.cc:141: GcsServer server started, listening on port 53772.
[2025-06-26 10:06:14,492 I 2278625 2278625] (gcs_server) gcs_server.cc:249: Gcs Debug state:

GcsNodeManager: 
- RegisterNode request count: 0
- DrainNode request count: 0
- GetAllNodeInfo request count: 0

GcsActorManager: 
- RegisterActor request count: 0
- CreateActor request count: 0
- GetActorInfo request count: 0
- GetNamedActorInfo request count: 0
- GetAllActorInfo request count: 0
- KillActor request count: 0
- ListNamedActors request count: 0
- Registered actors count: 0
- Destroyed actors count: 0
- Named actors count: 0
- Unresolved actors count: 0
- Pending actors count: 0
- Created actors count: 0
- owners_: 0
- actor_to_register_callbacks_: 0
- actor_to_restart_for_lineage_reconstruction_callbacks_: 0
- actor_to_create_callbacks_: 0
- sorted_destroyed_actor_list_: 0

GcsResourceManager: 
- GetAllAvailableResources request count: 0
- GetAllTotalResources request count: 0
- GetAllResourceUsage request count: 0

GcsPlacementGroupManager: 
- CreatePlacementGroup request count: 0
- RemovePlacementGroup request count: 0
- GetPlacementGroup request count: 0
- GetAllPlacementGroup request count: 0
- WaitPlacementGroupUntilReady request count: 0
- GetNamedPlacementGroup request count: 0
- Scheduling pending placement group count: 0
- Registered placement groups count: 0
- Named placement group count: 0
- Pending placement groups count: 0
- Infeasible placement groups count: 0

Publisher:

[runtime env manager] ID to URIs table:
[runtime env manager] URIs reference table:

GcsTaskManager: 
-Total num task events reported: 0
-Total num status task events dropped: 0
-Total num profile events dropped: 0
-Current num of task events stored: 0
-Total num of actor creation tasks: 0
-Total num of actor tasks: 0
-Total num of normal tasks: 0
-Total num of driver tasks: 0

GcsAutoscalerStateManager: 
- last_seen_autoscaler_state_version_: 0
- last_cluster_resource_state_version_: 0
- pending demands:



[2025-06-26 10:06:14,492 I 2278625 2278625] (gcs_server) gcs_server.cc:870: Main service Event stats:


Global stats: 27 total (5 active)
Queueing time: mean = 67.787 ms, max = 202.850 ms, min = 136.000 ns, total = 1.830 s
Execution time:  mean = 15.072 ms, total = 406.955 ms
Event stats:
	GcsInMemoryStore.Put - 9 total (0 active), Execution time: mean = 22.542 ms, total = 202.877 ms, Queueing time: mean = 157.335 ms, max = 202.427 ms, min = 2.337 us, total = 1.416 s
	GcsInMemoryStore.GetAll - 5 total (0 active), Execution time: mean = 7.004 us, total = 35.022 us, Queueing time: mean = 28.942 us, max = 39.010 us, min = 24.981 us, total = 144.709 us
	PeriodicalRunner.RunFnPeriodically - 4 total (2 active, 1 running), Execution time: mean = 1.812 us, total = 7.248 us, Queueing time: mean = 101.399 ms, max = 202.850 ms, min = 202.745 ms, total = 405.595 ms
	event_loop_lag_probe - 2 total (0 active), Execution time: mean = 8.367 us, total = 16.734 us, Queueing time: mean = 3.764 ms, max = 7.480 ms, min = 47.516 us, total = 7.527 ms
	NodeInfoGcsService.grpc_server.GetClusterId - 1 total (1 active), Execution time: mean = 0.000 s, total = 0.000 s, Queueing time: mean = 0.000 s, max = -0.000 s, min = 9223372036.855 s, total = 0.000 s
	NodeInfoGcsService.grpc_server.GetClusterId.HandleRequestImpl - 1 total (0 active), Execution time: mean = 1.131 ms, total = 1.131 ms, Queueing time: mean = 953.288 us, max = 953.288 us, min = 953.288 us, total = 953.288 us
	RayletLoadPulled - 1 total (1 active), Execution time: mean = 0.000 s, total = 0.000 s, Queueing time: mean = 0.000 s, max = -0.000 s, min = 9223372036.855 s, total = 0.000 s
	GcsServer.GetOrGenerateClusterId.continuation - 1 total (0 active), Execution time: mean = 202.863 ms, total = 202.863 ms, Queueing time: mean = 136.000 ns, max = 136.000 ns, min = 136.000 ns, total = 136.000 ns
	GcsInMemoryStore.Get - 1 total (0 active), Execution time: mean = 15.368 us, total = 15.368 us, Queueing time: mean = 23.976 us, max = 23.976 us, min = 23.976 us, total = 23.976 us
	GcsInitData::AsyncLoad - 1 total (0 active), Execution time: mean = 9.480 us, total = 9.480 us, Queueing time: mean = 212.000 ns, max = 212.000 ns, min = 212.000 ns, total = 212.000 ns
	ClusterResourceManager.ResetRemoteNodeView - 1 total (1 active), Execution time: mean = 0.000 s, total = 0.000 s, Queueing time: mean = 0.000 s, max = -0.000 s, min = 9223372036.855 s, total = 0.000 s


[2025-06-26 10:06:14,492 I 2278625 2278625] (gcs_server) gcs_server.cc:874: task_io_context Event stats:


Global stats: 4 total (1 active)
Queueing time: mean = 58.010 us, max = 196.452 us, min = 17.601 us, total = 232.041 us
Execution time:  mean = 32.651 us, total = 130.602 us
Event stats:
	event_loop_lag_probe - 2 total (0 active), Execution time: mean = 63.319 us, total = 126.638 us, Queueing time: mean = 107.220 us, max = 196.452 us, min = 17.988 us, total = 214.440 us
	PeriodicalRunner.RunFnPeriodically - 1 total (0 active), Execution time: mean = 3.964 us, total = 3.964 us, Queueing time: mean = 17.601 us, max = 17.601 us, min = 17.601 us, total = 17.601 us
	GcsTaskManager.GcJobSummary - 1 total (1 active), Execution time: mean = 0.000 s, total = 0.000 s, Queueing time: mean = 0.000 s, max = -0.000 s, min = 9223372036.855 s, total = 0.000 s


[2025-06-26 10:06:14,492 I 2278625 2278625] (gcs_server) gcs_server.cc:874: pubsub_io_context Event stats:


Global stats: 4 total (1 active)
Queueing time: mean = 282.665 us, max = 1.093 ms, min = 18.545 us, total = 1.131 ms
Execution time:  mean = 38.664 us, total = 154.657 us
Event stats:
	event_loop_lag_probe - 2 total (0 active), Execution time: mean = 71.287 us, total = 142.575 us, Queueing time: mean = 556.058 us, max = 1.093 ms, min = 19.585 us, total = 1.112 ms
	PeriodicalRunner.RunFnPeriodically - 1 total (0 active), Execution time: mean = 12.082 us, total = 12.082 us, Queueing time: mean = 18.545 us, max = 18.545 us, min = 18.545 us, total = 18.545 us
	Publisher.CheckDeadSubscribers - 1 total (1 active), Execution time: mean = 0.000 s, total = 0.000 s, Queueing time: mean = 0.000 s, max = -0.000 s, min = 9223372036.855 s, total = 0.000 s


[2025-06-26 10:06:14,492 I 2278625 2278625] (gcs_server) gcs_server.cc:874: ray_syncer_io_context Event stats:


Global stats: 4 total (0 active)
Queueing time: mean = 80.359 us, max = 257.798 us, min = 12.392 us, total = 321.438 us
Execution time:  mean = 40.600 us, total = 162.401 us
Event stats:
	RaySyncerRegister - 2 total (0 active), Execution time: mean = 599.500 ns, total = 1.199 us, Queueing time: mean = 15.131 us, max = 17.870 us, min = 12.392 us, total = 30.262 us
	event_loop_lag_probe - 2 total (0 active), Execution time: mean = 80.601 us, total = 161.202 us, Queueing time: mean = 145.588 us, max = 257.798 us, min = 33.378 us, total = 291.176 us


[2025-06-26 10:06:15,353 I 2278625 2278625] (gcs_server) gcs_node_manager.cc:92: Registering node info, address = 192.168.10.101, node name = 192.168.10.101 node_id=787944d9355ec30faf40e37ec1f7b02e33da4b93705e47b149571d18
[2025-06-26 10:06:15,353 I 2278625 2278625] (gcs_server) gcs_node_manager.cc:98: Finished registering node info, address = 192.168.10.101, node name = 192.168.10.101, is_head_node = 1 node_id=787944d9355ec30faf40e37ec1f7b02e33da4b93705e47b149571d18
[2025-06-26 10:06:15,353 I 2278625 2278625] (gcs_server) gcs_placement_group_mgr.cc:851: A new node: 787944d9355ec30faf40e37ec1f7b02e33da4b93705e47b149571d18 registered, will try to reschedule all the infeasible placement groups.
[2025-06-26 10:06:15,390 I 2278625 2278714] (gcs_server) ray_syncer.cc:244: Get connection node_id=787944d9355ec30faf40e37ec1f7b02e33da4b93705e47b149571d18
[2025-06-26 10:06:16,311 I 2278625 2278625] (gcs_server) gcs_job_manager.cc:97: Adding job, job id = 01000000, driver pid = 2278412
[2025-06-26 10:06:16,311 I 2278625 2278625] (gcs_server) gcs_job_manager.cc:118: Finished adding job, job id = 01000000, driver pid = 2278412
[2025-06-26 10:06:16,381 I 2278625 2278625] (gcs_server) gcs_actor_manager.cc:403: Registering actor job_id=01000000 actor_id=dfb01b47c970d6e12a76207d01000000
[2025-06-26 10:06:16,382 I 2278625 2278625] (gcs_server) gcs_actor_manager.cc:408: Registered actor, job id = 01000000, actor id = dfb01b47c970d6e12a76207d01000000
[2025-06-26 10:06:16,383 I 2278625 2278625] (gcs_server) gcs_actor_manager.cc:515: Creating actor job_id=01000000 actor_id=dfb01b47c970d6e12a76207d01000000
[2025-06-26 10:06:16,383 I 2278625 2278625] (gcs_server) gcs_actor_scheduler.cc:318: Start leasing worker from node 787944d9355ec30faf40e37ec1f7b02e33da4b93705e47b149571d18 for actor dfb01b47c970d6e12a76207d01000000, job id = 01000000
[2025-06-26 10:06:16,384 I 2278625 2278625] (gcs_server) gcs_actor_scheduler.cc:642: Finished leasing worker from 787944d9355ec30faf40e37ec1f7b02e33da4b93705e47b149571d18 for actor dfb01b47c970d6e12a76207d01000000, job id = 01000000
[2025-06-26 10:06:16,384 I 2278625 2278625] (gcs_server) gcs_actor_scheduler.cc:454: Start creating actor dfb01b47c970d6e12a76207d01000000 on worker 6d959bc0891594cd438b8749a88a4aefca090ef6ca51948b30506fab at node 787944d9355ec30faf40e37ec1f7b02e33da4b93705e47b149571d18, job id = 01000000
[2025-06-26 10:06:17,755 I 2278625 2278625] (gcs_server) gcs_actor_scheduler.cc:491: Finished actor creation task for actor dfb01b47c970d6e12a76207d01000000 on worker 6d959bc0891594cd438b8749a88a4aefca090ef6ca51948b30506fab at node 787944d9355ec30faf40e37ec1f7b02e33da4b93705e47b149571d18, job id = 01000000
[2025-06-26 10:06:17,755 I 2278625 2278625] (gcs_server) gcs_actor_manager.cc:1586: Actor created successfully job_id=01000000 actor_id=dfb01b47c970d6e12a76207d01000000
[2025-06-26 10:06:17,756 I 2278625 2278625] (gcs_server) gcs_actor_manager.cc:530: Finished creating actor. Status: OK job_id=01000000 actor_id=dfb01b47c970d6e12a76207d01000000
[2025-06-26 10:06:17,854 I 2278625 2278625] (gcs_server) gcs_actor_manager.cc:403: Registering actor job_id=01000000 actor_id=a698947c52f6c0b6af04994401000000
[2025-06-26 10:06:17,855 I 2278625 2278625] (gcs_server) gcs_actor_manager.cc:408: Registered actor, job id = 01000000, actor id = a698947c52f6c0b6af04994401000000
[2025-06-26 10:06:17,855 I 2278625 2278625] (gcs_server) gcs_actor_manager.cc:515: Creating actor job_id=01000000 actor_id=a698947c52f6c0b6af04994401000000
[2025-06-26 10:06:17,855 I 2278625 2278625] (gcs_server) gcs_actor_scheduler.cc:318: Start leasing worker from node 787944d9355ec30faf40e37ec1f7b02e33da4b93705e47b149571d18 for actor a698947c52f6c0b6af04994401000000, job id = 01000000
[2025-06-26 10:06:17,856 I 2278625 2278625] (gcs_server) gcs_actor_scheduler.cc:642: Finished leasing worker from 787944d9355ec30faf40e37ec1f7b02e33da4b93705e47b149571d18 for actor a698947c52f6c0b6af04994401000000, job id = 01000000
[2025-06-26 10:06:17,856 I 2278625 2278625] (gcs_server) gcs_actor_scheduler.cc:454: Start creating actor a698947c52f6c0b6af04994401000000 on worker 488a09972847b7bc6ff308c45a849718a51c688779b5f44cfd2cac39 at node 787944d9355ec30faf40e37ec1f7b02e33da4b93705e47b149571d18, job id = 01000000
[2025-06-26 10:06:19,253 I 2278625 2278625] (gcs_server) gcs_actor_scheduler.cc:491: Finished actor creation task for actor a698947c52f6c0b6af04994401000000 on worker 488a09972847b7bc6ff308c45a849718a51c688779b5f44cfd2cac39 at node 787944d9355ec30faf40e37ec1f7b02e33da4b93705e47b149571d18, job id = 01000000
[2025-06-26 10:06:19,253 I 2278625 2278625] (gcs_server) gcs_actor_manager.cc:1586: Actor created successfully job_id=01000000 actor_id=a698947c52f6c0b6af04994401000000
[2025-06-26 10:06:19,253 I 2278625 2278625] (gcs_server) gcs_actor_manager.cc:530: Finished creating actor. Status: OK job_id=01000000 actor_id=a698947c52f6c0b6af04994401000000
[2025-06-26 10:06:19,343 I 2278625 2278625] (gcs_server) gcs_actor_manager.cc:403: Registering actor job_id=01000000 actor_id=a4174298564e7ed986343a1301000000
[2025-06-26 10:06:19,343 I 2278625 2278625] (gcs_server) gcs_actor_manager.cc:408: Registered actor, job id = 01000000, actor id = a4174298564e7ed986343a1301000000
[2025-06-26 10:06:19,343 I 2278625 2278625] (gcs_server) gcs_actor_manager.cc:515: Creating actor job_id=01000000 actor_id=a4174298564e7ed986343a1301000000
[2025-06-26 10:06:19,344 I 2278625 2278625] (gcs_server) gcs_actor_scheduler.cc:318: Start leasing worker from node 787944d9355ec30faf40e37ec1f7b02e33da4b93705e47b149571d18 for actor a4174298564e7ed986343a1301000000, job id = 01000000
[2025-06-26 10:06:19,344 I 2278625 2278625] (gcs_server) gcs_actor_scheduler.cc:642: Finished leasing worker from 787944d9355ec30faf40e37ec1f7b02e33da4b93705e47b149571d18 for actor a4174298564e7ed986343a1301000000, job id = 01000000
[2025-06-26 10:06:19,344 I 2278625 2278625] (gcs_server) gcs_actor_scheduler.cc:454: Start creating actor a4174298564e7ed986343a1301000000 on worker 818e31ea9734e8cbd0f5ba9542f92f2781ef7140188c7f158edc6933 at node 787944d9355ec30faf40e37ec1f7b02e33da4b93705e47b149571d18, job id = 01000000
[2025-06-26 10:06:20,743 I 2278625 2278625] (gcs_server) gcs_actor_scheduler.cc:491: Finished actor creation task for actor a4174298564e7ed986343a1301000000 on worker 818e31ea9734e8cbd0f5ba9542f92f2781ef7140188c7f158edc6933 at node 787944d9355ec30faf40e37ec1f7b02e33da4b93705e47b149571d18, job id = 01000000
[2025-06-26 10:06:20,743 I 2278625 2278625] (gcs_server) gcs_actor_manager.cc:1586: Actor created successfully job_id=01000000 actor_id=a4174298564e7ed986343a1301000000
[2025-06-26 10:06:20,743 I 2278625 2278625] (gcs_server) gcs_actor_manager.cc:530: Finished creating actor. Status: OK job_id=01000000 actor_id=a4174298564e7ed986343a1301000000
[2025-06-26 10:06:20,840 I 2278625 2278625] (gcs_server) gcs_actor_manager.cc:403: Registering actor job_id=01000000 actor_id=3681ca10035e94e139ca5ff601000000
[2025-06-26 10:06:20,840 I 2278625 2278625] (gcs_server) gcs_actor_manager.cc:408: Registered actor, job id = 01000000, actor id = 3681ca10035e94e139ca5ff601000000
[2025-06-26 10:06:20,841 I 2278625 2278625] (gcs_server) gcs_actor_manager.cc:515: Creating actor job_id=01000000 actor_id=3681ca10035e94e139ca5ff601000000
[2025-06-26 10:06:20,841 I 2278625 2278625] (gcs_server) gcs_actor_scheduler.cc:318: Start leasing worker from node 787944d9355ec30faf40e37ec1f7b02e33da4b93705e47b149571d18 for actor 3681ca10035e94e139ca5ff601000000, job id = 01000000
[2025-06-26 10:06:20,842 I 2278625 2278625] (gcs_server) gcs_actor_scheduler.cc:642: Finished leasing worker from 787944d9355ec30faf40e37ec1f7b02e33da4b93705e47b149571d18 for actor 3681ca10035e94e139ca5ff601000000, job id = 01000000
[2025-06-26 10:06:20,842 I 2278625 2278625] (gcs_server) gcs_actor_scheduler.cc:454: Start creating actor 3681ca10035e94e139ca5ff601000000 on worker 10aced6d6f2182c10d2d0773b1338099a014c9a269603f12f1641c9d at node 787944d9355ec30faf40e37ec1f7b02e33da4b93705e47b149571d18, job id = 01000000
[2025-06-26 10:06:22,234 I 2278625 2278625] (gcs_server) gcs_actor_scheduler.cc:491: Finished actor creation task for actor 3681ca10035e94e139ca5ff601000000 on worker 10aced6d6f2182c10d2d0773b1338099a014c9a269603f12f1641c9d at node 787944d9355ec30faf40e37ec1f7b02e33da4b93705e47b149571d18, job id = 01000000
[2025-06-26 10:06:22,234 I 2278625 2278625] (gcs_server) gcs_actor_manager.cc:1586: Actor created successfully job_id=01000000 actor_id=3681ca10035e94e139ca5ff601000000
[2025-06-26 10:06:22,234 I 2278625 2278625] (gcs_server) gcs_actor_manager.cc:530: Finished creating actor. Status: OK job_id=01000000 actor_id=3681ca10035e94e139ca5ff601000000
[2025-06-26 10:06:22,331 I 2278625 2278625] (gcs_server) gcs_actor_manager.cc:403: Registering actor job_id=01000000 actor_id=6cae4a452672e4944a621ab301000000
[2025-06-26 10:06:22,331 I 2278625 2278625] (gcs_server) gcs_actor_manager.cc:408: Registered actor, job id = 01000000, actor id = 6cae4a452672e4944a621ab301000000
[2025-06-26 10:06:22,331 I 2278625 2278625] (gcs_server) gcs_actor_manager.cc:515: Creating actor job_id=01000000 actor_id=6cae4a452672e4944a621ab301000000
[2025-06-26 10:06:22,332 I 2278625 2278625] (gcs_server) gcs_actor_scheduler.cc:318: Start leasing worker from node 787944d9355ec30faf40e37ec1f7b02e33da4b93705e47b149571d18 for actor 6cae4a452672e4944a621ab301000000, job id = 01000000
[2025-06-26 10:06:22,332 I 2278625 2278625] (gcs_server) gcs_actor_scheduler.cc:642: Finished leasing worker from 787944d9355ec30faf40e37ec1f7b02e33da4b93705e47b149571d18 for actor 6cae4a452672e4944a621ab301000000, job id = 01000000
[2025-06-26 10:06:22,332 I 2278625 2278625] (gcs_server) gcs_actor_scheduler.cc:454: Start creating actor 6cae4a452672e4944a621ab301000000 on worker 222235aa717141f50636a43a45205241660cca6880a5a7f1b8251173 at node 787944d9355ec30faf40e37ec1f7b02e33da4b93705e47b149571d18, job id = 01000000
[2025-06-26 10:06:23,789 I 2278625 2278625] (gcs_server) gcs_actor_scheduler.cc:491: Finished actor creation task for actor 6cae4a452672e4944a621ab301000000 on worker 222235aa717141f50636a43a45205241660cca6880a5a7f1b8251173 at node 787944d9355ec30faf40e37ec1f7b02e33da4b93705e47b149571d18, job id = 01000000
[2025-06-26 10:06:23,789 I 2278625 2278625] (gcs_server) gcs_actor_manager.cc:1586: Actor created successfully job_id=01000000 actor_id=6cae4a452672e4944a621ab301000000
[2025-06-26 10:06:23,790 I 2278625 2278625] (gcs_server) gcs_actor_manager.cc:530: Finished creating actor. Status: OK job_id=01000000 actor_id=6cae4a452672e4944a621ab301000000
[2025-06-26 10:06:23,868 I 2278625 2278625] (gcs_server) gcs_actor_manager.cc:403: Registering actor job_id=01000000 actor_id=dd28588a5866ef003a4f58ea01000000
[2025-06-26 10:06:23,868 I 2278625 2278625] (gcs_server) gcs_actor_manager.cc:408: Registered actor, job id = 01000000, actor id = dd28588a5866ef003a4f58ea01000000
[2025-06-26 10:06:23,869 I 2278625 2278625] (gcs_server) gcs_actor_manager.cc:515: Creating actor job_id=01000000 actor_id=dd28588a5866ef003a4f58ea01000000
[2025-06-26 10:06:23,869 I 2278625 2278625] (gcs_server) gcs_actor_scheduler.cc:318: Start leasing worker from node 787944d9355ec30faf40e37ec1f7b02e33da4b93705e47b149571d18 for actor dd28588a5866ef003a4f58ea01000000, job id = 01000000
[2025-06-26 10:06:23,870 I 2278625 2278625] (gcs_server) gcs_actor_scheduler.cc:642: Finished leasing worker from 787944d9355ec30faf40e37ec1f7b02e33da4b93705e47b149571d18 for actor dd28588a5866ef003a4f58ea01000000, job id = 01000000
[2025-06-26 10:06:23,870 I 2278625 2278625] (gcs_server) gcs_actor_scheduler.cc:454: Start creating actor dd28588a5866ef003a4f58ea01000000 on worker 442775967ca25a031013d45223ad8817b57dfb5a9b818546db66ce24 at node 787944d9355ec30faf40e37ec1f7b02e33da4b93705e47b149571d18, job id = 01000000
[2025-06-26 10:06:24,294 W 2278625 2278648] (gcs_server) metric_exporter.cc:105: [1] Export metrics to agent failed: RpcError: RPC Error message: failed to connect to all addresses; last error: UNKNOWN: ipv4:127.0.0.1:37130: Failed to connect to remote host: Connection refused; RPC Error details:  rpc_code: 14. This won't affect Ray, but you can lose metrics from the cluster.
[2025-06-26 10:06:25,244 I 2278625 2278625] (gcs_server) gcs_actor_scheduler.cc:491: Finished actor creation task for actor dd28588a5866ef003a4f58ea01000000 on worker 442775967ca25a031013d45223ad8817b57dfb5a9b818546db66ce24 at node 787944d9355ec30faf40e37ec1f7b02e33da4b93705e47b149571d18, job id = 01000000
[2025-06-26 10:06:25,244 I 2278625 2278625] (gcs_server) gcs_actor_manager.cc:1586: Actor created successfully job_id=01000000 actor_id=dd28588a5866ef003a4f58ea01000000
[2025-06-26 10:06:25,245 I 2278625 2278625] (gcs_server) gcs_actor_manager.cc:530: Finished creating actor. Status: OK job_id=01000000 actor_id=dd28588a5866ef003a4f58ea01000000
[2025-06-26 10:06:25,334 I 2278625 2278625] (gcs_server) gcs_actor_manager.cc:403: Registering actor job_id=01000000 actor_id=cd982c7e85bcf8d2b13aa2f401000000
[2025-06-26 10:06:25,334 I 2278625 2278625] (gcs_server) gcs_actor_manager.cc:408: Registered actor, job id = 01000000, actor id = cd982c7e85bcf8d2b13aa2f401000000
[2025-06-26 10:06:25,334 I 2278625 2278625] (gcs_server) gcs_actor_manager.cc:515: Creating actor job_id=01000000 actor_id=cd982c7e85bcf8d2b13aa2f401000000
[2025-06-26 10:06:25,334 I 2278625 2278625] (gcs_server) gcs_actor_scheduler.cc:318: Start leasing worker from node 787944d9355ec30faf40e37ec1f7b02e33da4b93705e47b149571d18 for actor cd982c7e85bcf8d2b13aa2f401000000, job id = 01000000
[2025-06-26 10:06:25,335 I 2278625 2278625] (gcs_server) gcs_actor_scheduler.cc:642: Finished leasing worker from 787944d9355ec30faf40e37ec1f7b02e33da4b93705e47b149571d18 for actor cd982c7e85bcf8d2b13aa2f401000000, job id = 01000000
[2025-06-26 10:06:25,335 I 2278625 2278625] (gcs_server) gcs_actor_scheduler.cc:454: Start creating actor cd982c7e85bcf8d2b13aa2f401000000 on worker 7ba020047a2cee8292200ed7b7f499aab9801b4738284fba7e57faed at node 787944d9355ec30faf40e37ec1f7b02e33da4b93705e47b149571d18, job id = 01000000
[2025-06-26 10:06:26,724 I 2278625 2278625] (gcs_server) gcs_actor_scheduler.cc:491: Finished actor creation task for actor cd982c7e85bcf8d2b13aa2f401000000 on worker 7ba020047a2cee8292200ed7b7f499aab9801b4738284fba7e57faed at node 787944d9355ec30faf40e37ec1f7b02e33da4b93705e47b149571d18, job id = 01000000
[2025-06-26 10:06:26,724 I 2278625 2278625] (gcs_server) gcs_actor_manager.cc:1586: Actor created successfully job_id=01000000 actor_id=cd982c7e85bcf8d2b13aa2f401000000
[2025-06-26 10:06:26,725 I 2278625 2278625] (gcs_server) gcs_actor_manager.cc:530: Finished creating actor. Status: OK job_id=01000000 actor_id=cd982c7e85bcf8d2b13aa2f401000000
[2025-06-26 10:06:26,803 I 2278625 2278625] (gcs_server) gcs_actor_manager.cc:403: Registering actor job_id=01000000 actor_id=967675d61f5b8dd4464108e601000000
[2025-06-26 10:06:26,803 I 2278625 2278625] (gcs_server) gcs_actor_manager.cc:408: Registered actor, job id = 01000000, actor id = 967675d61f5b8dd4464108e601000000
[2025-06-26 10:06:26,804 I 2278625 2278625] (gcs_server) gcs_actor_manager.cc:515: Creating actor job_id=01000000 actor_id=967675d61f5b8dd4464108e601000000
[2025-06-26 10:06:26,804 I 2278625 2278625] (gcs_server) gcs_actor_scheduler.cc:318: Start leasing worker from node 787944d9355ec30faf40e37ec1f7b02e33da4b93705e47b149571d18 for actor 967675d61f5b8dd4464108e601000000, job id = 01000000
[2025-06-26 10:06:26,805 I 2278625 2278625] (gcs_server) gcs_actor_scheduler.cc:642: Finished leasing worker from 787944d9355ec30faf40e37ec1f7b02e33da4b93705e47b149571d18 for actor 967675d61f5b8dd4464108e601000000, job id = 01000000
[2025-06-26 10:06:26,805 I 2278625 2278625] (gcs_server) gcs_actor_scheduler.cc:454: Start creating actor 967675d61f5b8dd4464108e601000000 on worker b4a9cc96ae4cd1c59a96645d5e557323bb835bcbc35ef52c91eb668c at node 787944d9355ec30faf40e37ec1f7b02e33da4b93705e47b149571d18, job id = 01000000
[2025-06-26 10:06:28,196 I 2278625 2278625] (gcs_server) gcs_actor_scheduler.cc:491: Finished actor creation task for actor 967675d61f5b8dd4464108e601000000 on worker b4a9cc96ae4cd1c59a96645d5e557323bb835bcbc35ef52c91eb668c at node 787944d9355ec30faf40e37ec1f7b02e33da4b93705e47b149571d18, job id = 01000000
[2025-06-26 10:06:28,196 I 2278625 2278625] (gcs_server) gcs_actor_manager.cc:1586: Actor created successfully job_id=01000000 actor_id=967675d61f5b8dd4464108e601000000
[2025-06-26 10:06:28,197 I 2278625 2278625] (gcs_server) gcs_actor_manager.cc:530: Finished creating actor. Status: OK job_id=01000000 actor_id=967675d61f5b8dd4464108e601000000
[2025-06-26 10:06:28,290 I 2278625 2278625] (gcs_server) gcs_actor_manager.cc:1072: Destroying actor job_id=01000000 actor_id=dfb01b47c970d6e12a76207d01000000
[2025-06-26 10:06:28,292 I 2278625 2278625] (gcs_server) gcs_actor_manager.cc:1051: Actor dfb01b47c970d6e12a76207d01000000 has no references, destroying actor, job id = 01000000
[2025-06-26 10:06:28,292 I 2278625 2278625] (gcs_server) gcs_actor_manager.cc:1072: Destroying actor job_id=01000000 actor_id=dfb01b47c970d6e12a76207d01000000
[2025-06-26 10:06:28,292 I 2278625 2278625] (gcs_server) gcs_actor_manager.cc:1077: Tried to destroy actor that does not exist actor_id=dfb01b47c970d6e12a76207d01000000
[2025-06-26 10:06:28,292 I 2278625 2278625] (gcs_server) gcs_actor_manager.cc:1072: Destroying actor job_id=01000000 actor_id=a698947c52f6c0b6af04994401000000
[2025-06-26 10:06:28,292 I 2278625 2278625] (gcs_server) gcs_actor_manager.cc:1051: Actor a698947c52f6c0b6af04994401000000 has no references, destroying actor, job id = 01000000
[2025-06-26 10:06:28,292 I 2278625 2278625] (gcs_server) gcs_actor_manager.cc:1072: Destroying actor job_id=01000000 actor_id=a698947c52f6c0b6af04994401000000
[2025-06-26 10:06:28,292 I 2278625 2278625] (gcs_server) gcs_actor_manager.cc:1077: Tried to destroy actor that does not exist actor_id=a698947c52f6c0b6af04994401000000
[2025-06-26 10:06:28,292 I 2278625 2278625] (gcs_server) gcs_actor_manager.cc:1072: Destroying actor job_id=01000000 actor_id=a4174298564e7ed986343a1301000000
[2025-06-26 10:06:28,293 I 2278625 2278625] (gcs_server) gcs_actor_manager.cc:1072: Destroying actor job_id=01000000 actor_id=3681ca10035e94e139ca5ff601000000
[2025-06-26 10:06:28,293 I 2278625 2278625] (gcs_server) gcs_actor_manager.cc:1051: Actor a4174298564e7ed986343a1301000000 has no references, destroying actor, job id = 01000000
[2025-06-26 10:06:28,293 I 2278625 2278625] (gcs_server) gcs_actor_manager.cc:1072: Destroying actor job_id=01000000 actor_id=a4174298564e7ed986343a1301000000
[2025-06-26 10:06:28,293 I 2278625 2278625] (gcs_server) gcs_actor_manager.cc:1077: Tried to destroy actor that does not exist actor_id=a4174298564e7ed986343a1301000000
[2025-06-26 10:06:28,293 I 2278625 2278625] (gcs_server) gcs_actor_manager.cc:1072: Destroying actor job_id=01000000 actor_id=6cae4a452672e4944a621ab301000000
[2025-06-26 10:06:28,293 I 2278625 2278625] (gcs_server) gcs_actor_manager.cc:1051: Actor 3681ca10035e94e139ca5ff601000000 has no references, destroying actor, job id = 01000000
[2025-06-26 10:06:28,293 I 2278625 2278625] (gcs_server) gcs_actor_manager.cc:1072: Destroying actor job_id=01000000 actor_id=3681ca10035e94e139ca5ff601000000
[2025-06-26 10:06:28,293 I 2278625 2278625] (gcs_server) gcs_actor_manager.cc:1077: Tried to destroy actor that does not exist actor_id=3681ca10035e94e139ca5ff601000000
[2025-06-26 10:06:28,293 I 2278625 2278625] (gcs_server) gcs_actor_manager.cc:1051: Actor 6cae4a452672e4944a621ab301000000 has no references, destroying actor, job id = 01000000
[2025-06-26 10:06:28,293 I 2278625 2278625] (gcs_server) gcs_actor_manager.cc:1072: Destroying actor job_id=01000000 actor_id=6cae4a452672e4944a621ab301000000
[2025-06-26 10:06:28,293 I 2278625 2278625] (gcs_server) gcs_actor_manager.cc:1077: Tried to destroy actor that does not exist actor_id=6cae4a452672e4944a621ab301000000
[2025-06-26 10:06:28,293 I 2278625 2278625] (gcs_server) gcs_actor_manager.cc:1072: Destroying actor job_id=01000000 actor_id=dd28588a5866ef003a4f58ea01000000
[2025-06-26 10:06:28,294 I 2278625 2278625] (gcs_server) gcs_actor_manager.cc:1072: Destroying actor job_id=01000000 actor_id=cd982c7e85bcf8d2b13aa2f401000000
[2025-06-26 10:06:28,294 I 2278625 2278625] (gcs_server) gcs_actor_manager.cc:1051: Actor dd28588a5866ef003a4f58ea01000000 has no references, destroying actor, job id = 01000000
[2025-06-26 10:06:28,294 I 2278625 2278625] (gcs_server) gcs_actor_manager.cc:1072: Destroying actor job_id=01000000 actor_id=dd28588a5866ef003a4f58ea01000000
[2025-06-26 10:06:28,294 I 2278625 2278625] (gcs_server) gcs_actor_manager.cc:1077: Tried to destroy actor that does not exist actor_id=dd28588a5866ef003a4f58ea01000000
[2025-06-26 10:06:28,294 I 2278625 2278625] (gcs_server) gcs_actor_manager.cc:1072: Destroying actor job_id=01000000 actor_id=967675d61f5b8dd4464108e601000000
[2025-06-26 10:06:28,294 I 2278625 2278625] (gcs_server) gcs_actor_manager.cc:1051: Actor cd982c7e85bcf8d2b13aa2f401000000 has no references, destroying actor, job id = 01000000
[2025-06-26 10:06:28,294 I 2278625 2278625] (gcs_server) gcs_actor_manager.cc:1051: Actor 967675d61f5b8dd4464108e601000000 has no references, destroying actor, job id = 01000000
[2025-06-26 10:06:28,818 I 2278625 2278625] (gcs_server) gcs_job_manager.cc:156: Finished marking job state, job id = 01000000
[2025-06-26 10:06:28,873 I 2278625 2278625] (gcs_server) gcs_node_manager.cc:386: Removing node, node name = 192.168.10.101, death reason = EXPECTED_TERMINATION, death message = received SIGTERM node_id=787944d9355ec30faf40e37ec1f7b02e33da4b93705e47b149571d18
[2025-06-26 10:06:28,874 I 2278625 2278625] (gcs_server) gcs_placement_group_mgr.cc:802: Node is dead, rescheduling the placement groups on the dead node. node_id=787944d9355ec30faf40e37ec1f7b02e33da4b93705e47b149571d18
[2025-06-26 10:06:28,874 I 2278625 2278625] (gcs_server) gcs_actor_manager.cc:1325: Node is dead, reconstructing actors. node_id=787944d9355ec30faf40e37ec1f7b02e33da4b93705e47b149571d18
[2025-06-26 10:06:28,874 I 2278625 2278625] (gcs_server) gcs_job_manager.cc:478: Node is dead, mark all jobs from this node as finished node_id=787944d9355ec30faf40e37ec1f7b02e33da4b93705e47b149571d18
[2025-06-26 10:06:29,179 I 2278625 2278674] (gcs_server) ray_syncer_bidi_reactor_base.h:182: Failed to read the message from: 787944d9355ec30faf40e37ec1f7b02e33da4b93705e47b149571d18
[2025-06-26 10:06:29,179 I 2278625 2278674] (gcs_server) ray_syncer.cc:241: Connection is broken. node_id=787944d9355ec30faf40e37ec1f7b02e33da4b93705e47b149571d18
[2025-06-26 10:06:29,190 I 2278625 2278625] (gcs_server) gcs_server_main.cc:172: GCS server received SIGTERM, shutting down...
[2025-06-26 10:06:29,191 I 2278625 2278625] (gcs_server) gcs_server.cc:271: Stopping GCS server.
[2025-06-26 10:06:29,325 I 2278625 2278625] (gcs_server) gcs_server.cc:288: GCS server stopped.
[2025-06-26 10:06:29,325 I 2278625 2278625] (gcs_server) io_service_pool.cc:48: IOServicePool is stopped.
[2025-06-26 10:06:29,399 I 2278625 2278625] (gcs_server) stats.h:120: Stats module has shutdown.
