[2025-06-26 10:52:29,031 I 2405525 2405525] (raylet) main.cc:226: Setting cluster ID to: ab74cef01054e18872611b03a559b9de05bf932cd2b719a420d6c3f7
[2025-06-26 10:52:29,037 I 2405525 2405525] (raylet) main.cc:341: Raylet is not set to kill unknown children.
[2025-06-26 10:52:29,037 I 2405525 2405525] (raylet) io_service_pool.cc:36: IOServicePool is running with 1 io_service.
[2025-06-26 10:52:29,038 I 2405525 2405525] (raylet) main.cc:469: Setting node ID node_id=9cddd56835bc50e7b8bf4b60ca4178677424c581d44fa8e750096ba6
[2025-06-26 10:52:29,039 I 2405525 2405525] (raylet) store_runner.cc:50: Allowing the Plasma store to use up to 68.7195GB of memory.
[2025-06-26 10:52:29,039 I 2405525 2405525] (raylet) store_runner.cc:66: Starting object store with directory /dev/shm, fallback /home/shuzuan/prj/ComfyUI-xDit/ray_temp/session_2025-06-26_10-52-26_498199_2404606, and huge page support disabled
[2025-06-26 10:52:29,040 I 2405525 2405556] (raylet) dlmalloc.cc:324: Setting dlmalloc config: plasma_directory=/dev/shm, fallback_directory=/home/shuzuan/prj/ComfyUI-xDit/ray_temp/session_2025-06-26_10-52-26_498199_2404606, hugepage_enabled=0, fallback_enabled=1
[2025-06-26 10:52:29,040 I 2405525 2405556] (raylet) dlmalloc.cc:153: create_and_mmap_buffer(68719476744, /dev/shm/plasmaXXXXXX)
[2025-06-26 10:52:29,040 I 2405525 2405556] (raylet) store.cc:576: Plasma store debug dump: 
Current usage: 0 / 68.7195 GB
- num bytes created total: 0
0 pending objects of total size 0MB
- objects spillable: 0
- bytes spillable: 0
- objects unsealed: 0
- bytes unsealed: 0
- objects in use: 0
- bytes in use: 0
- objects evictable: 0
- bytes evictable: 0

- objects created by worker: 0
- bytes created by worker: 0
- objects restored: 0
- bytes restored: 0
- objects received: 0
- bytes received: 0
- objects errored: 0
- bytes errored: 0

[2025-06-26 10:52:30,042 I 2405525 2405525] (raylet) grpc_server.cc:141: ObjectManager server started, listening on port 41395.
[2025-06-26 10:52:30,045 I 2405525 2405525] (raylet) worker_killing_policy.cc:107: Running GroupByOwner policy.
[2025-06-26 10:52:30,045 W 2405525 2405525] (raylet) memory_monitor.cc:198: Got negative used memory for cgroup -1, setting it to zero
[2025-06-26 10:52:30,045 I 2405525 2405525] (raylet) memory_monitor.cc:48: MemoryMonitor initialized with usage threshold at 256695140352 bytes (0.95 system memory), total system memory bytes: 270205427712
[2025-06-26 10:52:30,045 I 2405525 2405525] (raylet) node_manager.cc:227: Initializing NodeManager node_id=9cddd56835bc50e7b8bf4b60ca4178677424c581d44fa8e750096ba6
[2025-06-26 10:52:30,046 I 2405525 2405525] (raylet) grpc_server.cc:141: NodeManager server started, listening on port 41143.
[2025-06-26 10:52:30,053 I 2405525 2405643] (raylet) agent_manager.cc:80: Monitor agent process with name dashboard_agent
[2025-06-26 10:52:30,053 I 2405525 2405645] (raylet) agent_manager.cc:80: Monitor agent process with name runtime_env_agent
[2025-06-26 10:52:30,053 I 2405525 2405525] (raylet) event.cc:500: Ray Event initialized for RAYLET
[2025-06-26 10:52:30,053 I 2405525 2405525] (raylet) event.cc:331: Set ray event level to warning
[2025-06-26 10:52:30,055 I 2405525 2405525] (raylet) raylet.cc:260: Raylet of id, 9cddd56835bc50e7b8bf4b60ca4178677424c581d44fa8e750096ba6 started. Raylet consists of node_manager and object_manager. node_manager address: 192.168.10.101:41143 object_manager address: 192.168.10.101:41395 hostname: vm-ubuntu1
[2025-06-26 10:52:30,057 I 2405525 2405525] (raylet) node_manager.cc:450: [state-dump] NodeManager:
[state-dump] Node ID: 9cddd56835bc50e7b8bf4b60ca4178677424c581d44fa8e750096ba6
[state-dump] Node name: 192.168.10.101
[state-dump] InitialConfigResources: {memory: 1.72526e+11, node:__internal_head__: 1, accelerator_type:G: 1, node:192.168.10.101: 1, CPU: 96, GPU: 8, object_store_memory: 6.87195e+10}
[state-dump] ClusterTaskManager:
[state-dump] ========== Node: 9cddd56835bc50e7b8bf4b60ca4178677424c581d44fa8e750096ba6 =================
[state-dump] Infeasible queue length: 0
[state-dump] Schedule queue length: 0
[state-dump] Dispatch queue length: 0
[state-dump] num_waiting_for_resource: 0
[state-dump] num_waiting_for_plasma_memory: 0
[state-dump] num_waiting_for_remote_node_resources: 0
[state-dump] num_worker_not_started_by_job_config_not_exist: 0
[state-dump] num_worker_not_started_by_registration_timeout: 0
[state-dump] num_tasks_waiting_for_workers: 0
[state-dump] num_cancelled_tasks: 0
[state-dump] cluster_resource_scheduler state: 
[state-dump] Local id: 3411307670264124473 Local resources: {"total":{node:__internal_head__: [10000], CPU: [960000], memory: [1725264117760000], GPU: [10000, 10000, 10000, 10000, 10000, 10000, 10000, 10000], node:192.168.10.101: [10000], accelerator_type:G: [10000], object_store_memory: [687194767360000]}}, "available": {node:192.168.10.101: [10000], accelerator_type:G: [10000], object_store_memory: [687194767360000], memory: [1725264117760000], node:__internal_head__: [10000], CPU: [960000], GPU: [10000, 10000, 10000, 10000, 10000, 10000, 10000, 10000]}}, "labels":{"ray.io/node_id":"9cddd56835bc50e7b8bf4b60ca4178677424c581d44fa8e750096ba6",} is_draining: 0 is_idle: 1 Cluster resources (at most 20 nodes are shown): node id: 3411307670264124473{"total":{memory: 1725264117760000, node:__internal_head__: 10000, CPU: 960000, node:192.168.10.101: 10000, accelerator_type:G: 10000, GPU: 80000, object_store_memory: 687194767360000}}, "available": {CPU: 960000, memory: 1725264117760000, node:192.168.10.101: 10000, accelerator_type:G: 10000, GPU: 80000, object_store_memory: 687194767360000, node:__internal_head__: 10000}}, "labels":{"ray.io/node_id":"9cddd56835bc50e7b8bf4b60ca4178677424c581d44fa8e750096ba6",}, "is_draining": 0, "draining_deadline_timestamp_ms": -1} { "placement group locations": [], "node to bundles": []}
[state-dump] Waiting tasks size: 0
[state-dump] Number of executing tasks: 0
[state-dump] Number of pinned task arguments: 0
[state-dump] Number of total spilled tasks: 0
[state-dump] Number of spilled waiting tasks: 0
[state-dump] Number of spilled unschedulable tasks: 0
[state-dump] Resource usage {
[state-dump] }
[state-dump] Backlog Size per scheduling descriptor :{workerId: num backlogs}:
[state-dump] 
[state-dump] Running tasks by scheduling class:
[state-dump] ==================================================
[state-dump] 
[state-dump] ClusterResources:
[state-dump] LocalObjectManager:
[state-dump] - num pinned objects: 0
[state-dump] - pinned objects size: 0
[state-dump] - num objects pending restore: 0
[state-dump] - num objects pending spill: 0
[state-dump] - num bytes pending spill: 0
[state-dump] - num bytes currently spilled: 0
[state-dump] - cumulative spill requests: 0
[state-dump] - cumulative restore requests: 0
[state-dump] - spilled objects pending delete: 0
[state-dump] 
[state-dump] ObjectManager:
[state-dump] - num local objects: 0
[state-dump] - num unfulfilled push requests: 0
[state-dump] - num object pull requests: 0
[state-dump] - num chunks received total: 0
[state-dump] - num chunks received failed (all): 0
[state-dump] - num chunks received failed / cancelled: 0
[state-dump] - num chunks received failed / plasma error: 0
[state-dump] Event stats:
[state-dump] Global stats: 0 total (0 active)
[state-dump] Queueing time: mean = -nan s, max = -0.000 s, min = 9223372036.855 s, total = 0.000 s
[state-dump] Execution time:  mean = -nan s, total = 0.000 s
[state-dump] Event stats:
[state-dump] PushManager:
[state-dump] - num pushes in flight: 0
[state-dump] - num chunks in flight: 0
[state-dump] - num chunks remaining: 0
[state-dump] - max chunks allowed: 409
[state-dump] OwnershipBasedObjectDirectory:
[state-dump] - num listeners: 0
[state-dump] - cumulative location updates: 0
[state-dump] - num location updates per second: 0.000
[state-dump] - num location lookups per second: 0.000
[state-dump] - num locations added per second: 0.000
[state-dump] - num locations removed per second: 0.000
[state-dump] BufferPool:
[state-dump] - create buffer state map size: 0
[state-dump] PullManager:
[state-dump] - num bytes available for pulled objects: 68719476736
[state-dump] - num bytes being pulled (all): 0
[state-dump] - num bytes being pulled / pinned: 0
[state-dump] - get request bundles: BundlePullRequestQueue{0 total, 0 active, 0 inactive, 0 unpullable}
[state-dump] - wait request bundles: BundlePullRequestQueue{0 total, 0 active, 0 inactive, 0 unpullable}
[state-dump] - task request bundles: BundlePullRequestQueue{0 total, 0 active, 0 inactive, 0 unpullable}
[state-dump] - first get request bundle: N/A
[state-dump] - first wait request bundle: N/A
[state-dump] - first task request bundle: N/A
[state-dump] - num objects queued: 0
[state-dump] - num objects actively pulled (all): 0
[state-dump] - num objects actively pulled / pinned: 0
[state-dump] - num bundles being pulled: 0
[state-dump] - num pull retries: 0
[state-dump] - max timeout seconds: 0
[state-dump] - max timeout request is already processed. No entry.
[state-dump] 
[state-dump] WorkerPool:
[state-dump] - registered jobs: 0
[state-dump] - process_failed_job_config_missing: 0
[state-dump] - process_failed_rate_limited: 0
[state-dump] - process_failed_pending_registration: 0
[state-dump] - process_failed_runtime_env_setup_failed: 0
[state-dump] - num PYTHON workers: 0
[state-dump] - num PYTHON drivers: 0
[state-dump] - num PYTHON pending start requests: 0
[state-dump] - num PYTHON pending registration requests: 0
[state-dump] - num object spill callbacks queued: 0
[state-dump] - num object restore queued: 0
[state-dump] - num util functions queued: 0
[state-dump] - num JAVA workers: 0
[state-dump] - num JAVA drivers: 0
[state-dump] - num JAVA pending start requests: 0
[state-dump] - num JAVA pending registration requests: 0
[state-dump] - num object spill callbacks queued: 0
[state-dump] - num object restore queued: 0
[state-dump] - num util functions queued: 0
[state-dump] - num idle workers: 0
[state-dump] TaskDependencyManager:
[state-dump] - task deps map size: 0
[state-dump] - get req map size: 0
[state-dump] - wait req map size: 0
[state-dump] - local objects map size: 0
[state-dump] WaitManager:
[state-dump] - num active wait requests: 0
[state-dump] Subscriber:
[state-dump] Channel WORKER_OBJECT_LOCATIONS_CHANNEL
[state-dump] - cumulative subscribe requests: 0
[state-dump] - cumulative unsubscribe requests: 0
[state-dump] - active subscribed publishers: 0
[state-dump] - cumulative published messages: 0
[state-dump] - cumulative processed messages: 0
[state-dump] Channel WORKER_OBJECT_EVICTION
[state-dump] - cumulative subscribe requests: 0
[state-dump] - cumulative unsubscribe requests: 0
[state-dump] - active subscribed publishers: 0
[state-dump] - cumulative published messages: 0
[state-dump] - cumulative processed messages: 0
[state-dump] Channel WORKER_REF_REMOVED_CHANNEL
[state-dump] - cumulative subscribe requests: 0
[state-dump] - cumulative unsubscribe requests: 0
[state-dump] - active subscribed publishers: 0
[state-dump] - cumulative published messages: 0
[state-dump] - cumulative processed messages: 0
[state-dump] num async plasma notifications: 0
[state-dump] Event stats:
[state-dump] Global stats: 30 total (14 active)
[state-dump] Queueing time: mean = 1.328 ms, max = 8.589 ms, min = 14.913 us, total = 39.832 ms
[state-dump] Execution time:  mean = 34.036 ms, total = 1.021 s
[state-dump] Event stats:
[state-dump] 	PeriodicalRunner.RunFnPeriodically - 12 total (2 active, 1 running), Execution time: mean = 130.577 us, total = 1.567 ms, Queueing time: mean = 3.315 ms, max = 8.589 ms, min = 25.401 us, total = 39.776 ms
[state-dump] 	ClusterResourceManager.ResetRemoteNodeView - 1 total (1 active), Execution time: mean = 0.000 s, total = 0.000 s, Queueing time: mean = 0.000 s, max = -0.000 s, min = 9223372036.855 s, total = 0.000 s
[state-dump] 	ray::rpc::NodeInfoGcsService.grpc_client.RegisterNode - 1 total (0 active), Execution time: mean = 1.428 ms, total = 1.428 ms, Queueing time: mean = 0.000 s, max = -0.000 s, min = 9223372036.855 s, total = 0.000 s
[state-dump] 	ray::rpc::NodeInfoGcsService.grpc_client.RegisterNode.OnReplyReceived - 1 total (0 active), Execution time: mean = 236.439 us, total = 236.439 us, Queueing time: mean = 14.913 us, max = 14.913 us, min = 14.913 us, total = 14.913 us
[state-dump] 	ray::rpc::InternalPubSubGcsService.grpc_client.GcsSubscriberCommandBatch - 1 total (0 active), Execution time: mean = 680.163 us, total = 680.163 us, Queueing time: mean = 0.000 s, max = -0.000 s, min = 9223372036.855 s, total = 0.000 s
[state-dump] 	ObjectManager.UpdateAvailableMemory - 1 total (0 active), Execution time: mean = 1.536 us, total = 1.536 us, Queueing time: mean = 22.883 us, max = 22.883 us, min = 22.883 us, total = 22.883 us
[state-dump] 	NodeManager.CheckForUnexpectedWorkerDisconnects - 1 total (1 active), Execution time: mean = 0.000 s, total = 0.000 s, Queueing time: mean = 0.000 s, max = -0.000 s, min = 9223372036.855 s, total = 0.000 s
[state-dump] 	ray::rpc::InternalKVGcsService.grpc_client.GetInternalConfig.OnReplyReceived - 1 total (0 active), Execution time: mean = 1.016 s, total = 1.016 s, Queueing time: mean = 18.593 us, max = 18.593 us, min = 18.593 us, total = 18.593 us
[state-dump] 	ray::rpc::InternalPubSubGcsService.grpc_client.GcsSubscriberCommandBatch.OnReplyReceived - 1 total (1 active), Execution time: mean = 0.000 s, total = 0.000 s, Queueing time: mean = 0.000 s, max = -0.000 s, min = 9223372036.855 s, total = 0.000 s
[state-dump] 	NodeManager.ScheduleAndDispatchTasks - 1 total (1 active), Execution time: mean = 0.000 s, total = 0.000 s, Queueing time: mean = 0.000 s, max = -0.000 s, min = 9223372036.855 s, total = 0.000 s
[state-dump] 	NodeManager.deadline_timer.debug_state_dump - 1 total (1 active), Execution time: mean = 0.000 s, total = 0.000 s, Queueing time: mean = 0.000 s, max = -0.000 s, min = 9223372036.855 s, total = 0.000 s
[state-dump] 	NodeManager.deadline_timer.spill_objects_when_over_threshold - 1 total (1 active), Execution time: mean = 0.000 s, total = 0.000 s, Queueing time: mean = 0.000 s, max = -0.000 s, min = 9223372036.855 s, total = 0.000 s
[state-dump] 	ray::rpc::InternalKVGcsService.grpc_client.GetInternalConfig - 1 total (0 active), Execution time: mean = 838.197 us, total = 838.197 us, Queueing time: mean = 0.000 s, max = -0.000 s, min = 9223372036.855 s, total = 0.000 s
[state-dump] 	MemoryMonitor.CheckIsMemoryUsageAboveThreshold - 1 total (1 active), Execution time: mean = 0.000 s, total = 0.000 s, Queueing time: mean = 0.000 s, max = -0.000 s, min = 9223372036.855 s, total = 0.000 s
[state-dump] 	ray::rpc::InternalPubSubGcsService.grpc_client.GcsSubscriberPoll - 1 total (1 active), Execution time: mean = 0.000 s, total = 0.000 s, Queueing time: mean = 0.000 s, max = -0.000 s, min = 9223372036.855 s, total = 0.000 s
[state-dump] 	NodeManager.GCTaskFailureReason - 1 total (1 active), Execution time: mean = 0.000 s, total = 0.000 s, Queueing time: mean = 0.000 s, max = -0.000 s, min = 9223372036.855 s, total = 0.000 s
[state-dump] 	NodeManager.deadline_timer.record_metrics - 1 total (1 active), Execution time: mean = 0.000 s, total = 0.000 s, Queueing time: mean = 0.000 s, max = -0.000 s, min = 9223372036.855 s, total = 0.000 s
[state-dump] 	NodeManager.deadline_timer.flush_free_objects - 1 total (1 active), Execution time: mean = 0.000 s, total = 0.000 s, Queueing time: mean = 0.000 s, max = -0.000 s, min = 9223372036.855 s, total = 0.000 s
[state-dump] 	RayletWorkerPool.deadline_timer.kill_idle_workers - 1 total (1 active), Execution time: mean = 0.000 s, total = 0.000 s, Queueing time: mean = 0.000 s, max = -0.000 s, min = 9223372036.855 s, total = 0.000 s
[state-dump] DebugString() time ms: 0
[state-dump] 
[state-dump] 
[2025-06-26 10:52:30,058 I 2405525 2405525] (raylet) accessor.cc:768: Received notification for node, IsAlive = 1 node_id=9cddd56835bc50e7b8bf4b60ca4178677424c581d44fa8e750096ba6
[2025-06-26 10:52:30,076 I 2405525 2405525] (raylet) worker_pool.cc:527: Started worker process with pid 2405682, the token is 0
[2025-06-26 10:52:30,079 I 2405525 2405525] (raylet) worker_pool.cc:527: Started worker process with pid 2405683, the token is 1
[2025-06-26 10:52:30,081 I 2405525 2405525] (raylet) worker_pool.cc:527: Started worker process with pid 2405687, the token is 2
[2025-06-26 10:52:30,084 I 2405525 2405525] (raylet) worker_pool.cc:527: Started worker process with pid 2405688, the token is 3
[2025-06-26 10:52:30,086 I 2405525 2405525] (raylet) worker_pool.cc:527: Started worker process with pid 2405689, the token is 4
[2025-06-26 10:52:30,088 I 2405525 2405525] (raylet) worker_pool.cc:527: Started worker process with pid 2405690, the token is 5
[2025-06-26 10:52:30,090 I 2405525 2405525] (raylet) worker_pool.cc:527: Started worker process with pid 2405691, the token is 6
[2025-06-26 10:52:30,093 I 2405525 2405525] (raylet) worker_pool.cc:527: Started worker process with pid 2405692, the token is 7
[2025-06-26 10:52:30,095 I 2405525 2405525] (raylet) worker_pool.cc:527: Started worker process with pid 2405693, the token is 8
[2025-06-26 10:52:30,097 I 2405525 2405525] (raylet) worker_pool.cc:527: Started worker process with pid 2405694, the token is 9
[2025-06-26 10:52:30,099 I 2405525 2405525] (raylet) worker_pool.cc:527: Started worker process with pid 2405695, the token is 10
[2025-06-26 10:52:30,101 I 2405525 2405525] (raylet) worker_pool.cc:527: Started worker process with pid 2405696, the token is 11
[2025-06-26 10:52:30,104 I 2405525 2405525] (raylet) worker_pool.cc:527: Started worker process with pid 2405697, the token is 12
[2025-06-26 10:52:30,106 I 2405525 2405525] (raylet) worker_pool.cc:527: Started worker process with pid 2405698, the token is 13
[2025-06-26 10:52:30,108 I 2405525 2405525] (raylet) worker_pool.cc:527: Started worker process with pid 2405699, the token is 14
[2025-06-26 10:52:30,111 I 2405525 2405525] (raylet) worker_pool.cc:527: Started worker process with pid 2405700, the token is 15
[2025-06-26 10:52:30,113 I 2405525 2405525] (raylet) worker_pool.cc:527: Started worker process with pid 2405701, the token is 16
[2025-06-26 10:52:30,115 I 2405525 2405525] (raylet) worker_pool.cc:527: Started worker process with pid 2405702, the token is 17
[2025-06-26 10:52:30,118 I 2405525 2405525] (raylet) worker_pool.cc:527: Started worker process with pid 2405703, the token is 18
[2025-06-26 10:52:30,120 I 2405525 2405525] (raylet) worker_pool.cc:527: Started worker process with pid 2405704, the token is 19
[2025-06-26 10:52:30,122 I 2405525 2405525] (raylet) worker_pool.cc:527: Started worker process with pid 2405705, the token is 20
[2025-06-26 10:52:30,125 I 2405525 2405525] (raylet) worker_pool.cc:527: Started worker process with pid 2405706, the token is 21
[2025-06-26 10:52:30,127 I 2405525 2405525] (raylet) worker_pool.cc:527: Started worker process with pid 2405707, the token is 22
[2025-06-26 10:52:30,129 I 2405525 2405525] (raylet) worker_pool.cc:527: Started worker process with pid 2405708, the token is 23
[2025-06-26 10:52:30,132 I 2405525 2405525] (raylet) worker_pool.cc:527: Started worker process with pid 2405709, the token is 24
[2025-06-26 10:52:30,134 I 2405525 2405525] (raylet) worker_pool.cc:527: Started worker process with pid 2405710, the token is 25
[2025-06-26 10:52:30,136 I 2405525 2405525] (raylet) worker_pool.cc:527: Started worker process with pid 2405711, the token is 26
[2025-06-26 10:52:30,139 I 2405525 2405525] (raylet) worker_pool.cc:527: Started worker process with pid 2405712, the token is 27
[2025-06-26 10:52:30,141 I 2405525 2405525] (raylet) worker_pool.cc:527: Started worker process with pid 2405713, the token is 28
[2025-06-26 10:52:30,144 I 2405525 2405525] (raylet) worker_pool.cc:527: Started worker process with pid 2405714, the token is 29
[2025-06-26 10:52:30,146 I 2405525 2405525] (raylet) worker_pool.cc:527: Started worker process with pid 2405715, the token is 30
[2025-06-26 10:52:30,149 I 2405525 2405525] (raylet) worker_pool.cc:527: Started worker process with pid 2405716, the token is 31
[2025-06-26 10:52:30,152 I 2405525 2405525] (raylet) worker_pool.cc:527: Started worker process with pid 2405717, the token is 32
[2025-06-26 10:52:30,154 I 2405525 2405525] (raylet) worker_pool.cc:527: Started worker process with pid 2405718, the token is 33
[2025-06-26 10:52:30,157 I 2405525 2405525] (raylet) worker_pool.cc:527: Started worker process with pid 2405719, the token is 34
[2025-06-26 10:52:30,159 I 2405525 2405525] (raylet) worker_pool.cc:527: Started worker process with pid 2405720, the token is 35
[2025-06-26 10:52:30,162 I 2405525 2405525] (raylet) worker_pool.cc:527: Started worker process with pid 2405721, the token is 36
[2025-06-26 10:52:30,165 I 2405525 2405525] (raylet) worker_pool.cc:527: Started worker process with pid 2405722, the token is 37
[2025-06-26 10:52:30,167 I 2405525 2405525] (raylet) worker_pool.cc:527: Started worker process with pid 2405723, the token is 38
[2025-06-26 10:52:30,170 I 2405525 2405525] (raylet) worker_pool.cc:527: Started worker process with pid 2405724, the token is 39
[2025-06-26 10:52:30,173 I 2405525 2405525] (raylet) worker_pool.cc:527: Started worker process with pid 2405725, the token is 40
[2025-06-26 10:52:30,176 I 2405525 2405525] (raylet) worker_pool.cc:527: Started worker process with pid 2405726, the token is 41
[2025-06-26 10:52:30,179 I 2405525 2405525] (raylet) worker_pool.cc:527: Started worker process with pid 2405727, the token is 42
[2025-06-26 10:52:30,182 I 2405525 2405525] (raylet) worker_pool.cc:527: Started worker process with pid 2405728, the token is 43
[2025-06-26 10:52:30,185 I 2405525 2405525] (raylet) worker_pool.cc:527: Started worker process with pid 2405729, the token is 44
[2025-06-26 10:52:30,188 I 2405525 2405525] (raylet) worker_pool.cc:527: Started worker process with pid 2405730, the token is 45
[2025-06-26 10:52:30,191 I 2405525 2405525] (raylet) worker_pool.cc:527: Started worker process with pid 2405731, the token is 46
[2025-06-26 10:52:30,194 I 2405525 2405525] (raylet) worker_pool.cc:527: Started worker process with pid 2405732, the token is 47
[2025-06-26 10:52:30,197 I 2405525 2405525] (raylet) worker_pool.cc:527: Started worker process with pid 2405733, the token is 48
[2025-06-26 10:52:30,200 I 2405525 2405525] (raylet) worker_pool.cc:527: Started worker process with pid 2405734, the token is 49
[2025-06-26 10:52:30,203 I 2405525 2405525] (raylet) worker_pool.cc:527: Started worker process with pid 2405735, the token is 50
[2025-06-26 10:52:30,206 I 2405525 2405525] (raylet) worker_pool.cc:527: Started worker process with pid 2405736, the token is 51
[2025-06-26 10:52:30,209 I 2405525 2405525] (raylet) worker_pool.cc:527: Started worker process with pid 2405737, the token is 52
[2025-06-26 10:52:30,212 I 2405525 2405525] (raylet) worker_pool.cc:527: Started worker process with pid 2405738, the token is 53
[2025-06-26 10:52:30,215 I 2405525 2405525] (raylet) worker_pool.cc:527: Started worker process with pid 2405739, the token is 54
[2025-06-26 10:52:30,218 I 2405525 2405525] (raylet) worker_pool.cc:527: Started worker process with pid 2405740, the token is 55
[2025-06-26 10:52:30,222 I 2405525 2405525] (raylet) worker_pool.cc:527: Started worker process with pid 2405741, the token is 56
[2025-06-26 10:52:30,226 I 2405525 2405525] (raylet) worker_pool.cc:527: Started worker process with pid 2405742, the token is 57
[2025-06-26 10:52:30,230 I 2405525 2405525] (raylet) worker_pool.cc:527: Started worker process with pid 2405743, the token is 58
[2025-06-26 10:52:30,233 I 2405525 2405525] (raylet) worker_pool.cc:527: Started worker process with pid 2405744, the token is 59
[2025-06-26 10:52:30,237 I 2405525 2405525] (raylet) worker_pool.cc:527: Started worker process with pid 2405745, the token is 60
[2025-06-26 10:52:30,240 I 2405525 2405525] (raylet) worker_pool.cc:527: Started worker process with pid 2405746, the token is 61
[2025-06-26 10:52:30,244 I 2405525 2405525] (raylet) worker_pool.cc:527: Started worker process with pid 2405747, the token is 62
[2025-06-26 10:52:30,247 I 2405525 2405525] (raylet) worker_pool.cc:527: Started worker process with pid 2405748, the token is 63
[2025-06-26 10:52:30,251 I 2405525 2405525] (raylet) worker_pool.cc:527: Started worker process with pid 2405749, the token is 64
[2025-06-26 10:52:30,254 I 2405525 2405525] (raylet) worker_pool.cc:527: Started worker process with pid 2405750, the token is 65
[2025-06-26 10:52:30,258 I 2405525 2405525] (raylet) worker_pool.cc:527: Started worker process with pid 2405751, the token is 66
[2025-06-26 10:52:30,261 I 2405525 2405525] (raylet) worker_pool.cc:527: Started worker process with pid 2405752, the token is 67
[2025-06-26 10:52:30,265 I 2405525 2405525] (raylet) worker_pool.cc:527: Started worker process with pid 2405753, the token is 68
[2025-06-26 10:52:30,268 I 2405525 2405525] (raylet) worker_pool.cc:527: Started worker process with pid 2405754, the token is 69
[2025-06-26 10:52:30,271 I 2405525 2405525] (raylet) worker_pool.cc:527: Started worker process with pid 2405755, the token is 70
[2025-06-26 10:52:30,275 I 2405525 2405525] (raylet) worker_pool.cc:527: Started worker process with pid 2405756, the token is 71
[2025-06-26 10:52:30,279 I 2405525 2405525] (raylet) worker_pool.cc:527: Started worker process with pid 2405757, the token is 72
[2025-06-26 10:52:30,283 I 2405525 2405525] (raylet) worker_pool.cc:527: Started worker process with pid 2405758, the token is 73
[2025-06-26 10:52:30,287 I 2405525 2405525] (raylet) worker_pool.cc:527: Started worker process with pid 2405759, the token is 74
[2025-06-26 10:52:30,291 I 2405525 2405525] (raylet) worker_pool.cc:527: Started worker process with pid 2405760, the token is 75
[2025-06-26 10:52:30,295 I 2405525 2405525] (raylet) worker_pool.cc:527: Started worker process with pid 2405761, the token is 76
[2025-06-26 10:52:30,298 I 2405525 2405525] (raylet) worker_pool.cc:527: Started worker process with pid 2405762, the token is 77
[2025-06-26 10:52:30,302 I 2405525 2405525] (raylet) worker_pool.cc:527: Started worker process with pid 2405763, the token is 78
[2025-06-26 10:52:30,306 I 2405525 2405525] (raylet) worker_pool.cc:527: Started worker process with pid 2405764, the token is 79
[2025-06-26 10:52:30,310 I 2405525 2405525] (raylet) worker_pool.cc:527: Started worker process with pid 2405765, the token is 80
[2025-06-26 10:52:30,314 I 2405525 2405525] (raylet) worker_pool.cc:527: Started worker process with pid 2405766, the token is 81
[2025-06-26 10:52:30,335 I 2405525 2405525] (raylet) worker_pool.cc:527: Started worker process with pid 2405767, the token is 82
[2025-06-26 10:52:30,338 I 2405525 2405525] (raylet) worker_pool.cc:527: Started worker process with pid 2405768, the token is 83
[2025-06-26 10:52:30,343 I 2405525 2405525] (raylet) worker_pool.cc:527: Started worker process with pid 2405769, the token is 84
[2025-06-26 10:52:30,347 I 2405525 2405525] (raylet) worker_pool.cc:527: Started worker process with pid 2405770, the token is 85
[2025-06-26 10:52:30,351 I 2405525 2405525] (raylet) worker_pool.cc:527: Started worker process with pid 2405771, the token is 86
[2025-06-26 10:52:30,355 I 2405525 2405525] (raylet) worker_pool.cc:527: Started worker process with pid 2405774, the token is 87
[2025-06-26 10:52:30,359 I 2405525 2405525] (raylet) worker_pool.cc:527: Started worker process with pid 2405775, the token is 88
[2025-06-26 10:52:30,363 I 2405525 2405525] (raylet) worker_pool.cc:527: Started worker process with pid 2405778, the token is 89
[2025-06-26 10:52:30,368 I 2405525 2405525] (raylet) worker_pool.cc:527: Started worker process with pid 2405779, the token is 90
[2025-06-26 10:52:30,372 I 2405525 2405525] (raylet) worker_pool.cc:527: Started worker process with pid 2405780, the token is 91
[2025-06-26 10:52:30,376 I 2405525 2405525] (raylet) worker_pool.cc:527: Started worker process with pid 2405781, the token is 92
[2025-06-26 10:52:30,380 I 2405525 2405525] (raylet) worker_pool.cc:527: Started worker process with pid 2405782, the token is 93
[2025-06-26 10:52:30,384 I 2405525 2405525] (raylet) worker_pool.cc:527: Started worker process with pid 2405783, the token is 94
[2025-06-26 10:52:30,389 I 2405525 2405525] (raylet) worker_pool.cc:527: Started worker process with pid 2405784, the token is 95
[2025-06-26 10:52:30,477 I 2405525 2405556] (raylet) object_store.cc:38: Object store current usage 8e-09 / 68.7195 GB.
[2025-06-26 10:52:30,926 I 2405525 2405525] (raylet) worker_pool.cc:724: Job 01000000 already started in worker pool.
[2025-06-26 10:52:35,143 W 2405525 2405525] (raylet) memory_monitor.cc:198: Got negative used memory for cgroup -1, setting it to zero
[2025-06-26 10:52:39,052 W 2405525 2405550] (raylet) metric_exporter.cc:105: [1] Export metrics to agent failed: RpcError: RPC Error message: failed to connect to all addresses; last error: UNKNOWN: ipv4:127.0.0.1:54557: Failed to connect to remote host: Connection refused; RPC Error details:  rpc_code: 14. This won't affect Ray, but you can lose metrics from the cluster.
[2025-06-26 10:52:40,147 W 2405525 2405525] (raylet) memory_monitor.cc:198: Got negative used memory for cgroup -1, setting it to zero
[2025-06-26 10:52:45,150 W 2405525 2405525] (raylet) memory_monitor.cc:198: Got negative used memory for cgroup -1, setting it to zero
[2025-06-26 10:52:50,153 W 2405525 2405525] (raylet) memory_monitor.cc:198: Got negative used memory for cgroup -1, setting it to zero
[2025-06-26 10:52:55,157 W 2405525 2405525] (raylet) memory_monitor.cc:198: Got negative used memory for cgroup -1, setting it to zero
[2025-06-26 10:53:00,160 W 2405525 2405525] (raylet) memory_monitor.cc:198: Got negative used memory for cgroup -1, setting it to zero
[2025-06-26 10:53:05,164 W 2405525 2405525] (raylet) memory_monitor.cc:198: Got negative used memory for cgroup -1, setting it to zero
[2025-06-26 10:53:10,168 W 2405525 2405525] (raylet) memory_monitor.cc:198: Got negative used memory for cgroup -1, setting it to zero
[2025-06-26 10:53:15,171 W 2405525 2405525] (raylet) memory_monitor.cc:198: Got negative used memory for cgroup -1, setting it to zero
[2025-06-26 10:53:20,175 W 2405525 2405525] (raylet) memory_monitor.cc:198: Got negative used memory for cgroup -1, setting it to zero
[2025-06-26 10:53:25,178 W 2405525 2405525] (raylet) memory_monitor.cc:198: Got negative used memory for cgroup -1, setting it to zero
[2025-06-26 10:53:29,040 I 2405525 2405556] (raylet) store.cc:576: Plasma store debug dump: 
Current usage: 0.00865893 / 68.7195 GB
- num bytes created total: 8659708
0 pending objects of total size 0MB
- objects spillable: 0
- bytes spillable: 0
- objects unsealed: 0
- bytes unsealed: 0
- objects in use: 3
- bytes in use: 8658932
- objects evictable: 0
- bytes evictable: 0

- objects created by worker: 3
- bytes created by worker: 8658932
- objects restored: 0
- bytes restored: 0
- objects received: 0
- bytes received: 0
- objects errored: 0
- bytes errored: 0

[2025-06-26 10:53:30,058 I 2405525 2405525] (raylet) node_manager.cc:450: [state-dump] NodeManager:
[state-dump] Node ID: 9cddd56835bc50e7b8bf4b60ca4178677424c581d44fa8e750096ba6
[state-dump] Node name: 192.168.10.101
[state-dump] InitialConfigResources: {memory: 1.72526e+11, node:__internal_head__: 1, accelerator_type:G: 1, node:192.168.10.101: 1, CPU: 96, GPU: 8, object_store_memory: 6.87195e+10}
[state-dump] ClusterTaskManager:
[state-dump] ========== Node: 9cddd56835bc50e7b8bf4b60ca4178677424c581d44fa8e750096ba6 =================
[state-dump] Infeasible queue length: 0
[state-dump] Schedule queue length: 0
[state-dump] Dispatch queue length: 0
[state-dump] num_waiting_for_resource: 0
[state-dump] num_waiting_for_plasma_memory: 0
[state-dump] num_waiting_for_remote_node_resources: 0
[state-dump] num_worker_not_started_by_job_config_not_exist: 0
[state-dump] num_worker_not_started_by_registration_timeout: 0
[state-dump] num_tasks_waiting_for_workers: 0
[state-dump] num_cancelled_tasks: 0
[state-dump] cluster_resource_scheduler state: 
[state-dump] Local id: 3411307670264124473 Local resources: {"total":{node:__internal_head__: [10000], CPU: [960000], memory: [1725264117760000], GPU: [10000, 10000, 10000, 10000, 10000, 10000, 10000, 10000], node:192.168.10.101: [10000], accelerator_type:G: [10000], object_store_memory: [687194767360000]}}, "available": {node:192.168.10.101: [10000], accelerator_type:G: [10000], object_store_memory: [687108178040000], memory: [1725264117760000], node:__internal_head__: [10000], CPU: [880000], GPU: [0, 0, 0, 0, 0, 0, 0, 0]}}, "labels":{"ray.io/node_id":"9cddd56835bc50e7b8bf4b60ca4178677424c581d44fa8e750096ba6",} is_draining: 0 is_idle: 0 Cluster resources (at most 20 nodes are shown): node id: 3411307670264124473{"total":{GPU: 80000, node:192.168.10.101: 10000, memory: 1725264117760000, accelerator_type:G: 10000, object_store_memory: 687194767360000, node:__internal_head__: 10000, CPU: 960000}}, "available": {object_store_memory: 687108178040000, node:__internal_head__: 10000, CPU: 880000, accelerator_type:G: 10000, node:192.168.10.101: 10000, memory: 1725264117760000}}, "labels":{"ray.io/node_id":"9cddd56835bc50e7b8bf4b60ca4178677424c581d44fa8e750096ba6",}, "is_draining": 0, "draining_deadline_timestamp_ms": -1} { "placement group locations": [], "node to bundles": []}
[state-dump] Waiting tasks size: 0
[state-dump] Number of executing tasks: 0
[state-dump] Number of pinned task arguments: 0
[state-dump] Number of total spilled tasks: 0
[state-dump] Number of spilled waiting tasks: 0
[state-dump] Number of spilled unschedulable tasks: 0
[state-dump] Resource usage {
[state-dump]     - (language=PYTHON actor_or_task=XDiTWorker.__init__ pid=2405698 worker_id=b20a2537e839f802ebb3b59781e9f268bac5373541ddb677cf4333f6): {GPU: 1, CPU: 1}
[state-dump]     - (language=PYTHON actor_or_task=XDiTWorker.__init__ pid=2405683 worker_id=cc0dc8f28891c61eec40554734125e1b29aa54614b035ba6394902fc): {GPU: 1, CPU: 1}
[state-dump]     - (language=PYTHON actor_or_task=XDiTWorker.__init__ pid=2405682 worker_id=ec229b649d29c8efd3edd7ad43ef7fde3d861d92d2a30623eb0b1200): {GPU: 1, CPU: 1}
[state-dump]     - (language=PYTHON actor_or_task=XDiTWorker.__init__ pid=2405689 worker_id=da79032e9f3fab10dbf19269fcac192138d66785daf2a246aaafb23d): {GPU: 1, CPU: 1}
[state-dump]     - (language=PYTHON actor_or_task=XDiTWorker.__init__ pid=2405690 worker_id=40606cecddaa3f9c2ed7c2dceb5a843d045c816ef7a4cd5a2e5c23c4): {GPU: 1, CPU: 1}
[state-dump]     - (language=PYTHON actor_or_task=XDiTWorker.__init__ pid=2405687 worker_id=1b66525b22a17ad3db23af1bbc7b574bf99f044c069158fead597eae): {CPU: 1, GPU: 1}
[state-dump]     - (language=PYTHON actor_or_task=XDiTWorker.__init__ pid=2405691 worker_id=edbf31dd4e63214970b27319cd023b8700e2606f1a2b84de6e3a8889): {CPU: 1, GPU: 1}
[state-dump]     - (language=PYTHON actor_or_task=XDiTWorker.__init__ pid=2405695 worker_id=3cb775318167b536de7a300b573ac0b8a748f46feef247cbec3e97e5): {GPU: 1, CPU: 1}
[state-dump] }
[state-dump] Backlog Size per scheduling descriptor :{workerId: num backlogs}:
[state-dump] 
[state-dump] Running tasks by scheduling class:
[state-dump] ==================================================
[state-dump] 
[state-dump] ClusterResources:
[state-dump] LocalObjectManager:
[state-dump] - num pinned objects: 3
[state-dump] - pinned objects size: 8658932
[state-dump] - num objects pending restore: 0
[state-dump] - num objects pending spill: 0
[state-dump] - num bytes pending spill: 0
[state-dump] - num bytes currently spilled: 0
[state-dump] - cumulative spill requests: 0
[state-dump] - cumulative restore requests: 0
[state-dump] - spilled objects pending delete: 0
[state-dump] 
[state-dump] ObjectManager:
[state-dump] - num local objects: 3
[state-dump] - num unfulfilled push requests: 0
[state-dump] - num object pull requests: 0
[state-dump] - num chunks received total: 0
[state-dump] - num chunks received failed (all): 0
[state-dump] - num chunks received failed / cancelled: 0
[state-dump] - num chunks received failed / plasma error: 0
[state-dump] Event stats:
[state-dump] Global stats: 0 total (0 active)
[state-dump] Queueing time: mean = -nan s, max = -0.000 s, min = 9223372036.855 s, total = 0.000 s
[state-dump] Execution time:  mean = -nan s, total = 0.000 s
[state-dump] Event stats:
[state-dump] PushManager:
[state-dump] - num pushes in flight: 0
[state-dump] - num chunks in flight: 0
[state-dump] - num chunks remaining: 0
[state-dump] - max chunks allowed: 409
[state-dump] OwnershipBasedObjectDirectory:
[state-dump] - num listeners: 0
[state-dump] - cumulative location updates: 0
[state-dump] - num location updates per second: 0.000
[state-dump] - num location lookups per second: 0.000
[state-dump] - num locations added per second: 0.000
[state-dump] - num locations removed per second: 0.000
[state-dump] BufferPool:
[state-dump] - create buffer state map size: 0
[state-dump] PullManager:
[state-dump] - num bytes available for pulled objects: 68710817804
[state-dump] - num bytes being pulled (all): 0
[state-dump] - num bytes being pulled / pinned: 0
[state-dump] - get request bundles: BundlePullRequestQueue{0 total, 0 active, 0 inactive, 0 unpullable}
[state-dump] - wait request bundles: BundlePullRequestQueue{0 total, 0 active, 0 inactive, 0 unpullable}
[state-dump] - task request bundles: BundlePullRequestQueue{0 total, 0 active, 0 inactive, 0 unpullable}
[state-dump] - first get request bundle: N/A
[state-dump] - first wait request bundle: N/A
[state-dump] - first task request bundle: N/A
[state-dump] - num objects queued: 0
[state-dump] - num objects actively pulled (all): 0
[state-dump] - num objects actively pulled / pinned: 0
[state-dump] - num bundles being pulled: 0
[state-dump] - num pull retries: 0
[state-dump] - max timeout seconds: 0
[state-dump] - max timeout request is already processed. No entry.
[state-dump] 
[state-dump] WorkerPool:
[state-dump] - registered jobs: 1
[state-dump] - process_failed_job_config_missing: 0
[state-dump] - process_failed_rate_limited: 0
[state-dump] - process_failed_pending_registration: 0
[state-dump] - process_failed_runtime_env_setup_failed: 0
[state-dump] - num PYTHON workers: 96
[state-dump] - num PYTHON drivers: 1
[state-dump] - num PYTHON pending start requests: 0
[state-dump] - num PYTHON pending registration requests: 0
[state-dump] - num object spill callbacks queued: 0
[state-dump] - num object restore queued: 0
[state-dump] - num util functions queued: 0
[state-dump] - num JAVA workers: 0
[state-dump] - num JAVA drivers: 0
[state-dump] - num JAVA pending start requests: 0
[state-dump] - num JAVA pending registration requests: 0
[state-dump] - num object spill callbacks queued: 0
[state-dump] - num object restore queued: 0
[state-dump] - num util functions queued: 0
[state-dump] - num idle workers: 88
[state-dump] TaskDependencyManager:
[state-dump] - task deps map size: 0
[state-dump] - get req map size: 0
[state-dump] - wait req map size: 0
[state-dump] - local objects map size: 3
[state-dump] WaitManager:
[state-dump] - num active wait requests: 0
[state-dump] Subscriber:
[state-dump] Channel WORKER_OBJECT_LOCATIONS_CHANNEL
[state-dump] - cumulative subscribe requests: 3
[state-dump] - cumulative unsubscribe requests: 3
[state-dump] - active subscribed publishers: 0
[state-dump] - cumulative published messages: 0
[state-dump] - cumulative processed messages: 0
[state-dump] Channel WORKER_OBJECT_EVICTION
[state-dump] - cumulative subscribe requests: 3
[state-dump] - cumulative unsubscribe requests: 0
[state-dump] - active subscribed publishers: 1
[state-dump] - cumulative published messages: 0
[state-dump] - cumulative processed messages: 0
[state-dump] Channel WORKER_REF_REMOVED_CHANNEL
[state-dump] - cumulative subscribe requests: 0
[state-dump] - cumulative unsubscribe requests: 0
[state-dump] - active subscribed publishers: 0
[state-dump] - cumulative published messages: 0
[state-dump] - cumulative processed messages: 0
[state-dump] num async plasma notifications: 0
[state-dump] Event stats:
[state-dump] Global stats: 15758 total (113 active)
[state-dump] Queueing time: mean = 21.770 ms, max = 32.895 s, min = -0.000 s, total = 343.051 s
[state-dump] Execution time:  mean = 230.761 us, total = 3.636 s
[state-dump] Event stats:
[state-dump] 	NodeManagerService.grpc_server.ReportWorkerBacklog - 5820 total (0 active), Execution time: mean = 168.467 us, total = 980.480 ms, Queueing time: mean = 0.000 s, max = -0.000 s, min = 9223372036.855 s, total = 0.000 s
[state-dump] 	NodeManagerService.grpc_server.ReportWorkerBacklog.HandleRequestImpl - 5820 total (0 active), Execution time: mean = 16.209 us, total = 94.335 ms, Queueing time: mean = 28.107 us, max = 2.466 ms, min = 1.672 us, total = 163.581 ms
[state-dump] 	NodeManager.CheckGC - 598 total (1 active), Execution time: mean = 1.495 us, total = 894.284 us, Queueing time: mean = 429.896 us, max = 231.391 ms, min = 6.223 us, total = 257.078 ms
[state-dump] 	ObjectManager.UpdateAvailableMemory - 598 total (0 active), Execution time: mean = 1.953 us, total = 1.168 ms, Queueing time: mean = 32.433 us, max = 3.822 ms, min = 2.235 us, total = 19.395 ms
[state-dump] 	RaySyncer.OnDemandBroadcasting - 598 total (1 active), Execution time: mean = 6.118 us, total = 3.659 ms, Queueing time: mean = 425.472 us, max = 231.371 ms, min = 6.457 us, total = 254.432 ms
[state-dump] 	ClientConnection.async_read.ProcessMessageHeader - 439 total (97 active), Execution time: mean = 3.774 us, total = 1.657 ms, Queueing time: mean = 778.730 ms, max = 32.895 s, min = 10.043 us, total = 341.863 s
[state-dump] 	ClientConnection.async_read.ProcessMessage - 342 total (0 active), Execution time: mean = 1.015 ms, total = 347.241 ms, Queueing time: mean = 8.708 us, max = 229.494 us, min = 1.957 us, total = 2.978 ms
[state-dump] 	RayletWorkerPool.deadline_timer.kill_idle_workers - 300 total (1 active), Execution time: mean = 12.987 us, total = 3.896 ms, Queueing time: mean = 487.714 us, max = 135.694 ms, min = -0.000 s, total = 146.314 ms
[state-dump] 	MemoryMonitor.CheckIsMemoryUsageAboveThreshold - 240 total (1 active), Execution time: mean = 142.772 us, total = 34.265 ms, Queueing time: mean = 387.397 us, max = 85.720 ms, min = 7.719 us, total = 92.975 ms
[state-dump] 	ObjectManager.ObjectAdded - 100 total (0 active), Execution time: mean = 15.007 us, total = 1.501 ms, Queueing time: mean = 48.484 us, max = 1.644 ms, min = 4.424 us, total = 4.848 ms
[state-dump] 	ClientConnection.async_write.DoAsyncWrites - 98 total (0 active), Execution time: mean = 852.173 ns, total = 83.513 us, Queueing time: mean = 26.758 us, max = 502.935 us, min = 8.529 us, total = 2.622 ms
[state-dump] 	NodeManagerService.grpc_server.GetSystemConfig.HandleRequestImpl - 97 total (0 active), Execution time: mean = 36.231 us, total = 3.514 ms, Queueing time: mean = 34.554 us, max = 564.937 us, min = 5.579 us, total = 3.352 ms
[state-dump] 	ObjectManager.ObjectDeleted - 97 total (0 active), Execution time: mean = 11.697 us, total = 1.135 ms, Queueing time: mean = 65.010 us, max = 2.186 ms, min = 12.419 us, total = 6.306 ms
[state-dump] 	NodeManagerService.grpc_server.GetSystemConfig - 97 total (0 active), Execution time: mean = 367.092 us, total = 35.608 ms, Queueing time: mean = 0.000 s, max = -0.000 s, min = 9223372036.855 s, total = 0.000 s
[state-dump] 	NodeManager.ScheduleAndDispatchTasks - 61 total (1 active), Execution time: mean = 8.805 us, total = 537.091 us, Queueing time: mean = 32.042 us, max = 137.065 us, min = 7.104 us, total = 1.955 ms
[state-dump] 	NodeManagerService.grpc_server.GetResourceLoad - 60 total (0 active), Execution time: mean = 3.087 ms, total = 185.214 ms, Queueing time: mean = 0.000 s, max = -0.000 s, min = 9223372036.855 s, total = 0.000 s
[state-dump] 	NodeManagerService.grpc_server.GetResourceLoad.HandleRequestImpl - 60 total (0 active), Execution time: mean = 67.374 us, total = 4.042 ms, Queueing time: mean = 2.762 ms, max = 163.517 ms, min = 16.459 us, total = 165.713 ms
[state-dump] 	NodeManager.CheckForUnexpectedWorkerDisconnects - 60 total (1 active), Execution time: mean = 82.052 us, total = 4.923 ms, Queueing time: mean = 26.864 us, max = 66.026 us, min = 6.150 us, total = 1.612 ms
[state-dump] 	NodeManager.deadline_timer.flush_free_objects - 60 total (1 active), Execution time: mean = 3.591 us, total = 215.464 us, Queueing time: mean = 122.937 us, max = 1.432 ms, min = 7.960 us, total = 7.376 ms
[state-dump] 	NodeManager.deadline_timer.spill_objects_when_over_threshold - 60 total (1 active), Execution time: mean = 1.926 us, total = 115.570 us, Queueing time: mean = 124.410 us, max = 1.431 ms, min = 6.546 us, total = 7.465 ms
[state-dump] 	ClusterResourceManager.ResetRemoteNodeView - 21 total (1 active), Execution time: mean = 4.111 us, total = 86.333 us, Queueing time: mean = 25.564 us, max = 70.959 us, min = 8.544 us, total = 536.839 us
[state-dump] 	PeriodicalRunner.RunFnPeriodically - 14 total (0 active), Execution time: mean = 153.584 us, total = 2.150 ms, Queueing time: mean = 3.099 ms, max = 8.589 ms, min = 25.401 us, total = 43.381 ms
[state-dump] 	NodeManager.deadline_timer.record_metrics - 12 total (1 active), Execution time: mean = 362.871 us, total = 4.354 ms, Queueing time: mean = 259.062 us, max = 1.232 ms, min = 13.457 us, total = 3.109 ms
[state-dump] 	RaySyncer.BroadcastMessage - 10 total (0 active), Execution time: mean = 100.228 us, total = 1.002 ms, Queueing time: mean = 217.200 ns, max = 447.000 ns, min = 112.000 ns, total = 2.172 us
[state-dump] 	 - 10 total (0 active), Execution time: mean = 581.800 ns, total = 5.818 us, Queueing time: mean = 29.658 us, max = 53.299 us, min = 18.746 us, total = 296.581 us
[state-dump] 	NodeManagerService.grpc_server.RequestWorkerLease - 8 total (0 active), Execution time: mean = 278.578 us, total = 2.229 ms, Queueing time: mean = 0.000 s, max = -0.000 s, min = 9223372036.855 s, total = 0.000 s
[state-dump] 	WorkerPool.PopWorkerCallback - 8 total (0 active), Execution time: mean = 19.549 us, total = 156.393 us, Queueing time: mean = 6.215 us, max = 13.642 us, min = 4.647 us, total = 49.724 us
[state-dump] 	NodeManagerService.grpc_server.RequestWorkerLease.HandleRequestImpl - 8 total (0 active), Execution time: mean = 95.809 us, total = 766.474 us, Queueing time: mean = 25.404 us, max = 32.786 us, min = 19.459 us, total = 203.231 us
[state-dump] 	NodeManager.deadline_timer.debug_state_dump - 6 total (1 active), Execution time: mean = 1.131 ms, total = 6.787 ms, Queueing time: mean = 36.421 us, max = 89.813 us, min = 12.542 us, total = 218.528 us
[state-dump] 	CoreWorkerService.grpc_client.PubsubCommandBatch.OnReplyReceived - 5 total (0 active), Execution time: mean = 46.575 us, total = 232.873 us, Queueing time: mean = 15.492 us, max = 26.375 us, min = 11.357 us, total = 77.458 us
[state-dump] 	CoreWorkerService.grpc_client.PubsubCommandBatch - 5 total (0 active), Execution time: mean = 798.001 us, total = 3.990 ms, Queueing time: mean = 0.000 s, max = -0.000 s, min = 9223372036.855 s, total = 0.000 s
[state-dump] 	CoreWorkerService.grpc_client.PubsubLongPolling - 4 total (1 active), Execution time: mean = 2.245 ms, total = 8.979 ms, Queueing time: mean = 0.000 s, max = -0.000 s, min = 9223372036.855 s, total = 0.000 s
[state-dump] 	CoreWorkerService.grpc_client.PubsubLongPolling.OnReplyReceived - 3 total (0 active), Execution time: mean = 88.102 us, total = 264.307 us, Queueing time: mean = 48.098 us, max = 115.394 us, min = 11.675 us, total = 144.295 us
[state-dump] 	CoreWorkerService.grpc_client.UpdateObjectLocationBatch.OnReplyReceived - 3 total (0 active), Execution time: mean = 14.651 us, total = 43.952 us, Queueing time: mean = 22.106 us, max = 34.804 us, min = 13.021 us, total = 66.319 us
[state-dump] 	NodeManagerService.grpc_server.PinObjectIDs - 3 total (0 active), Execution time: mean = 433.438 us, total = 1.300 ms, Queueing time: mean = 0.000 s, max = -0.000 s, min = 9223372036.855 s, total = 0.000 s
[state-dump] 	CoreWorkerService.grpc_client.UpdateObjectLocationBatch - 3 total (0 active), Execution time: mean = 1.138 ms, total = 3.415 ms, Queueing time: mean = 0.000 s, max = -0.000 s, min = 9223372036.855 s, total = 0.000 s
[state-dump] 	NodeManagerService.grpc_server.PinObjectIDs.HandleRequestImpl - 3 total (0 active), Execution time: mean = 199.862 us, total = 599.586 us, Queueing time: mean = 104.688 us, max = 278.390 us, min = 17.758 us, total = 314.063 us
[state-dump] 	ray::rpc::InternalPubSubGcsService.grpc_client.GcsSubscriberPoll - 2 total (1 active), Execution time: mean = 435.737 ms, total = 871.474 ms, Queueing time: mean = 0.000 s, max = -0.000 s, min = 9223372036.855 s, total = 0.000 s
[state-dump] 	ray::rpc::InternalPubSubGcsService.grpc_client.GcsSubscriberCommandBatch - 2 total (0 active), Execution time: mean = 551.977 us, total = 1.104 ms, Queueing time: mean = 0.000 s, max = -0.000 s, min = 9223372036.855 s, total = 0.000 s
[state-dump] 	RaySyncerRegister - 2 total (0 active), Execution time: mean = 1.478 us, total = 2.956 us, Queueing time: mean = 130.500 ns, max = 215.000 ns, min = 46.000 ns, total = 261.000 ns
[state-dump] 	ray::rpc::InternalPubSubGcsService.grpc_client.GcsSubscriberCommandBatch.OnReplyReceived - 2 total (0 active), Execution time: mean = 101.686 us, total = 203.373 us, Queueing time: mean = 750.697 us, max = 1.480 ms, min = 21.311 us, total = 1.501 ms
[state-dump] 	ray::rpc::NodeInfoGcsService.grpc_client.GetAllNodeInfo - 1 total (0 active), Execution time: mean = 794.982 us, total = 794.982 us, Queueing time: mean = 0.000 s, max = -0.000 s, min = 9223372036.855 s, total = 0.000 s
[state-dump] 	ray::rpc::InternalPubSubGcsService.grpc_client.GcsSubscriberPoll.OnReplyReceived - 1 total (0 active), Execution time: mean = 131.932 us, total = 131.932 us, Queueing time: mean = 20.864 us, max = 20.864 us, min = 20.864 us, total = 20.864 us
[state-dump] 	ray::rpc::NodeInfoGcsService.grpc_client.CheckAlive - 1 total (0 active), Execution time: mean = 859.170 us, total = 859.170 us, Queueing time: mean = 0.000 s, max = -0.000 s, min = 9223372036.855 s, total = 0.000 s
[state-dump] 	ray::rpc::JobInfoGcsService.grpc_client.GetAllJobInfo.OnReplyReceived - 1 total (0 active), Execution time: mean = 10.704 us, total = 10.704 us, Queueing time: mean = 88.181 us, max = 88.181 us, min = 88.181 us, total = 88.181 us
[state-dump] 	ray::rpc::NodeInfoGcsService.grpc_client.RegisterNode - 1 total (0 active), Execution time: mean = 1.428 ms, total = 1.428 ms, Queueing time: mean = 0.000 s, max = -0.000 s, min = 9223372036.855 s, total = 0.000 s
[state-dump] 	NodeManager.GcsCheckAlive - 1 total (1 active), Execution time: mean = 0.000 s, total = 0.000 s, Queueing time: mean = 0.000 s, max = -0.000 s, min = 9223372036.855 s, total = 0.000 s
[state-dump] 	ray::rpc::NodeInfoGcsService.grpc_client.CheckAlive.OnReplyReceived - 1 total (0 active), Execution time: mean = 13.450 us, total = 13.450 us, Queueing time: mean = 12.665 us, max = 12.665 us, min = 12.665 us, total = 12.665 us
[state-dump] 	ray::rpc::InternalKVGcsService.grpc_client.GetInternalConfig - 1 total (0 active), Execution time: mean = 838.197 us, total = 838.197 us, Queueing time: mean = 0.000 s, max = -0.000 s, min = 9223372036.855 s, total = 0.000 s
[state-dump] 	ray::rpc::InternalKVGcsService.grpc_client.GetInternalConfig.OnReplyReceived - 1 total (0 active), Execution time: mean = 1.016 s, total = 1.016 s, Queueing time: mean = 18.593 us, max = 18.593 us, min = 18.593 us, total = 18.593 us
[state-dump] 	CoreWorkerService.grpc_client.ActorCallArgWaitComplete.OnReplyReceived - 1 total (0 active), Execution time: mean = 14.108 us, total = 14.108 us, Queueing time: mean = 133.616 us, max = 133.616 us, min = 133.616 us, total = 133.616 us
[state-dump] 	Subscriber.HandlePublishedMessage_GCS_JOB_CHANNEL - 1 total (0 active), Execution time: mean = 46.745 us, total = 46.745 us, Queueing time: mean = 148.617 us, max = 148.617 us, min = 148.617 us, total = 148.617 us
[state-dump] 	ray::rpc::JobInfoGcsService.grpc_client.GetAllJobInfo - 1 total (0 active), Execution time: mean = 436.390 us, total = 436.390 us, Queueing time: mean = 0.000 s, max = -0.000 s, min = 9223372036.855 s, total = 0.000 s
[state-dump] 	CoreWorkerService.grpc_client.ActorCallArgWaitComplete - 1 total (0 active), Execution time: mean = 794.105 us, total = 794.105 us, Queueing time: mean = 0.000 s, max = -0.000 s, min = 9223372036.855 s, total = 0.000 s
[state-dump] 	NodeManager.GCTaskFailureReason - 1 total (1 active), Execution time: mean = 0.000 s, total = 0.000 s, Queueing time: mean = 0.000 s, max = -0.000 s, min = 9223372036.855 s, total = 0.000 s
[state-dump] 	ray::rpc::NodeInfoGcsService.grpc_client.GetAllNodeInfo.OnReplyReceived - 1 total (0 active), Execution time: mean = 143.488 us, total = 143.488 us, Queueing time: mean = 10.846 us, max = 10.846 us, min = 10.846 us, total = 10.846 us
[state-dump] 	ray::rpc::JobInfoGcsService.grpc_client.AddJob - 1 total (0 active), Execution time: mean = 601.121 us, total = 601.121 us, Queueing time: mean = 0.000 s, max = -0.000 s, min = 9223372036.855 s, total = 0.000 s
[state-dump] 	ray::rpc::JobInfoGcsService.grpc_client.AddJob.OnReplyReceived - 1 total (0 active), Execution time: mean = 27.222 us, total = 27.222 us, Queueing time: mean = 139.185 us, max = 139.185 us, min = 139.185 us, total = 139.185 us
[state-dump] 	NodeManager.deadline_timer.print_event_loop_stats - 1 total (1 active, 1 running), Execution time: mean = 0.000 s, total = 0.000 s, Queueing time: mean = 0.000 s, max = -0.000 s, min = 9223372036.855 s, total = 0.000 s
[state-dump] 	ray::rpc::NodeInfoGcsService.grpc_client.RegisterNode.OnReplyReceived - 1 total (0 active), Execution time: mean = 236.439 us, total = 236.439 us, Queueing time: mean = 14.913 us, max = 14.913 us, min = 14.913 us, total = 14.913 us
[state-dump] DebugString() time ms: 1
[state-dump] 
[state-dump] 
[2025-06-26 10:53:30,181 W 2405525 2405525] (raylet) memory_monitor.cc:198: Got negative used memory for cgroup -1, setting it to zero
[2025-06-26 10:53:35,183 W 2405525 2405525] (raylet) memory_monitor.cc:198: Got negative used memory for cgroup -1, setting it to zero
[2025-06-26 10:53:40,186 W 2405525 2405525] (raylet) memory_monitor.cc:198: Got negative used memory for cgroup -1, setting it to zero
[2025-06-26 10:53:45,189 W 2405525 2405525] (raylet) memory_monitor.cc:198: Got negative used memory for cgroup -1, setting it to zero
[2025-06-26 10:53:50,192 W 2405525 2405525] (raylet) memory_monitor.cc:198: Got negative used memory for cgroup -1, setting it to zero
[2025-06-26 10:53:55,196 W 2405525 2405525] (raylet) memory_monitor.cc:198: Got negative used memory for cgroup -1, setting it to zero
[2025-06-26 10:54:00,200 W 2405525 2405525] (raylet) memory_monitor.cc:198: Got negative used memory for cgroup -1, setting it to zero
[2025-06-26 10:54:05,203 W 2405525 2405525] (raylet) memory_monitor.cc:198: Got negative used memory for cgroup -1, setting it to zero
[2025-06-26 10:54:10,206 W 2405525 2405525] (raylet) memory_monitor.cc:198: Got negative used memory for cgroup -1, setting it to zero
[2025-06-26 10:54:15,210 W 2405525 2405525] (raylet) memory_monitor.cc:198: Got negative used memory for cgroup -1, setting it to zero
[2025-06-26 10:54:20,213 W 2405525 2405525] (raylet) memory_monitor.cc:198: Got negative used memory for cgroup -1, setting it to zero
[2025-06-26 10:54:25,217 W 2405525 2405525] (raylet) memory_monitor.cc:198: Got negative used memory for cgroup -1, setting it to zero
[2025-06-26 10:54:29,040 I 2405525 2405556] (raylet) store.cc:576: Plasma store debug dump: 
Current usage: 0.00865893 / 68.7195 GB
- num bytes created total: 8659708
0 pending objects of total size 0MB
- objects spillable: 0
- bytes spillable: 0
- objects unsealed: 0
- bytes unsealed: 0
- objects in use: 3
- bytes in use: 8658932
- objects evictable: 0
- bytes evictable: 0

- objects created by worker: 3
- bytes created by worker: 8658932
- objects restored: 0
- bytes restored: 0
- objects received: 0
- bytes received: 0
- objects errored: 0
- bytes errored: 0

[2025-06-26 10:54:30,059 I 2405525 2405525] (raylet) node_manager.cc:450: [state-dump] NodeManager:
[state-dump] Node ID: 9cddd56835bc50e7b8bf4b60ca4178677424c581d44fa8e750096ba6
[state-dump] Node name: 192.168.10.101
[state-dump] InitialConfigResources: {memory: 1.72526e+11, node:__internal_head__: 1, accelerator_type:G: 1, node:192.168.10.101: 1, CPU: 96, GPU: 8, object_store_memory: 6.87195e+10}
[state-dump] ClusterTaskManager:
[state-dump] ========== Node: 9cddd56835bc50e7b8bf4b60ca4178677424c581d44fa8e750096ba6 =================
[state-dump] Infeasible queue length: 0
[state-dump] Schedule queue length: 0
[state-dump] Dispatch queue length: 0
[state-dump] num_waiting_for_resource: 0
[state-dump] num_waiting_for_plasma_memory: 0
[state-dump] num_waiting_for_remote_node_resources: 0
[state-dump] num_worker_not_started_by_job_config_not_exist: 0
[state-dump] num_worker_not_started_by_registration_timeout: 0
[state-dump] num_tasks_waiting_for_workers: 0
[state-dump] num_cancelled_tasks: 0
[state-dump] cluster_resource_scheduler state: 
[state-dump] Local id: 3411307670264124473 Local resources: {"total":{node:__internal_head__: [10000], CPU: [960000], memory: [1725264117760000], GPU: [10000, 10000, 10000, 10000, 10000, 10000, 10000, 10000], node:192.168.10.101: [10000], accelerator_type:G: [10000], object_store_memory: [687194767360000]}}, "available": {node:192.168.10.101: [10000], accelerator_type:G: [10000], object_store_memory: [687108178040000], memory: [1725264117760000], node:__internal_head__: [10000], CPU: [880000], GPU: [0, 0, 0, 0, 0, 0, 0, 0]}}, "labels":{"ray.io/node_id":"9cddd56835bc50e7b8bf4b60ca4178677424c581d44fa8e750096ba6",} is_draining: 0 is_idle: 0 Cluster resources (at most 20 nodes are shown): node id: 3411307670264124473{"total":{GPU: 80000, node:192.168.10.101: 10000, memory: 1725264117760000, accelerator_type:G: 10000, object_store_memory: 687194767360000, node:__internal_head__: 10000, CPU: 960000}}, "available": {object_store_memory: 687108178040000, node:__internal_head__: 10000, CPU: 880000, accelerator_type:G: 10000, node:192.168.10.101: 10000, memory: 1725264117760000}}, "labels":{"ray.io/node_id":"9cddd56835bc50e7b8bf4b60ca4178677424c581d44fa8e750096ba6",}, "is_draining": 0, "draining_deadline_timestamp_ms": -1} { "placement group locations": [], "node to bundles": []}
[state-dump] Waiting tasks size: 0
[state-dump] Number of executing tasks: 0
[state-dump] Number of pinned task arguments: 0
[state-dump] Number of total spilled tasks: 0
[state-dump] Number of spilled waiting tasks: 0
[state-dump] Number of spilled unschedulable tasks: 0
[state-dump] Resource usage {
[state-dump]     - (language=PYTHON actor_or_task=XDiTWorker.__init__ pid=2405698 worker_id=b20a2537e839f802ebb3b59781e9f268bac5373541ddb677cf4333f6): {GPU: 1, CPU: 1}
[state-dump]     - (language=PYTHON actor_or_task=XDiTWorker.__init__ pid=2405683 worker_id=cc0dc8f28891c61eec40554734125e1b29aa54614b035ba6394902fc): {GPU: 1, CPU: 1}
[state-dump]     - (language=PYTHON actor_or_task=XDiTWorker.__init__ pid=2405682 worker_id=ec229b649d29c8efd3edd7ad43ef7fde3d861d92d2a30623eb0b1200): {GPU: 1, CPU: 1}
[state-dump]     - (language=PYTHON actor_or_task=XDiTWorker.__init__ pid=2405689 worker_id=da79032e9f3fab10dbf19269fcac192138d66785daf2a246aaafb23d): {GPU: 1, CPU: 1}
[state-dump]     - (language=PYTHON actor_or_task=XDiTWorker.__init__ pid=2405690 worker_id=40606cecddaa3f9c2ed7c2dceb5a843d045c816ef7a4cd5a2e5c23c4): {GPU: 1, CPU: 1}
[state-dump]     - (language=PYTHON actor_or_task=XDiTWorker.__init__ pid=2405687 worker_id=1b66525b22a17ad3db23af1bbc7b574bf99f044c069158fead597eae): {CPU: 1, GPU: 1}
[state-dump]     - (language=PYTHON actor_or_task=XDiTWorker.__init__ pid=2405691 worker_id=edbf31dd4e63214970b27319cd023b8700e2606f1a2b84de6e3a8889): {CPU: 1, GPU: 1}
[state-dump]     - (language=PYTHON actor_or_task=XDiTWorker.__init__ pid=2405695 worker_id=3cb775318167b536de7a300b573ac0b8a748f46feef247cbec3e97e5): {GPU: 1, CPU: 1}
[state-dump] }
[state-dump] Backlog Size per scheduling descriptor :{workerId: num backlogs}:
[state-dump] 
[state-dump] Running tasks by scheduling class:
[state-dump] ==================================================
[state-dump] 
[state-dump] ClusterResources:
[state-dump] LocalObjectManager:
[state-dump] - num pinned objects: 3
[state-dump] - pinned objects size: 8658932
[state-dump] - num objects pending restore: 0
[state-dump] - num objects pending spill: 0
[state-dump] - num bytes pending spill: 0
[state-dump] - num bytes currently spilled: 0
[state-dump] - cumulative spill requests: 0
[state-dump] - cumulative restore requests: 0
[state-dump] - spilled objects pending delete: 0
[state-dump] 
[state-dump] ObjectManager:
[state-dump] - num local objects: 3
[state-dump] - num unfulfilled push requests: 0
[state-dump] - num object pull requests: 0
[state-dump] - num chunks received total: 0
[state-dump] - num chunks received failed (all): 0
[state-dump] - num chunks received failed / cancelled: 0
[state-dump] - num chunks received failed / plasma error: 0
[state-dump] Event stats:
[state-dump] Global stats: 0 total (0 active)
[state-dump] Queueing time: mean = -nan s, max = -0.000 s, min = 9223372036.855 s, total = 0.000 s
[state-dump] Execution time:  mean = -nan s, total = 0.000 s
[state-dump] Event stats:
[state-dump] PushManager:
[state-dump] - num pushes in flight: 0
[state-dump] - num chunks in flight: 0
[state-dump] - num chunks remaining: 0
[state-dump] - max chunks allowed: 409
[state-dump] OwnershipBasedObjectDirectory:
[state-dump] - num listeners: 0
[state-dump] - cumulative location updates: 0
[state-dump] - num location updates per second: 0.000
[state-dump] - num location lookups per second: 0.000
[state-dump] - num locations added per second: 0.000
[state-dump] - num locations removed per second: 0.000
[state-dump] BufferPool:
[state-dump] - create buffer state map size: 0
[state-dump] PullManager:
[state-dump] - num bytes available for pulled objects: 68710817804
[state-dump] - num bytes being pulled (all): 0
[state-dump] - num bytes being pulled / pinned: 0
[state-dump] - get request bundles: BundlePullRequestQueue{0 total, 0 active, 0 inactive, 0 unpullable}
[state-dump] - wait request bundles: BundlePullRequestQueue{0 total, 0 active, 0 inactive, 0 unpullable}
[state-dump] - task request bundles: BundlePullRequestQueue{0 total, 0 active, 0 inactive, 0 unpullable}
[state-dump] - first get request bundle: N/A
[state-dump] - first wait request bundle: N/A
[state-dump] - first task request bundle: N/A
[state-dump] - num objects queued: 0
[state-dump] - num objects actively pulled (all): 0
[state-dump] - num objects actively pulled / pinned: 0
[state-dump] - num bundles being pulled: 0
[state-dump] - num pull retries: 0
[state-dump] - max timeout seconds: 0
[state-dump] - max timeout request is already processed. No entry.
[state-dump] 
[state-dump] WorkerPool:
[state-dump] - registered jobs: 1
[state-dump] - process_failed_job_config_missing: 0
[state-dump] - process_failed_rate_limited: 0
[state-dump] - process_failed_pending_registration: 0
[state-dump] - process_failed_runtime_env_setup_failed: 0
[state-dump] - num PYTHON workers: 96
[state-dump] - num PYTHON drivers: 1
[state-dump] - num PYTHON pending start requests: 0
[state-dump] - num PYTHON pending registration requests: 0
[state-dump] - num object spill callbacks queued: 0
[state-dump] - num object restore queued: 0
[state-dump] - num util functions queued: 0
[state-dump] - num JAVA workers: 0
[state-dump] - num JAVA drivers: 0
[state-dump] - num JAVA pending start requests: 0
[state-dump] - num JAVA pending registration requests: 0
[state-dump] - num object spill callbacks queued: 0
[state-dump] - num object restore queued: 0
[state-dump] - num util functions queued: 0
[state-dump] - num idle workers: 88
[state-dump] TaskDependencyManager:
[state-dump] - task deps map size: 0
[state-dump] - get req map size: 0
[state-dump] - wait req map size: 0
[state-dump] - local objects map size: 3
[state-dump] WaitManager:
[state-dump] - num active wait requests: 0
[state-dump] Subscriber:
[state-dump] Channel WORKER_OBJECT_LOCATIONS_CHANNEL
[state-dump] - cumulative subscribe requests: 3
[state-dump] - cumulative unsubscribe requests: 3
[state-dump] - active subscribed publishers: 0
[state-dump] - cumulative published messages: 0
[state-dump] - cumulative processed messages: 0
[state-dump] Channel WORKER_OBJECT_EVICTION
[state-dump] - cumulative subscribe requests: 3
[state-dump] - cumulative unsubscribe requests: 0
[state-dump] - active subscribed publishers: 1
[state-dump] - cumulative published messages: 0
[state-dump] - cumulative processed messages: 0
[state-dump] Channel WORKER_REF_REMOVED_CHANNEL
[state-dump] - cumulative subscribe requests: 0
[state-dump] - cumulative unsubscribe requests: 0
[state-dump] - active subscribed publishers: 0
[state-dump] - cumulative published messages: 0
[state-dump] - cumulative processed messages: 0
[state-dump] num async plasma notifications: 0
[state-dump] Event stats:
[state-dump] Global stats: 30139 total (113 active)
[state-dump] Queueing time: mean = 11.391 ms, max = 32.895 s, min = -0.000 s, total = 343.320 s
[state-dump] Execution time:  mean = 159.168 us, total = 4.797 s
[state-dump] Event stats:
[state-dump] 	NodeManagerService.grpc_server.ReportWorkerBacklog - 11640 total (0 active), Execution time: mean = 169.399 us, total = 1.972 s, Queueing time: mean = 0.000 s, max = -0.000 s, min = 9223372036.855 s, total = 0.000 s
[state-dump] 	NodeManagerService.grpc_server.ReportWorkerBacklog.HandleRequestImpl - 11640 total (0 active), Execution time: mean = 15.897 us, total = 185.038 ms, Queueing time: mean = 27.934 us, max = 2.466 ms, min = 1.672 us, total = 325.149 ms
[state-dump] 	NodeManager.CheckGC - 1198 total (1 active), Execution time: mean = 1.511 us, total = 1.810 ms, Queueing time: mean = 237.959 us, max = 231.391 ms, min = 4.066 us, total = 285.075 ms
[state-dump] 	ObjectManager.UpdateAvailableMemory - 1198 total (0 active), Execution time: mean = 2.037 us, total = 2.440 ms, Queueing time: mean = 29.348 us, max = 3.822 ms, min = 2.235 us, total = 35.159 ms
[state-dump] 	RaySyncer.OnDemandBroadcasting - 1198 total (1 active), Execution time: mean = 5.159 us, total = 6.181 ms, Queueing time: mean = 234.535 us, max = 231.371 ms, min = 6.457 us, total = 280.973 ms
[state-dump] 	RayletWorkerPool.deadline_timer.kill_idle_workers - 600 total (1 active), Execution time: mean = 12.521 us, total = 7.513 ms, Queueing time: mean = 261.444 us, max = 135.694 ms, min = -0.000 s, total = 156.867 ms
[state-dump] 	MemoryMonitor.CheckIsMemoryUsageAboveThreshold - 480 total (1 active), Execution time: mean = 140.037 us, total = 67.218 ms, Queueing time: mean = 209.154 us, max = 85.720 ms, min = 7.719 us, total = 100.394 ms
[state-dump] 	ClientConnection.async_read.ProcessMessageHeader - 439 total (97 active), Execution time: mean = 3.774 us, total = 1.657 ms, Queueing time: mean = 778.730 ms, max = 32.895 s, min = 10.043 us, total = 341.863 s
[state-dump] 	ClientConnection.async_read.ProcessMessage - 342 total (0 active), Execution time: mean = 1.015 ms, total = 347.241 ms, Queueing time: mean = 8.708 us, max = 229.494 us, min = 1.957 us, total = 2.978 ms
[state-dump] 	NodeManager.ScheduleAndDispatchTasks - 120 total (1 active), Execution time: mean = 8.676 us, total = 1.041 ms, Queueing time: mean = 32.746 us, max = 137.065 us, min = 7.104 us, total = 3.930 ms
[state-dump] 	NodeManagerService.grpc_server.GetResourceLoad.HandleRequestImpl - 120 total (0 active), Execution time: mean = 66.946 us, total = 8.034 ms, Queueing time: mean = 1.399 ms, max = 163.517 ms, min = 16.459 us, total = 167.874 ms
[state-dump] 	NodeManager.CheckForUnexpectedWorkerDisconnects - 120 total (1 active), Execution time: mean = 83.618 us, total = 10.034 ms, Queueing time: mean = 28.500 us, max = 66.026 us, min = 6.150 us, total = 3.420 ms
[state-dump] 	NodeManagerService.grpc_server.GetResourceLoad - 120 total (0 active), Execution time: mean = 1.681 ms, total = 201.692 ms, Queueing time: mean = 0.000 s, max = -0.000 s, min = 9223372036.855 s, total = 0.000 s
[state-dump] 	NodeManager.deadline_timer.flush_free_objects - 120 total (1 active), Execution time: mean = 3.864 us, total = 463.696 us, Queueing time: mean = 101.487 us, max = 1.432 ms, min = 7.960 us, total = 12.178 ms
[state-dump] 	NodeManager.deadline_timer.spill_objects_when_over_threshold - 120 total (1 active), Execution time: mean = 2.067 us, total = 248.056 us, Queueing time: mean = 103.215 us, max = 1.431 ms, min = 5.648 us, total = 12.386 ms
[state-dump] 	ObjectManager.ObjectAdded - 100 total (0 active), Execution time: mean = 15.007 us, total = 1.501 ms, Queueing time: mean = 48.484 us, max = 1.644 ms, min = 4.424 us, total = 4.848 ms
[state-dump] 	ClientConnection.async_write.DoAsyncWrites - 98 total (0 active), Execution time: mean = 852.173 ns, total = 83.513 us, Queueing time: mean = 26.758 us, max = 502.935 us, min = 8.529 us, total = 2.622 ms
[state-dump] 	NodeManagerService.grpc_server.GetSystemConfig - 97 total (0 active), Execution time: mean = 367.092 us, total = 35.608 ms, Queueing time: mean = 0.000 s, max = -0.000 s, min = 9223372036.855 s, total = 0.000 s
[state-dump] 	ObjectManager.ObjectDeleted - 97 total (0 active), Execution time: mean = 11.697 us, total = 1.135 ms, Queueing time: mean = 65.010 us, max = 2.186 ms, min = 12.419 us, total = 6.306 ms
[state-dump] 	NodeManagerService.grpc_server.GetSystemConfig.HandleRequestImpl - 97 total (0 active), Execution time: mean = 36.231 us, total = 3.514 ms, Queueing time: mean = 34.554 us, max = 564.937 us, min = 5.579 us, total = 3.352 ms
[state-dump] 	ClusterResourceManager.ResetRemoteNodeView - 41 total (1 active), Execution time: mean = 4.372 us, total = 179.259 us, Queueing time: mean = 30.094 us, max = 75.648 us, min = 8.544 us, total = 1.234 ms
[state-dump] 	NodeManager.deadline_timer.record_metrics - 24 total (1 active), Execution time: mean = 340.832 us, total = 8.180 ms, Queueing time: mean = 175.658 us, max = 1.232 ms, min = 13.457 us, total = 4.216 ms
[state-dump] 	PeriodicalRunner.RunFnPeriodically - 14 total (0 active), Execution time: mean = 153.584 us, total = 2.150 ms, Queueing time: mean = 3.099 ms, max = 8.589 ms, min = 25.401 us, total = 43.381 ms
[state-dump] 	NodeManager.deadline_timer.debug_state_dump - 12 total (1 active), Execution time: mean = 994.571 us, total = 11.935 ms, Queueing time: mean = 36.139 us, max = 89.813 us, min = 12.542 us, total = 433.670 us
[state-dump] 	 - 10 total (0 active), Execution time: mean = 581.800 ns, total = 5.818 us, Queueing time: mean = 29.658 us, max = 53.299 us, min = 18.746 us, total = 296.581 us
[state-dump] 	RaySyncer.BroadcastMessage - 10 total (0 active), Execution time: mean = 100.228 us, total = 1.002 ms, Queueing time: mean = 217.200 ns, max = 447.000 ns, min = 112.000 ns, total = 2.172 us
[state-dump] 	NodeManagerService.grpc_server.RequestWorkerLease - 8 total (0 active), Execution time: mean = 278.578 us, total = 2.229 ms, Queueing time: mean = 0.000 s, max = -0.000 s, min = 9223372036.855 s, total = 0.000 s
[state-dump] 	NodeManagerService.grpc_server.RequestWorkerLease.HandleRequestImpl - 8 total (0 active), Execution time: mean = 95.809 us, total = 766.474 us, Queueing time: mean = 25.404 us, max = 32.786 us, min = 19.459 us, total = 203.231 us
[state-dump] 	WorkerPool.PopWorkerCallback - 8 total (0 active), Execution time: mean = 19.549 us, total = 156.393 us, Queueing time: mean = 6.215 us, max = 13.642 us, min = 4.647 us, total = 49.724 us
[state-dump] 	CoreWorkerService.grpc_client.PubsubCommandBatch - 5 total (0 active), Execution time: mean = 798.001 us, total = 3.990 ms, Queueing time: mean = 0.000 s, max = -0.000 s, min = 9223372036.855 s, total = 0.000 s
[state-dump] 	CoreWorkerService.grpc_client.PubsubCommandBatch.OnReplyReceived - 5 total (0 active), Execution time: mean = 46.575 us, total = 232.873 us, Queueing time: mean = 15.492 us, max = 26.375 us, min = 11.357 us, total = 77.458 us
[state-dump] 	CoreWorkerService.grpc_client.PubsubLongPolling - 4 total (1 active), Execution time: mean = 2.245 ms, total = 8.979 ms, Queueing time: mean = 0.000 s, max = -0.000 s, min = 9223372036.855 s, total = 0.000 s
[state-dump] 	CoreWorkerService.grpc_client.UpdateObjectLocationBatch - 3 total (0 active), Execution time: mean = 1.138 ms, total = 3.415 ms, Queueing time: mean = 0.000 s, max = -0.000 s, min = 9223372036.855 s, total = 0.000 s
[state-dump] 	CoreWorkerService.grpc_client.PubsubLongPolling.OnReplyReceived - 3 total (0 active), Execution time: mean = 88.102 us, total = 264.307 us, Queueing time: mean = 48.098 us, max = 115.394 us, min = 11.675 us, total = 144.295 us
[state-dump] 	NodeManagerService.grpc_server.PinObjectIDs - 3 total (0 active), Execution time: mean = 433.438 us, total = 1.300 ms, Queueing time: mean = 0.000 s, max = -0.000 s, min = 9223372036.855 s, total = 0.000 s
[state-dump] 	CoreWorkerService.grpc_client.UpdateObjectLocationBatch.OnReplyReceived - 3 total (0 active), Execution time: mean = 14.651 us, total = 43.952 us, Queueing time: mean = 22.106 us, max = 34.804 us, min = 13.021 us, total = 66.319 us
[state-dump] 	NodeManagerService.grpc_server.PinObjectIDs.HandleRequestImpl - 3 total (0 active), Execution time: mean = 199.862 us, total = 599.586 us, Queueing time: mean = 104.688 us, max = 278.390 us, min = 17.758 us, total = 314.063 us
[state-dump] 	ray::rpc::InternalPubSubGcsService.grpc_client.GcsSubscriberCommandBatch.OnReplyReceived - 2 total (0 active), Execution time: mean = 101.686 us, total = 203.373 us, Queueing time: mean = 750.697 us, max = 1.480 ms, min = 21.311 us, total = 1.501 ms
[state-dump] 	ray::rpc::NodeInfoGcsService.grpc_client.CheckAlive - 2 total (0 active), Execution time: mean = 850.159 us, total = 1.700 ms, Queueing time: mean = 0.000 s, max = -0.000 s, min = 9223372036.855 s, total = 0.000 s
[state-dump] 	NodeManager.GcsCheckAlive - 2 total (1 active), Execution time: mean = 63.176 us, total = 126.352 us, Queueing time: mean = 462.701 us, max = 925.402 us, min = 925.402 us, total = 925.402 us
[state-dump] 	ray::rpc::NodeInfoGcsService.grpc_client.CheckAlive.OnReplyReceived - 2 total (0 active), Execution time: mean = 17.708 us, total = 35.416 us, Queueing time: mean = 20.954 us, max = 29.243 us, min = 12.665 us, total = 41.908 us
[state-dump] 	ray::rpc::InternalPubSubGcsService.grpc_client.GcsSubscriberCommandBatch - 2 total (0 active), Execution time: mean = 551.977 us, total = 1.104 ms, Queueing time: mean = 0.000 s, max = -0.000 s, min = 9223372036.855 s, total = 0.000 s
[state-dump] 	NodeManager.deadline_timer.print_event_loop_stats - 2 total (1 active, 1 running), Execution time: mean = 503.906 us, total = 1.008 ms, Queueing time: mean = 6.835 us, max = 13.669 us, min = 13.669 us, total = 13.669 us
[state-dump] 	RaySyncerRegister - 2 total (0 active), Execution time: mean = 1.478 us, total = 2.956 us, Queueing time: mean = 130.500 ns, max = 215.000 ns, min = 46.000 ns, total = 261.000 ns
[state-dump] 	ray::rpc::InternalPubSubGcsService.grpc_client.GcsSubscriberPoll - 2 total (1 active), Execution time: mean = 435.737 ms, total = 871.474 ms, Queueing time: mean = 0.000 s, max = -0.000 s, min = 9223372036.855 s, total = 0.000 s
[state-dump] 	ray::rpc::InternalKVGcsService.grpc_client.GetInternalConfig - 1 total (0 active), Execution time: mean = 838.197 us, total = 838.197 us, Queueing time: mean = 0.000 s, max = -0.000 s, min = 9223372036.855 s, total = 0.000 s
[state-dump] 	ray::rpc::NodeInfoGcsService.grpc_client.GetAllNodeInfo - 1 total (0 active), Execution time: mean = 794.982 us, total = 794.982 us, Queueing time: mean = 0.000 s, max = -0.000 s, min = 9223372036.855 s, total = 0.000 s
[state-dump] 	NodeManager.GCTaskFailureReason - 1 total (1 active), Execution time: mean = 0.000 s, total = 0.000 s, Queueing time: mean = 0.000 s, max = -0.000 s, min = 9223372036.855 s, total = 0.000 s
[state-dump] 	CoreWorkerService.grpc_client.ActorCallArgWaitComplete.OnReplyReceived - 1 total (0 active), Execution time: mean = 14.108 us, total = 14.108 us, Queueing time: mean = 133.616 us, max = 133.616 us, min = 133.616 us, total = 133.616 us
[state-dump] 	CoreWorkerService.grpc_client.ActorCallArgWaitComplete - 1 total (0 active), Execution time: mean = 794.105 us, total = 794.105 us, Queueing time: mean = 0.000 s, max = -0.000 s, min = 9223372036.855 s, total = 0.000 s
[state-dump] 	ray::rpc::InternalKVGcsService.grpc_client.GetInternalConfig.OnReplyReceived - 1 total (0 active), Execution time: mean = 1.016 s, total = 1.016 s, Queueing time: mean = 18.593 us, max = 18.593 us, min = 18.593 us, total = 18.593 us
[state-dump] 	ray::rpc::JobInfoGcsService.grpc_client.AddJob - 1 total (0 active), Execution time: mean = 601.121 us, total = 601.121 us, Queueing time: mean = 0.000 s, max = -0.000 s, min = 9223372036.855 s, total = 0.000 s
[state-dump] 	ray::rpc::JobInfoGcsService.grpc_client.AddJob.OnReplyReceived - 1 total (0 active), Execution time: mean = 27.222 us, total = 27.222 us, Queueing time: mean = 139.185 us, max = 139.185 us, min = 139.185 us, total = 139.185 us
[state-dump] 	ray::rpc::JobInfoGcsService.grpc_client.GetAllJobInfo.OnReplyReceived - 1 total (0 active), Execution time: mean = 10.704 us, total = 10.704 us, Queueing time: mean = 88.181 us, max = 88.181 us, min = 88.181 us, total = 88.181 us
[state-dump] 	ray::rpc::InternalPubSubGcsService.grpc_client.GcsSubscriberPoll.OnReplyReceived - 1 total (0 active), Execution time: mean = 131.932 us, total = 131.932 us, Queueing time: mean = 20.864 us, max = 20.864 us, min = 20.864 us, total = 20.864 us
[state-dump] 	Subscriber.HandlePublishedMessage_GCS_JOB_CHANNEL - 1 total (0 active), Execution time: mean = 46.745 us, total = 46.745 us, Queueing time: mean = 148.617 us, max = 148.617 us, min = 148.617 us, total = 148.617 us
[state-dump] 	ray::rpc::NodeInfoGcsService.grpc_client.RegisterNode - 1 total (0 active), Execution time: mean = 1.428 ms, total = 1.428 ms, Queueing time: mean = 0.000 s, max = -0.000 s, min = 9223372036.855 s, total = 0.000 s
[state-dump] 	ray::rpc::JobInfoGcsService.grpc_client.GetAllJobInfo - 1 total (0 active), Execution time: mean = 436.390 us, total = 436.390 us, Queueing time: mean = 0.000 s, max = -0.000 s, min = 9223372036.855 s, total = 0.000 s
[state-dump] 	ray::rpc::NodeInfoGcsService.grpc_client.RegisterNode.OnReplyReceived - 1 total (0 active), Execution time: mean = 236.439 us, total = 236.439 us, Queueing time: mean = 14.913 us, max = 14.913 us, min = 14.913 us, total = 14.913 us
[state-dump] 	ray::rpc::NodeInfoGcsService.grpc_client.GetAllNodeInfo.OnReplyReceived - 1 total (0 active), Execution time: mean = 143.488 us, total = 143.488 us, Queueing time: mean = 10.846 us, max = 10.846 us, min = 10.846 us, total = 10.846 us
[state-dump] DebugString() time ms: 1
[state-dump] 
[state-dump] 
[2025-06-26 10:54:30,221 W 2405525 2405525] (raylet) memory_monitor.cc:198: Got negative used memory for cgroup -1, setting it to zero
[2025-06-26 10:54:35,224 W 2405525 2405525] (raylet) memory_monitor.cc:198: Got negative used memory for cgroup -1, setting it to zero
[2025-06-26 10:54:40,228 W 2405525 2405525] (raylet) memory_monitor.cc:198: Got negative used memory for cgroup -1, setting it to zero
[2025-06-26 10:54:45,231 W 2405525 2405525] (raylet) memory_monitor.cc:198: Got negative used memory for cgroup -1, setting it to zero
[2025-06-26 10:54:50,234 W 2405525 2405525] (raylet) memory_monitor.cc:198: Got negative used memory for cgroup -1, setting it to zero
[2025-06-26 10:54:55,239 W 2405525 2405525] (raylet) memory_monitor.cc:198: Got negative used memory for cgroup -1, setting it to zero
[2025-06-26 10:55:00,242 W 2405525 2405525] (raylet) memory_monitor.cc:198: Got negative used memory for cgroup -1, setting it to zero
[2025-06-26 10:55:05,246 W 2405525 2405525] (raylet) memory_monitor.cc:198: Got negative used memory for cgroup -1, setting it to zero
[2025-06-26 10:55:10,249 W 2405525 2405525] (raylet) memory_monitor.cc:198: Got negative used memory for cgroup -1, setting it to zero
[2025-06-26 10:55:15,253 W 2405525 2405525] (raylet) memory_monitor.cc:198: Got negative used memory for cgroup -1, setting it to zero
