[2025-06-26 10:02:25,611 I 2257382 2257382] (gcs_server) gcs_server_main.cc:91: Ray cluster metadata ray_version=2.47.1 ray_commit=61d3f2f1aa33563faa398105f4abda88cb39440b
[2025-06-26 10:02:25,611 I 2257382 2257382] (gcs_server) io_service_pool.cc:36: IOServicePool is running with 1 io_service.
[2025-06-26 10:02:25,616 I 2257382 2257382] (gcs_server) event.cc:500: Ray Event initialized for GCS
[2025-06-26 10:02:25,616 I 2257382 2257382] (gcs_server) event.cc:500: Ray Event initialized for EXPORT_NODE
[2025-06-26 10:02:25,616 I 2257382 2257382] (gcs_server) event.cc:500: Ray Event initialized for EXPORT_ACTOR
[2025-06-26 10:02:25,616 I 2257382 2257382] (gcs_server) event.cc:500: Ray Event initialized for EXPORT_DRIVER_JOB
[2025-06-26 10:02:25,616 I 2257382 2257382] (gcs_server) event.cc:331: Set ray event level to warning
[2025-06-26 10:02:25,618 I 2257382 2257382] (gcs_server) gcs_server.cc:77: GCS storage type is StorageType::IN_MEMORY
[2025-06-26 10:02:25,618 I 2257382 2257382] (gcs_server) gcs_init_data.cc:46: Loading job table data.
[2025-06-26 10:02:25,618 I 2257382 2257382] (gcs_server) gcs_init_data.cc:56: Loading node table data.
[2025-06-26 10:02:25,618 I 2257382 2257382] (gcs_server) gcs_init_data.cc:78: Loading actor table data.
[2025-06-26 10:02:25,618 I 2257382 2257382] (gcs_server) gcs_init_data.cc:89: Loading actor task spec table data.
[2025-06-26 10:02:25,618 I 2257382 2257382] (gcs_server) gcs_init_data.cc:66: Loading placement group table data.
[2025-06-26 10:02:25,618 I 2257382 2257382] (gcs_server) gcs_init_data.cc:50: Finished loading job table data, size = 0
[2025-06-26 10:02:25,618 I 2257382 2257382] (gcs_server) gcs_init_data.cc:60: Finished loading node table data, size = 0
[2025-06-26 10:02:25,618 I 2257382 2257382] (gcs_server) gcs_init_data.cc:83: Finished loading actor table data, size = 0
[2025-06-26 10:02:25,618 I 2257382 2257382] (gcs_server) gcs_init_data.cc:94: Finished loading actor task spec table data, size = 0
[2025-06-26 10:02:25,618 I 2257382 2257382] (gcs_server) gcs_init_data.cc:72: Finished loading placement group table data, size = 0
[2025-06-26 10:02:25,618 I 2257382 2257382] (gcs_server) gcs_server.cc:161: No existing server cluster ID found. Generating new ID: 6a8add54f8faea03b1f3bbd89af4a06e875db79a18b4201128f8889a
[2025-06-26 10:02:25,619 I 2257382 2257382] (gcs_server) gcs_server.cc:673: Autoscaler V2 enabled: 0
[2025-06-26 10:02:25,621 I 2257382 2257382] (gcs_server) grpc_server.cc:141: GcsServer server started, listening on port 48065.
[2025-06-26 10:02:25,999 I 2257382 2257382] (gcs_server) gcs_server.cc:249: Gcs Debug state:

GcsNodeManager: 
- RegisterNode request count: 0
- DrainNode request count: 0
- GetAllNodeInfo request count: 0

GcsActorManager: 
- RegisterActor request count: 0
- CreateActor request count: 0
- GetActorInfo request count: 0
- GetNamedActorInfo request count: 0
- GetAllActorInfo request count: 0
- KillActor request count: 0
- ListNamedActors request count: 0
- Registered actors count: 0
- Destroyed actors count: 0
- Named actors count: 0
- Unresolved actors count: 0
- Pending actors count: 0
- Created actors count: 0
- owners_: 0
- actor_to_register_callbacks_: 0
- actor_to_restart_for_lineage_reconstruction_callbacks_: 0
- actor_to_create_callbacks_: 0
- sorted_destroyed_actor_list_: 0

GcsResourceManager: 
- GetAllAvailableResources request count: 0
- GetAllTotalResources request count: 0
- GetAllResourceUsage request count: 0

GcsPlacementGroupManager: 
- CreatePlacementGroup request count: 0
- RemovePlacementGroup request count: 0
- GetPlacementGroup request count: 0
- GetAllPlacementGroup request count: 0
- WaitPlacementGroupUntilReady request count: 0
- GetNamedPlacementGroup request count: 0
- Scheduling pending placement group count: 0
- Registered placement groups count: 0
- Named placement group count: 0
- Pending placement groups count: 0
- Infeasible placement groups count: 0

Publisher:

[runtime env manager] ID to URIs table:
[runtime env manager] URIs reference table:

GcsTaskManager: 
-Total num task events reported: 0
-Total num status task events dropped: 0
-Total num profile events dropped: 0
-Current num of task events stored: 0
-Total num of actor creation tasks: 0
-Total num of actor tasks: 0
-Total num of normal tasks: 0
-Total num of driver tasks: 0

GcsAutoscalerStateManager: 
- last_seen_autoscaler_state_version_: 0
- last_cluster_resource_state_version_: 0
- pending demands:



[2025-06-26 10:02:25,999 I 2257382 2257382] (gcs_server) gcs_server.cc:870: Main service Event stats:


Global stats: 27 total (5 active)
Queueing time: mean = 126.086 ms, max = 377.700 ms, min = 85.000 ns, total = 3.404 s
Execution time:  mean = 28.068 ms, total = 757.843 ms
Event stats:
	GcsInMemoryStore.Put - 9 total (0 active), Execution time: mean = 41.969 ms, total = 377.719 ms, Queueing time: mean = 293.391 ms, max = 377.377 ms, min = 1.818 us, total = 2.641 s
	GcsInMemoryStore.GetAll - 5 total (0 active), Execution time: mean = 8.097 us, total = 40.487 us, Queueing time: mean = 30.946 us, max = 36.367 us, min = 26.948 us, total = 154.728 us
	PeriodicalRunner.RunFnPeriodically - 4 total (2 active, 1 running), Execution time: mean = 2.143 us, total = 8.574 us, Queueing time: mean = 188.831 ms, max = 377.700 ms, min = 377.626 ms, total = 755.325 ms
	event_loop_lag_probe - 2 total (0 active), Execution time: mean = 5.432 us, total = 10.864 us, Queueing time: mean = 3.728 ms, max = 7.403 ms, min = 53.340 us, total = 7.457 ms
	RayletLoadPulled - 1 total (1 active), Execution time: mean = 0.000 s, total = 0.000 s, Queueing time: mean = 0.000 s, max = -0.000 s, min = 9223372036.855 s, total = 0.000 s
	GcsServer.GetOrGenerateClusterId.continuation - 1 total (0 active), Execution time: mean = 377.701 ms, total = 377.701 ms, Queueing time: mean = 85.000 ns, max = 85.000 ns, min = 85.000 ns, total = 85.000 ns
	GcsInitData::AsyncLoad - 1 total (0 active), Execution time: mean = 9.984 us, total = 9.984 us, Queueing time: mean = 145.000 ns, max = 145.000 ns, min = 145.000 ns, total = 145.000 ns
	GcsInMemoryStore.Get - 1 total (0 active), Execution time: mean = 10.587 us, total = 10.587 us, Queueing time: mean = 13.185 us, max = 13.185 us, min = 13.185 us, total = 13.185 us
	NodeInfoGcsService.grpc_server.GetClusterId - 1 total (1 active), Execution time: mean = 0.000 s, total = 0.000 s, Queueing time: mean = 0.000 s, max = -0.000 s, min = 9223372036.855 s, total = 0.000 s
	ClusterResourceManager.ResetRemoteNodeView - 1 total (1 active), Execution time: mean = 0.000 s, total = 0.000 s, Queueing time: mean = 0.000 s, max = -0.000 s, min = 9223372036.855 s, total = 0.000 s
	NodeInfoGcsService.grpc_server.GetClusterId.HandleRequestImpl - 1 total (0 active), Execution time: mean = 2.343 ms, total = 2.343 ms, Queueing time: mean = 853.343 us, max = 853.343 us, min = 853.343 us, total = 853.343 us


[2025-06-26 10:02:25,999 I 2257382 2257382] (gcs_server) gcs_server.cc:874: task_io_context Event stats:


Global stats: 5 total (1 active)
Queueing time: mean = 63.735 us, max = 249.985 us, min = 3.818 us, total = 318.676 us
Execution time:  mean = 43.447 us, total = 217.236 us
Event stats:
	event_loop_lag_probe - 3 total (0 active), Execution time: mean = 70.285 us, total = 210.855 us, Queueing time: mean = 99.013 us, max = 249.985 us, min = 3.818 us, total = 297.038 us
	PeriodicalRunner.RunFnPeriodically - 1 total (0 active), Execution time: mean = 6.381 us, total = 6.381 us, Queueing time: mean = 21.638 us, max = 21.638 us, min = 21.638 us, total = 21.638 us
	GcsTaskManager.GcJobSummary - 1 total (1 active), Execution time: mean = 0.000 s, total = 0.000 s, Queueing time: mean = 0.000 s, max = -0.000 s, min = 9223372036.855 s, total = 0.000 s


[2025-06-26 10:02:25,999 I 2257382 2257382] (gcs_server) gcs_server.cc:874: pubsub_io_context Event stats:


Global stats: 5 total (1 active)
Queueing time: mean = 78.635 us, max = 336.126 us, min = 3.980 us, total = 393.176 us
Execution time:  mean = 38.399 us, total = 191.993 us
Event stats:
	event_loop_lag_probe - 3 total (0 active), Execution time: mean = 60.691 us, total = 182.074 us, Queueing time: mean = 125.993 us, max = 336.126 us, min = 3.980 us, total = 377.980 us
	PeriodicalRunner.RunFnPeriodically - 1 total (0 active), Execution time: mean = 9.919 us, total = 9.919 us, Queueing time: mean = 15.196 us, max = 15.196 us, min = 15.196 us, total = 15.196 us
	Publisher.CheckDeadSubscribers - 1 total (1 active), Execution time: mean = 0.000 s, total = 0.000 s, Queueing time: mean = 0.000 s, max = -0.000 s, min = 9223372036.855 s, total = 0.000 s


[2025-06-26 10:02:25,999 I 2257382 2257382] (gcs_server) gcs_server.cc:874: ray_syncer_io_context Event stats:


Global stats: 5 total (0 active)
Queueing time: mean = 49.319 us, max = 190.866 us, min = 4.436 us, total = 246.597 us
Execution time:  mean = 48.991 us, total = 244.957 us
Event stats:
	event_loop_lag_probe - 3 total (0 active), Execution time: mean = 81.370 us, total = 244.109 us, Queueing time: mean = 73.648 us, max = 190.866 us, min = 4.436 us, total = 220.944 us
	RaySyncerRegister - 2 total (0 active), Execution time: mean = 424.000 ns, total = 848.000 ns, Queueing time: mean = 12.826 us, max = 17.161 us, min = 8.492 us, total = 25.653 us


[2025-06-26 10:02:26,973 I 2257382 2257382] (gcs_server) gcs_node_manager.cc:92: Registering node info, address = 192.168.10.101, node name = 192.168.10.101 node_id=07e66259a9c6e08745d452746573d4a23a9441d35cf425b8ec56eb48
[2025-06-26 10:02:26,973 I 2257382 2257382] (gcs_server) gcs_node_manager.cc:98: Finished registering node info, address = 192.168.10.101, node name = 192.168.10.101, is_head_node = 1 node_id=07e66259a9c6e08745d452746573d4a23a9441d35cf425b8ec56eb48
[2025-06-26 10:02:26,973 I 2257382 2257382] (gcs_server) gcs_placement_group_mgr.cc:851: A new node: 07e66259a9c6e08745d452746573d4a23a9441d35cf425b8ec56eb48 registered, will try to reschedule all the infeasible placement groups.
[2025-06-26 10:02:26,978 I 2257382 2257458] (gcs_server) ray_syncer.cc:244: Get connection node_id=07e66259a9c6e08745d452746573d4a23a9441d35cf425b8ec56eb48
[2025-06-26 10:02:28,097 I 2257382 2257382] (gcs_server) gcs_job_manager.cc:97: Adding job, job id = 01000000, driver pid = 2257185
[2025-06-26 10:02:28,097 I 2257382 2257382] (gcs_server) gcs_job_manager.cc:118: Finished adding job, job id = 01000000, driver pid = 2257185
[2025-06-26 10:02:28,176 I 2257382 2257382] (gcs_server) gcs_actor_manager.cc:403: Registering actor job_id=01000000 actor_id=6c4132c14dd78a171ec1fe4201000000
[2025-06-26 10:02:28,176 I 2257382 2257382] (gcs_server) gcs_actor_manager.cc:408: Registered actor, job id = 01000000, actor id = 6c4132c14dd78a171ec1fe4201000000
[2025-06-26 10:02:28,177 I 2257382 2257382] (gcs_server) gcs_actor_manager.cc:515: Creating actor job_id=01000000 actor_id=6c4132c14dd78a171ec1fe4201000000
[2025-06-26 10:02:28,177 I 2257382 2257382] (gcs_server) gcs_actor_scheduler.cc:318: Start leasing worker from node 07e66259a9c6e08745d452746573d4a23a9441d35cf425b8ec56eb48 for actor 6c4132c14dd78a171ec1fe4201000000, job id = 01000000
[2025-06-26 10:02:28,178 I 2257382 2257382] (gcs_server) gcs_actor_scheduler.cc:642: Finished leasing worker from 07e66259a9c6e08745d452746573d4a23a9441d35cf425b8ec56eb48 for actor 6c4132c14dd78a171ec1fe4201000000, job id = 01000000
[2025-06-26 10:02:28,178 I 2257382 2257382] (gcs_server) gcs_actor_scheduler.cc:454: Start creating actor 6c4132c14dd78a171ec1fe4201000000 on worker b3f548a9d590b3dddd6a13efc989bbe8f73a61d5aa015455eb1c5eaa at node 07e66259a9c6e08745d452746573d4a23a9441d35cf425b8ec56eb48, job id = 01000000
[2025-06-26 10:02:29,595 I 2257382 2257382] (gcs_server) gcs_actor_scheduler.cc:491: Finished actor creation task for actor 6c4132c14dd78a171ec1fe4201000000 on worker b3f548a9d590b3dddd6a13efc989bbe8f73a61d5aa015455eb1c5eaa at node 07e66259a9c6e08745d452746573d4a23a9441d35cf425b8ec56eb48, job id = 01000000
[2025-06-26 10:02:29,596 I 2257382 2257382] (gcs_server) gcs_actor_manager.cc:1586: Actor created successfully job_id=01000000 actor_id=6c4132c14dd78a171ec1fe4201000000
[2025-06-26 10:02:29,596 I 2257382 2257382] (gcs_server) gcs_actor_manager.cc:530: Finished creating actor. Status: OK job_id=01000000 actor_id=6c4132c14dd78a171ec1fe4201000000
[2025-06-26 10:02:29,689 I 2257382 2257382] (gcs_server) gcs_actor_manager.cc:403: Registering actor job_id=01000000 actor_id=2136933a1803c439cff48d0201000000
[2025-06-26 10:02:29,689 I 2257382 2257382] (gcs_server) gcs_actor_manager.cc:408: Registered actor, job id = 01000000, actor id = 2136933a1803c439cff48d0201000000
[2025-06-26 10:02:29,690 I 2257382 2257382] (gcs_server) gcs_actor_manager.cc:515: Creating actor job_id=01000000 actor_id=2136933a1803c439cff48d0201000000
[2025-06-26 10:02:29,690 I 2257382 2257382] (gcs_server) gcs_actor_scheduler.cc:318: Start leasing worker from node 07e66259a9c6e08745d452746573d4a23a9441d35cf425b8ec56eb48 for actor 2136933a1803c439cff48d0201000000, job id = 01000000
[2025-06-26 10:02:29,690 I 2257382 2257382] (gcs_server) gcs_actor_scheduler.cc:642: Finished leasing worker from 07e66259a9c6e08745d452746573d4a23a9441d35cf425b8ec56eb48 for actor 2136933a1803c439cff48d0201000000, job id = 01000000
[2025-06-26 10:02:29,690 I 2257382 2257382] (gcs_server) gcs_actor_scheduler.cc:454: Start creating actor 2136933a1803c439cff48d0201000000 on worker cf259c99a14ed8036dd0b482dd8a77f1c7de38d57a27733509bba208 at node 07e66259a9c6e08745d452746573d4a23a9441d35cf425b8ec56eb48, job id = 01000000
[2025-06-26 10:02:31,304 I 2257382 2257382] (gcs_server) gcs_actor_scheduler.cc:491: Finished actor creation task for actor 2136933a1803c439cff48d0201000000 on worker cf259c99a14ed8036dd0b482dd8a77f1c7de38d57a27733509bba208 at node 07e66259a9c6e08745d452746573d4a23a9441d35cf425b8ec56eb48, job id = 01000000
[2025-06-26 10:02:31,304 I 2257382 2257382] (gcs_server) gcs_actor_manager.cc:1586: Actor created successfully job_id=01000000 actor_id=2136933a1803c439cff48d0201000000
[2025-06-26 10:02:31,304 I 2257382 2257382] (gcs_server) gcs_actor_manager.cc:530: Finished creating actor. Status: OK job_id=01000000 actor_id=2136933a1803c439cff48d0201000000
[2025-06-26 10:02:31,398 I 2257382 2257382] (gcs_server) gcs_actor_manager.cc:1072: Destroying actor job_id=01000000 actor_id=6c4132c14dd78a171ec1fe4201000000
[2025-06-26 10:02:31,399 I 2257382 2257382] (gcs_server) gcs_actor_manager.cc:1051: Actor 6c4132c14dd78a171ec1fe4201000000 has no references, destroying actor, job id = 01000000
[2025-06-26 10:02:31,399 I 2257382 2257382] (gcs_server) gcs_actor_manager.cc:1072: Destroying actor job_id=01000000 actor_id=6c4132c14dd78a171ec1fe4201000000
[2025-06-26 10:02:31,399 I 2257382 2257382] (gcs_server) gcs_actor_manager.cc:1077: Tried to destroy actor that does not exist actor_id=6c4132c14dd78a171ec1fe4201000000
[2025-06-26 10:02:31,399 I 2257382 2257382] (gcs_server) gcs_actor_manager.cc:1072: Destroying actor job_id=01000000 actor_id=2136933a1803c439cff48d0201000000
[2025-06-26 10:02:31,400 I 2257382 2257382] (gcs_server) gcs_actor_manager.cc:1051: Actor 2136933a1803c439cff48d0201000000 has no references, destroying actor, job id = 01000000
[2025-06-26 10:02:31,925 I 2257382 2257382] (gcs_server) gcs_job_manager.cc:156: Finished marking job state, job id = 01000000
[2025-06-26 10:02:32,280 I 2257382 2257382] (gcs_server) gcs_node_manager.cc:386: Removing node, node name = 192.168.10.101, death reason = EXPECTED_TERMINATION, death message = received SIGTERM node_id=07e66259a9c6e08745d452746573d4a23a9441d35cf425b8ec56eb48
[2025-06-26 10:02:32,280 I 2257382 2257382] (gcs_server) gcs_placement_group_mgr.cc:802: Node is dead, rescheduling the placement groups on the dead node. node_id=07e66259a9c6e08745d452746573d4a23a9441d35cf425b8ec56eb48
[2025-06-26 10:02:32,280 I 2257382 2257382] (gcs_server) gcs_actor_manager.cc:1325: Node is dead, reconstructing actors. node_id=07e66259a9c6e08745d452746573d4a23a9441d35cf425b8ec56eb48
[2025-06-26 10:02:32,280 I 2257382 2257382] (gcs_server) gcs_job_manager.cc:478: Node is dead, mark all jobs from this node as finished node_id=07e66259a9c6e08745d452746573d4a23a9441d35cf425b8ec56eb48
[2025-06-26 10:02:32,499 I 2257382 2257431] (gcs_server) ray_syncer_bidi_reactor_base.h:182: Failed to read the message from: 07e66259a9c6e08745d452746573d4a23a9441d35cf425b8ec56eb48
[2025-06-26 10:02:32,499 I 2257382 2257431] (gcs_server) ray_syncer.cc:241: Connection is broken. node_id=07e66259a9c6e08745d452746573d4a23a9441d35cf425b8ec56eb48
[2025-06-26 10:02:32,545 I 2257382 2257382] (gcs_server) gcs_server_main.cc:172: GCS server received SIGTERM, shutting down...
[2025-06-26 10:02:32,546 I 2257382 2257382] (gcs_server) gcs_server.cc:271: Stopping GCS server.
[2025-06-26 10:02:32,624 I 2257382 2257382] (gcs_server) gcs_server.cc:288: GCS server stopped.
[2025-06-26 10:02:32,625 I 2257382 2257382] (gcs_server) io_service_pool.cc:48: IOServicePool is stopped.
[2025-06-26 10:02:32,721 I 2257382 2257382] (gcs_server) stats.h:120: Stats module has shutdown.
