[2025-06-26 10:02:26,950 I 2257612 2257612] (raylet) main.cc:226: Setting cluster ID to: 6a8add54f8faea03b1f3bbd89af4a06e875db79a18b4201128f8889a
[2025-06-26 10:02:26,956 I 2257612 2257612] (raylet) main.cc:341: Raylet is not set to kill unknown children.
[2025-06-26 10:02:26,956 I 2257612 2257612] (raylet) io_service_pool.cc:36: IOServicePool is running with 1 io_service.
[2025-06-26 10:02:26,957 I 2257612 2257612] (raylet) main.cc:469: Setting node ID node_id=07e66259a9c6e08745d452746573d4a23a9441d35cf425b8ec56eb48
[2025-06-26 10:02:26,957 I 2257612 2257612] (raylet) store_runner.cc:50: Allowing the Plasma store to use up to 68.7195GB of memory.
[2025-06-26 10:02:26,957 I 2257612 2257612] (raylet) store_runner.cc:66: Starting object store with directory /dev/shm, fallback /home/shuzuan/prj/ComfyUI-xDit/ray_temp/session_2025-06-26_10-02-25_575437_2257185, and huge page support disabled
[2025-06-26 10:02:26,957 I 2257612 2257643] (raylet) dlmalloc.cc:324: Setting dlmalloc config: plasma_directory=/dev/shm, fallback_directory=/home/shuzuan/prj/ComfyUI-xDit/ray_temp/session_2025-06-26_10-02-25_575437_2257185, hugepage_enabled=0, fallback_enabled=1
[2025-06-26 10:02:26,958 I 2257612 2257643] (raylet) dlmalloc.cc:153: create_and_mmap_buffer(68719476744, /dev/shm/plasmaXXXXXX)
[2025-06-26 10:02:26,958 I 2257612 2257643] (raylet) store.cc:576: Plasma store debug dump: 
Current usage: 0 / 68.7195 GB
- num bytes created total: 0
0 pending objects of total size 0MB
- objects spillable: 0
- bytes spillable: 0
- objects unsealed: 0
- bytes unsealed: 0
- objects in use: 0
- bytes in use: 0
- objects evictable: 0
- bytes evictable: 0

- objects created by worker: 0
- bytes created by worker: 0
- objects restored: 0
- bytes restored: 0
- objects received: 0
- bytes received: 0
- objects errored: 0
- bytes errored: 0

[2025-06-26 10:02:26,960 I 2257612 2257612] (raylet) grpc_server.cc:141: ObjectManager server started, listening on port 44379.
[2025-06-26 10:02:26,963 I 2257612 2257612] (raylet) worker_killing_policy.cc:107: Running GroupByOwner policy.
[2025-06-26 10:02:26,963 W 2257612 2257612] (raylet) memory_monitor.cc:198: Got negative used memory for cgroup -1, setting it to zero
[2025-06-26 10:02:26,963 I 2257612 2257612] (raylet) memory_monitor.cc:48: MemoryMonitor initialized with usage threshold at 256695140352 bytes (0.95 system memory), total system memory bytes: 270205427712
[2025-06-26 10:02:26,963 I 2257612 2257612] (raylet) node_manager.cc:227: Initializing NodeManager node_id=07e66259a9c6e08745d452746573d4a23a9441d35cf425b8ec56eb48
[2025-06-26 10:02:26,964 I 2257612 2257612] (raylet) grpc_server.cc:141: NodeManager server started, listening on port 43783.
[2025-06-26 10:02:26,971 I 2257612 2257691] (raylet) agent_manager.cc:80: Monitor agent process with name dashboard_agent
[2025-06-26 10:02:26,971 I 2257612 2257693] (raylet) agent_manager.cc:80: Monitor agent process with name runtime_env_agent
[2025-06-26 10:02:26,971 I 2257612 2257612] (raylet) event.cc:500: Ray Event initialized for RAYLET
[2025-06-26 10:02:26,971 I 2257612 2257612] (raylet) event.cc:331: Set ray event level to warning
[2025-06-26 10:02:26,974 I 2257612 2257612] (raylet) raylet.cc:260: Raylet of id, 07e66259a9c6e08745d452746573d4a23a9441d35cf425b8ec56eb48 started. Raylet consists of node_manager and object_manager. node_manager address: 192.168.10.101:43783 object_manager address: 192.168.10.101:44379 hostname: vm-ubuntu1
[2025-06-26 10:02:26,977 I 2257612 2257612] (raylet) node_manager.cc:450: [state-dump] NodeManager:
[state-dump] Node ID: 07e66259a9c6e08745d452746573d4a23a9441d35cf425b8ec56eb48
[state-dump] Node name: 192.168.10.101
[state-dump] InitialConfigResources: {node:192.168.10.101: 1, GPU: 8, object_store_memory: 6.87195e+10, CPU: 96, node:__internal_head__: 1, memory: 1.91196e+11, accelerator_type:G: 1}
[state-dump] ClusterTaskManager:
[state-dump] ========== Node: 07e66259a9c6e08745d452746573d4a23a9441d35cf425b8ec56eb48 =================
[state-dump] Infeasible queue length: 0
[state-dump] Schedule queue length: 0
[state-dump] Dispatch queue length: 0
[state-dump] num_waiting_for_resource: 0
[state-dump] num_waiting_for_plasma_memory: 0
[state-dump] num_waiting_for_remote_node_resources: 0
[state-dump] num_worker_not_started_by_job_config_not_exist: 0
[state-dump] num_worker_not_started_by_registration_timeout: 0
[state-dump] num_tasks_waiting_for_workers: 0
[state-dump] num_cancelled_tasks: 0
[state-dump] cluster_resource_scheduler state: 
[state-dump] Local id: 8097477005586393215 Local resources: {"total":{node:192.168.10.101: [10000], accelerator_type:G: [10000], object_store_memory: [687194767360000], memory: [1911957585920000], node:__internal_head__: [10000], CPU: [960000], GPU: [10000, 10000, 10000, 10000, 10000, 10000, 10000, 10000]}}, "available": {node:__internal_head__: [10000], CPU: [960000], memory: [1911957585920000], GPU: [10000, 10000, 10000, 10000, 10000, 10000, 10000, 10000], node:192.168.10.101: [10000], accelerator_type:G: [10000], object_store_memory: [687194767360000]}}, "labels":{"ray.io/node_id":"07e66259a9c6e08745d452746573d4a23a9441d35cf425b8ec56eb48",} is_draining: 0 is_idle: 1 Cluster resources (at most 20 nodes are shown): node id: 8097477005586393215{"total":{node:192.168.10.101: 10000, GPU: 80000, object_store_memory: 687194767360000, CPU: 960000, memory: 1911957585920000, node:__internal_head__: 10000, accelerator_type:G: 10000}}, "available": {accelerator_type:G: 10000, GPU: 80000, node:__internal_head__: 10000, object_store_memory: 687194767360000, CPU: 960000, memory: 1911957585920000, node:192.168.10.101: 10000}}, "labels":{"ray.io/node_id":"07e66259a9c6e08745d452746573d4a23a9441d35cf425b8ec56eb48",}, "is_draining": 0, "draining_deadline_timestamp_ms": -1} { "placement group locations": [], "node to bundles": []}
[state-dump] Waiting tasks size: 0
[state-dump] Number of executing tasks: 0
[state-dump] Number of pinned task arguments: 0
[state-dump] Number of total spilled tasks: 0
[state-dump] Number of spilled waiting tasks: 0
[state-dump] Number of spilled unschedulable tasks: 0
[state-dump] Resource usage {
[state-dump] }
[state-dump] Backlog Size per scheduling descriptor :{workerId: num backlogs}:
[state-dump] 
[state-dump] Running tasks by scheduling class:
[state-dump] ==================================================
[state-dump] 
[state-dump] ClusterResources:
[state-dump] LocalObjectManager:
[state-dump] - num pinned objects: 0
[state-dump] - pinned objects size: 0
[state-dump] - num objects pending restore: 0
[state-dump] - num objects pending spill: 0
[state-dump] - num bytes pending spill: 0
[state-dump] - num bytes currently spilled: 0
[state-dump] - cumulative spill requests: 0
[state-dump] - cumulative restore requests: 0
[state-dump] - spilled objects pending delete: 0
[state-dump] 
[state-dump] ObjectManager:
[state-dump] - num local objects: 0
[state-dump] - num unfulfilled push requests: 0
[state-dump] - num object pull requests: 0
[state-dump] - num chunks received total: 0
[state-dump] - num chunks received failed (all): 0
[state-dump] - num chunks received failed / cancelled: 0
[state-dump] - num chunks received failed / plasma error: 0
[state-dump] Event stats:
[state-dump] Global stats: 0 total (0 active)
[state-dump] Queueing time: mean = -nan s, max = -0.000 s, min = 9223372036.855 s, total = 0.000 s
[state-dump] Execution time:  mean = -nan s, total = 0.000 s
[state-dump] Event stats:
[state-dump] PushManager:
[state-dump] - num pushes in flight: 0
[state-dump] - num chunks in flight: 0
[state-dump] - num chunks remaining: 0
[state-dump] - max chunks allowed: 409
[state-dump] OwnershipBasedObjectDirectory:
[state-dump] - num listeners: 0
[state-dump] - cumulative location updates: 0
[state-dump] - num location updates per second: 0.000
[state-dump] - num location lookups per second: 0.000
[state-dump] - num locations added per second: 0.000
[state-dump] - num locations removed per second: 0.000
[state-dump] BufferPool:
[state-dump] - create buffer state map size: 0
[state-dump] PullManager:
[state-dump] - num bytes available for pulled objects: 68719476736
[state-dump] - num bytes being pulled (all): 0
[state-dump] - num bytes being pulled / pinned: 0
[state-dump] - get request bundles: BundlePullRequestQueue{0 total, 0 active, 0 inactive, 0 unpullable}
[state-dump] - wait request bundles: BundlePullRequestQueue{0 total, 0 active, 0 inactive, 0 unpullable}
[state-dump] - task request bundles: BundlePullRequestQueue{0 total, 0 active, 0 inactive, 0 unpullable}
[state-dump] - first get request bundle: N/A
[state-dump] - first wait request bundle: N/A
[state-dump] - first task request bundle: N/A
[state-dump] - num objects queued: 0
[state-dump] - num objects actively pulled (all): 0
[state-dump] - num objects actively pulled / pinned: 0
[state-dump] - num bundles being pulled: 0
[state-dump] - num pull retries: 0
[state-dump] - max timeout seconds: 0
[state-dump] - max timeout request is already processed. No entry.
[state-dump] 
[state-dump] WorkerPool:
[state-dump] - registered jobs: 0
[state-dump] - process_failed_job_config_missing: 0
[state-dump] - process_failed_rate_limited: 0
[state-dump] - process_failed_pending_registration: 0
[state-dump] - process_failed_runtime_env_setup_failed: 0
[state-dump] - num PYTHON workers: 0
[state-dump] - num PYTHON drivers: 0
[state-dump] - num PYTHON pending start requests: 0
[state-dump] - num PYTHON pending registration requests: 0
[state-dump] - num object spill callbacks queued: 0
[state-dump] - num object restore queued: 0
[state-dump] - num util functions queued: 0
[state-dump] - num JAVA workers: 0
[state-dump] - num JAVA drivers: 0
[state-dump] - num JAVA pending start requests: 0
[state-dump] - num JAVA pending registration requests: 0
[state-dump] - num object spill callbacks queued: 0
[state-dump] - num object restore queued: 0
[state-dump] - num util functions queued: 0
[state-dump] - num idle workers: 0
[state-dump] TaskDependencyManager:
[state-dump] - task deps map size: 0
[state-dump] - get req map size: 0
[state-dump] - wait req map size: 0
[state-dump] - local objects map size: 0
[state-dump] WaitManager:
[state-dump] - num active wait requests: 0
[state-dump] Subscriber:
[state-dump] Channel WORKER_OBJECT_LOCATIONS_CHANNEL
[state-dump] - cumulative subscribe requests: 0
[state-dump] - cumulative unsubscribe requests: 0
[state-dump] - active subscribed publishers: 0
[state-dump] - cumulative published messages: 0
[state-dump] - cumulative processed messages: 0
[state-dump] Channel WORKER_OBJECT_EVICTION
[state-dump] - cumulative subscribe requests: 0
[state-dump] - cumulative unsubscribe requests: 0
[state-dump] - active subscribed publishers: 0
[state-dump] - cumulative published messages: 0
[state-dump] - cumulative processed messages: 0
[state-dump] Channel WORKER_REF_REMOVED_CHANNEL
[state-dump] - cumulative subscribe requests: 0
[state-dump] - cumulative unsubscribe requests: 0
[state-dump] - active subscribed publishers: 0
[state-dump] - cumulative published messages: 0
[state-dump] - cumulative processed messages: 0
[state-dump] num async plasma notifications: 0
[state-dump] Event stats:
[state-dump] Global stats: 29 total (14 active)
[state-dump] Queueing time: mean = 1.821 ms, max = 10.181 ms, min = 20.140 us, total = 52.820 ms
[state-dump] Execution time:  mean = 818.409 us, total = 23.734 ms
[state-dump] Event stats:
[state-dump] 	PeriodicalRunner.RunFnPeriodically - 12 total (2 active, 1 running), Execution time: mean = 243.259 us, total = 2.919 ms, Queueing time: mean = 4.398 ms, max = 10.181 ms, min = 30.556 us, total = 52.771 ms
[state-dump] 	ClusterResourceManager.ResetRemoteNodeView - 1 total (1 active), Execution time: mean = 0.000 s, total = 0.000 s, Queueing time: mean = 0.000 s, max = -0.000 s, min = 9223372036.855 s, total = 0.000 s
[state-dump] 	NodeManager.deadline_timer.flush_free_objects - 1 total (1 active), Execution time: mean = 0.000 s, total = 0.000 s, Queueing time: mean = 0.000 s, max = -0.000 s, min = 9223372036.855 s, total = 0.000 s
[state-dump] 	NodeManager.ScheduleAndDispatchTasks - 1 total (1 active), Execution time: mean = 0.000 s, total = 0.000 s, Queueing time: mean = 0.000 s, max = -0.000 s, min = 9223372036.855 s, total = 0.000 s
[state-dump] 	ray::rpc::NodeInfoGcsService.grpc_client.RegisterNode - 1 total (0 active), Execution time: mean = 969.269 us, total = 969.269 us, Queueing time: mean = 0.000 s, max = -0.000 s, min = 9223372036.855 s, total = 0.000 s
[state-dump] 	MemoryMonitor.CheckIsMemoryUsageAboveThreshold - 1 total (1 active), Execution time: mean = 0.000 s, total = 0.000 s, Queueing time: mean = 0.000 s, max = -0.000 s, min = 9223372036.855 s, total = 0.000 s
[state-dump] 	ray::rpc::InternalPubSubGcsService.grpc_client.GcsSubscriberCommandBatch.OnReplyReceived - 1 total (1 active), Execution time: mean = 0.000 s, total = 0.000 s, Queueing time: mean = 0.000 s, max = -0.000 s, min = 9223372036.855 s, total = 0.000 s
[state-dump] 	NodeManager.GCTaskFailureReason - 1 total (1 active), Execution time: mean = 0.000 s, total = 0.000 s, Queueing time: mean = 0.000 s, max = -0.000 s, min = 9223372036.855 s, total = 0.000 s
[state-dump] 	NodeManager.deadline_timer.spill_objects_when_over_threshold - 1 total (1 active), Execution time: mean = 0.000 s, total = 0.000 s, Queueing time: mean = 0.000 s, max = -0.000 s, min = 9223372036.855 s, total = 0.000 s
[state-dump] 	ray::rpc::NodeInfoGcsService.grpc_client.RegisterNode.OnReplyReceived - 1 total (0 active), Execution time: mean = 280.857 us, total = 280.857 us, Queueing time: mean = 28.199 us, max = 28.199 us, min = 28.199 us, total = 28.199 us
[state-dump] 	ray::rpc::InternalPubSubGcsService.grpc_client.GcsSubscriberPoll - 1 total (1 active), Execution time: mean = 0.000 s, total = 0.000 s, Queueing time: mean = 0.000 s, max = -0.000 s, min = 9223372036.855 s, total = 0.000 s
[state-dump] 	RayletWorkerPool.deadline_timer.kill_idle_workers - 1 total (1 active), Execution time: mean = 0.000 s, total = 0.000 s, Queueing time: mean = 0.000 s, max = -0.000 s, min = 9223372036.855 s, total = 0.000 s
[state-dump] 	ray::rpc::InternalKVGcsService.grpc_client.GetInternalConfig.OnReplyReceived - 1 total (0 active), Execution time: mean = 16.960 ms, total = 16.960 ms, Queueing time: mean = 20.140 us, max = 20.140 us, min = 20.140 us, total = 20.140 us
[state-dump] 	NodeManager.CheckForUnexpectedWorkerDisconnects - 1 total (1 active), Execution time: mean = 0.000 s, total = 0.000 s, Queueing time: mean = 0.000 s, max = -0.000 s, min = 9223372036.855 s, total = 0.000 s
[state-dump] 	ray::rpc::InternalPubSubGcsService.grpc_client.GcsSubscriberCommandBatch - 1 total (0 active), Execution time: mean = 1.884 ms, total = 1.884 ms, Queueing time: mean = 0.000 s, max = -0.000 s, min = 9223372036.855 s, total = 0.000 s
[state-dump] 	NodeManager.deadline_timer.debug_state_dump - 1 total (1 active), Execution time: mean = 0.000 s, total = 0.000 s, Queueing time: mean = 0.000 s, max = -0.000 s, min = 9223372036.855 s, total = 0.000 s
[state-dump] 	ray::rpc::InternalKVGcsService.grpc_client.GetInternalConfig - 1 total (0 active), Execution time: mean = 720.726 us, total = 720.726 us, Queueing time: mean = 0.000 s, max = -0.000 s, min = 9223372036.855 s, total = 0.000 s
[state-dump] 	NodeManager.deadline_timer.record_metrics - 1 total (1 active), Execution time: mean = 0.000 s, total = 0.000 s, Queueing time: mean = 0.000 s, max = -0.000 s, min = 9223372036.855 s, total = 0.000 s
[state-dump] DebugString() time ms: 1
[state-dump] 
[state-dump] 
[2025-06-26 10:02:26,978 I 2257612 2257612] (raylet) accessor.cc:768: Received notification for node, IsAlive = 1 node_id=07e66259a9c6e08745d452746573d4a23a9441d35cf425b8ec56eb48
[2025-06-26 10:02:27,077 I 2257612 2257612] (raylet) worker_pool.cc:527: Started worker process with pid 2257731, the token is 0
[2025-06-26 10:02:27,082 I 2257612 2257612] (raylet) worker_pool.cc:527: Started worker process with pid 2257732, the token is 1
[2025-06-26 10:02:27,086 I 2257612 2257612] (raylet) worker_pool.cc:527: Started worker process with pid 2257733, the token is 2
[2025-06-26 10:02:27,090 I 2257612 2257612] (raylet) worker_pool.cc:527: Started worker process with pid 2257734, the token is 3
[2025-06-26 10:02:27,093 I 2257612 2257612] (raylet) worker_pool.cc:527: Started worker process with pid 2257735, the token is 4
[2025-06-26 10:02:27,096 I 2257612 2257612] (raylet) worker_pool.cc:527: Started worker process with pid 2257736, the token is 5
[2025-06-26 10:02:27,101 I 2257612 2257612] (raylet) worker_pool.cc:527: Started worker process with pid 2257737, the token is 6
[2025-06-26 10:02:27,103 I 2257612 2257612] (raylet) worker_pool.cc:527: Started worker process with pid 2257738, the token is 7
[2025-06-26 10:02:27,106 I 2257612 2257612] (raylet) worker_pool.cc:527: Started worker process with pid 2257739, the token is 8
[2025-06-26 10:02:27,111 I 2257612 2257612] (raylet) worker_pool.cc:527: Started worker process with pid 2257740, the token is 9
[2025-06-26 10:02:27,114 I 2257612 2257612] (raylet) worker_pool.cc:527: Started worker process with pid 2257741, the token is 10
[2025-06-26 10:02:27,119 I 2257612 2257612] (raylet) worker_pool.cc:527: Started worker process with pid 2257742, the token is 11
[2025-06-26 10:02:27,122 I 2257612 2257612] (raylet) worker_pool.cc:527: Started worker process with pid 2257743, the token is 12
[2025-06-26 10:02:27,125 I 2257612 2257612] (raylet) worker_pool.cc:527: Started worker process with pid 2257744, the token is 13
[2025-06-26 10:02:27,130 I 2257612 2257612] (raylet) worker_pool.cc:527: Started worker process with pid 2257745, the token is 14
[2025-06-26 10:02:27,134 I 2257612 2257612] (raylet) worker_pool.cc:527: Started worker process with pid 2257746, the token is 15
[2025-06-26 10:02:27,137 I 2257612 2257612] (raylet) worker_pool.cc:527: Started worker process with pid 2257747, the token is 16
[2025-06-26 10:02:27,141 I 2257612 2257612] (raylet) worker_pool.cc:527: Started worker process with pid 2257749, the token is 17
[2025-06-26 10:02:27,145 I 2257612 2257612] (raylet) worker_pool.cc:527: Started worker process with pid 2257752, the token is 18
[2025-06-26 10:02:27,149 I 2257612 2257612] (raylet) worker_pool.cc:527: Started worker process with pid 2257753, the token is 19
[2025-06-26 10:02:27,152 I 2257612 2257612] (raylet) worker_pool.cc:527: Started worker process with pid 2257754, the token is 20
[2025-06-26 10:02:27,157 I 2257612 2257612] (raylet) worker_pool.cc:527: Started worker process with pid 2257755, the token is 21
[2025-06-26 10:02:27,161 I 2257612 2257612] (raylet) worker_pool.cc:527: Started worker process with pid 2257756, the token is 22
[2025-06-26 10:02:27,165 I 2257612 2257612] (raylet) worker_pool.cc:527: Started worker process with pid 2257757, the token is 23
[2025-06-26 10:02:27,168 I 2257612 2257612] (raylet) worker_pool.cc:527: Started worker process with pid 2257758, the token is 24
[2025-06-26 10:02:27,172 I 2257612 2257612] (raylet) worker_pool.cc:527: Started worker process with pid 2257759, the token is 25
[2025-06-26 10:02:27,176 I 2257612 2257612] (raylet) worker_pool.cc:527: Started worker process with pid 2257760, the token is 26
[2025-06-26 10:02:27,179 I 2257612 2257612] (raylet) worker_pool.cc:527: Started worker process with pid 2257761, the token is 27
[2025-06-26 10:02:27,184 I 2257612 2257612] (raylet) worker_pool.cc:527: Started worker process with pid 2257763, the token is 28
[2025-06-26 10:02:27,188 I 2257612 2257612] (raylet) worker_pool.cc:527: Started worker process with pid 2257764, the token is 29
[2025-06-26 10:02:27,192 I 2257612 2257612] (raylet) worker_pool.cc:527: Started worker process with pid 2257765, the token is 30
[2025-06-26 10:02:27,196 I 2257612 2257612] (raylet) worker_pool.cc:527: Started worker process with pid 2257766, the token is 31
[2025-06-26 10:02:27,200 I 2257612 2257612] (raylet) worker_pool.cc:527: Started worker process with pid 2257767, the token is 32
[2025-06-26 10:02:27,203 I 2257612 2257612] (raylet) worker_pool.cc:527: Started worker process with pid 2257768, the token is 33
[2025-06-26 10:02:27,207 I 2257612 2257612] (raylet) worker_pool.cc:527: Started worker process with pid 2257769, the token is 34
[2025-06-26 10:02:27,211 I 2257612 2257612] (raylet) worker_pool.cc:527: Started worker process with pid 2257770, the token is 35
[2025-06-26 10:02:27,214 I 2257612 2257612] (raylet) worker_pool.cc:527: Started worker process with pid 2257771, the token is 36
[2025-06-26 10:02:27,219 I 2257612 2257612] (raylet) worker_pool.cc:527: Started worker process with pid 2257772, the token is 37
[2025-06-26 10:02:27,223 I 2257612 2257612] (raylet) worker_pool.cc:527: Started worker process with pid 2257773, the token is 38
[2025-06-26 10:02:27,230 I 2257612 2257612] (raylet) worker_pool.cc:527: Started worker process with pid 2257774, the token is 39
[2025-06-26 10:02:27,233 I 2257612 2257612] (raylet) worker_pool.cc:527: Started worker process with pid 2257775, the token is 40
[2025-06-26 10:02:27,237 I 2257612 2257612] (raylet) worker_pool.cc:527: Started worker process with pid 2257776, the token is 41
[2025-06-26 10:02:27,242 I 2257612 2257612] (raylet) worker_pool.cc:527: Started worker process with pid 2257777, the token is 42
[2025-06-26 10:02:27,246 I 2257612 2257612] (raylet) worker_pool.cc:527: Started worker process with pid 2257778, the token is 43
[2025-06-26 10:02:27,250 I 2257612 2257612] (raylet) worker_pool.cc:527: Started worker process with pid 2257779, the token is 44
[2025-06-26 10:02:27,254 I 2257612 2257612] (raylet) worker_pool.cc:527: Started worker process with pid 2257780, the token is 45
[2025-06-26 10:02:27,258 I 2257612 2257612] (raylet) worker_pool.cc:527: Started worker process with pid 2257781, the token is 46
[2025-06-26 10:02:27,262 I 2257612 2257612] (raylet) worker_pool.cc:527: Started worker process with pid 2257782, the token is 47
[2025-06-26 10:02:27,266 I 2257612 2257612] (raylet) worker_pool.cc:527: Started worker process with pid 2257783, the token is 48
[2025-06-26 10:02:27,271 I 2257612 2257612] (raylet) worker_pool.cc:527: Started worker process with pid 2257784, the token is 49
[2025-06-26 10:02:27,277 I 2257612 2257612] (raylet) worker_pool.cc:527: Started worker process with pid 2257785, the token is 50
[2025-06-26 10:02:27,281 I 2257612 2257612] (raylet) worker_pool.cc:527: Started worker process with pid 2257786, the token is 51
[2025-06-26 10:02:27,285 I 2257612 2257612] (raylet) worker_pool.cc:527: Started worker process with pid 2257787, the token is 52
[2025-06-26 10:02:27,289 I 2257612 2257612] (raylet) worker_pool.cc:527: Started worker process with pid 2257788, the token is 53
[2025-06-26 10:02:27,294 I 2257612 2257612] (raylet) worker_pool.cc:527: Started worker process with pid 2257789, the token is 54
[2025-06-26 10:02:27,298 I 2257612 2257612] (raylet) worker_pool.cc:527: Started worker process with pid 2257790, the token is 55
[2025-06-26 10:02:27,302 I 2257612 2257612] (raylet) worker_pool.cc:527: Started worker process with pid 2257791, the token is 56
[2025-06-26 10:02:27,306 I 2257612 2257612] (raylet) worker_pool.cc:527: Started worker process with pid 2257792, the token is 57
[2025-06-26 10:02:27,310 I 2257612 2257612] (raylet) worker_pool.cc:527: Started worker process with pid 2257793, the token is 58
[2025-06-26 10:02:27,314 I 2257612 2257612] (raylet) worker_pool.cc:527: Started worker process with pid 2257794, the token is 59
[2025-06-26 10:02:27,319 I 2257612 2257612] (raylet) worker_pool.cc:527: Started worker process with pid 2257795, the token is 60
[2025-06-26 10:02:27,324 I 2257612 2257612] (raylet) worker_pool.cc:527: Started worker process with pid 2257797, the token is 61
[2025-06-26 10:02:27,328 I 2257612 2257612] (raylet) worker_pool.cc:527: Started worker process with pid 2257800, the token is 62
[2025-06-26 10:02:27,332 I 2257612 2257612] (raylet) worker_pool.cc:527: Started worker process with pid 2257801, the token is 63
[2025-06-26 10:02:27,336 I 2257612 2257612] (raylet) worker_pool.cc:527: Started worker process with pid 2257811, the token is 64
[2025-06-26 10:02:27,342 I 2257612 2257612] (raylet) worker_pool.cc:527: Started worker process with pid 2257829, the token is 65
[2025-06-26 10:02:27,348 I 2257612 2257612] (raylet) worker_pool.cc:527: Started worker process with pid 2257833, the token is 66
[2025-06-26 10:02:27,352 I 2257612 2257612] (raylet) worker_pool.cc:527: Started worker process with pid 2257834, the token is 67
[2025-06-26 10:02:27,356 I 2257612 2257612] (raylet) worker_pool.cc:527: Started worker process with pid 2257838, the token is 68
[2025-06-26 10:02:27,361 I 2257612 2257612] (raylet) worker_pool.cc:527: Started worker process with pid 2257839, the token is 69
[2025-06-26 10:02:27,365 I 2257612 2257612] (raylet) worker_pool.cc:527: Started worker process with pid 2257840, the token is 70
[2025-06-26 10:02:27,371 I 2257612 2257612] (raylet) worker_pool.cc:527: Started worker process with pid 2257863, the token is 71
[2025-06-26 10:02:27,375 I 2257612 2257612] (raylet) worker_pool.cc:527: Started worker process with pid 2257868, the token is 72
[2025-06-26 10:02:27,379 I 2257612 2257612] (raylet) worker_pool.cc:527: Started worker process with pid 2257869, the token is 73
[2025-06-26 10:02:27,384 I 2257612 2257612] (raylet) worker_pool.cc:527: Started worker process with pid 2257870, the token is 74
[2025-06-26 10:02:27,388 I 2257612 2257612] (raylet) worker_pool.cc:527: Started worker process with pid 2257871, the token is 75
[2025-06-26 10:02:27,394 I 2257612 2257612] (raylet) worker_pool.cc:527: Started worker process with pid 2257872, the token is 76
[2025-06-26 10:02:27,399 I 2257612 2257612] (raylet) worker_pool.cc:527: Started worker process with pid 2257873, the token is 77
[2025-06-26 10:02:27,405 I 2257612 2257612] (raylet) worker_pool.cc:527: Started worker process with pid 2257874, the token is 78
[2025-06-26 10:02:27,410 I 2257612 2257612] (raylet) worker_pool.cc:527: Started worker process with pid 2257875, the token is 79
[2025-06-26 10:02:27,415 I 2257612 2257612] (raylet) worker_pool.cc:527: Started worker process with pid 2257876, the token is 80
[2025-06-26 10:02:27,419 I 2257612 2257612] (raylet) worker_pool.cc:527: Started worker process with pid 2257877, the token is 81
[2025-06-26 10:02:27,442 I 2257612 2257612] (raylet) worker_pool.cc:527: Started worker process with pid 2257878, the token is 82
[2025-06-26 10:02:27,446 I 2257612 2257612] (raylet) worker_pool.cc:527: Started worker process with pid 2257881, the token is 83
[2025-06-26 10:02:27,451 I 2257612 2257612] (raylet) worker_pool.cc:527: Started worker process with pid 2257882, the token is 84
[2025-06-26 10:02:27,456 I 2257612 2257612] (raylet) worker_pool.cc:527: Started worker process with pid 2257883, the token is 85
[2025-06-26 10:02:27,461 I 2257612 2257612] (raylet) worker_pool.cc:527: Started worker process with pid 2257884, the token is 86
[2025-06-26 10:02:27,467 I 2257612 2257612] (raylet) worker_pool.cc:527: Started worker process with pid 2257885, the token is 87
[2025-06-26 10:02:27,471 I 2257612 2257612] (raylet) worker_pool.cc:527: Started worker process with pid 2257886, the token is 88
[2025-06-26 10:02:27,476 I 2257612 2257612] (raylet) worker_pool.cc:527: Started worker process with pid 2257887, the token is 89
[2025-06-26 10:02:27,482 I 2257612 2257612] (raylet) worker_pool.cc:527: Started worker process with pid 2257889, the token is 90
[2025-06-26 10:02:27,488 I 2257612 2257612] (raylet) worker_pool.cc:527: Started worker process with pid 2257892, the token is 91
[2025-06-26 10:02:27,493 I 2257612 2257612] (raylet) worker_pool.cc:527: Started worker process with pid 2257896, the token is 92
[2025-06-26 10:02:27,500 I 2257612 2257612] (raylet) worker_pool.cc:527: Started worker process with pid 2257916, the token is 93
[2025-06-26 10:02:27,506 I 2257612 2257612] (raylet) worker_pool.cc:527: Started worker process with pid 2257917, the token is 94
[2025-06-26 10:02:27,511 I 2257612 2257612] (raylet) worker_pool.cc:527: Started worker process with pid 2257930, the token is 95
[2025-06-26 10:02:27,563 I 2257612 2257643] (raylet) object_store.cc:38: Object store current usage 8e-09 / 68.7195 GB.
[2025-06-26 10:02:28,098 I 2257612 2257612] (raylet) worker_pool.cc:724: Job 01000000 already started in worker pool.
[2025-06-26 10:02:31,419 I 2257612 2257612] (raylet) node_manager.cc:1523: Disconnecting client, graceful=true, disconnect_type=1, has_creation_task_exception=false worker_id=b3f548a9d590b3dddd6a13efc989bbe8f73a61d5aa015455eb1c5eaa
[2025-06-26 10:02:31,420 I 2257612 2257612] (raylet) node_manager.cc:1523: Disconnecting client, graceful=true, disconnect_type=1, has_creation_task_exception=false worker_id=cf259c99a14ed8036dd0b482dd8a77f1c7de38d57a27733509bba208
[2025-06-26 10:02:31,443 W 2257612 2257643] (raylet) store.cc:368: Disconnecting client due to connection error with code 2: End of file
[2025-06-26 10:02:31,443 W 2257612 2257643] (raylet) store.cc:368: Disconnecting client due to connection error with code 2: End of file
[2025-06-26 10:02:31,924 I 2257612 2257612] (raylet) node_manager.cc:1523: Disconnecting client, graceful=true, disconnect_type=3, has_creation_task_exception=false worker_id=01000000ffffffffffffffffffffffffffffffffffffffffffffffff
[2025-06-26 10:02:31,924 I 2257612 2257612] (raylet) node_manager.cc:1615: Driver (pid=2257185) is disconnected. worker_id=01000000ffffffffffffffffffffffffffffffffffffffffffffffff job_id=01000000
[2025-06-26 10:02:31,925 I 2257612 2257612] (raylet) worker_pool.cc:724: Job 01000000 already started in worker pool.
[2025-06-26 10:02:32,014 W 2257612 2257612] (raylet) memory_monitor.cc:198: Got negative used memory for cgroup -1, setting it to zero
[2025-06-26 10:02:32,176 W 2257612 2257643] (raylet) store.cc:368: Disconnecting client due to connection error with code 2: End of file
[2025-06-26 10:02:32,279 I 2257612 2257612] (raylet) main.cc:504: received SIGTERM. Existing local drain request = None
[2025-06-26 10:02:32,279 I 2257612 2257612] (raylet) main.cc:307: Raylet graceful shutdown triggered, reason = EXPECTED_TERMINATION, reason message = received SIGTERM
[2025-06-26 10:02:32,279 I 2257612 2257612] (raylet) main.cc:310: Shutting down...
[2025-06-26 10:02:32,279 I 2257612 2257612] (raylet) accessor.cc:518: Unregistering node node_id=07e66259a9c6e08745d452746573d4a23a9441d35cf425b8ec56eb48
[2025-06-26 10:02:32,280 I 2257612 2257612] (raylet) accessor.cc:531: Finished unregistering node info, status = OK node_id=07e66259a9c6e08745d452746573d4a23a9441d35cf425b8ec56eb48
[2025-06-26 10:02:32,280 W 2257612 2257643] (raylet) store.cc:368: Disconnecting client due to connection error with code 2: End of file
[2025-06-26 10:02:32,284 I 2257612 2257612] (raylet) agent_manager.cc:115: Killing agent dashboard_agent, pid 2257690.
[2025-06-26 10:02:32,290 I 2257612 2257691] (raylet) agent_manager.cc:82: Agent process with name dashboard_agent exited, exit code 0.
[2025-06-26 10:02:32,290 I 2257612 2257612] (raylet) agent_manager.cc:115: Killing agent runtime_env_agent, pid 2257692.
[2025-06-26 10:02:32,294 I 2257612 2257693] (raylet) agent_manager.cc:82: Agent process with name runtime_env_agent exited, exit code 0.
[2025-06-26 10:02:32,294 I 2257612 2257612] (raylet) io_service_pool.cc:48: IOServicePool is stopped.
[2025-06-26 10:02:32,365 I 2257612 2257612] (raylet) stats.h:120: Stats module has shutdown.
