[2025-06-26 10:08:36,681 I 2287946 2287946] (gcs_server) gcs_server_main.cc:91: Ray cluster metadata ray_version=2.47.1 ray_commit=61d3f2f1aa33563faa398105f4abda88cb39440b
[2025-06-26 10:08:36,681 I 2287946 2287946] (gcs_server) io_service_pool.cc:36: IOServicePool is running with 1 io_service.
[2025-06-26 10:08:36,686 I 2287946 2287946] (gcs_server) event.cc:500: Ray Event initialized for GCS
[2025-06-26 10:08:36,686 I 2287946 2287946] (gcs_server) event.cc:500: Ray Event initialized for EXPORT_NODE
[2025-06-26 10:08:36,686 I 2287946 2287946] (gcs_server) event.cc:500: Ray Event initialized for EXPORT_ACTOR
[2025-06-26 10:08:36,686 I 2287946 2287946] (gcs_server) event.cc:500: Ray Event initialized for EXPORT_DRIVER_JOB
[2025-06-26 10:08:36,686 I 2287946 2287946] (gcs_server) event.cc:331: Set ray event level to warning
[2025-06-26 10:08:36,688 I 2287946 2287946] (gcs_server) gcs_server.cc:77: GCS storage type is StorageType::IN_MEMORY
[2025-06-26 10:08:36,688 I 2287946 2287946] (gcs_server) gcs_init_data.cc:46: Loading job table data.
[2025-06-26 10:08:36,688 I 2287946 2287946] (gcs_server) gcs_init_data.cc:56: Loading node table data.
[2025-06-26 10:08:36,688 I 2287946 2287946] (gcs_server) gcs_init_data.cc:78: Loading actor table data.
[2025-06-26 10:08:36,688 I 2287946 2287946] (gcs_server) gcs_init_data.cc:89: Loading actor task spec table data.
[2025-06-26 10:08:36,688 I 2287946 2287946] (gcs_server) gcs_init_data.cc:66: Loading placement group table data.
[2025-06-26 10:08:36,688 I 2287946 2287946] (gcs_server) gcs_init_data.cc:50: Finished loading job table data, size = 0
[2025-06-26 10:08:36,688 I 2287946 2287946] (gcs_server) gcs_init_data.cc:60: Finished loading node table data, size = 0
[2025-06-26 10:08:36,688 I 2287946 2287946] (gcs_server) gcs_init_data.cc:83: Finished loading actor table data, size = 0
[2025-06-26 10:08:36,688 I 2287946 2287946] (gcs_server) gcs_init_data.cc:94: Finished loading actor task spec table data, size = 0
[2025-06-26 10:08:36,688 I 2287946 2287946] (gcs_server) gcs_init_data.cc:72: Finished loading placement group table data, size = 0
[2025-06-26 10:08:36,688 I 2287946 2287946] (gcs_server) gcs_server.cc:161: No existing server cluster ID found. Generating new ID: 9f3fa5612c73d47271ba06a15077599a5d7d78b61bc8afcb64254744
[2025-06-26 10:08:36,689 I 2287946 2287946] (gcs_server) gcs_server.cc:673: Autoscaler V2 enabled: 0
[2025-06-26 10:08:36,690 I 2287946 2287946] (gcs_server) grpc_server.cc:141: GcsServer server started, listening on port 40665.
[2025-06-26 10:08:36,894 I 2287946 2287946] (gcs_server) gcs_server.cc:249: Gcs Debug state:

GcsNodeManager: 
- RegisterNode request count: 0
- DrainNode request count: 0
- GetAllNodeInfo request count: 0

GcsActorManager: 
- RegisterActor request count: 0
- CreateActor request count: 0
- GetActorInfo request count: 0
- GetNamedActorInfo request count: 0
- GetAllActorInfo request count: 0
- KillActor request count: 0
- ListNamedActors request count: 0
- Registered actors count: 0
- Destroyed actors count: 0
- Named actors count: 0
- Unresolved actors count: 0
- Pending actors count: 0
- Created actors count: 0
- owners_: 0
- actor_to_register_callbacks_: 0
- actor_to_restart_for_lineage_reconstruction_callbacks_: 0
- actor_to_create_callbacks_: 0
- sorted_destroyed_actor_list_: 0

GcsResourceManager: 
- GetAllAvailableResources request count: 0
- GetAllTotalResources request count: 0
- GetAllResourceUsage request count: 0

GcsPlacementGroupManager: 
- CreatePlacementGroup request count: 0
- RemovePlacementGroup request count: 0
- GetPlacementGroup request count: 0
- GetAllPlacementGroup request count: 0
- WaitPlacementGroupUntilReady request count: 0
- GetNamedPlacementGroup request count: 0
- Scheduling pending placement group count: 0
- Registered placement groups count: 0
- Named placement group count: 0
- Pending placement groups count: 0
- Infeasible placement groups count: 0

Publisher:

[runtime env manager] ID to URIs table:
[runtime env manager] URIs reference table:

GcsTaskManager: 
-Total num task events reported: 0
-Total num status task events dropped: 0
-Total num profile events dropped: 0
-Current num of task events stored: 0
-Total num of actor creation tasks: 0
-Total num of actor tasks: 0
-Total num of normal tasks: 0
-Total num of driver tasks: 0

GcsAutoscalerStateManager: 
- last_seen_autoscaler_state_version_: 0
- last_cluster_resource_state_version_: 0
- pending demands:



[2025-06-26 10:08:36,895 I 2287946 2287946] (gcs_server) gcs_server.cc:870: Main service Event stats:


Global stats: 27 total (5 active)
Queueing time: mean = 68.498 ms, max = 205.023 ms, min = 87.000 ns, total = 1.849 s
Execution time:  mean = 15.227 ms, total = 411.126 ms
Event stats:
	GcsInMemoryStore.Put - 9 total (0 active), Execution time: mean = 22.782 ms, total = 205.042 ms, Queueing time: mean = 159.083 ms, max = 204.693 ms, min = 1.648 us, total = 1.432 s
	GcsInMemoryStore.GetAll - 5 total (0 active), Execution time: mean = 7.325 us, total = 36.627 us, Queueing time: mean = 26.653 us, max = 31.010 us, min = 22.769 us, total = 133.266 us
	PeriodicalRunner.RunFnPeriodically - 4 total (2 active, 1 running), Execution time: mean = 1.742 us, total = 6.967 us, Queueing time: mean = 102.493 ms, max = 205.023 ms, min = 204.949 ms, total = 409.972 ms
	event_loop_lag_probe - 2 total (0 active), Execution time: mean = 5.479 us, total = 10.958 us, Queueing time: mean = 3.704 ms, max = 7.360 ms, min = 48.460 us, total = 7.408 ms
	NodeInfoGcsService.grpc_server.GetClusterId - 1 total (1 active), Execution time: mean = 0.000 s, total = 0.000 s, Queueing time: mean = 0.000 s, max = -0.000 s, min = 9223372036.855 s, total = 0.000 s
	NodeInfoGcsService.grpc_server.GetClusterId.HandleRequestImpl - 1 total (0 active), Execution time: mean = 986.589 us, total = 986.589 us, Queueing time: mean = 178.097 us, max = 178.097 us, min = 178.097 us, total = 178.097 us
	ClusterResourceManager.ResetRemoteNodeView - 1 total (1 active), Execution time: mean = 0.000 s, total = 0.000 s, Queueing time: mean = 0.000 s, max = -0.000 s, min = 9223372036.855 s, total = 0.000 s
	RayletLoadPulled - 1 total (1 active), Execution time: mean = 0.000 s, total = 0.000 s, Queueing time: mean = 0.000 s, max = -0.000 s, min = 9223372036.855 s, total = 0.000 s
	GcsInitData::AsyncLoad - 1 total (0 active), Execution time: mean = 7.912 us, total = 7.912 us, Queueing time: mean = 572.000 ns, max = 572.000 ns, min = 572.000 ns, total = 572.000 ns
	GcsInMemoryStore.Get - 1 total (0 active), Execution time: mean = 8.883 us, total = 8.883 us, Queueing time: mean = 13.176 us, max = 13.176 us, min = 13.176 us, total = 13.176 us
	GcsServer.GetOrGenerateClusterId.continuation - 1 total (0 active), Execution time: mean = 205.026 ms, total = 205.026 ms, Queueing time: mean = 87.000 ns, max = 87.000 ns, min = 87.000 ns, total = 87.000 ns


[2025-06-26 10:08:36,895 I 2287946 2287946] (gcs_server) gcs_server.cc:874: task_io_context Event stats:


Global stats: 4 total (1 active)
Queueing time: mean = 382.571 us, max = 1.466 ms, min = 18.660 us, total = 1.530 ms
Execution time:  mean = 39.888 us, total = 159.550 us
Event stats:
	event_loop_lag_probe - 2 total (0 active), Execution time: mean = 77.749 us, total = 155.497 us, Queueing time: mean = 755.812 us, max = 1.466 ms, min = 45.298 us, total = 1.512 ms
	PeriodicalRunner.RunFnPeriodically - 1 total (0 active), Execution time: mean = 4.053 us, total = 4.053 us, Queueing time: mean = 18.660 us, max = 18.660 us, min = 18.660 us, total = 18.660 us
	GcsTaskManager.GcJobSummary - 1 total (1 active), Execution time: mean = 0.000 s, total = 0.000 s, Queueing time: mean = 0.000 s, max = -0.000 s, min = 9223372036.855 s, total = 0.000 s


[2025-06-26 10:08:36,895 I 2287946 2287946] (gcs_server) gcs_server.cc:874: pubsub_io_context Event stats:


Global stats: 4 total (1 active)
Queueing time: mean = 169.667 us, max = 598.517 us, min = 19.142 us, total = 678.669 us
Execution time:  mean = 88.011 us, total = 352.045 us
Event stats:
	event_loop_lag_probe - 2 total (0 active), Execution time: mean = 171.452 us, total = 342.905 us, Queueing time: mean = 329.764 us, max = 598.517 us, min = 61.010 us, total = 659.527 us
	PeriodicalRunner.RunFnPeriodically - 1 total (0 active), Execution time: mean = 9.140 us, total = 9.140 us, Queueing time: mean = 19.142 us, max = 19.142 us, min = 19.142 us, total = 19.142 us
	Publisher.CheckDeadSubscribers - 1 total (1 active), Execution time: mean = 0.000 s, total = 0.000 s, Queueing time: mean = 0.000 s, max = -0.000 s, min = 9223372036.855 s, total = 0.000 s


[2025-06-26 10:08:36,895 I 2287946 2287946] (gcs_server) gcs_server.cc:874: ray_syncer_io_context Event stats:


Global stats: 4 total (0 active)
Queueing time: mean = 66.006 us, max = 200.151 us, min = 19.148 us, total = 264.024 us
Execution time:  mean = 36.050 us, total = 144.199 us
Event stats:
	event_loop_lag_probe - 2 total (0 active), Execution time: mean = 70.210 us, total = 140.419 us, Queueing time: mean = 111.285 us, max = 200.151 us, min = 22.420 us, total = 222.571 us
	RaySyncerRegister - 2 total (0 active), Execution time: mean = 1.890 us, total = 3.780 us, Queueing time: mean = 20.727 us, max = 22.305 us, min = 19.148 us, total = 41.453 us


[2025-06-26 10:08:37,650 I 2287946 2287946] (gcs_server) gcs_node_manager.cc:92: Registering node info, address = 192.168.10.101, node name = 192.168.10.101 node_id=00b525d75a2df2c9be6375fa6bf026730b2c503f38f2e7b94b23702e
[2025-06-26 10:08:37,650 I 2287946 2287946] (gcs_server) gcs_node_manager.cc:98: Finished registering node info, address = 192.168.10.101, node name = 192.168.10.101, is_head_node = 1 node_id=00b525d75a2df2c9be6375fa6bf026730b2c503f38f2e7b94b23702e
[2025-06-26 10:08:37,650 I 2287946 2287946] (gcs_server) gcs_placement_group_mgr.cc:851: A new node: 00b525d75a2df2c9be6375fa6bf026730b2c503f38f2e7b94b23702e registered, will try to reschedule all the infeasible placement groups.
[2025-06-26 10:08:37,653 I 2287946 2288023] (gcs_server) ray_syncer.cc:244: Get connection node_id=00b525d75a2df2c9be6375fa6bf026730b2c503f38f2e7b94b23702e
[2025-06-26 10:08:38,601 I 2287946 2287946] (gcs_server) gcs_job_manager.cc:97: Adding job, job id = 01000000, driver pid = 2287731
[2025-06-26 10:08:38,601 I 2287946 2287946] (gcs_server) gcs_job_manager.cc:118: Finished adding job, job id = 01000000, driver pid = 2287731
[2025-06-26 10:08:38,672 I 2287946 2287946] (gcs_server) gcs_actor_manager.cc:403: Registering actor job_id=01000000 actor_id=e261abffd6eee79c6a35e87a01000000
[2025-06-26 10:08:38,673 I 2287946 2287946] (gcs_server) gcs_actor_manager.cc:408: Registered actor, job id = 01000000, actor id = e261abffd6eee79c6a35e87a01000000
[2025-06-26 10:08:38,673 I 2287946 2287946] (gcs_server) gcs_actor_manager.cc:515: Creating actor job_id=01000000 actor_id=e261abffd6eee79c6a35e87a01000000
[2025-06-26 10:08:38,673 I 2287946 2287946] (gcs_server) gcs_actor_scheduler.cc:318: Start leasing worker from node 00b525d75a2df2c9be6375fa6bf026730b2c503f38f2e7b94b23702e for actor e261abffd6eee79c6a35e87a01000000, job id = 01000000
[2025-06-26 10:08:38,674 I 2287946 2287946] (gcs_server) gcs_actor_scheduler.cc:642: Finished leasing worker from 00b525d75a2df2c9be6375fa6bf026730b2c503f38f2e7b94b23702e for actor e261abffd6eee79c6a35e87a01000000, job id = 01000000
[2025-06-26 10:08:38,674 I 2287946 2287946] (gcs_server) gcs_actor_scheduler.cc:454: Start creating actor e261abffd6eee79c6a35e87a01000000 on worker faa28dbee4c247323a145a0e1b015c6c2e164af6346019634889e91e at node 00b525d75a2df2c9be6375fa6bf026730b2c503f38f2e7b94b23702e, job id = 01000000
[2025-06-26 10:08:40,024 I 2287946 2287946] (gcs_server) gcs_actor_scheduler.cc:491: Finished actor creation task for actor e261abffd6eee79c6a35e87a01000000 on worker faa28dbee4c247323a145a0e1b015c6c2e164af6346019634889e91e at node 00b525d75a2df2c9be6375fa6bf026730b2c503f38f2e7b94b23702e, job id = 01000000
[2025-06-26 10:08:40,024 I 2287946 2287946] (gcs_server) gcs_actor_manager.cc:1586: Actor created successfully job_id=01000000 actor_id=e261abffd6eee79c6a35e87a01000000
[2025-06-26 10:08:40,024 I 2287946 2287946] (gcs_server) gcs_actor_manager.cc:530: Finished creating actor. Status: OK job_id=01000000 actor_id=e261abffd6eee79c6a35e87a01000000
[2025-06-26 10:08:40,109 I 2287946 2287946] (gcs_server) gcs_actor_manager.cc:403: Registering actor job_id=01000000 actor_id=d0d6bede7efbb63cdf5e506201000000
[2025-06-26 10:08:40,109 I 2287946 2287946] (gcs_server) gcs_actor_manager.cc:408: Registered actor, job id = 01000000, actor id = d0d6bede7efbb63cdf5e506201000000
[2025-06-26 10:08:40,110 I 2287946 2287946] (gcs_server) gcs_actor_manager.cc:515: Creating actor job_id=01000000 actor_id=d0d6bede7efbb63cdf5e506201000000
[2025-06-26 10:08:40,110 I 2287946 2287946] (gcs_server) gcs_actor_scheduler.cc:318: Start leasing worker from node 00b525d75a2df2c9be6375fa6bf026730b2c503f38f2e7b94b23702e for actor d0d6bede7efbb63cdf5e506201000000, job id = 01000000
[2025-06-26 10:08:40,111 I 2287946 2287946] (gcs_server) gcs_actor_scheduler.cc:642: Finished leasing worker from 00b525d75a2df2c9be6375fa6bf026730b2c503f38f2e7b94b23702e for actor d0d6bede7efbb63cdf5e506201000000, job id = 01000000
[2025-06-26 10:08:40,111 I 2287946 2287946] (gcs_server) gcs_actor_scheduler.cc:454: Start creating actor d0d6bede7efbb63cdf5e506201000000 on worker 614a05d2a1b58ae8919d5ec3d9142a72325d9e52778fbd897bf14f60 at node 00b525d75a2df2c9be6375fa6bf026730b2c503f38f2e7b94b23702e, job id = 01000000
[2025-06-26 10:08:41,489 I 2287946 2287946] (gcs_server) gcs_actor_scheduler.cc:491: Finished actor creation task for actor d0d6bede7efbb63cdf5e506201000000 on worker 614a05d2a1b58ae8919d5ec3d9142a72325d9e52778fbd897bf14f60 at node 00b525d75a2df2c9be6375fa6bf026730b2c503f38f2e7b94b23702e, job id = 01000000
[2025-06-26 10:08:41,489 I 2287946 2287946] (gcs_server) gcs_actor_manager.cc:1586: Actor created successfully job_id=01000000 actor_id=d0d6bede7efbb63cdf5e506201000000
[2025-06-26 10:08:41,489 I 2287946 2287946] (gcs_server) gcs_actor_manager.cc:530: Finished creating actor. Status: OK job_id=01000000 actor_id=d0d6bede7efbb63cdf5e506201000000
[2025-06-26 10:08:41,580 I 2287946 2287946] (gcs_server) gcs_actor_manager.cc:403: Registering actor job_id=01000000 actor_id=d516b5b05c23abcd34fe352501000000
[2025-06-26 10:08:41,581 I 2287946 2287946] (gcs_server) gcs_actor_manager.cc:408: Registered actor, job id = 01000000, actor id = d516b5b05c23abcd34fe352501000000
[2025-06-26 10:08:41,581 I 2287946 2287946] (gcs_server) gcs_actor_manager.cc:515: Creating actor job_id=01000000 actor_id=d516b5b05c23abcd34fe352501000000
[2025-06-26 10:08:41,581 I 2287946 2287946] (gcs_server) gcs_actor_scheduler.cc:318: Start leasing worker from node 00b525d75a2df2c9be6375fa6bf026730b2c503f38f2e7b94b23702e for actor d516b5b05c23abcd34fe352501000000, job id = 01000000
[2025-06-26 10:08:41,582 I 2287946 2287946] (gcs_server) gcs_actor_scheduler.cc:642: Finished leasing worker from 00b525d75a2df2c9be6375fa6bf026730b2c503f38f2e7b94b23702e for actor d516b5b05c23abcd34fe352501000000, job id = 01000000
[2025-06-26 10:08:41,582 I 2287946 2287946] (gcs_server) gcs_actor_scheduler.cc:454: Start creating actor d516b5b05c23abcd34fe352501000000 on worker aa837c9e87485cb7116057be533985fcd5261b55e5eb398b8df842d1 at node 00b525d75a2df2c9be6375fa6bf026730b2c503f38f2e7b94b23702e, job id = 01000000
[2025-06-26 10:08:42,969 I 2287946 2287946] (gcs_server) gcs_actor_scheduler.cc:491: Finished actor creation task for actor d516b5b05c23abcd34fe352501000000 on worker aa837c9e87485cb7116057be533985fcd5261b55e5eb398b8df842d1 at node 00b525d75a2df2c9be6375fa6bf026730b2c503f38f2e7b94b23702e, job id = 01000000
[2025-06-26 10:08:42,969 I 2287946 2287946] (gcs_server) gcs_actor_manager.cc:1586: Actor created successfully job_id=01000000 actor_id=d516b5b05c23abcd34fe352501000000
[2025-06-26 10:08:42,969 I 2287946 2287946] (gcs_server) gcs_actor_manager.cc:530: Finished creating actor. Status: OK job_id=01000000 actor_id=d516b5b05c23abcd34fe352501000000
[2025-06-26 10:08:43,068 I 2287946 2287946] (gcs_server) gcs_actor_manager.cc:403: Registering actor job_id=01000000 actor_id=c0c99d7296de5421fe1e95ee01000000
[2025-06-26 10:08:43,068 I 2287946 2287946] (gcs_server) gcs_actor_manager.cc:408: Registered actor, job id = 01000000, actor id = c0c99d7296de5421fe1e95ee01000000
[2025-06-26 10:08:43,069 I 2287946 2287946] (gcs_server) gcs_actor_manager.cc:515: Creating actor job_id=01000000 actor_id=c0c99d7296de5421fe1e95ee01000000
[2025-06-26 10:08:43,069 I 2287946 2287946] (gcs_server) gcs_actor_scheduler.cc:318: Start leasing worker from node 00b525d75a2df2c9be6375fa6bf026730b2c503f38f2e7b94b23702e for actor c0c99d7296de5421fe1e95ee01000000, job id = 01000000
[2025-06-26 10:08:43,069 I 2287946 2287946] (gcs_server) gcs_actor_scheduler.cc:642: Finished leasing worker from 00b525d75a2df2c9be6375fa6bf026730b2c503f38f2e7b94b23702e for actor c0c99d7296de5421fe1e95ee01000000, job id = 01000000
[2025-06-26 10:08:43,070 I 2287946 2287946] (gcs_server) gcs_actor_scheduler.cc:454: Start creating actor c0c99d7296de5421fe1e95ee01000000 on worker 2b9b206f856f5ccb2db32fd50b968aa6214a784ffaca0659d91a3d38 at node 00b525d75a2df2c9be6375fa6bf026730b2c503f38f2e7b94b23702e, job id = 01000000
[2025-06-26 10:08:44,452 I 2287946 2287946] (gcs_server) gcs_actor_scheduler.cc:491: Finished actor creation task for actor c0c99d7296de5421fe1e95ee01000000 on worker 2b9b206f856f5ccb2db32fd50b968aa6214a784ffaca0659d91a3d38 at node 00b525d75a2df2c9be6375fa6bf026730b2c503f38f2e7b94b23702e, job id = 01000000
[2025-06-26 10:08:44,452 I 2287946 2287946] (gcs_server) gcs_actor_manager.cc:1586: Actor created successfully job_id=01000000 actor_id=c0c99d7296de5421fe1e95ee01000000
[2025-06-26 10:08:44,452 I 2287946 2287946] (gcs_server) gcs_actor_manager.cc:530: Finished creating actor. Status: OK job_id=01000000 actor_id=c0c99d7296de5421fe1e95ee01000000
[2025-06-26 10:08:44,544 I 2287946 2287946] (gcs_server) gcs_actor_manager.cc:403: Registering actor job_id=01000000 actor_id=3dfac13f0476aa5e703b04ef01000000
[2025-06-26 10:08:44,545 I 2287946 2287946] (gcs_server) gcs_actor_manager.cc:408: Registered actor, job id = 01000000, actor id = 3dfac13f0476aa5e703b04ef01000000
[2025-06-26 10:08:44,545 I 2287946 2287946] (gcs_server) gcs_actor_manager.cc:515: Creating actor job_id=01000000 actor_id=3dfac13f0476aa5e703b04ef01000000
[2025-06-26 10:08:44,546 I 2287946 2287946] (gcs_server) gcs_actor_scheduler.cc:318: Start leasing worker from node 00b525d75a2df2c9be6375fa6bf026730b2c503f38f2e7b94b23702e for actor 3dfac13f0476aa5e703b04ef01000000, job id = 01000000
[2025-06-26 10:08:44,546 I 2287946 2287946] (gcs_server) gcs_actor_scheduler.cc:642: Finished leasing worker from 00b525d75a2df2c9be6375fa6bf026730b2c503f38f2e7b94b23702e for actor 3dfac13f0476aa5e703b04ef01000000, job id = 01000000
[2025-06-26 10:08:44,546 I 2287946 2287946] (gcs_server) gcs_actor_scheduler.cc:454: Start creating actor 3dfac13f0476aa5e703b04ef01000000 on worker 57b1848c8dfc003cc31e7c954dce6013dd3ebd02cce354b5e69d32ef at node 00b525d75a2df2c9be6375fa6bf026730b2c503f38f2e7b94b23702e, job id = 01000000
[2025-06-26 10:08:45,921 I 2287946 2287946] (gcs_server) gcs_actor_scheduler.cc:491: Finished actor creation task for actor 3dfac13f0476aa5e703b04ef01000000 on worker 57b1848c8dfc003cc31e7c954dce6013dd3ebd02cce354b5e69d32ef at node 00b525d75a2df2c9be6375fa6bf026730b2c503f38f2e7b94b23702e, job id = 01000000
[2025-06-26 10:08:45,921 I 2287946 2287946] (gcs_server) gcs_actor_manager.cc:1586: Actor created successfully job_id=01000000 actor_id=3dfac13f0476aa5e703b04ef01000000
[2025-06-26 10:08:45,922 I 2287946 2287946] (gcs_server) gcs_actor_manager.cc:530: Finished creating actor. Status: OK job_id=01000000 actor_id=3dfac13f0476aa5e703b04ef01000000
[2025-06-26 10:08:46,012 I 2287946 2287946] (gcs_server) gcs_actor_manager.cc:403: Registering actor job_id=01000000 actor_id=dabec3c717481df43ffe20b501000000
[2025-06-26 10:08:46,012 I 2287946 2287946] (gcs_server) gcs_actor_manager.cc:408: Registered actor, job id = 01000000, actor id = dabec3c717481df43ffe20b501000000
[2025-06-26 10:08:46,013 I 2287946 2287946] (gcs_server) gcs_actor_manager.cc:515: Creating actor job_id=01000000 actor_id=dabec3c717481df43ffe20b501000000
[2025-06-26 10:08:46,013 I 2287946 2287946] (gcs_server) gcs_actor_scheduler.cc:318: Start leasing worker from node 00b525d75a2df2c9be6375fa6bf026730b2c503f38f2e7b94b23702e for actor dabec3c717481df43ffe20b501000000, job id = 01000000
[2025-06-26 10:08:46,014 I 2287946 2287946] (gcs_server) gcs_actor_scheduler.cc:642: Finished leasing worker from 00b525d75a2df2c9be6375fa6bf026730b2c503f38f2e7b94b23702e for actor dabec3c717481df43ffe20b501000000, job id = 01000000
[2025-06-26 10:08:46,014 I 2287946 2287946] (gcs_server) gcs_actor_scheduler.cc:454: Start creating actor dabec3c717481df43ffe20b501000000 on worker 823780dc8738c715494cfb11e968a73a7eee649819a6f814bc920549 at node 00b525d75a2df2c9be6375fa6bf026730b2c503f38f2e7b94b23702e, job id = 01000000
[2025-06-26 10:08:46,699 W 2287946 2287969] (gcs_server) metric_exporter.cc:105: [1] Export metrics to agent failed: RpcError: RPC Error message: failed to connect to all addresses; last error: UNKNOWN: ipv4:127.0.0.1:64549: Failed to connect to remote host: Connection refused; RPC Error details:  rpc_code: 14. This won't affect Ray, but you can lose metrics from the cluster.
[2025-06-26 10:08:47,389 I 2287946 2287946] (gcs_server) gcs_actor_scheduler.cc:491: Finished actor creation task for actor dabec3c717481df43ffe20b501000000 on worker 823780dc8738c715494cfb11e968a73a7eee649819a6f814bc920549 at node 00b525d75a2df2c9be6375fa6bf026730b2c503f38f2e7b94b23702e, job id = 01000000
[2025-06-26 10:08:47,389 I 2287946 2287946] (gcs_server) gcs_actor_manager.cc:1586: Actor created successfully job_id=01000000 actor_id=dabec3c717481df43ffe20b501000000
[2025-06-26 10:08:47,389 I 2287946 2287946] (gcs_server) gcs_actor_manager.cc:530: Finished creating actor. Status: OK job_id=01000000 actor_id=dabec3c717481df43ffe20b501000000
[2025-06-26 10:08:47,489 I 2287946 2287946] (gcs_server) gcs_actor_manager.cc:403: Registering actor job_id=01000000 actor_id=bfb6d98e3a9134cb96373bad01000000
[2025-06-26 10:08:47,490 I 2287946 2287946] (gcs_server) gcs_actor_manager.cc:408: Registered actor, job id = 01000000, actor id = bfb6d98e3a9134cb96373bad01000000
[2025-06-26 10:08:47,490 I 2287946 2287946] (gcs_server) gcs_actor_manager.cc:515: Creating actor job_id=01000000 actor_id=bfb6d98e3a9134cb96373bad01000000
[2025-06-26 10:08:47,490 I 2287946 2287946] (gcs_server) gcs_actor_scheduler.cc:318: Start leasing worker from node 00b525d75a2df2c9be6375fa6bf026730b2c503f38f2e7b94b23702e for actor bfb6d98e3a9134cb96373bad01000000, job id = 01000000
[2025-06-26 10:08:47,491 I 2287946 2287946] (gcs_server) gcs_actor_scheduler.cc:642: Finished leasing worker from 00b525d75a2df2c9be6375fa6bf026730b2c503f38f2e7b94b23702e for actor bfb6d98e3a9134cb96373bad01000000, job id = 01000000
[2025-06-26 10:08:47,491 I 2287946 2287946] (gcs_server) gcs_actor_scheduler.cc:454: Start creating actor bfb6d98e3a9134cb96373bad01000000 on worker d163814162b8ba7fab8c49ce843a38995a7f8b1becb121ecea9bb1b7 at node 00b525d75a2df2c9be6375fa6bf026730b2c503f38f2e7b94b23702e, job id = 01000000
[2025-06-26 10:08:48,844 I 2287946 2287946] (gcs_server) gcs_actor_scheduler.cc:491: Finished actor creation task for actor bfb6d98e3a9134cb96373bad01000000 on worker d163814162b8ba7fab8c49ce843a38995a7f8b1becb121ecea9bb1b7 at node 00b525d75a2df2c9be6375fa6bf026730b2c503f38f2e7b94b23702e, job id = 01000000
[2025-06-26 10:08:48,844 I 2287946 2287946] (gcs_server) gcs_actor_manager.cc:1586: Actor created successfully job_id=01000000 actor_id=bfb6d98e3a9134cb96373bad01000000
[2025-06-26 10:08:48,844 I 2287946 2287946] (gcs_server) gcs_actor_manager.cc:530: Finished creating actor. Status: OK job_id=01000000 actor_id=bfb6d98e3a9134cb96373bad01000000
[2025-06-26 10:08:48,940 I 2287946 2287946] (gcs_server) gcs_actor_manager.cc:403: Registering actor job_id=01000000 actor_id=2b0cd989a34275f223d11dbd01000000
[2025-06-26 10:08:48,940 I 2287946 2287946] (gcs_server) gcs_actor_manager.cc:408: Registered actor, job id = 01000000, actor id = 2b0cd989a34275f223d11dbd01000000
[2025-06-26 10:08:48,941 I 2287946 2287946] (gcs_server) gcs_actor_manager.cc:515: Creating actor job_id=01000000 actor_id=2b0cd989a34275f223d11dbd01000000
[2025-06-26 10:08:48,941 I 2287946 2287946] (gcs_server) gcs_actor_scheduler.cc:318: Start leasing worker from node 00b525d75a2df2c9be6375fa6bf026730b2c503f38f2e7b94b23702e for actor 2b0cd989a34275f223d11dbd01000000, job id = 01000000
[2025-06-26 10:08:48,941 I 2287946 2287946] (gcs_server) gcs_actor_scheduler.cc:642: Finished leasing worker from 00b525d75a2df2c9be6375fa6bf026730b2c503f38f2e7b94b23702e for actor 2b0cd989a34275f223d11dbd01000000, job id = 01000000
[2025-06-26 10:08:48,941 I 2287946 2287946] (gcs_server) gcs_actor_scheduler.cc:454: Start creating actor 2b0cd989a34275f223d11dbd01000000 on worker 3a79cf10064c6aa2a61ae985b96f57d0ad96f77f8c492316207b381a at node 00b525d75a2df2c9be6375fa6bf026730b2c503f38f2e7b94b23702e, job id = 01000000
[2025-06-26 10:08:50,324 I 2287946 2287946] (gcs_server) gcs_actor_scheduler.cc:491: Finished actor creation task for actor 2b0cd989a34275f223d11dbd01000000 on worker 3a79cf10064c6aa2a61ae985b96f57d0ad96f77f8c492316207b381a at node 00b525d75a2df2c9be6375fa6bf026730b2c503f38f2e7b94b23702e, job id = 01000000
[2025-06-26 10:08:50,324 I 2287946 2287946] (gcs_server) gcs_actor_manager.cc:1586: Actor created successfully job_id=01000000 actor_id=2b0cd989a34275f223d11dbd01000000
[2025-06-26 10:08:50,325 I 2287946 2287946] (gcs_server) gcs_actor_manager.cc:530: Finished creating actor. Status: OK job_id=01000000 actor_id=2b0cd989a34275f223d11dbd01000000
[2025-06-26 10:08:50,421 I 2287946 2287946] (gcs_server) gcs_actor_manager.cc:1072: Destroying actor job_id=01000000 actor_id=e261abffd6eee79c6a35e87a01000000
[2025-06-26 10:08:50,423 I 2287946 2287946] (gcs_server) gcs_actor_manager.cc:1051: Actor e261abffd6eee79c6a35e87a01000000 has no references, destroying actor, job id = 01000000
[2025-06-26 10:08:50,423 I 2287946 2287946] (gcs_server) gcs_actor_manager.cc:1072: Destroying actor job_id=01000000 actor_id=e261abffd6eee79c6a35e87a01000000
[2025-06-26 10:08:50,423 I 2287946 2287946] (gcs_server) gcs_actor_manager.cc:1077: Tried to destroy actor that does not exist actor_id=e261abffd6eee79c6a35e87a01000000
[2025-06-26 10:08:50,423 I 2287946 2287946] (gcs_server) gcs_actor_manager.cc:1072: Destroying actor job_id=01000000 actor_id=d0d6bede7efbb63cdf5e506201000000
[2025-06-26 10:08:50,423 I 2287946 2287946] (gcs_server) gcs_actor_manager.cc:1072: Destroying actor job_id=01000000 actor_id=d516b5b05c23abcd34fe352501000000
[2025-06-26 10:08:50,424 I 2287946 2287946] (gcs_server) gcs_actor_manager.cc:1051: Actor d0d6bede7efbb63cdf5e506201000000 has no references, destroying actor, job id = 01000000
[2025-06-26 10:08:50,424 I 2287946 2287946] (gcs_server) gcs_actor_manager.cc:1072: Destroying actor job_id=01000000 actor_id=d0d6bede7efbb63cdf5e506201000000
[2025-06-26 10:08:50,424 I 2287946 2287946] (gcs_server) gcs_actor_manager.cc:1077: Tried to destroy actor that does not exist actor_id=d0d6bede7efbb63cdf5e506201000000
[2025-06-26 10:08:50,424 I 2287946 2287946] (gcs_server) gcs_actor_manager.cc:1072: Destroying actor job_id=01000000 actor_id=c0c99d7296de5421fe1e95ee01000000
[2025-06-26 10:08:50,424 I 2287946 2287946] (gcs_server) gcs_actor_manager.cc:1051: Actor d516b5b05c23abcd34fe352501000000 has no references, destroying actor, job id = 01000000
[2025-06-26 10:08:50,424 I 2287946 2287946] (gcs_server) gcs_actor_manager.cc:1072: Destroying actor job_id=01000000 actor_id=d516b5b05c23abcd34fe352501000000
[2025-06-26 10:08:50,424 I 2287946 2287946] (gcs_server) gcs_actor_manager.cc:1077: Tried to destroy actor that does not exist actor_id=d516b5b05c23abcd34fe352501000000
[2025-06-26 10:08:50,424 I 2287946 2287946] (gcs_server) gcs_actor_manager.cc:1072: Destroying actor job_id=01000000 actor_id=3dfac13f0476aa5e703b04ef01000000
[2025-06-26 10:08:50,424 I 2287946 2287946] (gcs_server) gcs_actor_manager.cc:1051: Actor c0c99d7296de5421fe1e95ee01000000 has no references, destroying actor, job id = 01000000
[2025-06-26 10:08:50,424 I 2287946 2287946] (gcs_server) gcs_actor_manager.cc:1072: Destroying actor job_id=01000000 actor_id=c0c99d7296de5421fe1e95ee01000000
[2025-06-26 10:08:50,424 I 2287946 2287946] (gcs_server) gcs_actor_manager.cc:1077: Tried to destroy actor that does not exist actor_id=c0c99d7296de5421fe1e95ee01000000
[2025-06-26 10:08:50,424 I 2287946 2287946] (gcs_server) gcs_actor_manager.cc:1072: Destroying actor job_id=01000000 actor_id=dabec3c717481df43ffe20b501000000
[2025-06-26 10:08:50,425 I 2287946 2287946] (gcs_server) gcs_actor_manager.cc:1072: Destroying actor job_id=01000000 actor_id=bfb6d98e3a9134cb96373bad01000000
[2025-06-26 10:08:50,425 I 2287946 2287946] (gcs_server) gcs_actor_manager.cc:1051: Actor dabec3c717481df43ffe20b501000000 has no references, destroying actor, job id = 01000000
[2025-06-26 10:08:50,425 I 2287946 2287946] (gcs_server) gcs_actor_manager.cc:1072: Destroying actor job_id=01000000 actor_id=dabec3c717481df43ffe20b501000000
[2025-06-26 10:08:50,425 I 2287946 2287946] (gcs_server) gcs_actor_manager.cc:1077: Tried to destroy actor that does not exist actor_id=dabec3c717481df43ffe20b501000000
[2025-06-26 10:08:50,425 I 2287946 2287946] (gcs_server) gcs_actor_manager.cc:1051: Actor 3dfac13f0476aa5e703b04ef01000000 has no references, destroying actor, job id = 01000000
[2025-06-26 10:08:50,425 I 2287946 2287946] (gcs_server) gcs_actor_manager.cc:1072: Destroying actor job_id=01000000 actor_id=3dfac13f0476aa5e703b04ef01000000
[2025-06-26 10:08:50,425 I 2287946 2287946] (gcs_server) gcs_actor_manager.cc:1077: Tried to destroy actor that does not exist actor_id=3dfac13f0476aa5e703b04ef01000000
[2025-06-26 10:08:50,425 I 2287946 2287946] (gcs_server) gcs_actor_manager.cc:1072: Destroying actor job_id=01000000 actor_id=2b0cd989a34275f223d11dbd01000000
[2025-06-26 10:08:50,426 I 2287946 2287946] (gcs_server) gcs_actor_manager.cc:1051: Actor bfb6d98e3a9134cb96373bad01000000 has no references, destroying actor, job id = 01000000
[2025-06-26 10:08:50,426 I 2287946 2287946] (gcs_server) gcs_actor_manager.cc:1051: Actor 2b0cd989a34275f223d11dbd01000000 has no references, destroying actor, job id = 01000000
[2025-06-26 10:08:50,944 I 2287946 2287946] (gcs_server) gcs_job_manager.cc:156: Finished marking job state, job id = 01000000
[2025-06-26 10:08:50,972 I 2287946 2287946] (gcs_server) gcs_node_manager.cc:386: Removing node, node name = 192.168.10.101, death reason = EXPECTED_TERMINATION, death message = received SIGTERM node_id=00b525d75a2df2c9be6375fa6bf026730b2c503f38f2e7b94b23702e
[2025-06-26 10:08:50,972 I 2287946 2287946] (gcs_server) gcs_placement_group_mgr.cc:802: Node is dead, rescheduling the placement groups on the dead node. node_id=00b525d75a2df2c9be6375fa6bf026730b2c503f38f2e7b94b23702e
[2025-06-26 10:08:50,972 I 2287946 2287946] (gcs_server) gcs_actor_manager.cc:1325: Node is dead, reconstructing actors. node_id=00b525d75a2df2c9be6375fa6bf026730b2c503f38f2e7b94b23702e
[2025-06-26 10:08:50,972 I 2287946 2287946] (gcs_server) gcs_job_manager.cc:478: Node is dead, mark all jobs from this node as finished node_id=00b525d75a2df2c9be6375fa6bf026730b2c503f38f2e7b94b23702e
[2025-06-26 10:08:51,182 I 2287946 2287995] (gcs_server) ray_syncer_bidi_reactor_base.h:182: Failed to read the message from: 00b525d75a2df2c9be6375fa6bf026730b2c503f38f2e7b94b23702e
[2025-06-26 10:08:51,182 I 2287946 2287995] (gcs_server) ray_syncer.cc:241: Connection is broken. node_id=00b525d75a2df2c9be6375fa6bf026730b2c503f38f2e7b94b23702e
[2025-06-26 10:08:51,186 I 2287946 2287946] (gcs_server) gcs_server_main.cc:172: GCS server received SIGTERM, shutting down...
[2025-06-26 10:08:51,187 I 2287946 2287946] (gcs_server) gcs_server.cc:271: Stopping GCS server.
[2025-06-26 10:08:51,241 I 2287946 2287946] (gcs_server) gcs_server.cc:288: GCS server stopped.
[2025-06-26 10:08:51,241 I 2287946 2287946] (gcs_server) io_service_pool.cc:48: IOServicePool is stopped.
[2025-06-26 10:08:51,303 I 2287946 2287946] (gcs_server) stats.h:120: Stats module has shutdown.
