[2025-06-26 10:08:37,630 I 2288166 2288166] (raylet) main.cc:226: Setting cluster ID to: 9f3fa5612c73d47271ba06a15077599a5d7d78b61bc8afcb64254744
[2025-06-26 10:08:37,636 I 2288166 2288166] (raylet) main.cc:341: Raylet is not set to kill unknown children.
[2025-06-26 10:08:37,636 I 2288166 2288166] (raylet) io_service_pool.cc:36: IOServicePool is running with 1 io_service.
[2025-06-26 10:08:37,636 I 2288166 2288166] (raylet) main.cc:469: Setting node ID node_id=00b525d75a2df2c9be6375fa6bf026730b2c503f38f2e7b94b23702e
[2025-06-26 10:08:37,636 I 2288166 2288166] (raylet) store_runner.cc:50: Allowing the Plasma store to use up to 68.7195GB of memory.
[2025-06-26 10:08:37,636 I 2288166 2288166] (raylet) store_runner.cc:66: Starting object store with directory /dev/shm, fallback /home/shuzuan/prj/ComfyUI-xDit/ray_temp/session_2025-06-26_10-08-36_639363_2287731, and huge page support disabled
[2025-06-26 10:08:37,637 I 2288166 2288196] (raylet) dlmalloc.cc:324: Setting dlmalloc config: plasma_directory=/dev/shm, fallback_directory=/home/shuzuan/prj/ComfyUI-xDit/ray_temp/session_2025-06-26_10-08-36_639363_2287731, hugepage_enabled=0, fallback_enabled=1
[2025-06-26 10:08:37,637 I 2288166 2288196] (raylet) dlmalloc.cc:153: create_and_mmap_buffer(68719476744, /dev/shm/plasmaXXXXXX)
[2025-06-26 10:08:37,637 I 2288166 2288196] (raylet) store.cc:576: Plasma store debug dump: 
Current usage: 0 / 68.7195 GB
- num bytes created total: 0
0 pending objects of total size 0MB
- objects spillable: 0
- bytes spillable: 0
- objects unsealed: 0
- bytes unsealed: 0
- objects in use: 0
- bytes in use: 0
- objects evictable: 0
- bytes evictable: 0

- objects created by worker: 0
- bytes created by worker: 0
- objects restored: 0
- bytes restored: 0
- objects received: 0
- bytes received: 0
- objects errored: 0
- bytes errored: 0

[2025-06-26 10:08:37,639 I 2288166 2288166] (raylet) grpc_server.cc:141: ObjectManager server started, listening on port 37973.
[2025-06-26 10:08:37,641 I 2288166 2288166] (raylet) worker_killing_policy.cc:107: Running GroupByOwner policy.
[2025-06-26 10:08:37,641 W 2288166 2288166] (raylet) memory_monitor.cc:198: Got negative used memory for cgroup -1, setting it to zero
[2025-06-26 10:08:37,641 I 2288166 2288166] (raylet) memory_monitor.cc:48: MemoryMonitor initialized with usage threshold at 256695140352 bytes (0.95 system memory), total system memory bytes: 270205427712
[2025-06-26 10:08:37,641 I 2288166 2288166] (raylet) node_manager.cc:227: Initializing NodeManager node_id=00b525d75a2df2c9be6375fa6bf026730b2c503f38f2e7b94b23702e
[2025-06-26 10:08:37,642 I 2288166 2288166] (raylet) grpc_server.cc:141: NodeManager server started, listening on port 44679.
[2025-06-26 10:08:37,649 I 2288166 2288242] (raylet) agent_manager.cc:80: Monitor agent process with name dashboard_agent
[2025-06-26 10:08:37,649 I 2288166 2288166] (raylet) event.cc:500: Ray Event initialized for RAYLET
[2025-06-26 10:08:37,649 I 2288166 2288244] (raylet) agent_manager.cc:80: Monitor agent process with name runtime_env_agent
[2025-06-26 10:08:37,649 I 2288166 2288166] (raylet) event.cc:331: Set ray event level to warning
[2025-06-26 10:08:37,650 I 2288166 2288166] (raylet) raylet.cc:260: Raylet of id, 00b525d75a2df2c9be6375fa6bf026730b2c503f38f2e7b94b23702e started. Raylet consists of node_manager and object_manager. node_manager address: 192.168.10.101:44679 object_manager address: 192.168.10.101:37973 hostname: vm-ubuntu1
[2025-06-26 10:08:37,652 I 2288166 2288166] (raylet) node_manager.cc:450: [state-dump] NodeManager:
[state-dump] Node ID: 00b525d75a2df2c9be6375fa6bf026730b2c503f38f2e7b94b23702e
[state-dump] Node name: 192.168.10.101
[state-dump] InitialConfigResources: {node:192.168.10.101: 1, accelerator_type:G: 1, node:__internal_head__: 1, memory: 1.97172e+11, CPU: 96, object_store_memory: 6.87195e+10, GPU: 8}
[state-dump] ClusterTaskManager:
[state-dump] ========== Node: 00b525d75a2df2c9be6375fa6bf026730b2c503f38f2e7b94b23702e =================
[state-dump] Infeasible queue length: 0
[state-dump] Schedule queue length: 0
[state-dump] Dispatch queue length: 0
[state-dump] num_waiting_for_resource: 0
[state-dump] num_waiting_for_plasma_memory: 0
[state-dump] num_waiting_for_remote_node_resources: 0
[state-dump] num_worker_not_started_by_job_config_not_exist: 0
[state-dump] num_worker_not_started_by_registration_timeout: 0
[state-dump] num_tasks_waiting_for_workers: 0
[state-dump] num_cancelled_tasks: 0
[state-dump] cluster_resource_scheduler state: 
[state-dump] Local id: 5101110556494922725 Local resources: {"total":{accelerator_type:G: [10000], node:192.168.10.101: [10000], GPU: [10000, 10000, 10000, 10000, 10000, 10000, 10000, 10000], CPU: [960000], memory: [1971717324800000], node:__internal_head__: [10000], object_store_memory: [687194767360000]}}, "available": {CPU: [960000], node:__internal_head__: [10000], memory: [1971717324800000], object_store_memory: [687194767360000], accelerator_type:G: [10000], node:192.168.10.101: [10000], GPU: [10000, 10000, 10000, 10000, 10000, 10000, 10000, 10000]}}, "labels":{"ray.io/node_id":"00b525d75a2df2c9be6375fa6bf026730b2c503f38f2e7b94b23702e",} is_draining: 0 is_idle: 1 Cluster resources (at most 20 nodes are shown): node id: 5101110556494922725{"total":{accelerator_type:G: 10000, GPU: 80000, node:__internal_head__: 10000, memory: 1971717324800000, CPU: 960000, object_store_memory: 687194767360000, node:192.168.10.101: 10000}}, "available": {GPU: 80000, node:192.168.10.101: 10000, memory: 1971717324800000, node:__internal_head__: 10000, object_store_memory: 687194767360000, CPU: 960000, accelerator_type:G: 10000}}, "labels":{"ray.io/node_id":"00b525d75a2df2c9be6375fa6bf026730b2c503f38f2e7b94b23702e",}, "is_draining": 0, "draining_deadline_timestamp_ms": -1} { "placement group locations": [], "node to bundles": []}
[state-dump] Waiting tasks size: 0
[state-dump] Number of executing tasks: 0
[state-dump] Number of pinned task arguments: 0
[state-dump] Number of total spilled tasks: 0
[state-dump] Number of spilled waiting tasks: 0
[state-dump] Number of spilled unschedulable tasks: 0
[state-dump] Resource usage {
[state-dump] }
[state-dump] Backlog Size per scheduling descriptor :{workerId: num backlogs}:
[state-dump] 
[state-dump] Running tasks by scheduling class:
[state-dump] ==================================================
[state-dump] 
[state-dump] ClusterResources:
[state-dump] LocalObjectManager:
[state-dump] - num pinned objects: 0
[state-dump] - pinned objects size: 0
[state-dump] - num objects pending restore: 0
[state-dump] - num objects pending spill: 0
[state-dump] - num bytes pending spill: 0
[state-dump] - num bytes currently spilled: 0
[state-dump] - cumulative spill requests: 0
[state-dump] - cumulative restore requests: 0
[state-dump] - spilled objects pending delete: 0
[state-dump] 
[state-dump] ObjectManager:
[state-dump] - num local objects: 0
[state-dump] - num unfulfilled push requests: 0
[state-dump] - num object pull requests: 0
[state-dump] - num chunks received total: 0
[state-dump] - num chunks received failed (all): 0
[state-dump] - num chunks received failed / cancelled: 0
[state-dump] - num chunks received failed / plasma error: 0
[state-dump] Event stats:
[state-dump] Global stats: 0 total (0 active)
[state-dump] Queueing time: mean = -nan s, max = -0.000 s, min = 9223372036.855 s, total = 0.000 s
[state-dump] Execution time:  mean = -nan s, total = 0.000 s
[state-dump] Event stats:
[state-dump] PushManager:
[state-dump] - num pushes in flight: 0
[state-dump] - num chunks in flight: 0
[state-dump] - num chunks remaining: 0
[state-dump] - max chunks allowed: 409
[state-dump] OwnershipBasedObjectDirectory:
[state-dump] - num listeners: 0
[state-dump] - cumulative location updates: 0
[state-dump] - num location updates per second: 0.000
[state-dump] - num location lookups per second: 0.000
[state-dump] - num locations added per second: 0.000
[state-dump] - num locations removed per second: 0.000
[state-dump] BufferPool:
[state-dump] - create buffer state map size: 0
[state-dump] PullManager:
[state-dump] - num bytes available for pulled objects: 68719476736
[state-dump] - num bytes being pulled (all): 0
[state-dump] - num bytes being pulled / pinned: 0
[state-dump] - get request bundles: BundlePullRequestQueue{0 total, 0 active, 0 inactive, 0 unpullable}
[state-dump] - wait request bundles: BundlePullRequestQueue{0 total, 0 active, 0 inactive, 0 unpullable}
[state-dump] - task request bundles: BundlePullRequestQueue{0 total, 0 active, 0 inactive, 0 unpullable}
[state-dump] - first get request bundle: N/A
[state-dump] - first wait request bundle: N/A
[state-dump] - first task request bundle: N/A
[state-dump] - num objects queued: 0
[state-dump] - num objects actively pulled (all): 0
[state-dump] - num objects actively pulled / pinned: 0
[state-dump] - num bundles being pulled: 0
[state-dump] - num pull retries: 0
[state-dump] - max timeout seconds: 0
[state-dump] - max timeout request is already processed. No entry.
[state-dump] 
[state-dump] WorkerPool:
[state-dump] - registered jobs: 0
[state-dump] - process_failed_job_config_missing: 0
[state-dump] - process_failed_rate_limited: 0
[state-dump] - process_failed_pending_registration: 0
[state-dump] - process_failed_runtime_env_setup_failed: 0
[state-dump] - num PYTHON workers: 0
[state-dump] - num PYTHON drivers: 0
[state-dump] - num PYTHON pending start requests: 0
[state-dump] - num PYTHON pending registration requests: 0
[state-dump] - num object spill callbacks queued: 0
[state-dump] - num object restore queued: 0
[state-dump] - num util functions queued: 0
[state-dump] - num JAVA workers: 0
[state-dump] - num JAVA drivers: 0
[state-dump] - num JAVA pending start requests: 0
[state-dump] - num JAVA pending registration requests: 0
[state-dump] - num object spill callbacks queued: 0
[state-dump] - num object restore queued: 0
[state-dump] - num util functions queued: 0
[state-dump] - num idle workers: 0
[state-dump] TaskDependencyManager:
[state-dump] - task deps map size: 0
[state-dump] - get req map size: 0
[state-dump] - wait req map size: 0
[state-dump] - local objects map size: 0
[state-dump] WaitManager:
[state-dump] - num active wait requests: 0
[state-dump] Subscriber:
[state-dump] Channel WORKER_OBJECT_LOCATIONS_CHANNEL
[state-dump] - cumulative subscribe requests: 0
[state-dump] - cumulative unsubscribe requests: 0
[state-dump] - active subscribed publishers: 0
[state-dump] - cumulative published messages: 0
[state-dump] - cumulative processed messages: 0
[state-dump] Channel WORKER_REF_REMOVED_CHANNEL
[state-dump] - cumulative subscribe requests: 0
[state-dump] - cumulative unsubscribe requests: 0
[state-dump] - active subscribed publishers: 0
[state-dump] - cumulative published messages: 0
[state-dump] - cumulative processed messages: 0
[state-dump] Channel WORKER_OBJECT_EVICTION
[state-dump] - cumulative subscribe requests: 0
[state-dump] - cumulative unsubscribe requests: 0
[state-dump] - active subscribed publishers: 0
[state-dump] - cumulative published messages: 0
[state-dump] - cumulative processed messages: 0
[state-dump] num async plasma notifications: 0
[state-dump] Event stats:
[state-dump] Global stats: 29 total (14 active)
[state-dump] Queueing time: mean = 1.350 ms, max = 8.436 ms, min = 18.749 us, total = 39.160 ms
[state-dump] Execution time:  mean = 626.551 us, total = 18.170 ms
[state-dump] Event stats:
[state-dump] 	PeriodicalRunner.RunFnPeriodically - 12 total (2 active, 1 running), Execution time: mean = 134.544 us, total = 1.615 ms, Queueing time: mean = 3.260 ms, max = 8.436 ms, min = 27.403 us, total = 39.121 ms
[state-dump] 	RayletWorkerPool.deadline_timer.kill_idle_workers - 1 total (1 active), Execution time: mean = 0.000 s, total = 0.000 s, Queueing time: mean = 0.000 s, max = -0.000 s, min = 9223372036.855 s, total = 0.000 s
[state-dump] 	ray::rpc::InternalPubSubGcsService.grpc_client.GcsSubscriberCommandBatch - 1 total (0 active), Execution time: mean = 576.785 us, total = 576.785 us, Queueing time: mean = 0.000 s, max = -0.000 s, min = 9223372036.855 s, total = 0.000 s
[state-dump] 	NodeManager.ScheduleAndDispatchTasks - 1 total (1 active), Execution time: mean = 0.000 s, total = 0.000 s, Queueing time: mean = 0.000 s, max = -0.000 s, min = 9223372036.855 s, total = 0.000 s
[state-dump] 	ray::rpc::NodeInfoGcsService.grpc_client.RegisterNode - 1 total (0 active), Execution time: mean = 885.021 us, total = 885.021 us, Queueing time: mean = 0.000 s, max = -0.000 s, min = 9223372036.855 s, total = 0.000 s
[state-dump] 	MemoryMonitor.CheckIsMemoryUsageAboveThreshold - 1 total (1 active), Execution time: mean = 0.000 s, total = 0.000 s, Queueing time: mean = 0.000 s, max = -0.000 s, min = 9223372036.855 s, total = 0.000 s
[state-dump] 	NodeManager.deadline_timer.spill_objects_when_over_threshold - 1 total (1 active), Execution time: mean = 0.000 s, total = 0.000 s, Queueing time: mean = 0.000 s, max = -0.000 s, min = 9223372036.855 s, total = 0.000 s
[state-dump] 	NodeManager.CheckForUnexpectedWorkerDisconnects - 1 total (1 active), Execution time: mean = 0.000 s, total = 0.000 s, Queueing time: mean = 0.000 s, max = -0.000 s, min = 9223372036.855 s, total = 0.000 s
[state-dump] 	NodeManager.deadline_timer.record_metrics - 1 total (1 active), Execution time: mean = 0.000 s, total = 0.000 s, Queueing time: mean = 0.000 s, max = -0.000 s, min = 9223372036.855 s, total = 0.000 s
[state-dump] 	ray::rpc::InternalKVGcsService.grpc_client.GetInternalConfig.OnReplyReceived - 1 total (0 active), Execution time: mean = 13.926 ms, total = 13.926 ms, Queueing time: mean = 18.749 us, max = 18.749 us, min = 18.749 us, total = 18.749 us
[state-dump] 	ray::rpc::NodeInfoGcsService.grpc_client.RegisterNode.OnReplyReceived - 1 total (0 active), Execution time: mean = 245.833 us, total = 245.833 us, Queueing time: mean = 20.974 us, max = 20.974 us, min = 20.974 us, total = 20.974 us
[state-dump] 	NodeManager.deadline_timer.debug_state_dump - 1 total (1 active), Execution time: mean = 0.000 s, total = 0.000 s, Queueing time: mean = 0.000 s, max = -0.000 s, min = 9223372036.855 s, total = 0.000 s
[state-dump] 	NodeManager.deadline_timer.flush_free_objects - 1 total (1 active), Execution time: mean = 0.000 s, total = 0.000 s, Queueing time: mean = 0.000 s, max = -0.000 s, min = 9223372036.855 s, total = 0.000 s
[state-dump] 	ray::rpc::InternalPubSubGcsService.grpc_client.GcsSubscriberCommandBatch.OnReplyReceived - 1 total (1 active), Execution time: mean = 0.000 s, total = 0.000 s, Queueing time: mean = 0.000 s, max = -0.000 s, min = 9223372036.855 s, total = 0.000 s
[state-dump] 	ray::rpc::InternalKVGcsService.grpc_client.GetInternalConfig - 1 total (0 active), Execution time: mean = 922.024 us, total = 922.024 us, Queueing time: mean = 0.000 s, max = -0.000 s, min = 9223372036.855 s, total = 0.000 s
[state-dump] 	NodeManager.GCTaskFailureReason - 1 total (1 active), Execution time: mean = 0.000 s, total = 0.000 s, Queueing time: mean = 0.000 s, max = -0.000 s, min = 9223372036.855 s, total = 0.000 s
[state-dump] 	ClusterResourceManager.ResetRemoteNodeView - 1 total (1 active), Execution time: mean = 0.000 s, total = 0.000 s, Queueing time: mean = 0.000 s, max = -0.000 s, min = 9223372036.855 s, total = 0.000 s
[state-dump] 	ray::rpc::InternalPubSubGcsService.grpc_client.GcsSubscriberPoll - 1 total (1 active), Execution time: mean = 0.000 s, total = 0.000 s, Queueing time: mean = 0.000 s, max = -0.000 s, min = 9223372036.855 s, total = 0.000 s
[state-dump] DebugString() time ms: 0
[state-dump] 
[state-dump] 
[2025-06-26 10:08:37,653 I 2288166 2288166] (raylet) accessor.cc:768: Received notification for node, IsAlive = 1 node_id=00b525d75a2df2c9be6375fa6bf026730b2c503f38f2e7b94b23702e
[2025-06-26 10:08:37,663 I 2288166 2288166] (raylet) worker_pool.cc:527: Started worker process with pid 2288283, the token is 0
[2025-06-26 10:08:37,667 I 2288166 2288166] (raylet) worker_pool.cc:527: Started worker process with pid 2288286, the token is 1
[2025-06-26 10:08:37,670 I 2288166 2288166] (raylet) worker_pool.cc:527: Started worker process with pid 2288287, the token is 2
[2025-06-26 10:08:37,673 I 2288166 2288166] (raylet) worker_pool.cc:527: Started worker process with pid 2288288, the token is 3
[2025-06-26 10:08:37,676 I 2288166 2288166] (raylet) worker_pool.cc:527: Started worker process with pid 2288289, the token is 4
[2025-06-26 10:08:37,679 I 2288166 2288166] (raylet) worker_pool.cc:527: Started worker process with pid 2288290, the token is 5
[2025-06-26 10:08:37,681 I 2288166 2288166] (raylet) worker_pool.cc:527: Started worker process with pid 2288291, the token is 6
[2025-06-26 10:08:37,684 I 2288166 2288166] (raylet) worker_pool.cc:527: Started worker process with pid 2288293, the token is 7
[2025-06-26 10:08:37,687 I 2288166 2288166] (raylet) worker_pool.cc:527: Started worker process with pid 2288294, the token is 8
[2025-06-26 10:08:37,690 I 2288166 2288166] (raylet) worker_pool.cc:527: Started worker process with pid 2288295, the token is 9
[2025-06-26 10:08:37,693 I 2288166 2288166] (raylet) worker_pool.cc:527: Started worker process with pid 2288296, the token is 10
[2025-06-26 10:08:37,696 I 2288166 2288166] (raylet) worker_pool.cc:527: Started worker process with pid 2288297, the token is 11
[2025-06-26 10:08:37,699 I 2288166 2288166] (raylet) worker_pool.cc:527: Started worker process with pid 2288298, the token is 12
[2025-06-26 10:08:37,702 I 2288166 2288166] (raylet) worker_pool.cc:527: Started worker process with pid 2288299, the token is 13
[2025-06-26 10:08:37,705 I 2288166 2288166] (raylet) worker_pool.cc:527: Started worker process with pid 2288300, the token is 14
[2025-06-26 10:08:37,708 I 2288166 2288166] (raylet) worker_pool.cc:527: Started worker process with pid 2288301, the token is 15
[2025-06-26 10:08:37,711 I 2288166 2288166] (raylet) worker_pool.cc:527: Started worker process with pid 2288302, the token is 16
[2025-06-26 10:08:37,714 I 2288166 2288166] (raylet) worker_pool.cc:527: Started worker process with pid 2288303, the token is 17
[2025-06-26 10:08:37,717 I 2288166 2288166] (raylet) worker_pool.cc:527: Started worker process with pid 2288304, the token is 18
[2025-06-26 10:08:37,720 I 2288166 2288166] (raylet) worker_pool.cc:527: Started worker process with pid 2288305, the token is 19
[2025-06-26 10:08:37,723 I 2288166 2288166] (raylet) worker_pool.cc:527: Started worker process with pid 2288306, the token is 20
[2025-06-26 10:08:37,726 I 2288166 2288166] (raylet) worker_pool.cc:527: Started worker process with pid 2288307, the token is 21
[2025-06-26 10:08:37,729 I 2288166 2288166] (raylet) worker_pool.cc:527: Started worker process with pid 2288308, the token is 22
[2025-06-26 10:08:37,732 I 2288166 2288166] (raylet) worker_pool.cc:527: Started worker process with pid 2288309, the token is 23
[2025-06-26 10:08:37,735 I 2288166 2288166] (raylet) worker_pool.cc:527: Started worker process with pid 2288310, the token is 24
[2025-06-26 10:08:37,738 I 2288166 2288166] (raylet) worker_pool.cc:527: Started worker process with pid 2288311, the token is 25
[2025-06-26 10:08:37,742 I 2288166 2288166] (raylet) worker_pool.cc:527: Started worker process with pid 2288314, the token is 26
[2025-06-26 10:08:37,745 I 2288166 2288166] (raylet) worker_pool.cc:527: Started worker process with pid 2288315, the token is 27
[2025-06-26 10:08:37,749 I 2288166 2288166] (raylet) worker_pool.cc:527: Started worker process with pid 2288316, the token is 28
[2025-06-26 10:08:37,752 I 2288166 2288166] (raylet) worker_pool.cc:527: Started worker process with pid 2288317, the token is 29
[2025-06-26 10:08:37,755 I 2288166 2288166] (raylet) worker_pool.cc:527: Started worker process with pid 2288318, the token is 30
[2025-06-26 10:08:37,759 I 2288166 2288166] (raylet) worker_pool.cc:527: Started worker process with pid 2288319, the token is 31
[2025-06-26 10:08:37,762 I 2288166 2288166] (raylet) worker_pool.cc:527: Started worker process with pid 2288321, the token is 32
[2025-06-26 10:08:37,766 I 2288166 2288166] (raylet) worker_pool.cc:527: Started worker process with pid 2288322, the token is 33
[2025-06-26 10:08:37,769 I 2288166 2288166] (raylet) worker_pool.cc:527: Started worker process with pid 2288323, the token is 34
[2025-06-26 10:08:37,773 I 2288166 2288166] (raylet) worker_pool.cc:527: Started worker process with pid 2288324, the token is 35
[2025-06-26 10:08:37,776 I 2288166 2288166] (raylet) worker_pool.cc:527: Started worker process with pid 2288325, the token is 36
[2025-06-26 10:08:37,780 I 2288166 2288166] (raylet) worker_pool.cc:527: Started worker process with pid 2288326, the token is 37
[2025-06-26 10:08:37,783 I 2288166 2288166] (raylet) worker_pool.cc:527: Started worker process with pid 2288327, the token is 38
[2025-06-26 10:08:37,787 I 2288166 2288166] (raylet) worker_pool.cc:527: Started worker process with pid 2288328, the token is 39
[2025-06-26 10:08:37,791 I 2288166 2288166] (raylet) worker_pool.cc:527: Started worker process with pid 2288329, the token is 40
[2025-06-26 10:08:37,794 I 2288166 2288166] (raylet) worker_pool.cc:527: Started worker process with pid 2288330, the token is 41
[2025-06-26 10:08:37,798 I 2288166 2288166] (raylet) worker_pool.cc:527: Started worker process with pid 2288331, the token is 42
[2025-06-26 10:08:37,801 I 2288166 2288166] (raylet) worker_pool.cc:527: Started worker process with pid 2288333, the token is 43
[2025-06-26 10:08:37,805 I 2288166 2288166] (raylet) worker_pool.cc:527: Started worker process with pid 2288334, the token is 44
[2025-06-26 10:08:37,809 I 2288166 2288166] (raylet) worker_pool.cc:527: Started worker process with pid 2288335, the token is 45
[2025-06-26 10:08:37,812 I 2288166 2288166] (raylet) worker_pool.cc:527: Started worker process with pid 2288336, the token is 46
[2025-06-26 10:08:37,816 I 2288166 2288166] (raylet) worker_pool.cc:527: Started worker process with pid 2288338, the token is 47
[2025-06-26 10:08:37,820 I 2288166 2288166] (raylet) worker_pool.cc:527: Started worker process with pid 2288339, the token is 48
[2025-06-26 10:08:37,824 I 2288166 2288166] (raylet) worker_pool.cc:527: Started worker process with pid 2288340, the token is 49
[2025-06-26 10:08:37,828 I 2288166 2288166] (raylet) worker_pool.cc:527: Started worker process with pid 2288341, the token is 50
[2025-06-26 10:08:37,831 I 2288166 2288166] (raylet) worker_pool.cc:527: Started worker process with pid 2288343, the token is 51
[2025-06-26 10:08:37,835 I 2288166 2288166] (raylet) worker_pool.cc:527: Started worker process with pid 2288344, the token is 52
[2025-06-26 10:08:37,839 I 2288166 2288166] (raylet) worker_pool.cc:527: Started worker process with pid 2288345, the token is 53
[2025-06-26 10:08:37,842 I 2288166 2288166] (raylet) worker_pool.cc:527: Started worker process with pid 2288346, the token is 54
[2025-06-26 10:08:37,846 I 2288166 2288166] (raylet) worker_pool.cc:527: Started worker process with pid 2288348, the token is 55
[2025-06-26 10:08:37,850 I 2288166 2288166] (raylet) worker_pool.cc:527: Started worker process with pid 2288349, the token is 56
[2025-06-26 10:08:37,855 I 2288166 2288166] (raylet) worker_pool.cc:527: Started worker process with pid 2288350, the token is 57
[2025-06-26 10:08:37,859 I 2288166 2288166] (raylet) worker_pool.cc:527: Started worker process with pid 2288351, the token is 58
[2025-06-26 10:08:37,863 I 2288166 2288166] (raylet) worker_pool.cc:527: Started worker process with pid 2288352, the token is 59
[2025-06-26 10:08:37,867 I 2288166 2288166] (raylet) worker_pool.cc:527: Started worker process with pid 2288353, the token is 60
[2025-06-26 10:08:37,871 I 2288166 2288166] (raylet) worker_pool.cc:527: Started worker process with pid 2288354, the token is 61
[2025-06-26 10:08:37,876 I 2288166 2288166] (raylet) worker_pool.cc:527: Started worker process with pid 2288355, the token is 62
[2025-06-26 10:08:37,880 I 2288166 2288166] (raylet) worker_pool.cc:527: Started worker process with pid 2288356, the token is 63
[2025-06-26 10:08:37,884 I 2288166 2288166] (raylet) worker_pool.cc:527: Started worker process with pid 2288357, the token is 64
[2025-06-26 10:08:37,888 I 2288166 2288166] (raylet) worker_pool.cc:527: Started worker process with pid 2288358, the token is 65
[2025-06-26 10:08:37,893 I 2288166 2288166] (raylet) worker_pool.cc:527: Started worker process with pid 2288359, the token is 66
[2025-06-26 10:08:37,898 I 2288166 2288166] (raylet) worker_pool.cc:527: Started worker process with pid 2288360, the token is 67
[2025-06-26 10:08:37,903 I 2288166 2288166] (raylet) worker_pool.cc:527: Started worker process with pid 2288361, the token is 68
[2025-06-26 10:08:37,908 I 2288166 2288166] (raylet) worker_pool.cc:527: Started worker process with pid 2288362, the token is 69
[2025-06-26 10:08:37,912 I 2288166 2288166] (raylet) worker_pool.cc:527: Started worker process with pid 2288363, the token is 70
[2025-06-26 10:08:37,917 I 2288166 2288166] (raylet) worker_pool.cc:527: Started worker process with pid 2288364, the token is 71
[2025-06-26 10:08:37,921 I 2288166 2288166] (raylet) worker_pool.cc:527: Started worker process with pid 2288365, the token is 72
[2025-06-26 10:08:37,926 I 2288166 2288166] (raylet) worker_pool.cc:527: Started worker process with pid 2288366, the token is 73
[2025-06-26 10:08:37,930 I 2288166 2288166] (raylet) worker_pool.cc:527: Started worker process with pid 2288367, the token is 74
[2025-06-26 10:08:37,935 I 2288166 2288166] (raylet) worker_pool.cc:527: Started worker process with pid 2288368, the token is 75
[2025-06-26 10:08:37,941 I 2288166 2288166] (raylet) worker_pool.cc:527: Started worker process with pid 2288369, the token is 76
[2025-06-26 10:08:37,945 I 2288166 2288166] (raylet) worker_pool.cc:527: Started worker process with pid 2288370, the token is 77
[2025-06-26 10:08:37,950 I 2288166 2288166] (raylet) worker_pool.cc:527: Started worker process with pid 2288372, the token is 78
[2025-06-26 10:08:37,955 I 2288166 2288166] (raylet) worker_pool.cc:527: Started worker process with pid 2288373, the token is 79
[2025-06-26 10:08:37,960 I 2288166 2288166] (raylet) worker_pool.cc:527: Started worker process with pid 2288374, the token is 80
[2025-06-26 10:08:37,965 I 2288166 2288166] (raylet) worker_pool.cc:527: Started worker process with pid 2288376, the token is 81
[2025-06-26 10:08:37,984 I 2288166 2288166] (raylet) worker_pool.cc:527: Started worker process with pid 2288379, the token is 82
[2025-06-26 10:08:37,988 I 2288166 2288166] (raylet) worker_pool.cc:527: Started worker process with pid 2288380, the token is 83
[2025-06-26 10:08:37,993 I 2288166 2288166] (raylet) worker_pool.cc:527: Started worker process with pid 2288381, the token is 84
[2025-06-26 10:08:37,998 I 2288166 2288166] (raylet) worker_pool.cc:527: Started worker process with pid 2288385, the token is 85
[2025-06-26 10:08:38,003 I 2288166 2288166] (raylet) worker_pool.cc:527: Started worker process with pid 2288389, the token is 86
[2025-06-26 10:08:38,009 I 2288166 2288166] (raylet) worker_pool.cc:527: Started worker process with pid 2288412, the token is 87
[2025-06-26 10:08:38,014 I 2288166 2288166] (raylet) worker_pool.cc:527: Started worker process with pid 2288414, the token is 88
[2025-06-26 10:08:38,019 I 2288166 2288166] (raylet) worker_pool.cc:527: Started worker process with pid 2288420, the token is 89
[2025-06-26 10:08:38,025 I 2288166 2288166] (raylet) worker_pool.cc:527: Started worker process with pid 2288423, the token is 90
[2025-06-26 10:08:38,030 I 2288166 2288166] (raylet) worker_pool.cc:527: Started worker process with pid 2288431, the token is 91
[2025-06-26 10:08:38,035 I 2288166 2288166] (raylet) worker_pool.cc:527: Started worker process with pid 2288474, the token is 92
[2025-06-26 10:08:38,044 I 2288166 2288166] (raylet) worker_pool.cc:527: Started worker process with pid 2288478, the token is 93
[2025-06-26 10:08:38,049 I 2288166 2288166] (raylet) worker_pool.cc:527: Started worker process with pid 2288505, the token is 94
[2025-06-26 10:08:38,056 I 2288166 2288166] (raylet) worker_pool.cc:527: Started worker process with pid 2288506, the token is 95
[2025-06-26 10:08:38,068 I 2288166 2288196] (raylet) object_store.cc:38: Object store current usage 8e-09 / 68.7195 GB.
[2025-06-26 10:08:38,601 I 2288166 2288166] (raylet) worker_pool.cc:724: Job 01000000 already started in worker pool.
[2025-06-26 10:08:42,809 W 2288166 2288166] (raylet) memory_monitor.cc:198: Got negative used memory for cgroup -1, setting it to zero
[2025-06-26 10:08:47,650 W 2288166 2288190] (raylet) metric_exporter.cc:105: [1] Export metrics to agent failed: RpcError: RPC Error message: failed to connect to all addresses; last error: UNKNOWN: ipv4:127.0.0.1:64549: Failed to connect to remote host: Connection refused; RPC Error details:  rpc_code: 14. This won't affect Ray, but you can lose metrics from the cluster.
[2025-06-26 10:08:47,812 W 2288166 2288166] (raylet) memory_monitor.cc:198: Got negative used memory for cgroup -1, setting it to zero
[2025-06-26 10:08:50,440 I 2288166 2288166] (raylet) node_manager.cc:1523: Disconnecting client, graceful=true, disconnect_type=1, has_creation_task_exception=false worker_id=2b9b206f856f5ccb2db32fd50b968aa6214a784ffaca0659d91a3d38
[2025-06-26 10:08:50,440 I 2288166 2288166] (raylet) node_manager.cc:1523: Disconnecting client, graceful=true, disconnect_type=1, has_creation_task_exception=false worker_id=57b1848c8dfc003cc31e7c954dce6013dd3ebd02cce354b5e69d32ef
[2025-06-26 10:08:50,441 I 2288166 2288166] (raylet) node_manager.cc:1523: Disconnecting client, graceful=true, disconnect_type=1, has_creation_task_exception=false worker_id=faa28dbee4c247323a145a0e1b015c6c2e164af6346019634889e91e
[2025-06-26 10:08:50,441 I 2288166 2288166] (raylet) node_manager.cc:1523: Disconnecting client, graceful=true, disconnect_type=1, has_creation_task_exception=false worker_id=d163814162b8ba7fab8c49ce843a38995a7f8b1becb121ecea9bb1b7
[2025-06-26 10:08:50,442 I 2288166 2288166] (raylet) node_manager.cc:1523: Disconnecting client, graceful=true, disconnect_type=1, has_creation_task_exception=false worker_id=823780dc8738c715494cfb11e968a73a7eee649819a6f814bc920549
[2025-06-26 10:08:50,442 I 2288166 2288166] (raylet) node_manager.cc:1523: Disconnecting client, graceful=true, disconnect_type=1, has_creation_task_exception=false worker_id=614a05d2a1b58ae8919d5ec3d9142a72325d9e52778fbd897bf14f60
[2025-06-26 10:08:50,442 I 2288166 2288166] (raylet) node_manager.cc:1523: Disconnecting client, graceful=true, disconnect_type=1, has_creation_task_exception=false worker_id=3a79cf10064c6aa2a61ae985b96f57d0ad96f77f8c492316207b381a
[2025-06-26 10:08:50,442 I 2288166 2288166] (raylet) node_manager.cc:1523: Disconnecting client, graceful=true, disconnect_type=1, has_creation_task_exception=false worker_id=aa837c9e87485cb7116057be533985fcd5261b55e5eb398b8df842d1
[2025-06-26 10:08:50,487 W 2288166 2288196] (raylet) store.cc:368: Disconnecting client due to connection error with code 2: End of file
[2025-06-26 10:08:50,488 W 2288166 2288196] (raylet) store.cc:368: Disconnecting client due to connection error with code 2: End of file
[2025-06-26 10:08:50,488 W 2288166 2288196] (raylet) store.cc:368: Disconnecting client due to connection error with code 2: End of file
[2025-06-26 10:08:50,488 W 2288166 2288196] (raylet) store.cc:368: Disconnecting client due to connection error with code 2: End of file
[2025-06-26 10:08:50,488 W 2288166 2288196] (raylet) store.cc:368: Disconnecting client due to connection error with code 2: End of file
[2025-06-26 10:08:50,488 W 2288166 2288196] (raylet) store.cc:368: Disconnecting client due to connection error with code 2: End of file
[2025-06-26 10:08:50,489 W 2288166 2288196] (raylet) store.cc:368: Disconnecting client due to connection error with code 2: End of file
[2025-06-26 10:08:50,489 W 2288166 2288196] (raylet) store.cc:368: Disconnecting client due to connection error with code 2: End of file
[2025-06-26 10:08:50,944 I 2288166 2288166] (raylet) node_manager.cc:1523: Disconnecting client, graceful=true, disconnect_type=3, has_creation_task_exception=false worker_id=01000000ffffffffffffffffffffffffffffffffffffffffffffffff
[2025-06-26 10:08:50,944 I 2288166 2288166] (raylet) node_manager.cc:1615: Driver (pid=2287731) is disconnected. worker_id=01000000ffffffffffffffffffffffffffffffffffffffffffffffff job_id=01000000
[2025-06-26 10:08:50,945 I 2288166 2288166] (raylet) worker_pool.cc:724: Job 01000000 already started in worker pool.
[2025-06-26 10:08:50,946 W 2288166 2288196] (raylet) store.cc:368: Disconnecting client due to connection error with code 2: End of file
[2025-06-26 10:08:50,972 I 2288166 2288166] (raylet) main.cc:504: received SIGTERM. Existing local drain request = None
[2025-06-26 10:08:50,972 I 2288166 2288166] (raylet) main.cc:307: Raylet graceful shutdown triggered, reason = EXPECTED_TERMINATION, reason message = received SIGTERM
[2025-06-26 10:08:50,972 I 2288166 2288166] (raylet) main.cc:310: Shutting down...
[2025-06-26 10:08:50,972 I 2288166 2288166] (raylet) accessor.cc:518: Unregistering node node_id=00b525d75a2df2c9be6375fa6bf026730b2c503f38f2e7b94b23702e
[2025-06-26 10:08:50,973 I 2288166 2288166] (raylet) accessor.cc:531: Finished unregistering node info, status = OK node_id=00b525d75a2df2c9be6375fa6bf026730b2c503f38f2e7b94b23702e
[2025-06-26 10:08:50,973 W 2288166 2288196] (raylet) store.cc:368: Disconnecting client due to connection error with code 2: End of file
[2025-06-26 10:08:50,976 I 2288166 2288166] (raylet) agent_manager.cc:115: Killing agent dashboard_agent, pid 2288241.
[2025-06-26 10:08:50,981 I 2288166 2288242] (raylet) agent_manager.cc:82: Agent process with name dashboard_agent exited, exit code 0.
[2025-06-26 10:08:50,981 I 2288166 2288166] (raylet) agent_manager.cc:115: Killing agent runtime_env_agent, pid 2288243.
[2025-06-26 10:08:50,986 I 2288166 2288244] (raylet) agent_manager.cc:82: Agent process with name runtime_env_agent exited, exit code 0.
[2025-06-26 10:08:50,986 I 2288166 2288166] (raylet) io_service_pool.cc:48: IOServicePool is stopped.
[2025-06-26 10:08:51,052 I 2288166 2288166] (raylet) stats.h:120: Stats module has shutdown.
