[2025-06-26 13:58:13,507 I 2575594 2575594] (raylet) main.cc:226: Setting cluster ID to: 631c34c2f9f710f3591c3fe396b3f1fca0f11e2ca7ccbbd998e67d6c
[2025-06-26 13:58:13,513 I 2575594 2575594] (raylet) main.cc:341: Raylet is not set to kill unknown children.
[2025-06-26 13:58:13,513 I 2575594 2575594] (raylet) io_service_pool.cc:36: IOServicePool is running with 1 io_service.
[2025-06-26 13:58:13,513 I 2575594 2575594] (raylet) main.cc:469: Setting node ID node_id=9a4b0cde588852c533fdfbf31b75e2980063f8a39494d2350e134191
[2025-06-26 13:58:13,514 I 2575594 2575594] (raylet) store_runner.cc:50: Allowing the Plasma store to use up to 68.7195GB of memory.
[2025-06-26 13:58:13,514 I 2575594 2575594] (raylet) store_runner.cc:66: Starting object store with directory /dev/shm, fallback /home/shuzuan/prj/ComfyUI-xDit/ray_temp/session_2025-06-26_13-58-10_989259_2574920, and huge page support disabled
[2025-06-26 13:58:13,514 I 2575594 2575622] (raylet) dlmalloc.cc:324: Setting dlmalloc config: plasma_directory=/dev/shm, fallback_directory=/home/shuzuan/prj/ComfyUI-xDit/ray_temp/session_2025-06-26_13-58-10_989259_2574920, hugepage_enabled=0, fallback_enabled=1
[2025-06-26 13:58:13,514 I 2575594 2575622] (raylet) dlmalloc.cc:153: create_and_mmap_buffer(68719476744, /dev/shm/plasmaXXXXXX)
[2025-06-26 13:58:13,514 I 2575594 2575622] (raylet) store.cc:576: Plasma store debug dump: 
Current usage: 0 / 68.7195 GB
- num bytes created total: 0
0 pending objects of total size 0MB
- objects spillable: 0
- bytes spillable: 0
- objects unsealed: 0
- bytes unsealed: 0
- objects in use: 0
- bytes in use: 0
- objects evictable: 0
- bytes evictable: 0

- objects created by worker: 0
- bytes created by worker: 0
- objects restored: 0
- bytes restored: 0
- objects received: 0
- bytes received: 0
- objects errored: 0
- bytes errored: 0

[2025-06-26 13:58:13,517 I 2575594 2575594] (raylet) grpc_server.cc:141: ObjectManager server started, listening on port 46017.
[2025-06-26 13:58:13,519 I 2575594 2575594] (raylet) worker_killing_policy.cc:107: Running GroupByOwner policy.
[2025-06-26 13:58:13,519 W 2575594 2575594] (raylet) memory_monitor.cc:198: Got negative used memory for cgroup -1, setting it to zero
[2025-06-26 13:58:13,519 I 2575594 2575594] (raylet) memory_monitor.cc:48: MemoryMonitor initialized with usage threshold at 256695140352 bytes (0.95 system memory), total system memory bytes: 270205427712
[2025-06-26 13:58:13,519 I 2575594 2575594] (raylet) node_manager.cc:227: Initializing NodeManager node_id=9a4b0cde588852c533fdfbf31b75e2980063f8a39494d2350e134191
[2025-06-26 13:58:13,520 I 2575594 2575594] (raylet) grpc_server.cc:141: NodeManager server started, listening on port 43329.
[2025-06-26 13:58:13,529 I 2575594 2575668] (raylet) agent_manager.cc:80: Monitor agent process with name dashboard_agent
[2025-06-26 13:58:13,529 I 2575594 2575670] (raylet) agent_manager.cc:80: Monitor agent process with name runtime_env_agent
[2025-06-26 13:58:13,529 I 2575594 2575594] (raylet) event.cc:500: Ray Event initialized for RAYLET
[2025-06-26 13:58:13,529 I 2575594 2575594] (raylet) event.cc:331: Set ray event level to warning
[2025-06-26 13:58:13,530 I 2575594 2575594] (raylet) raylet.cc:260: Raylet of id, 9a4b0cde588852c533fdfbf31b75e2980063f8a39494d2350e134191 started. Raylet consists of node_manager and object_manager. node_manager address: 192.168.10.101:43329 object_manager address: 192.168.10.101:46017 hostname: vm-ubuntu1
[2025-06-26 13:58:13,532 I 2575594 2575594] (raylet) node_manager.cc:450: [state-dump] NodeManager:
[state-dump] Node ID: 9a4b0cde588852c533fdfbf31b75e2980063f8a39494d2350e134191
[state-dump] Node name: 192.168.10.101
[state-dump] InitialConfigResources: {object_store_memory: 6.87195e+10, CPU: 96, node:192.168.10.101: 1, GPU: 8, accelerator_type:G: 1, node:__internal_head__: 1, memory: 1.7267e+11}
[state-dump] ClusterTaskManager:
[state-dump] ========== Node: 9a4b0cde588852c533fdfbf31b75e2980063f8a39494d2350e134191 =================
[state-dump] Infeasible queue length: 0
[state-dump] Schedule queue length: 0
[state-dump] Dispatch queue length: 0
[state-dump] num_waiting_for_resource: 0
[state-dump] num_waiting_for_plasma_memory: 0
[state-dump] num_waiting_for_remote_node_resources: 0
[state-dump] num_worker_not_started_by_job_config_not_exist: 0
[state-dump] num_worker_not_started_by_registration_timeout: 0
[state-dump] num_tasks_waiting_for_workers: 0
[state-dump] num_cancelled_tasks: 0
[state-dump] cluster_resource_scheduler state: 
[state-dump] Local id: -8383341849255454719 Local resources: {"total":{CPU: [960000], GPU: [10000, 10000, 10000, 10000, 10000, 10000, 10000, 10000], memory: [1726697021440000], object_store_memory: [687194767360000], accelerator_type:G: [10000], node:__internal_head__: [10000], node:192.168.10.101: [10000]}}, "available": {CPU: [960000], GPU: [10000, 10000, 10000, 10000, 10000, 10000, 10000, 10000], object_store_memory: [687194767360000], memory: [1726697021440000], node:__internal_head__: [10000], node:192.168.10.101: [10000], accelerator_type:G: [10000]}}, "labels":{"ray.io/node_id":"9a4b0cde588852c533fdfbf31b75e2980063f8a39494d2350e134191",} is_draining: 0 is_idle: 1 Cluster resources (at most 20 nodes are shown): node id: -8383341849255454719{"total":{object_store_memory: 687194767360000, node:__internal_head__: 10000, accelerator_type:G: 10000, CPU: 960000, node:192.168.10.101: 10000, GPU: 80000, memory: 1726697021440000}}, "available": {object_store_memory: 687194767360000, CPU: 960000, node:192.168.10.101: 10000, GPU: 80000, node:__internal_head__: 10000, accelerator_type:G: 10000, memory: 1726697021440000}}, "labels":{"ray.io/node_id":"9a4b0cde588852c533fdfbf31b75e2980063f8a39494d2350e134191",}, "is_draining": 0, "draining_deadline_timestamp_ms": -1} { "placement group locations": [], "node to bundles": []}
[state-dump] Waiting tasks size: 0
[state-dump] Number of executing tasks: 0
[state-dump] Number of pinned task arguments: 0
[state-dump] Number of total spilled tasks: 0
[state-dump] Number of spilled waiting tasks: 0
[state-dump] Number of spilled unschedulable tasks: 0
[state-dump] Resource usage {
[state-dump] }
[state-dump] Backlog Size per scheduling descriptor :{workerId: num backlogs}:
[state-dump] 
[state-dump] Running tasks by scheduling class:
[state-dump] ==================================================
[state-dump] 
[state-dump] ClusterResources:
[state-dump] LocalObjectManager:
[state-dump] - num pinned objects: 0
[state-dump] - pinned objects size: 0
[state-dump] - num objects pending restore: 0
[state-dump] - num objects pending spill: 0
[state-dump] - num bytes pending spill: 0
[state-dump] - num bytes currently spilled: 0
[state-dump] - cumulative spill requests: 0
[state-dump] - cumulative restore requests: 0
[state-dump] - spilled objects pending delete: 0
[state-dump] 
[state-dump] ObjectManager:
[state-dump] - num local objects: 0
[state-dump] - num unfulfilled push requests: 0
[state-dump] - num object pull requests: 0
[state-dump] - num chunks received total: 0
[state-dump] - num chunks received failed (all): 0
[state-dump] - num chunks received failed / cancelled: 0
[state-dump] - num chunks received failed / plasma error: 0
[state-dump] Event stats:
[state-dump] Global stats: 0 total (0 active)
[state-dump] Queueing time: mean = -nan s, max = -0.000 s, min = 9223372036.855 s, total = 0.000 s
[state-dump] Execution time:  mean = -nan s, total = 0.000 s
[state-dump] Event stats:
[state-dump] PushManager:
[state-dump] - num pushes in flight: 0
[state-dump] - num chunks in flight: 0
[state-dump] - num chunks remaining: 0
[state-dump] - max chunks allowed: 409
[state-dump] OwnershipBasedObjectDirectory:
[state-dump] - num listeners: 0
[state-dump] - cumulative location updates: 0
[state-dump] - num location updates per second: 0.000
[state-dump] - num location lookups per second: 0.000
[state-dump] - num locations added per second: 0.000
[state-dump] - num locations removed per second: 0.000
[state-dump] BufferPool:
[state-dump] - create buffer state map size: 0
[state-dump] PullManager:
[state-dump] - num bytes available for pulled objects: 68719476736
[state-dump] - num bytes being pulled (all): 0
[state-dump] - num bytes being pulled / pinned: 0
[state-dump] - get request bundles: BundlePullRequestQueue{0 total, 0 active, 0 inactive, 0 unpullable}
[state-dump] - wait request bundles: BundlePullRequestQueue{0 total, 0 active, 0 inactive, 0 unpullable}
[state-dump] - task request bundles: BundlePullRequestQueue{0 total, 0 active, 0 inactive, 0 unpullable}
[state-dump] - first get request bundle: N/A
[state-dump] - first wait request bundle: N/A
[state-dump] - first task request bundle: N/A
[state-dump] - num objects queued: 0
[state-dump] - num objects actively pulled (all): 0
[state-dump] - num objects actively pulled / pinned: 0
[state-dump] - num bundles being pulled: 0
[state-dump] - num pull retries: 0
[state-dump] - max timeout seconds: 0
[state-dump] - max timeout request is already processed. No entry.
[state-dump] 
[state-dump] WorkerPool:
[state-dump] - registered jobs: 0
[state-dump] - process_failed_job_config_missing: 0
[state-dump] - process_failed_rate_limited: 0
[state-dump] - process_failed_pending_registration: 0
[state-dump] - process_failed_runtime_env_setup_failed: 0
[state-dump] - num JAVA workers: 0
[state-dump] - num JAVA drivers: 0
[state-dump] - num JAVA pending start requests: 0
[state-dump] - num JAVA pending registration requests: 0
[state-dump] - num object spill callbacks queued: 0
[state-dump] - num object restore queued: 0
[state-dump] - num util functions queued: 0
[state-dump] - num PYTHON workers: 0
[state-dump] - num PYTHON drivers: 0
[state-dump] - num PYTHON pending start requests: 0
[state-dump] - num PYTHON pending registration requests: 0
[state-dump] - num object spill callbacks queued: 0
[state-dump] - num object restore queued: 0
[state-dump] - num util functions queued: 0
[state-dump] - num idle workers: 0
[state-dump] TaskDependencyManager:
[state-dump] - task deps map size: 0
[state-dump] - get req map size: 0
[state-dump] - wait req map size: 0
[state-dump] - local objects map size: 0
[state-dump] WaitManager:
[state-dump] - num active wait requests: 0
[state-dump] Subscriber:
[state-dump] Channel WORKER_OBJECT_EVICTION
[state-dump] - cumulative subscribe requests: 0
[state-dump] - cumulative unsubscribe requests: 0
[state-dump] - active subscribed publishers: 0
[state-dump] - cumulative published messages: 0
[state-dump] - cumulative processed messages: 0
[state-dump] Channel WORKER_REF_REMOVED_CHANNEL
[state-dump] - cumulative subscribe requests: 0
[state-dump] - cumulative unsubscribe requests: 0
[state-dump] - active subscribed publishers: 0
[state-dump] - cumulative published messages: 0
[state-dump] - cumulative processed messages: 0
[state-dump] Channel WORKER_OBJECT_LOCATIONS_CHANNEL
[state-dump] - cumulative subscribe requests: 0
[state-dump] - cumulative unsubscribe requests: 0
[state-dump] - active subscribed publishers: 0
[state-dump] - cumulative published messages: 0
[state-dump] - cumulative processed messages: 0
[state-dump] num async plasma notifications: 0
[state-dump] Event stats:
[state-dump] Global stats: 29 total (14 active)
[state-dump] Queueing time: mean = 1.601 ms, max = 10.214 ms, min = 21.367 us, total = 46.415 ms
[state-dump] Execution time:  mean = 709.820 us, total = 20.585 ms
[state-dump] Event stats:
[state-dump] 	PeriodicalRunner.RunFnPeriodically - 12 total (2 active, 1 running), Execution time: mean = 145.986 us, total = 1.752 ms, Queueing time: mean = 3.864 ms, max = 10.214 ms, min = 30.088 us, total = 46.372 ms
[state-dump] 	NodeManager.deadline_timer.debug_state_dump - 1 total (1 active), Execution time: mean = 0.000 s, total = 0.000 s, Queueing time: mean = 0.000 s, max = -0.000 s, min = 9223372036.855 s, total = 0.000 s
[state-dump] 	ray::rpc::InternalPubSubGcsService.grpc_client.GcsSubscriberPoll - 1 total (1 active), Execution time: mean = 0.000 s, total = 0.000 s, Queueing time: mean = 0.000 s, max = -0.000 s, min = 9223372036.855 s, total = 0.000 s
[state-dump] 	NodeManager.GCTaskFailureReason - 1 total (1 active), Execution time: mean = 0.000 s, total = 0.000 s, Queueing time: mean = 0.000 s, max = -0.000 s, min = 9223372036.855 s, total = 0.000 s
[state-dump] 	ray::rpc::InternalKVGcsService.grpc_client.GetInternalConfig - 1 total (0 active), Execution time: mean = 586.580 us, total = 586.580 us, Queueing time: mean = 0.000 s, max = -0.000 s, min = 9223372036.855 s, total = 0.000 s
[state-dump] 	NodeManager.ScheduleAndDispatchTasks - 1 total (1 active), Execution time: mean = 0.000 s, total = 0.000 s, Queueing time: mean = 0.000 s, max = -0.000 s, min = 9223372036.855 s, total = 0.000 s
[state-dump] 	ray::rpc::InternalPubSubGcsService.grpc_client.GcsSubscriberCommandBatch - 1 total (0 active), Execution time: mean = 501.376 us, total = 501.376 us, Queueing time: mean = 0.000 s, max = -0.000 s, min = 9223372036.855 s, total = 0.000 s
[state-dump] 	ray::rpc::InternalKVGcsService.grpc_client.GetInternalConfig.OnReplyReceived - 1 total (0 active), Execution time: mean = 16.493 ms, total = 16.493 ms, Queueing time: mean = 21.367 us, max = 21.367 us, min = 21.367 us, total = 21.367 us
[state-dump] 	NodeManager.deadline_timer.flush_free_objects - 1 total (1 active), Execution time: mean = 0.000 s, total = 0.000 s, Queueing time: mean = 0.000 s, max = -0.000 s, min = 9223372036.855 s, total = 0.000 s
[state-dump] 	MemoryMonitor.CheckIsMemoryUsageAboveThreshold - 1 total (1 active), Execution time: mean = 0.000 s, total = 0.000 s, Queueing time: mean = 0.000 s, max = -0.000 s, min = 9223372036.855 s, total = 0.000 s
[state-dump] 	ray::rpc::InternalPubSubGcsService.grpc_client.GcsSubscriberCommandBatch.OnReplyReceived - 1 total (1 active), Execution time: mean = 0.000 s, total = 0.000 s, Queueing time: mean = 0.000 s, max = -0.000 s, min = 9223372036.855 s, total = 0.000 s
[state-dump] 	ray::rpc::NodeInfoGcsService.grpc_client.RegisterNode.OnReplyReceived - 1 total (0 active), Execution time: mean = 251.312 us, total = 251.312 us, Queueing time: mean = 21.441 us, max = 21.441 us, min = 21.441 us, total = 21.441 us
[state-dump] 	RayletWorkerPool.deadline_timer.kill_idle_workers - 1 total (1 active), Execution time: mean = 0.000 s, total = 0.000 s, Queueing time: mean = 0.000 s, max = -0.000 s, min = 9223372036.855 s, total = 0.000 s
[state-dump] 	ray::rpc::NodeInfoGcsService.grpc_client.RegisterNode - 1 total (0 active), Execution time: mean = 1.001 ms, total = 1.001 ms, Queueing time: mean = 0.000 s, max = -0.000 s, min = 9223372036.855 s, total = 0.000 s
[state-dump] 	NodeManager.deadline_timer.spill_objects_when_over_threshold - 1 total (1 active), Execution time: mean = 0.000 s, total = 0.000 s, Queueing time: mean = 0.000 s, max = -0.000 s, min = 9223372036.855 s, total = 0.000 s
[state-dump] 	ClusterResourceManager.ResetRemoteNodeView - 1 total (1 active), Execution time: mean = 0.000 s, total = 0.000 s, Queueing time: mean = 0.000 s, max = -0.000 s, min = 9223372036.855 s, total = 0.000 s
[state-dump] 	NodeManager.deadline_timer.record_metrics - 1 total (1 active), Execution time: mean = 0.000 s, total = 0.000 s, Queueing time: mean = 0.000 s, max = -0.000 s, min = 9223372036.855 s, total = 0.000 s
[state-dump] 	NodeManager.CheckForUnexpectedWorkerDisconnects - 1 total (1 active), Execution time: mean = 0.000 s, total = 0.000 s, Queueing time: mean = 0.000 s, max = -0.000 s, min = 9223372036.855 s, total = 0.000 s
[state-dump] DebugString() time ms: 0
[state-dump] 
[state-dump] 
[2025-06-26 13:58:13,533 I 2575594 2575594] (raylet) accessor.cc:768: Received notification for node, IsAlive = 1 node_id=9a4b0cde588852c533fdfbf31b75e2980063f8a39494d2350e134191
[2025-06-26 13:58:13,953 I 2575594 2575594] (raylet) worker_pool.cc:527: Started worker process with pid 2575773, the token is 0
[2025-06-26 13:58:13,956 I 2575594 2575594] (raylet) worker_pool.cc:527: Started worker process with pid 2575774, the token is 1
[2025-06-26 13:58:13,959 I 2575594 2575594] (raylet) worker_pool.cc:527: Started worker process with pid 2575775, the token is 2
[2025-06-26 13:58:13,962 I 2575594 2575594] (raylet) worker_pool.cc:527: Started worker process with pid 2575776, the token is 3
[2025-06-26 13:58:13,964 I 2575594 2575594] (raylet) worker_pool.cc:527: Started worker process with pid 2575777, the token is 4
[2025-06-26 13:58:13,966 I 2575594 2575594] (raylet) worker_pool.cc:527: Started worker process with pid 2575778, the token is 5
[2025-06-26 13:58:13,969 I 2575594 2575594] (raylet) worker_pool.cc:527: Started worker process with pid 2575779, the token is 6
[2025-06-26 13:58:13,971 I 2575594 2575594] (raylet) worker_pool.cc:527: Started worker process with pid 2575780, the token is 7
[2025-06-26 13:58:13,974 I 2575594 2575594] (raylet) worker_pool.cc:527: Started worker process with pid 2575781, the token is 8
[2025-06-26 13:58:13,976 I 2575594 2575594] (raylet) worker_pool.cc:527: Started worker process with pid 2575782, the token is 9
[2025-06-26 13:58:13,979 I 2575594 2575594] (raylet) worker_pool.cc:527: Started worker process with pid 2575783, the token is 10
[2025-06-26 13:58:13,982 I 2575594 2575594] (raylet) worker_pool.cc:527: Started worker process with pid 2575784, the token is 11
[2025-06-26 13:58:13,984 I 2575594 2575594] (raylet) worker_pool.cc:527: Started worker process with pid 2575785, the token is 12
[2025-06-26 13:58:13,987 I 2575594 2575594] (raylet) worker_pool.cc:527: Started worker process with pid 2575786, the token is 13
[2025-06-26 13:58:13,990 I 2575594 2575594] (raylet) worker_pool.cc:527: Started worker process with pid 2575787, the token is 14
[2025-06-26 13:58:13,992 I 2575594 2575594] (raylet) worker_pool.cc:527: Started worker process with pid 2575788, the token is 15
[2025-06-26 13:58:13,995 I 2575594 2575594] (raylet) worker_pool.cc:527: Started worker process with pid 2575789, the token is 16
[2025-06-26 13:58:13,997 I 2575594 2575594] (raylet) worker_pool.cc:527: Started worker process with pid 2575790, the token is 17
[2025-06-26 13:58:14,000 I 2575594 2575594] (raylet) worker_pool.cc:527: Started worker process with pid 2575791, the token is 18
[2025-06-26 13:58:14,003 I 2575594 2575594] (raylet) worker_pool.cc:527: Started worker process with pid 2575792, the token is 19
[2025-06-26 13:58:14,005 I 2575594 2575594] (raylet) worker_pool.cc:527: Started worker process with pid 2575793, the token is 20
[2025-06-26 13:58:14,008 I 2575594 2575594] (raylet) worker_pool.cc:527: Started worker process with pid 2575794, the token is 21
[2025-06-26 13:58:14,010 I 2575594 2575594] (raylet) worker_pool.cc:527: Started worker process with pid 2575795, the token is 22
[2025-06-26 13:58:14,013 I 2575594 2575594] (raylet) worker_pool.cc:527: Started worker process with pid 2575796, the token is 23
[2025-06-26 13:58:14,016 I 2575594 2575594] (raylet) worker_pool.cc:527: Started worker process with pid 2575797, the token is 24
[2025-06-26 13:58:14,019 I 2575594 2575594] (raylet) worker_pool.cc:527: Started worker process with pid 2575798, the token is 25
[2025-06-26 13:58:14,022 I 2575594 2575594] (raylet) worker_pool.cc:527: Started worker process with pid 2575799, the token is 26
[2025-06-26 13:58:14,025 I 2575594 2575594] (raylet) worker_pool.cc:527: Started worker process with pid 2575800, the token is 27
[2025-06-26 13:58:14,028 I 2575594 2575594] (raylet) worker_pool.cc:527: Started worker process with pid 2575801, the token is 28
[2025-06-26 13:58:14,032 I 2575594 2575594] (raylet) worker_pool.cc:527: Started worker process with pid 2575802, the token is 29
[2025-06-26 13:58:14,035 I 2575594 2575594] (raylet) worker_pool.cc:527: Started worker process with pid 2575803, the token is 30
[2025-06-26 13:58:14,038 I 2575594 2575594] (raylet) worker_pool.cc:527: Started worker process with pid 2575805, the token is 31
[2025-06-26 13:58:14,041 I 2575594 2575594] (raylet) worker_pool.cc:527: Started worker process with pid 2575806, the token is 32
[2025-06-26 13:58:14,044 I 2575594 2575594] (raylet) worker_pool.cc:527: Started worker process with pid 2575807, the token is 33
[2025-06-26 13:58:14,047 I 2575594 2575594] (raylet) worker_pool.cc:527: Started worker process with pid 2575808, the token is 34
[2025-06-26 13:58:14,050 I 2575594 2575594] (raylet) worker_pool.cc:527: Started worker process with pid 2575809, the token is 35
[2025-06-26 13:58:14,053 I 2575594 2575594] (raylet) worker_pool.cc:527: Started worker process with pid 2575810, the token is 36
[2025-06-26 13:58:14,056 I 2575594 2575594] (raylet) worker_pool.cc:527: Started worker process with pid 2575811, the token is 37
[2025-06-26 13:58:14,059 I 2575594 2575594] (raylet) worker_pool.cc:527: Started worker process with pid 2575812, the token is 38
[2025-06-26 13:58:14,062 I 2575594 2575594] (raylet) worker_pool.cc:527: Started worker process with pid 2575813, the token is 39
[2025-06-26 13:58:14,065 I 2575594 2575594] (raylet) worker_pool.cc:527: Started worker process with pid 2575814, the token is 40
[2025-06-26 13:58:14,068 I 2575594 2575594] (raylet) worker_pool.cc:527: Started worker process with pid 2575815, the token is 41
[2025-06-26 13:58:14,071 I 2575594 2575594] (raylet) worker_pool.cc:527: Started worker process with pid 2575816, the token is 42
[2025-06-26 13:58:14,074 I 2575594 2575594] (raylet) worker_pool.cc:527: Started worker process with pid 2575817, the token is 43
[2025-06-26 13:58:14,078 I 2575594 2575594] (raylet) worker_pool.cc:527: Started worker process with pid 2575818, the token is 44
[2025-06-26 13:58:14,081 I 2575594 2575594] (raylet) worker_pool.cc:527: Started worker process with pid 2575819, the token is 45
[2025-06-26 13:58:14,084 I 2575594 2575594] (raylet) worker_pool.cc:527: Started worker process with pid 2575820, the token is 46
[2025-06-26 13:58:14,088 I 2575594 2575594] (raylet) worker_pool.cc:527: Started worker process with pid 2575821, the token is 47
[2025-06-26 13:58:14,091 I 2575594 2575594] (raylet) worker_pool.cc:527: Started worker process with pid 2575822, the token is 48
[2025-06-26 13:58:14,094 I 2575594 2575594] (raylet) worker_pool.cc:527: Started worker process with pid 2575823, the token is 49
[2025-06-26 13:58:14,098 I 2575594 2575594] (raylet) worker_pool.cc:527: Started worker process with pid 2575824, the token is 50
[2025-06-26 13:58:14,102 I 2575594 2575594] (raylet) worker_pool.cc:527: Started worker process with pid 2575825, the token is 51
[2025-06-26 13:58:14,105 I 2575594 2575594] (raylet) worker_pool.cc:527: Started worker process with pid 2575826, the token is 52
[2025-06-26 13:58:14,109 I 2575594 2575594] (raylet) worker_pool.cc:527: Started worker process with pid 2575827, the token is 53
[2025-06-26 13:58:14,113 I 2575594 2575594] (raylet) worker_pool.cc:527: Started worker process with pid 2575828, the token is 54
[2025-06-26 13:58:14,117 I 2575594 2575594] (raylet) worker_pool.cc:527: Started worker process with pid 2575829, the token is 55
[2025-06-26 13:58:14,120 I 2575594 2575594] (raylet) worker_pool.cc:527: Started worker process with pid 2575830, the token is 56
[2025-06-26 13:58:14,124 I 2575594 2575594] (raylet) worker_pool.cc:527: Started worker process with pid 2575831, the token is 57
[2025-06-26 13:58:14,128 I 2575594 2575594] (raylet) worker_pool.cc:527: Started worker process with pid 2575832, the token is 58
[2025-06-26 13:58:14,131 I 2575594 2575594] (raylet) worker_pool.cc:527: Started worker process with pid 2575833, the token is 59
[2025-06-26 13:58:14,135 I 2575594 2575594] (raylet) worker_pool.cc:527: Started worker process with pid 2575834, the token is 60
[2025-06-26 13:58:14,139 I 2575594 2575594] (raylet) worker_pool.cc:527: Started worker process with pid 2575835, the token is 61
[2025-06-26 13:58:14,143 I 2575594 2575594] (raylet) worker_pool.cc:527: Started worker process with pid 2575836, the token is 62
[2025-06-26 13:58:14,146 I 2575594 2575594] (raylet) worker_pool.cc:527: Started worker process with pid 2575837, the token is 63
[2025-06-26 13:58:14,150 I 2575594 2575594] (raylet) worker_pool.cc:527: Started worker process with pid 2575838, the token is 64
[2025-06-26 13:58:14,154 I 2575594 2575594] (raylet) worker_pool.cc:527: Started worker process with pid 2575839, the token is 65
[2025-06-26 13:58:14,158 I 2575594 2575594] (raylet) worker_pool.cc:527: Started worker process with pid 2575840, the token is 66
[2025-06-26 13:58:14,162 I 2575594 2575594] (raylet) worker_pool.cc:527: Started worker process with pid 2575841, the token is 67
[2025-06-26 13:58:14,166 I 2575594 2575594] (raylet) worker_pool.cc:527: Started worker process with pid 2575842, the token is 68
[2025-06-26 13:58:14,171 I 2575594 2575594] (raylet) worker_pool.cc:527: Started worker process with pid 2575843, the token is 69
[2025-06-26 13:58:14,175 I 2575594 2575594] (raylet) worker_pool.cc:527: Started worker process with pid 2575844, the token is 70
[2025-06-26 13:58:14,179 I 2575594 2575594] (raylet) worker_pool.cc:527: Started worker process with pid 2575845, the token is 71
[2025-06-26 13:58:14,183 I 2575594 2575594] (raylet) worker_pool.cc:527: Started worker process with pid 2575846, the token is 72
[2025-06-26 13:58:14,187 I 2575594 2575594] (raylet) worker_pool.cc:527: Started worker process with pid 2575847, the token is 73
[2025-06-26 13:58:14,191 I 2575594 2575594] (raylet) worker_pool.cc:527: Started worker process with pid 2575848, the token is 74
[2025-06-26 13:58:14,195 I 2575594 2575594] (raylet) worker_pool.cc:527: Started worker process with pid 2575849, the token is 75
[2025-06-26 13:58:14,200 I 2575594 2575594] (raylet) worker_pool.cc:527: Started worker process with pid 2575850, the token is 76
[2025-06-26 13:58:14,204 I 2575594 2575594] (raylet) worker_pool.cc:527: Started worker process with pid 2575851, the token is 77
[2025-06-26 13:58:14,208 I 2575594 2575594] (raylet) worker_pool.cc:527: Started worker process with pid 2575852, the token is 78
[2025-06-26 13:58:14,212 I 2575594 2575594] (raylet) worker_pool.cc:527: Started worker process with pid 2575853, the token is 79
[2025-06-26 13:58:14,217 I 2575594 2575594] (raylet) worker_pool.cc:527: Started worker process with pid 2575854, the token is 80
[2025-06-26 13:58:14,221 I 2575594 2575594] (raylet) worker_pool.cc:527: Started worker process with pid 2575855, the token is 81
[2025-06-26 13:58:14,243 I 2575594 2575594] (raylet) worker_pool.cc:527: Started worker process with pid 2575857, the token is 82
[2025-06-26 13:58:14,248 I 2575594 2575594] (raylet) worker_pool.cc:527: Started worker process with pid 2575858, the token is 83
[2025-06-26 13:58:14,252 I 2575594 2575594] (raylet) worker_pool.cc:527: Started worker process with pid 2575861, the token is 84
[2025-06-26 13:58:14,256 I 2575594 2575594] (raylet) worker_pool.cc:527: Started worker process with pid 2575863, the token is 85
[2025-06-26 13:58:14,261 I 2575594 2575594] (raylet) worker_pool.cc:527: Started worker process with pid 2575866, the token is 86
[2025-06-26 13:58:14,265 I 2575594 2575594] (raylet) worker_pool.cc:527: Started worker process with pid 2575867, the token is 87
[2025-06-26 13:58:14,270 I 2575594 2575594] (raylet) worker_pool.cc:527: Started worker process with pid 2575878, the token is 88
[2025-06-26 13:58:14,275 I 2575594 2575594] (raylet) worker_pool.cc:527: Started worker process with pid 2575895, the token is 89
[2025-06-26 13:58:14,280 I 2575594 2575594] (raylet) worker_pool.cc:527: Started worker process with pid 2575896, the token is 90
[2025-06-26 13:58:14,285 I 2575594 2575594] (raylet) worker_pool.cc:527: Started worker process with pid 2575900, the token is 91
[2025-06-26 13:58:14,290 I 2575594 2575594] (raylet) worker_pool.cc:527: Started worker process with pid 2575901, the token is 92
[2025-06-26 13:58:14,294 I 2575594 2575594] (raylet) worker_pool.cc:527: Started worker process with pid 2575923, the token is 93
[2025-06-26 13:58:14,299 I 2575594 2575594] (raylet) worker_pool.cc:527: Started worker process with pid 2575925, the token is 94
[2025-06-26 13:58:14,305 I 2575594 2575594] (raylet) worker_pool.cc:527: Started worker process with pid 2575929, the token is 95
[2025-06-26 13:58:14,352 I 2575594 2575622] (raylet) object_store.cc:38: Object store current usage 8e-09 / 68.7195 GB.
[2025-06-26 13:58:14,870 I 2575594 2575594] (raylet) worker_pool.cc:724: Job 01000000 already started in worker pool.
[2025-06-26 13:58:18,587 W 2575594 2575594] (raylet) memory_monitor.cc:198: Got negative used memory for cgroup -1, setting it to zero
[2025-06-26 13:58:23,529 W 2575594 2575616] (raylet) metric_exporter.cc:105: [1] Export metrics to agent failed: RpcError: RPC Error message: failed to connect to all addresses; last error: UNKNOWN: ipv4:127.0.0.1:63165: Failed to connect to remote host: Connection refused; RPC Error details:  rpc_code: 14. This won't affect Ray, but you can lose metrics from the cluster.
[2025-06-26 13:58:23,591 W 2575594 2575594] (raylet) memory_monitor.cc:198: Got negative used memory for cgroup -1, setting it to zero
[2025-06-26 13:58:24,014 I 2575594 2575594] (raylet) local_resource_manager.cc:288: Object store memory is idle.
[2025-06-26 13:58:28,593 W 2575594 2575594] (raylet) memory_monitor.cc:198: Got negative used memory for cgroup -1, setting it to zero
