[2025-06-26 14:22:25,626 I 2615983 2615983] (raylet) main.cc:226: Setting cluster ID to: c8db48e2e943305512fb2f13cab2323dc843ab46f72c8725673c0350
[2025-06-26 14:22:25,632 I 2615983 2615983] (raylet) main.cc:341: Raylet is not set to kill unknown children.
[2025-06-26 14:22:25,632 I 2615983 2615983] (raylet) io_service_pool.cc:36: IOServicePool is running with 1 io_service.
[2025-06-26 14:22:25,632 I 2615983 2615983] (raylet) main.cc:469: Setting node ID node_id=d1b3ed0b26e6b69c25eddbe5ed5db6fe69a013b494b961eb2405e399
[2025-06-26 14:22:25,632 I 2615983 2615983] (raylet) store_runner.cc:50: Allowing the Plasma store to use up to 68.7195GB of memory.
[2025-06-26 14:22:25,632 I 2615983 2615983] (raylet) store_runner.cc:66: Starting object store with directory /dev/shm, fallback /home/shuzuan/prj/ComfyUI-xDit/ray_temp/session_2025-06-26_14-22-22_943113_2615276, and huge page support disabled
[2025-06-26 14:22:25,633 I 2615983 2616014] (raylet) dlmalloc.cc:324: Setting dlmalloc config: plasma_directory=/dev/shm, fallback_directory=/home/shuzuan/prj/ComfyUI-xDit/ray_temp/session_2025-06-26_14-22-22_943113_2615276, hugepage_enabled=0, fallback_enabled=1
[2025-06-26 14:22:25,633 I 2615983 2616014] (raylet) dlmalloc.cc:153: create_and_mmap_buffer(68719476744, /dev/shm/plasmaXXXXXX)
[2025-06-26 14:22:25,633 I 2615983 2616014] (raylet) store.cc:576: Plasma store debug dump: 
Current usage: 0 / 68.7195 GB
- num bytes created total: 0
0 pending objects of total size 0MB
- objects spillable: 0
- bytes spillable: 0
- objects unsealed: 0
- bytes unsealed: 0
- objects in use: 0
- bytes in use: 0
- objects evictable: 0
- bytes evictable: 0

- objects created by worker: 0
- bytes created by worker: 0
- objects restored: 0
- bytes restored: 0
- objects received: 0
- bytes received: 0
- objects errored: 0
- bytes errored: 0

[2025-06-26 14:22:25,635 I 2615983 2615983] (raylet) grpc_server.cc:141: ObjectManager server started, listening on port 41577.
[2025-06-26 14:22:25,637 I 2615983 2615983] (raylet) worker_killing_policy.cc:107: Running GroupByOwner policy.
[2025-06-26 14:22:25,637 W 2615983 2615983] (raylet) memory_monitor.cc:198: Got negative used memory for cgroup -1, setting it to zero
[2025-06-26 14:22:25,637 I 2615983 2615983] (raylet) memory_monitor.cc:48: MemoryMonitor initialized with usage threshold at 256695140352 bytes (0.95 system memory), total system memory bytes: 270205427712
[2025-06-26 14:22:25,637 I 2615983 2615983] (raylet) node_manager.cc:227: Initializing NodeManager node_id=d1b3ed0b26e6b69c25eddbe5ed5db6fe69a013b494b961eb2405e399
[2025-06-26 14:22:25,638 I 2615983 2615983] (raylet) grpc_server.cc:141: NodeManager server started, listening on port 44201.
[2025-06-26 14:22:25,645 I 2615983 2616060] (raylet) agent_manager.cc:80: Monitor agent process with name dashboard_agent
[2025-06-26 14:22:25,645 I 2615983 2615983] (raylet) event.cc:500: Ray Event initialized for RAYLET
[2025-06-26 14:22:25,645 I 2615983 2616062] (raylet) agent_manager.cc:80: Monitor agent process with name runtime_env_agent
[2025-06-26 14:22:25,645 I 2615983 2615983] (raylet) event.cc:331: Set ray event level to warning
[2025-06-26 14:22:25,647 I 2615983 2615983] (raylet) raylet.cc:260: Raylet of id, d1b3ed0b26e6b69c25eddbe5ed5db6fe69a013b494b961eb2405e399 started. Raylet consists of node_manager and object_manager. node_manager address: 192.168.10.101:44201 object_manager address: 192.168.10.101:41577 hostname: vm-ubuntu1
[2025-06-26 14:22:25,649 I 2615983 2615983] (raylet) node_manager.cc:450: [state-dump] NodeManager:
[state-dump] Node ID: d1b3ed0b26e6b69c25eddbe5ed5db6fe69a013b494b961eb2405e399
[state-dump] Node name: 192.168.10.101
[state-dump] InitialConfigResources: {CPU: 96, object_store_memory: 6.87195e+10, GPU: 8, node:192.168.10.101: 1, memory: 1.72645e+11, accelerator_type:G: 1, node:__internal_head__: 1}
[state-dump] ClusterTaskManager:
[state-dump] ========== Node: d1b3ed0b26e6b69c25eddbe5ed5db6fe69a013b494b961eb2405e399 =================
[state-dump] Infeasible queue length: 0
[state-dump] Schedule queue length: 0
[state-dump] Dispatch queue length: 0
[state-dump] num_waiting_for_resource: 0
[state-dump] num_waiting_for_plasma_memory: 0
[state-dump] num_waiting_for_remote_node_resources: 0
[state-dump] num_worker_not_started_by_job_config_not_exist: 0
[state-dump] num_worker_not_started_by_registration_timeout: 0
[state-dump] num_tasks_waiting_for_workers: 0
[state-dump] num_cancelled_tasks: 0
[state-dump] cluster_resource_scheduler state: 
[state-dump] Local id: -2599431013956128218 Local resources: {"total":{CPU: [960000], node:__internal_head__: [10000], memory: [1726454128640000], object_store_memory: [687194767360000], accelerator_type:G: [10000], node:192.168.10.101: [10000], GPU: [10000, 10000, 10000, 10000, 10000, 10000, 10000, 10000]}}, "available": {accelerator_type:G: [10000], node:192.168.10.101: [10000], GPU: [10000, 10000, 10000, 10000, 10000, 10000, 10000, 10000], CPU: [960000], memory: [1726454128640000], node:__internal_head__: [10000], object_store_memory: [687194767360000]}}, "labels":{"ray.io/node_id":"d1b3ed0b26e6b69c25eddbe5ed5db6fe69a013b494b961eb2405e399",} is_draining: 0 is_idle: 1 Cluster resources (at most 20 nodes are shown): node id: -2599431013956128218{"total":{memory: 1726454128640000, object_store_memory: 687194767360000, GPU: 80000, node:192.168.10.101: 10000, CPU: 960000, accelerator_type:G: 10000, node:__internal_head__: 10000}}, "available": {node:__internal_head__: 10000, object_store_memory: 687194767360000, CPU: 960000, GPU: 80000, node:192.168.10.101: 10000, accelerator_type:G: 10000, memory: 1726454128640000}}, "labels":{"ray.io/node_id":"d1b3ed0b26e6b69c25eddbe5ed5db6fe69a013b494b961eb2405e399",}, "is_draining": 0, "draining_deadline_timestamp_ms": -1} { "placement group locations": [], "node to bundles": []}
[state-dump] Waiting tasks size: 0
[state-dump] Number of executing tasks: 0
[state-dump] Number of pinned task arguments: 0
[state-dump] Number of total spilled tasks: 0
[state-dump] Number of spilled waiting tasks: 0
[state-dump] Number of spilled unschedulable tasks: 0
[state-dump] Resource usage {
[state-dump] }
[state-dump] Backlog Size per scheduling descriptor :{workerId: num backlogs}:
[state-dump] 
[state-dump] Running tasks by scheduling class:
[state-dump] ==================================================
[state-dump] 
[state-dump] ClusterResources:
[state-dump] LocalObjectManager:
[state-dump] - num pinned objects: 0
[state-dump] - pinned objects size: 0
[state-dump] - num objects pending restore: 0
[state-dump] - num objects pending spill: 0
[state-dump] - num bytes pending spill: 0
[state-dump] - num bytes currently spilled: 0
[state-dump] - cumulative spill requests: 0
[state-dump] - cumulative restore requests: 0
[state-dump] - spilled objects pending delete: 0
[state-dump] 
[state-dump] ObjectManager:
[state-dump] - num local objects: 0
[state-dump] - num unfulfilled push requests: 0
[state-dump] - num object pull requests: 0
[state-dump] - num chunks received total: 0
[state-dump] - num chunks received failed (all): 0
[state-dump] - num chunks received failed / cancelled: 0
[state-dump] - num chunks received failed / plasma error: 0
[state-dump] Event stats:
[state-dump] Global stats: 0 total (0 active)
[state-dump] Queueing time: mean = -nan s, max = -0.000 s, min = 9223372036.855 s, total = 0.000 s
[state-dump] Execution time:  mean = -nan s, total = 0.000 s
[state-dump] Event stats:
[state-dump] PushManager:
[state-dump] - num pushes in flight: 0
[state-dump] - num chunks in flight: 0
[state-dump] - num chunks remaining: 0
[state-dump] - max chunks allowed: 409
[state-dump] OwnershipBasedObjectDirectory:
[state-dump] - num listeners: 0
[state-dump] - cumulative location updates: 0
[state-dump] - num location updates per second: 0.000
[state-dump] - num location lookups per second: 0.000
[state-dump] - num locations added per second: 0.000
[state-dump] - num locations removed per second: 0.000
[state-dump] BufferPool:
[state-dump] - create buffer state map size: 0
[state-dump] PullManager:
[state-dump] - num bytes available for pulled objects: 68719476736
[state-dump] - num bytes being pulled (all): 0
[state-dump] - num bytes being pulled / pinned: 0
[state-dump] - get request bundles: BundlePullRequestQueue{0 total, 0 active, 0 inactive, 0 unpullable}
[state-dump] - wait request bundles: BundlePullRequestQueue{0 total, 0 active, 0 inactive, 0 unpullable}
[state-dump] - task request bundles: BundlePullRequestQueue{0 total, 0 active, 0 inactive, 0 unpullable}
[state-dump] - first get request bundle: N/A
[state-dump] - first wait request bundle: N/A
[state-dump] - first task request bundle: N/A
[state-dump] - num objects queued: 0
[state-dump] - num objects actively pulled (all): 0
[state-dump] - num objects actively pulled / pinned: 0
[state-dump] - num bundles being pulled: 0
[state-dump] - num pull retries: 0
[state-dump] - max timeout seconds: 0
[state-dump] - max timeout request is already processed. No entry.
[state-dump] 
[state-dump] WorkerPool:
[state-dump] - registered jobs: 0
[state-dump] - process_failed_job_config_missing: 0
[state-dump] - process_failed_rate_limited: 0
[state-dump] - process_failed_pending_registration: 0
[state-dump] - process_failed_runtime_env_setup_failed: 0
[state-dump] - num PYTHON workers: 0
[state-dump] - num PYTHON drivers: 0
[state-dump] - num PYTHON pending start requests: 0
[state-dump] - num PYTHON pending registration requests: 0
[state-dump] - num object spill callbacks queued: 0
[state-dump] - num object restore queued: 0
[state-dump] - num util functions queued: 0
[state-dump] - num JAVA workers: 0
[state-dump] - num JAVA drivers: 0
[state-dump] - num JAVA pending start requests: 0
[state-dump] - num JAVA pending registration requests: 0
[state-dump] - num object spill callbacks queued: 0
[state-dump] - num object restore queued: 0
[state-dump] - num util functions queued: 0
[state-dump] - num idle workers: 0
[state-dump] TaskDependencyManager:
[state-dump] - task deps map size: 0
[state-dump] - get req map size: 0
[state-dump] - wait req map size: 0
[state-dump] - local objects map size: 0
[state-dump] WaitManager:
[state-dump] - num active wait requests: 0
[state-dump] Subscriber:
[state-dump] Channel WORKER_OBJECT_LOCATIONS_CHANNEL
[state-dump] - cumulative subscribe requests: 0
[state-dump] - cumulative unsubscribe requests: 0
[state-dump] - active subscribed publishers: 0
[state-dump] - cumulative published messages: 0
[state-dump] - cumulative processed messages: 0
[state-dump] Channel WORKER_REF_REMOVED_CHANNEL
[state-dump] - cumulative subscribe requests: 0
[state-dump] - cumulative unsubscribe requests: 0
[state-dump] - active subscribed publishers: 0
[state-dump] - cumulative published messages: 0
[state-dump] - cumulative processed messages: 0
[state-dump] Channel WORKER_OBJECT_EVICTION
[state-dump] - cumulative subscribe requests: 0
[state-dump] - cumulative unsubscribe requests: 0
[state-dump] - active subscribed publishers: 0
[state-dump] - cumulative published messages: 0
[state-dump] - cumulative processed messages: 0
[state-dump] num async plasma notifications: 0
[state-dump] Event stats:
[state-dump] Global stats: 29 total (14 active)
[state-dump] Queueing time: mean = 1.336 ms, max = 8.363 ms, min = 14.195 us, total = 38.756 ms
[state-dump] Execution time:  mean = 645.216 us, total = 18.711 ms
[state-dump] Event stats:
[state-dump] 	PeriodicalRunner.RunFnPeriodically - 12 total (2 active, 1 running), Execution time: mean = 131.321 us, total = 1.576 ms, Queueing time: mean = 3.225 ms, max = 8.363 ms, min = 24.332 us, total = 38.696 ms
[state-dump] 	NodeManager.deadline_timer.spill_objects_when_over_threshold - 1 total (1 active), Execution time: mean = 0.000 s, total = 0.000 s, Queueing time: mean = 0.000 s, max = -0.000 s, min = 9223372036.855 s, total = 0.000 s
[state-dump] 	RayletWorkerPool.deadline_timer.kill_idle_workers - 1 total (1 active), Execution time: mean = 0.000 s, total = 0.000 s, Queueing time: mean = 0.000 s, max = -0.000 s, min = 9223372036.855 s, total = 0.000 s
[state-dump] 	MemoryMonitor.CheckIsMemoryUsageAboveThreshold - 1 total (1 active), Execution time: mean = 0.000 s, total = 0.000 s, Queueing time: mean = 0.000 s, max = -0.000 s, min = 9223372036.855 s, total = 0.000 s
[state-dump] 	NodeManager.deadline_timer.debug_state_dump - 1 total (1 active), Execution time: mean = 0.000 s, total = 0.000 s, Queueing time: mean = 0.000 s, max = -0.000 s, min = 9223372036.855 s, total = 0.000 s
[state-dump] 	ray::rpc::InternalKVGcsService.grpc_client.GetInternalConfig.OnReplyReceived - 1 total (0 active), Execution time: mean = 13.827 ms, total = 13.827 ms, Queueing time: mean = 14.195 us, max = 14.195 us, min = 14.195 us, total = 14.195 us
[state-dump] 	NodeManager.ScheduleAndDispatchTasks - 1 total (1 active), Execution time: mean = 0.000 s, total = 0.000 s, Queueing time: mean = 0.000 s, max = -0.000 s, min = 9223372036.855 s, total = 0.000 s
[state-dump] 	ray::rpc::NodeInfoGcsService.grpc_client.RegisterNode.OnReplyReceived - 1 total (0 active), Execution time: mean = 458.074 us, total = 458.074 us, Queueing time: mean = 45.770 us, max = 45.770 us, min = 45.770 us, total = 45.770 us
[state-dump] 	NodeManager.deadline_timer.record_metrics - 1 total (1 active), Execution time: mean = 0.000 s, total = 0.000 s, Queueing time: mean = 0.000 s, max = -0.000 s, min = 9223372036.855 s, total = 0.000 s
[state-dump] 	NodeManager.GCTaskFailureReason - 1 total (1 active), Execution time: mean = 0.000 s, total = 0.000 s, Queueing time: mean = 0.000 s, max = -0.000 s, min = 9223372036.855 s, total = 0.000 s
[state-dump] 	NodeManager.deadline_timer.flush_free_objects - 1 total (1 active), Execution time: mean = 0.000 s, total = 0.000 s, Queueing time: mean = 0.000 s, max = -0.000 s, min = 9223372036.855 s, total = 0.000 s
[state-dump] 	ray::rpc::NodeInfoGcsService.grpc_client.RegisterNode - 1 total (0 active), Execution time: mean = 1.293 ms, total = 1.293 ms, Queueing time: mean = 0.000 s, max = -0.000 s, min = 9223372036.855 s, total = 0.000 s
[state-dump] 	ClusterResourceManager.ResetRemoteNodeView - 1 total (1 active), Execution time: mean = 0.000 s, total = 0.000 s, Queueing time: mean = 0.000 s, max = -0.000 s, min = 9223372036.855 s, total = 0.000 s
[state-dump] 	ray::rpc::InternalKVGcsService.grpc_client.GetInternalConfig - 1 total (0 active), Execution time: mean = 878.186 us, total = 878.186 us, Queueing time: mean = 0.000 s, max = -0.000 s, min = 9223372036.855 s, total = 0.000 s
[state-dump] 	ray::rpc::InternalPubSubGcsService.grpc_client.GcsSubscriberCommandBatch.OnReplyReceived - 1 total (1 active), Execution time: mean = 0.000 s, total = 0.000 s, Queueing time: mean = 0.000 s, max = -0.000 s, min = 9223372036.855 s, total = 0.000 s
[state-dump] 	ray::rpc::InternalPubSubGcsService.grpc_client.GcsSubscriberPoll - 1 total (1 active), Execution time: mean = 0.000 s, total = 0.000 s, Queueing time: mean = 0.000 s, max = -0.000 s, min = 9223372036.855 s, total = 0.000 s
[state-dump] 	NodeManager.CheckForUnexpectedWorkerDisconnects - 1 total (1 active), Execution time: mean = 0.000 s, total = 0.000 s, Queueing time: mean = 0.000 s, max = -0.000 s, min = 9223372036.855 s, total = 0.000 s
[state-dump] 	ray::rpc::InternalPubSubGcsService.grpc_client.GcsSubscriberCommandBatch - 1 total (0 active), Execution time: mean = 679.095 us, total = 679.095 us, Queueing time: mean = 0.000 s, max = -0.000 s, min = 9223372036.855 s, total = 0.000 s
[state-dump] DebugString() time ms: 0
[state-dump] 
[state-dump] 
[2025-06-26 14:22:25,650 I 2615983 2615983] (raylet) accessor.cc:768: Received notification for node, IsAlive = 1 node_id=d1b3ed0b26e6b69c25eddbe5ed5db6fe69a013b494b961eb2405e399
[2025-06-26 14:22:26,087 I 2615983 2615983] (raylet) worker_pool.cc:527: Started worker process with pid 2616170, the token is 0
[2025-06-26 14:22:26,089 I 2615983 2615983] (raylet) worker_pool.cc:527: Started worker process with pid 2616171, the token is 1
[2025-06-26 14:22:26,092 I 2615983 2615983] (raylet) worker_pool.cc:527: Started worker process with pid 2616172, the token is 2
[2025-06-26 14:22:26,095 I 2615983 2615983] (raylet) worker_pool.cc:527: Started worker process with pid 2616173, the token is 3
[2025-06-26 14:22:26,097 I 2615983 2615983] (raylet) worker_pool.cc:527: Started worker process with pid 2616174, the token is 4
[2025-06-26 14:22:26,099 I 2615983 2615983] (raylet) worker_pool.cc:527: Started worker process with pid 2616175, the token is 5
[2025-06-26 14:22:26,101 I 2615983 2615983] (raylet) worker_pool.cc:527: Started worker process with pid 2616177, the token is 6
[2025-06-26 14:22:26,104 I 2615983 2615983] (raylet) worker_pool.cc:527: Started worker process with pid 2616178, the token is 7
[2025-06-26 14:22:26,106 I 2615983 2615983] (raylet) worker_pool.cc:527: Started worker process with pid 2616179, the token is 8
[2025-06-26 14:22:26,108 I 2615983 2615983] (raylet) worker_pool.cc:527: Started worker process with pid 2616182, the token is 9
[2025-06-26 14:22:26,110 I 2615983 2615983] (raylet) worker_pool.cc:527: Started worker process with pid 2616183, the token is 10
[2025-06-26 14:22:26,113 I 2615983 2615983] (raylet) worker_pool.cc:527: Started worker process with pid 2616184, the token is 11
[2025-06-26 14:22:26,115 I 2615983 2615983] (raylet) worker_pool.cc:527: Started worker process with pid 2616185, the token is 12
[2025-06-26 14:22:26,117 I 2615983 2615983] (raylet) worker_pool.cc:527: Started worker process with pid 2616186, the token is 13
[2025-06-26 14:22:26,120 I 2615983 2615983] (raylet) worker_pool.cc:527: Started worker process with pid 2616187, the token is 14
[2025-06-26 14:22:26,123 I 2615983 2615983] (raylet) worker_pool.cc:527: Started worker process with pid 2616188, the token is 15
[2025-06-26 14:22:26,125 I 2615983 2615983] (raylet) worker_pool.cc:527: Started worker process with pid 2616189, the token is 16
[2025-06-26 14:22:26,127 I 2615983 2615983] (raylet) worker_pool.cc:527: Started worker process with pid 2616190, the token is 17
[2025-06-26 14:22:26,130 I 2615983 2615983] (raylet) worker_pool.cc:527: Started worker process with pid 2616191, the token is 18
[2025-06-26 14:22:26,132 I 2615983 2615983] (raylet) worker_pool.cc:527: Started worker process with pid 2616192, the token is 19
[2025-06-26 14:22:26,136 I 2615983 2615983] (raylet) worker_pool.cc:527: Started worker process with pid 2616193, the token is 20
[2025-06-26 14:22:26,139 I 2615983 2615983] (raylet) worker_pool.cc:527: Started worker process with pid 2616194, the token is 21
[2025-06-26 14:22:26,142 I 2615983 2615983] (raylet) worker_pool.cc:527: Started worker process with pid 2616195, the token is 22
[2025-06-26 14:22:26,145 I 2615983 2615983] (raylet) worker_pool.cc:527: Started worker process with pid 2616196, the token is 23
[2025-06-26 14:22:26,148 I 2615983 2615983] (raylet) worker_pool.cc:527: Started worker process with pid 2616197, the token is 24
[2025-06-26 14:22:26,150 I 2615983 2615983] (raylet) worker_pool.cc:527: Started worker process with pid 2616198, the token is 25
[2025-06-26 14:22:26,153 I 2615983 2615983] (raylet) worker_pool.cc:527: Started worker process with pid 2616199, the token is 26
[2025-06-26 14:22:26,156 I 2615983 2615983] (raylet) worker_pool.cc:527: Started worker process with pid 2616200, the token is 27
[2025-06-26 14:22:26,158 I 2615983 2615983] (raylet) worker_pool.cc:527: Started worker process with pid 2616201, the token is 28
[2025-06-26 14:22:26,161 I 2615983 2615983] (raylet) worker_pool.cc:527: Started worker process with pid 2616202, the token is 29
[2025-06-26 14:22:26,164 I 2615983 2615983] (raylet) worker_pool.cc:527: Started worker process with pid 2616203, the token is 30
[2025-06-26 14:22:26,166 I 2615983 2615983] (raylet) worker_pool.cc:527: Started worker process with pid 2616204, the token is 31
[2025-06-26 14:22:26,169 I 2615983 2615983] (raylet) worker_pool.cc:527: Started worker process with pid 2616205, the token is 32
[2025-06-26 14:22:26,172 I 2615983 2615983] (raylet) worker_pool.cc:527: Started worker process with pid 2616206, the token is 33
[2025-06-26 14:22:26,175 I 2615983 2615983] (raylet) worker_pool.cc:527: Started worker process with pid 2616207, the token is 34
[2025-06-26 14:22:26,178 I 2615983 2615983] (raylet) worker_pool.cc:527: Started worker process with pid 2616208, the token is 35
[2025-06-26 14:22:26,181 I 2615983 2615983] (raylet) worker_pool.cc:527: Started worker process with pid 2616209, the token is 36
[2025-06-26 14:22:26,184 I 2615983 2615983] (raylet) worker_pool.cc:527: Started worker process with pid 2616210, the token is 37
[2025-06-26 14:22:26,187 I 2615983 2615983] (raylet) worker_pool.cc:527: Started worker process with pid 2616211, the token is 38
[2025-06-26 14:22:26,189 I 2615983 2615983] (raylet) worker_pool.cc:527: Started worker process with pid 2616212, the token is 39
[2025-06-26 14:22:26,192 I 2615983 2615983] (raylet) worker_pool.cc:527: Started worker process with pid 2616213, the token is 40
[2025-06-26 14:22:26,195 I 2615983 2615983] (raylet) worker_pool.cc:527: Started worker process with pid 2616214, the token is 41
[2025-06-26 14:22:26,198 I 2615983 2615983] (raylet) worker_pool.cc:527: Started worker process with pid 2616215, the token is 42
[2025-06-26 14:22:26,201 I 2615983 2615983] (raylet) worker_pool.cc:527: Started worker process with pid 2616216, the token is 43
[2025-06-26 14:22:26,204 I 2615983 2615983] (raylet) worker_pool.cc:527: Started worker process with pid 2616217, the token is 44
[2025-06-26 14:22:26,207 I 2615983 2615983] (raylet) worker_pool.cc:527: Started worker process with pid 2616218, the token is 45
[2025-06-26 14:22:26,210 I 2615983 2615983] (raylet) worker_pool.cc:527: Started worker process with pid 2616219, the token is 46
[2025-06-26 14:22:26,213 I 2615983 2615983] (raylet) worker_pool.cc:527: Started worker process with pid 2616220, the token is 47
[2025-06-26 14:22:26,217 I 2615983 2615983] (raylet) worker_pool.cc:527: Started worker process with pid 2616221, the token is 48
[2025-06-26 14:22:26,220 I 2615983 2615983] (raylet) worker_pool.cc:527: Started worker process with pid 2616222, the token is 49
[2025-06-26 14:22:26,223 I 2615983 2615983] (raylet) worker_pool.cc:527: Started worker process with pid 2616223, the token is 50
[2025-06-26 14:22:26,226 I 2615983 2615983] (raylet) worker_pool.cc:527: Started worker process with pid 2616224, the token is 51
[2025-06-26 14:22:26,229 I 2615983 2615983] (raylet) worker_pool.cc:527: Started worker process with pid 2616225, the token is 52
[2025-06-26 14:22:26,232 I 2615983 2615983] (raylet) worker_pool.cc:527: Started worker process with pid 2616226, the token is 53
[2025-06-26 14:22:26,236 I 2615983 2615983] (raylet) worker_pool.cc:527: Started worker process with pid 2616227, the token is 54
[2025-06-26 14:22:26,239 I 2615983 2615983] (raylet) worker_pool.cc:527: Started worker process with pid 2616228, the token is 55
[2025-06-26 14:22:26,242 I 2615983 2615983] (raylet) worker_pool.cc:527: Started worker process with pid 2616229, the token is 56
[2025-06-26 14:22:26,245 I 2615983 2615983] (raylet) worker_pool.cc:527: Started worker process with pid 2616230, the token is 57
[2025-06-26 14:22:26,249 I 2615983 2615983] (raylet) worker_pool.cc:527: Started worker process with pid 2616231, the token is 58
[2025-06-26 14:22:26,252 I 2615983 2615983] (raylet) worker_pool.cc:527: Started worker process with pid 2616233, the token is 59
[2025-06-26 14:22:26,255 I 2615983 2615983] (raylet) worker_pool.cc:527: Started worker process with pid 2616234, the token is 60
[2025-06-26 14:22:26,259 I 2615983 2615983] (raylet) worker_pool.cc:527: Started worker process with pid 2616235, the token is 61
[2025-06-26 14:22:26,262 I 2615983 2615983] (raylet) worker_pool.cc:527: Started worker process with pid 2616236, the token is 62
[2025-06-26 14:22:26,266 I 2615983 2615983] (raylet) worker_pool.cc:527: Started worker process with pid 2616237, the token is 63
[2025-06-26 14:22:26,269 I 2615983 2615983] (raylet) worker_pool.cc:527: Started worker process with pid 2616238, the token is 64
[2025-06-26 14:22:26,273 I 2615983 2615983] (raylet) worker_pool.cc:527: Started worker process with pid 2616239, the token is 65
[2025-06-26 14:22:26,276 I 2615983 2615983] (raylet) worker_pool.cc:527: Started worker process with pid 2616240, the token is 66
[2025-06-26 14:22:26,279 I 2615983 2615983] (raylet) worker_pool.cc:527: Started worker process with pid 2616241, the token is 67
[2025-06-26 14:22:26,283 I 2615983 2615983] (raylet) worker_pool.cc:527: Started worker process with pid 2616242, the token is 68
[2025-06-26 14:22:26,287 I 2615983 2615983] (raylet) worker_pool.cc:527: Started worker process with pid 2616243, the token is 69
[2025-06-26 14:22:26,291 I 2615983 2615983] (raylet) worker_pool.cc:527: Started worker process with pid 2616247, the token is 70
[2025-06-26 14:22:26,295 I 2615983 2615983] (raylet) worker_pool.cc:527: Started worker process with pid 2616248, the token is 71
[2025-06-26 14:22:26,299 I 2615983 2615983] (raylet) worker_pool.cc:527: Started worker process with pid 2616249, the token is 72
[2025-06-26 14:22:26,304 I 2615983 2615983] (raylet) worker_pool.cc:527: Started worker process with pid 2616250, the token is 73
[2025-06-26 14:22:26,309 I 2615983 2615983] (raylet) worker_pool.cc:527: Started worker process with pid 2616251, the token is 74
[2025-06-26 14:22:26,314 I 2615983 2615983] (raylet) worker_pool.cc:527: Started worker process with pid 2616252, the token is 75
[2025-06-26 14:22:26,319 I 2615983 2615983] (raylet) worker_pool.cc:527: Started worker process with pid 2616253, the token is 76
[2025-06-26 14:22:26,324 I 2615983 2615983] (raylet) worker_pool.cc:527: Started worker process with pid 2616255, the token is 77
[2025-06-26 14:22:26,330 I 2615983 2615983] (raylet) worker_pool.cc:527: Started worker process with pid 2616256, the token is 78
[2025-06-26 14:22:26,335 I 2615983 2615983] (raylet) worker_pool.cc:527: Started worker process with pid 2616259, the token is 79
[2025-06-26 14:22:26,340 I 2615983 2615983] (raylet) worker_pool.cc:527: Started worker process with pid 2616260, the token is 80
[2025-06-26 14:22:26,345 I 2615983 2615983] (raylet) worker_pool.cc:527: Started worker process with pid 2616261, the token is 81
[2025-06-26 14:22:26,367 I 2615983 2615983] (raylet) worker_pool.cc:527: Started worker process with pid 2616262, the token is 82
[2025-06-26 14:22:26,373 I 2615983 2615983] (raylet) worker_pool.cc:527: Started worker process with pid 2616263, the token is 83
[2025-06-26 14:22:26,378 I 2615983 2615983] (raylet) worker_pool.cc:527: Started worker process with pid 2616264, the token is 84
[2025-06-26 14:22:26,384 I 2615983 2615983] (raylet) worker_pool.cc:527: Started worker process with pid 2616265, the token is 85
[2025-06-26 14:22:26,390 I 2615983 2615983] (raylet) worker_pool.cc:527: Started worker process with pid 2616267, the token is 86
[2025-06-26 14:22:26,396 I 2615983 2615983] (raylet) worker_pool.cc:527: Started worker process with pid 2616269, the token is 87
[2025-06-26 14:22:26,401 I 2615983 2615983] (raylet) worker_pool.cc:527: Started worker process with pid 2616271, the token is 88
[2025-06-26 14:22:26,407 I 2615983 2615983] (raylet) worker_pool.cc:527: Started worker process with pid 2616272, the token is 89
[2025-06-26 14:22:26,412 I 2615983 2615983] (raylet) worker_pool.cc:527: Started worker process with pid 2616273, the token is 90
[2025-06-26 14:22:26,418 I 2615983 2615983] (raylet) worker_pool.cc:527: Started worker process with pid 2616274, the token is 91
[2025-06-26 14:22:26,424 I 2615983 2615983] (raylet) worker_pool.cc:527: Started worker process with pid 2616275, the token is 92
[2025-06-26 14:22:26,429 I 2615983 2615983] (raylet) worker_pool.cc:527: Started worker process with pid 2616277, the token is 93
[2025-06-26 14:22:26,435 I 2615983 2615983] (raylet) worker_pool.cc:527: Started worker process with pid 2616281, the token is 94
[2025-06-26 14:22:26,441 I 2615983 2615983] (raylet) worker_pool.cc:527: Started worker process with pid 2616282, the token is 95
[2025-06-26 14:22:26,497 I 2615983 2616014] (raylet) object_store.cc:38: Object store current usage 8e-09 / 68.7195 GB.
[2025-06-26 14:22:27,045 I 2615983 2615983] (raylet) worker_pool.cc:724: Job 01000000 already started in worker pool.
[2025-06-26 14:22:30,701 W 2615983 2615983] (raylet) memory_monitor.cc:198: Got negative used memory for cgroup -1, setting it to zero
[2025-06-26 14:22:35,647 W 2615983 2616008] (raylet) metric_exporter.cc:105: [1] Export metrics to agent failed: RpcError: RPC Error message: failed to connect to all addresses; last error: UNKNOWN: ipv4:127.0.0.1:64477: Failed to connect to remote host: Connection refused; RPC Error details:  rpc_code: 14. This won't affect Ray, but you can lose metrics from the cluster.
[2025-06-26 14:22:35,707 W 2615983 2615983] (raylet) memory_monitor.cc:198: Got negative used memory for cgroup -1, setting it to zero
[2025-06-26 14:22:40,711 W 2615983 2615983] (raylet) memory_monitor.cc:198: Got negative used memory for cgroup -1, setting it to zero
[2025-06-26 14:22:45,714 W 2615983 2615983] (raylet) memory_monitor.cc:198: Got negative used memory for cgroup -1, setting it to zero
[2025-06-26 14:22:50,717 W 2615983 2615983] (raylet) memory_monitor.cc:198: Got negative used memory for cgroup -1, setting it to zero
[2025-06-26 14:22:55,720 W 2615983 2615983] (raylet) memory_monitor.cc:198: Got negative used memory for cgroup -1, setting it to zero
[2025-06-26 14:23:00,723 W 2615983 2615983] (raylet) memory_monitor.cc:198: Got negative used memory for cgroup -1, setting it to zero
[2025-06-26 14:23:05,726 W 2615983 2615983] (raylet) memory_monitor.cc:198: Got negative used memory for cgroup -1, setting it to zero
[2025-06-26 14:23:10,730 W 2615983 2615983] (raylet) memory_monitor.cc:198: Got negative used memory for cgroup -1, setting it to zero
[2025-06-26 14:23:15,735 W 2615983 2615983] (raylet) memory_monitor.cc:198: Got negative used memory for cgroup -1, setting it to zero
[2025-06-26 14:23:20,739 W 2615983 2615983] (raylet) memory_monitor.cc:198: Got negative used memory for cgroup -1, setting it to zero
[2025-06-26 14:23:25,633 I 2615983 2616014] (raylet) store.cc:576: Plasma store debug dump: 
Current usage: 0 / 68.7195 GB
- num bytes created total: 8659708
0 pending objects of total size 0MB
- objects spillable: 0
- bytes spillable: 0
- objects unsealed: 0
- bytes unsealed: 0
- objects in use: 0
- bytes in use: 0
- objects evictable: 0
- bytes evictable: 0

- objects created by worker: 0
- bytes created by worker: 0
- objects restored: 0
- bytes restored: 0
- objects received: 0
- bytes received: 0
- objects errored: 0
- bytes errored: 0

[2025-06-26 14:23:25,650 I 2615983 2615983] (raylet) node_manager.cc:450: [state-dump] NodeManager:
[state-dump] Node ID: d1b3ed0b26e6b69c25eddbe5ed5db6fe69a013b494b961eb2405e399
[state-dump] Node name: 192.168.10.101
[state-dump] InitialConfigResources: {CPU: 96, object_store_memory: 6.87195e+10, GPU: 8, node:192.168.10.101: 1, memory: 1.72645e+11, accelerator_type:G: 1, node:__internal_head__: 1}
[state-dump] ClusterTaskManager:
[state-dump] ========== Node: d1b3ed0b26e6b69c25eddbe5ed5db6fe69a013b494b961eb2405e399 =================
[state-dump] Infeasible queue length: 0
[state-dump] Schedule queue length: 0
[state-dump] Dispatch queue length: 0
[state-dump] num_waiting_for_resource: 0
[state-dump] num_waiting_for_plasma_memory: 0
[state-dump] num_waiting_for_remote_node_resources: 0
[state-dump] num_worker_not_started_by_job_config_not_exist: 0
[state-dump] num_worker_not_started_by_registration_timeout: 0
[state-dump] num_tasks_waiting_for_workers: 0
[state-dump] num_cancelled_tasks: 0
[state-dump] cluster_resource_scheduler state: 
[state-dump] Local id: -2599431013956128218 Local resources: {"total":{CPU: [960000], node:__internal_head__: [10000], memory: [1726454128640000], object_store_memory: [687194767360000], accelerator_type:G: [10000], node:192.168.10.101: [10000], GPU: [10000, 10000, 10000, 10000, 10000, 10000, 10000, 10000]}}, "available": {accelerator_type:G: [10000], node:192.168.10.101: [10000], GPU: [0, 0, 0, 0, 0, 0, 0, 0], CPU: [880000], memory: [1726454128640000], node:__internal_head__: [10000], object_store_memory: [687194767360000]}}, "labels":{"ray.io/node_id":"d1b3ed0b26e6b69c25eddbe5ed5db6fe69a013b494b961eb2405e399",} is_draining: 0 is_idle: 0 Cluster resources (at most 20 nodes are shown): node id: -2599431013956128218{"total":{node:192.168.10.101: 10000, GPU: 80000, memory: 1726454128640000, node:__internal_head__: 10000, object_store_memory: 687194767360000, CPU: 960000, accelerator_type:G: 10000}}, "available": {node:192.168.10.101: 10000, memory: 1726454128640000, node:__internal_head__: 10000, object_store_memory: 687194767360000, CPU: 880000, accelerator_type:G: 10000}}, "labels":{"ray.io/node_id":"d1b3ed0b26e6b69c25eddbe5ed5db6fe69a013b494b961eb2405e399",}, "is_draining": 0, "draining_deadline_timestamp_ms": -1} { "placement group locations": [], "node to bundles": []}
[state-dump] Waiting tasks size: 0
[state-dump] Number of executing tasks: 0
[state-dump] Number of pinned task arguments: 0
[state-dump] Number of total spilled tasks: 0
[state-dump] Number of spilled waiting tasks: 0
[state-dump] Number of spilled unschedulable tasks: 0
[state-dump] Resource usage {
[state-dump]     - (language=PYTHON actor_or_task=XDiTWorker.__init__ pid=2616177 worker_id=83675983095c2f4080508443a27912d9f0352b4f5992919e31b6c16e): {CPU: 1, GPU: 1}
[state-dump]     - (language=PYTHON actor_or_task=XDiTWorker.__init__ pid=2616178 worker_id=46f978ed3a92bb26402f6bd6220735ba4deb31ad0154567fad1dac0c): {CPU: 1, GPU: 1}
[state-dump]     - (language=PYTHON actor_or_task=XDiTWorker.__init__ pid=2616186 worker_id=e14bfdb93e1401ec4a9e0ac3fb8c6c53e4a25565557646e59aa03050): {CPU: 1, GPU: 1}
[state-dump]     - (language=PYTHON actor_or_task=XDiTWorker.__init__ pid=2616188 worker_id=120abeb8c8d5f4f918d7fdd0e90ecdc033a2ced31268f7fda5beb1b4): {CPU: 1, GPU: 1}
[state-dump]     - (language=PYTHON actor_or_task=XDiTWorker.__init__ pid=2616170 worker_id=c534e54d97d6c82a681c3cdd36636ed9a727f29d5e29cce08069724a): {CPU: 1, GPU: 1}
[state-dump]     - (language=PYTHON actor_or_task=XDiTWorker.__init__ pid=2616172 worker_id=e3382d88d253e93c2ba7e0ea4f815a8228130ee66d35de0c3c84654c): {CPU: 1, GPU: 1}
[state-dump]     - (language=PYTHON actor_or_task=XDiTWorker.__init__ pid=2616184 worker_id=36929feb58c35c6d933b9099812d394e9ca4c1e199cd5f8367e37486): {CPU: 1, GPU: 1}
[state-dump]     - (language=PYTHON actor_or_task=XDiTWorker.__init__ pid=2616182 worker_id=59a286852a20205ea4394ec4985986fb16c05915557ab6d77eee92f9): {CPU: 1, GPU: 1}
[state-dump] }
[state-dump] Backlog Size per scheduling descriptor :{workerId: num backlogs}:
[state-dump] 
[state-dump] Running tasks by scheduling class:
[state-dump] ==================================================
[state-dump] 
[state-dump] ClusterResources:
[state-dump] LocalObjectManager:
[state-dump] - num pinned objects: 0
[state-dump] - pinned objects size: 0
[state-dump] - num objects pending restore: 0
[state-dump] - num objects pending spill: 0
[state-dump] - num bytes pending spill: 0
[state-dump] - num bytes currently spilled: 0
[state-dump] - cumulative spill requests: 0
[state-dump] - cumulative restore requests: 0
[state-dump] - spilled objects pending delete: 0
[state-dump] 
[state-dump] ObjectManager:
[state-dump] - num local objects: 0
[state-dump] - num unfulfilled push requests: 0
[state-dump] - num object pull requests: 0
[state-dump] - num chunks received total: 0
[state-dump] - num chunks received failed (all): 0
[state-dump] - num chunks received failed / cancelled: 0
[state-dump] - num chunks received failed / plasma error: 0
[state-dump] Event stats:
[state-dump] Global stats: 1 total (0 active)
[state-dump] Queueing time: mean = 30.222 us, max = 30.222 us, min = 30.222 us, total = 30.222 us
[state-dump] Execution time:  mean = 42.583 us, total = 42.583 us
[state-dump] Event stats:
[state-dump] 	ObjectManager.FreeObjects - 1 total (0 active), Execution time: mean = 42.583 us, total = 42.583 us, Queueing time: mean = 30.222 us, max = 30.222 us, min = 30.222 us, total = 30.222 us
[state-dump] PushManager:
[state-dump] - num pushes in flight: 0
[state-dump] - num chunks in flight: 0
[state-dump] - num chunks remaining: 0
[state-dump] - max chunks allowed: 409
[state-dump] OwnershipBasedObjectDirectory:
[state-dump] - num listeners: 0
[state-dump] - cumulative location updates: 0
[state-dump] - num location updates per second: 0.000
[state-dump] - num location lookups per second: 0.000
[state-dump] - num locations added per second: 0.000
[state-dump] - num locations removed per second: 0.000
[state-dump] BufferPool:
[state-dump] - create buffer state map size: 0
[state-dump] PullManager:
[state-dump] - num bytes available for pulled objects: 68719476736
[state-dump] - num bytes being pulled (all): 0
[state-dump] - num bytes being pulled / pinned: 0
[state-dump] - get request bundles: BundlePullRequestQueue{0 total, 0 active, 0 inactive, 0 unpullable}
[state-dump] - wait request bundles: BundlePullRequestQueue{0 total, 0 active, 0 inactive, 0 unpullable}
[state-dump] - task request bundles: BundlePullRequestQueue{0 total, 0 active, 0 inactive, 0 unpullable}
[state-dump] - first get request bundle: N/A
[state-dump] - first wait request bundle: N/A
[state-dump] - first task request bundle: N/A
[state-dump] - num objects queued: 0
[state-dump] - num objects actively pulled (all): 0
[state-dump] - num objects actively pulled / pinned: 0
[state-dump] - num bundles being pulled: 0
[state-dump] - num pull retries: 0
[state-dump] - max timeout seconds: 0
[state-dump] - max timeout request is already processed. No entry.
[state-dump] 
[state-dump] WorkerPool:
[state-dump] - registered jobs: 1
[state-dump] - process_failed_job_config_missing: 0
[state-dump] - process_failed_rate_limited: 0
[state-dump] - process_failed_pending_registration: 0
[state-dump] - process_failed_runtime_env_setup_failed: 0
[state-dump] - num PYTHON workers: 96
[state-dump] - num PYTHON drivers: 1
[state-dump] - num PYTHON pending start requests: 0
[state-dump] - num PYTHON pending registration requests: 0
[state-dump] - num object spill callbacks queued: 0
[state-dump] - num object restore queued: 0
[state-dump] - num util functions queued: 0
[state-dump] - num JAVA workers: 0
[state-dump] - num JAVA drivers: 0
[state-dump] - num JAVA pending start requests: 0
[state-dump] - num JAVA pending registration requests: 0
[state-dump] - num object spill callbacks queued: 0
[state-dump] - num object restore queued: 0
[state-dump] - num util functions queued: 0
[state-dump] - num idle workers: 88
[state-dump] TaskDependencyManager:
[state-dump] - task deps map size: 0
[state-dump] - get req map size: 0
[state-dump] - wait req map size: 0
[state-dump] - local objects map size: 0
[state-dump] WaitManager:
[state-dump] - num active wait requests: 0
[state-dump] Subscriber:
[state-dump] Channel WORKER_OBJECT_LOCATIONS_CHANNEL
[state-dump] - cumulative subscribe requests: 3
[state-dump] - cumulative unsubscribe requests: 3
[state-dump] - active subscribed publishers: 0
[state-dump] - cumulative published messages: 0
[state-dump] - cumulative processed messages: 0
[state-dump] Channel WORKER_REF_REMOVED_CHANNEL
[state-dump] - cumulative subscribe requests: 0
[state-dump] - cumulative unsubscribe requests: 0
[state-dump] - active subscribed publishers: 0
[state-dump] - cumulative published messages: 0
[state-dump] - cumulative processed messages: 0
[state-dump] Channel WORKER_OBJECT_EVICTION
[state-dump] - cumulative subscribe requests: 3
[state-dump] - cumulative unsubscribe requests: 3
[state-dump] - active subscribed publishers: 0
[state-dump] - cumulative published messages: 3
[state-dump] - cumulative processed messages: 3
[state-dump] num async plasma notifications: 0
[state-dump] Event stats:
[state-dump] Global stats: 15618 total (113 active)
[state-dump] Queueing time: mean = 3.822 ms, max = 5.099 s, min = -0.000 s, total = 59.693 s
[state-dump] Execution time:  mean = 198.628 us, total = 3.102 s
[state-dump] Event stats:
[state-dump] 	NodeManagerService.grpc_server.ReportWorkerBacklog.HandleRequestImpl - 5751 total (0 active), Execution time: mean = 16.807 us, total = 96.660 ms, Queueing time: mean = 34.161 us, max = 3.428 ms, min = 2.197 us, total = 196.462 ms
[state-dump] 	NodeManagerService.grpc_server.ReportWorkerBacklog - 5751 total (0 active), Execution time: mean = 184.225 us, total = 1.059 s, Queueing time: mean = 0.000 s, max = -0.000 s, min = 9223372036.855 s, total = 0.000 s
[state-dump] 	RaySyncer.OnDemandBroadcasting - 597 total (1 active), Execution time: mean = 4.593 us, total = 2.742 ms, Queueing time: mean = 528.024 us, max = 291.317 ms, min = 6.462 us, total = 315.230 ms
[state-dump] 	NodeManager.CheckGC - 597 total (1 active), Execution time: mean = 1.522 us, total = 908.670 us, Queueing time: mean = 530.815 us, max = 291.330 ms, min = 8.050 us, total = 316.897 ms
[state-dump] 	ObjectManager.UpdateAvailableMemory - 596 total (0 active), Execution time: mean = 2.307 us, total = 1.375 ms, Queueing time: mean = 26.061 us, max = 329.095 us, min = 2.330 us, total = 15.533 ms
[state-dump] 	ClientConnection.async_read.ProcessMessageHeader - 440 total (97 active), Execution time: mean = 3.499 us, total = 1.540 ms, Queueing time: mean = 132.384 ms, max = 5.099 s, min = 9.345 us, total = 58.249 s
[state-dump] 	ClientConnection.async_read.ProcessMessage - 343 total (0 active), Execution time: mean = 1.125 ms, total = 385.994 ms, Queueing time: mean = 9.598 us, max = 203.222 us, min = 1.634 us, total = 3.292 ms
[state-dump] 	RayletWorkerPool.deadline_timer.kill_idle_workers - 299 total (1 active), Execution time: mean = 12.678 us, total = 3.791 ms, Queueing time: mean = 689.161 us, max = 195.868 ms, min = 7.220 us, total = 206.059 ms
[state-dump] 	MemoryMonitor.CheckIsMemoryUsageAboveThreshold - 239 total (1 active), Execution time: mean = 137.407 us, total = 32.840 ms, Queueing time: mean = 1.316 ms, max = 295.575 ms, min = -0.000 s, total = 314.538 ms
[state-dump] 	ObjectManager.ObjectDeleted - 100 total (0 active), Execution time: mean = 11.987 us, total = 1.199 ms, Queueing time: mean = 46.975 us, max = 389.665 us, min = 19.359 us, total = 4.698 ms
[state-dump] 	ObjectManager.ObjectAdded - 100 total (0 active), Execution time: mean = 18.600 us, total = 1.860 ms, Queueing time: mean = 34.972 us, max = 532.002 us, min = 6.109 us, total = 3.497 ms
[state-dump] 	ClientConnection.async_write.DoAsyncWrites - 98 total (0 active), Execution time: mean = 684.418 ns, total = 67.073 us, Queueing time: mean = 20.472 us, max = 113.553 us, min = 9.865 us, total = 2.006 ms
[state-dump] 	NodeManagerService.grpc_server.GetSystemConfig - 97 total (0 active), Execution time: mean = 243.904 us, total = 23.659 ms, Queueing time: mean = 0.000 s, max = -0.000 s, min = 9223372036.855 s, total = 0.000 s
[state-dump] 	NodeManagerService.grpc_server.GetSystemConfig.HandleRequestImpl - 97 total (0 active), Execution time: mean = 21.255 us, total = 2.062 ms, Queueing time: mean = 26.014 us, max = 196.022 us, min = 5.800 us, total = 2.523 ms
[state-dump] 	NodeManager.ScheduleAndDispatchTasks - 61 total (1 active), Execution time: mean = 6.739 us, total = 411.063 us, Queueing time: mean = 21.791 us, max = 128.741 us, min = 8.853 us, total = 1.329 ms
[state-dump] 	NodeManager.CheckForUnexpectedWorkerDisconnects - 60 total (1 active), Execution time: mean = 69.508 us, total = 4.170 ms, Queueing time: mean = 18.179 us, max = 71.622 us, min = 8.386 us, total = 1.091 ms
[state-dump] 	NodeManagerService.grpc_server.GetResourceLoad - 60 total (0 active), Execution time: mean = 219.813 us, total = 13.189 ms, Queueing time: mean = 0.000 s, max = -0.000 s, min = 9223372036.855 s, total = 0.000 s
[state-dump] 	NodeManagerService.grpc_server.GetResourceLoad.HandleRequestImpl - 60 total (0 active), Execution time: mean = 64.013 us, total = 3.841 ms, Queueing time: mean = 24.605 us, max = 59.247 us, min = 14.654 us, total = 1.476 ms
[state-dump] 	NodeManager.deadline_timer.flush_free_objects - 60 total (1 active), Execution time: mean = 4.722 us, total = 283.298 us, Queueing time: mean = 70.771 us, max = 563.957 us, min = 11.397 us, total = 4.246 ms
[state-dump] 	NodeManager.deadline_timer.spill_objects_when_over_threshold - 60 total (1 active), Execution time: mean = 1.553 us, total = 93.199 us, Queueing time: mean = 73.767 us, max = 565.710 us, min = 10.508 us, total = 4.426 ms
[state-dump] 	ClusterResourceManager.ResetRemoteNodeView - 21 total (1 active), Execution time: mean = 3.955 us, total = 83.062 us, Queueing time: mean = 20.657 us, max = 55.026 us, min = 12.064 us, total = 433.790 us
[state-dump] 	PeriodicalRunner.RunFnPeriodically - 14 total (0 active), Execution time: mean = 158.368 us, total = 2.217 ms, Queueing time: mean = 3.026 ms, max = 8.363 ms, min = 24.332 us, total = 42.359 ms
[state-dump] 	NodeManager.deadline_timer.record_metrics - 12 total (1 active), Execution time: mean = 275.585 us, total = 3.307 ms, Queueing time: mean = 86.276 us, max = 314.282 us, min = 10.616 us, total = 1.035 ms
[state-dump] 	WorkerPool.PopWorkerCallback - 8 total (0 active), Execution time: mean = 13.099 us, total = 104.795 us, Queueing time: mean = 3.919 us, max = 6.429 us, min = 2.742 us, total = 31.351 us
[state-dump] 	NodeManagerService.grpc_server.RequestWorkerLease - 8 total (0 active), Execution time: mean = 190.966 us, total = 1.528 ms, Queueing time: mean = 0.000 s, max = -0.000 s, min = 9223372036.855 s, total = 0.000 s
[state-dump] 	NodeManagerService.grpc_server.RequestWorkerLease.HandleRequestImpl - 8 total (0 active), Execution time: mean = 40.361 us, total = 322.885 us, Queueing time: mean = 19.354 us, max = 25.971 us, min = 15.227 us, total = 154.834 us
[state-dump] 	CoreWorkerService.grpc_client.PubsubCommandBatch.OnReplyReceived - 7 total (0 active), Execution time: mean = 39.626 us, total = 277.384 us, Queueing time: mean = 442.571 us, max = 2.969 ms, min = 15.904 us, total = 3.098 ms
[state-dump] 	CoreWorkerService.grpc_client.PubsubCommandBatch - 7 total (0 active), Execution time: mean = 1.055 ms, total = 7.385 ms, Queueing time: mean = 0.000 s, max = -0.000 s, min = 9223372036.855 s, total = 0.000 s
[state-dump] 	NodeManager.deadline_timer.debug_state_dump - 6 total (1 active), Execution time: mean = 633.379 us, total = 3.800 ms, Queueing time: mean = 12.405 us, max = 18.724 us, min = 9.722 us, total = 74.431 us
[state-dump] 	CoreWorkerService.grpc_client.PubsubLongPolling - 6 total (1 active), Execution time: mean = 3.477 ms, total = 20.865 ms, Queueing time: mean = 0.000 s, max = -0.000 s, min = 9223372036.855 s, total = 0.000 s
[state-dump] 	CoreWorkerService.grpc_client.UpdateObjectLocationBatch - 5 total (0 active), Execution time: mean = 816.307 us, total = 4.082 ms, Queueing time: mean = 0.000 s, max = -0.000 s, min = 9223372036.855 s, total = 0.000 s
[state-dump] 	CoreWorkerService.grpc_client.PubsubLongPolling.OnReplyReceived - 5 total (0 active), Execution time: mean = 78.122 us, total = 390.610 us, Queueing time: mean = 52.810 us, max = 193.365 us, min = 16.463 us, total = 264.051 us
[state-dump] 	CoreWorkerService.grpc_client.UpdateObjectLocationBatch.OnReplyReceived - 5 total (0 active), Execution time: mean = 24.324 us, total = 121.620 us, Queueing time: mean = 18.095 us, max = 22.574 us, min = 10.871 us, total = 90.473 us
[state-dump] 	Subscriber.HandlePublishedMessage_WORKER_OBJECT_EVICTION - 3 total (0 active), Execution time: mean = 36.935 us, total = 110.805 us, Queueing time: mean = 82.182 us, max = 93.123 us, min = 72.601 us, total = 246.545 us
[state-dump] 	NodeManagerService.grpc_server.PinObjectIDs - 3 total (0 active), Execution time: mean = 504.861 us, total = 1.515 ms, Queueing time: mean = 0.000 s, max = -0.000 s, min = 9223372036.855 s, total = 0.000 s
[state-dump] 	NodeManagerService.grpc_server.PinObjectIDs.HandleRequestImpl - 3 total (0 active), Execution time: mean = 262.107 us, total = 786.321 us, Queueing time: mean = 122.044 us, max = 310.962 us, min = 15.704 us, total = 366.133 us
[state-dump] 	RaySyncerRegister - 2 total (0 active), Execution time: mean = 1.260 us, total = 2.520 us, Queueing time: mean = 95.000 ns, max = 134.000 ns, min = 56.000 ns, total = 190.000 ns
[state-dump] 	ray::rpc::InternalPubSubGcsService.grpc_client.GcsSubscriberPoll - 2 total (1 active), Execution time: mean = 698.802 ms, total = 1.398 s, Queueing time: mean = 0.000 s, max = -0.000 s, min = 9223372036.855 s, total = 0.000 s
[state-dump] 	ray::rpc::InternalPubSubGcsService.grpc_client.GcsSubscriberCommandBatch - 2 total (0 active), Execution time: mean = 618.167 us, total = 1.236 ms, Queueing time: mean = 0.000 s, max = -0.000 s, min = 9223372036.855 s, total = 0.000 s
[state-dump] 	RaySyncer.BroadcastMessage - 2 total (0 active), Execution time: mean = 99.554 us, total = 199.108 us, Queueing time: mean = 108.500 ns, max = 152.000 ns, min = 65.000 ns, total = 217.000 ns
[state-dump] 	 - 2 total (0 active), Execution time: mean = 467.000 ns, total = 934.000 ns, Queueing time: mean = 28.542 us, max = 37.707 us, min = 19.377 us, total = 57.084 us
[state-dump] 	ray::rpc::InternalPubSubGcsService.grpc_client.GcsSubscriberCommandBatch.OnReplyReceived - 2 total (0 active), Execution time: mean = 99.457 us, total = 198.914 us, Queueing time: mean = 835.165 us, max = 1.657 ms, min = 13.539 us, total = 1.670 ms
[state-dump] 	Subscriber.HandlePublishedMessage_GCS_JOB_CHANNEL - 1 total (0 active), Execution time: mean = 33.650 us, total = 33.650 us, Queueing time: mean = 103.533 us, max = 103.533 us, min = 103.533 us, total = 103.533 us
[state-dump] 	ray::rpc::NodeInfoGcsService.grpc_client.GetAllNodeInfo - 1 total (0 active), Execution time: mean = 691.797 us, total = 691.797 us, Queueing time: mean = 0.000 s, max = -0.000 s, min = 9223372036.855 s, total = 0.000 s
[state-dump] 	ray::rpc::NodeInfoGcsService.grpc_client.RegisterNode - 1 total (0 active), Execution time: mean = 1.293 ms, total = 1.293 ms, Queueing time: mean = 0.000 s, max = -0.000 s, min = 9223372036.855 s, total = 0.000 s
[state-dump] 	CoreWorkerService.grpc_client.ActorCallArgWaitComplete.OnReplyReceived - 1 total (0 active), Execution time: mean = 12.784 us, total = 12.784 us, Queueing time: mean = 93.491 us, max = 93.491 us, min = 93.491 us, total = 93.491 us
[state-dump] 	ray::rpc::NodeInfoGcsService.grpc_client.GetAllNodeInfo.OnReplyReceived - 1 total (0 active), Execution time: mean = 106.720 us, total = 106.720 us, Queueing time: mean = 14.666 us, max = 14.666 us, min = 14.666 us, total = 14.666 us
[state-dump] 	ray::rpc::NodeInfoGcsService.grpc_client.CheckAlive - 1 total (0 active), Execution time: mean = 556.137 us, total = 556.137 us, Queueing time: mean = 0.000 s, max = -0.000 s, min = 9223372036.855 s, total = 0.000 s
[state-dump] 	ray::rpc::JobInfoGcsService.grpc_client.AddJob.OnReplyReceived - 1 total (0 active), Execution time: mean = 29.477 us, total = 29.477 us, Queueing time: mean = 99.981 us, max = 99.981 us, min = 99.981 us, total = 99.981 us
[state-dump] 	ray::rpc::JobInfoGcsService.grpc_client.AddJob - 1 total (0 active), Execution time: mean = 602.030 us, total = 602.030 us, Queueing time: mean = 0.000 s, max = -0.000 s, min = 9223372036.855 s, total = 0.000 s
[state-dump] 	ray::rpc::InternalPubSubGcsService.grpc_client.GcsSubscriberPoll.OnReplyReceived - 1 total (0 active), Execution time: mean = 110.225 us, total = 110.225 us, Queueing time: mean = 18.233 us, max = 18.233 us, min = 18.233 us, total = 18.233 us
[state-dump] 	ray::rpc::InternalKVGcsService.grpc_client.GetInternalConfig - 1 total (0 active), Execution time: mean = 878.186 us, total = 878.186 us, Queueing time: mean = 0.000 s, max = -0.000 s, min = 9223372036.855 s, total = 0.000 s
[state-dump] 	CoreWorkerService.grpc_client.ActorCallArgWaitComplete - 1 total (0 active), Execution time: mean = 855.152 us, total = 855.152 us, Queueing time: mean = 0.000 s, max = -0.000 s, min = 9223372036.855 s, total = 0.000 s
[state-dump] 	ray::rpc::NodeInfoGcsService.grpc_client.CheckAlive.OnReplyReceived - 1 total (0 active), Execution time: mean = 11.655 us, total = 11.655 us, Queueing time: mean = 19.809 us, max = 19.809 us, min = 19.809 us, total = 19.809 us
[state-dump] 	NodeManager.GCTaskFailureReason - 1 total (1 active), Execution time: mean = 0.000 s, total = 0.000 s, Queueing time: mean = 0.000 s, max = -0.000 s, min = 9223372036.855 s, total = 0.000 s
[state-dump] 	ray::rpc::JobInfoGcsService.grpc_client.GetAllJobInfo.OnReplyReceived - 1 total (0 active), Execution time: mean = 11.258 us, total = 11.258 us, Queueing time: mean = 16.839 us, max = 16.839 us, min = 16.839 us, total = 16.839 us
[state-dump] 	ray::rpc::NodeInfoGcsService.grpc_client.RegisterNode.OnReplyReceived - 1 total (0 active), Execution time: mean = 458.074 us, total = 458.074 us, Queueing time: mean = 45.770 us, max = 45.770 us, min = 45.770 us, total = 45.770 us
[state-dump] 	NodeManager.deadline_timer.print_event_loop_stats - 1 total (1 active, 1 running), Execution time: mean = 0.000 s, total = 0.000 s, Queueing time: mean = 0.000 s, max = -0.000 s, min = 9223372036.855 s, total = 0.000 s
[state-dump] 	ray::rpc::InternalKVGcsService.grpc_client.GetInternalConfig.OnReplyReceived - 1 total (0 active), Execution time: mean = 13.827 ms, total = 13.827 ms, Queueing time: mean = 14.195 us, max = 14.195 us, min = 14.195 us, total = 14.195 us
[state-dump] 	NodeManager.GcsCheckAlive - 1 total (1 active), Execution time: mean = 0.000 s, total = 0.000 s, Queueing time: mean = 0.000 s, max = -0.000 s, min = 9223372036.855 s, total = 0.000 s
[state-dump] 	ray::rpc::JobInfoGcsService.grpc_client.GetAllJobInfo - 1 total (0 active), Execution time: mean = 396.380 us, total = 396.380 us, Queueing time: mean = 0.000 s, max = -0.000 s, min = 9223372036.855 s, total = 0.000 s
[state-dump] DebugString() time ms: 0
[state-dump] 
[state-dump] 
[2025-06-26 14:23:25,743 W 2615983 2615983] (raylet) memory_monitor.cc:198: Got negative used memory for cgroup -1, setting it to zero
[2025-06-26 14:23:30,747 W 2615983 2615983] (raylet) memory_monitor.cc:198: Got negative used memory for cgroup -1, setting it to zero
[2025-06-26 14:23:35,751 W 2615983 2615983] (raylet) memory_monitor.cc:198: Got negative used memory for cgroup -1, setting it to zero
[2025-06-26 14:23:40,754 W 2615983 2615983] (raylet) memory_monitor.cc:198: Got negative used memory for cgroup -1, setting it to zero
[2025-06-26 14:23:45,759 W 2615983 2615983] (raylet) memory_monitor.cc:198: Got negative used memory for cgroup -1, setting it to zero
[2025-06-26 14:23:50,762 W 2615983 2615983] (raylet) memory_monitor.cc:198: Got negative used memory for cgroup -1, setting it to zero
[2025-06-26 14:23:55,766 W 2615983 2615983] (raylet) memory_monitor.cc:198: Got negative used memory for cgroup -1, setting it to zero
[2025-06-26 14:24:00,770 W 2615983 2615983] (raylet) memory_monitor.cc:198: Got negative used memory for cgroup -1, setting it to zero
[2025-06-26 14:24:05,774 W 2615983 2615983] (raylet) memory_monitor.cc:198: Got negative used memory for cgroup -1, setting it to zero
[2025-06-26 14:24:10,777 W 2615983 2615983] (raylet) memory_monitor.cc:198: Got negative used memory for cgroup -1, setting it to zero
[2025-06-26 14:24:15,781 W 2615983 2615983] (raylet) memory_monitor.cc:198: Got negative used memory for cgroup -1, setting it to zero
[2025-06-26 14:24:20,785 W 2615983 2615983] (raylet) memory_monitor.cc:198: Got negative used memory for cgroup -1, setting it to zero
[2025-06-26 14:24:25,634 I 2615983 2616014] (raylet) store.cc:576: Plasma store debug dump: 
Current usage: 0 / 68.7195 GB
- num bytes created total: 8659708
0 pending objects of total size 0MB
- objects spillable: 0
- bytes spillable: 0
- objects unsealed: 0
- bytes unsealed: 0
- objects in use: 0
- bytes in use: 0
- objects evictable: 0
- bytes evictable: 0

- objects created by worker: 0
- bytes created by worker: 0
- objects restored: 0
- bytes restored: 0
- objects received: 0
- bytes received: 0
- objects errored: 0
- bytes errored: 0

[2025-06-26 14:24:25,652 I 2615983 2615983] (raylet) node_manager.cc:450: [state-dump] NodeManager:
[state-dump] Node ID: d1b3ed0b26e6b69c25eddbe5ed5db6fe69a013b494b961eb2405e399
[state-dump] Node name: 192.168.10.101
[state-dump] InitialConfigResources: {CPU: 96, object_store_memory: 6.87195e+10, GPU: 8, node:192.168.10.101: 1, memory: 1.72645e+11, accelerator_type:G: 1, node:__internal_head__: 1}
[state-dump] ClusterTaskManager:
[state-dump] ========== Node: d1b3ed0b26e6b69c25eddbe5ed5db6fe69a013b494b961eb2405e399 =================
[state-dump] Infeasible queue length: 0
[state-dump] Schedule queue length: 0
[state-dump] Dispatch queue length: 0
[state-dump] num_waiting_for_resource: 0
[state-dump] num_waiting_for_plasma_memory: 0
[state-dump] num_waiting_for_remote_node_resources: 0
[state-dump] num_worker_not_started_by_job_config_not_exist: 0
[state-dump] num_worker_not_started_by_registration_timeout: 0
[state-dump] num_tasks_waiting_for_workers: 0
[state-dump] num_cancelled_tasks: 0
[state-dump] cluster_resource_scheduler state: 
[state-dump] Local id: -2599431013956128218 Local resources: {"total":{CPU: [960000], node:__internal_head__: [10000], memory: [1726454128640000], object_store_memory: [687194767360000], accelerator_type:G: [10000], node:192.168.10.101: [10000], GPU: [10000, 10000, 10000, 10000, 10000, 10000, 10000, 10000]}}, "available": {accelerator_type:G: [10000], node:192.168.10.101: [10000], GPU: [0, 0, 0, 0, 0, 0, 0, 0], CPU: [880000], memory: [1726454128640000], node:__internal_head__: [10000], object_store_memory: [687194767360000]}}, "labels":{"ray.io/node_id":"d1b3ed0b26e6b69c25eddbe5ed5db6fe69a013b494b961eb2405e399",} is_draining: 0 is_idle: 0 Cluster resources (at most 20 nodes are shown): node id: -2599431013956128218{"total":{node:192.168.10.101: 10000, GPU: 80000, memory: 1726454128640000, node:__internal_head__: 10000, object_store_memory: 687194767360000, CPU: 960000, accelerator_type:G: 10000}}, "available": {node:192.168.10.101: 10000, memory: 1726454128640000, node:__internal_head__: 10000, object_store_memory: 687194767360000, CPU: 880000, accelerator_type:G: 10000}}, "labels":{"ray.io/node_id":"d1b3ed0b26e6b69c25eddbe5ed5db6fe69a013b494b961eb2405e399",}, "is_draining": 0, "draining_deadline_timestamp_ms": -1} { "placement group locations": [], "node to bundles": []}
[state-dump] Waiting tasks size: 0
[state-dump] Number of executing tasks: 0
[state-dump] Number of pinned task arguments: 0
[state-dump] Number of total spilled tasks: 0
[state-dump] Number of spilled waiting tasks: 0
[state-dump] Number of spilled unschedulable tasks: 0
[state-dump] Resource usage {
[state-dump]     - (language=PYTHON actor_or_task=XDiTWorker.__init__ pid=2616177 worker_id=83675983095c2f4080508443a27912d9f0352b4f5992919e31b6c16e): {CPU: 1, GPU: 1}
[state-dump]     - (language=PYTHON actor_or_task=XDiTWorker.__init__ pid=2616178 worker_id=46f978ed3a92bb26402f6bd6220735ba4deb31ad0154567fad1dac0c): {CPU: 1, GPU: 1}
[state-dump]     - (language=PYTHON actor_or_task=XDiTWorker.__init__ pid=2616186 worker_id=e14bfdb93e1401ec4a9e0ac3fb8c6c53e4a25565557646e59aa03050): {CPU: 1, GPU: 1}
[state-dump]     - (language=PYTHON actor_or_task=XDiTWorker.__init__ pid=2616188 worker_id=120abeb8c8d5f4f918d7fdd0e90ecdc033a2ced31268f7fda5beb1b4): {CPU: 1, GPU: 1}
[state-dump]     - (language=PYTHON actor_or_task=XDiTWorker.__init__ pid=2616170 worker_id=c534e54d97d6c82a681c3cdd36636ed9a727f29d5e29cce08069724a): {CPU: 1, GPU: 1}
[state-dump]     - (language=PYTHON actor_or_task=XDiTWorker.__init__ pid=2616172 worker_id=e3382d88d253e93c2ba7e0ea4f815a8228130ee66d35de0c3c84654c): {CPU: 1, GPU: 1}
[state-dump]     - (language=PYTHON actor_or_task=XDiTWorker.__init__ pid=2616184 worker_id=36929feb58c35c6d933b9099812d394e9ca4c1e199cd5f8367e37486): {CPU: 1, GPU: 1}
[state-dump]     - (language=PYTHON actor_or_task=XDiTWorker.__init__ pid=2616182 worker_id=59a286852a20205ea4394ec4985986fb16c05915557ab6d77eee92f9): {CPU: 1, GPU: 1}
[state-dump] }
[state-dump] Backlog Size per scheduling descriptor :{workerId: num backlogs}:
[state-dump] 
[state-dump] Running tasks by scheduling class:
[state-dump] ==================================================
[state-dump] 
[state-dump] ClusterResources:
[state-dump] LocalObjectManager:
[state-dump] - num pinned objects: 0
[state-dump] - pinned objects size: 0
[state-dump] - num objects pending restore: 0
[state-dump] - num objects pending spill: 0
[state-dump] - num bytes pending spill: 0
[state-dump] - num bytes currently spilled: 0
[state-dump] - cumulative spill requests: 0
[state-dump] - cumulative restore requests: 0
[state-dump] - spilled objects pending delete: 0
[state-dump] 
[state-dump] ObjectManager:
[state-dump] - num local objects: 0
[state-dump] - num unfulfilled push requests: 0
[state-dump] - num object pull requests: 0
[state-dump] - num chunks received total: 0
[state-dump] - num chunks received failed (all): 0
[state-dump] - num chunks received failed / cancelled: 0
[state-dump] - num chunks received failed / plasma error: 0
[state-dump] Event stats:
[state-dump] Global stats: 1 total (0 active)
[state-dump] Queueing time: mean = 30.222 us, max = 30.222 us, min = 30.222 us, total = 30.222 us
[state-dump] Execution time:  mean = 42.583 us, total = 42.583 us
[state-dump] Event stats:
[state-dump] 	ObjectManager.FreeObjects - 1 total (0 active), Execution time: mean = 42.583 us, total = 42.583 us, Queueing time: mean = 30.222 us, max = 30.222 us, min = 30.222 us, total = 30.222 us
[state-dump] PushManager:
[state-dump] - num pushes in flight: 0
[state-dump] - num chunks in flight: 0
[state-dump] - num chunks remaining: 0
[state-dump] - max chunks allowed: 409
[state-dump] OwnershipBasedObjectDirectory:
[state-dump] - num listeners: 0
[state-dump] - cumulative location updates: 0
[state-dump] - num location updates per second: 0.000
[state-dump] - num location lookups per second: 0.000
[state-dump] - num locations added per second: 0.000
[state-dump] - num locations removed per second: 0.000
[state-dump] BufferPool:
[state-dump] - create buffer state map size: 0
[state-dump] PullManager:
[state-dump] - num bytes available for pulled objects: 68719476736
[state-dump] - num bytes being pulled (all): 0
[state-dump] - num bytes being pulled / pinned: 0
[state-dump] - get request bundles: BundlePullRequestQueue{0 total, 0 active, 0 inactive, 0 unpullable}
[state-dump] - wait request bundles: BundlePullRequestQueue{0 total, 0 active, 0 inactive, 0 unpullable}
[state-dump] - task request bundles: BundlePullRequestQueue{0 total, 0 active, 0 inactive, 0 unpullable}
[state-dump] - first get request bundle: N/A
[state-dump] - first wait request bundle: N/A
[state-dump] - first task request bundle: N/A
[state-dump] - num objects queued: 0
[state-dump] - num objects actively pulled (all): 0
[state-dump] - num objects actively pulled / pinned: 0
[state-dump] - num bundles being pulled: 0
[state-dump] - num pull retries: 0
[state-dump] - max timeout seconds: 0
[state-dump] - max timeout request is already processed. No entry.
[state-dump] 
[state-dump] WorkerPool:
[state-dump] - registered jobs: 1
[state-dump] - process_failed_job_config_missing: 0
[state-dump] - process_failed_rate_limited: 0
[state-dump] - process_failed_pending_registration: 0
[state-dump] - process_failed_runtime_env_setup_failed: 0
[state-dump] - num PYTHON workers: 96
[state-dump] - num PYTHON drivers: 1
[state-dump] - num PYTHON pending start requests: 0
[state-dump] - num PYTHON pending registration requests: 0
[state-dump] - num object spill callbacks queued: 0
[state-dump] - num object restore queued: 0
[state-dump] - num util functions queued: 0
[state-dump] - num JAVA workers: 0
[state-dump] - num JAVA drivers: 0
[state-dump] - num JAVA pending start requests: 0
[state-dump] - num JAVA pending registration requests: 0
[state-dump] - num object spill callbacks queued: 0
[state-dump] - num object restore queued: 0
[state-dump] - num util functions queued: 0
[state-dump] - num idle workers: 88
[state-dump] TaskDependencyManager:
[state-dump] - task deps map size: 0
[state-dump] - get req map size: 0
[state-dump] - wait req map size: 0
[state-dump] - local objects map size: 0
[state-dump] WaitManager:
[state-dump] - num active wait requests: 0
[state-dump] Subscriber:
[state-dump] Channel WORKER_OBJECT_LOCATIONS_CHANNEL
[state-dump] - cumulative subscribe requests: 3
[state-dump] - cumulative unsubscribe requests: 3
[state-dump] - active subscribed publishers: 0
[state-dump] - cumulative published messages: 0
[state-dump] - cumulative processed messages: 0
[state-dump] Channel WORKER_REF_REMOVED_CHANNEL
[state-dump] - cumulative subscribe requests: 0
[state-dump] - cumulative unsubscribe requests: 0
[state-dump] - active subscribed publishers: 0
[state-dump] - cumulative published messages: 0
[state-dump] - cumulative processed messages: 0
[state-dump] Channel WORKER_OBJECT_EVICTION
[state-dump] - cumulative subscribe requests: 3
[state-dump] - cumulative unsubscribe requests: 3
[state-dump] - active subscribed publishers: 0
[state-dump] - cumulative published messages: 3
[state-dump] - cumulative processed messages: 3
[state-dump] num async plasma notifications: 0
[state-dump] Event stats:
[state-dump] Global stats: 29992 total (113 active)
[state-dump] Queueing time: mean = 2.000 ms, max = 5.099 s, min = -0.000 s, total = 59.991 s
[state-dump] Execution time:  mean = 146.255 us, total = 4.386 s
[state-dump] Event stats:
[state-dump] 	NodeManagerService.grpc_server.ReportWorkerBacklog - 11567 total (0 active), Execution time: mean = 187.087 us, total = 2.164 s, Queueing time: mean = 0.000 s, max = -0.000 s, min = 9223372036.855 s, total = 0.000 s
[state-dump] 	NodeManagerService.grpc_server.ReportWorkerBacklog.HandleRequestImpl - 11567 total (0 active), Execution time: mean = 17.081 us, total = 197.574 ms, Queueing time: mean = 33.152 us, max = 3.428 ms, min = 1.603 us, total = 383.472 ms
[state-dump] 	NodeManager.CheckGC - 1197 total (1 active), Execution time: mean = 1.582 us, total = 1.893 ms, Queueing time: mean = 289.353 us, max = 291.330 ms, min = 8.050 us, total = 346.356 ms
[state-dump] 	RaySyncer.OnDemandBroadcasting - 1197 total (1 active), Execution time: mean = 4.657 us, total = 5.575 ms, Queueing time: mean = 286.558 us, max = 291.317 ms, min = 6.462 us, total = 343.010 ms
[state-dump] 	ObjectManager.UpdateAvailableMemory - 1196 total (0 active), Execution time: mean = 2.461 us, total = 2.943 ms, Queueing time: mean = 27.664 us, max = 329.095 us, min = 2.330 us, total = 33.086 ms
[state-dump] 	RayletWorkerPool.deadline_timer.kill_idle_workers - 599 total (1 active), Execution time: mean = 12.091 us, total = 7.242 ms, Queueing time: mean = 361.533 us, max = 195.868 ms, min = 5.391 us, total = 216.559 ms
[state-dump] 	MemoryMonitor.CheckIsMemoryUsageAboveThreshold - 479 total (1 active), Execution time: mean = 146.843 us, total = 70.338 ms, Queueing time: mean = 675.286 us, max = 295.575 ms, min = -0.000 s, total = 323.462 ms
[state-dump] 	ClientConnection.async_read.ProcessMessageHeader - 440 total (97 active), Execution time: mean = 3.499 us, total = 1.540 ms, Queueing time: mean = 132.384 ms, max = 5.099 s, min = 9.345 us, total = 58.249 s
[state-dump] 	ClientConnection.async_read.ProcessMessage - 343 total (0 active), Execution time: mean = 1.125 ms, total = 385.994 ms, Queueing time: mean = 9.598 us, max = 203.222 us, min = 1.634 us, total = 3.292 ms
[state-dump] 	NodeManager.ScheduleAndDispatchTasks - 121 total (1 active), Execution time: mean = 7.532 us, total = 911.354 us, Queueing time: mean = 25.887 us, max = 128.741 us, min = 4.453 us, total = 3.132 ms
[state-dump] 	NodeManagerService.grpc_server.GetResourceLoad.HandleRequestImpl - 120 total (0 active), Execution time: mean = 60.128 us, total = 7.215 ms, Queueing time: mean = 25.569 us, max = 112.122 us, min = 10.974 us, total = 3.068 ms
[state-dump] 	NodeManager.deadline_timer.flush_free_objects - 120 total (1 active), Execution time: mean = 4.301 us, total = 516.068 us, Queueing time: mean = 74.402 us, max = 563.957 us, min = -0.000 s, total = 8.928 ms
[state-dump] 	NodeManager.deadline_timer.spill_objects_when_over_threshold - 120 total (1 active), Execution time: mean = 1.734 us, total = 208.120 us, Queueing time: mean = 76.833 us, max = 565.710 us, min = 7.573 us, total = 9.220 ms
[state-dump] 	NodeManager.CheckForUnexpectedWorkerDisconnects - 120 total (1 active), Execution time: mean = 70.571 us, total = 8.469 ms, Queueing time: mean = 23.148 us, max = 73.864 us, min = 8.386 us, total = 2.778 ms
[state-dump] 	NodeManagerService.grpc_server.GetResourceLoad - 120 total (0 active), Execution time: mean = 220.795 us, total = 26.495 ms, Queueing time: mean = 0.000 s, max = -0.000 s, min = 9223372036.855 s, total = 0.000 s
[state-dump] 	ObjectManager.ObjectAdded - 100 total (0 active), Execution time: mean = 18.600 us, total = 1.860 ms, Queueing time: mean = 34.972 us, max = 532.002 us, min = 6.109 us, total = 3.497 ms
[state-dump] 	ObjectManager.ObjectDeleted - 100 total (0 active), Execution time: mean = 11.987 us, total = 1.199 ms, Queueing time: mean = 46.975 us, max = 389.665 us, min = 19.359 us, total = 4.698 ms
[state-dump] 	ClientConnection.async_write.DoAsyncWrites - 98 total (0 active), Execution time: mean = 684.418 ns, total = 67.073 us, Queueing time: mean = 20.472 us, max = 113.553 us, min = 9.865 us, total = 2.006 ms
[state-dump] 	NodeManagerService.grpc_server.GetSystemConfig - 97 total (0 active), Execution time: mean = 243.904 us, total = 23.659 ms, Queueing time: mean = 0.000 s, max = -0.000 s, min = 9223372036.855 s, total = 0.000 s
[state-dump] 	NodeManagerService.grpc_server.GetSystemConfig.HandleRequestImpl - 97 total (0 active), Execution time: mean = 21.255 us, total = 2.062 ms, Queueing time: mean = 26.014 us, max = 196.022 us, min = 5.800 us, total = 2.523 ms
[state-dump] 	ClusterResourceManager.ResetRemoteNodeView - 41 total (1 active), Execution time: mean = 4.553 us, total = 186.673 us, Queueing time: mean = 26.888 us, max = 61.828 us, min = 10.794 us, total = 1.102 ms
[state-dump] 	NodeManager.deadline_timer.record_metrics - 24 total (1 active), Execution time: mean = 313.098 us, total = 7.514 ms, Queueing time: mean = 74.506 us, max = 314.282 us, min = 10.616 us, total = 1.788 ms
[state-dump] 	PeriodicalRunner.RunFnPeriodically - 14 total (0 active), Execution time: mean = 158.368 us, total = 2.217 ms, Queueing time: mean = 3.026 ms, max = 8.363 ms, min = 24.332 us, total = 42.359 ms
[state-dump] 	NodeManager.deadline_timer.debug_state_dump - 12 total (1 active), Execution time: mean = 711.912 us, total = 8.543 ms, Queueing time: mean = 15.083 us, max = 40.086 us, min = 9.722 us, total = 180.994 us
[state-dump] 	NodeManagerService.grpc_server.RequestWorkerLease.HandleRequestImpl - 8 total (0 active), Execution time: mean = 40.361 us, total = 322.885 us, Queueing time: mean = 19.354 us, max = 25.971 us, min = 15.227 us, total = 154.834 us
[state-dump] 	WorkerPool.PopWorkerCallback - 8 total (0 active), Execution time: mean = 13.099 us, total = 104.795 us, Queueing time: mean = 3.919 us, max = 6.429 us, min = 2.742 us, total = 31.351 us
[state-dump] 	NodeManagerService.grpc_server.RequestWorkerLease - 8 total (0 active), Execution time: mean = 190.966 us, total = 1.528 ms, Queueing time: mean = 0.000 s, max = -0.000 s, min = 9223372036.855 s, total = 0.000 s
[state-dump] 	CoreWorkerService.grpc_client.PubsubCommandBatch - 7 total (0 active), Execution time: mean = 1.055 ms, total = 7.385 ms, Queueing time: mean = 0.000 s, max = -0.000 s, min = 9223372036.855 s, total = 0.000 s
[state-dump] 	CoreWorkerService.grpc_client.PubsubCommandBatch.OnReplyReceived - 7 total (0 active), Execution time: mean = 39.626 us, total = 277.384 us, Queueing time: mean = 442.571 us, max = 2.969 ms, min = 15.904 us, total = 3.098 ms
[state-dump] 	CoreWorkerService.grpc_client.PubsubLongPolling - 6 total (1 active), Execution time: mean = 3.477 ms, total = 20.865 ms, Queueing time: mean = 0.000 s, max = -0.000 s, min = 9223372036.855 s, total = 0.000 s
[state-dump] 	CoreWorkerService.grpc_client.UpdateObjectLocationBatch - 5 total (0 active), Execution time: mean = 816.307 us, total = 4.082 ms, Queueing time: mean = 0.000 s, max = -0.000 s, min = 9223372036.855 s, total = 0.000 s
[state-dump] 	CoreWorkerService.grpc_client.UpdateObjectLocationBatch.OnReplyReceived - 5 total (0 active), Execution time: mean = 24.324 us, total = 121.620 us, Queueing time: mean = 18.095 us, max = 22.574 us, min = 10.871 us, total = 90.473 us
[state-dump] 	CoreWorkerService.grpc_client.PubsubLongPolling.OnReplyReceived - 5 total (0 active), Execution time: mean = 78.122 us, total = 390.610 us, Queueing time: mean = 52.810 us, max = 193.365 us, min = 16.463 us, total = 264.051 us
[state-dump] 	Subscriber.HandlePublishedMessage_WORKER_OBJECT_EVICTION - 3 total (0 active), Execution time: mean = 36.935 us, total = 110.805 us, Queueing time: mean = 82.182 us, max = 93.123 us, min = 72.601 us, total = 246.545 us
[state-dump] 	NodeManagerService.grpc_server.PinObjectIDs.HandleRequestImpl - 3 total (0 active), Execution time: mean = 262.107 us, total = 786.321 us, Queueing time: mean = 122.044 us, max = 310.962 us, min = 15.704 us, total = 366.133 us
[state-dump] 	NodeManagerService.grpc_server.PinObjectIDs - 3 total (0 active), Execution time: mean = 504.861 us, total = 1.515 ms, Queueing time: mean = 0.000 s, max = -0.000 s, min = 9223372036.855 s, total = 0.000 s
[state-dump] 	 - 2 total (0 active), Execution time: mean = 467.000 ns, total = 934.000 ns, Queueing time: mean = 28.542 us, max = 37.707 us, min = 19.377 us, total = 57.084 us
[state-dump] 	NodeManager.GcsCheckAlive - 2 total (1 active), Execution time: mean = 67.943 us, total = 135.886 us, Queueing time: mean = 476.942 us, max = 953.884 us, min = 953.884 us, total = 953.884 us
[state-dump] 	RaySyncerRegister - 2 total (0 active), Execution time: mean = 1.260 us, total = 2.520 us, Queueing time: mean = 95.000 ns, max = 134.000 ns, min = 56.000 ns, total = 190.000 ns
[state-dump] 	ray::rpc::InternalPubSubGcsService.grpc_client.GcsSubscriberCommandBatch.OnReplyReceived - 2 total (0 active), Execution time: mean = 99.457 us, total = 198.914 us, Queueing time: mean = 835.165 us, max = 1.657 ms, min = 13.539 us, total = 1.670 ms
[state-dump] 	ray::rpc::NodeInfoGcsService.grpc_client.CheckAlive - 2 total (0 active), Execution time: mean = 496.793 us, total = 993.586 us, Queueing time: mean = 0.000 s, max = -0.000 s, min = 9223372036.855 s, total = 0.000 s
[state-dump] 	NodeManager.deadline_timer.print_event_loop_stats - 2 total (1 active, 1 running), Execution time: mean = 512.271 us, total = 1.025 ms, Queueing time: mean = 6.918 us, max = 13.837 us, min = 13.837 us, total = 13.837 us
[state-dump] 	RaySyncer.BroadcastMessage - 2 total (0 active), Execution time: mean = 99.554 us, total = 199.108 us, Queueing time: mean = 108.500 ns, max = 152.000 ns, min = 65.000 ns, total = 217.000 ns
[state-dump] 	ray::rpc::InternalPubSubGcsService.grpc_client.GcsSubscriberCommandBatch - 2 total (0 active), Execution time: mean = 618.167 us, total = 1.236 ms, Queueing time: mean = 0.000 s, max = -0.000 s, min = 9223372036.855 s, total = 0.000 s
[state-dump] 	ray::rpc::InternalPubSubGcsService.grpc_client.GcsSubscriberPoll - 2 total (1 active), Execution time: mean = 698.802 ms, total = 1.398 s, Queueing time: mean = 0.000 s, max = -0.000 s, min = 9223372036.855 s, total = 0.000 s
[state-dump] 	ray::rpc::NodeInfoGcsService.grpc_client.CheckAlive.OnReplyReceived - 2 total (0 active), Execution time: mean = 18.000 us, total = 35.999 us, Queueing time: mean = 23.084 us, max = 26.358 us, min = 19.809 us, total = 46.167 us
[state-dump] 	ray::rpc::NodeInfoGcsService.grpc_client.RegisterNode - 1 total (0 active), Execution time: mean = 1.293 ms, total = 1.293 ms, Queueing time: mean = 0.000 s, max = -0.000 s, min = 9223372036.855 s, total = 0.000 s
[state-dump] 	Subscriber.HandlePublishedMessage_GCS_JOB_CHANNEL - 1 total (0 active), Execution time: mean = 33.650 us, total = 33.650 us, Queueing time: mean = 103.533 us, max = 103.533 us, min = 103.533 us, total = 103.533 us
[state-dump] 	ray::rpc::NodeInfoGcsService.grpc_client.GetAllNodeInfo - 1 total (0 active), Execution time: mean = 691.797 us, total = 691.797 us, Queueing time: mean = 0.000 s, max = -0.000 s, min = 9223372036.855 s, total = 0.000 s
[state-dump] 	CoreWorkerService.grpc_client.ActorCallArgWaitComplete.OnReplyReceived - 1 total (0 active), Execution time: mean = 12.784 us, total = 12.784 us, Queueing time: mean = 93.491 us, max = 93.491 us, min = 93.491 us, total = 93.491 us
[state-dump] 	ray::rpc::NodeInfoGcsService.grpc_client.GetAllNodeInfo.OnReplyReceived - 1 total (0 active), Execution time: mean = 106.720 us, total = 106.720 us, Queueing time: mean = 14.666 us, max = 14.666 us, min = 14.666 us, total = 14.666 us
[state-dump] 	ray::rpc::JobInfoGcsService.grpc_client.AddJob.OnReplyReceived - 1 total (0 active), Execution time: mean = 29.477 us, total = 29.477 us, Queueing time: mean = 99.981 us, max = 99.981 us, min = 99.981 us, total = 99.981 us
[state-dump] 	ray::rpc::JobInfoGcsService.grpc_client.AddJob - 1 total (0 active), Execution time: mean = 602.030 us, total = 602.030 us, Queueing time: mean = 0.000 s, max = -0.000 s, min = 9223372036.855 s, total = 0.000 s
[state-dump] 	ray::rpc::InternalPubSubGcsService.grpc_client.GcsSubscriberPoll.OnReplyReceived - 1 total (0 active), Execution time: mean = 110.225 us, total = 110.225 us, Queueing time: mean = 18.233 us, max = 18.233 us, min = 18.233 us, total = 18.233 us
[state-dump] 	ray::rpc::InternalKVGcsService.grpc_client.GetInternalConfig - 1 total (0 active), Execution time: mean = 878.186 us, total = 878.186 us, Queueing time: mean = 0.000 s, max = -0.000 s, min = 9223372036.855 s, total = 0.000 s
[state-dump] 	CoreWorkerService.grpc_client.ActorCallArgWaitComplete - 1 total (0 active), Execution time: mean = 855.152 us, total = 855.152 us, Queueing time: mean = 0.000 s, max = -0.000 s, min = 9223372036.855 s, total = 0.000 s
[state-dump] 	NodeManager.GCTaskFailureReason - 1 total (1 active), Execution time: mean = 0.000 s, total = 0.000 s, Queueing time: mean = 0.000 s, max = -0.000 s, min = 9223372036.855 s, total = 0.000 s
[state-dump] 	ray::rpc::JobInfoGcsService.grpc_client.GetAllJobInfo.OnReplyReceived - 1 total (0 active), Execution time: mean = 11.258 us, total = 11.258 us, Queueing time: mean = 16.839 us, max = 16.839 us, min = 16.839 us, total = 16.839 us
[state-dump] 	ray::rpc::NodeInfoGcsService.grpc_client.RegisterNode.OnReplyReceived - 1 total (0 active), Execution time: mean = 458.074 us, total = 458.074 us, Queueing time: mean = 45.770 us, max = 45.770 us, min = 45.770 us, total = 45.770 us
[state-dump] 	ray::rpc::InternalKVGcsService.grpc_client.GetInternalConfig.OnReplyReceived - 1 total (0 active), Execution time: mean = 13.827 ms, total = 13.827 ms, Queueing time: mean = 14.195 us, max = 14.195 us, min = 14.195 us, total = 14.195 us
[state-dump] 	ray::rpc::JobInfoGcsService.grpc_client.GetAllJobInfo - 1 total (0 active), Execution time: mean = 396.380 us, total = 396.380 us, Queueing time: mean = 0.000 s, max = -0.000 s, min = 9223372036.855 s, total = 0.000 s
[state-dump] DebugString() time ms: 1
[state-dump] 
[state-dump] 
[2025-06-26 14:24:25,789 W 2615983 2615983] (raylet) memory_monitor.cc:198: Got negative used memory for cgroup -1, setting it to zero
[2025-06-26 14:24:30,792 W 2615983 2615983] (raylet) memory_monitor.cc:198: Got negative used memory for cgroup -1, setting it to zero
[2025-06-26 14:24:35,796 W 2615983 2615983] (raylet) memory_monitor.cc:198: Got negative used memory for cgroup -1, setting it to zero
