:job_id:01000000
:actor_name:XDiTWorker
[GPU 0] Failed to initialize distributed: Timed out after 121 seconds waiting for clients. 1/8 clients joined.
Distributed init traceback:
Traceback (most recent call last):
  File "/home/shuzuan/prj/ComfyUI-xDit/custom_nodes/comfyui_xdit_multigpu/xdit_runtime/worker.py", line 127, in _create_xfuser_pipeline_if_needed
    torch.distributed.init_process_group(
  File "/home/shuzuan/miniconda3/envs/comfyui-xdit/lib/python3.11/site-packages/torch/distributed/c10d_logger.py", line 83, in wrapper
    return func(*args, **kwargs)
           ^^^^^^^^^^^^^^^^^^^^^
  File "/home/shuzuan/miniconda3/envs/comfyui-xdit/lib/python3.11/site-packages/torch/distributed/c10d_logger.py", line 97, in wrapper
    func_return = func(*args, **kwargs)
                  ^^^^^^^^^^^^^^^^^^^^^
  File "/home/shuzuan/miniconda3/envs/comfyui-xdit/lib/python3.11/site-packages/torch/distributed/distributed_c10d.py", line 1520, in init_process_group
    store, rank, world_size = next(rendezvous_iterator)
                              ^^^^^^^^^^^^^^^^^^^^^^^^^
  File "/home/shuzuan/miniconda3/envs/comfyui-xdit/lib/python3.11/site-packages/torch/distributed/rendezvous.py", line 269, in _env_rendezvous_handler
    store = _create_c10d_store(
            ^^^^^^^^^^^^^^^^^^^
  File "/home/shuzuan/miniconda3/envs/comfyui-xdit/lib/python3.11/site-packages/torch/distributed/rendezvous.py", line 189, in _create_c10d_store
    return TCPStore(
           ^^^^^^^^^
torch.distributed.DistStoreError: Timed out after 121 seconds waiting for clients. 1/8 clients joined.
⚠️ Pipeline creation failed on GPU 0
