[2025-06-25 17:38:45,290 I 1472516 1472516] (gcs_server) gcs_server_main.cc:91: Ray cluster metadata ray_version=2.47.1 ray_commit=61d3f2f1aa33563faa398105f4abda88cb39440b
[2025-06-25 17:38:45,291 I 1472516 1472516] (gcs_server) io_service_pool.cc:36: IOServicePool is running with 1 io_service.
[2025-06-25 17:38:45,296 I 1472516 1472516] (gcs_server) event.cc:500: Ray Event initialized for GCS
[2025-06-25 17:38:45,296 I 1472516 1472516] (gcs_server) event.cc:500: Ray Event initialized for EXPORT_NODE
[2025-06-25 17:38:45,296 I 1472516 1472516] (gcs_server) event.cc:500: Ray Event initialized for EXPORT_ACTOR
[2025-06-25 17:38:45,296 I 1472516 1472516] (gcs_server) event.cc:500: Ray Event initialized for EXPORT_DRIVER_JOB
[2025-06-25 17:38:45,296 I 1472516 1472516] (gcs_server) event.cc:331: Set ray event level to warning
[2025-06-25 17:38:45,297 I 1472516 1472516] (gcs_server) gcs_server.cc:77: GCS storage type is StorageType::IN_MEMORY
[2025-06-25 17:38:45,298 I 1472516 1472516] (gcs_server) gcs_init_data.cc:46: Loading job table data.
[2025-06-25 17:38:45,298 I 1472516 1472516] (gcs_server) gcs_init_data.cc:56: Loading node table data.
[2025-06-25 17:38:45,298 I 1472516 1472516] (gcs_server) gcs_init_data.cc:78: Loading actor table data.
[2025-06-25 17:38:45,298 I 1472516 1472516] (gcs_server) gcs_init_data.cc:89: Loading actor task spec table data.
[2025-06-25 17:38:45,298 I 1472516 1472516] (gcs_server) gcs_init_data.cc:66: Loading placement group table data.
[2025-06-25 17:38:45,298 I 1472516 1472516] (gcs_server) gcs_init_data.cc:50: Finished loading job table data, size = 0
[2025-06-25 17:38:45,298 I 1472516 1472516] (gcs_server) gcs_init_data.cc:60: Finished loading node table data, size = 0
[2025-06-25 17:38:45,298 I 1472516 1472516] (gcs_server) gcs_init_data.cc:83: Finished loading actor table data, size = 0
[2025-06-25 17:38:45,298 I 1472516 1472516] (gcs_server) gcs_init_data.cc:94: Finished loading actor task spec table data, size = 0
[2025-06-25 17:38:45,298 I 1472516 1472516] (gcs_server) gcs_init_data.cc:72: Finished loading placement group table data, size = 0
[2025-06-25 17:38:45,298 I 1472516 1472516] (gcs_server) gcs_server.cc:161: No existing server cluster ID found. Generating new ID: 6b56db3d0c6b674cd8caa67911a7dcd7e5030a714081b4d7fa6d2b6c
[2025-06-25 17:38:45,298 I 1472516 1472516] (gcs_server) gcs_server.cc:673: Autoscaler V2 enabled: 0
[2025-06-25 17:38:45,300 I 1472516 1472516] (gcs_server) grpc_server.cc:141: GcsServer server started, listening on port 62305.
[2025-06-25 17:38:45,551 I 1472516 1472516] (gcs_server) gcs_server.cc:249: Gcs Debug state:

GcsNodeManager: 
- RegisterNode request count: 0
- DrainNode request count: 0
- GetAllNodeInfo request count: 0

GcsActorManager: 
- RegisterActor request count: 0
- CreateActor request count: 0
- GetActorInfo request count: 0
- GetNamedActorInfo request count: 0
- GetAllActorInfo request count: 0
- KillActor request count: 0
- ListNamedActors request count: 0
- Registered actors count: 0
- Destroyed actors count: 0
- Named actors count: 0
- Unresolved actors count: 0
- Pending actors count: 0
- Created actors count: 0
- owners_: 0
- actor_to_register_callbacks_: 0
- actor_to_restart_for_lineage_reconstruction_callbacks_: 0
- actor_to_create_callbacks_: 0
- sorted_destroyed_actor_list_: 0

GcsResourceManager: 
- GetAllAvailableResources request count: 0
- GetAllTotalResources request count: 0
- GetAllResourceUsage request count: 0

GcsPlacementGroupManager: 
- CreatePlacementGroup request count: 0
- RemovePlacementGroup request count: 0
- GetPlacementGroup request count: 0
- GetAllPlacementGroup request count: 0
- WaitPlacementGroupUntilReady request count: 0
- GetNamedPlacementGroup request count: 0
- Scheduling pending placement group count: 0
- Registered placement groups count: 0
- Named placement group count: 0
- Pending placement groups count: 0
- Infeasible placement groups count: 0

Publisher:

[runtime env manager] ID to URIs table:
[runtime env manager] URIs reference table:

GcsTaskManager: 
-Total num task events reported: 0
-Total num status task events dropped: 0
-Total num profile events dropped: 0
-Current num of task events stored: 0
-Total num of actor creation tasks: 0
-Total num of actor tasks: 0
-Total num of normal tasks: 0
-Total num of driver tasks: 0

GcsAutoscalerStateManager: 
- last_seen_autoscaler_state_version_: 0
- last_cluster_resource_state_version_: 0
- pending demands:



[2025-06-25 17:38:45,551 I 1472516 1472516] (gcs_server) gcs_server.cc:870: Main service Event stats:


Global stats: 27 total (5 active)
Queueing time: mean = 84.204 ms, max = 252.112 ms, min = 60.000 ns, total = 2.274 s
Execution time:  mean = 18.720 ms, total = 505.431 ms
Event stats:
	GcsInMemoryStore.Put - 9 total (0 active), Execution time: mean = 28.014 ms, total = 252.129 ms, Queueing time: mean = 195.684 ms, max = 251.737 ms, min = 1.788 us, total = 1.761 s
	GcsInMemoryStore.GetAll - 5 total (0 active), Execution time: mean = 6.356 us, total = 31.782 us, Queueing time: mean = 28.695 us, max = 31.935 us, min = 26.674 us, total = 143.473 us
	PeriodicalRunner.RunFnPeriodically - 4 total (2 active, 1 running), Execution time: mean = 1.398 us, total = 5.592 us, Queueing time: mean = 126.039 ms, max = 252.112 ms, min = 252.044 ms, total = 504.155 ms
	event_loop_lag_probe - 2 total (0 active), Execution time: mean = 6.029 us, total = 12.057 us, Queueing time: mean = 3.610 ms, max = 7.180 ms, min = 39.991 us, total = 7.220 ms
	GcsInitData::AsyncLoad - 1 total (0 active), Execution time: mean = 7.323 us, total = 7.323 us, Queueing time: mean = 111.000 ns, max = 111.000 ns, min = 111.000 ns, total = 111.000 ns
	GcsInMemoryStore.Get - 1 total (0 active), Execution time: mean = 8.862 us, total = 8.862 us, Queueing time: mean = 14.160 us, max = 14.160 us, min = 14.160 us, total = 14.160 us
	NodeInfoGcsService.grpc_server.GetClusterId.HandleRequestImpl - 1 total (0 active), Execution time: mean = 1.124 ms, total = 1.124 ms, Queueing time: mean = 817.255 us, max = 817.255 us, min = 817.255 us, total = 817.255 us
	ClusterResourceManager.ResetRemoteNodeView - 1 total (1 active), Execution time: mean = 0.000 s, total = 0.000 s, Queueing time: mean = 0.000 s, max = -0.000 s, min = 9223372036.855 s, total = 0.000 s
	RayletLoadPulled - 1 total (1 active), Execution time: mean = 0.000 s, total = 0.000 s, Queueing time: mean = 0.000 s, max = -0.000 s, min = 9223372036.855 s, total = 0.000 s
	GcsServer.GetOrGenerateClusterId.continuation - 1 total (0 active), Execution time: mean = 252.112 ms, total = 252.112 ms, Queueing time: mean = 60.000 ns, max = 60.000 ns, min = 60.000 ns, total = 60.000 ns
	NodeInfoGcsService.grpc_server.GetClusterId - 1 total (1 active), Execution time: mean = 0.000 s, total = 0.000 s, Queueing time: mean = 0.000 s, max = -0.000 s, min = 9223372036.855 s, total = 0.000 s


[2025-06-25 17:38:45,551 I 1472516 1472516] (gcs_server) gcs_server.cc:874: task_io_context Event stats:


Global stats: 5 total (1 active)
Queueing time: mean = 45.878 us, max = 187.230 us, min = 5.087 us, total = 229.391 us
Execution time:  mean = 35.406 us, total = 177.030 us
Event stats:
	event_loop_lag_probe - 3 total (0 active), Execution time: mean = 56.407 us, total = 169.220 us, Queueing time: mean = 70.962 us, max = 187.230 us, min = 5.087 us, total = 212.887 us
	GcsTaskManager.GcJobSummary - 1 total (1 active), Execution time: mean = 0.000 s, total = 0.000 s, Queueing time: mean = 0.000 s, max = -0.000 s, min = 9223372036.855 s, total = 0.000 s
	PeriodicalRunner.RunFnPeriodically - 1 total (0 active), Execution time: mean = 7.810 us, total = 7.810 us, Queueing time: mean = 16.504 us, max = 16.504 us, min = 16.504 us, total = 16.504 us


[2025-06-25 17:38:45,551 I 1472516 1472516] (gcs_server) gcs_server.cc:874: pubsub_io_context Event stats:


Global stats: 5 total (1 active)
Queueing time: mean = 61.049 us, max = 232.333 us, min = 4.078 us, total = 305.246 us
Execution time:  mean = 41.452 us, total = 207.260 us
Event stats:
	event_loop_lag_probe - 3 total (0 active), Execution time: mean = 67.473 us, total = 202.419 us, Queueing time: mean = 94.426 us, max = 232.333 us, min = 4.078 us, total = 283.278 us
	Publisher.CheckDeadSubscribers - 1 total (1 active), Execution time: mean = 0.000 s, total = 0.000 s, Queueing time: mean = 0.000 s, max = -0.000 s, min = 9223372036.855 s, total = 0.000 s
	PeriodicalRunner.RunFnPeriodically - 1 total (0 active), Execution time: mean = 4.841 us, total = 4.841 us, Queueing time: mean = 21.968 us, max = 21.968 us, min = 21.968 us, total = 21.968 us


[2025-06-25 17:38:45,551 I 1472516 1472516] (gcs_server) gcs_server.cc:874: ray_syncer_io_context Event stats:


Global stats: 5 total (0 active)
Queueing time: mean = 79.748 us, max = 329.687 us, min = 3.637 us, total = 398.740 us
Execution time:  mean = 32.987 us, total = 164.934 us
Event stats:
	event_loop_lag_probe - 3 total (0 active), Execution time: mean = 54.504 us, total = 163.511 us, Queueing time: mean = 120.017 us, max = 329.687 us, min = 3.637 us, total = 360.052 us
	RaySyncerRegister - 2 total (0 active), Execution time: mean = 711.500 ns, total = 1.423 us, Queueing time: mean = 19.344 us, max = 22.563 us, min = 16.125 us, total = 38.688 us


[2025-06-25 17:38:46,553 I 1472516 1472516] (gcs_server) gcs_node_manager.cc:92: Registering node info, address = 192.168.10.101, node name = 192.168.10.101 node_id=0d47ef8dcb68aa80d3f802ec2b9ca042b08df0bfe232d34244ca55b9
[2025-06-25 17:38:46,553 I 1472516 1472516] (gcs_server) gcs_node_manager.cc:98: Finished registering node info, address = 192.168.10.101, node name = 192.168.10.101, is_head_node = 1 node_id=0d47ef8dcb68aa80d3f802ec2b9ca042b08df0bfe232d34244ca55b9
[2025-06-25 17:38:46,553 I 1472516 1472516] (gcs_server) gcs_placement_group_mgr.cc:851: A new node: 0d47ef8dcb68aa80d3f802ec2b9ca042b08df0bfe232d34244ca55b9 registered, will try to reschedule all the infeasible placement groups.
[2025-06-25 17:38:46,556 I 1472516 1472604] (gcs_server) ray_syncer.cc:244: Get connection node_id=0d47ef8dcb68aa80d3f802ec2b9ca042b08df0bfe232d34244ca55b9
[2025-06-25 17:38:47,675 I 1472516 1472516] (gcs_server) gcs_job_manager.cc:97: Adding job, job id = 01000000, driver pid = 1472227
[2025-06-25 17:38:47,675 I 1472516 1472516] (gcs_server) gcs_job_manager.cc:118: Finished adding job, job id = 01000000, driver pid = 1472227
[2025-06-25 17:38:47,703 I 1472516 1472516] (gcs_server) gcs_job_manager.cc:156: Finished marking job state, job id = 01000000
[2025-06-25 17:38:47,766 I 1472516 1472516] (gcs_server) gcs_node_manager.cc:386: Removing node, node name = 192.168.10.101, death reason = EXPECTED_TERMINATION, death message = received SIGTERM node_id=0d47ef8dcb68aa80d3f802ec2b9ca042b08df0bfe232d34244ca55b9
[2025-06-25 17:38:47,766 I 1472516 1472516] (gcs_server) gcs_placement_group_mgr.cc:802: Node is dead, rescheduling the placement groups on the dead node. node_id=0d47ef8dcb68aa80d3f802ec2b9ca042b08df0bfe232d34244ca55b9
[2025-06-25 17:38:47,766 I 1472516 1472516] (gcs_server) gcs_actor_manager.cc:1325: Node is dead, reconstructing actors. node_id=0d47ef8dcb68aa80d3f802ec2b9ca042b08df0bfe232d34244ca55b9
[2025-06-25 17:38:47,766 I 1472516 1472516] (gcs_server) gcs_job_manager.cc:478: Node is dead, mark all jobs from this node as finished node_id=0d47ef8dcb68aa80d3f802ec2b9ca042b08df0bfe232d34244ca55b9
[2025-06-25 17:38:47,989 I 1472516 1472565] (gcs_server) ray_syncer_bidi_reactor_base.h:182: Failed to read the message from: 0d47ef8dcb68aa80d3f802ec2b9ca042b08df0bfe232d34244ca55b9
[2025-06-25 17:38:47,989 I 1472516 1472565] (gcs_server) ray_syncer.cc:241: Connection is broken. node_id=0d47ef8dcb68aa80d3f802ec2b9ca042b08df0bfe232d34244ca55b9
[2025-06-25 17:38:48,030 I 1472516 1472516] (gcs_server) gcs_server_main.cc:172: GCS server received SIGTERM, shutting down...
[2025-06-25 17:38:48,031 I 1472516 1472516] (gcs_server) gcs_server.cc:271: Stopping GCS server.
[2025-06-25 17:38:48,084 I 1472516 1472516] (gcs_server) gcs_server.cc:288: GCS server stopped.
[2025-06-25 17:38:48,084 I 1472516 1472516] (gcs_server) io_service_pool.cc:48: IOServicePool is stopped.
[2025-06-25 17:38:48,099 I 1472516 1472516] (gcs_server) stats.h:120: Stats module has shutdown.
