[2025-06-26 10:05:50,793 I 2272276 2272276] (raylet) main.cc:226: Setting cluster ID to: fb67eee2071c1b0bbaca211d01f3209a6dc9c9e065734a152ff6ca61
[2025-06-26 10:05:50,800 I 2272276 2272276] (raylet) main.cc:341: Raylet is not set to kill unknown children.
[2025-06-26 10:05:50,800 I 2272276 2272276] (raylet) io_service_pool.cc:36: IOServicePool is running with 1 io_service.
[2025-06-26 10:05:50,800 I 2272276 2272276] (raylet) main.cc:469: Setting node ID node_id=077f888c4d9671de5dd4fba8c83dd33bb8d663c0d6f4029ccfa6fc52
[2025-06-26 10:05:50,800 I 2272276 2272276] (raylet) store_runner.cc:50: Allowing the Plasma store to use up to 68.7195GB of memory.
[2025-06-26 10:05:50,800 I 2272276 2272276] (raylet) store_runner.cc:66: Starting object store with directory /dev/shm, fallback /home/shuzuan/prj/ComfyUI-xDit/ray_temp/session_2025-06-26_10-05-49_814090_2271827, and huge page support disabled
[2025-06-26 10:05:50,801 I 2272276 2272304] (raylet) dlmalloc.cc:324: Setting dlmalloc config: plasma_directory=/dev/shm, fallback_directory=/home/shuzuan/prj/ComfyUI-xDit/ray_temp/session_2025-06-26_10-05-49_814090_2271827, hugepage_enabled=0, fallback_enabled=1
[2025-06-26 10:05:50,801 I 2272276 2272304] (raylet) dlmalloc.cc:153: create_and_mmap_buffer(68719476744, /dev/shm/plasmaXXXXXX)
[2025-06-26 10:05:50,801 I 2272276 2272304] (raylet) store.cc:576: Plasma store debug dump: 
Current usage: 0 / 68.7195 GB
- num bytes created total: 0
0 pending objects of total size 0MB
- objects spillable: 0
- bytes spillable: 0
- objects unsealed: 0
- bytes unsealed: 0
- objects in use: 0
- bytes in use: 0
- objects evictable: 0
- bytes evictable: 0

- objects created by worker: 0
- bytes created by worker: 0
- objects restored: 0
- bytes restored: 0
- objects received: 0
- bytes received: 0
- objects errored: 0
- bytes errored: 0

[2025-06-26 10:05:50,803 I 2272276 2272276] (raylet) grpc_server.cc:141: ObjectManager server started, listening on port 34453.
[2025-06-26 10:05:50,805 I 2272276 2272276] (raylet) worker_killing_policy.cc:107: Running GroupByOwner policy.
[2025-06-26 10:05:50,805 W 2272276 2272276] (raylet) memory_monitor.cc:198: Got negative used memory for cgroup -1, setting it to zero
[2025-06-26 10:05:50,805 I 2272276 2272276] (raylet) memory_monitor.cc:48: MemoryMonitor initialized with usage threshold at 256695140352 bytes (0.95 system memory), total system memory bytes: 270205427712
[2025-06-26 10:05:50,805 I 2272276 2272276] (raylet) node_manager.cc:227: Initializing NodeManager node_id=077f888c4d9671de5dd4fba8c83dd33bb8d663c0d6f4029ccfa6fc52
[2025-06-26 10:05:50,806 I 2272276 2272276] (raylet) grpc_server.cc:141: NodeManager server started, listening on port 35441.
[2025-06-26 10:05:50,813 I 2272276 2272351] (raylet) agent_manager.cc:80: Monitor agent process with name dashboard_agent
[2025-06-26 10:05:50,813 I 2272276 2272353] (raylet) agent_manager.cc:80: Monitor agent process with name runtime_env_agent
[2025-06-26 10:05:50,814 I 2272276 2272276] (raylet) event.cc:500: Ray Event initialized for RAYLET
[2025-06-26 10:05:50,814 I 2272276 2272276] (raylet) event.cc:331: Set ray event level to warning
[2025-06-26 10:05:50,815 I 2272276 2272276] (raylet) raylet.cc:260: Raylet of id, 077f888c4d9671de5dd4fba8c83dd33bb8d663c0d6f4029ccfa6fc52 started. Raylet consists of node_manager and object_manager. node_manager address: 192.168.10.101:35441 object_manager address: 192.168.10.101:34453 hostname: vm-ubuntu1
[2025-06-26 10:05:50,817 I 2272276 2272276] (raylet) node_manager.cc:450: [state-dump] NodeManager:
[state-dump] Node ID: 077f888c4d9671de5dd4fba8c83dd33bb8d663c0d6f4029ccfa6fc52
[state-dump] Node name: 192.168.10.101
[state-dump] InitialConfigResources: {memory: 1.97223e+11, CPU: 96, node:192.168.10.101: 1, GPU: 8, accelerator_type:G: 1, object_store_memory: 6.87195e+10, node:__internal_head__: 1}
[state-dump] ClusterTaskManager:
[state-dump] ========== Node: 077f888c4d9671de5dd4fba8c83dd33bb8d663c0d6f4029ccfa6fc52 =================
[state-dump] Infeasible queue length: 0
[state-dump] Schedule queue length: 0
[state-dump] Dispatch queue length: 0
[state-dump] num_waiting_for_resource: 0
[state-dump] num_waiting_for_plasma_memory: 0
[state-dump] num_waiting_for_remote_node_resources: 0
[state-dump] num_worker_not_started_by_job_config_not_exist: 0
[state-dump] num_worker_not_started_by_registration_timeout: 0
[state-dump] num_tasks_waiting_for_workers: 0
[state-dump] num_cancelled_tasks: 0
[state-dump] cluster_resource_scheduler state: 
[state-dump] Local id: 8058348038955132984 Local resources: {"total":{GPU: [10000, 10000, 10000, 10000, 10000, 10000, 10000, 10000], object_store_memory: [687194767360000], node:__internal_head__: [10000], memory: [1972229734400000], accelerator_type:G: [10000], CPU: [960000], node:192.168.10.101: [10000]}}, "available": {node:192.168.10.101: [10000], GPU: [10000, 10000, 10000, 10000, 10000, 10000, 10000, 10000], object_store_memory: [687194767360000], node:__internal_head__: [10000], CPU: [960000], accelerator_type:G: [10000], memory: [1972229734400000]}}, "labels":{"ray.io/node_id":"077f888c4d9671de5dd4fba8c83dd33bb8d663c0d6f4029ccfa6fc52",} is_draining: 0 is_idle: 1 Cluster resources (at most 20 nodes are shown): node id: 8058348038955132984{"total":{object_store_memory: 687194767360000, node:__internal_head__: 10000, node:192.168.10.101: 10000, CPU: 960000, accelerator_type:G: 10000, GPU: 80000, memory: 1972229734400000}}, "available": {accelerator_type:G: 10000, CPU: 960000, node:192.168.10.101: 10000, GPU: 80000, object_store_memory: 687194767360000, node:__internal_head__: 10000, memory: 1972229734400000}}, "labels":{"ray.io/node_id":"077f888c4d9671de5dd4fba8c83dd33bb8d663c0d6f4029ccfa6fc52",}, "is_draining": 0, "draining_deadline_timestamp_ms": -1} { "placement group locations": [], "node to bundles": []}
[state-dump] Waiting tasks size: 0
[state-dump] Number of executing tasks: 0
[state-dump] Number of pinned task arguments: 0
[state-dump] Number of total spilled tasks: 0
[state-dump] Number of spilled waiting tasks: 0
[state-dump] Number of spilled unschedulable tasks: 0
[state-dump] Resource usage {
[state-dump] }
[state-dump] Backlog Size per scheduling descriptor :{workerId: num backlogs}:
[state-dump] 
[state-dump] Running tasks by scheduling class:
[state-dump] ==================================================
[state-dump] 
[state-dump] ClusterResources:
[state-dump] LocalObjectManager:
[state-dump] - num pinned objects: 0
[state-dump] - pinned objects size: 0
[state-dump] - num objects pending restore: 0
[state-dump] - num objects pending spill: 0
[state-dump] - num bytes pending spill: 0
[state-dump] - num bytes currently spilled: 0
[state-dump] - cumulative spill requests: 0
[state-dump] - cumulative restore requests: 0
[state-dump] - spilled objects pending delete: 0
[state-dump] 
[state-dump] ObjectManager:
[state-dump] - num local objects: 0
[state-dump] - num unfulfilled push requests: 0
[state-dump] - num object pull requests: 0
[state-dump] - num chunks received total: 0
[state-dump] - num chunks received failed (all): 0
[state-dump] - num chunks received failed / cancelled: 0
[state-dump] - num chunks received failed / plasma error: 0
[state-dump] Event stats:
[state-dump] Global stats: 0 total (0 active)
[state-dump] Queueing time: mean = -nan s, max = -0.000 s, min = 9223372036.855 s, total = 0.000 s
[state-dump] Execution time:  mean = -nan s, total = 0.000 s
[state-dump] Event stats:
[state-dump] PushManager:
[state-dump] - num pushes in flight: 0
[state-dump] - num chunks in flight: 0
[state-dump] - num chunks remaining: 0
[state-dump] - max chunks allowed: 409
[state-dump] OwnershipBasedObjectDirectory:
[state-dump] - num listeners: 0
[state-dump] - cumulative location updates: 0
[state-dump] - num location updates per second: 0.000
[state-dump] - num location lookups per second: 0.000
[state-dump] - num locations added per second: 0.000
[state-dump] - num locations removed per second: 0.000
[state-dump] BufferPool:
[state-dump] - create buffer state map size: 0
[state-dump] PullManager:
[state-dump] - num bytes available for pulled objects: 68719476736
[state-dump] - num bytes being pulled (all): 0
[state-dump] - num bytes being pulled / pinned: 0
[state-dump] - get request bundles: BundlePullRequestQueue{0 total, 0 active, 0 inactive, 0 unpullable}
[state-dump] - wait request bundles: BundlePullRequestQueue{0 total, 0 active, 0 inactive, 0 unpullable}
[state-dump] - task request bundles: BundlePullRequestQueue{0 total, 0 active, 0 inactive, 0 unpullable}
[state-dump] - first get request bundle: N/A
[state-dump] - first wait request bundle: N/A
[state-dump] - first task request bundle: N/A
[state-dump] - num objects queued: 0
[state-dump] - num objects actively pulled (all): 0
[state-dump] - num objects actively pulled / pinned: 0
[state-dump] - num bundles being pulled: 0
[state-dump] - num pull retries: 0
[state-dump] - max timeout seconds: 0
[state-dump] - max timeout request is already processed. No entry.
[state-dump] 
[state-dump] WorkerPool:
[state-dump] - registered jobs: 0
[state-dump] - process_failed_job_config_missing: 0
[state-dump] - process_failed_rate_limited: 0
[state-dump] - process_failed_pending_registration: 0
[state-dump] - process_failed_runtime_env_setup_failed: 0
[state-dump] - num JAVA workers: 0
[state-dump] - num JAVA drivers: 0
[state-dump] - num JAVA pending start requests: 0
[state-dump] - num JAVA pending registration requests: 0
[state-dump] - num object spill callbacks queued: 0
[state-dump] - num object restore queued: 0
[state-dump] - num util functions queued: 0
[state-dump] - num PYTHON workers: 0
[state-dump] - num PYTHON drivers: 0
[state-dump] - num PYTHON pending start requests: 0
[state-dump] - num PYTHON pending registration requests: 0
[state-dump] - num object spill callbacks queued: 0
[state-dump] - num object restore queued: 0
[state-dump] - num util functions queued: 0
[state-dump] - num idle workers: 0
[state-dump] TaskDependencyManager:
[state-dump] - task deps map size: 0
[state-dump] - get req map size: 0
[state-dump] - wait req map size: 0
[state-dump] - local objects map size: 0
[state-dump] WaitManager:
[state-dump] - num active wait requests: 0
[state-dump] Subscriber:
[state-dump] Channel WORKER_OBJECT_EVICTION
[state-dump] - cumulative subscribe requests: 0
[state-dump] - cumulative unsubscribe requests: 0
[state-dump] - active subscribed publishers: 0
[state-dump] - cumulative published messages: 0
[state-dump] - cumulative processed messages: 0
[state-dump] Channel WORKER_REF_REMOVED_CHANNEL
[state-dump] - cumulative subscribe requests: 0
[state-dump] - cumulative unsubscribe requests: 0
[state-dump] - active subscribed publishers: 0
[state-dump] - cumulative published messages: 0
[state-dump] - cumulative processed messages: 0
[state-dump] Channel WORKER_OBJECT_LOCATIONS_CHANNEL
[state-dump] - cumulative subscribe requests: 0
[state-dump] - cumulative unsubscribe requests: 0
[state-dump] - active subscribed publishers: 0
[state-dump] - cumulative published messages: 0
[state-dump] - cumulative processed messages: 0
[state-dump] num async plasma notifications: 0
[state-dump] Event stats:
[state-dump] Global stats: 29 total (14 active)
[state-dump] Queueing time: mean = 1.363 ms, max = 8.548 ms, min = 15.718 us, total = 39.517 ms
[state-dump] Execution time:  mean = 626.852 us, total = 18.179 ms
[state-dump] Event stats:
[state-dump] 	PeriodicalRunner.RunFnPeriodically - 12 total (2 active, 1 running), Execution time: mean = 131.010 us, total = 1.572 ms, Queueing time: mean = 3.290 ms, max = 8.548 ms, min = 19.867 us, total = 39.483 ms
[state-dump] 	ClusterResourceManager.ResetRemoteNodeView - 1 total (1 active), Execution time: mean = 0.000 s, total = 0.000 s, Queueing time: mean = 0.000 s, max = -0.000 s, min = 9223372036.855 s, total = 0.000 s
[state-dump] 	ray::rpc::InternalKVGcsService.grpc_client.GetInternalConfig.OnReplyReceived - 1 total (0 active), Execution time: mean = 14.274 ms, total = 14.274 ms, Queueing time: mean = 15.718 us, max = 15.718 us, min = 15.718 us, total = 15.718 us
[state-dump] 	ray::rpc::NodeInfoGcsService.grpc_client.RegisterNode.OnReplyReceived - 1 total (0 active), Execution time: mean = 207.613 us, total = 207.613 us, Queueing time: mean = 18.752 us, max = 18.752 us, min = 18.752 us, total = 18.752 us
[state-dump] 	NodeManager.GCTaskFailureReason - 1 total (1 active), Execution time: mean = 0.000 s, total = 0.000 s, Queueing time: mean = 0.000 s, max = -0.000 s, min = 9223372036.855 s, total = 0.000 s
[state-dump] 	NodeManager.deadline_timer.spill_objects_when_over_threshold - 1 total (1 active), Execution time: mean = 0.000 s, total = 0.000 s, Queueing time: mean = 0.000 s, max = -0.000 s, min = 9223372036.855 s, total = 0.000 s
[state-dump] 	NodeManager.deadline_timer.record_metrics - 1 total (1 active), Execution time: mean = 0.000 s, total = 0.000 s, Queueing time: mean = 0.000 s, max = -0.000 s, min = 9223372036.855 s, total = 0.000 s
[state-dump] 	ray::rpc::NodeInfoGcsService.grpc_client.RegisterNode - 1 total (0 active), Execution time: mean = 796.452 us, total = 796.452 us, Queueing time: mean = 0.000 s, max = -0.000 s, min = 9223372036.855 s, total = 0.000 s
[state-dump] 	MemoryMonitor.CheckIsMemoryUsageAboveThreshold - 1 total (1 active), Execution time: mean = 0.000 s, total = 0.000 s, Queueing time: mean = 0.000 s, max = -0.000 s, min = 9223372036.855 s, total = 0.000 s
[state-dump] 	RayletWorkerPool.deadline_timer.kill_idle_workers - 1 total (1 active), Execution time: mean = 0.000 s, total = 0.000 s, Queueing time: mean = 0.000 s, max = -0.000 s, min = 9223372036.855 s, total = 0.000 s
[state-dump] 	NodeManager.deadline_timer.debug_state_dump - 1 total (1 active), Execution time: mean = 0.000 s, total = 0.000 s, Queueing time: mean = 0.000 s, max = -0.000 s, min = 9223372036.855 s, total = 0.000 s
[state-dump] 	ray::rpc::InternalKVGcsService.grpc_client.GetInternalConfig - 1 total (0 active), Execution time: mean = 776.935 us, total = 776.935 us, Queueing time: mean = 0.000 s, max = -0.000 s, min = 9223372036.855 s, total = 0.000 s
[state-dump] 	NodeManager.ScheduleAndDispatchTasks - 1 total (1 active), Execution time: mean = 0.000 s, total = 0.000 s, Queueing time: mean = 0.000 s, max = -0.000 s, min = 9223372036.855 s, total = 0.000 s
[state-dump] 	ray::rpc::InternalPubSubGcsService.grpc_client.GcsSubscriberCommandBatch - 1 total (0 active), Execution time: mean = 551.283 us, total = 551.283 us, Queueing time: mean = 0.000 s, max = -0.000 s, min = 9223372036.855 s, total = 0.000 s
[state-dump] 	ray::rpc::InternalPubSubGcsService.grpc_client.GcsSubscriberPoll - 1 total (1 active), Execution time: mean = 0.000 s, total = 0.000 s, Queueing time: mean = 0.000 s, max = -0.000 s, min = 9223372036.855 s, total = 0.000 s
[state-dump] 	NodeManager.CheckForUnexpectedWorkerDisconnects - 1 total (1 active), Execution time: mean = 0.000 s, total = 0.000 s, Queueing time: mean = 0.000 s, max = -0.000 s, min = 9223372036.855 s, total = 0.000 s
[state-dump] 	NodeManager.deadline_timer.flush_free_objects - 1 total (1 active), Execution time: mean = 0.000 s, total = 0.000 s, Queueing time: mean = 0.000 s, max = -0.000 s, min = 9223372036.855 s, total = 0.000 s
[state-dump] 	ray::rpc::InternalPubSubGcsService.grpc_client.GcsSubscriberCommandBatch.OnReplyReceived - 1 total (1 active), Execution time: mean = 0.000 s, total = 0.000 s, Queueing time: mean = 0.000 s, max = -0.000 s, min = 9223372036.855 s, total = 0.000 s
[state-dump] DebugString() time ms: 0
[state-dump] 
[state-dump] 
[2025-06-26 10:05:50,817 I 2272276 2272276] (raylet) accessor.cc:768: Received notification for node, IsAlive = 1 node_id=077f888c4d9671de5dd4fba8c83dd33bb8d663c0d6f4029ccfa6fc52
[2025-06-26 10:05:50,832 I 2272276 2272276] (raylet) worker_pool.cc:527: Started worker process with pid 2272392, the token is 0
[2025-06-26 10:05:50,834 I 2272276 2272276] (raylet) worker_pool.cc:527: Started worker process with pid 2272393, the token is 1
[2025-06-26 10:05:50,837 I 2272276 2272276] (raylet) worker_pool.cc:527: Started worker process with pid 2272394, the token is 2
[2025-06-26 10:05:50,839 I 2272276 2272276] (raylet) worker_pool.cc:527: Started worker process with pid 2272395, the token is 3
[2025-06-26 10:05:50,841 I 2272276 2272276] (raylet) worker_pool.cc:527: Started worker process with pid 2272396, the token is 4
[2025-06-26 10:05:50,844 I 2272276 2272276] (raylet) worker_pool.cc:527: Started worker process with pid 2272397, the token is 5
[2025-06-26 10:05:50,846 I 2272276 2272276] (raylet) worker_pool.cc:527: Started worker process with pid 2272398, the token is 6
[2025-06-26 10:05:50,848 I 2272276 2272276] (raylet) worker_pool.cc:527: Started worker process with pid 2272399, the token is 7
[2025-06-26 10:05:50,851 I 2272276 2272276] (raylet) worker_pool.cc:527: Started worker process with pid 2272400, the token is 8
[2025-06-26 10:05:50,853 I 2272276 2272276] (raylet) worker_pool.cc:527: Started worker process with pid 2272401, the token is 9
[2025-06-26 10:05:50,855 I 2272276 2272276] (raylet) worker_pool.cc:527: Started worker process with pid 2272402, the token is 10
[2025-06-26 10:05:50,857 I 2272276 2272276] (raylet) worker_pool.cc:527: Started worker process with pid 2272403, the token is 11
[2025-06-26 10:05:50,859 I 2272276 2272276] (raylet) worker_pool.cc:527: Started worker process with pid 2272404, the token is 12
[2025-06-26 10:05:50,862 I 2272276 2272276] (raylet) worker_pool.cc:527: Started worker process with pid 2272405, the token is 13
[2025-06-26 10:05:50,864 I 2272276 2272276] (raylet) worker_pool.cc:527: Started worker process with pid 2272406, the token is 14
[2025-06-26 10:05:50,867 I 2272276 2272276] (raylet) worker_pool.cc:527: Started worker process with pid 2272407, the token is 15
[2025-06-26 10:05:50,869 I 2272276 2272276] (raylet) worker_pool.cc:527: Started worker process with pid 2272408, the token is 16
[2025-06-26 10:05:50,872 I 2272276 2272276] (raylet) worker_pool.cc:527: Started worker process with pid 2272409, the token is 17
[2025-06-26 10:05:50,874 I 2272276 2272276] (raylet) worker_pool.cc:527: Started worker process with pid 2272410, the token is 18
[2025-06-26 10:05:50,876 I 2272276 2272276] (raylet) worker_pool.cc:527: Started worker process with pid 2272411, the token is 19
[2025-06-26 10:05:50,879 I 2272276 2272276] (raylet) worker_pool.cc:527: Started worker process with pid 2272412, the token is 20
[2025-06-26 10:05:50,881 I 2272276 2272276] (raylet) worker_pool.cc:527: Started worker process with pid 2272413, the token is 21
[2025-06-26 10:05:50,884 I 2272276 2272276] (raylet) worker_pool.cc:527: Started worker process with pid 2272414, the token is 22
[2025-06-26 10:05:50,886 I 2272276 2272276] (raylet) worker_pool.cc:527: Started worker process with pid 2272415, the token is 23
[2025-06-26 10:05:50,888 I 2272276 2272276] (raylet) worker_pool.cc:527: Started worker process with pid 2272416, the token is 24
[2025-06-26 10:05:50,891 I 2272276 2272276] (raylet) worker_pool.cc:527: Started worker process with pid 2272417, the token is 25
[2025-06-26 10:05:50,893 I 2272276 2272276] (raylet) worker_pool.cc:527: Started worker process with pid 2272418, the token is 26
[2025-06-26 10:05:50,895 I 2272276 2272276] (raylet) worker_pool.cc:527: Started worker process with pid 2272419, the token is 27
[2025-06-26 10:05:50,898 I 2272276 2272276] (raylet) worker_pool.cc:527: Started worker process with pid 2272420, the token is 28
[2025-06-26 10:05:50,900 I 2272276 2272276] (raylet) worker_pool.cc:527: Started worker process with pid 2272421, the token is 29
[2025-06-26 10:05:50,903 I 2272276 2272276] (raylet) worker_pool.cc:527: Started worker process with pid 2272422, the token is 30
[2025-06-26 10:05:50,906 I 2272276 2272276] (raylet) worker_pool.cc:527: Started worker process with pid 2272423, the token is 31
[2025-06-26 10:05:50,908 I 2272276 2272276] (raylet) worker_pool.cc:527: Started worker process with pid 2272424, the token is 32
[2025-06-26 10:05:50,911 I 2272276 2272276] (raylet) worker_pool.cc:527: Started worker process with pid 2272425, the token is 33
[2025-06-26 10:05:50,913 I 2272276 2272276] (raylet) worker_pool.cc:527: Started worker process with pid 2272426, the token is 34
[2025-06-26 10:05:50,916 I 2272276 2272276] (raylet) worker_pool.cc:527: Started worker process with pid 2272427, the token is 35
[2025-06-26 10:05:50,919 I 2272276 2272276] (raylet) worker_pool.cc:527: Started worker process with pid 2272428, the token is 36
[2025-06-26 10:05:50,922 I 2272276 2272276] (raylet) worker_pool.cc:527: Started worker process with pid 2272429, the token is 37
[2025-06-26 10:05:50,924 I 2272276 2272276] (raylet) worker_pool.cc:527: Started worker process with pid 2272430, the token is 38
[2025-06-26 10:05:50,927 I 2272276 2272276] (raylet) worker_pool.cc:527: Started worker process with pid 2272431, the token is 39
[2025-06-26 10:05:50,930 I 2272276 2272276] (raylet) worker_pool.cc:527: Started worker process with pid 2272432, the token is 40
[2025-06-26 10:05:50,933 I 2272276 2272276] (raylet) worker_pool.cc:527: Started worker process with pid 2272433, the token is 41
[2025-06-26 10:05:50,936 I 2272276 2272276] (raylet) worker_pool.cc:527: Started worker process with pid 2272434, the token is 42
[2025-06-26 10:05:50,939 I 2272276 2272276] (raylet) worker_pool.cc:527: Started worker process with pid 2272435, the token is 43
[2025-06-26 10:05:50,942 I 2272276 2272276] (raylet) worker_pool.cc:527: Started worker process with pid 2272436, the token is 44
[2025-06-26 10:05:50,945 I 2272276 2272276] (raylet) worker_pool.cc:527: Started worker process with pid 2272437, the token is 45
[2025-06-26 10:05:50,948 I 2272276 2272276] (raylet) worker_pool.cc:527: Started worker process with pid 2272438, the token is 46
[2025-06-26 10:05:50,951 I 2272276 2272276] (raylet) worker_pool.cc:527: Started worker process with pid 2272439, the token is 47
[2025-06-26 10:05:50,953 I 2272276 2272276] (raylet) worker_pool.cc:527: Started worker process with pid 2272440, the token is 48
[2025-06-26 10:05:50,956 I 2272276 2272276] (raylet) worker_pool.cc:527: Started worker process with pid 2272441, the token is 49
[2025-06-26 10:05:50,959 I 2272276 2272276] (raylet) worker_pool.cc:527: Started worker process with pid 2272442, the token is 50
[2025-06-26 10:05:50,962 I 2272276 2272276] (raylet) worker_pool.cc:527: Started worker process with pid 2272443, the token is 51
[2025-06-26 10:05:50,965 I 2272276 2272276] (raylet) worker_pool.cc:527: Started worker process with pid 2272444, the token is 52
[2025-06-26 10:05:50,969 I 2272276 2272276] (raylet) worker_pool.cc:527: Started worker process with pid 2272445, the token is 53
[2025-06-26 10:05:50,972 I 2272276 2272276] (raylet) worker_pool.cc:527: Started worker process with pid 2272446, the token is 54
[2025-06-26 10:05:50,975 I 2272276 2272276] (raylet) worker_pool.cc:527: Started worker process with pid 2272447, the token is 55
[2025-06-26 10:05:50,978 I 2272276 2272276] (raylet) worker_pool.cc:527: Started worker process with pid 2272448, the token is 56
[2025-06-26 10:05:50,982 I 2272276 2272276] (raylet) worker_pool.cc:527: Started worker process with pid 2272449, the token is 57
[2025-06-26 10:05:50,985 I 2272276 2272276] (raylet) worker_pool.cc:527: Started worker process with pid 2272451, the token is 58
[2025-06-26 10:05:50,989 I 2272276 2272276] (raylet) worker_pool.cc:527: Started worker process with pid 2272452, the token is 59
[2025-06-26 10:05:50,992 I 2272276 2272276] (raylet) worker_pool.cc:527: Started worker process with pid 2272453, the token is 60
[2025-06-26 10:05:50,995 I 2272276 2272276] (raylet) worker_pool.cc:527: Started worker process with pid 2272454, the token is 61
[2025-06-26 10:05:50,999 I 2272276 2272276] (raylet) worker_pool.cc:527: Started worker process with pid 2272455, the token is 62
[2025-06-26 10:05:51,002 I 2272276 2272276] (raylet) worker_pool.cc:527: Started worker process with pid 2272456, the token is 63
[2025-06-26 10:05:51,006 I 2272276 2272276] (raylet) worker_pool.cc:527: Started worker process with pid 2272458, the token is 64
[2025-06-26 10:05:51,009 I 2272276 2272276] (raylet) worker_pool.cc:527: Started worker process with pid 2272459, the token is 65
[2025-06-26 10:05:51,012 I 2272276 2272276] (raylet) worker_pool.cc:527: Started worker process with pid 2272460, the token is 66
[2025-06-26 10:05:51,016 I 2272276 2272276] (raylet) worker_pool.cc:527: Started worker process with pid 2272461, the token is 67
[2025-06-26 10:05:51,019 I 2272276 2272276] (raylet) worker_pool.cc:527: Started worker process with pid 2272462, the token is 68
[2025-06-26 10:05:51,023 I 2272276 2272276] (raylet) worker_pool.cc:527: Started worker process with pid 2272463, the token is 69
[2025-06-26 10:05:51,027 I 2272276 2272276] (raylet) worker_pool.cc:527: Started worker process with pid 2272465, the token is 70
[2025-06-26 10:05:51,031 I 2272276 2272276] (raylet) worker_pool.cc:527: Started worker process with pid 2272466, the token is 71
[2025-06-26 10:05:51,034 I 2272276 2272276] (raylet) worker_pool.cc:527: Started worker process with pid 2272467, the token is 72
[2025-06-26 10:05:51,038 I 2272276 2272276] (raylet) worker_pool.cc:527: Started worker process with pid 2272470, the token is 73
[2025-06-26 10:05:51,041 I 2272276 2272276] (raylet) worker_pool.cc:527: Started worker process with pid 2272471, the token is 74
[2025-06-26 10:05:51,045 I 2272276 2272276] (raylet) worker_pool.cc:527: Started worker process with pid 2272472, the token is 75
[2025-06-26 10:05:51,049 I 2272276 2272276] (raylet) worker_pool.cc:527: Started worker process with pid 2272474, the token is 76
[2025-06-26 10:05:51,053 I 2272276 2272276] (raylet) worker_pool.cc:527: Started worker process with pid 2272475, the token is 77
[2025-06-26 10:05:51,057 I 2272276 2272276] (raylet) worker_pool.cc:527: Started worker process with pid 2272476, the token is 78
[2025-06-26 10:05:51,061 I 2272276 2272276] (raylet) worker_pool.cc:527: Started worker process with pid 2272477, the token is 79
[2025-06-26 10:05:51,065 I 2272276 2272276] (raylet) worker_pool.cc:527: Started worker process with pid 2272478, the token is 80
[2025-06-26 10:05:51,069 I 2272276 2272276] (raylet) worker_pool.cc:527: Started worker process with pid 2272479, the token is 81
[2025-06-26 10:05:51,096 I 2272276 2272276] (raylet) worker_pool.cc:527: Started worker process with pid 2272481, the token is 82
[2025-06-26 10:05:51,100 I 2272276 2272276] (raylet) worker_pool.cc:527: Started worker process with pid 2272482, the token is 83
[2025-06-26 10:05:51,105 I 2272276 2272276] (raylet) worker_pool.cc:527: Started worker process with pid 2272483, the token is 84
[2025-06-26 10:05:51,110 I 2272276 2272276] (raylet) worker_pool.cc:527: Started worker process with pid 2272484, the token is 85
[2025-06-26 10:05:51,114 I 2272276 2272276] (raylet) worker_pool.cc:527: Started worker process with pid 2272485, the token is 86
[2025-06-26 10:05:51,118 I 2272276 2272276] (raylet) worker_pool.cc:527: Started worker process with pid 2272486, the token is 87
[2025-06-26 10:05:51,122 I 2272276 2272276] (raylet) worker_pool.cc:527: Started worker process with pid 2272487, the token is 88
[2025-06-26 10:05:51,126 I 2272276 2272276] (raylet) worker_pool.cc:527: Started worker process with pid 2272489, the token is 89
[2025-06-26 10:05:51,131 I 2272276 2272276] (raylet) worker_pool.cc:527: Started worker process with pid 2272490, the token is 90
[2025-06-26 10:05:51,135 I 2272276 2272276] (raylet) worker_pool.cc:527: Started worker process with pid 2272491, the token is 91
[2025-06-26 10:05:51,139 I 2272276 2272276] (raylet) worker_pool.cc:527: Started worker process with pid 2272494, the token is 92
[2025-06-26 10:05:51,144 I 2272276 2272276] (raylet) worker_pool.cc:527: Started worker process with pid 2272495, the token is 93
[2025-06-26 10:05:51,148 I 2272276 2272276] (raylet) worker_pool.cc:527: Started worker process with pid 2272497, the token is 94
[2025-06-26 10:05:51,153 I 2272276 2272276] (raylet) worker_pool.cc:527: Started worker process with pid 2272500, the token is 95
[2025-06-26 10:05:51,267 I 2272276 2272304] (raylet) object_store.cc:38: Object store current usage 8e-09 / 68.7195 GB.
[2025-06-26 10:05:51,767 I 2272276 2272276] (raylet) worker_pool.cc:724: Job 01000000 already started in worker pool.
[2025-06-26 10:05:55,906 W 2272276 2272276] (raylet) memory_monitor.cc:198: Got negative used memory for cgroup -1, setting it to zero
[2025-06-26 10:05:56,334 I 2272276 2272276] (raylet) node_manager.cc:1523: Disconnecting client, graceful=true, disconnect_type=3, has_creation_task_exception=false worker_id=01000000ffffffffffffffffffffffffffffffffffffffffffffffff
[2025-06-26 10:05:56,334 I 2272276 2272276] (raylet) node_manager.cc:1615: Driver (pid=2271827) is disconnected. worker_id=01000000ffffffffffffffffffffffffffffffffffffffffffffffff job_id=01000000
[2025-06-26 10:05:56,337 W 2272276 2272304] (raylet) store.cc:368: Disconnecting client due to connection error with code 2: End of file
[2025-06-26 10:05:56,337 I 2272276 2272276] (raylet) node_manager.cc:1018: The leased worker a81202d00d20b9ee5ef872f62d048091e204571d7dd18085b2ef3332 is killed because the owner process 01000000ffffffffffffffffffffffffffffffffffffffffffffffff died.
[2025-06-26 10:05:56,337 I 2272276 2272276] (raylet) node_manager.cc:1018: The leased worker cd58760c3f182c44d14bb1ee99768c258030b93df0393af92dd243e5 is killed because the owner process 01000000ffffffffffffffffffffffffffffffffffffffffffffffff died.
[2025-06-26 10:05:56,337 I 2272276 2272276] (raylet) node_manager.cc:1018: The leased worker 50bfb2f02eecd46b25aa62cee683df221383d1d1be91c504cd2c9533 is killed because the owner process 01000000ffffffffffffffffffffffffffffffffffffffffffffffff died.
[2025-06-26 10:05:56,337 I 2272276 2272276] (raylet) worker_pool.cc:724: Job 01000000 already started in worker pool.
[2025-06-26 10:05:56,337 I 2272276 2272276] (raylet) node_manager.cc:559: The leased worker  is killed because the job 01000000 finished. worker_id=a81202d00d20b9ee5ef872f62d048091e204571d7dd18085b2ef3332
[2025-06-26 10:05:56,338 I 2272276 2272276] (raylet) node_manager.cc:559: The leased worker  is killed because the job 01000000 finished. worker_id=cd58760c3f182c44d14bb1ee99768c258030b93df0393af92dd243e5
[2025-06-26 10:05:56,338 I 2272276 2272276] (raylet) node_manager.cc:559: The leased worker  is killed because the job 01000000 finished. worker_id=50bfb2f02eecd46b25aa62cee683df221383d1d1be91c504cd2c9533
[2025-06-26 10:05:56,353 I 2272276 2272276] (raylet) node_manager.cc:1523: Disconnecting client, graceful=true, disconnect_type=1, has_creation_task_exception=false worker_id=50bfb2f02eecd46b25aa62cee683df221383d1d1be91c504cd2c9533
[2025-06-26 10:05:56,354 I 2272276 2272276] (raylet) node_manager.cc:1523: Disconnecting client, graceful=true, disconnect_type=1, has_creation_task_exception=false worker_id=cd58760c3f182c44d14bb1ee99768c258030b93df0393af92dd243e5
[2025-06-26 10:05:56,354 I 2272276 2272276] (raylet) node_manager.cc:1523: Disconnecting client, graceful=true, disconnect_type=1, has_creation_task_exception=false worker_id=a81202d00d20b9ee5ef872f62d048091e204571d7dd18085b2ef3332
[2025-06-26 10:05:56,379 W 2272276 2272276] (raylet) node_manager.cc:567: Failed to send exit request to worker : RpcError: RPC Error message: Socket closed; RPC Error details:  rpc_code: 14. Killing it using SIGKILL instead. worker_id=50bfb2f02eecd46b25aa62cee683df221383d1d1be91c504cd2c9533
[2025-06-26 10:05:56,379 W 2272276 2272276] (raylet) node_manager.cc:567: Failed to send exit request to worker : RpcError: RPC Error message: Socket closed; RPC Error details:  rpc_code: 14. Killing it using SIGKILL instead. worker_id=cd58760c3f182c44d14bb1ee99768c258030b93df0393af92dd243e5
[2025-06-26 10:05:56,380 W 2272276 2272304] (raylet) store.cc:368: Disconnecting client due to connection error with code 2: End of file
[2025-06-26 10:05:56,380 W 2272276 2272304] (raylet) store.cc:368: Disconnecting client due to connection error with code 2: End of file
[2025-06-26 10:05:56,380 W 2272276 2272276] (raylet) node_manager.cc:567: Failed to send exit request to worker : RpcError: RPC Error message: Socket closed; RPC Error details:  rpc_code: 14. Killing it using SIGKILL instead. worker_id=a81202d00d20b9ee5ef872f62d048091e204571d7dd18085b2ef3332
[2025-06-26 10:05:56,380 W 2272276 2272304] (raylet) store.cc:368: Disconnecting client due to connection error with code 2: End of file
[2025-06-26 10:05:56,439 I 2272276 2272276] (raylet) main.cc:504: received SIGTERM. Existing local drain request = None
[2025-06-26 10:05:56,439 I 2272276 2272276] (raylet) main.cc:307: Raylet graceful shutdown triggered, reason = EXPECTED_TERMINATION, reason message = received SIGTERM
[2025-06-26 10:05:56,439 I 2272276 2272276] (raylet) main.cc:310: Shutting down...
[2025-06-26 10:05:56,439 I 2272276 2272276] (raylet) accessor.cc:518: Unregistering node node_id=077f888c4d9671de5dd4fba8c83dd33bb8d663c0d6f4029ccfa6fc52
[2025-06-26 10:05:56,440 I 2272276 2272276] (raylet) accessor.cc:531: Finished unregistering node info, status = OK node_id=077f888c4d9671de5dd4fba8c83dd33bb8d663c0d6f4029ccfa6fc52
[2025-06-26 10:05:56,440 W 2272276 2272304] (raylet) store.cc:368: Disconnecting client due to connection error with code 2: End of file
[2025-06-26 10:05:56,444 I 2272276 2272276] (raylet) agent_manager.cc:115: Killing agent dashboard_agent, pid 2272350.
[2025-06-26 10:05:56,449 I 2272276 2272351] (raylet) agent_manager.cc:82: Agent process with name dashboard_agent exited, exit code 0.
[2025-06-26 10:05:56,449 I 2272276 2272276] (raylet) agent_manager.cc:115: Killing agent runtime_env_agent, pid 2272352.
[2025-06-26 10:05:56,454 I 2272276 2272353] (raylet) agent_manager.cc:82: Agent process with name runtime_env_agent exited, exit code 0.
[2025-06-26 10:05:56,454 I 2272276 2272276] (raylet) io_service_pool.cc:48: IOServicePool is stopped.
[2025-06-26 10:05:56,510 I 2272276 2272276] (raylet) stats.h:120: Stats module has shutdown.
