[2025-06-26 09:55:52,765 I 2240708 2240708] (raylet) main.cc:226: Setting cluster ID to: 63519308179fd053d2c5057abda50157c5f8dd1a249a1a89dc4a0216
[2025-06-26 09:55:52,773 I 2240708 2240708] (raylet) main.cc:341: Raylet is not set to kill unknown children.
[2025-06-26 09:55:52,773 I 2240708 2240708] (raylet) io_service_pool.cc:36: IOServicePool is running with 1 io_service.
[2025-06-26 09:55:52,774 I 2240708 2240708] (raylet) main.cc:469: Setting node ID node_id=101293e85267eb0fb55fd31cc354209931d8f997995d80120ecef192
[2025-06-26 09:55:52,774 I 2240708 2240708] (raylet) store_runner.cc:50: Allowing the Plasma store to use up to 68.7195GB of memory.
[2025-06-26 09:55:52,774 I 2240708 2240708] (raylet) store_runner.cc:66: Starting object store with directory /dev/shm, fallback /home/shuzuan/prj/ComfyUI-xDit/ray_temp/session_2025-06-26_09-55-51_700555_2240277, and huge page support disabled
[2025-06-26 09:55:52,774 I 2240708 2240737] (raylet) dlmalloc.cc:324: Setting dlmalloc config: plasma_directory=/dev/shm, fallback_directory=/home/shuzuan/prj/ComfyUI-xDit/ray_temp/session_2025-06-26_09-55-51_700555_2240277, hugepage_enabled=0, fallback_enabled=1
[2025-06-26 09:55:52,774 I 2240708 2240737] (raylet) dlmalloc.cc:153: create_and_mmap_buffer(68719476744, /dev/shm/plasmaXXXXXX)
[2025-06-26 09:55:52,775 I 2240708 2240737] (raylet) store.cc:576: Plasma store debug dump: 
Current usage: 0 / 68.7195 GB
- num bytes created total: 0
0 pending objects of total size 0MB
- objects spillable: 0
- bytes spillable: 0
- objects unsealed: 0
- bytes unsealed: 0
- objects in use: 0
- bytes in use: 0
- objects evictable: 0
- bytes evictable: 0

- objects created by worker: 0
- bytes created by worker: 0
- objects restored: 0
- bytes restored: 0
- objects received: 0
- bytes received: 0
- objects errored: 0
- bytes errored: 0

[2025-06-26 09:55:53,777 I 2240708 2240708] (raylet) grpc_server.cc:141: ObjectManager server started, listening on port 38299.
[2025-06-26 09:55:53,779 I 2240708 2240708] (raylet) worker_killing_policy.cc:107: Running GroupByOwner policy.
[2025-06-26 09:55:53,779 W 2240708 2240708] (raylet) memory_monitor.cc:198: Got negative used memory for cgroup -1, setting it to zero
[2025-06-26 09:55:53,779 I 2240708 2240708] (raylet) memory_monitor.cc:48: MemoryMonitor initialized with usage threshold at 256695140352 bytes (0.95 system memory), total system memory bytes: 270205427712
[2025-06-26 09:55:53,779 I 2240708 2240708] (raylet) node_manager.cc:227: Initializing NodeManager node_id=101293e85267eb0fb55fd31cc354209931d8f997995d80120ecef192
[2025-06-26 09:55:53,779 I 2240708 2240708] (raylet) grpc_server.cc:141: NodeManager server started, listening on port 44933.
[2025-06-26 09:55:53,786 I 2240708 2240840] (raylet) agent_manager.cc:80: Monitor agent process with name dashboard_agent
[2025-06-26 09:55:53,787 I 2240708 2240708] (raylet) event.cc:500: Ray Event initialized for RAYLET
[2025-06-26 09:55:53,787 I 2240708 2240708] (raylet) event.cc:331: Set ray event level to warning
[2025-06-26 09:55:53,788 I 2240708 2240842] (raylet) agent_manager.cc:80: Monitor agent process with name runtime_env_agent
[2025-06-26 09:55:53,789 I 2240708 2240708] (raylet) raylet.cc:260: Raylet of id, 101293e85267eb0fb55fd31cc354209931d8f997995d80120ecef192 started. Raylet consists of node_manager and object_manager. node_manager address: 192.168.10.101:44933 object_manager address: 192.168.10.101:38299 hostname: vm-ubuntu1
[2025-06-26 09:55:53,791 I 2240708 2240708] (raylet) node_manager.cc:450: [state-dump] NodeManager:
[state-dump] Node ID: 101293e85267eb0fb55fd31cc354209931d8f997995d80120ecef192
[state-dump] Node name: 192.168.10.101
[state-dump] InitialConfigResources: {memory: 1.97219e+11, CPU: 96, accelerator_type:G: 1, node:192.168.10.101: 1, node:__internal_head__: 1, GPU: 8, object_store_memory: 6.87195e+10}
[state-dump] ClusterTaskManager:
[state-dump] ========== Node: 101293e85267eb0fb55fd31cc354209931d8f997995d80120ecef192 =================
[state-dump] Infeasible queue length: 0
[state-dump] Schedule queue length: 0
[state-dump] Dispatch queue length: 0
[state-dump] num_waiting_for_resource: 0
[state-dump] num_waiting_for_plasma_memory: 0
[state-dump] num_waiting_for_remote_node_resources: 0
[state-dump] num_worker_not_started_by_job_config_not_exist: 0
[state-dump] num_worker_not_started_by_registration_timeout: 0
[state-dump] num_tasks_waiting_for_workers: 0
[state-dump] num_cancelled_tasks: 0
[state-dump] cluster_resource_scheduler state: 
[state-dump] Local id: 3598629304861176828 Local resources: {"total":{node:__internal_head__: [10000], CPU: [960000], memory: [1972194017280000], GPU: [10000, 10000, 10000, 10000, 10000, 10000, 10000, 10000], node:192.168.10.101: [10000], accelerator_type:G: [10000], object_store_memory: [687194767360000]}}, "available": {node:192.168.10.101: [10000], accelerator_type:G: [10000], object_store_memory: [687194767360000], memory: [1972194017280000], node:__internal_head__: [10000], CPU: [960000], GPU: [10000, 10000, 10000, 10000, 10000, 10000, 10000, 10000]}}, "labels":{"ray.io/node_id":"101293e85267eb0fb55fd31cc354209931d8f997995d80120ecef192",} is_draining: 0 is_idle: 1 Cluster resources (at most 20 nodes are shown): node id: 3598629304861176828{"total":{CPU: 960000, node:__internal_head__: 10000, accelerator_type:G: 10000, memory: 1972194017280000, node:192.168.10.101: 10000, GPU: 80000, object_store_memory: 687194767360000}}, "available": {node:__internal_head__: 10000, memory: 1972194017280000, node:192.168.10.101: 10000, accelerator_type:G: 10000, GPU: 80000, object_store_memory: 687194767360000, CPU: 960000}}, "labels":{"ray.io/node_id":"101293e85267eb0fb55fd31cc354209931d8f997995d80120ecef192",}, "is_draining": 0, "draining_deadline_timestamp_ms": -1} { "placement group locations": [], "node to bundles": []}
[state-dump] Waiting tasks size: 0
[state-dump] Number of executing tasks: 0
[state-dump] Number of pinned task arguments: 0
[state-dump] Number of total spilled tasks: 0
[state-dump] Number of spilled waiting tasks: 0
[state-dump] Number of spilled unschedulable tasks: 0
[state-dump] Resource usage {
[state-dump] }
[state-dump] Backlog Size per scheduling descriptor :{workerId: num backlogs}:
[state-dump] 
[state-dump] Running tasks by scheduling class:
[state-dump] ==================================================
[state-dump] 
[state-dump] ClusterResources:
[state-dump] LocalObjectManager:
[state-dump] - num pinned objects: 0
[state-dump] - pinned objects size: 0
[state-dump] - num objects pending restore: 0
[state-dump] - num objects pending spill: 0
[state-dump] - num bytes pending spill: 0
[state-dump] - num bytes currently spilled: 0
[state-dump] - cumulative spill requests: 0
[state-dump] - cumulative restore requests: 0
[state-dump] - spilled objects pending delete: 0
[state-dump] 
[state-dump] ObjectManager:
[state-dump] - num local objects: 0
[state-dump] - num unfulfilled push requests: 0
[state-dump] - num object pull requests: 0
[state-dump] - num chunks received total: 0
[state-dump] - num chunks received failed (all): 0
[state-dump] - num chunks received failed / cancelled: 0
[state-dump] - num chunks received failed / plasma error: 0
[state-dump] Event stats:
[state-dump] Global stats: 0 total (0 active)
[state-dump] Queueing time: mean = -nan s, max = -0.000 s, min = 9223372036.855 s, total = 0.000 s
[state-dump] Execution time:  mean = -nan s, total = 0.000 s
[state-dump] Event stats:
[state-dump] PushManager:
[state-dump] - num pushes in flight: 0
[state-dump] - num chunks in flight: 0
[state-dump] - num chunks remaining: 0
[state-dump] - max chunks allowed: 409
[state-dump] OwnershipBasedObjectDirectory:
[state-dump] - num listeners: 0
[state-dump] - cumulative location updates: 0
[state-dump] - num location updates per second: 0.000
[state-dump] - num location lookups per second: 0.000
[state-dump] - num locations added per second: 0.000
[state-dump] - num locations removed per second: 0.000
[state-dump] BufferPool:
[state-dump] - create buffer state map size: 0
[state-dump] PullManager:
[state-dump] - num bytes available for pulled objects: 68719476736
[state-dump] - num bytes being pulled (all): 0
[state-dump] - num bytes being pulled / pinned: 0
[state-dump] - get request bundles: BundlePullRequestQueue{0 total, 0 active, 0 inactive, 0 unpullable}
[state-dump] - wait request bundles: BundlePullRequestQueue{0 total, 0 active, 0 inactive, 0 unpullable}
[state-dump] - task request bundles: BundlePullRequestQueue{0 total, 0 active, 0 inactive, 0 unpullable}
[state-dump] - first get request bundle: N/A
[state-dump] - first wait request bundle: N/A
[state-dump] - first task request bundle: N/A
[state-dump] - num objects queued: 0
[state-dump] - num objects actively pulled (all): 0
[state-dump] - num objects actively pulled / pinned: 0
[state-dump] - num bundles being pulled: 0
[state-dump] - num pull retries: 0
[state-dump] - max timeout seconds: 0
[state-dump] - max timeout request is already processed. No entry.
[state-dump] 
[state-dump] WorkerPool:
[state-dump] - registered jobs: 0
[state-dump] - process_failed_job_config_missing: 0
[state-dump] - process_failed_rate_limited: 0
[state-dump] - process_failed_pending_registration: 0
[state-dump] - process_failed_runtime_env_setup_failed: 0
[state-dump] - num PYTHON workers: 0
[state-dump] - num PYTHON drivers: 0
[state-dump] - num PYTHON pending start requests: 0
[state-dump] - num PYTHON pending registration requests: 0
[state-dump] - num object spill callbacks queued: 0
[state-dump] - num object restore queued: 0
[state-dump] - num util functions queued: 0
[state-dump] - num JAVA workers: 0
[state-dump] - num JAVA drivers: 0
[state-dump] - num JAVA pending start requests: 0
[state-dump] - num JAVA pending registration requests: 0
[state-dump] - num object spill callbacks queued: 0
[state-dump] - num object restore queued: 0
[state-dump] - num util functions queued: 0
[state-dump] - num idle workers: 0
[state-dump] TaskDependencyManager:
[state-dump] - task deps map size: 0
[state-dump] - get req map size: 0
[state-dump] - wait req map size: 0
[state-dump] - local objects map size: 0
[state-dump] WaitManager:
[state-dump] - num active wait requests: 0
[state-dump] Subscriber:
[state-dump] Channel WORKER_OBJECT_LOCATIONS_CHANNEL
[state-dump] - cumulative subscribe requests: 0
[state-dump] - cumulative unsubscribe requests: 0
[state-dump] - active subscribed publishers: 0
[state-dump] - cumulative published messages: 0
[state-dump] - cumulative processed messages: 0
[state-dump] Channel WORKER_OBJECT_EVICTION
[state-dump] - cumulative subscribe requests: 0
[state-dump] - cumulative unsubscribe requests: 0
[state-dump] - active subscribed publishers: 0
[state-dump] - cumulative published messages: 0
[state-dump] - cumulative processed messages: 0
[state-dump] Channel WORKER_REF_REMOVED_CHANNEL
[state-dump] - cumulative subscribe requests: 0
[state-dump] - cumulative unsubscribe requests: 0
[state-dump] - active subscribed publishers: 0
[state-dump] - cumulative published messages: 0
[state-dump] - cumulative processed messages: 0
[state-dump] num async plasma notifications: 0
[state-dump] Event stats:
[state-dump] Global stats: 30 total (14 active)
[state-dump] Queueing time: mean = 1.271 ms, max = 8.253 ms, min = 19.091 us, total = 38.143 ms
[state-dump] Execution time:  mean = 34.070 ms, total = 1.022 s
[state-dump] Event stats:
[state-dump] 	PeriodicalRunner.RunFnPeriodically - 12 total (2 active, 1 running), Execution time: mean = 126.660 us, total = 1.520 ms, Queueing time: mean = 3.173 ms, max = 8.253 ms, min = 19.091 us, total = 38.075 ms
[state-dump] 	NodeManager.deadline_timer.record_metrics - 1 total (1 active), Execution time: mean = 0.000 s, total = 0.000 s, Queueing time: mean = 0.000 s, max = -0.000 s, min = 9223372036.855 s, total = 0.000 s
[state-dump] 	MemoryMonitor.CheckIsMemoryUsageAboveThreshold - 1 total (1 active), Execution time: mean = 0.000 s, total = 0.000 s, Queueing time: mean = 0.000 s, max = -0.000 s, min = 9223372036.855 s, total = 0.000 s
[state-dump] 	ray::rpc::InternalKVGcsService.grpc_client.GetInternalConfig.OnReplyReceived - 1 total (0 active), Execution time: mean = 1.014 s, total = 1.014 s, Queueing time: mean = 20.561 us, max = 20.561 us, min = 20.561 us, total = 20.561 us
[state-dump] 	RayletWorkerPool.deadline_timer.kill_idle_workers - 1 total (1 active), Execution time: mean = 0.000 s, total = 0.000 s, Queueing time: mean = 0.000 s, max = -0.000 s, min = 9223372036.855 s, total = 0.000 s
[state-dump] 	ray::rpc::InternalPubSubGcsService.grpc_client.GcsSubscriberPoll - 1 total (1 active), Execution time: mean = 0.000 s, total = 0.000 s, Queueing time: mean = 0.000 s, max = -0.000 s, min = 9223372036.855 s, total = 0.000 s
[state-dump] 	NodeManager.CheckForUnexpectedWorkerDisconnects - 1 total (1 active), Execution time: mean = 0.000 s, total = 0.000 s, Queueing time: mean = 0.000 s, max = -0.000 s, min = 9223372036.855 s, total = 0.000 s
[state-dump] 	NodeManager.deadline_timer.flush_free_objects - 1 total (1 active), Execution time: mean = 0.000 s, total = 0.000 s, Queueing time: mean = 0.000 s, max = -0.000 s, min = 9223372036.855 s, total = 0.000 s
[state-dump] 	NodeManager.deadline_timer.debug_state_dump - 1 total (1 active), Execution time: mean = 0.000 s, total = 0.000 s, Queueing time: mean = 0.000 s, max = -0.000 s, min = 9223372036.855 s, total = 0.000 s
[state-dump] 	NodeManager.deadline_timer.spill_objects_when_over_threshold - 1 total (1 active), Execution time: mean = 0.000 s, total = 0.000 s, Queueing time: mean = 0.000 s, max = -0.000 s, min = 9223372036.855 s, total = 0.000 s
[state-dump] 	ObjectManager.UpdateAvailableMemory - 1 total (0 active), Execution time: mean = 1.555 us, total = 1.555 us, Queueing time: mean = 25.913 us, max = 25.913 us, min = 25.913 us, total = 25.913 us
[state-dump] 	ray::rpc::NodeInfoGcsService.grpc_client.RegisterNode.OnReplyReceived - 1 total (0 active), Execution time: mean = 180.877 us, total = 180.877 us, Queueing time: mean = 21.269 us, max = 21.269 us, min = 21.269 us, total = 21.269 us
[state-dump] 	ray::rpc::NodeInfoGcsService.grpc_client.RegisterNode - 1 total (0 active), Execution time: mean = 2.429 ms, total = 2.429 ms, Queueing time: mean = 0.000 s, max = -0.000 s, min = 9223372036.855 s, total = 0.000 s
[state-dump] 	NodeManager.ScheduleAndDispatchTasks - 1 total (1 active), Execution time: mean = 0.000 s, total = 0.000 s, Queueing time: mean = 0.000 s, max = -0.000 s, min = 9223372036.855 s, total = 0.000 s
[state-dump] 	ray::rpc::InternalPubSubGcsService.grpc_client.GcsSubscriberCommandBatch.OnReplyReceived - 1 total (1 active), Execution time: mean = 0.000 s, total = 0.000 s, Queueing time: mean = 0.000 s, max = -0.000 s, min = 9223372036.855 s, total = 0.000 s
[state-dump] 	ray::rpc::InternalPubSubGcsService.grpc_client.GcsSubscriberCommandBatch - 1 total (0 active), Execution time: mean = 867.335 us, total = 867.335 us, Queueing time: mean = 0.000 s, max = -0.000 s, min = 9223372036.855 s, total = 0.000 s
[state-dump] 	ray::rpc::InternalKVGcsService.grpc_client.GetInternalConfig - 1 total (0 active), Execution time: mean = 3.066 ms, total = 3.066 ms, Queueing time: mean = 0.000 s, max = -0.000 s, min = 9223372036.855 s, total = 0.000 s
[state-dump] 	ClusterResourceManager.ResetRemoteNodeView - 1 total (1 active), Execution time: mean = 0.000 s, total = 0.000 s, Queueing time: mean = 0.000 s, max = -0.000 s, min = 9223372036.855 s, total = 0.000 s
[state-dump] 	NodeManager.GCTaskFailureReason - 1 total (1 active), Execution time: mean = 0.000 s, total = 0.000 s, Queueing time: mean = 0.000 s, max = -0.000 s, min = 9223372036.855 s, total = 0.000 s
[state-dump] DebugString() time ms: 0
[state-dump] 
[state-dump] 
[2025-06-26 09:55:53,794 I 2240708 2240708] (raylet) accessor.cc:768: Received notification for node, IsAlive = 1 node_id=101293e85267eb0fb55fd31cc354209931d8f997995d80120ecef192
[2025-06-26 09:55:53,808 I 2240708 2240708] (raylet) worker_pool.cc:527: Started worker process with pid 2240879, the token is 0
[2025-06-26 09:55:53,810 I 2240708 2240708] (raylet) worker_pool.cc:527: Started worker process with pid 2240880, the token is 1
[2025-06-26 09:55:53,813 I 2240708 2240708] (raylet) worker_pool.cc:527: Started worker process with pid 2240881, the token is 2
[2025-06-26 09:55:53,816 I 2240708 2240708] (raylet) worker_pool.cc:527: Started worker process with pid 2240882, the token is 3
[2025-06-26 09:55:53,818 I 2240708 2240708] (raylet) worker_pool.cc:527: Started worker process with pid 2240883, the token is 4
[2025-06-26 09:55:53,820 I 2240708 2240708] (raylet) worker_pool.cc:527: Started worker process with pid 2240884, the token is 5
[2025-06-26 09:55:53,823 I 2240708 2240708] (raylet) worker_pool.cc:527: Started worker process with pid 2240885, the token is 6
[2025-06-26 09:55:53,825 I 2240708 2240708] (raylet) worker_pool.cc:527: Started worker process with pid 2240886, the token is 7
[2025-06-26 09:55:53,827 I 2240708 2240708] (raylet) worker_pool.cc:527: Started worker process with pid 2240887, the token is 8
[2025-06-26 09:55:53,829 I 2240708 2240708] (raylet) worker_pool.cc:527: Started worker process with pid 2240888, the token is 9
[2025-06-26 09:55:53,832 I 2240708 2240708] (raylet) worker_pool.cc:527: Started worker process with pid 2240889, the token is 10
[2025-06-26 09:55:53,834 I 2240708 2240708] (raylet) worker_pool.cc:527: Started worker process with pid 2240890, the token is 11
[2025-06-26 09:55:53,836 I 2240708 2240708] (raylet) worker_pool.cc:527: Started worker process with pid 2240891, the token is 12
[2025-06-26 09:55:53,839 I 2240708 2240708] (raylet) worker_pool.cc:527: Started worker process with pid 2240892, the token is 13
[2025-06-26 09:55:53,841 I 2240708 2240708] (raylet) worker_pool.cc:527: Started worker process with pid 2240893, the token is 14
[2025-06-26 09:55:53,843 I 2240708 2240708] (raylet) worker_pool.cc:527: Started worker process with pid 2240894, the token is 15
[2025-06-26 09:55:53,846 I 2240708 2240708] (raylet) worker_pool.cc:527: Started worker process with pid 2240895, the token is 16
[2025-06-26 09:55:53,848 I 2240708 2240708] (raylet) worker_pool.cc:527: Started worker process with pid 2240896, the token is 17
[2025-06-26 09:55:53,850 I 2240708 2240708] (raylet) worker_pool.cc:527: Started worker process with pid 2240897, the token is 18
[2025-06-26 09:55:53,853 I 2240708 2240708] (raylet) worker_pool.cc:527: Started worker process with pid 2240898, the token is 19
[2025-06-26 09:55:53,855 I 2240708 2240708] (raylet) worker_pool.cc:527: Started worker process with pid 2240899, the token is 20
[2025-06-26 09:55:53,858 I 2240708 2240708] (raylet) worker_pool.cc:527: Started worker process with pid 2240900, the token is 21
[2025-06-26 09:55:53,860 I 2240708 2240708] (raylet) worker_pool.cc:527: Started worker process with pid 2240901, the token is 22
[2025-06-26 09:55:53,863 I 2240708 2240708] (raylet) worker_pool.cc:527: Started worker process with pid 2240902, the token is 23
[2025-06-26 09:55:53,865 I 2240708 2240708] (raylet) worker_pool.cc:527: Started worker process with pid 2240903, the token is 24
[2025-06-26 09:55:53,868 I 2240708 2240708] (raylet) worker_pool.cc:527: Started worker process with pid 2240904, the token is 25
[2025-06-26 09:55:53,871 I 2240708 2240708] (raylet) worker_pool.cc:527: Started worker process with pid 2240905, the token is 26
[2025-06-26 09:55:53,873 I 2240708 2240708] (raylet) worker_pool.cc:527: Started worker process with pid 2240906, the token is 27
[2025-06-26 09:55:53,876 I 2240708 2240708] (raylet) worker_pool.cc:527: Started worker process with pid 2240907, the token is 28
[2025-06-26 09:55:53,879 I 2240708 2240708] (raylet) worker_pool.cc:527: Started worker process with pid 2240908, the token is 29
[2025-06-26 09:55:53,882 I 2240708 2240708] (raylet) worker_pool.cc:527: Started worker process with pid 2240909, the token is 30
[2025-06-26 09:55:53,884 I 2240708 2240708] (raylet) worker_pool.cc:527: Started worker process with pid 2240910, the token is 31
[2025-06-26 09:55:53,887 I 2240708 2240708] (raylet) worker_pool.cc:527: Started worker process with pid 2240911, the token is 32
[2025-06-26 09:55:53,890 I 2240708 2240708] (raylet) worker_pool.cc:527: Started worker process with pid 2240912, the token is 33
[2025-06-26 09:55:53,892 I 2240708 2240708] (raylet) worker_pool.cc:527: Started worker process with pid 2240913, the token is 34
[2025-06-26 09:55:53,895 I 2240708 2240708] (raylet) worker_pool.cc:527: Started worker process with pid 2240914, the token is 35
[2025-06-26 09:55:53,898 I 2240708 2240708] (raylet) worker_pool.cc:527: Started worker process with pid 2240915, the token is 36
[2025-06-26 09:55:53,901 I 2240708 2240708] (raylet) worker_pool.cc:527: Started worker process with pid 2240916, the token is 37
[2025-06-26 09:55:53,904 I 2240708 2240708] (raylet) worker_pool.cc:527: Started worker process with pid 2240917, the token is 38
[2025-06-26 09:55:53,908 I 2240708 2240708] (raylet) worker_pool.cc:527: Started worker process with pid 2240918, the token is 39
[2025-06-26 09:55:53,911 I 2240708 2240708] (raylet) worker_pool.cc:527: Started worker process with pid 2240919, the token is 40
[2025-06-26 09:55:53,915 I 2240708 2240708] (raylet) worker_pool.cc:527: Started worker process with pid 2240920, the token is 41
[2025-06-26 09:55:53,919 I 2240708 2240708] (raylet) worker_pool.cc:527: Started worker process with pid 2240921, the token is 42
[2025-06-26 09:55:53,924 I 2240708 2240708] (raylet) worker_pool.cc:527: Started worker process with pid 2240922, the token is 43
[2025-06-26 09:55:53,928 I 2240708 2240708] (raylet) worker_pool.cc:527: Started worker process with pid 2240923, the token is 44
[2025-06-26 09:55:53,933 I 2240708 2240708] (raylet) worker_pool.cc:527: Started worker process with pid 2240924, the token is 45
[2025-06-26 09:55:53,937 I 2240708 2240708] (raylet) worker_pool.cc:527: Started worker process with pid 2240925, the token is 46
[2025-06-26 09:55:53,942 I 2240708 2240708] (raylet) worker_pool.cc:527: Started worker process with pid 2240926, the token is 47
[2025-06-26 09:55:53,946 I 2240708 2240708] (raylet) worker_pool.cc:527: Started worker process with pid 2240927, the token is 48
[2025-06-26 09:55:53,951 I 2240708 2240708] (raylet) worker_pool.cc:527: Started worker process with pid 2240928, the token is 49
[2025-06-26 09:55:53,956 I 2240708 2240708] (raylet) worker_pool.cc:527: Started worker process with pid 2240929, the token is 50
[2025-06-26 09:55:53,961 I 2240708 2240708] (raylet) worker_pool.cc:527: Started worker process with pid 2240930, the token is 51
[2025-06-26 09:55:53,965 I 2240708 2240708] (raylet) worker_pool.cc:527: Started worker process with pid 2240931, the token is 52
[2025-06-26 09:55:53,970 I 2240708 2240708] (raylet) worker_pool.cc:527: Started worker process with pid 2240932, the token is 53
[2025-06-26 09:55:53,974 I 2240708 2240708] (raylet) worker_pool.cc:527: Started worker process with pid 2240933, the token is 54
[2025-06-26 09:55:53,980 I 2240708 2240708] (raylet) worker_pool.cc:527: Started worker process with pid 2240934, the token is 55
[2025-06-26 09:55:53,985 I 2240708 2240708] (raylet) worker_pool.cc:527: Started worker process with pid 2240935, the token is 56
[2025-06-26 09:55:53,989 I 2240708 2240708] (raylet) worker_pool.cc:527: Started worker process with pid 2240936, the token is 57
[2025-06-26 09:55:53,994 I 2240708 2240708] (raylet) worker_pool.cc:527: Started worker process with pid 2240937, the token is 58
[2025-06-26 09:55:53,999 I 2240708 2240708] (raylet) worker_pool.cc:527: Started worker process with pid 2240938, the token is 59
[2025-06-26 09:55:54,003 I 2240708 2240708] (raylet) worker_pool.cc:527: Started worker process with pid 2240939, the token is 60
[2025-06-26 09:55:54,008 I 2240708 2240708] (raylet) worker_pool.cc:527: Started worker process with pid 2240940, the token is 61
[2025-06-26 09:55:54,014 I 2240708 2240708] (raylet) worker_pool.cc:527: Started worker process with pid 2240941, the token is 62
[2025-06-26 09:55:54,020 I 2240708 2240708] (raylet) worker_pool.cc:527: Started worker process with pid 2240942, the token is 63
[2025-06-26 09:55:54,025 I 2240708 2240708] (raylet) worker_pool.cc:527: Started worker process with pid 2240943, the token is 64
[2025-06-26 09:55:54,030 I 2240708 2240708] (raylet) worker_pool.cc:527: Started worker process with pid 2240944, the token is 65
[2025-06-26 09:55:54,035 I 2240708 2240708] (raylet) worker_pool.cc:527: Started worker process with pid 2240945, the token is 66
[2025-06-26 09:55:54,040 I 2240708 2240708] (raylet) worker_pool.cc:527: Started worker process with pid 2240946, the token is 67
[2025-06-26 09:55:54,045 I 2240708 2240708] (raylet) worker_pool.cc:527: Started worker process with pid 2240947, the token is 68
[2025-06-26 09:55:54,051 I 2240708 2240708] (raylet) worker_pool.cc:527: Started worker process with pid 2240948, the token is 69
[2025-06-26 09:55:54,057 I 2240708 2240708] (raylet) worker_pool.cc:527: Started worker process with pid 2240949, the token is 70
[2025-06-26 09:55:54,062 I 2240708 2240708] (raylet) worker_pool.cc:527: Started worker process with pid 2240950, the token is 71
[2025-06-26 09:55:54,067 I 2240708 2240708] (raylet) worker_pool.cc:527: Started worker process with pid 2240951, the token is 72
[2025-06-26 09:55:54,072 I 2240708 2240708] (raylet) worker_pool.cc:527: Started worker process with pid 2240952, the token is 73
[2025-06-26 09:55:54,077 I 2240708 2240708] (raylet) worker_pool.cc:527: Started worker process with pid 2240953, the token is 74
[2025-06-26 09:55:54,083 I 2240708 2240708] (raylet) worker_pool.cc:527: Started worker process with pid 2240954, the token is 75
[2025-06-26 09:55:54,089 I 2240708 2240708] (raylet) worker_pool.cc:527: Started worker process with pid 2240955, the token is 76
[2025-06-26 09:55:54,094 I 2240708 2240708] (raylet) worker_pool.cc:527: Started worker process with pid 2240956, the token is 77
[2025-06-26 09:55:54,099 I 2240708 2240708] (raylet) worker_pool.cc:527: Started worker process with pid 2240957, the token is 78
[2025-06-26 09:55:54,104 I 2240708 2240708] (raylet) worker_pool.cc:527: Started worker process with pid 2240958, the token is 79
[2025-06-26 09:55:54,109 I 2240708 2240708] (raylet) worker_pool.cc:527: Started worker process with pid 2240959, the token is 80
[2025-06-26 09:55:54,115 I 2240708 2240708] (raylet) worker_pool.cc:527: Started worker process with pid 2240960, the token is 81
[2025-06-26 09:55:54,140 I 2240708 2240708] (raylet) worker_pool.cc:527: Started worker process with pid 2240964, the token is 82
[2025-06-26 09:55:54,145 I 2240708 2240708] (raylet) worker_pool.cc:527: Started worker process with pid 2240965, the token is 83
[2025-06-26 09:55:54,151 I 2240708 2240708] (raylet) worker_pool.cc:527: Started worker process with pid 2240966, the token is 84
[2025-06-26 09:55:54,156 I 2240708 2240708] (raylet) worker_pool.cc:527: Started worker process with pid 2240967, the token is 85
[2025-06-26 09:55:54,161 I 2240708 2240708] (raylet) worker_pool.cc:527: Started worker process with pid 2240974, the token is 86
[2025-06-26 09:55:54,168 I 2240708 2240708] (raylet) worker_pool.cc:527: Started worker process with pid 2240991, the token is 87
[2025-06-26 09:55:54,173 I 2240708 2240708] (raylet) worker_pool.cc:527: Started worker process with pid 2241020, the token is 88
[2025-06-26 09:55:54,180 I 2240708 2240708] (raylet) worker_pool.cc:527: Started worker process with pid 2241025, the token is 89
[2025-06-26 09:55:54,187 I 2240708 2240708] (raylet) worker_pool.cc:527: Started worker process with pid 2241032, the token is 90
[2025-06-26 09:55:54,193 I 2240708 2240708] (raylet) worker_pool.cc:527: Started worker process with pid 2241057, the token is 91
[2025-06-26 09:55:54,202 I 2240708 2240708] (raylet) worker_pool.cc:527: Started worker process with pid 2241091, the token is 92
[2025-06-26 09:55:54,211 I 2240708 2240708] (raylet) worker_pool.cc:527: Started worker process with pid 2241093, the token is 93
[2025-06-26 09:55:54,221 I 2240708 2240708] (raylet) worker_pool.cc:527: Started worker process with pid 2241120, the token is 94
[2025-06-26 09:55:54,231 I 2240708 2240708] (raylet) worker_pool.cc:527: Started worker process with pid 2241145, the token is 95
[2025-06-26 09:55:54,248 I 2240708 2240737] (raylet) object_store.cc:38: Object store current usage 8e-09 / 68.7195 GB.
[2025-06-26 09:55:54,736 I 2240708 2240708] (raylet) worker_pool.cc:724: Job 01000000 already started in worker pool.
[2025-06-26 09:55:58,985 W 2240708 2240708] (raylet) memory_monitor.cc:198: Got negative used memory for cgroup -1, setting it to zero
[2025-06-26 09:56:02,786 W 2240708 2240731] (raylet) metric_exporter.cc:105: [1] Export metrics to agent failed: RpcError: RPC Error message: failed to connect to all addresses; last error: UNKNOWN: ipv4:127.0.0.1:42826: Failed to connect to remote host: Connection refused; RPC Error details:  rpc_code: 14. This won't affect Ray, but you can lose metrics from the cluster.
[2025-06-26 09:56:03,989 W 2240708 2240708] (raylet) memory_monitor.cc:198: Got negative used memory for cgroup -1, setting it to zero
[2025-06-26 09:56:08,993 W 2240708 2240708] (raylet) memory_monitor.cc:198: Got negative used memory for cgroup -1, setting it to zero
[2025-06-26 09:56:13,996 W 2240708 2240708] (raylet) memory_monitor.cc:198: Got negative used memory for cgroup -1, setting it to zero
[2025-06-26 09:56:18,999 W 2240708 2240708] (raylet) memory_monitor.cc:198: Got negative used memory for cgroup -1, setting it to zero
[2025-06-26 09:56:24,003 W 2240708 2240708] (raylet) memory_monitor.cc:198: Got negative used memory for cgroup -1, setting it to zero
[2025-06-26 09:56:29,007 W 2240708 2240708] (raylet) memory_monitor.cc:198: Got negative used memory for cgroup -1, setting it to zero
[2025-06-26 09:56:34,010 W 2240708 2240708] (raylet) memory_monitor.cc:198: Got negative used memory for cgroup -1, setting it to zero
[2025-06-26 09:56:39,015 W 2240708 2240708] (raylet) memory_monitor.cc:198: Got negative used memory for cgroup -1, setting it to zero
[2025-06-26 09:56:44,019 W 2240708 2240708] (raylet) memory_monitor.cc:198: Got negative used memory for cgroup -1, setting it to zero
[2025-06-26 09:56:49,023 W 2240708 2240708] (raylet) memory_monitor.cc:198: Got negative used memory for cgroup -1, setting it to zero
[2025-06-26 09:56:52,775 I 2240708 2240737] (raylet) store.cc:576: Plasma store debug dump: 
Current usage: 0 / 68.7195 GB
- num bytes created total: 776
0 pending objects of total size 0MB
- objects spillable: 0
- bytes spillable: 0
- objects unsealed: 0
- bytes unsealed: 0
- objects in use: 0
- bytes in use: 0
- objects evictable: 0
- bytes evictable: 0

- objects created by worker: 0
- bytes created by worker: 0
- objects restored: 0
- bytes restored: 0
- objects received: 0
- bytes received: 0
- objects errored: 0
- bytes errored: 0

[2025-06-26 09:56:53,793 I 2240708 2240708] (raylet) node_manager.cc:450: [state-dump] NodeManager:
[state-dump] Node ID: 101293e85267eb0fb55fd31cc354209931d8f997995d80120ecef192
[state-dump] Node name: 192.168.10.101
[state-dump] InitialConfigResources: {memory: 1.97219e+11, CPU: 96, accelerator_type:G: 1, node:192.168.10.101: 1, node:__internal_head__: 1, GPU: 8, object_store_memory: 6.87195e+10}
[state-dump] ClusterTaskManager:
[state-dump] ========== Node: 101293e85267eb0fb55fd31cc354209931d8f997995d80120ecef192 =================
[state-dump] Infeasible queue length: 0
[state-dump] Schedule queue length: 0
[state-dump] Dispatch queue length: 0
[state-dump] num_waiting_for_resource: 0
[state-dump] num_waiting_for_plasma_memory: 0
[state-dump] num_waiting_for_remote_node_resources: 0
[state-dump] num_worker_not_started_by_job_config_not_exist: 0
[state-dump] num_worker_not_started_by_registration_timeout: 0
[state-dump] num_tasks_waiting_for_workers: 0
[state-dump] num_cancelled_tasks: 0
[state-dump] cluster_resource_scheduler state: 
[state-dump] Local id: 3598629304861176828 Local resources: {"total":{node:__internal_head__: [10000], CPU: [960000], memory: [1972194017280000], GPU: [10000, 10000, 10000, 10000, 10000, 10000, 10000, 10000], node:192.168.10.101: [10000], accelerator_type:G: [10000], object_store_memory: [687194767360000]}}, "available": {node:192.168.10.101: [10000], accelerator_type:G: [10000], object_store_memory: [687194767360000], memory: [1972194017280000], node:__internal_head__: [10000], CPU: [950000], GPU: [0, 10000, 10000, 10000, 10000, 10000, 10000, 10000]}}, "labels":{"ray.io/node_id":"101293e85267eb0fb55fd31cc354209931d8f997995d80120ecef192",} is_draining: 0 is_idle: 0 Cluster resources (at most 20 nodes are shown): node id: 3598629304861176828{"total":{CPU: 960000, node:__internal_head__: 10000, memory: 1972194017280000, node:192.168.10.101: 10000, accelerator_type:G: 10000, GPU: 80000, object_store_memory: 687194767360000}}, "available": {memory: 1972194017280000, CPU: 950000, accelerator_type:G: 10000, node:__internal_head__: 10000, node:192.168.10.101: 10000, GPU: 70000, object_store_memory: 687194767360000}}, "labels":{"ray.io/node_id":"101293e85267eb0fb55fd31cc354209931d8f997995d80120ecef192",}, "is_draining": 0, "draining_deadline_timestamp_ms": -1} { "placement group locations": [], "node to bundles": []}
[state-dump] Waiting tasks size: 0
[state-dump] Number of executing tasks: 0
[state-dump] Number of pinned task arguments: 0
[state-dump] Number of total spilled tasks: 0
[state-dump] Number of spilled waiting tasks: 0
[state-dump] Number of spilled unschedulable tasks: 0
[state-dump] Resource usage {
[state-dump]     - (language=PYTHON actor_or_task=XDiTWorker.__init__ pid=2240888 worker_id=c70117f42006729db8ef77af2b2e27fbaf5d8132cb73606ff516b934): {CPU: 1, GPU: 1}
[state-dump] }
[state-dump] Backlog Size per scheduling descriptor :{workerId: num backlogs}:
[state-dump] 
[state-dump] Running tasks by scheduling class:
[state-dump] ==================================================
[state-dump] 
[state-dump] ClusterResources:
[state-dump] LocalObjectManager:
[state-dump] - num pinned objects: 0
[state-dump] - pinned objects size: 0
[state-dump] - num objects pending restore: 0
[state-dump] - num objects pending spill: 0
[state-dump] - num bytes pending spill: 0
[state-dump] - num bytes currently spilled: 0
[state-dump] - cumulative spill requests: 0
[state-dump] - cumulative restore requests: 0
[state-dump] - spilled objects pending delete: 0
[state-dump] 
[state-dump] ObjectManager:
[state-dump] - num local objects: 0
[state-dump] - num unfulfilled push requests: 0
[state-dump] - num object pull requests: 0
[state-dump] - num chunks received total: 0
[state-dump] - num chunks received failed (all): 0
[state-dump] - num chunks received failed / cancelled: 0
[state-dump] - num chunks received failed / plasma error: 0
[state-dump] Event stats:
[state-dump] Global stats: 0 total (0 active)
[state-dump] Queueing time: mean = -nan s, max = -0.000 s, min = 9223372036.855 s, total = 0.000 s
[state-dump] Execution time:  mean = -nan s, total = 0.000 s
[state-dump] Event stats:
[state-dump] PushManager:
[state-dump] - num pushes in flight: 0
[state-dump] - num chunks in flight: 0
[state-dump] - num chunks remaining: 0
[state-dump] - max chunks allowed: 409
[state-dump] OwnershipBasedObjectDirectory:
[state-dump] - num listeners: 0
[state-dump] - cumulative location updates: 0
[state-dump] - num location updates per second: 0.000
[state-dump] - num location lookups per second: 0.000
[state-dump] - num locations added per second: 0.000
[state-dump] - num locations removed per second: 0.000
[state-dump] BufferPool:
[state-dump] - create buffer state map size: 0
[state-dump] PullManager:
[state-dump] - num bytes available for pulled objects: 68719476736
[state-dump] - num bytes being pulled (all): 0
[state-dump] - num bytes being pulled / pinned: 0
[state-dump] - get request bundles: BundlePullRequestQueue{0 total, 0 active, 0 inactive, 0 unpullable}
[state-dump] - wait request bundles: BundlePullRequestQueue{0 total, 0 active, 0 inactive, 0 unpullable}
[state-dump] - task request bundles: BundlePullRequestQueue{0 total, 0 active, 0 inactive, 0 unpullable}
[state-dump] - first get request bundle: N/A
[state-dump] - first wait request bundle: N/A
[state-dump] - first task request bundle: N/A
[state-dump] - num objects queued: 0
[state-dump] - num objects actively pulled (all): 0
[state-dump] - num objects actively pulled / pinned: 0
[state-dump] - num bundles being pulled: 0
[state-dump] - num pull retries: 0
[state-dump] - max timeout seconds: 0
[state-dump] - max timeout request is already processed. No entry.
[state-dump] 
[state-dump] WorkerPool:
[state-dump] - registered jobs: 1
[state-dump] - process_failed_job_config_missing: 0
[state-dump] - process_failed_rate_limited: 0
[state-dump] - process_failed_pending_registration: 0
[state-dump] - process_failed_runtime_env_setup_failed: 0
[state-dump] - num PYTHON workers: 96
[state-dump] - num PYTHON drivers: 1
[state-dump] - num PYTHON pending start requests: 0
[state-dump] - num PYTHON pending registration requests: 0
[state-dump] - num object spill callbacks queued: 0
[state-dump] - num object restore queued: 0
[state-dump] - num util functions queued: 0
[state-dump] - num JAVA workers: 0
[state-dump] - num JAVA drivers: 0
[state-dump] - num JAVA pending start requests: 0
[state-dump] - num JAVA pending registration requests: 0
[state-dump] - num object spill callbacks queued: 0
[state-dump] - num object restore queued: 0
[state-dump] - num util functions queued: 0
[state-dump] - num idle workers: 95
[state-dump] TaskDependencyManager:
[state-dump] - task deps map size: 0
[state-dump] - get req map size: 0
[state-dump] - wait req map size: 0
[state-dump] - local objects map size: 0
[state-dump] WaitManager:
[state-dump] - num active wait requests: 0
[state-dump] Subscriber:
[state-dump] Channel WORKER_OBJECT_LOCATIONS_CHANNEL
[state-dump] - cumulative subscribe requests: 0
[state-dump] - cumulative unsubscribe requests: 0
[state-dump] - active subscribed publishers: 0
[state-dump] - cumulative published messages: 0
[state-dump] - cumulative processed messages: 0
[state-dump] Channel WORKER_OBJECT_EVICTION
[state-dump] - cumulative subscribe requests: 0
[state-dump] - cumulative unsubscribe requests: 0
[state-dump] - active subscribed publishers: 0
[state-dump] - cumulative published messages: 0
[state-dump] - cumulative processed messages: 0
[state-dump] Channel WORKER_REF_REMOVED_CHANNEL
[state-dump] - cumulative subscribe requests: 0
[state-dump] - cumulative unsubscribe requests: 0
[state-dump] - active subscribed publishers: 0
[state-dump] - cumulative published messages: 0
[state-dump] - cumulative processed messages: 0
[state-dump] num async plasma notifications: 0
[state-dump] Event stats:
[state-dump] Global stats: 15587 total (112 active)
[state-dump] Queueing time: mean = 518.060 us, max = 4.609 s, min = -0.000 s, total = 8.075 s
[state-dump] Execution time:  mean = 258.239 us, total = 4.025 s
[state-dump] Event stats:
[state-dump] 	NodeManagerService.grpc_server.ReportWorkerBacklog - 5820 total (0 active), Execution time: mean = 179.276 us, total = 1.043 s, Queueing time: mean = 0.000 s, max = -0.000 s, min = 9223372036.855 s, total = 0.000 s
[state-dump] 	NodeManagerService.grpc_server.ReportWorkerBacklog.HandleRequestImpl - 5820 total (0 active), Execution time: mean = 16.728 us, total = 97.355 ms, Queueing time: mean = 27.997 us, max = 787.489 us, min = 2.217 us, total = 162.941 ms
[state-dump] 	RaySyncer.OnDemandBroadcasting - 597 total (1 active), Execution time: mean = 4.351 us, total = 2.598 ms, Queueing time: mean = 611.070 us, max = 338.452 ms, min = 12.538 us, total = 364.809 ms
[state-dump] 	NodeManager.CheckGC - 597 total (1 active), Execution time: mean = 1.552 us, total = 926.365 us, Queueing time: mean = 613.639 us, max = 338.477 ms, min = 8.573 us, total = 366.343 ms
[state-dump] 	ObjectManager.UpdateAvailableMemory - 597 total (0 active), Execution time: mean = 2.100 us, total = 1.254 ms, Queueing time: mean = 29.166 us, max = 297.325 us, min = 2.512 us, total = 17.412 ms
[state-dump] 	ClientConnection.async_read.ProcessMessageHeader - 391 total (97 active), Execution time: mean = 4.331 us, total = 1.693 ms, Queueing time: mean = 16.111 ms, max = 4.609 s, min = 9.506 us, total = 6.299 s
[state-dump] 	RayletWorkerPool.deadline_timer.kill_idle_workers - 299 total (1 active), Execution time: mean = 12.859 us, total = 3.845 ms, Queueing time: mean = 854.020 us, max = 244.970 ms, min = 8.706 us, total = 255.352 ms
[state-dump] 	ClientConnection.async_read.ProcessMessage - 294 total (0 active), Execution time: mean = 1.552 ms, total = 456.316 ms, Queueing time: mean = 17.487 us, max = 758.533 us, min = 1.947 us, total = 5.141 ms
[state-dump] 	MemoryMonitor.CheckIsMemoryUsageAboveThreshold - 240 total (1 active), Execution time: mean = 150.828 us, total = 36.199 ms, Queueing time: mean = 847.335 us, max = 194.995 ms, min = -0.000 s, total = 203.361 ms
[state-dump] 	ClientConnection.async_write.DoAsyncWrites - 98 total (0 active), Execution time: mean = 1.055 us, total = 103.421 us, Queueing time: mean = 26.861 us, max = 98.541 us, min = 12.069 us, total = 2.632 ms
[state-dump] 	NodeManagerService.grpc_server.GetSystemConfig - 97 total (0 active), Execution time: mean = 855.394 us, total = 82.973 ms, Queueing time: mean = 0.000 s, max = -0.000 s, min = 9223372036.855 s, total = 0.000 s
[state-dump] 	ObjectManager.ObjectDeleted - 97 total (0 active), Execution time: mean = 12.765 us, total = 1.238 ms, Queueing time: mean = 48.884 us, max = 259.256 us, min = 19.411 us, total = 4.742 ms
[state-dump] 	NodeManagerService.grpc_server.GetSystemConfig.HandleRequestImpl - 97 total (0 active), Execution time: mean = 38.631 us, total = 3.747 ms, Queueing time: mean = 515.315 us, max = 30.490 ms, min = 5.290 us, total = 49.986 ms
[state-dump] 	ObjectManager.ObjectAdded - 97 total (0 active), Execution time: mean = 9.539 us, total = 925.280 us, Queueing time: mean = 43.029 us, max = 624.489 us, min = 10.124 us, total = 4.174 ms
[state-dump] 	NodeManager.ScheduleAndDispatchTasks - 61 total (1 active), Execution time: mean = 8.047 us, total = 490.864 us, Queueing time: mean = 30.538 us, max = 176.794 us, min = 8.675 us, total = 1.863 ms
[state-dump] 	NodeManager.deadline_timer.spill_objects_when_over_threshold - 60 total (1 active), Execution time: mean = 2.128 us, total = 127.667 us, Queueing time: mean = 68.891 us, max = 527.886 us, min = 7.815 us, total = 4.133 ms
[state-dump] 	NodeManagerService.grpc_server.GetResourceLoad - 60 total (0 active), Execution time: mean = 4.990 ms, total = 299.416 ms, Queueing time: mean = 0.000 s, max = -0.000 s, min = 9223372036.855 s, total = 0.000 s
[state-dump] 	NodeManager.deadline_timer.flush_free_objects - 60 total (1 active), Execution time: mean = 3.438 us, total = 206.261 us, Queueing time: mean = 67.569 us, max = 527.508 us, min = 9.284 us, total = 4.054 ms
[state-dump] 	NodeManager.CheckForUnexpectedWorkerDisconnects - 60 total (1 active), Execution time: mean = 78.718 us, total = 4.723 ms, Queueing time: mean = 28.300 us, max = 65.520 us, min = 9.102 us, total = 1.698 ms
[state-dump] 	NodeManagerService.grpc_server.GetResourceLoad.HandleRequestImpl - 60 total (0 active), Execution time: mean = 78.447 us, total = 4.707 ms, Queueing time: mean = 4.702 ms, max = 280.026 ms, min = 14.493 us, total = 282.124 ms
[state-dump] 	ClusterResourceManager.ResetRemoteNodeView - 21 total (1 active), Execution time: mean = 4.188 us, total = 87.957 us, Queueing time: mean = 41.744 us, max = 252.315 us, min = 12.928 us, total = 876.617 us
[state-dump] 	PeriodicalRunner.RunFnPeriodically - 14 total (0 active), Execution time: mean = 147.731 us, total = 2.068 ms, Queueing time: mean = 2.968 ms, max = 8.253 ms, min = 19.091 us, total = 41.558 ms
[state-dump] 	NodeManager.deadline_timer.record_metrics - 12 total (1 active), Execution time: mean = 296.421 us, total = 3.557 ms, Queueing time: mean = 43.254 us, max = 202.692 us, min = 15.005 us, total = 519.043 us
[state-dump] 	NodeManager.deadline_timer.debug_state_dump - 6 total (1 active), Execution time: mean = 588.101 us, total = 3.529 ms, Queueing time: mean = 23.405 us, max = 53.382 us, min = 12.092 us, total = 140.429 us
[state-dump] 	RaySyncer.BroadcastMessage - 2 total (0 active), Execution time: mean = 70.401 us, total = 140.803 us, Queueing time: mean = 124.500 ns, max = 200.000 ns, min = 49.000 ns, total = 249.000 ns
[state-dump] 	ray::rpc::InternalPubSubGcsService.grpc_client.GcsSubscriberCommandBatch.OnReplyReceived - 2 total (0 active), Execution time: mean = 95.638 us, total = 191.277 us, Queueing time: mean = 593.930 us, max = 1.167 ms, min = 21.236 us, total = 1.188 ms
[state-dump] 	RaySyncerRegister - 2 total (0 active), Execution time: mean = 1.212 us, total = 2.424 us, Queueing time: mean = 141.500 ns, max = 234.000 ns, min = 49.000 ns, total = 283.000 ns
[state-dump] 	ray::rpc::InternalPubSubGcsService.grpc_client.GcsSubscriberCommandBatch - 2 total (0 active), Execution time: mean = 653.425 us, total = 1.307 ms, Queueing time: mean = 0.000 s, max = -0.000 s, min = 9223372036.855 s, total = 0.000 s
[state-dump] 	 - 2 total (0 active), Execution time: mean = 941.500 ns, total = 1.883 us, Queueing time: mean = 36.298 us, max = 48.464 us, min = 24.133 us, total = 72.597 us
[state-dump] 	ray::rpc::InternalPubSubGcsService.grpc_client.GcsSubscriberPoll - 2 total (1 active), Execution time: mean = 473.315 ms, total = 946.631 ms, Queueing time: mean = 0.000 s, max = -0.000 s, min = 9223372036.855 s, total = 0.000 s
[state-dump] 	ray::rpc::NodeInfoGcsService.grpc_client.RegisterNode.OnReplyReceived - 1 total (0 active), Execution time: mean = 180.877 us, total = 180.877 us, Queueing time: mean = 21.269 us, max = 21.269 us, min = 21.269 us, total = 21.269 us
[state-dump] 	NodeManager.deadline_timer.print_event_loop_stats - 1 total (1 active, 1 running), Execution time: mean = 0.000 s, total = 0.000 s, Queueing time: mean = 0.000 s, max = -0.000 s, min = 9223372036.855 s, total = 0.000 s
[state-dump] 	ray::rpc::NodeInfoGcsService.grpc_client.CheckAlive.OnReplyReceived - 1 total (0 active), Execution time: mean = 12.850 us, total = 12.850 us, Queueing time: mean = 18.767 us, max = 18.767 us, min = 18.767 us, total = 18.767 us
[state-dump] 	NodeManager.GCTaskFailureReason - 1 total (1 active), Execution time: mean = 0.000 s, total = 0.000 s, Queueing time: mean = 0.000 s, max = -0.000 s, min = 9223372036.855 s, total = 0.000 s
[state-dump] 	WorkerPool.PopWorkerCallback - 1 total (0 active), Execution time: mean = 23.166 us, total = 23.166 us, Queueing time: mean = 5.509 us, max = 5.509 us, min = 5.509 us, total = 5.509 us
[state-dump] 	Subscriber.HandlePublishedMessage_GCS_JOB_CHANNEL - 1 total (0 active), Execution time: mean = 41.263 us, total = 41.263 us, Queueing time: mean = 129.583 us, max = 129.583 us, min = 129.583 us, total = 129.583 us
[state-dump] 	NodeManagerService.grpc_server.RequestWorkerLease.HandleRequestImpl - 1 total (0 active), Execution time: mean = 101.951 us, total = 101.951 us, Queueing time: mean = 18.414 us, max = 18.414 us, min = 18.414 us, total = 18.414 us
[state-dump] 	ray::rpc::NodeInfoGcsService.grpc_client.GetAllNodeInfo - 1 total (0 active), Execution time: mean = 2.019 ms, total = 2.019 ms, Queueing time: mean = 0.000 s, max = -0.000 s, min = 9223372036.855 s, total = 0.000 s
[state-dump] 	ray::rpc::NodeInfoGcsService.grpc_client.CheckAlive - 1 total (0 active), Execution time: mean = 862.000 us, total = 862.000 us, Queueing time: mean = 0.000 s, max = -0.000 s, min = 9223372036.855 s, total = 0.000 s
[state-dump] 	NodeManager.GcsCheckAlive - 1 total (1 active), Execution time: mean = 0.000 s, total = 0.000 s, Queueing time: mean = 0.000 s, max = -0.000 s, min = 9223372036.855 s, total = 0.000 s
[state-dump] 	ray::rpc::InternalKVGcsService.grpc_client.GetInternalConfig - 1 total (0 active), Execution time: mean = 3.066 ms, total = 3.066 ms, Queueing time: mean = 0.000 s, max = -0.000 s, min = 9223372036.855 s, total = 0.000 s
[state-dump] 	ray::rpc::NodeInfoGcsService.grpc_client.RegisterNode - 1 total (0 active), Execution time: mean = 2.429 ms, total = 2.429 ms, Queueing time: mean = 0.000 s, max = -0.000 s, min = 9223372036.855 s, total = 0.000 s
[state-dump] 	ray::rpc::InternalKVGcsService.grpc_client.GetInternalConfig.OnReplyReceived - 1 total (0 active), Execution time: mean = 1.014 s, total = 1.014 s, Queueing time: mean = 20.561 us, max = 20.561 us, min = 20.561 us, total = 20.561 us
[state-dump] 	ray::rpc::JobInfoGcsService.grpc_client.GetAllJobInfo - 1 total (0 active), Execution time: mean = 1.497 ms, total = 1.497 ms, Queueing time: mean = 0.000 s, max = -0.000 s, min = 9223372036.855 s, total = 0.000 s
[state-dump] 	ray::rpc::JobInfoGcsService.grpc_client.AddJob - 1 total (0 active), Execution time: mean = 630.051 us, total = 630.051 us, Queueing time: mean = 0.000 s, max = -0.000 s, min = 9223372036.855 s, total = 0.000 s
[state-dump] 	ray::rpc::InternalPubSubGcsService.grpc_client.GcsSubscriberPoll.OnReplyReceived - 1 total (0 active), Execution time: mean = 110.600 us, total = 110.600 us, Queueing time: mean = 16.339 us, max = 16.339 us, min = 16.339 us, total = 16.339 us
[state-dump] 	ray::rpc::JobInfoGcsService.grpc_client.GetAllJobInfo.OnReplyReceived - 1 total (0 active), Execution time: mean = 10.080 us, total = 10.080 us, Queueing time: mean = 115.276 us, max = 115.276 us, min = 115.276 us, total = 115.276 us
[state-dump] 	ray::rpc::NodeInfoGcsService.grpc_client.GetAllNodeInfo.OnReplyReceived - 1 total (0 active), Execution time: mean = 108.121 us, total = 108.121 us, Queueing time: mean = 18.688 us, max = 18.688 us, min = 18.688 us, total = 18.688 us
[state-dump] 	ray::rpc::JobInfoGcsService.grpc_client.AddJob.OnReplyReceived - 1 total (0 active), Execution time: mean = 27.726 us, total = 27.726 us, Queueing time: mean = 119.974 us, max = 119.974 us, min = 119.974 us, total = 119.974 us
[state-dump] 	NodeManagerService.grpc_server.RequestWorkerLease - 1 total (0 active), Execution time: mean = 279.113 us, total = 279.113 us, Queueing time: mean = 0.000 s, max = -0.000 s, min = 9223372036.855 s, total = 0.000 s
[state-dump] DebugString() time ms: 1
[state-dump] 
[state-dump] 
[2025-06-26 09:56:54,027 W 2240708 2240708] (raylet) memory_monitor.cc:198: Got negative used memory for cgroup -1, setting it to zero
[2025-06-26 09:56:59,030 W 2240708 2240708] (raylet) memory_monitor.cc:198: Got negative used memory for cgroup -1, setting it to zero
[2025-06-26 09:57:04,033 W 2240708 2240708] (raylet) memory_monitor.cc:198: Got negative used memory for cgroup -1, setting it to zero
[2025-06-26 09:57:09,036 W 2240708 2240708] (raylet) memory_monitor.cc:198: Got negative used memory for cgroup -1, setting it to zero
[2025-06-26 09:57:14,040 W 2240708 2240708] (raylet) memory_monitor.cc:198: Got negative used memory for cgroup -1, setting it to zero
[2025-06-26 09:57:19,043 W 2240708 2240708] (raylet) memory_monitor.cc:198: Got negative used memory for cgroup -1, setting it to zero
[2025-06-26 09:57:24,046 W 2240708 2240708] (raylet) memory_monitor.cc:198: Got negative used memory for cgroup -1, setting it to zero
[2025-06-26 09:57:29,050 W 2240708 2240708] (raylet) memory_monitor.cc:198: Got negative used memory for cgroup -1, setting it to zero
[2025-06-26 09:57:34,053 W 2240708 2240708] (raylet) memory_monitor.cc:198: Got negative used memory for cgroup -1, setting it to zero
[2025-06-26 09:57:39,057 W 2240708 2240708] (raylet) memory_monitor.cc:198: Got negative used memory for cgroup -1, setting it to zero
[2025-06-26 09:57:44,060 W 2240708 2240708] (raylet) memory_monitor.cc:198: Got negative used memory for cgroup -1, setting it to zero
[2025-06-26 09:57:49,063 W 2240708 2240708] (raylet) memory_monitor.cc:198: Got negative used memory for cgroup -1, setting it to zero
[2025-06-26 09:57:52,775 I 2240708 2240737] (raylet) store.cc:576: Plasma store debug dump: 
Current usage: 0 / 68.7195 GB
- num bytes created total: 776
0 pending objects of total size 0MB
- objects spillable: 0
- bytes spillable: 0
- objects unsealed: 0
- bytes unsealed: 0
- objects in use: 0
- bytes in use: 0
- objects evictable: 0
- bytes evictable: 0

- objects created by worker: 0
- bytes created by worker: 0
- objects restored: 0
- bytes restored: 0
- objects received: 0
- bytes received: 0
- objects errored: 0
- bytes errored: 0

[2025-06-26 09:57:53,794 I 2240708 2240708] (raylet) node_manager.cc:450: [state-dump] NodeManager:
[state-dump] Node ID: 101293e85267eb0fb55fd31cc354209931d8f997995d80120ecef192
[state-dump] Node name: 192.168.10.101
[state-dump] InitialConfigResources: {memory: 1.97219e+11, CPU: 96, accelerator_type:G: 1, node:192.168.10.101: 1, node:__internal_head__: 1, GPU: 8, object_store_memory: 6.87195e+10}
[state-dump] ClusterTaskManager:
[state-dump] ========== Node: 101293e85267eb0fb55fd31cc354209931d8f997995d80120ecef192 =================
[state-dump] Infeasible queue length: 0
[state-dump] Schedule queue length: 0
[state-dump] Dispatch queue length: 0
[state-dump] num_waiting_for_resource: 0
[state-dump] num_waiting_for_plasma_memory: 0
[state-dump] num_waiting_for_remote_node_resources: 0
[state-dump] num_worker_not_started_by_job_config_not_exist: 0
[state-dump] num_worker_not_started_by_registration_timeout: 0
[state-dump] num_tasks_waiting_for_workers: 0
[state-dump] num_cancelled_tasks: 0
[state-dump] cluster_resource_scheduler state: 
[state-dump] Local id: 3598629304861176828 Local resources: {"total":{node:__internal_head__: [10000], CPU: [960000], memory: [1972194017280000], GPU: [10000, 10000, 10000, 10000, 10000, 10000, 10000, 10000], node:192.168.10.101: [10000], accelerator_type:G: [10000], object_store_memory: [687194767360000]}}, "available": {node:192.168.10.101: [10000], accelerator_type:G: [10000], object_store_memory: [687194767360000], memory: [1972194017280000], node:__internal_head__: [10000], CPU: [950000], GPU: [0, 10000, 10000, 10000, 10000, 10000, 10000, 10000]}}, "labels":{"ray.io/node_id":"101293e85267eb0fb55fd31cc354209931d8f997995d80120ecef192",} is_draining: 0 is_idle: 0 Cluster resources (at most 20 nodes are shown): node id: 3598629304861176828{"total":{CPU: 960000, node:__internal_head__: 10000, memory: 1972194017280000, node:192.168.10.101: 10000, accelerator_type:G: 10000, GPU: 80000, object_store_memory: 687194767360000}}, "available": {memory: 1972194017280000, CPU: 950000, accelerator_type:G: 10000, node:__internal_head__: 10000, node:192.168.10.101: 10000, GPU: 70000, object_store_memory: 687194767360000}}, "labels":{"ray.io/node_id":"101293e85267eb0fb55fd31cc354209931d8f997995d80120ecef192",}, "is_draining": 0, "draining_deadline_timestamp_ms": -1} { "placement group locations": [], "node to bundles": []}
[state-dump] Waiting tasks size: 0
[state-dump] Number of executing tasks: 0
[state-dump] Number of pinned task arguments: 0
[state-dump] Number of total spilled tasks: 0
[state-dump] Number of spilled waiting tasks: 0
[state-dump] Number of spilled unschedulable tasks: 0
[state-dump] Resource usage {
[state-dump]     - (language=PYTHON actor_or_task=XDiTWorker.__init__ pid=2240888 worker_id=c70117f42006729db8ef77af2b2e27fbaf5d8132cb73606ff516b934): {CPU: 1, GPU: 1}
[state-dump] }
[state-dump] Backlog Size per scheduling descriptor :{workerId: num backlogs}:
[state-dump] 
[state-dump] Running tasks by scheduling class:
[state-dump] ==================================================
[state-dump] 
[state-dump] ClusterResources:
[state-dump] LocalObjectManager:
[state-dump] - num pinned objects: 0
[state-dump] - pinned objects size: 0
[state-dump] - num objects pending restore: 0
[state-dump] - num objects pending spill: 0
[state-dump] - num bytes pending spill: 0
[state-dump] - num bytes currently spilled: 0
[state-dump] - cumulative spill requests: 0
[state-dump] - cumulative restore requests: 0
[state-dump] - spilled objects pending delete: 0
[state-dump] 
[state-dump] ObjectManager:
[state-dump] - num local objects: 0
[state-dump] - num unfulfilled push requests: 0
[state-dump] - num object pull requests: 0
[state-dump] - num chunks received total: 0
[state-dump] - num chunks received failed (all): 0
[state-dump] - num chunks received failed / cancelled: 0
[state-dump] - num chunks received failed / plasma error: 0
[state-dump] Event stats:
[state-dump] Global stats: 0 total (0 active)
[state-dump] Queueing time: mean = -nan s, max = -0.000 s, min = 9223372036.855 s, total = 0.000 s
[state-dump] Execution time:  mean = -nan s, total = 0.000 s
[state-dump] Event stats:
[state-dump] PushManager:
[state-dump] - num pushes in flight: 0
[state-dump] - num chunks in flight: 0
[state-dump] - num chunks remaining: 0
[state-dump] - max chunks allowed: 409
[state-dump] OwnershipBasedObjectDirectory:
[state-dump] - num listeners: 0
[state-dump] - cumulative location updates: 0
[state-dump] - num location updates per second: 0.000
[state-dump] - num location lookups per second: 0.000
[state-dump] - num locations added per second: 0.000
[state-dump] - num locations removed per second: 0.000
[state-dump] BufferPool:
[state-dump] - create buffer state map size: 0
[state-dump] PullManager:
[state-dump] - num bytes available for pulled objects: 68719476736
[state-dump] - num bytes being pulled (all): 0
[state-dump] - num bytes being pulled / pinned: 0
[state-dump] - get request bundles: BundlePullRequestQueue{0 total, 0 active, 0 inactive, 0 unpullable}
[state-dump] - wait request bundles: BundlePullRequestQueue{0 total, 0 active, 0 inactive, 0 unpullable}
[state-dump] - task request bundles: BundlePullRequestQueue{0 total, 0 active, 0 inactive, 0 unpullable}
[state-dump] - first get request bundle: N/A
[state-dump] - first wait request bundle: N/A
[state-dump] - first task request bundle: N/A
[state-dump] - num objects queued: 0
[state-dump] - num objects actively pulled (all): 0
[state-dump] - num objects actively pulled / pinned: 0
[state-dump] - num bundles being pulled: 0
[state-dump] - num pull retries: 0
[state-dump] - max timeout seconds: 0
[state-dump] - max timeout request is already processed. No entry.
[state-dump] 
[state-dump] WorkerPool:
[state-dump] - registered jobs: 1
[state-dump] - process_failed_job_config_missing: 0
[state-dump] - process_failed_rate_limited: 0
[state-dump] - process_failed_pending_registration: 0
[state-dump] - process_failed_runtime_env_setup_failed: 0
[state-dump] - num PYTHON workers: 96
[state-dump] - num PYTHON drivers: 1
[state-dump] - num PYTHON pending start requests: 0
[state-dump] - num PYTHON pending registration requests: 0
[state-dump] - num object spill callbacks queued: 0
[state-dump] - num object restore queued: 0
[state-dump] - num util functions queued: 0
[state-dump] - num JAVA workers: 0
[state-dump] - num JAVA drivers: 0
[state-dump] - num JAVA pending start requests: 0
[state-dump] - num JAVA pending registration requests: 0
[state-dump] - num object spill callbacks queued: 0
[state-dump] - num object restore queued: 0
[state-dump] - num util functions queued: 0
[state-dump] - num idle workers: 95
[state-dump] TaskDependencyManager:
[state-dump] - task deps map size: 0
[state-dump] - get req map size: 0
[state-dump] - wait req map size: 0
[state-dump] - local objects map size: 0
[state-dump] WaitManager:
[state-dump] - num active wait requests: 0
[state-dump] Subscriber:
[state-dump] Channel WORKER_OBJECT_LOCATIONS_CHANNEL
[state-dump] - cumulative subscribe requests: 0
[state-dump] - cumulative unsubscribe requests: 0
[state-dump] - active subscribed publishers: 0
[state-dump] - cumulative published messages: 0
[state-dump] - cumulative processed messages: 0
[state-dump] Channel WORKER_OBJECT_EVICTION
[state-dump] - cumulative subscribe requests: 0
[state-dump] - cumulative unsubscribe requests: 0
[state-dump] - active subscribed publishers: 0
[state-dump] - cumulative published messages: 0
[state-dump] - cumulative processed messages: 0
[state-dump] Channel WORKER_REF_REMOVED_CHANNEL
[state-dump] - cumulative subscribe requests: 0
[state-dump] - cumulative unsubscribe requests: 0
[state-dump] - active subscribed publishers: 0
[state-dump] - cumulative published messages: 0
[state-dump] - cumulative processed messages: 0
[state-dump] num async plasma notifications: 0
[state-dump] Event stats:
[state-dump] Global stats: 29968 total (112 active)
[state-dump] Queueing time: mean = 279.072 us, max = 4.609 s, min = -0.000 s, total = 8.363 s
[state-dump] Execution time:  mean = 175.673 us, total = 5.265 s
[state-dump] Event stats:
[state-dump] 	NodeManagerService.grpc_server.ReportWorkerBacklog - 11640 total (0 active), Execution time: mean = 180.989 us, total = 2.107 s, Queueing time: mean = 0.000 s, max = -0.000 s, min = 9223372036.855 s, total = 0.000 s
[state-dump] 	NodeManagerService.grpc_server.ReportWorkerBacklog.HandleRequestImpl - 11640 total (0 active), Execution time: mean = 16.705 us, total = 194.451 ms, Queueing time: mean = 28.681 us, max = 787.489 us, min = 1.731 us, total = 333.844 ms
[state-dump] 	RaySyncer.OnDemandBroadcasting - 1197 total (1 active), Execution time: mean = 4.388 us, total = 5.253 ms, Queueing time: mean = 329.142 us, max = 338.452 ms, min = 10.411 us, total = 393.983 ms
[state-dump] 	NodeManager.CheckGC - 1197 total (1 active), Execution time: mean = 1.638 us, total = 1.961 ms, Queueing time: mean = 331.646 us, max = 338.477 ms, min = 7.494 us, total = 396.981 ms
[state-dump] 	ObjectManager.UpdateAvailableMemory - 1197 total (0 active), Execution time: mean = 2.140 us, total = 2.562 ms, Queueing time: mean = 29.229 us, max = 297.325 us, min = 2.174 us, total = 34.987 ms
[state-dump] 	RayletWorkerPool.deadline_timer.kill_idle_workers - 599 total (1 active), Execution time: mean = 12.882 us, total = 7.716 ms, Queueing time: mean = 445.043 us, max = 244.970 ms, min = 8.706 us, total = 266.581 ms
[state-dump] 	MemoryMonitor.CheckIsMemoryUsageAboveThreshold - 479 total (1 active), Execution time: mean = 143.074 us, total = 68.533 ms, Queueing time: mean = 441.510 us, max = 194.995 ms, min = -0.000 s, total = 211.483 ms
[state-dump] 	ClientConnection.async_read.ProcessMessageHeader - 391 total (97 active), Execution time: mean = 4.331 us, total = 1.693 ms, Queueing time: mean = 16.111 ms, max = 4.609 s, min = 9.506 us, total = 6.299 s
[state-dump] 	ClientConnection.async_read.ProcessMessage - 294 total (0 active), Execution time: mean = 1.552 ms, total = 456.316 ms, Queueing time: mean = 17.487 us, max = 758.533 us, min = 1.947 us, total = 5.141 ms
[state-dump] 	NodeManager.ScheduleAndDispatchTasks - 121 total (1 active), Execution time: mean = 8.094 us, total = 979.364 us, Queueing time: mean = 31.662 us, max = 213.695 us, min = 8.675 us, total = 3.831 ms
[state-dump] 	NodeManagerService.grpc_server.GetResourceLoad.HandleRequestImpl - 120 total (0 active), Execution time: mean = 77.311 us, total = 9.277 ms, Queueing time: mean = 2.374 ms, max = 280.026 ms, min = 14.493 us, total = 284.920 ms
[state-dump] 	NodeManager.CheckForUnexpectedWorkerDisconnects - 120 total (1 active), Execution time: mean = 76.340 us, total = 9.161 ms, Queueing time: mean = 34.360 us, max = 548.881 us, min = 9.102 us, total = 4.123 ms
[state-dump] 	NodeManager.deadline_timer.spill_objects_when_over_threshold - 120 total (1 active), Execution time: mean = 1.984 us, total = 238.075 us, Queueing time: mean = 77.004 us, max = 527.886 us, min = 7.815 us, total = 9.240 ms
[state-dump] 	NodeManagerService.grpc_server.GetResourceLoad - 120 total (0 active), Execution time: mean = 2.649 ms, total = 317.840 ms, Queueing time: mean = 0.000 s, max = -0.000 s, min = 9223372036.855 s, total = 0.000 s
[state-dump] 	NodeManager.deadline_timer.flush_free_objects - 120 total (1 active), Execution time: mean = 3.142 us, total = 376.989 us, Queueing time: mean = 75.836 us, max = 527.508 us, min = 8.955 us, total = 9.100 ms
[state-dump] 	ClientConnection.async_write.DoAsyncWrites - 98 total (0 active), Execution time: mean = 1.055 us, total = 103.421 us, Queueing time: mean = 26.861 us, max = 98.541 us, min = 12.069 us, total = 2.632 ms
[state-dump] 	NodeManagerService.grpc_server.GetSystemConfig - 97 total (0 active), Execution time: mean = 855.394 us, total = 82.973 ms, Queueing time: mean = 0.000 s, max = -0.000 s, min = 9223372036.855 s, total = 0.000 s
[state-dump] 	NodeManagerService.grpc_server.GetSystemConfig.HandleRequestImpl - 97 total (0 active), Execution time: mean = 38.631 us, total = 3.747 ms, Queueing time: mean = 515.315 us, max = 30.490 ms, min = 5.290 us, total = 49.986 ms
[state-dump] 	ObjectManager.ObjectDeleted - 97 total (0 active), Execution time: mean = 12.765 us, total = 1.238 ms, Queueing time: mean = 48.884 us, max = 259.256 us, min = 19.411 us, total = 4.742 ms
[state-dump] 	ObjectManager.ObjectAdded - 97 total (0 active), Execution time: mean = 9.539 us, total = 925.280 us, Queueing time: mean = 43.029 us, max = 624.489 us, min = 10.124 us, total = 4.174 ms
[state-dump] 	ClusterResourceManager.ResetRemoteNodeView - 41 total (1 active), Execution time: mean = 4.804 us, total = 196.959 us, Queueing time: mean = 46.570 us, max = 320.001 us, min = 12.928 us, total = 1.909 ms
[state-dump] 	NodeManager.deadline_timer.record_metrics - 24 total (1 active), Execution time: mean = 289.261 us, total = 6.942 ms, Queueing time: mean = 40.630 us, max = 202.692 us, min = 12.962 us, total = 975.112 us
[state-dump] 	PeriodicalRunner.RunFnPeriodically - 14 total (0 active), Execution time: mean = 147.731 us, total = 2.068 ms, Queueing time: mean = 2.968 ms, max = 8.253 ms, min = 19.091 us, total = 41.558 ms
[state-dump] 	NodeManager.deadline_timer.debug_state_dump - 12 total (1 active), Execution time: mean = 626.230 us, total = 7.515 ms, Queueing time: mean = 22.773 us, max = 63.757 us, min = 10.646 us, total = 273.280 us
[state-dump] 	ray::rpc::NodeInfoGcsService.grpc_client.CheckAlive - 2 total (0 active), Execution time: mean = 635.818 us, total = 1.272 ms, Queueing time: mean = 0.000 s, max = -0.000 s, min = 9223372036.855 s, total = 0.000 s
[state-dump] 	RaySyncer.BroadcastMessage - 2 total (0 active), Execution time: mean = 70.401 us, total = 140.803 us, Queueing time: mean = 124.500 ns, max = 200.000 ns, min = 49.000 ns, total = 249.000 ns
[state-dump] 	NodeManager.deadline_timer.print_event_loop_stats - 2 total (1 active, 1 running), Execution time: mean = 785.878 us, total = 1.572 ms, Queueing time: mean = 25.622 us, max = 51.245 us, min = 51.245 us, total = 51.245 us
[state-dump] 	ray::rpc::NodeInfoGcsService.grpc_client.CheckAlive.OnReplyReceived - 2 total (0 active), Execution time: mean = 17.353 us, total = 34.706 us, Queueing time: mean = 17.726 us, max = 18.767 us, min = 16.685 us, total = 35.452 us
[state-dump] 	RaySyncerRegister - 2 total (0 active), Execution time: mean = 1.212 us, total = 2.424 us, Queueing time: mean = 141.500 ns, max = 234.000 ns, min = 49.000 ns, total = 283.000 ns
[state-dump] 	NodeManager.GcsCheckAlive - 2 total (1 active), Execution time: mean = 51.295 us, total = 102.590 us, Queueing time: mean = 769.178 us, max = 1.538 ms, min = 1.538 ms, total = 1.538 ms
[state-dump] 	ray::rpc::InternalPubSubGcsService.grpc_client.GcsSubscriberCommandBatch.OnReplyReceived - 2 total (0 active), Execution time: mean = 95.638 us, total = 191.277 us, Queueing time: mean = 593.930 us, max = 1.167 ms, min = 21.236 us, total = 1.188 ms
[state-dump] 	ray::rpc::InternalPubSubGcsService.grpc_client.GcsSubscriberCommandBatch - 2 total (0 active), Execution time: mean = 653.425 us, total = 1.307 ms, Queueing time: mean = 0.000 s, max = -0.000 s, min = 9223372036.855 s, total = 0.000 s
[state-dump] 	 - 2 total (0 active), Execution time: mean = 941.500 ns, total = 1.883 us, Queueing time: mean = 36.298 us, max = 48.464 us, min = 24.133 us, total = 72.597 us
[state-dump] 	ray::rpc::InternalPubSubGcsService.grpc_client.GcsSubscriberPoll - 2 total (1 active), Execution time: mean = 473.315 ms, total = 946.631 ms, Queueing time: mean = 0.000 s, max = -0.000 s, min = 9223372036.855 s, total = 0.000 s
[state-dump] 	NodeManager.GCTaskFailureReason - 1 total (1 active), Execution time: mean = 0.000 s, total = 0.000 s, Queueing time: mean = 0.000 s, max = -0.000 s, min = 9223372036.855 s, total = 0.000 s
[state-dump] 	ray::rpc::JobInfoGcsService.grpc_client.AddJob.OnReplyReceived - 1 total (0 active), Execution time: mean = 27.726 us, total = 27.726 us, Queueing time: mean = 119.974 us, max = 119.974 us, min = 119.974 us, total = 119.974 us
[state-dump] 	ray::rpc::NodeInfoGcsService.grpc_client.GetAllNodeInfo - 1 total (0 active), Execution time: mean = 2.019 ms, total = 2.019 ms, Queueing time: mean = 0.000 s, max = -0.000 s, min = 9223372036.855 s, total = 0.000 s
[state-dump] 	NodeManagerService.grpc_server.RequestWorkerLease.HandleRequestImpl - 1 total (0 active), Execution time: mean = 101.951 us, total = 101.951 us, Queueing time: mean = 18.414 us, max = 18.414 us, min = 18.414 us, total = 18.414 us
[state-dump] 	Subscriber.HandlePublishedMessage_GCS_JOB_CHANNEL - 1 total (0 active), Execution time: mean = 41.263 us, total = 41.263 us, Queueing time: mean = 129.583 us, max = 129.583 us, min = 129.583 us, total = 129.583 us
[state-dump] 	WorkerPool.PopWorkerCallback - 1 total (0 active), Execution time: mean = 23.166 us, total = 23.166 us, Queueing time: mean = 5.509 us, max = 5.509 us, min = 5.509 us, total = 5.509 us
[state-dump] 	ray::rpc::NodeInfoGcsService.grpc_client.RegisterNode.OnReplyReceived - 1 total (0 active), Execution time: mean = 180.877 us, total = 180.877 us, Queueing time: mean = 21.269 us, max = 21.269 us, min = 21.269 us, total = 21.269 us
[state-dump] 	ray::rpc::NodeInfoGcsService.grpc_client.GetAllNodeInfo.OnReplyReceived - 1 total (0 active), Execution time: mean = 108.121 us, total = 108.121 us, Queueing time: mean = 18.688 us, max = 18.688 us, min = 18.688 us, total = 18.688 us
[state-dump] 	ray::rpc::JobInfoGcsService.grpc_client.GetAllJobInfo.OnReplyReceived - 1 total (0 active), Execution time: mean = 10.080 us, total = 10.080 us, Queueing time: mean = 115.276 us, max = 115.276 us, min = 115.276 us, total = 115.276 us
[state-dump] 	ray::rpc::InternalKVGcsService.grpc_client.GetInternalConfig.OnReplyReceived - 1 total (0 active), Execution time: mean = 1.014 s, total = 1.014 s, Queueing time: mean = 20.561 us, max = 20.561 us, min = 20.561 us, total = 20.561 us
[state-dump] 	ray::rpc::InternalPubSubGcsService.grpc_client.GcsSubscriberPoll.OnReplyReceived - 1 total (0 active), Execution time: mean = 110.600 us, total = 110.600 us, Queueing time: mean = 16.339 us, max = 16.339 us, min = 16.339 us, total = 16.339 us
[state-dump] 	ray::rpc::JobInfoGcsService.grpc_client.AddJob - 1 total (0 active), Execution time: mean = 630.051 us, total = 630.051 us, Queueing time: mean = 0.000 s, max = -0.000 s, min = 9223372036.855 s, total = 0.000 s
[state-dump] 	ray::rpc::InternalKVGcsService.grpc_client.GetInternalConfig - 1 total (0 active), Execution time: mean = 3.066 ms, total = 3.066 ms, Queueing time: mean = 0.000 s, max = -0.000 s, min = 9223372036.855 s, total = 0.000 s
[state-dump] 	NodeManagerService.grpc_server.RequestWorkerLease - 1 total (0 active), Execution time: mean = 279.113 us, total = 279.113 us, Queueing time: mean = 0.000 s, max = -0.000 s, min = 9223372036.855 s, total = 0.000 s
[state-dump] 	ray::rpc::JobInfoGcsService.grpc_client.GetAllJobInfo - 1 total (0 active), Execution time: mean = 1.497 ms, total = 1.497 ms, Queueing time: mean = 0.000 s, max = -0.000 s, min = 9223372036.855 s, total = 0.000 s
[state-dump] 	ray::rpc::NodeInfoGcsService.grpc_client.RegisterNode - 1 total (0 active), Execution time: mean = 2.429 ms, total = 2.429 ms, Queueing time: mean = 0.000 s, max = -0.000 s, min = 9223372036.855 s, total = 0.000 s
[state-dump] DebugString() time ms: 0
[state-dump] 
[state-dump] 
[2025-06-26 09:57:54,067 W 2240708 2240708] (raylet) memory_monitor.cc:198: Got negative used memory for cgroup -1, setting it to zero
[2025-06-26 09:57:59,071 W 2240708 2240708] (raylet) memory_monitor.cc:198: Got negative used memory for cgroup -1, setting it to zero
[2025-06-26 09:58:04,074 W 2240708 2240708] (raylet) memory_monitor.cc:198: Got negative used memory for cgroup -1, setting it to zero
[2025-06-26 09:58:09,078 W 2240708 2240708] (raylet) memory_monitor.cc:198: Got negative used memory for cgroup -1, setting it to zero
[2025-06-26 09:58:14,081 W 2240708 2240708] (raylet) memory_monitor.cc:198: Got negative used memory for cgroup -1, setting it to zero
[2025-06-26 09:58:19,085 W 2240708 2240708] (raylet) memory_monitor.cc:198: Got negative used memory for cgroup -1, setting it to zero
[2025-06-26 09:58:24,089 W 2240708 2240708] (raylet) memory_monitor.cc:198: Got negative used memory for cgroup -1, setting it to zero
[2025-06-26 09:58:29,092 W 2240708 2240708] (raylet) memory_monitor.cc:198: Got negative used memory for cgroup -1, setting it to zero
[2025-06-26 09:58:34,096 W 2240708 2240708] (raylet) memory_monitor.cc:198: Got negative used memory for cgroup -1, setting it to zero
[2025-06-26 09:58:39,100 W 2240708 2240708] (raylet) memory_monitor.cc:198: Got negative used memory for cgroup -1, setting it to zero
[2025-06-26 09:58:40,347 I 2240708 2240708] (raylet) node_manager.cc:1523: Disconnecting client, graceful=true, disconnect_type=3, has_creation_task_exception=false worker_id=01000000ffffffffffffffffffffffffffffffffffffffffffffffff
[2025-06-26 09:58:40,348 I 2240708 2240708] (raylet) node_manager.cc:1615: Driver (pid=2240277) is disconnected. worker_id=01000000ffffffffffffffffffffffffffffffffffffffffffffffff job_id=01000000
[2025-06-26 09:58:40,350 I 2240708 2240708] (raylet) node_manager.cc:1018: The leased worker c70117f42006729db8ef77af2b2e27fbaf5d8132cb73606ff516b934 is killed because the owner process 01000000ffffffffffffffffffffffffffffffffffffffffffffffff died.
[2025-06-26 09:58:40,350 I 2240708 2240708] (raylet) worker_pool.cc:724: Job 01000000 already started in worker pool.
[2025-06-26 09:58:40,350 I 2240708 2240708] (raylet) node_manager.cc:559: The leased worker  is killed because the job 01000000 finished. worker_id=c70117f42006729db8ef77af2b2e27fbaf5d8132cb73606ff516b934
[2025-06-26 09:58:40,350 W 2240708 2240737] (raylet) store.cc:368: Disconnecting client due to connection error with code 2: End of file
[2025-06-26 09:58:40,365 I 2240708 2240708] (raylet) node_manager.cc:1523: Disconnecting client, graceful=true, disconnect_type=1, has_creation_task_exception=false worker_id=c70117f42006729db8ef77af2b2e27fbaf5d8132cb73606ff516b934
[2025-06-26 09:58:40,397 W 2240708 2240708] (raylet) node_manager.cc:567: Failed to send exit request to worker : RpcError: RPC Error message: Socket closed; RPC Error details:  rpc_code: 14. Killing it using SIGKILL instead. worker_id=c70117f42006729db8ef77af2b2e27fbaf5d8132cb73606ff516b934
[2025-06-26 09:58:40,398 W 2240708 2240737] (raylet) store.cc:368: Disconnecting client due to connection error with code 2: End of file
[2025-06-26 09:58:40,463 I 2240708 2240708] (raylet) main.cc:504: received SIGTERM. Existing local drain request = None
[2025-06-26 09:58:40,463 I 2240708 2240708] (raylet) main.cc:307: Raylet graceful shutdown triggered, reason = EXPECTED_TERMINATION, reason message = received SIGTERM
[2025-06-26 09:58:40,463 I 2240708 2240708] (raylet) main.cc:310: Shutting down...
[2025-06-26 09:58:40,463 I 2240708 2240708] (raylet) accessor.cc:518: Unregistering node node_id=101293e85267eb0fb55fd31cc354209931d8f997995d80120ecef192
[2025-06-26 09:58:40,464 I 2240708 2240708] (raylet) accessor.cc:531: Finished unregistering node info, status = OK node_id=101293e85267eb0fb55fd31cc354209931d8f997995d80120ecef192
[2025-06-26 09:58:40,464 W 2240708 2240737] (raylet) store.cc:368: Disconnecting client due to connection error with code 2: End of file
[2025-06-26 09:58:40,470 I 2240708 2240708] (raylet) agent_manager.cc:115: Killing agent dashboard_agent, pid 2240839.
[2025-06-26 09:58:40,476 I 2240708 2240840] (raylet) agent_manager.cc:82: Agent process with name dashboard_agent exited, exit code 0.
[2025-06-26 09:58:40,476 I 2240708 2240708] (raylet) agent_manager.cc:115: Killing agent runtime_env_agent, pid 2240841.
[2025-06-26 09:58:40,481 I 2240708 2240842] (raylet) agent_manager.cc:82: Agent process with name runtime_env_agent exited, exit code 0.
[2025-06-26 09:58:40,481 I 2240708 2240708] (raylet) io_service_pool.cc:48: IOServicePool is stopped.
[2025-06-26 09:58:40,525 I 2240708 2240708] (raylet) stats.h:120: Stats module has shutdown.
