[2025-06-26 10:39:05,104 I 2374531 2374531] (raylet) main.cc:226: Setting cluster ID to: dfc145d575c82fcb7812c98a3f0db6a260de2bb88fc011a17158f5f3
[2025-06-26 10:39:05,110 I 2374531 2374531] (raylet) main.cc:341: Raylet is not set to kill unknown children.
[2025-06-26 10:39:05,110 I 2374531 2374531] (raylet) io_service_pool.cc:36: IOServicePool is running with 1 io_service.
[2025-06-26 10:39:05,110 I 2374531 2374531] (raylet) main.cc:469: Setting node ID node_id=4f4296391174c36a0dcd4d79383a32712a4abc9e31626f65b78d3f17
[2025-06-26 10:39:05,110 I 2374531 2374531] (raylet) store_runner.cc:50: Allowing the Plasma store to use up to 68.7195GB of memory.
[2025-06-26 10:39:05,110 I 2374531 2374531] (raylet) store_runner.cc:66: Starting object store with directory /dev/shm, fallback /home/shuzuan/prj/ComfyUI-xDit/ray_temp/session_2025-06-26_10-39-02_486646_2373676, and huge page support disabled
[2025-06-26 10:39:05,111 I 2374531 2374563] (raylet) dlmalloc.cc:324: Setting dlmalloc config: plasma_directory=/dev/shm, fallback_directory=/home/shuzuan/prj/ComfyUI-xDit/ray_temp/session_2025-06-26_10-39-02_486646_2373676, hugepage_enabled=0, fallback_enabled=1
[2025-06-26 10:39:05,111 I 2374531 2374563] (raylet) dlmalloc.cc:153: create_and_mmap_buffer(68719476744, /dev/shm/plasmaXXXXXX)
[2025-06-26 10:39:05,111 I 2374531 2374563] (raylet) store.cc:576: Plasma store debug dump: 
Current usage: 0 / 68.7195 GB
- num bytes created total: 0
0 pending objects of total size 0MB
- objects spillable: 0
- bytes spillable: 0
- objects unsealed: 0
- bytes unsealed: 0
- objects in use: 0
- bytes in use: 0
- objects evictable: 0
- bytes evictable: 0

- objects created by worker: 0
- bytes created by worker: 0
- objects restored: 0
- bytes restored: 0
- objects received: 0
- bytes received: 0
- objects errored: 0
- bytes errored: 0

[2025-06-26 10:39:05,113 I 2374531 2374531] (raylet) grpc_server.cc:141: ObjectManager server started, listening on port 45575.
[2025-06-26 10:39:05,116 I 2374531 2374531] (raylet) worker_killing_policy.cc:107: Running GroupByOwner policy.
[2025-06-26 10:39:05,116 W 2374531 2374531] (raylet) memory_monitor.cc:198: Got negative used memory for cgroup -1, setting it to zero
[2025-06-26 10:39:05,116 I 2374531 2374531] (raylet) memory_monitor.cc:48: MemoryMonitor initialized with usage threshold at 256695140352 bytes (0.95 system memory), total system memory bytes: 270205427712
[2025-06-26 10:39:05,116 I 2374531 2374531] (raylet) node_manager.cc:227: Initializing NodeManager node_id=4f4296391174c36a0dcd4d79383a32712a4abc9e31626f65b78d3f17
[2025-06-26 10:39:05,116 I 2374531 2374531] (raylet) grpc_server.cc:141: NodeManager server started, listening on port 41105.
[2025-06-26 10:39:05,123 I 2374531 2374609] (raylet) agent_manager.cc:80: Monitor agent process with name dashboard_agent
[2025-06-26 10:39:05,124 I 2374531 2374611] (raylet) agent_manager.cc:80: Monitor agent process with name runtime_env_agent
[2025-06-26 10:39:05,124 I 2374531 2374531] (raylet) event.cc:500: Ray Event initialized for RAYLET
[2025-06-26 10:39:05,124 I 2374531 2374531] (raylet) event.cc:331: Set ray event level to warning
[2025-06-26 10:39:05,125 I 2374531 2374531] (raylet) raylet.cc:260: Raylet of id, 4f4296391174c36a0dcd4d79383a32712a4abc9e31626f65b78d3f17 started. Raylet consists of node_manager and object_manager. node_manager address: 192.168.10.101:41105 object_manager address: 192.168.10.101:45575 hostname: vm-ubuntu1
[2025-06-26 10:39:05,127 I 2374531 2374531] (raylet) node_manager.cc:450: [state-dump] NodeManager:
[state-dump] Node ID: 4f4296391174c36a0dcd4d79383a32712a4abc9e31626f65b78d3f17
[state-dump] Node name: 192.168.10.101
[state-dump] InitialConfigResources: {CPU: 96, object_store_memory: 6.87195e+10, GPU: 8, node:192.168.10.101: 1, accelerator_type:G: 1, node:__internal_head__: 1, memory: 1.7263e+11}
[state-dump] ClusterTaskManager:
[state-dump] ========== Node: 4f4296391174c36a0dcd4d79383a32712a4abc9e31626f65b78d3f17 =================
[state-dump] Infeasible queue length: 0
[state-dump] Schedule queue length: 0
[state-dump] Dispatch queue length: 0
[state-dump] num_waiting_for_resource: 0
[state-dump] num_waiting_for_plasma_memory: 0
[state-dump] num_waiting_for_remote_node_resources: 0
[state-dump] num_worker_not_started_by_job_config_not_exist: 0
[state-dump] num_worker_not_started_by_registration_timeout: 0
[state-dump] num_tasks_waiting_for_workers: 0
[state-dump] num_cancelled_tasks: 0
[state-dump] cluster_resource_scheduler state: 
[state-dump] Local id: 1995042732131894432 Local resources: {"total":{node:__internal_head__: [10000], CPU: [960000], memory: [1726301143040000], object_store_memory: [687194767360000], accelerator_type:G: [10000], node:192.168.10.101: [10000], GPU: [10000, 10000, 10000, 10000, 10000, 10000, 10000, 10000]}}, "available": {accelerator_type:G: [10000], node:192.168.10.101: [10000], GPU: [10000, 10000, 10000, 10000, 10000, 10000, 10000, 10000], CPU: [960000], node:__internal_head__: [10000], memory: [1726301143040000], object_store_memory: [687194767360000]}}, "labels":{"ray.io/node_id":"4f4296391174c36a0dcd4d79383a32712a4abc9e31626f65b78d3f17",} is_draining: 0 is_idle: 1 Cluster resources (at most 20 nodes are shown): node id: 1995042732131894432{"total":{node:__internal_head__: 10000, memory: 1726301143040000, GPU: 80000, accelerator_type:G: 10000, object_store_memory: 687194767360000, CPU: 960000, node:192.168.10.101: 10000}}, "available": {object_store_memory: 687194767360000, CPU: 960000, node:192.168.10.101: 10000, GPU: 80000, accelerator_type:G: 10000, memory: 1726301143040000, node:__internal_head__: 10000}}, "labels":{"ray.io/node_id":"4f4296391174c36a0dcd4d79383a32712a4abc9e31626f65b78d3f17",}, "is_draining": 0, "draining_deadline_timestamp_ms": -1} { "placement group locations": [], "node to bundles": []}
[state-dump] Waiting tasks size: 0
[state-dump] Number of executing tasks: 0
[state-dump] Number of pinned task arguments: 0
[state-dump] Number of total spilled tasks: 0
[state-dump] Number of spilled waiting tasks: 0
[state-dump] Number of spilled unschedulable tasks: 0
[state-dump] Resource usage {
[state-dump] }
[state-dump] Backlog Size per scheduling descriptor :{workerId: num backlogs}:
[state-dump] 
[state-dump] Running tasks by scheduling class:
[state-dump] ==================================================
[state-dump] 
[state-dump] ClusterResources:
[state-dump] LocalObjectManager:
[state-dump] - num pinned objects: 0
[state-dump] - pinned objects size: 0
[state-dump] - num objects pending restore: 0
[state-dump] - num objects pending spill: 0
[state-dump] - num bytes pending spill: 0
[state-dump] - num bytes currently spilled: 0
[state-dump] - cumulative spill requests: 0
[state-dump] - cumulative restore requests: 0
[state-dump] - spilled objects pending delete: 0
[state-dump] 
[state-dump] ObjectManager:
[state-dump] - num local objects: 0
[state-dump] - num unfulfilled push requests: 0
[state-dump] - num object pull requests: 0
[state-dump] - num chunks received total: 0
[state-dump] - num chunks received failed (all): 0
[state-dump] - num chunks received failed / cancelled: 0
[state-dump] - num chunks received failed / plasma error: 0
[state-dump] Event stats:
[state-dump] Global stats: 0 total (0 active)
[state-dump] Queueing time: mean = -nan s, max = -0.000 s, min = 9223372036.855 s, total = 0.000 s
[state-dump] Execution time:  mean = -nan s, total = 0.000 s
[state-dump] Event stats:
[state-dump] PushManager:
[state-dump] - num pushes in flight: 0
[state-dump] - num chunks in flight: 0
[state-dump] - num chunks remaining: 0
[state-dump] - max chunks allowed: 409
[state-dump] OwnershipBasedObjectDirectory:
[state-dump] - num listeners: 0
[state-dump] - cumulative location updates: 0
[state-dump] - num location updates per second: 0.000
[state-dump] - num location lookups per second: 0.000
[state-dump] - num locations added per second: 0.000
[state-dump] - num locations removed per second: 0.000
[state-dump] BufferPool:
[state-dump] - create buffer state map size: 0
[state-dump] PullManager:
[state-dump] - num bytes available for pulled objects: 68719476736
[state-dump] - num bytes being pulled (all): 0
[state-dump] - num bytes being pulled / pinned: 0
[state-dump] - get request bundles: BundlePullRequestQueue{0 total, 0 active, 0 inactive, 0 unpullable}
[state-dump] - wait request bundles: BundlePullRequestQueue{0 total, 0 active, 0 inactive, 0 unpullable}
[state-dump] - task request bundles: BundlePullRequestQueue{0 total, 0 active, 0 inactive, 0 unpullable}
[state-dump] - first get request bundle: N/A
[state-dump] - first wait request bundle: N/A
[state-dump] - first task request bundle: N/A
[state-dump] - num objects queued: 0
[state-dump] - num objects actively pulled (all): 0
[state-dump] - num objects actively pulled / pinned: 0
[state-dump] - num bundles being pulled: 0
[state-dump] - num pull retries: 0
[state-dump] - max timeout seconds: 0
[state-dump] - max timeout request is already processed. No entry.
[state-dump] 
[state-dump] WorkerPool:
[state-dump] - registered jobs: 0
[state-dump] - process_failed_job_config_missing: 0
[state-dump] - process_failed_rate_limited: 0
[state-dump] - process_failed_pending_registration: 0
[state-dump] - process_failed_runtime_env_setup_failed: 0
[state-dump] - num PYTHON workers: 0
[state-dump] - num PYTHON drivers: 0
[state-dump] - num PYTHON pending start requests: 0
[state-dump] - num PYTHON pending registration requests: 0
[state-dump] - num object spill callbacks queued: 0
[state-dump] - num object restore queued: 0
[state-dump] - num util functions queued: 0
[state-dump] - num JAVA workers: 0
[state-dump] - num JAVA drivers: 0
[state-dump] - num JAVA pending start requests: 0
[state-dump] - num JAVA pending registration requests: 0
[state-dump] - num object spill callbacks queued: 0
[state-dump] - num object restore queued: 0
[state-dump] - num util functions queued: 0
[state-dump] - num idle workers: 0
[state-dump] TaskDependencyManager:
[state-dump] - task deps map size: 0
[state-dump] - get req map size: 0
[state-dump] - wait req map size: 0
[state-dump] - local objects map size: 0
[state-dump] WaitManager:
[state-dump] - num active wait requests: 0
[state-dump] Subscriber:
[state-dump] Channel WORKER_OBJECT_LOCATIONS_CHANNEL
[state-dump] - cumulative subscribe requests: 0
[state-dump] - cumulative unsubscribe requests: 0
[state-dump] - active subscribed publishers: 0
[state-dump] - cumulative published messages: 0
[state-dump] - cumulative processed messages: 0
[state-dump] Channel WORKER_REF_REMOVED_CHANNEL
[state-dump] - cumulative subscribe requests: 0
[state-dump] - cumulative unsubscribe requests: 0
[state-dump] - active subscribed publishers: 0
[state-dump] - cumulative published messages: 0
[state-dump] - cumulative processed messages: 0
[state-dump] Channel WORKER_OBJECT_EVICTION
[state-dump] - cumulative subscribe requests: 0
[state-dump] - cumulative unsubscribe requests: 0
[state-dump] - active subscribed publishers: 0
[state-dump] - cumulative published messages: 0
[state-dump] - cumulative processed messages: 0
[state-dump] num async plasma notifications: 0
[state-dump] Event stats:
[state-dump] Global stats: 29 total (14 active)
[state-dump] Queueing time: mean = 1.391 ms, max = 8.707 ms, min = 18.969 us, total = 40.330 ms
[state-dump] Execution time:  mean = 664.865 us, total = 19.281 ms
[state-dump] Event stats:
[state-dump] 	PeriodicalRunner.RunFnPeriodically - 12 total (2 active, 1 running), Execution time: mean = 135.331 us, total = 1.624 ms, Queueing time: mean = 3.357 ms, max = 8.707 ms, min = 29.385 us, total = 40.290 ms
[state-dump] 	NodeManager.CheckForUnexpectedWorkerDisconnects - 1 total (1 active), Execution time: mean = 0.000 s, total = 0.000 s, Queueing time: mean = 0.000 s, max = -0.000 s, min = 9223372036.855 s, total = 0.000 s
[state-dump] 	ray::rpc::NodeInfoGcsService.grpc_client.RegisterNode.OnReplyReceived - 1 total (0 active), Execution time: mean = 242.409 us, total = 242.409 us, Queueing time: mean = 21.828 us, max = 21.828 us, min = 21.828 us, total = 21.828 us
[state-dump] 	NodeManager.deadline_timer.debug_state_dump - 1 total (1 active), Execution time: mean = 0.000 s, total = 0.000 s, Queueing time: mean = 0.000 s, max = -0.000 s, min = 9223372036.855 s, total = 0.000 s
[state-dump] 	ray::rpc::InternalKVGcsService.grpc_client.GetInternalConfig.OnReplyReceived - 1 total (0 active), Execution time: mean = 14.661 ms, total = 14.661 ms, Queueing time: mean = 18.969 us, max = 18.969 us, min = 18.969 us, total = 18.969 us
[state-dump] 	ray::rpc::InternalKVGcsService.grpc_client.GetInternalConfig - 1 total (0 active), Execution time: mean = 1.004 ms, total = 1.004 ms, Queueing time: mean = 0.000 s, max = -0.000 s, min = 9223372036.855 s, total = 0.000 s
[state-dump] 	ray::rpc::InternalPubSubGcsService.grpc_client.GcsSubscriberCommandBatch - 1 total (0 active), Execution time: mean = 643.500 us, total = 643.500 us, Queueing time: mean = 0.000 s, max = -0.000 s, min = 9223372036.855 s, total = 0.000 s
[state-dump] 	MemoryMonitor.CheckIsMemoryUsageAboveThreshold - 1 total (1 active), Execution time: mean = 0.000 s, total = 0.000 s, Queueing time: mean = 0.000 s, max = -0.000 s, min = 9223372036.855 s, total = 0.000 s
[state-dump] 	NodeManager.deadline_timer.flush_free_objects - 1 total (1 active), Execution time: mean = 0.000 s, total = 0.000 s, Queueing time: mean = 0.000 s, max = -0.000 s, min = 9223372036.855 s, total = 0.000 s
[state-dump] 	ray::rpc::NodeInfoGcsService.grpc_client.RegisterNode - 1 total (0 active), Execution time: mean = 1.106 ms, total = 1.106 ms, Queueing time: mean = 0.000 s, max = -0.000 s, min = 9223372036.855 s, total = 0.000 s
[state-dump] 	NodeManager.GCTaskFailureReason - 1 total (1 active), Execution time: mean = 0.000 s, total = 0.000 s, Queueing time: mean = 0.000 s, max = -0.000 s, min = 9223372036.855 s, total = 0.000 s
[state-dump] 	ClusterResourceManager.ResetRemoteNodeView - 1 total (1 active), Execution time: mean = 0.000 s, total = 0.000 s, Queueing time: mean = 0.000 s, max = -0.000 s, min = 9223372036.855 s, total = 0.000 s
[state-dump] 	ray::rpc::InternalPubSubGcsService.grpc_client.GcsSubscriberPoll - 1 total (1 active), Execution time: mean = 0.000 s, total = 0.000 s, Queueing time: mean = 0.000 s, max = -0.000 s, min = 9223372036.855 s, total = 0.000 s
[state-dump] 	NodeManager.ScheduleAndDispatchTasks - 1 total (1 active), Execution time: mean = 0.000 s, total = 0.000 s, Queueing time: mean = 0.000 s, max = -0.000 s, min = 9223372036.855 s, total = 0.000 s
[state-dump] 	NodeManager.deadline_timer.record_metrics - 1 total (1 active), Execution time: mean = 0.000 s, total = 0.000 s, Queueing time: mean = 0.000 s, max = -0.000 s, min = 9223372036.855 s, total = 0.000 s
[state-dump] 	ray::rpc::InternalPubSubGcsService.grpc_client.GcsSubscriberCommandBatch.OnReplyReceived - 1 total (1 active), Execution time: mean = 0.000 s, total = 0.000 s, Queueing time: mean = 0.000 s, max = -0.000 s, min = 9223372036.855 s, total = 0.000 s
[state-dump] 	NodeManager.deadline_timer.spill_objects_when_over_threshold - 1 total (1 active), Execution time: mean = 0.000 s, total = 0.000 s, Queueing time: mean = 0.000 s, max = -0.000 s, min = 9223372036.855 s, total = 0.000 s
[state-dump] 	RayletWorkerPool.deadline_timer.kill_idle_workers - 1 total (1 active), Execution time: mean = 0.000 s, total = 0.000 s, Queueing time: mean = 0.000 s, max = -0.000 s, min = 9223372036.855 s, total = 0.000 s
[state-dump] DebugString() time ms: 1
[state-dump] 
[state-dump] 
[2025-06-26 10:39:05,128 I 2374531 2374531] (raylet) accessor.cc:768: Received notification for node, IsAlive = 1 node_id=4f4296391174c36a0dcd4d79383a32712a4abc9e31626f65b78d3f17
[2025-06-26 10:39:05,541 I 2374531 2374531] (raylet) worker_pool.cc:527: Started worker process with pid 2374713, the token is 0
[2025-06-26 10:39:05,543 I 2374531 2374531] (raylet) worker_pool.cc:527: Started worker process with pid 2374714, the token is 1
[2025-06-26 10:39:05,546 I 2374531 2374531] (raylet) worker_pool.cc:527: Started worker process with pid 2374715, the token is 2
[2025-06-26 10:39:05,549 I 2374531 2374531] (raylet) worker_pool.cc:527: Started worker process with pid 2374716, the token is 3
[2025-06-26 10:39:05,551 I 2374531 2374531] (raylet) worker_pool.cc:527: Started worker process with pid 2374717, the token is 4
[2025-06-26 10:39:05,554 I 2374531 2374531] (raylet) worker_pool.cc:527: Started worker process with pid 2374718, the token is 5
[2025-06-26 10:39:05,556 I 2374531 2374531] (raylet) worker_pool.cc:527: Started worker process with pid 2374719, the token is 6
[2025-06-26 10:39:05,558 I 2374531 2374531] (raylet) worker_pool.cc:527: Started worker process with pid 2374720, the token is 7
[2025-06-26 10:39:05,561 I 2374531 2374531] (raylet) worker_pool.cc:527: Started worker process with pid 2374721, the token is 8
[2025-06-26 10:39:05,563 I 2374531 2374531] (raylet) worker_pool.cc:527: Started worker process with pid 2374722, the token is 9
[2025-06-26 10:39:05,566 I 2374531 2374531] (raylet) worker_pool.cc:527: Started worker process with pid 2374723, the token is 10
[2025-06-26 10:39:05,568 I 2374531 2374531] (raylet) worker_pool.cc:527: Started worker process with pid 2374724, the token is 11
[2025-06-26 10:39:05,571 I 2374531 2374531] (raylet) worker_pool.cc:527: Started worker process with pid 2374725, the token is 12
[2025-06-26 10:39:05,573 I 2374531 2374531] (raylet) worker_pool.cc:527: Started worker process with pid 2374726, the token is 13
[2025-06-26 10:39:05,576 I 2374531 2374531] (raylet) worker_pool.cc:527: Started worker process with pid 2374727, the token is 14
[2025-06-26 10:39:05,578 I 2374531 2374531] (raylet) worker_pool.cc:527: Started worker process with pid 2374728, the token is 15
[2025-06-26 10:39:05,581 I 2374531 2374531] (raylet) worker_pool.cc:527: Started worker process with pid 2374729, the token is 16
[2025-06-26 10:39:05,584 I 2374531 2374531] (raylet) worker_pool.cc:527: Started worker process with pid 2374730, the token is 17
[2025-06-26 10:39:05,586 I 2374531 2374531] (raylet) worker_pool.cc:527: Started worker process with pid 2374731, the token is 18
[2025-06-26 10:39:05,589 I 2374531 2374531] (raylet) worker_pool.cc:527: Started worker process with pid 2374732, the token is 19
[2025-06-26 10:39:05,591 I 2374531 2374531] (raylet) worker_pool.cc:527: Started worker process with pid 2374733, the token is 20
[2025-06-26 10:39:05,594 I 2374531 2374531] (raylet) worker_pool.cc:527: Started worker process with pid 2374734, the token is 21
[2025-06-26 10:39:05,596 I 2374531 2374531] (raylet) worker_pool.cc:527: Started worker process with pid 2374735, the token is 22
[2025-06-26 10:39:05,599 I 2374531 2374531] (raylet) worker_pool.cc:527: Started worker process with pid 2374736, the token is 23
[2025-06-26 10:39:05,601 I 2374531 2374531] (raylet) worker_pool.cc:527: Started worker process with pid 2374737, the token is 24
[2025-06-26 10:39:05,604 I 2374531 2374531] (raylet) worker_pool.cc:527: Started worker process with pid 2374738, the token is 25
[2025-06-26 10:39:05,607 I 2374531 2374531] (raylet) worker_pool.cc:527: Started worker process with pid 2374739, the token is 26
[2025-06-26 10:39:05,610 I 2374531 2374531] (raylet) worker_pool.cc:527: Started worker process with pid 2374740, the token is 27
[2025-06-26 10:39:05,613 I 2374531 2374531] (raylet) worker_pool.cc:527: Started worker process with pid 2374741, the token is 28
[2025-06-26 10:39:05,616 I 2374531 2374531] (raylet) worker_pool.cc:527: Started worker process with pid 2374742, the token is 29
[2025-06-26 10:39:05,619 I 2374531 2374531] (raylet) worker_pool.cc:527: Started worker process with pid 2374743, the token is 30
[2025-06-26 10:39:05,623 I 2374531 2374531] (raylet) worker_pool.cc:527: Started worker process with pid 2374744, the token is 31
[2025-06-26 10:39:05,626 I 2374531 2374531] (raylet) worker_pool.cc:527: Started worker process with pid 2374745, the token is 32
[2025-06-26 10:39:05,629 I 2374531 2374531] (raylet) worker_pool.cc:527: Started worker process with pid 2374746, the token is 33
[2025-06-26 10:39:05,632 I 2374531 2374531] (raylet) worker_pool.cc:527: Started worker process with pid 2374747, the token is 34
[2025-06-26 10:39:05,635 I 2374531 2374531] (raylet) worker_pool.cc:527: Started worker process with pid 2374748, the token is 35
[2025-06-26 10:39:05,638 I 2374531 2374531] (raylet) worker_pool.cc:527: Started worker process with pid 2374749, the token is 36
[2025-06-26 10:39:05,641 I 2374531 2374531] (raylet) worker_pool.cc:527: Started worker process with pid 2374750, the token is 37
[2025-06-26 10:39:05,644 I 2374531 2374531] (raylet) worker_pool.cc:527: Started worker process with pid 2374751, the token is 38
[2025-06-26 10:39:05,647 I 2374531 2374531] (raylet) worker_pool.cc:527: Started worker process with pid 2374752, the token is 39
[2025-06-26 10:39:05,650 I 2374531 2374531] (raylet) worker_pool.cc:527: Started worker process with pid 2374753, the token is 40
[2025-06-26 10:39:05,653 I 2374531 2374531] (raylet) worker_pool.cc:527: Started worker process with pid 2374754, the token is 41
[2025-06-26 10:39:05,657 I 2374531 2374531] (raylet) worker_pool.cc:527: Started worker process with pid 2374755, the token is 42
[2025-06-26 10:39:05,660 I 2374531 2374531] (raylet) worker_pool.cc:527: Started worker process with pid 2374757, the token is 43
[2025-06-26 10:39:05,663 I 2374531 2374531] (raylet) worker_pool.cc:527: Started worker process with pid 2374758, the token is 44
[2025-06-26 10:39:05,666 I 2374531 2374531] (raylet) worker_pool.cc:527: Started worker process with pid 2374759, the token is 45
[2025-06-26 10:39:05,669 I 2374531 2374531] (raylet) worker_pool.cc:527: Started worker process with pid 2374760, the token is 46
[2025-06-26 10:39:05,672 I 2374531 2374531] (raylet) worker_pool.cc:527: Started worker process with pid 2374761, the token is 47
[2025-06-26 10:39:05,676 I 2374531 2374531] (raylet) worker_pool.cc:527: Started worker process with pid 2374762, the token is 48
[2025-06-26 10:39:05,679 I 2374531 2374531] (raylet) worker_pool.cc:527: Started worker process with pid 2374763, the token is 49
[2025-06-26 10:39:05,682 I 2374531 2374531] (raylet) worker_pool.cc:527: Started worker process with pid 2374764, the token is 50
[2025-06-26 10:39:05,686 I 2374531 2374531] (raylet) worker_pool.cc:527: Started worker process with pid 2374765, the token is 51
[2025-06-26 10:39:05,689 I 2374531 2374531] (raylet) worker_pool.cc:527: Started worker process with pid 2374766, the token is 52
[2025-06-26 10:39:05,692 I 2374531 2374531] (raylet) worker_pool.cc:527: Started worker process with pid 2374767, the token is 53
[2025-06-26 10:39:05,695 I 2374531 2374531] (raylet) worker_pool.cc:527: Started worker process with pid 2374768, the token is 54
[2025-06-26 10:39:05,699 I 2374531 2374531] (raylet) worker_pool.cc:527: Started worker process with pid 2374769, the token is 55
[2025-06-26 10:39:05,702 I 2374531 2374531] (raylet) worker_pool.cc:527: Started worker process with pid 2374770, the token is 56
[2025-06-26 10:39:05,706 I 2374531 2374531] (raylet) worker_pool.cc:527: Started worker process with pid 2374771, the token is 57
[2025-06-26 10:39:05,709 I 2374531 2374531] (raylet) worker_pool.cc:527: Started worker process with pid 2374772, the token is 58
[2025-06-26 10:39:05,713 I 2374531 2374531] (raylet) worker_pool.cc:527: Started worker process with pid 2374773, the token is 59
[2025-06-26 10:39:05,716 I 2374531 2374531] (raylet) worker_pool.cc:527: Started worker process with pid 2374774, the token is 60
[2025-06-26 10:39:05,720 I 2374531 2374531] (raylet) worker_pool.cc:527: Started worker process with pid 2374775, the token is 61
[2025-06-26 10:39:05,723 I 2374531 2374531] (raylet) worker_pool.cc:527: Started worker process with pid 2374776, the token is 62
[2025-06-26 10:39:05,727 I 2374531 2374531] (raylet) worker_pool.cc:527: Started worker process with pid 2374777, the token is 63
[2025-06-26 10:39:05,730 I 2374531 2374531] (raylet) worker_pool.cc:527: Started worker process with pid 2374778, the token is 64
[2025-06-26 10:39:05,734 I 2374531 2374531] (raylet) worker_pool.cc:527: Started worker process with pid 2374779, the token is 65
[2025-06-26 10:39:05,738 I 2374531 2374531] (raylet) worker_pool.cc:527: Started worker process with pid 2374780, the token is 66
[2025-06-26 10:39:05,742 I 2374531 2374531] (raylet) worker_pool.cc:527: Started worker process with pid 2374781, the token is 67
[2025-06-26 10:39:05,745 I 2374531 2374531] (raylet) worker_pool.cc:527: Started worker process with pid 2374782, the token is 68
[2025-06-26 10:39:05,749 I 2374531 2374531] (raylet) worker_pool.cc:527: Started worker process with pid 2374783, the token is 69
[2025-06-26 10:39:05,754 I 2374531 2374531] (raylet) worker_pool.cc:527: Started worker process with pid 2374784, the token is 70
[2025-06-26 10:39:05,757 I 2374531 2374531] (raylet) worker_pool.cc:527: Started worker process with pid 2374785, the token is 71
[2025-06-26 10:39:05,762 I 2374531 2374531] (raylet) worker_pool.cc:527: Started worker process with pid 2374786, the token is 72
[2025-06-26 10:39:05,766 I 2374531 2374531] (raylet) worker_pool.cc:527: Started worker process with pid 2374787, the token is 73
[2025-06-26 10:39:05,769 I 2374531 2374531] (raylet) worker_pool.cc:527: Started worker process with pid 2374788, the token is 74
[2025-06-26 10:39:05,774 I 2374531 2374531] (raylet) worker_pool.cc:527: Started worker process with pid 2374789, the token is 75
[2025-06-26 10:39:05,779 I 2374531 2374531] (raylet) worker_pool.cc:527: Started worker process with pid 2374790, the token is 76
[2025-06-26 10:39:05,785 I 2374531 2374531] (raylet) worker_pool.cc:527: Started worker process with pid 2374791, the token is 77
[2025-06-26 10:39:05,790 I 2374531 2374531] (raylet) worker_pool.cc:527: Started worker process with pid 2374792, the token is 78
[2025-06-26 10:39:05,796 I 2374531 2374531] (raylet) worker_pool.cc:527: Started worker process with pid 2374793, the token is 79
[2025-06-26 10:39:05,802 I 2374531 2374531] (raylet) worker_pool.cc:527: Started worker process with pid 2374796, the token is 80
[2025-06-26 10:39:05,808 I 2374531 2374531] (raylet) worker_pool.cc:527: Started worker process with pid 2374797, the token is 81
[2025-06-26 10:39:05,830 I 2374531 2374531] (raylet) worker_pool.cc:527: Started worker process with pid 2374799, the token is 82
[2025-06-26 10:39:05,836 I 2374531 2374531] (raylet) worker_pool.cc:527: Started worker process with pid 2374802, the token is 83
[2025-06-26 10:39:05,842 I 2374531 2374531] (raylet) worker_pool.cc:527: Started worker process with pid 2374803, the token is 84
[2025-06-26 10:39:05,848 I 2374531 2374531] (raylet) worker_pool.cc:527: Started worker process with pid 2374804, the token is 85
[2025-06-26 10:39:05,853 I 2374531 2374531] (raylet) worker_pool.cc:527: Started worker process with pid 2374806, the token is 86
[2025-06-26 10:39:05,858 I 2374531 2374531] (raylet) worker_pool.cc:527: Started worker process with pid 2374807, the token is 87
[2025-06-26 10:39:05,865 I 2374531 2374531] (raylet) worker_pool.cc:527: Started worker process with pid 2374808, the token is 88
[2025-06-26 10:39:05,871 I 2374531 2374531] (raylet) worker_pool.cc:527: Started worker process with pid 2374809, the token is 89
[2025-06-26 10:39:05,877 I 2374531 2374531] (raylet) worker_pool.cc:527: Started worker process with pid 2374811, the token is 90
[2025-06-26 10:39:05,883 I 2374531 2374531] (raylet) worker_pool.cc:527: Started worker process with pid 2374812, the token is 91
[2025-06-26 10:39:05,889 I 2374531 2374531] (raylet) worker_pool.cc:527: Started worker process with pid 2374819, the token is 92
[2025-06-26 10:39:05,894 I 2374531 2374531] (raylet) worker_pool.cc:527: Started worker process with pid 2374835, the token is 93
[2025-06-26 10:39:05,901 I 2374531 2374531] (raylet) worker_pool.cc:527: Started worker process with pid 2374852, the token is 94
[2025-06-26 10:39:05,907 I 2374531 2374531] (raylet) worker_pool.cc:527: Started worker process with pid 2374898, the token is 95
[2025-06-26 10:39:05,943 I 2374531 2374563] (raylet) object_store.cc:38: Object store current usage 8e-09 / 68.7195 GB.
[2025-06-26 10:39:06,428 I 2374531 2374531] (raylet) worker_pool.cc:724: Job 01000000 already started in worker pool.
[2025-06-26 10:39:10,160 W 2374531 2374531] (raylet) memory_monitor.cc:198: Got negative used memory for cgroup -1, setting it to zero
[2025-06-26 10:39:15,120 W 2374531 2374557] (raylet) metric_exporter.cc:105: [1] Export metrics to agent failed: RpcError: RPC Error message: failed to connect to all addresses; last error: UNKNOWN: ipv4:127.0.0.1:45270: Failed to connect to remote host: Connection refused; RPC Error details:  rpc_code: 14. This won't affect Ray, but you can lose metrics from the cluster.
[2025-06-26 10:39:15,164 W 2374531 2374531] (raylet) memory_monitor.cc:198: Got negative used memory for cgroup -1, setting it to zero
[2025-06-26 10:39:20,168 W 2374531 2374531] (raylet) memory_monitor.cc:198: Got negative used memory for cgroup -1, setting it to zero
[2025-06-26 10:39:25,171 W 2374531 2374531] (raylet) memory_monitor.cc:198: Got negative used memory for cgroup -1, setting it to zero
[2025-06-26 10:39:30,175 W 2374531 2374531] (raylet) memory_monitor.cc:198: Got negative used memory for cgroup -1, setting it to zero
[2025-06-26 10:39:35,178 W 2374531 2374531] (raylet) memory_monitor.cc:198: Got negative used memory for cgroup -1, setting it to zero
[2025-06-26 10:39:40,181 W 2374531 2374531] (raylet) memory_monitor.cc:198: Got negative used memory for cgroup -1, setting it to zero
[2025-06-26 10:39:45,184 W 2374531 2374531] (raylet) memory_monitor.cc:198: Got negative used memory for cgroup -1, setting it to zero
[2025-06-26 10:39:47,833 I 2374531 2374531] (raylet) local_resource_manager.cc:288: Object store memory is idle.
[2025-06-26 10:39:50,187 W 2374531 2374531] (raylet) memory_monitor.cc:198: Got negative used memory for cgroup -1, setting it to zero
[2025-06-26 10:39:55,189 W 2374531 2374531] (raylet) memory_monitor.cc:198: Got negative used memory for cgroup -1, setting it to zero
[2025-06-26 10:40:00,192 W 2374531 2374531] (raylet) memory_monitor.cc:198: Got negative used memory for cgroup -1, setting it to zero
[2025-06-26 10:40:05,111 I 2374531 2374563] (raylet) store.cc:576: Plasma store debug dump: 
Current usage: 0 / 68.7195 GB
- num bytes created total: 8659708
0 pending objects of total size 0MB
- objects spillable: 0
- bytes spillable: 0
- objects unsealed: 0
- bytes unsealed: 0
- objects in use: 0
- bytes in use: 0
- objects evictable: 0
- bytes evictable: 0

- objects created by worker: 0
- bytes created by worker: 0
- objects restored: 0
- bytes restored: 0
- objects received: 0
- bytes received: 0
- objects errored: 0
- bytes errored: 0

[2025-06-26 10:40:05,128 I 2374531 2374531] (raylet) node_manager.cc:450: [state-dump] NodeManager:
[state-dump] Node ID: 4f4296391174c36a0dcd4d79383a32712a4abc9e31626f65b78d3f17
[state-dump] Node name: 192.168.10.101
[state-dump] InitialConfigResources: {CPU: 96, object_store_memory: 6.87195e+10, GPU: 8, node:192.168.10.101: 1, accelerator_type:G: 1, node:__internal_head__: 1, memory: 1.7263e+11}
[state-dump] ClusterTaskManager:
[state-dump] ========== Node: 4f4296391174c36a0dcd4d79383a32712a4abc9e31626f65b78d3f17 =================
[state-dump] Infeasible queue length: 0
[state-dump] Schedule queue length: 0
[state-dump] Dispatch queue length: 0
[state-dump] num_waiting_for_resource: 0
[state-dump] num_waiting_for_plasma_memory: 0
[state-dump] num_waiting_for_remote_node_resources: 0
[state-dump] num_worker_not_started_by_job_config_not_exist: 0
[state-dump] num_worker_not_started_by_registration_timeout: 0
[state-dump] num_tasks_waiting_for_workers: 0
[state-dump] num_cancelled_tasks: 0
[state-dump] cluster_resource_scheduler state: 
[state-dump] Local id: 1995042732131894432 Local resources: {"total":{node:__internal_head__: [10000], CPU: [960000], memory: [1726301143040000], object_store_memory: [687194767360000], accelerator_type:G: [10000], node:192.168.10.101: [10000], GPU: [10000, 10000, 10000, 10000, 10000, 10000, 10000, 10000]}}, "available": {accelerator_type:G: [10000], node:192.168.10.101: [10000], GPU: [0, 0, 0, 0, 0, 0, 0, 0], CPU: [880000], node:__internal_head__: [10000], memory: [1726301143040000], object_store_memory: [687194767360000]}}, "labels":{"ray.io/node_id":"4f4296391174c36a0dcd4d79383a32712a4abc9e31626f65b78d3f17",} is_draining: 0 is_idle: 0 Cluster resources (at most 20 nodes are shown): node id: 1995042732131894432{"total":{object_store_memory: 687194767360000, memory: 1726301143040000, CPU: 960000, node:__internal_head__: 10000, GPU: 80000, accelerator_type:G: 10000, node:192.168.10.101: 10000}}, "available": {CPU: 880000, node:__internal_head__: 10000, memory: 1726301143040000, object_store_memory: 687194767360000, node:192.168.10.101: 10000, accelerator_type:G: 10000}}, "labels":{"ray.io/node_id":"4f4296391174c36a0dcd4d79383a32712a4abc9e31626f65b78d3f17",}, "is_draining": 0, "draining_deadline_timestamp_ms": -1} { "placement group locations": [], "node to bundles": []}
[state-dump] Waiting tasks size: 0
[state-dump] Number of executing tasks: 0
[state-dump] Number of pinned task arguments: 0
[state-dump] Number of total spilled tasks: 0
[state-dump] Number of spilled waiting tasks: 0
[state-dump] Number of spilled unschedulable tasks: 0
[state-dump] Resource usage {
[state-dump]     - (language=PYTHON actor_or_task=XDiTWorker.__init__ pid=2374721 worker_id=3f5d2df3ce4f69b07f7394431ea50ee671073ad4f56673d2929f2fb1): {CPU: 1, GPU: 1}
[state-dump]     - (language=PYTHON actor_or_task=XDiTWorker.__init__ pid=2374717 worker_id=6562dd142949709cebf006e7ac3b0cb757b08c16d9bb704a426db876): {CPU: 1, GPU: 1}
[state-dump]     - (language=PYTHON actor_or_task=XDiTWorker.__init__ pid=2374714 worker_id=83be9f74100a98c508f395f903171208397a52801d9329849d7ae536): {CPU: 1, GPU: 1}
[state-dump]     - (language=PYTHON actor_or_task=XDiTWorker.__init__ pid=2374716 worker_id=2d1489ce0445909bb50b8224db49ba6cdc2521e01f2b60fa152b932d): {GPU: 1, CPU: 1}
[state-dump]     - (language=PYTHON actor_or_task=XDiTWorker.__init__ pid=2374719 worker_id=150ed26e269ddc2503dbb315cf4c48e76e1740b25eabfead5e58a468): {GPU: 1, CPU: 1}
[state-dump]     - (language=PYTHON actor_or_task=XDiTWorker.__init__ pid=2374725 worker_id=aa11d4d8c58ba5f7f1570f0a2609a53c9f44b6d04eddabc5992fa873): {CPU: 1, GPU: 1}
[state-dump]     - (language=PYTHON actor_or_task=XDiTWorker.__init__ pid=2374715 worker_id=d5727a12ccfb8ff4492d4237db65a9115427b3ab5b87d16d0a5a61f1): {CPU: 1, GPU: 1}
[state-dump]     - (language=PYTHON actor_or_task=XDiTWorker.__init__ pid=2374729 worker_id=b1db3e87f2507e508a5588d649f5ed13673e6a1f3d508b30c2a8c68a): {GPU: 1, CPU: 1}
[state-dump] }
[state-dump] Backlog Size per scheduling descriptor :{workerId: num backlogs}:
[state-dump] 
[state-dump] Running tasks by scheduling class:
[state-dump] ==================================================
[state-dump] 
[state-dump] ClusterResources:
[state-dump] LocalObjectManager:
[state-dump] - num pinned objects: 0
[state-dump] - pinned objects size: 0
[state-dump] - num objects pending restore: 0
[state-dump] - num objects pending spill: 0
[state-dump] - num bytes pending spill: 0
[state-dump] - num bytes currently spilled: 0
[state-dump] - cumulative spill requests: 0
[state-dump] - cumulative restore requests: 0
[state-dump] - spilled objects pending delete: 0
[state-dump] 
[state-dump] ObjectManager:
[state-dump] - num local objects: 0
[state-dump] - num unfulfilled push requests: 0
[state-dump] - num object pull requests: 0
[state-dump] - num chunks received total: 0
[state-dump] - num chunks received failed (all): 0
[state-dump] - num chunks received failed / cancelled: 0
[state-dump] - num chunks received failed / plasma error: 0
[state-dump] Event stats:
[state-dump] Global stats: 1 total (0 active)
[state-dump] Queueing time: mean = 30.140 us, max = 30.140 us, min = 30.140 us, total = 30.140 us
[state-dump] Execution time:  mean = 37.543 us, total = 37.543 us
[state-dump] Event stats:
[state-dump] 	ObjectManager.FreeObjects - 1 total (0 active), Execution time: mean = 37.543 us, total = 37.543 us, Queueing time: mean = 30.140 us, max = 30.140 us, min = 30.140 us, total = 30.140 us
[state-dump] PushManager:
[state-dump] - num pushes in flight: 0
[state-dump] - num chunks in flight: 0
[state-dump] - num chunks remaining: 0
[state-dump] - max chunks allowed: 409
[state-dump] OwnershipBasedObjectDirectory:
[state-dump] - num listeners: 0
[state-dump] - cumulative location updates: 0
[state-dump] - num location updates per second: 0.000
[state-dump] - num location lookups per second: 0.000
[state-dump] - num locations added per second: 0.000
[state-dump] - num locations removed per second: 0.000
[state-dump] BufferPool:
[state-dump] - create buffer state map size: 0
[state-dump] PullManager:
[state-dump] - num bytes available for pulled objects: 68719476736
[state-dump] - num bytes being pulled (all): 0
[state-dump] - num bytes being pulled / pinned: 0
[state-dump] - get request bundles: BundlePullRequestQueue{0 total, 0 active, 0 inactive, 0 unpullable}
[state-dump] - wait request bundles: BundlePullRequestQueue{0 total, 0 active, 0 inactive, 0 unpullable}
[state-dump] - task request bundles: BundlePullRequestQueue{0 total, 0 active, 0 inactive, 0 unpullable}
[state-dump] - first get request bundle: N/A
[state-dump] - first wait request bundle: N/A
[state-dump] - first task request bundle: N/A
[state-dump] - num objects queued: 0
[state-dump] - num objects actively pulled (all): 0
[state-dump] - num objects actively pulled / pinned: 0
[state-dump] - num bundles being pulled: 0
[state-dump] - num pull retries: 0
[state-dump] - max timeout seconds: 0
[state-dump] - max timeout request is already processed. No entry.
[state-dump] 
[state-dump] WorkerPool:
[state-dump] - registered jobs: 1
[state-dump] - process_failed_job_config_missing: 0
[state-dump] - process_failed_rate_limited: 0
[state-dump] - process_failed_pending_registration: 0
[state-dump] - process_failed_runtime_env_setup_failed: 0
[state-dump] - num PYTHON workers: 96
[state-dump] - num PYTHON drivers: 1
[state-dump] - num PYTHON pending start requests: 0
[state-dump] - num PYTHON pending registration requests: 0
[state-dump] - num object spill callbacks queued: 0
[state-dump] - num object restore queued: 0
[state-dump] - num util functions queued: 0
[state-dump] - num JAVA workers: 0
[state-dump] - num JAVA drivers: 0
[state-dump] - num JAVA pending start requests: 0
[state-dump] - num JAVA pending registration requests: 0
[state-dump] - num object spill callbacks queued: 0
[state-dump] - num object restore queued: 0
[state-dump] - num util functions queued: 0
[state-dump] - num idle workers: 88
[state-dump] TaskDependencyManager:
[state-dump] - task deps map size: 0
[state-dump] - get req map size: 0
[state-dump] - wait req map size: 0
[state-dump] - local objects map size: 0
[state-dump] WaitManager:
[state-dump] - num active wait requests: 0
[state-dump] Subscriber:
[state-dump] Channel WORKER_OBJECT_LOCATIONS_CHANNEL
[state-dump] - cumulative subscribe requests: 3
[state-dump] - cumulative unsubscribe requests: 3
[state-dump] - active subscribed publishers: 0
[state-dump] - cumulative published messages: 0
[state-dump] - cumulative processed messages: 0
[state-dump] Channel WORKER_REF_REMOVED_CHANNEL
[state-dump] - cumulative subscribe requests: 0
[state-dump] - cumulative unsubscribe requests: 0
[state-dump] - active subscribed publishers: 0
[state-dump] - cumulative published messages: 0
[state-dump] - cumulative processed messages: 0
[state-dump] Channel WORKER_OBJECT_EVICTION
[state-dump] - cumulative subscribe requests: 3
[state-dump] - cumulative unsubscribe requests: 3
[state-dump] - active subscribed publishers: 0
[state-dump] - cumulative published messages: 3
[state-dump] - cumulative processed messages: 3
[state-dump] num async plasma notifications: 0
[state-dump] Event stats:
[state-dump] Global stats: 15641 total (113 active)
[state-dump] Queueing time: mean = 22.495 ms, max = 33.390 s, min = -0.000 s, total = 351.843 s
[state-dump] Execution time:  mean = 189.412 us, total = 2.963 s
[state-dump] Event stats:
[state-dump] 	NodeManagerService.grpc_server.ReportWorkerBacklog.HandleRequestImpl - 5753 total (0 active), Execution time: mean = 14.152 us, total = 81.415 ms, Queueing time: mean = 31.558 us, max = 3.683 ms, min = 1.703 us, total = 181.552 ms
[state-dump] 	NodeManagerService.grpc_server.ReportWorkerBacklog - 5753 total (0 active), Execution time: mean = 174.142 us, total = 1.002 s, Queueing time: mean = 0.000 s, max = -0.000 s, min = 9223372036.855 s, total = 0.000 s
[state-dump] 	RaySyncer.OnDemandBroadcasting - 597 total (1 active), Execution time: mean = 6.978 us, total = 4.166 ms, Queueing time: mean = 513.418 us, max = 279.038 ms, min = 6.388 us, total = 306.511 ms
[state-dump] 	NodeManager.CheckGC - 597 total (1 active), Execution time: mean = 1.543 us, total = 920.888 us, Queueing time: mean = 518.565 us, max = 279.054 ms, min = 7.819 us, total = 309.583 ms
[state-dump] 	ObjectManager.UpdateAvailableMemory - 596 total (0 active), Execution time: mean = 2.157 us, total = 1.286 ms, Queueing time: mean = 25.426 us, max = 295.704 us, min = 2.259 us, total = 15.154 ms
[state-dump] 	ClientConnection.async_read.ProcessMessageHeader - 440 total (97 active), Execution time: mean = 3.540 us, total = 1.558 ms, Queueing time: mean = 796.491 ms, max = 33.390 s, min = 9.075 us, total = 350.456 s
[state-dump] 	ClientConnection.async_read.ProcessMessage - 343 total (0 active), Execution time: mean = 1.168 ms, total = 400.744 ms, Queueing time: mean = 13.950 us, max = 347.392 us, min = 1.901 us, total = 4.785 ms
[state-dump] 	RayletWorkerPool.deadline_timer.kill_idle_workers - 300 total (1 active), Execution time: mean = 14.446 us, total = 4.334 ms, Queueing time: mean = 656.530 us, max = 183.006 ms, min = 8.480 us, total = 196.959 ms
[state-dump] 	MemoryMonitor.CheckIsMemoryUsageAboveThreshold - 239 total (1 active), Execution time: mean = 126.495 us, total = 30.232 ms, Queueing time: mean = 1.213 ms, max = 282.738 ms, min = 5.956 us, total = 289.999 ms
[state-dump] 	ObjectManager.ObjectAdded - 100 total (0 active), Execution time: mean = 19.597 us, total = 1.960 ms, Queueing time: mean = 40.408 us, max = 644.643 us, min = 4.306 us, total = 4.041 ms
[state-dump] 	ObjectManager.ObjectDeleted - 100 total (0 active), Execution time: mean = 12.129 us, total = 1.213 ms, Queueing time: mean = 57.451 us, max = 571.977 us, min = 15.738 us, total = 5.745 ms
[state-dump] 	ClientConnection.async_write.DoAsyncWrites - 98 total (0 active), Execution time: mean = 759.898 ns, total = 74.470 us, Queueing time: mean = 28.296 us, max = 554.065 us, min = 6.992 us, total = 2.773 ms
[state-dump] 	NodeManagerService.grpc_server.GetSystemConfig - 97 total (0 active), Execution time: mean = 298.992 us, total = 29.002 ms, Queueing time: mean = 0.000 s, max = -0.000 s, min = 9223372036.855 s, total = 0.000 s
[state-dump] 	NodeManagerService.grpc_server.GetSystemConfig.HandleRequestImpl - 97 total (0 active), Execution time: mean = 23.522 us, total = 2.282 ms, Queueing time: mean = 38.669 us, max = 586.597 us, min = 6.277 us, total = 3.751 ms
[state-dump] 	NodeManager.ScheduleAndDispatchTasks - 61 total (1 active), Execution time: mean = 6.839 us, total = 417.171 us, Queueing time: mean = 21.766 us, max = 147.057 us, min = -0.000 s, total = 1.328 ms
[state-dump] 	NodeManager.CheckForUnexpectedWorkerDisconnects - 60 total (1 active), Execution time: mean = 69.141 us, total = 4.148 ms, Queueing time: mean = 19.397 us, max = 76.726 us, min = 9.072 us, total = 1.164 ms
[state-dump] 	NodeManager.deadline_timer.flush_free_objects - 60 total (1 active), Execution time: mean = 5.310 us, total = 318.578 us, Queueing time: mean = 96.427 us, max = 1.154 ms, min = 9.825 us, total = 5.786 ms
[state-dump] 	NodeManager.deadline_timer.spill_objects_when_over_threshold - 60 total (1 active), Execution time: mean = 1.941 us, total = 116.458 us, Queueing time: mean = 99.629 us, max = 1.152 ms, min = 8.244 us, total = 5.978 ms
[state-dump] 	NodeManagerService.grpc_server.GetResourceLoad - 60 total (0 active), Execution time: mean = 214.270 us, total = 12.856 ms, Queueing time: mean = 0.000 s, max = -0.000 s, min = 9223372036.855 s, total = 0.000 s
[state-dump] 	NodeManagerService.grpc_server.GetResourceLoad.HandleRequestImpl - 60 total (0 active), Execution time: mean = 63.111 us, total = 3.787 ms, Queueing time: mean = 22.118 us, max = 79.817 us, min = 5.531 us, total = 1.327 ms
[state-dump] 	ClusterResourceManager.ResetRemoteNodeView - 21 total (1 active), Execution time: mean = 3.049 us, total = 64.020 us, Queueing time: mean = 26.730 us, max = 83.264 us, min = 10.276 us, total = 561.336 us
[state-dump] 	PeriodicalRunner.RunFnPeriodically - 14 total (0 active), Execution time: mean = 157.892 us, total = 2.210 ms, Queueing time: mean = 3.142 ms, max = 8.707 ms, min = 29.385 us, total = 43.982 ms
[state-dump] 	NodeManager.deadline_timer.record_metrics - 12 total (1 active), Execution time: mean = 342.921 us, total = 4.115 ms, Queueing time: mean = 157.456 us, max = 1.062 ms, min = 11.937 us, total = 1.889 ms
[state-dump] 	RaySyncer.BroadcastMessage - 11 total (0 active), Execution time: mean = 102.569 us, total = 1.128 ms, Queueing time: mean = 197.455 ns, max = 440.000 ns, min = 89.000 ns, total = 2.172 us
[state-dump] 	 - 11 total (0 active), Execution time: mean = 505.455 ns, total = 5.560 us, Queueing time: mean = 26.154 us, max = 53.398 us, min = 16.527 us, total = 287.690 us
[state-dump] 	WorkerPool.PopWorkerCallback - 8 total (0 active), Execution time: mean = 20.437 us, total = 163.496 us, Queueing time: mean = 4.968 us, max = 6.478 us, min = 4.101 us, total = 39.746 us
[state-dump] 	NodeManagerService.grpc_server.RequestWorkerLease.HandleRequestImpl - 8 total (0 active), Execution time: mean = 89.409 us, total = 715.272 us, Queueing time: mean = 39.459 us, max = 170.979 us, min = 18.873 us, total = 315.668 us
[state-dump] 	NodeManagerService.grpc_server.RequestWorkerLease - 8 total (0 active), Execution time: mean = 275.477 us, total = 2.204 ms, Queueing time: mean = 0.000 s, max = -0.000 s, min = 9223372036.855 s, total = 0.000 s
[state-dump] 	CoreWorkerService.grpc_client.PubsubCommandBatch.OnReplyReceived - 7 total (0 active), Execution time: mean = 49.074 us, total = 343.521 us, Queueing time: mean = 25.152 us, max = 65.403 us, min = 15.391 us, total = 176.066 us
[state-dump] 	CoreWorkerService.grpc_client.PubsubCommandBatch - 7 total (0 active), Execution time: mean = 787.465 us, total = 5.512 ms, Queueing time: mean = 0.000 s, max = -0.000 s, min = 9223372036.855 s, total = 0.000 s
[state-dump] 	CoreWorkerService.grpc_client.PubsubLongPolling - 6 total (1 active), Execution time: mean = 4.162 ms, total = 24.974 ms, Queueing time: mean = 0.000 s, max = -0.000 s, min = 9223372036.855 s, total = 0.000 s
[state-dump] 	NodeManager.deadline_timer.debug_state_dump - 6 total (1 active), Execution time: mean = 955.867 us, total = 5.735 ms, Queueing time: mean = 20.305 us, max = 46.022 us, min = 10.167 us, total = 121.832 us
[state-dump] 	CoreWorkerService.grpc_client.PubsubLongPolling.OnReplyReceived - 5 total (0 active), Execution time: mean = 72.504 us, total = 362.519 us, Queueing time: mean = 51.781 us, max = 185.307 us, min = 16.367 us, total = 258.906 us
[state-dump] 	CoreWorkerService.grpc_client.UpdateObjectLocationBatch.OnReplyReceived - 5 total (0 active), Execution time: mean = 23.531 us, total = 117.654 us, Queueing time: mean = 17.747 us, max = 21.711 us, min = 14.253 us, total = 88.736 us
[state-dump] 	CoreWorkerService.grpc_client.UpdateObjectLocationBatch - 5 total (0 active), Execution time: mean = 988.046 us, total = 4.940 ms, Queueing time: mean = 0.000 s, max = -0.000 s, min = 9223372036.855 s, total = 0.000 s
[state-dump] 	NodeManagerService.grpc_server.PinObjectIDs.HandleRequestImpl - 3 total (0 active), Execution time: mean = 263.090 us, total = 789.271 us, Queueing time: mean = 259.097 us, max = 746.993 us, min = 13.108 us, total = 777.290 us
[state-dump] 	Subscriber.HandlePublishedMessage_WORKER_OBJECT_EVICTION - 3 total (0 active), Execution time: mean = 29.868 us, total = 89.604 us, Queueing time: mean = 70.978 us, max = 80.719 us, min = 65.232 us, total = 212.934 us
[state-dump] 	NodeManagerService.grpc_server.PinObjectIDs - 3 total (0 active), Execution time: mean = 654.906 us, total = 1.965 ms, Queueing time: mean = 0.000 s, max = -0.000 s, min = 9223372036.855 s, total = 0.000 s
[state-dump] 	ray::rpc::InternalPubSubGcsService.grpc_client.GcsSubscriberCommandBatch.OnReplyReceived - 2 total (0 active), Execution time: mean = 111.085 us, total = 222.170 us, Queueing time: mean = 805.240 us, max = 1.583 ms, min = 27.235 us, total = 1.610 ms
[state-dump] 	RaySyncerRegister - 2 total (0 active), Execution time: mean = 1.351 us, total = 2.701 us, Queueing time: mean = 142.000 ns, max = 236.000 ns, min = 48.000 ns, total = 284.000 ns
[state-dump] 	ray::rpc::InternalPubSubGcsService.grpc_client.GcsSubscriberCommandBatch - 2 total (0 active), Execution time: mean = 568.125 us, total = 1.136 ms, Queueing time: mean = 0.000 s, max = -0.000 s, min = 9223372036.855 s, total = 0.000 s
[state-dump] 	ray::rpc::InternalPubSubGcsService.grpc_client.GcsSubscriberPoll - 2 total (1 active), Execution time: mean = 651.309 ms, total = 1.303 s, Queueing time: mean = 0.000 s, max = -0.000 s, min = 9223372036.855 s, total = 0.000 s
[state-dump] 	ray::rpc::NodeInfoGcsService.grpc_client.CheckAlive.OnReplyReceived - 1 total (0 active), Execution time: mean = 15.577 us, total = 15.577 us, Queueing time: mean = 21.311 us, max = 21.311 us, min = 21.311 us, total = 21.311 us
[state-dump] 	ray::rpc::InternalKVGcsService.grpc_client.GetInternalConfig.OnReplyReceived - 1 total (0 active), Execution time: mean = 14.661 ms, total = 14.661 ms, Queueing time: mean = 18.969 us, max = 18.969 us, min = 18.969 us, total = 18.969 us
[state-dump] 	CoreWorkerService.grpc_client.ActorCallArgWaitComplete - 1 total (0 active), Execution time: mean = 849.283 us, total = 849.283 us, Queueing time: mean = 0.000 s, max = -0.000 s, min = 9223372036.855 s, total = 0.000 s
[state-dump] 	ray::rpc::NodeInfoGcsService.grpc_client.RegisterNode.OnReplyReceived - 1 total (0 active), Execution time: mean = 242.409 us, total = 242.409 us, Queueing time: mean = 21.828 us, max = 21.828 us, min = 21.828 us, total = 21.828 us
[state-dump] 	ray::rpc::JobInfoGcsService.grpc_client.GetAllJobInfo - 1 total (0 active), Execution time: mean = 472.114 us, total = 472.114 us, Queueing time: mean = 0.000 s, max = -0.000 s, min = 9223372036.855 s, total = 0.000 s
[state-dump] 	NodeManager.deadline_timer.print_event_loop_stats - 1 total (1 active, 1 running), Execution time: mean = 0.000 s, total = 0.000 s, Queueing time: mean = 0.000 s, max = -0.000 s, min = 9223372036.855 s, total = 0.000 s
[state-dump] 	ray::rpc::NodeInfoGcsService.grpc_client.CheckAlive - 1 total (0 active), Execution time: mean = 650.716 us, total = 650.716 us, Queueing time: mean = 0.000 s, max = -0.000 s, min = 9223372036.855 s, total = 0.000 s
[state-dump] 	NodeManager.GcsCheckAlive - 1 total (1 active), Execution time: mean = 0.000 s, total = 0.000 s, Queueing time: mean = 0.000 s, max = -0.000 s, min = 9223372036.855 s, total = 0.000 s
[state-dump] 	ray::rpc::JobInfoGcsService.grpc_client.GetAllJobInfo.OnReplyReceived - 1 total (0 active), Execution time: mean = 15.020 us, total = 15.020 us, Queueing time: mean = 16.247 us, max = 16.247 us, min = 16.247 us, total = 16.247 us
[state-dump] 	ray::rpc::InternalPubSubGcsService.grpc_client.GcsSubscriberPoll.OnReplyReceived - 1 total (0 active), Execution time: mean = 129.504 us, total = 129.504 us, Queueing time: mean = 21.254 us, max = 21.254 us, min = 21.254 us, total = 21.254 us
[state-dump] 	ray::rpc::NodeInfoGcsService.grpc_client.GetAllNodeInfo.OnReplyReceived - 1 total (0 active), Execution time: mean = 104.212 us, total = 104.212 us, Queueing time: mean = 84.211 us, max = 84.211 us, min = 84.211 us, total = 84.211 us
[state-dump] 	CoreWorkerService.grpc_client.ActorCallArgWaitComplete.OnReplyReceived - 1 total (0 active), Execution time: mean = 15.258 us, total = 15.258 us, Queueing time: mean = 77.692 us, max = 77.692 us, min = 77.692 us, total = 77.692 us
[state-dump] 	ray::rpc::JobInfoGcsService.grpc_client.AddJob.OnReplyReceived - 1 total (0 active), Execution time: mean = 26.927 us, total = 26.927 us, Queueing time: mean = 130.916 us, max = 130.916 us, min = 130.916 us, total = 130.916 us
[state-dump] 	ray::rpc::NodeInfoGcsService.grpc_client.RegisterNode - 1 total (0 active), Execution time: mean = 1.106 ms, total = 1.106 ms, Queueing time: mean = 0.000 s, max = -0.000 s, min = 9223372036.855 s, total = 0.000 s
[state-dump] 	NodeManager.GCTaskFailureReason - 1 total (1 active), Execution time: mean = 0.000 s, total = 0.000 s, Queueing time: mean = 0.000 s, max = -0.000 s, min = 9223372036.855 s, total = 0.000 s
[state-dump] 	ray::rpc::NodeInfoGcsService.grpc_client.GetAllNodeInfo - 1 total (0 active), Execution time: mean = 579.734 us, total = 579.734 us, Queueing time: mean = 0.000 s, max = -0.000 s, min = 9223372036.855 s, total = 0.000 s
[state-dump] 	ray::rpc::InternalKVGcsService.grpc_client.GetInternalConfig - 1 total (0 active), Execution time: mean = 1.004 ms, total = 1.004 ms, Queueing time: mean = 0.000 s, max = -0.000 s, min = 9223372036.855 s, total = 0.000 s
[state-dump] 	ray::rpc::JobInfoGcsService.grpc_client.AddJob - 1 total (0 active), Execution time: mean = 601.281 us, total = 601.281 us, Queueing time: mean = 0.000 s, max = -0.000 s, min = 9223372036.855 s, total = 0.000 s
[state-dump] 	Subscriber.HandlePublishedMessage_GCS_JOB_CHANNEL - 1 total (0 active), Execution time: mean = 36.149 us, total = 36.149 us, Queueing time: mean = 147.783 us, max = 147.783 us, min = 147.783 us, total = 147.783 us
[state-dump] DebugString() time ms: 0
[state-dump] 
[state-dump] 
[2025-06-26 10:40:05,194 W 2374531 2374531] (raylet) memory_monitor.cc:198: Got negative used memory for cgroup -1, setting it to zero
[2025-06-26 10:40:10,197 W 2374531 2374531] (raylet) memory_monitor.cc:198: Got negative used memory for cgroup -1, setting it to zero
[2025-06-26 10:40:15,199 W 2374531 2374531] (raylet) memory_monitor.cc:198: Got negative used memory for cgroup -1, setting it to zero
[2025-06-26 10:40:20,202 W 2374531 2374531] (raylet) memory_monitor.cc:198: Got negative used memory for cgroup -1, setting it to zero
[2025-06-26 10:40:25,206 W 2374531 2374531] (raylet) memory_monitor.cc:198: Got negative used memory for cgroup -1, setting it to zero
[2025-06-26 10:40:30,209 W 2374531 2374531] (raylet) memory_monitor.cc:198: Got negative used memory for cgroup -1, setting it to zero
[2025-06-26 10:40:35,213 W 2374531 2374531] (raylet) memory_monitor.cc:198: Got negative used memory for cgroup -1, setting it to zero
[2025-06-26 10:40:40,216 W 2374531 2374531] (raylet) memory_monitor.cc:198: Got negative used memory for cgroup -1, setting it to zero
[2025-06-26 10:40:45,219 W 2374531 2374531] (raylet) memory_monitor.cc:198: Got negative used memory for cgroup -1, setting it to zero
[2025-06-26 10:40:50,223 W 2374531 2374531] (raylet) memory_monitor.cc:198: Got negative used memory for cgroup -1, setting it to zero
[2025-06-26 10:40:55,226 W 2374531 2374531] (raylet) memory_monitor.cc:198: Got negative used memory for cgroup -1, setting it to zero
[2025-06-26 10:41:00,230 W 2374531 2374531] (raylet) memory_monitor.cc:198: Got negative used memory for cgroup -1, setting it to zero
[2025-06-26 10:41:05,111 I 2374531 2374563] (raylet) store.cc:576: Plasma store debug dump: 
Current usage: 0 / 68.7195 GB
- num bytes created total: 8659708
0 pending objects of total size 0MB
- objects spillable: 0
- bytes spillable: 0
- objects unsealed: 0
- bytes unsealed: 0
- objects in use: 0
- bytes in use: 0
- objects evictable: 0
- bytes evictable: 0

- objects created by worker: 0
- bytes created by worker: 0
- objects restored: 0
- bytes restored: 0
- objects received: 0
- bytes received: 0
- objects errored: 0
- bytes errored: 0

[2025-06-26 10:41:05,130 I 2374531 2374531] (raylet) node_manager.cc:450: [state-dump] NodeManager:
[state-dump] Node ID: 4f4296391174c36a0dcd4d79383a32712a4abc9e31626f65b78d3f17
[state-dump] Node name: 192.168.10.101
[state-dump] InitialConfigResources: {CPU: 96, object_store_memory: 6.87195e+10, GPU: 8, node:192.168.10.101: 1, accelerator_type:G: 1, node:__internal_head__: 1, memory: 1.7263e+11}
[state-dump] ClusterTaskManager:
[state-dump] ========== Node: 4f4296391174c36a0dcd4d79383a32712a4abc9e31626f65b78d3f17 =================
[state-dump] Infeasible queue length: 0
[state-dump] Schedule queue length: 0
[state-dump] Dispatch queue length: 0
[state-dump] num_waiting_for_resource: 0
[state-dump] num_waiting_for_plasma_memory: 0
[state-dump] num_waiting_for_remote_node_resources: 0
[state-dump] num_worker_not_started_by_job_config_not_exist: 0
[state-dump] num_worker_not_started_by_registration_timeout: 0
[state-dump] num_tasks_waiting_for_workers: 0
[state-dump] num_cancelled_tasks: 0
[state-dump] cluster_resource_scheduler state: 
[state-dump] Local id: 1995042732131894432 Local resources: {"total":{node:__internal_head__: [10000], CPU: [960000], memory: [1726301143040000], object_store_memory: [687194767360000], accelerator_type:G: [10000], node:192.168.10.101: [10000], GPU: [10000, 10000, 10000, 10000, 10000, 10000, 10000, 10000]}}, "available": {accelerator_type:G: [10000], node:192.168.10.101: [10000], GPU: [0, 0, 0, 0, 0, 0, 0, 0], CPU: [880000], node:__internal_head__: [10000], memory: [1726301143040000], object_store_memory: [687194767360000]}}, "labels":{"ray.io/node_id":"4f4296391174c36a0dcd4d79383a32712a4abc9e31626f65b78d3f17",} is_draining: 0 is_idle: 0 Cluster resources (at most 20 nodes are shown): node id: 1995042732131894432{"total":{object_store_memory: 687194767360000, memory: 1726301143040000, CPU: 960000, node:__internal_head__: 10000, GPU: 80000, accelerator_type:G: 10000, node:192.168.10.101: 10000}}, "available": {CPU: 880000, node:__internal_head__: 10000, memory: 1726301143040000, object_store_memory: 687194767360000, node:192.168.10.101: 10000, accelerator_type:G: 10000}}, "labels":{"ray.io/node_id":"4f4296391174c36a0dcd4d79383a32712a4abc9e31626f65b78d3f17",}, "is_draining": 0, "draining_deadline_timestamp_ms": -1} { "placement group locations": [], "node to bundles": []}
[state-dump] Waiting tasks size: 0
[state-dump] Number of executing tasks: 0
[state-dump] Number of pinned task arguments: 0
[state-dump] Number of total spilled tasks: 0
[state-dump] Number of spilled waiting tasks: 0
[state-dump] Number of spilled unschedulable tasks: 0
[state-dump] Resource usage {
[state-dump]     - (language=PYTHON actor_or_task=XDiTWorker.__init__ pid=2374721 worker_id=3f5d2df3ce4f69b07f7394431ea50ee671073ad4f56673d2929f2fb1): {CPU: 1, GPU: 1}
[state-dump]     - (language=PYTHON actor_or_task=XDiTWorker.__init__ pid=2374717 worker_id=6562dd142949709cebf006e7ac3b0cb757b08c16d9bb704a426db876): {CPU: 1, GPU: 1}
[state-dump]     - (language=PYTHON actor_or_task=XDiTWorker.__init__ pid=2374714 worker_id=83be9f74100a98c508f395f903171208397a52801d9329849d7ae536): {CPU: 1, GPU: 1}
[state-dump]     - (language=PYTHON actor_or_task=XDiTWorker.__init__ pid=2374716 worker_id=2d1489ce0445909bb50b8224db49ba6cdc2521e01f2b60fa152b932d): {GPU: 1, CPU: 1}
[state-dump]     - (language=PYTHON actor_or_task=XDiTWorker.__init__ pid=2374719 worker_id=150ed26e269ddc2503dbb315cf4c48e76e1740b25eabfead5e58a468): {GPU: 1, CPU: 1}
[state-dump]     - (language=PYTHON actor_or_task=XDiTWorker.__init__ pid=2374725 worker_id=aa11d4d8c58ba5f7f1570f0a2609a53c9f44b6d04eddabc5992fa873): {CPU: 1, GPU: 1}
[state-dump]     - (language=PYTHON actor_or_task=XDiTWorker.__init__ pid=2374715 worker_id=d5727a12ccfb8ff4492d4237db65a9115427b3ab5b87d16d0a5a61f1): {CPU: 1, GPU: 1}
[state-dump]     - (language=PYTHON actor_or_task=XDiTWorker.__init__ pid=2374729 worker_id=b1db3e87f2507e508a5588d649f5ed13673e6a1f3d508b30c2a8c68a): {GPU: 1, CPU: 1}
[state-dump] }
[state-dump] Backlog Size per scheduling descriptor :{workerId: num backlogs}:
[state-dump] 
[state-dump] Running tasks by scheduling class:
[state-dump] ==================================================
[state-dump] 
[state-dump] ClusterResources:
[state-dump] LocalObjectManager:
[state-dump] - num pinned objects: 0
[state-dump] - pinned objects size: 0
[state-dump] - num objects pending restore: 0
[state-dump] - num objects pending spill: 0
[state-dump] - num bytes pending spill: 0
[state-dump] - num bytes currently spilled: 0
[state-dump] - cumulative spill requests: 0
[state-dump] - cumulative restore requests: 0
[state-dump] - spilled objects pending delete: 0
[state-dump] 
[state-dump] ObjectManager:
[state-dump] - num local objects: 0
[state-dump] - num unfulfilled push requests: 0
[state-dump] - num object pull requests: 0
[state-dump] - num chunks received total: 0
[state-dump] - num chunks received failed (all): 0
[state-dump] - num chunks received failed / cancelled: 0
[state-dump] - num chunks received failed / plasma error: 0
[state-dump] Event stats:
[state-dump] Global stats: 1 total (0 active)
[state-dump] Queueing time: mean = 30.140 us, max = 30.140 us, min = 30.140 us, total = 30.140 us
[state-dump] Execution time:  mean = 37.543 us, total = 37.543 us
[state-dump] Event stats:
[state-dump] 	ObjectManager.FreeObjects - 1 total (0 active), Execution time: mean = 37.543 us, total = 37.543 us, Queueing time: mean = 30.140 us, max = 30.140 us, min = 30.140 us, total = 30.140 us
[state-dump] PushManager:
[state-dump] - num pushes in flight: 0
[state-dump] - num chunks in flight: 0
[state-dump] - num chunks remaining: 0
[state-dump] - max chunks allowed: 409
[state-dump] OwnershipBasedObjectDirectory:
[state-dump] - num listeners: 0
[state-dump] - cumulative location updates: 0
[state-dump] - num location updates per second: 0.000
[state-dump] - num location lookups per second: 0.000
[state-dump] - num locations added per second: 0.000
[state-dump] - num locations removed per second: 0.000
[state-dump] BufferPool:
[state-dump] - create buffer state map size: 0
[state-dump] PullManager:
[state-dump] - num bytes available for pulled objects: 68719476736
[state-dump] - num bytes being pulled (all): 0
[state-dump] - num bytes being pulled / pinned: 0
[state-dump] - get request bundles: BundlePullRequestQueue{0 total, 0 active, 0 inactive, 0 unpullable}
[state-dump] - wait request bundles: BundlePullRequestQueue{0 total, 0 active, 0 inactive, 0 unpullable}
[state-dump] - task request bundles: BundlePullRequestQueue{0 total, 0 active, 0 inactive, 0 unpullable}
[state-dump] - first get request bundle: N/A
[state-dump] - first wait request bundle: N/A
[state-dump] - first task request bundle: N/A
[state-dump] - num objects queued: 0
[state-dump] - num objects actively pulled (all): 0
[state-dump] - num objects actively pulled / pinned: 0
[state-dump] - num bundles being pulled: 0
[state-dump] - num pull retries: 0
[state-dump] - max timeout seconds: 0
[state-dump] - max timeout request is already processed. No entry.
[state-dump] 
[state-dump] WorkerPool:
[state-dump] - registered jobs: 1
[state-dump] - process_failed_job_config_missing: 0
[state-dump] - process_failed_rate_limited: 0
[state-dump] - process_failed_pending_registration: 0
[state-dump] - process_failed_runtime_env_setup_failed: 0
[state-dump] - num PYTHON workers: 96
[state-dump] - num PYTHON drivers: 1
[state-dump] - num PYTHON pending start requests: 0
[state-dump] - num PYTHON pending registration requests: 0
[state-dump] - num object spill callbacks queued: 0
[state-dump] - num object restore queued: 0
[state-dump] - num util functions queued: 0
[state-dump] - num JAVA workers: 0
[state-dump] - num JAVA drivers: 0
[state-dump] - num JAVA pending start requests: 0
[state-dump] - num JAVA pending registration requests: 0
[state-dump] - num object spill callbacks queued: 0
[state-dump] - num object restore queued: 0
[state-dump] - num util functions queued: 0
[state-dump] - num idle workers: 88
[state-dump] TaskDependencyManager:
[state-dump] - task deps map size: 0
[state-dump] - get req map size: 0
[state-dump] - wait req map size: 0
[state-dump] - local objects map size: 0
[state-dump] WaitManager:
[state-dump] - num active wait requests: 0
[state-dump] Subscriber:
[state-dump] Channel WORKER_OBJECT_LOCATIONS_CHANNEL
[state-dump] - cumulative subscribe requests: 3
[state-dump] - cumulative unsubscribe requests: 3
[state-dump] - active subscribed publishers: 0
[state-dump] - cumulative published messages: 0
[state-dump] - cumulative processed messages: 0
[state-dump] Channel WORKER_REF_REMOVED_CHANNEL
[state-dump] - cumulative subscribe requests: 0
[state-dump] - cumulative unsubscribe requests: 0
[state-dump] - active subscribed publishers: 0
[state-dump] - cumulative published messages: 0
[state-dump] - cumulative processed messages: 0
[state-dump] Channel WORKER_OBJECT_EVICTION
[state-dump] - cumulative subscribe requests: 3
[state-dump] - cumulative unsubscribe requests: 3
[state-dump] - active subscribed publishers: 0
[state-dump] - cumulative published messages: 3
[state-dump] - cumulative processed messages: 3
[state-dump] num async plasma notifications: 0
[state-dump] Event stats:
[state-dump] Global stats: 30022 total (113 active)
[state-dump] Queueing time: mean = 11.728 ms, max = 33.390 s, min = -0.000 s, total = 352.098 s
[state-dump] Execution time:  mean = 138.657 us, total = 4.163 s
[state-dump] Event stats:
[state-dump] 	NodeManagerService.grpc_server.ReportWorkerBacklog.HandleRequestImpl - 11573 total (0 active), Execution time: mean = 14.733 us, total = 170.505 ms, Queueing time: mean = 28.914 us, max = 3.683 ms, min = 1.304 us, total = 334.618 ms
[state-dump] 	NodeManagerService.grpc_server.ReportWorkerBacklog - 11573 total (0 active), Execution time: mean = 176.128 us, total = 2.038 s, Queueing time: mean = 0.000 s, max = -0.000 s, min = 9223372036.855 s, total = 0.000 s
[state-dump] 	RaySyncer.OnDemandBroadcasting - 1197 total (1 active), Execution time: mean = 5.499 us, total = 6.582 ms, Queueing time: mean = 277.543 us, max = 279.038 ms, min = 6.388 us, total = 332.219 ms
[state-dump] 	NodeManager.CheckGC - 1197 total (1 active), Execution time: mean = 1.517 us, total = 1.816 ms, Queueing time: mean = 281.285 us, max = 279.054 ms, min = 7.819 us, total = 336.698 ms
[state-dump] 	ObjectManager.UpdateAvailableMemory - 1196 total (0 active), Execution time: mean = 2.065 us, total = 2.470 ms, Queueing time: mean = 26.542 us, max = 295.704 us, min = 2.259 us, total = 31.745 ms
[state-dump] 	RayletWorkerPool.deadline_timer.kill_idle_workers - 599 total (1 active), Execution time: mean = 13.260 us, total = 7.942 ms, Queueing time: mean = 342.980 us, max = 183.006 ms, min = -0.000 s, total = 205.445 ms
[state-dump] 	MemoryMonitor.CheckIsMemoryUsageAboveThreshold - 479 total (1 active), Execution time: mean = 131.149 us, total = 62.820 ms, Queueing time: mean = 619.194 us, max = 282.738 ms, min = -0.000 s, total = 296.594 ms
[state-dump] 	ClientConnection.async_read.ProcessMessageHeader - 440 total (97 active), Execution time: mean = 3.540 us, total = 1.558 ms, Queueing time: mean = 796.491 ms, max = 33.390 s, min = 9.075 us, total = 350.456 s
[state-dump] 	ClientConnection.async_read.ProcessMessage - 343 total (0 active), Execution time: mean = 1.168 ms, total = 400.744 ms, Queueing time: mean = 13.950 us, max = 347.392 us, min = 1.901 us, total = 4.785 ms
[state-dump] 	NodeManager.ScheduleAndDispatchTasks - 121 total (1 active), Execution time: mean = 7.880 us, total = 953.509 us, Queueing time: mean = 23.230 us, max = 147.057 us, min = -0.000 s, total = 2.811 ms
[state-dump] 	NodeManagerService.grpc_server.GetResourceLoad.HandleRequestImpl - 120 total (0 active), Execution time: mean = 58.011 us, total = 6.961 ms, Queueing time: mean = 23.949 us, max = 79.817 us, min = 5.531 us, total = 2.874 ms
[state-dump] 	NodeManagerService.grpc_server.GetResourceLoad - 120 total (0 active), Execution time: mean = 221.995 us, total = 26.639 ms, Queueing time: mean = 0.000 s, max = -0.000 s, min = 9223372036.855 s, total = 0.000 s
[state-dump] 	NodeManager.CheckForUnexpectedWorkerDisconnects - 120 total (1 active), Execution time: mean = 70.626 us, total = 8.475 ms, Queueing time: mean = 20.102 us, max = 76.804 us, min = 9.072 us, total = 2.412 ms
[state-dump] 	NodeManager.deadline_timer.spill_objects_when_over_threshold - 120 total (1 active), Execution time: mean = 1.932 us, total = 231.867 us, Queueing time: mean = 95.306 us, max = 1.152 ms, min = 8.244 us, total = 11.437 ms
[state-dump] 	NodeManager.deadline_timer.flush_free_objects - 120 total (1 active), Execution time: mean = 4.667 us, total = 560.047 us, Queueing time: mean = 92.753 us, max = 1.154 ms, min = 9.825 us, total = 11.130 ms
[state-dump] 	ObjectManager.ObjectAdded - 100 total (0 active), Execution time: mean = 19.597 us, total = 1.960 ms, Queueing time: mean = 40.408 us, max = 644.643 us, min = 4.306 us, total = 4.041 ms
[state-dump] 	ObjectManager.ObjectDeleted - 100 total (0 active), Execution time: mean = 12.129 us, total = 1.213 ms, Queueing time: mean = 57.451 us, max = 571.977 us, min = 15.738 us, total = 5.745 ms
[state-dump] 	ClientConnection.async_write.DoAsyncWrites - 98 total (0 active), Execution time: mean = 759.898 ns, total = 74.470 us, Queueing time: mean = 28.296 us, max = 554.065 us, min = 6.992 us, total = 2.773 ms
[state-dump] 	NodeManagerService.grpc_server.GetSystemConfig.HandleRequestImpl - 97 total (0 active), Execution time: mean = 23.522 us, total = 2.282 ms, Queueing time: mean = 38.669 us, max = 586.597 us, min = 6.277 us, total = 3.751 ms
[state-dump] 	NodeManagerService.grpc_server.GetSystemConfig - 97 total (0 active), Execution time: mean = 298.992 us, total = 29.002 ms, Queueing time: mean = 0.000 s, max = -0.000 s, min = 9223372036.855 s, total = 0.000 s
[state-dump] 	ClusterResourceManager.ResetRemoteNodeView - 41 total (1 active), Execution time: mean = 3.950 us, total = 161.960 us, Queueing time: mean = 29.502 us, max = 83.264 us, min = 10.276 us, total = 1.210 ms
[state-dump] 	NodeManager.deadline_timer.record_metrics - 24 total (1 active), Execution time: mean = 389.584 us, total = 9.350 ms, Queueing time: mean = 90.519 us, max = 1.062 ms, min = 11.108 us, total = 2.172 ms
[state-dump] 	PeriodicalRunner.RunFnPeriodically - 14 total (0 active), Execution time: mean = 157.892 us, total = 2.210 ms, Queueing time: mean = 3.142 ms, max = 8.707 ms, min = 29.385 us, total = 43.982 ms
[state-dump] 	NodeManager.deadline_timer.debug_state_dump - 12 total (1 active), Execution time: mean = 880.396 us, total = 10.565 ms, Queueing time: mean = 19.547 us, max = 46.022 us, min = 9.726 us, total = 234.567 us
[state-dump] 	RaySyncer.BroadcastMessage - 11 total (0 active), Execution time: mean = 102.569 us, total = 1.128 ms, Queueing time: mean = 197.455 ns, max = 440.000 ns, min = 89.000 ns, total = 2.172 us
[state-dump] 	 - 11 total (0 active), Execution time: mean = 505.455 ns, total = 5.560 us, Queueing time: mean = 26.154 us, max = 53.398 us, min = 16.527 us, total = 287.690 us
[state-dump] 	NodeManagerService.grpc_server.RequestWorkerLease - 8 total (0 active), Execution time: mean = 275.477 us, total = 2.204 ms, Queueing time: mean = 0.000 s, max = -0.000 s, min = 9223372036.855 s, total = 0.000 s
[state-dump] 	WorkerPool.PopWorkerCallback - 8 total (0 active), Execution time: mean = 20.437 us, total = 163.496 us, Queueing time: mean = 4.968 us, max = 6.478 us, min = 4.101 us, total = 39.746 us
[state-dump] 	NodeManagerService.grpc_server.RequestWorkerLease.HandleRequestImpl - 8 total (0 active), Execution time: mean = 89.409 us, total = 715.272 us, Queueing time: mean = 39.459 us, max = 170.979 us, min = 18.873 us, total = 315.668 us
[state-dump] 	CoreWorkerService.grpc_client.PubsubCommandBatch.OnReplyReceived - 7 total (0 active), Execution time: mean = 49.074 us, total = 343.521 us, Queueing time: mean = 25.152 us, max = 65.403 us, min = 15.391 us, total = 176.066 us
[state-dump] 	CoreWorkerService.grpc_client.PubsubCommandBatch - 7 total (0 active), Execution time: mean = 787.465 us, total = 5.512 ms, Queueing time: mean = 0.000 s, max = -0.000 s, min = 9223372036.855 s, total = 0.000 s
[state-dump] 	CoreWorkerService.grpc_client.PubsubLongPolling - 6 total (1 active), Execution time: mean = 4.162 ms, total = 24.974 ms, Queueing time: mean = 0.000 s, max = -0.000 s, min = 9223372036.855 s, total = 0.000 s
[state-dump] 	CoreWorkerService.grpc_client.UpdateObjectLocationBatch - 5 total (0 active), Execution time: mean = 988.046 us, total = 4.940 ms, Queueing time: mean = 0.000 s, max = -0.000 s, min = 9223372036.855 s, total = 0.000 s
[state-dump] 	CoreWorkerService.grpc_client.PubsubLongPolling.OnReplyReceived - 5 total (0 active), Execution time: mean = 72.504 us, total = 362.519 us, Queueing time: mean = 51.781 us, max = 185.307 us, min = 16.367 us, total = 258.906 us
[state-dump] 	CoreWorkerService.grpc_client.UpdateObjectLocationBatch.OnReplyReceived - 5 total (0 active), Execution time: mean = 23.531 us, total = 117.654 us, Queueing time: mean = 17.747 us, max = 21.711 us, min = 14.253 us, total = 88.736 us
[state-dump] 	Subscriber.HandlePublishedMessage_WORKER_OBJECT_EVICTION - 3 total (0 active), Execution time: mean = 29.868 us, total = 89.604 us, Queueing time: mean = 70.978 us, max = 80.719 us, min = 65.232 us, total = 212.934 us
[state-dump] 	NodeManagerService.grpc_server.PinObjectIDs.HandleRequestImpl - 3 total (0 active), Execution time: mean = 263.090 us, total = 789.271 us, Queueing time: mean = 259.097 us, max = 746.993 us, min = 13.108 us, total = 777.290 us
[state-dump] 	NodeManagerService.grpc_server.PinObjectIDs - 3 total (0 active), Execution time: mean = 654.906 us, total = 1.965 ms, Queueing time: mean = 0.000 s, max = -0.000 s, min = 9223372036.855 s, total = 0.000 s
[state-dump] 	NodeManager.deadline_timer.print_event_loop_stats - 2 total (1 active, 1 running), Execution time: mean = 480.646 us, total = 961.292 us, Queueing time: mean = 7.228 us, max = 14.456 us, min = 14.456 us, total = 14.456 us
[state-dump] 	ray::rpc::NodeInfoGcsService.grpc_client.CheckAlive - 2 total (0 active), Execution time: mean = 539.666 us, total = 1.079 ms, Queueing time: mean = 0.000 s, max = -0.000 s, min = 9223372036.855 s, total = 0.000 s
[state-dump] 	RaySyncerRegister - 2 total (0 active), Execution time: mean = 1.351 us, total = 2.701 us, Queueing time: mean = 142.000 ns, max = 236.000 ns, min = 48.000 ns, total = 284.000 ns
[state-dump] 	ray::rpc::InternalPubSubGcsService.grpc_client.GcsSubscriberCommandBatch.OnReplyReceived - 2 total (0 active), Execution time: mean = 111.085 us, total = 222.170 us, Queueing time: mean = 805.240 us, max = 1.583 ms, min = 27.235 us, total = 1.610 ms
[state-dump] 	ray::rpc::NodeInfoGcsService.grpc_client.CheckAlive.OnReplyReceived - 2 total (0 active), Execution time: mean = 18.988 us, total = 37.976 us, Queueing time: mean = 19.262 us, max = 21.311 us, min = 17.212 us, total = 38.523 us
[state-dump] 	ray::rpc::InternalPubSubGcsService.grpc_client.GcsSubscriberCommandBatch - 2 total (0 active), Execution time: mean = 568.125 us, total = 1.136 ms, Queueing time: mean = 0.000 s, max = -0.000 s, min = 9223372036.855 s, total = 0.000 s
[state-dump] 	ray::rpc::InternalPubSubGcsService.grpc_client.GcsSubscriberPoll - 2 total (1 active), Execution time: mean = 651.309 ms, total = 1.303 s, Queueing time: mean = 0.000 s, max = -0.000 s, min = 9223372036.855 s, total = 0.000 s
[state-dump] 	NodeManager.GcsCheckAlive - 2 total (1 active), Execution time: mean = 65.055 us, total = 130.109 us, Queueing time: mean = 440.799 us, max = 881.598 us, min = 881.598 us, total = 881.598 us
[state-dump] 	CoreWorkerService.grpc_client.ActorCallArgWaitComplete - 1 total (0 active), Execution time: mean = 849.283 us, total = 849.283 us, Queueing time: mean = 0.000 s, max = -0.000 s, min = 9223372036.855 s, total = 0.000 s
[state-dump] 	ray::rpc::NodeInfoGcsService.grpc_client.RegisterNode - 1 total (0 active), Execution time: mean = 1.106 ms, total = 1.106 ms, Queueing time: mean = 0.000 s, max = -0.000 s, min = 9223372036.855 s, total = 0.000 s
[state-dump] 	Subscriber.HandlePublishedMessage_GCS_JOB_CHANNEL - 1 total (0 active), Execution time: mean = 36.149 us, total = 36.149 us, Queueing time: mean = 147.783 us, max = 147.783 us, min = 147.783 us, total = 147.783 us
[state-dump] 	ray::rpc::JobInfoGcsService.grpc_client.GetAllJobInfo.OnReplyReceived - 1 total (0 active), Execution time: mean = 15.020 us, total = 15.020 us, Queueing time: mean = 16.247 us, max = 16.247 us, min = 16.247 us, total = 16.247 us
[state-dump] 	ray::rpc::JobInfoGcsService.grpc_client.AddJob - 1 total (0 active), Execution time: mean = 601.281 us, total = 601.281 us, Queueing time: mean = 0.000 s, max = -0.000 s, min = 9223372036.855 s, total = 0.000 s
[state-dump] 	ray::rpc::InternalKVGcsService.grpc_client.GetInternalConfig - 1 total (0 active), Execution time: mean = 1.004 ms, total = 1.004 ms, Queueing time: mean = 0.000 s, max = -0.000 s, min = 9223372036.855 s, total = 0.000 s
[state-dump] 	ray::rpc::NodeInfoGcsService.grpc_client.RegisterNode.OnReplyReceived - 1 total (0 active), Execution time: mean = 242.409 us, total = 242.409 us, Queueing time: mean = 21.828 us, max = 21.828 us, min = 21.828 us, total = 21.828 us
[state-dump] 	CoreWorkerService.grpc_client.ActorCallArgWaitComplete.OnReplyReceived - 1 total (0 active), Execution time: mean = 15.258 us, total = 15.258 us, Queueing time: mean = 77.692 us, max = 77.692 us, min = 77.692 us, total = 77.692 us
[state-dump] 	ray::rpc::InternalKVGcsService.grpc_client.GetInternalConfig.OnReplyReceived - 1 total (0 active), Execution time: mean = 14.661 ms, total = 14.661 ms, Queueing time: mean = 18.969 us, max = 18.969 us, min = 18.969 us, total = 18.969 us
[state-dump] 	ray::rpc::NodeInfoGcsService.grpc_client.GetAllNodeInfo - 1 total (0 active), Execution time: mean = 579.734 us, total = 579.734 us, Queueing time: mean = 0.000 s, max = -0.000 s, min = 9223372036.855 s, total = 0.000 s
[state-dump] 	NodeManager.GCTaskFailureReason - 1 total (1 active), Execution time: mean = 0.000 s, total = 0.000 s, Queueing time: mean = 0.000 s, max = -0.000 s, min = 9223372036.855 s, total = 0.000 s
[state-dump] 	ray::rpc::InternalPubSubGcsService.grpc_client.GcsSubscriberPoll.OnReplyReceived - 1 total (0 active), Execution time: mean = 129.504 us, total = 129.504 us, Queueing time: mean = 21.254 us, max = 21.254 us, min = 21.254 us, total = 21.254 us
[state-dump] 	ray::rpc::JobInfoGcsService.grpc_client.AddJob.OnReplyReceived - 1 total (0 active), Execution time: mean = 26.927 us, total = 26.927 us, Queueing time: mean = 130.916 us, max = 130.916 us, min = 130.916 us, total = 130.916 us
[state-dump] 	ray::rpc::JobInfoGcsService.grpc_client.GetAllJobInfo - 1 total (0 active), Execution time: mean = 472.114 us, total = 472.114 us, Queueing time: mean = 0.000 s, max = -0.000 s, min = 9223372036.855 s, total = 0.000 s
[state-dump] 	ray::rpc::NodeInfoGcsService.grpc_client.GetAllNodeInfo.OnReplyReceived - 1 total (0 active), Execution time: mean = 104.212 us, total = 104.212 us, Queueing time: mean = 84.211 us, max = 84.211 us, min = 84.211 us, total = 84.211 us
[state-dump] DebugString() time ms: 1
[state-dump] 
[state-dump] 
[2025-06-26 10:41:05,233 W 2374531 2374531] (raylet) memory_monitor.cc:198: Got negative used memory for cgroup -1, setting it to zero
[2025-06-26 10:41:10,236 W 2374531 2374531] (raylet) memory_monitor.cc:198: Got negative used memory for cgroup -1, setting it to zero
[2025-06-26 10:41:15,239 W 2374531 2374531] (raylet) memory_monitor.cc:198: Got negative used memory for cgroup -1, setting it to zero
[2025-06-26 10:41:20,242 W 2374531 2374531] (raylet) memory_monitor.cc:198: Got negative used memory for cgroup -1, setting it to zero
[2025-06-26 10:41:25,246 W 2374531 2374531] (raylet) memory_monitor.cc:198: Got negative used memory for cgroup -1, setting it to zero
[2025-06-26 10:41:30,249 W 2374531 2374531] (raylet) memory_monitor.cc:198: Got negative used memory for cgroup -1, setting it to zero
[2025-06-26 10:41:35,253 W 2374531 2374531] (raylet) memory_monitor.cc:198: Got negative used memory for cgroup -1, setting it to zero
[2025-06-26 10:41:40,257 W 2374531 2374531] (raylet) memory_monitor.cc:198: Got negative used memory for cgroup -1, setting it to zero
[2025-06-26 10:41:45,261 W 2374531 2374531] (raylet) memory_monitor.cc:198: Got negative used memory for cgroup -1, setting it to zero
[2025-06-26 10:41:50,264 W 2374531 2374531] (raylet) memory_monitor.cc:198: Got negative used memory for cgroup -1, setting it to zero
[2025-06-26 10:41:55,268 W 2374531 2374531] (raylet) memory_monitor.cc:198: Got negative used memory for cgroup -1, setting it to zero
