[2025-06-26 10:19:09,063 I 2331473 2331473] (raylet) main.cc:226: Setting cluster ID to: f1addeec82b42dfc68a5ab06f3d8a3d56295fae7872435b23cd617ce
[2025-06-26 10:19:09,069 I 2331473 2331473] (raylet) main.cc:341: Raylet is not set to kill unknown children.
[2025-06-26 10:19:09,069 I 2331473 2331473] (raylet) io_service_pool.cc:36: IOServicePool is running with 1 io_service.
[2025-06-26 10:19:09,069 I 2331473 2331473] (raylet) main.cc:469: Setting node ID node_id=651df9b53c4e9fb800fcdc21f8e5ab168bcb46f95a536337d19f7d6e
[2025-06-26 10:19:09,070 I 2331473 2331473] (raylet) store_runner.cc:50: Allowing the Plasma store to use up to 68.7195GB of memory.
[2025-06-26 10:19:09,070 I 2331473 2331473] (raylet) store_runner.cc:66: Starting object store with directory /dev/shm, fallback /home/shuzuan/prj/ComfyUI-xDit/ray_temp/session_2025-06-26_10-19-08_069479_2331041, and huge page support disabled
[2025-06-26 10:19:09,070 I 2331473 2331501] (raylet) dlmalloc.cc:324: Setting dlmalloc config: plasma_directory=/dev/shm, fallback_directory=/home/shuzuan/prj/ComfyUI-xDit/ray_temp/session_2025-06-26_10-19-08_069479_2331041, hugepage_enabled=0, fallback_enabled=1
[2025-06-26 10:19:09,070 I 2331473 2331501] (raylet) dlmalloc.cc:153: create_and_mmap_buffer(68719476744, /dev/shm/plasmaXXXXXX)
[2025-06-26 10:19:09,070 I 2331473 2331501] (raylet) store.cc:576: Plasma store debug dump: 
Current usage: 0 / 68.7195 GB
- num bytes created total: 0
0 pending objects of total size 0MB
- objects spillable: 0
- bytes spillable: 0
- objects unsealed: 0
- bytes unsealed: 0
- objects in use: 0
- bytes in use: 0
- objects evictable: 0
- bytes evictable: 0

- objects created by worker: 0
- bytes created by worker: 0
- objects restored: 0
- bytes restored: 0
- objects received: 0
- bytes received: 0
- objects errored: 0
- bytes errored: 0

[2025-06-26 10:19:09,073 I 2331473 2331473] (raylet) grpc_server.cc:141: ObjectManager server started, listening on port 45551.
[2025-06-26 10:19:09,075 I 2331473 2331473] (raylet) worker_killing_policy.cc:107: Running GroupByOwner policy.
[2025-06-26 10:19:09,075 W 2331473 2331473] (raylet) memory_monitor.cc:198: Got negative used memory for cgroup -1, setting it to zero
[2025-06-26 10:19:09,075 I 2331473 2331473] (raylet) memory_monitor.cc:48: MemoryMonitor initialized with usage threshold at 256695140352 bytes (0.95 system memory), total system memory bytes: 270205427712
[2025-06-26 10:19:09,075 I 2331473 2331473] (raylet) node_manager.cc:227: Initializing NodeManager node_id=651df9b53c4e9fb800fcdc21f8e5ab168bcb46f95a536337d19f7d6e
[2025-06-26 10:19:09,076 I 2331473 2331473] (raylet) grpc_server.cc:141: NodeManager server started, listening on port 37357.
[2025-06-26 10:19:09,083 I 2331473 2331548] (raylet) agent_manager.cc:80: Monitor agent process with name dashboard_agent
[2025-06-26 10:19:09,084 I 2331473 2331550] (raylet) agent_manager.cc:80: Monitor agent process with name runtime_env_agent
[2025-06-26 10:19:09,084 I 2331473 2331473] (raylet) event.cc:500: Ray Event initialized for RAYLET
[2025-06-26 10:19:09,084 I 2331473 2331473] (raylet) event.cc:331: Set ray event level to warning
[2025-06-26 10:19:09,085 I 2331473 2331473] (raylet) raylet.cc:260: Raylet of id, 651df9b53c4e9fb800fcdc21f8e5ab168bcb46f95a536337d19f7d6e started. Raylet consists of node_manager and object_manager. node_manager address: 192.168.10.101:37357 object_manager address: 192.168.10.101:45551 hostname: vm-ubuntu1
[2025-06-26 10:19:09,087 I 2331473 2331473] (raylet) node_manager.cc:450: [state-dump] NodeManager:
[state-dump] Node ID: 651df9b53c4e9fb800fcdc21f8e5ab168bcb46f95a536337d19f7d6e
[state-dump] Node name: 192.168.10.101
[state-dump] InitialConfigResources: {CPU: 96, GPU: 8, object_store_memory: 6.87195e+10, memory: 1.97149e+11, node:__internal_head__: 1, accelerator_type:G: 1, node:192.168.10.101: 1}
[state-dump] ClusterTaskManager:
[state-dump] ========== Node: 651df9b53c4e9fb800fcdc21f8e5ab168bcb46f95a536337d19f7d6e =================
[state-dump] Infeasible queue length: 0
[state-dump] Schedule queue length: 0
[state-dump] Dispatch queue length: 0
[state-dump] num_waiting_for_resource: 0
[state-dump] num_waiting_for_plasma_memory: 0
[state-dump] num_waiting_for_remote_node_resources: 0
[state-dump] num_worker_not_started_by_job_config_not_exist: 0
[state-dump] num_worker_not_started_by_registration_timeout: 0
[state-dump] num_tasks_waiting_for_workers: 0
[state-dump] num_cancelled_tasks: 0
[state-dump] cluster_resource_scheduler state: 
[state-dump] Local id: 7542258688710335232 Local resources: {"total":{node:192.168.10.101: [10000], accelerator_type:G: [10000], node:__internal_head__: [10000], CPU: [960000], GPU: [10000, 10000, 10000, 10000, 10000, 10000, 10000, 10000], memory: [1971492085760000], object_store_memory: [687194767360000]}}, "available": {accelerator_type:G: [10000], node:192.168.10.101: [10000], node:__internal_head__: [10000], CPU: [960000], memory: [1971492085760000], GPU: [10000, 10000, 10000, 10000, 10000, 10000, 10000, 10000], object_store_memory: [687194767360000]}}, "labels":{"ray.io/node_id":"651df9b53c4e9fb800fcdc21f8e5ab168bcb46f95a536337d19f7d6e",} is_draining: 0 is_idle: 1 Cluster resources (at most 20 nodes are shown): node id: 7542258688710335232{"total":{object_store_memory: 687194767360000, memory: 1971492085760000, CPU: 960000, node:192.168.10.101: 10000, GPU: 80000, accelerator_type:G: 10000, node:__internal_head__: 10000}}, "available": {object_store_memory: 687194767360000, memory: 1971492085760000, CPU: 960000, node:192.168.10.101: 10000, GPU: 80000, accelerator_type:G: 10000, node:__internal_head__: 10000}}, "labels":{"ray.io/node_id":"651df9b53c4e9fb800fcdc21f8e5ab168bcb46f95a536337d19f7d6e",}, "is_draining": 0, "draining_deadline_timestamp_ms": -1} { "placement group locations": [], "node to bundles": []}
[state-dump] Waiting tasks size: 0
[state-dump] Number of executing tasks: 0
[state-dump] Number of pinned task arguments: 0
[state-dump] Number of total spilled tasks: 0
[state-dump] Number of spilled waiting tasks: 0
[state-dump] Number of spilled unschedulable tasks: 0
[state-dump] Resource usage {
[state-dump] }
[state-dump] Backlog Size per scheduling descriptor :{workerId: num backlogs}:
[state-dump] 
[state-dump] Running tasks by scheduling class:
[state-dump] ==================================================
[state-dump] 
[state-dump] ClusterResources:
[state-dump] LocalObjectManager:
[state-dump] - num pinned objects: 0
[state-dump] - pinned objects size: 0
[state-dump] - num objects pending restore: 0
[state-dump] - num objects pending spill: 0
[state-dump] - num bytes pending spill: 0
[state-dump] - num bytes currently spilled: 0
[state-dump] - cumulative spill requests: 0
[state-dump] - cumulative restore requests: 0
[state-dump] - spilled objects pending delete: 0
[state-dump] 
[state-dump] ObjectManager:
[state-dump] - num local objects: 0
[state-dump] - num unfulfilled push requests: 0
[state-dump] - num object pull requests: 0
[state-dump] - num chunks received total: 0
[state-dump] - num chunks received failed (all): 0
[state-dump] - num chunks received failed / cancelled: 0
[state-dump] - num chunks received failed / plasma error: 0
[state-dump] Event stats:
[state-dump] Global stats: 0 total (0 active)
[state-dump] Queueing time: mean = -nan s, max = -0.000 s, min = 9223372036.855 s, total = 0.000 s
[state-dump] Execution time:  mean = -nan s, total = 0.000 s
[state-dump] Event stats:
[state-dump] PushManager:
[state-dump] - num pushes in flight: 0
[state-dump] - num chunks in flight: 0
[state-dump] - num chunks remaining: 0
[state-dump] - max chunks allowed: 409
[state-dump] OwnershipBasedObjectDirectory:
[state-dump] - num listeners: 0
[state-dump] - cumulative location updates: 0
[state-dump] - num location updates per second: 0.000
[state-dump] - num location lookups per second: 0.000
[state-dump] - num locations added per second: 0.000
[state-dump] - num locations removed per second: 0.000
[state-dump] BufferPool:
[state-dump] - create buffer state map size: 0
[state-dump] PullManager:
[state-dump] - num bytes available for pulled objects: 68719476736
[state-dump] - num bytes being pulled (all): 0
[state-dump] - num bytes being pulled / pinned: 0
[state-dump] - get request bundles: BundlePullRequestQueue{0 total, 0 active, 0 inactive, 0 unpullable}
[state-dump] - wait request bundles: BundlePullRequestQueue{0 total, 0 active, 0 inactive, 0 unpullable}
[state-dump] - task request bundles: BundlePullRequestQueue{0 total, 0 active, 0 inactive, 0 unpullable}
[state-dump] - first get request bundle: N/A
[state-dump] - first wait request bundle: N/A
[state-dump] - first task request bundle: N/A
[state-dump] - num objects queued: 0
[state-dump] - num objects actively pulled (all): 0
[state-dump] - num objects actively pulled / pinned: 0
[state-dump] - num bundles being pulled: 0
[state-dump] - num pull retries: 0
[state-dump] - max timeout seconds: 0
[state-dump] - max timeout request is already processed. No entry.
[state-dump] 
[state-dump] WorkerPool:
[state-dump] - registered jobs: 0
[state-dump] - process_failed_job_config_missing: 0
[state-dump] - process_failed_rate_limited: 0
[state-dump] - process_failed_pending_registration: 0
[state-dump] - process_failed_runtime_env_setup_failed: 0
[state-dump] - num JAVA workers: 0
[state-dump] - num JAVA drivers: 0
[state-dump] - num JAVA pending start requests: 0
[state-dump] - num JAVA pending registration requests: 0
[state-dump] - num object spill callbacks queued: 0
[state-dump] - num object restore queued: 0
[state-dump] - num util functions queued: 0
[state-dump] - num PYTHON workers: 0
[state-dump] - num PYTHON drivers: 0
[state-dump] - num PYTHON pending start requests: 0
[state-dump] - num PYTHON pending registration requests: 0
[state-dump] - num object spill callbacks queued: 0
[state-dump] - num object restore queued: 0
[state-dump] - num util functions queued: 0
[state-dump] - num idle workers: 0
[state-dump] TaskDependencyManager:
[state-dump] - task deps map size: 0
[state-dump] - get req map size: 0
[state-dump] - wait req map size: 0
[state-dump] - local objects map size: 0
[state-dump] WaitManager:
[state-dump] - num active wait requests: 0
[state-dump] Subscriber:
[state-dump] Channel WORKER_OBJECT_EVICTION
[state-dump] - cumulative subscribe requests: 0
[state-dump] - cumulative unsubscribe requests: 0
[state-dump] - active subscribed publishers: 0
[state-dump] - cumulative published messages: 0
[state-dump] - cumulative processed messages: 0
[state-dump] Channel WORKER_REF_REMOVED_CHANNEL
[state-dump] - cumulative subscribe requests: 0
[state-dump] - cumulative unsubscribe requests: 0
[state-dump] - active subscribed publishers: 0
[state-dump] - cumulative published messages: 0
[state-dump] - cumulative processed messages: 0
[state-dump] Channel WORKER_OBJECT_LOCATIONS_CHANNEL
[state-dump] - cumulative subscribe requests: 0
[state-dump] - cumulative unsubscribe requests: 0
[state-dump] - active subscribed publishers: 0
[state-dump] - cumulative published messages: 0
[state-dump] - cumulative processed messages: 0
[state-dump] num async plasma notifications: 0
[state-dump] Event stats:
[state-dump] Global stats: 29 total (14 active)
[state-dump] Queueing time: mean = 1.386 ms, max = 8.688 ms, min = 16.124 us, total = 40.201 ms
[state-dump] Execution time:  mean = 656.966 us, total = 19.052 ms
[state-dump] Event stats:
[state-dump] 	PeriodicalRunner.RunFnPeriodically - 12 total (2 active, 1 running), Execution time: mean = 135.232 us, total = 1.623 ms, Queueing time: mean = 3.347 ms, max = 8.688 ms, min = 21.345 us, total = 40.167 ms
[state-dump] 	ray::rpc::InternalPubSubGcsService.grpc_client.GcsSubscriberPoll - 1 total (1 active), Execution time: mean = 0.000 s, total = 0.000 s, Queueing time: mean = 0.000 s, max = -0.000 s, min = 9223372036.855 s, total = 0.000 s
[state-dump] 	ray::rpc::InternalKVGcsService.grpc_client.GetInternalConfig.OnReplyReceived - 1 total (0 active), Execution time: mean = 15.107 ms, total = 15.107 ms, Queueing time: mean = 16.124 us, max = 16.124 us, min = 16.124 us, total = 16.124 us
[state-dump] 	ray::rpc::InternalPubSubGcsService.grpc_client.GcsSubscriberCommandBatch - 1 total (0 active), Execution time: mean = 547.345 us, total = 547.345 us, Queueing time: mean = 0.000 s, max = -0.000 s, min = 9223372036.855 s, total = 0.000 s
[state-dump] 	RayletWorkerPool.deadline_timer.kill_idle_workers - 1 total (1 active), Execution time: mean = 0.000 s, total = 0.000 s, Queueing time: mean = 0.000 s, max = -0.000 s, min = 9223372036.855 s, total = 0.000 s
[state-dump] 	ray::rpc::InternalPubSubGcsService.grpc_client.GcsSubscriberCommandBatch.OnReplyReceived - 1 total (1 active), Execution time: mean = 0.000 s, total = 0.000 s, Queueing time: mean = 0.000 s, max = -0.000 s, min = 9223372036.855 s, total = 0.000 s
[state-dump] 	NodeManager.CheckForUnexpectedWorkerDisconnects - 1 total (1 active), Execution time: mean = 0.000 s, total = 0.000 s, Queueing time: mean = 0.000 s, max = -0.000 s, min = 9223372036.855 s, total = 0.000 s
[state-dump] 	ray::rpc::NodeInfoGcsService.grpc_client.RegisterNode.OnReplyReceived - 1 total (0 active), Execution time: mean = 207.919 us, total = 207.919 us, Queueing time: mean = 18.550 us, max = 18.550 us, min = 18.550 us, total = 18.550 us
[state-dump] 	NodeManager.GCTaskFailureReason - 1 total (1 active), Execution time: mean = 0.000 s, total = 0.000 s, Queueing time: mean = 0.000 s, max = -0.000 s, min = 9223372036.855 s, total = 0.000 s
[state-dump] 	NodeManager.deadline_timer.flush_free_objects - 1 total (1 active), Execution time: mean = 0.000 s, total = 0.000 s, Queueing time: mean = 0.000 s, max = -0.000 s, min = 9223372036.855 s, total = 0.000 s
[state-dump] 	NodeManager.deadline_timer.spill_objects_when_over_threshold - 1 total (1 active), Execution time: mean = 0.000 s, total = 0.000 s, Queueing time: mean = 0.000 s, max = -0.000 s, min = 9223372036.855 s, total = 0.000 s
[state-dump] 	MemoryMonitor.CheckIsMemoryUsageAboveThreshold - 1 total (1 active), Execution time: mean = 0.000 s, total = 0.000 s, Queueing time: mean = 0.000 s, max = -0.000 s, min = 9223372036.855 s, total = 0.000 s
[state-dump] 	NodeManager.deadline_timer.record_metrics - 1 total (1 active), Execution time: mean = 0.000 s, total = 0.000 s, Queueing time: mean = 0.000 s, max = -0.000 s, min = 9223372036.855 s, total = 0.000 s
[state-dump] 	ClusterResourceManager.ResetRemoteNodeView - 1 total (1 active), Execution time: mean = 0.000 s, total = 0.000 s, Queueing time: mean = 0.000 s, max = -0.000 s, min = 9223372036.855 s, total = 0.000 s
[state-dump] 	ray::rpc::NodeInfoGcsService.grpc_client.RegisterNode - 1 total (0 active), Execution time: mean = 806.264 us, total = 806.264 us, Queueing time: mean = 0.000 s, max = -0.000 s, min = 9223372036.855 s, total = 0.000 s
[state-dump] 	NodeManager.ScheduleAndDispatchTasks - 1 total (1 active), Execution time: mean = 0.000 s, total = 0.000 s, Queueing time: mean = 0.000 s, max = -0.000 s, min = 9223372036.855 s, total = 0.000 s
[state-dump] 	ray::rpc::InternalKVGcsService.grpc_client.GetInternalConfig - 1 total (0 active), Execution time: mean = 761.104 us, total = 761.104 us, Queueing time: mean = 0.000 s, max = -0.000 s, min = 9223372036.855 s, total = 0.000 s
[state-dump] 	NodeManager.deadline_timer.debug_state_dump - 1 total (1 active), Execution time: mean = 0.000 s, total = 0.000 s, Queueing time: mean = 0.000 s, max = -0.000 s, min = 9223372036.855 s, total = 0.000 s
[state-dump] DebugString() time ms: 0
[state-dump] 
[state-dump] 
[2025-06-26 10:19:09,088 I 2331473 2331473] (raylet) accessor.cc:768: Received notification for node, IsAlive = 1 node_id=651df9b53c4e9fb800fcdc21f8e5ab168bcb46f95a536337d19f7d6e
[2025-06-26 10:19:09,102 I 2331473 2331473] (raylet) worker_pool.cc:527: Started worker process with pid 2331589, the token is 0
[2025-06-26 10:19:09,105 I 2331473 2331473] (raylet) worker_pool.cc:527: Started worker process with pid 2331590, the token is 1
[2025-06-26 10:19:09,108 I 2331473 2331473] (raylet) worker_pool.cc:527: Started worker process with pid 2331591, the token is 2
[2025-06-26 10:19:09,111 I 2331473 2331473] (raylet) worker_pool.cc:527: Started worker process with pid 2331592, the token is 3
[2025-06-26 10:19:09,113 I 2331473 2331473] (raylet) worker_pool.cc:527: Started worker process with pid 2331593, the token is 4
[2025-06-26 10:19:09,116 I 2331473 2331473] (raylet) worker_pool.cc:527: Started worker process with pid 2331594, the token is 5
[2025-06-26 10:19:09,118 I 2331473 2331473] (raylet) worker_pool.cc:527: Started worker process with pid 2331595, the token is 6
[2025-06-26 10:19:09,121 I 2331473 2331473] (raylet) worker_pool.cc:527: Started worker process with pid 2331596, the token is 7
[2025-06-26 10:19:09,124 I 2331473 2331473] (raylet) worker_pool.cc:527: Started worker process with pid 2331597, the token is 8
[2025-06-26 10:19:09,127 I 2331473 2331473] (raylet) worker_pool.cc:527: Started worker process with pid 2331598, the token is 9
[2025-06-26 10:19:09,129 I 2331473 2331473] (raylet) worker_pool.cc:527: Started worker process with pid 2331599, the token is 10
[2025-06-26 10:19:09,132 I 2331473 2331473] (raylet) worker_pool.cc:527: Started worker process with pid 2331600, the token is 11
[2025-06-26 10:19:09,134 I 2331473 2331473] (raylet) worker_pool.cc:527: Started worker process with pid 2331601, the token is 12
[2025-06-26 10:19:09,137 I 2331473 2331473] (raylet) worker_pool.cc:527: Started worker process with pid 2331602, the token is 13
[2025-06-26 10:19:09,139 I 2331473 2331473] (raylet) worker_pool.cc:527: Started worker process with pid 2331603, the token is 14
[2025-06-26 10:19:09,142 I 2331473 2331473] (raylet) worker_pool.cc:527: Started worker process with pid 2331604, the token is 15
[2025-06-26 10:19:09,145 I 2331473 2331473] (raylet) worker_pool.cc:527: Started worker process with pid 2331605, the token is 16
[2025-06-26 10:19:09,148 I 2331473 2331473] (raylet) worker_pool.cc:527: Started worker process with pid 2331606, the token is 17
[2025-06-26 10:19:09,150 I 2331473 2331473] (raylet) worker_pool.cc:527: Started worker process with pid 2331607, the token is 18
[2025-06-26 10:19:09,153 I 2331473 2331473] (raylet) worker_pool.cc:527: Started worker process with pid 2331608, the token is 19
[2025-06-26 10:19:09,156 I 2331473 2331473] (raylet) worker_pool.cc:527: Started worker process with pid 2331609, the token is 20
[2025-06-26 10:19:09,158 I 2331473 2331473] (raylet) worker_pool.cc:527: Started worker process with pid 2331610, the token is 21
[2025-06-26 10:19:09,161 I 2331473 2331473] (raylet) worker_pool.cc:527: Started worker process with pid 2331611, the token is 22
[2025-06-26 10:19:09,164 I 2331473 2331473] (raylet) worker_pool.cc:527: Started worker process with pid 2331612, the token is 23
[2025-06-26 10:19:09,167 I 2331473 2331473] (raylet) worker_pool.cc:527: Started worker process with pid 2331613, the token is 24
[2025-06-26 10:19:09,171 I 2331473 2331473] (raylet) worker_pool.cc:527: Started worker process with pid 2331614, the token is 25
[2025-06-26 10:19:09,175 I 2331473 2331473] (raylet) worker_pool.cc:527: Started worker process with pid 2331615, the token is 26
[2025-06-26 10:19:09,180 I 2331473 2331473] (raylet) worker_pool.cc:527: Started worker process with pid 2331616, the token is 27
[2025-06-26 10:19:09,184 I 2331473 2331473] (raylet) worker_pool.cc:527: Started worker process with pid 2331617, the token is 28
[2025-06-26 10:19:09,189 I 2331473 2331473] (raylet) worker_pool.cc:527: Started worker process with pid 2331618, the token is 29
[2025-06-26 10:19:09,193 I 2331473 2331473] (raylet) worker_pool.cc:527: Started worker process with pid 2331619, the token is 30
[2025-06-26 10:19:09,197 I 2331473 2331473] (raylet) worker_pool.cc:527: Started worker process with pid 2331620, the token is 31
[2025-06-26 10:19:09,201 I 2331473 2331473] (raylet) worker_pool.cc:527: Started worker process with pid 2331621, the token is 32
[2025-06-26 10:19:09,206 I 2331473 2331473] (raylet) worker_pool.cc:527: Started worker process with pid 2331622, the token is 33
[2025-06-26 10:19:09,211 I 2331473 2331473] (raylet) worker_pool.cc:527: Started worker process with pid 2331623, the token is 34
[2025-06-26 10:19:09,215 I 2331473 2331473] (raylet) worker_pool.cc:527: Started worker process with pid 2331624, the token is 35
[2025-06-26 10:19:09,220 I 2331473 2331473] (raylet) worker_pool.cc:527: Started worker process with pid 2331625, the token is 36
[2025-06-26 10:19:09,224 I 2331473 2331473] (raylet) worker_pool.cc:527: Started worker process with pid 2331626, the token is 37
[2025-06-26 10:19:09,229 I 2331473 2331473] (raylet) worker_pool.cc:527: Started worker process with pid 2331627, the token is 38
[2025-06-26 10:19:09,233 I 2331473 2331473] (raylet) worker_pool.cc:527: Started worker process with pid 2331629, the token is 39
[2025-06-26 10:19:09,238 I 2331473 2331473] (raylet) worker_pool.cc:527: Started worker process with pid 2331630, the token is 40
[2025-06-26 10:19:09,243 I 2331473 2331473] (raylet) worker_pool.cc:527: Started worker process with pid 2331631, the token is 41
[2025-06-26 10:19:09,248 I 2331473 2331473] (raylet) worker_pool.cc:527: Started worker process with pid 2331633, the token is 42
[2025-06-26 10:19:09,253 I 2331473 2331473] (raylet) worker_pool.cc:527: Started worker process with pid 2331634, the token is 43
[2025-06-26 10:19:09,257 I 2331473 2331473] (raylet) worker_pool.cc:527: Started worker process with pid 2331635, the token is 44
[2025-06-26 10:19:09,263 I 2331473 2331473] (raylet) worker_pool.cc:527: Started worker process with pid 2331637, the token is 45
[2025-06-26 10:19:09,268 I 2331473 2331473] (raylet) worker_pool.cc:527: Started worker process with pid 2331639, the token is 46
[2025-06-26 10:19:09,273 I 2331473 2331473] (raylet) worker_pool.cc:527: Started worker process with pid 2331642, the token is 47
[2025-06-26 10:19:09,279 I 2331473 2331473] (raylet) worker_pool.cc:527: Started worker process with pid 2331644, the token is 48
[2025-06-26 10:19:09,284 I 2331473 2331473] (raylet) worker_pool.cc:527: Started worker process with pid 2331645, the token is 49
[2025-06-26 10:19:09,289 I 2331473 2331473] (raylet) worker_pool.cc:527: Started worker process with pid 2331646, the token is 50
[2025-06-26 10:19:09,294 I 2331473 2331473] (raylet) worker_pool.cc:527: Started worker process with pid 2331647, the token is 51
[2025-06-26 10:19:09,298 I 2331473 2331473] (raylet) worker_pool.cc:527: Started worker process with pid 2331648, the token is 52
[2025-06-26 10:19:09,304 I 2331473 2331473] (raylet) worker_pool.cc:527: Started worker process with pid 2331652, the token is 53
[2025-06-26 10:19:09,309 I 2331473 2331473] (raylet) worker_pool.cc:527: Started worker process with pid 2331653, the token is 54
[2025-06-26 10:19:09,314 I 2331473 2331473] (raylet) worker_pool.cc:527: Started worker process with pid 2331654, the token is 55
[2025-06-26 10:19:09,319 I 2331473 2331473] (raylet) worker_pool.cc:527: Started worker process with pid 2331655, the token is 56
[2025-06-26 10:19:09,325 I 2331473 2331473] (raylet) worker_pool.cc:527: Started worker process with pid 2331656, the token is 57
[2025-06-26 10:19:09,332 I 2331473 2331473] (raylet) worker_pool.cc:527: Started worker process with pid 2331657, the token is 58
[2025-06-26 10:19:09,338 I 2331473 2331473] (raylet) worker_pool.cc:527: Started worker process with pid 2331661, the token is 59
[2025-06-26 10:19:09,343 I 2331473 2331473] (raylet) worker_pool.cc:527: Started worker process with pid 2331662, the token is 60
[2025-06-26 10:19:09,348 I 2331473 2331473] (raylet) worker_pool.cc:527: Started worker process with pid 2331663, the token is 61
[2025-06-26 10:19:09,354 I 2331473 2331473] (raylet) worker_pool.cc:527: Started worker process with pid 2331664, the token is 62
[2025-06-26 10:19:09,359 I 2331473 2331473] (raylet) worker_pool.cc:527: Started worker process with pid 2331665, the token is 63
[2025-06-26 10:19:09,364 I 2331473 2331473] (raylet) worker_pool.cc:527: Started worker process with pid 2331667, the token is 64
[2025-06-26 10:19:09,370 I 2331473 2331473] (raylet) worker_pool.cc:527: Started worker process with pid 2331668, the token is 65
[2025-06-26 10:19:09,376 I 2331473 2331473] (raylet) worker_pool.cc:527: Started worker process with pid 2331669, the token is 66
[2025-06-26 10:19:09,380 I 2331473 2331473] (raylet) worker_pool.cc:527: Started worker process with pid 2331670, the token is 67
[2025-06-26 10:19:09,385 I 2331473 2331473] (raylet) worker_pool.cc:527: Started worker process with pid 2331671, the token is 68
[2025-06-26 10:19:09,389 I 2331473 2331473] (raylet) worker_pool.cc:527: Started worker process with pid 2331673, the token is 69
[2025-06-26 10:19:09,394 I 2331473 2331473] (raylet) worker_pool.cc:527: Started worker process with pid 2331674, the token is 70
[2025-06-26 10:19:09,398 I 2331473 2331473] (raylet) worker_pool.cc:527: Started worker process with pid 2331677, the token is 71
[2025-06-26 10:19:09,402 I 2331473 2331473] (raylet) worker_pool.cc:527: Started worker process with pid 2331681, the token is 72
[2025-06-26 10:19:09,407 I 2331473 2331473] (raylet) worker_pool.cc:527: Started worker process with pid 2331682, the token is 73
[2025-06-26 10:19:09,411 I 2331473 2331473] (raylet) worker_pool.cc:527: Started worker process with pid 2331699, the token is 74
[2025-06-26 10:19:09,416 I 2331473 2331473] (raylet) worker_pool.cc:527: Started worker process with pid 2331714, the token is 75
[2025-06-26 10:19:09,421 I 2331473 2331473] (raylet) worker_pool.cc:527: Started worker process with pid 2331716, the token is 76
[2025-06-26 10:19:09,425 I 2331473 2331473] (raylet) worker_pool.cc:527: Started worker process with pid 2331745, the token is 77
[2025-06-26 10:19:09,430 I 2331473 2331473] (raylet) worker_pool.cc:527: Started worker process with pid 2331751, the token is 78
[2025-06-26 10:19:09,435 I 2331473 2331473] (raylet) worker_pool.cc:527: Started worker process with pid 2331769, the token is 79
[2025-06-26 10:19:09,440 I 2331473 2331473] (raylet) worker_pool.cc:527: Started worker process with pid 2331771, the token is 80
[2025-06-26 10:19:09,444 I 2331473 2331473] (raylet) worker_pool.cc:527: Started worker process with pid 2331773, the token is 81
[2025-06-26 10:19:09,472 I 2331473 2331473] (raylet) worker_pool.cc:527: Started worker process with pid 2331801, the token is 82
[2025-06-26 10:19:09,478 I 2331473 2331473] (raylet) worker_pool.cc:527: Started worker process with pid 2331802, the token is 83
[2025-06-26 10:19:09,483 I 2331473 2331473] (raylet) worker_pool.cc:527: Started worker process with pid 2331809, the token is 84
[2025-06-26 10:19:09,487 I 2331473 2331473] (raylet) worker_pool.cc:527: Started worker process with pid 2331815, the token is 85
[2025-06-26 10:19:09,493 I 2331473 2331473] (raylet) worker_pool.cc:527: Started worker process with pid 2331820, the token is 86
[2025-06-26 10:19:09,498 I 2331473 2331473] (raylet) worker_pool.cc:527: Started worker process with pid 2331888, the token is 87
[2025-06-26 10:19:09,503 I 2331473 2331473] (raylet) worker_pool.cc:527: Started worker process with pid 2331891, the token is 88
[2025-06-26 10:19:09,508 I 2331473 2331473] (raylet) worker_pool.cc:527: Started worker process with pid 2331896, the token is 89
[2025-06-26 10:19:09,513 I 2331473 2331473] (raylet) worker_pool.cc:527: Started worker process with pid 2331925, the token is 90
[2025-06-26 10:19:09,519 I 2331473 2331473] (raylet) worker_pool.cc:527: Started worker process with pid 2331938, the token is 91
[2025-06-26 10:19:09,524 I 2331473 2331473] (raylet) worker_pool.cc:527: Started worker process with pid 2331974, the token is 92
[2025-06-26 10:19:09,531 I 2331473 2331473] (raylet) worker_pool.cc:527: Started worker process with pid 2331997, the token is 93
[2025-06-26 10:19:09,536 I 2331473 2331473] (raylet) worker_pool.cc:527: Started worker process with pid 2332054, the token is 94
[2025-06-26 10:19:09,541 I 2331473 2331473] (raylet) worker_pool.cc:527: Started worker process with pid 2332104, the token is 95
[2025-06-26 10:19:09,553 I 2331473 2331501] (raylet) object_store.cc:38: Object store current usage 8e-09 / 68.7195 GB.
[2025-06-26 10:19:10,025 I 2331473 2331473] (raylet) worker_pool.cc:724: Job 01000000 already started in worker pool.
[2025-06-26 10:19:14,295 W 2331473 2331473] (raylet) memory_monitor.cc:198: Got negative used memory for cgroup -1, setting it to zero
[2025-06-26 10:19:19,083 W 2331473 2331495] (raylet) metric_exporter.cc:105: [1] Export metrics to agent failed: RpcError: RPC Error message: failed to connect to all addresses; last error: UNKNOWN: ipv4:127.0.0.1:62981: Failed to connect to remote host: Connection refused; RPC Error details:  rpc_code: 14. This won't affect Ray, but you can lose metrics from the cluster.
[2025-06-26 10:19:19,298 W 2331473 2331473] (raylet) memory_monitor.cc:198: Got negative used memory for cgroup -1, setting it to zero
[2025-06-26 10:19:24,302 W 2331473 2331473] (raylet) memory_monitor.cc:198: Got negative used memory for cgroup -1, setting it to zero
[2025-06-26 10:19:29,305 W 2331473 2331473] (raylet) memory_monitor.cc:198: Got negative used memory for cgroup -1, setting it to zero
[2025-06-26 10:19:34,309 W 2331473 2331473] (raylet) memory_monitor.cc:198: Got negative used memory for cgroup -1, setting it to zero
[2025-06-26 10:19:39,312 W 2331473 2331473] (raylet) memory_monitor.cc:198: Got negative used memory for cgroup -1, setting it to zero
[2025-06-26 10:19:44,315 W 2331473 2331473] (raylet) memory_monitor.cc:198: Got negative used memory for cgroup -1, setting it to zero
[2025-06-26 10:19:46,976 I 2331473 2331473] (raylet) node_manager.cc:1523: Disconnecting client, graceful=true, disconnect_type=1, has_creation_task_exception=false worker_id=87f57dd7a97dfc5420e99fb66c12440806328402bef45da39cce0da0
[2025-06-26 10:19:46,976 I 2331473 2331473] (raylet) node_manager.cc:1523: Disconnecting client, graceful=true, disconnect_type=1, has_creation_task_exception=false worker_id=4247aa8e4ce9229caadb8be9a8208f574e472f8a708886d256491045
[2025-06-26 10:19:46,977 I 2331473 2331473] (raylet) node_manager.cc:1523: Disconnecting client, graceful=true, disconnect_type=1, has_creation_task_exception=false worker_id=5193330124b61b09657791b13e5545122fa2b6bd7fe2017c3490b3ea
[2025-06-26 10:19:46,977 I 2331473 2331473] (raylet) node_manager.cc:1523: Disconnecting client, graceful=true, disconnect_type=1, has_creation_task_exception=false worker_id=41b489befae809b29cce911d10b95bb60a400fb08529bff0ed507edf
[2025-06-26 10:19:46,978 I 2331473 2331473] (raylet) node_manager.cc:1523: Disconnecting client, graceful=true, disconnect_type=1, has_creation_task_exception=false worker_id=45cd4417e3f0e66e26b975bd8df6d815aba37ea799af0df4494701b6
[2025-06-26 10:19:46,978 I 2331473 2331473] (raylet) node_manager.cc:1523: Disconnecting client, graceful=true, disconnect_type=1, has_creation_task_exception=false worker_id=75530594372b8f43d13ee4c2e631072baa039eb91f35f2a2017725d5
[2025-06-26 10:19:46,978 I 2331473 2331473] (raylet) node_manager.cc:1523: Disconnecting client, graceful=true, disconnect_type=1, has_creation_task_exception=false worker_id=abc4944dde78836cd3ab22bca72142ce87ccbac285d464e4c76d0245
[2025-06-26 10:19:46,989 I 2331473 2331473] (raylet) node_manager.cc:1523: Disconnecting client, graceful=true, disconnect_type=3, has_creation_task_exception=false worker_id=01000000ffffffffffffffffffffffffffffffffffffffffffffffff
[2025-06-26 10:19:46,989 I 2331473 2331473] (raylet) node_manager.cc:1615: Driver (pid=2331041) is disconnected. worker_id=01000000ffffffffffffffffffffffffffffffffffffffffffffffff job_id=01000000
[2025-06-26 10:19:46,990 I 2331473 2331473] (raylet) node_manager.cc:1018: The leased worker 874bb3ad08cec9e6ad52bd592229a4b6ba3001fa3bada1936f2b06c3 is killed because the owner process 01000000ffffffffffffffffffffffffffffffffffffffffffffffff died.
[2025-06-26 10:19:46,991 I 2331473 2331473] (raylet) worker_pool.cc:724: Job 01000000 already started in worker pool.
[2025-06-26 10:19:46,991 I 2331473 2331473] (raylet) node_manager.cc:559: The leased worker  is killed because the job 01000000 finished. worker_id=874bb3ad08cec9e6ad52bd592229a4b6ba3001fa3bada1936f2b06c3
[2025-06-26 10:19:46,993 W 2331473 2331501] (raylet) store.cc:368: Disconnecting client due to connection error with code 2: End of file
[2025-06-26 10:19:47,006 I 2331473 2331473] (raylet) node_manager.cc:1523: Disconnecting client, graceful=true, disconnect_type=1, has_creation_task_exception=false worker_id=874bb3ad08cec9e6ad52bd592229a4b6ba3001fa3bada1936f2b06c3
[2025-06-26 10:19:47,055 W 2331473 2331501] (raylet) store.cc:368: Disconnecting client due to connection error with code 2: End of file
[2025-06-26 10:19:47,057 W 2331473 2331501] (raylet) store.cc:368: Disconnecting client due to connection error with code 2: End of file
[2025-06-26 10:19:47,057 W 2331473 2331501] (raylet) store.cc:368: Disconnecting client due to connection error with code 2: End of file
[2025-06-26 10:19:47,057 W 2331473 2331501] (raylet) store.cc:368: Disconnecting client due to connection error with code 2: End of file
[2025-06-26 10:19:47,057 W 2331473 2331501] (raylet) store.cc:368: Disconnecting client due to connection error with code 2: End of file
[2025-06-26 10:19:47,058 W 2331473 2331501] (raylet) store.cc:368: Disconnecting client due to connection error with code 2: End of file
[2025-06-26 10:19:47,060 W 2331473 2331501] (raylet) store.cc:368: Disconnecting client due to connection error with code 2: End of file
[2025-06-26 10:19:47,066 W 2331473 2331473] (raylet) node_manager.cc:567: Failed to send exit request to worker : RpcError: RPC Error message: Socket closed; RPC Error details:  rpc_code: 14. Killing it using SIGKILL instead. worker_id=874bb3ad08cec9e6ad52bd592229a4b6ba3001fa3bada1936f2b06c3
[2025-06-26 10:19:47,067 W 2331473 2331501] (raylet) store.cc:368: Disconnecting client due to connection error with code 2: End of file
[2025-06-26 10:19:47,133 I 2331473 2331473] (raylet) main.cc:504: received SIGTERM. Existing local drain request = None
[2025-06-26 10:19:47,133 I 2331473 2331473] (raylet) main.cc:307: Raylet graceful shutdown triggered, reason = EXPECTED_TERMINATION, reason message = received SIGTERM
[2025-06-26 10:19:47,133 I 2331473 2331473] (raylet) main.cc:310: Shutting down...
[2025-06-26 10:19:47,133 I 2331473 2331473] (raylet) accessor.cc:518: Unregistering node node_id=651df9b53c4e9fb800fcdc21f8e5ab168bcb46f95a536337d19f7d6e
[2025-06-26 10:19:47,134 I 2331473 2331473] (raylet) accessor.cc:531: Finished unregistering node info, status = OK node_id=651df9b53c4e9fb800fcdc21f8e5ab168bcb46f95a536337d19f7d6e
[2025-06-26 10:19:47,134 W 2331473 2331501] (raylet) store.cc:368: Disconnecting client due to connection error with code 2: End of file
[2025-06-26 10:19:47,137 I 2331473 2331473] (raylet) agent_manager.cc:115: Killing agent dashboard_agent, pid 2331547.
[2025-06-26 10:19:47,143 I 2331473 2331548] (raylet) agent_manager.cc:82: Agent process with name dashboard_agent exited, exit code 0.
[2025-06-26 10:19:47,143 I 2331473 2331473] (raylet) agent_manager.cc:115: Killing agent runtime_env_agent, pid 2331549.
[2025-06-26 10:19:47,148 I 2331473 2331550] (raylet) agent_manager.cc:82: Agent process with name runtime_env_agent exited, exit code 0.
[2025-06-26 10:19:47,148 I 2331473 2331473] (raylet) io_service_pool.cc:48: IOServicePool is stopped.
[2025-06-26 10:19:47,306 I 2331473 2331473] (raylet) stats.h:120: Stats module has shutdown.
