[2025-06-26 10:17:19,068 I 2314100 2314100] (raylet) main.cc:226: Setting cluster ID to: c14fa347594499c8b15b4c7ab8a1c4bc3ff2ea0526ae8cb05ccf9e81
[2025-06-26 10:17:19,074 I 2314100 2314100] (raylet) main.cc:341: Raylet is not set to kill unknown children.
[2025-06-26 10:17:19,074 I 2314100 2314100] (raylet) io_service_pool.cc:36: IOServicePool is running with 1 io_service.
[2025-06-26 10:17:19,075 I 2314100 2314100] (raylet) main.cc:469: Setting node ID node_id=5d7740571c163a93670da841ca56ca509ff8eb9eb83b784e0d7845a9
[2025-06-26 10:17:19,075 I 2314100 2314100] (raylet) store_runner.cc:50: Allowing the Plasma store to use up to 68.7195GB of memory.
[2025-06-26 10:17:19,075 I 2314100 2314100] (raylet) store_runner.cc:66: Starting object store with directory /dev/shm, fallback /home/shuzuan/prj/ComfyUI-xDit/ray_temp/session_2025-06-26_10-17-17_799538_2313668, and huge page support disabled
[2025-06-26 10:17:19,075 I 2314100 2314131] (raylet) dlmalloc.cc:324: Setting dlmalloc config: plasma_directory=/dev/shm, fallback_directory=/home/shuzuan/prj/ComfyUI-xDit/ray_temp/session_2025-06-26_10-17-17_799538_2313668, hugepage_enabled=0, fallback_enabled=1
[2025-06-26 10:17:19,075 I 2314100 2314131] (raylet) dlmalloc.cc:153: create_and_mmap_buffer(68719476744, /dev/shm/plasmaXXXXXX)
[2025-06-26 10:17:19,076 I 2314100 2314131] (raylet) store.cc:576: Plasma store debug dump: 
Current usage: 0 / 68.7195 GB
- num bytes created total: 0
0 pending objects of total size 0MB
- objects spillable: 0
- bytes spillable: 0
- objects unsealed: 0
- bytes unsealed: 0
- objects in use: 0
- bytes in use: 0
- objects evictable: 0
- bytes evictable: 0

- objects created by worker: 0
- bytes created by worker: 0
- objects restored: 0
- bytes restored: 0
- objects received: 0
- bytes received: 0
- objects errored: 0
- bytes errored: 0

[2025-06-26 10:17:19,078 I 2314100 2314100] (raylet) grpc_server.cc:141: ObjectManager server started, listening on port 37205.
[2025-06-26 10:17:19,082 I 2314100 2314100] (raylet) worker_killing_policy.cc:107: Running GroupByOwner policy.
[2025-06-26 10:17:19,082 W 2314100 2314100] (raylet) memory_monitor.cc:198: Got negative used memory for cgroup -1, setting it to zero
[2025-06-26 10:17:19,082 I 2314100 2314100] (raylet) memory_monitor.cc:48: MemoryMonitor initialized with usage threshold at 256695140352 bytes (0.95 system memory), total system memory bytes: 270205427712
[2025-06-26 10:17:19,082 I 2314100 2314100] (raylet) node_manager.cc:227: Initializing NodeManager node_id=5d7740571c163a93670da841ca56ca509ff8eb9eb83b784e0d7845a9
[2025-06-26 10:17:19,082 I 2314100 2314100] (raylet) grpc_server.cc:141: NodeManager server started, listening on port 44487.
[2025-06-26 10:17:19,091 I 2314100 2314180] (raylet) agent_manager.cc:80: Monitor agent process with name dashboard_agent
[2025-06-26 10:17:19,092 I 2314100 2314182] (raylet) agent_manager.cc:80: Monitor agent process with name runtime_env_agent
[2025-06-26 10:17:19,092 I 2314100 2314100] (raylet) event.cc:500: Ray Event initialized for RAYLET
[2025-06-26 10:17:19,092 I 2314100 2314100] (raylet) event.cc:331: Set ray event level to warning
[2025-06-26 10:17:19,093 I 2314100 2314100] (raylet) raylet.cc:260: Raylet of id, 5d7740571c163a93670da841ca56ca509ff8eb9eb83b784e0d7845a9 started. Raylet consists of node_manager and object_manager. node_manager address: 192.168.10.101:44487 object_manager address: 192.168.10.101:37205 hostname: vm-ubuntu1
[2025-06-26 10:17:19,095 I 2314100 2314100] (raylet) node_manager.cc:450: [state-dump] NodeManager:
[state-dump] Node ID: 5d7740571c163a93670da841ca56ca509ff8eb9eb83b784e0d7845a9
[state-dump] Node name: 192.168.10.101
[state-dump] InitialConfigResources: {CPU: 96, GPU: 8, memory: 1.74574e+11, accelerator_type:G: 1, object_store_memory: 6.87195e+10, node:__internal_head__: 1, node:192.168.10.101: 1}
[state-dump] ClusterTaskManager:
[state-dump] ========== Node: 5d7740571c163a93670da841ca56ca509ff8eb9eb83b784e0d7845a9 =================
[state-dump] Infeasible queue length: 0
[state-dump] Schedule queue length: 0
[state-dump] Dispatch queue length: 0
[state-dump] num_waiting_for_resource: 0
[state-dump] num_waiting_for_plasma_memory: 0
[state-dump] num_waiting_for_remote_node_resources: 0
[state-dump] num_worker_not_started_by_job_config_not_exist: 0
[state-dump] num_worker_not_started_by_registration_timeout: 0
[state-dump] num_tasks_waiting_for_workers: 0
[state-dump] num_cancelled_tasks: 0
[state-dump] cluster_resource_scheduler state: 
[state-dump] Local id: -4375649313571612188 Local resources: {"total":{GPU: [10000, 10000, 10000, 10000, 10000, 10000, 10000, 10000], object_store_memory: [687194767360000], node:__internal_head__: [10000], accelerator_type:G: [10000], node:192.168.10.101: [10000], CPU: [960000], memory: [1745743216640000]}}, "available": {accelerator_type:G: [10000], node:192.168.10.101: [10000], CPU: [960000], memory: [1745743216640000], GPU: [10000, 10000, 10000, 10000, 10000, 10000, 10000, 10000], object_store_memory: [687194767360000], node:__internal_head__: [10000]}}, "labels":{"ray.io/node_id":"5d7740571c163a93670da841ca56ca509ff8eb9eb83b784e0d7845a9",} is_draining: 0 is_idle: 1 Cluster resources (at most 20 nodes are shown): node id: -4375649313571612188{"total":{GPU: 80000, node:192.168.10.101: 10000, memory: 1745743216640000, object_store_memory: 687194767360000, accelerator_type:G: 10000, CPU: 960000, node:__internal_head__: 10000}}, "available": {node:192.168.10.101: 10000, accelerator_type:G: 10000, object_store_memory: 687194767360000, memory: 1745743216640000, CPU: 960000, node:__internal_head__: 10000, GPU: 80000}}, "labels":{"ray.io/node_id":"5d7740571c163a93670da841ca56ca509ff8eb9eb83b784e0d7845a9",}, "is_draining": 0, "draining_deadline_timestamp_ms": -1} { "placement group locations": [], "node to bundles": []}
[state-dump] Waiting tasks size: 0
[state-dump] Number of executing tasks: 0
[state-dump] Number of pinned task arguments: 0
[state-dump] Number of total spilled tasks: 0
[state-dump] Number of spilled waiting tasks: 0
[state-dump] Number of spilled unschedulable tasks: 0
[state-dump] Resource usage {
[state-dump] }
[state-dump] Backlog Size per scheduling descriptor :{workerId: num backlogs}:
[state-dump] 
[state-dump] Running tasks by scheduling class:
[state-dump] ==================================================
[state-dump] 
[state-dump] ClusterResources:
[state-dump] LocalObjectManager:
[state-dump] - num pinned objects: 0
[state-dump] - pinned objects size: 0
[state-dump] - num objects pending restore: 0
[state-dump] - num objects pending spill: 0
[state-dump] - num bytes pending spill: 0
[state-dump] - num bytes currently spilled: 0
[state-dump] - cumulative spill requests: 0
[state-dump] - cumulative restore requests: 0
[state-dump] - spilled objects pending delete: 0
[state-dump] 
[state-dump] ObjectManager:
[state-dump] - num local objects: 0
[state-dump] - num unfulfilled push requests: 0
[state-dump] - num object pull requests: 0
[state-dump] - num chunks received total: 0
[state-dump] - num chunks received failed (all): 0
[state-dump] - num chunks received failed / cancelled: 0
[state-dump] - num chunks received failed / plasma error: 0
[state-dump] Event stats:
[state-dump] Global stats: 0 total (0 active)
[state-dump] Queueing time: mean = -nan s, max = -0.000 s, min = 9223372036.855 s, total = 0.000 s
[state-dump] Execution time:  mean = -nan s, total = 0.000 s
[state-dump] Event stats:
[state-dump] PushManager:
[state-dump] - num pushes in flight: 0
[state-dump] - num chunks in flight: 0
[state-dump] - num chunks remaining: 0
[state-dump] - max chunks allowed: 409
[state-dump] OwnershipBasedObjectDirectory:
[state-dump] - num listeners: 0
[state-dump] - cumulative location updates: 0
[state-dump] - num location updates per second: 0.000
[state-dump] - num location lookups per second: 0.000
[state-dump] - num locations added per second: 0.000
[state-dump] - num locations removed per second: 0.000
[state-dump] BufferPool:
[state-dump] - create buffer state map size: 0
[state-dump] PullManager:
[state-dump] - num bytes available for pulled objects: 68719476736
[state-dump] - num bytes being pulled (all): 0
[state-dump] - num bytes being pulled / pinned: 0
[state-dump] - get request bundles: BundlePullRequestQueue{0 total, 0 active, 0 inactive, 0 unpullable}
[state-dump] - wait request bundles: BundlePullRequestQueue{0 total, 0 active, 0 inactive, 0 unpullable}
[state-dump] - task request bundles: BundlePullRequestQueue{0 total, 0 active, 0 inactive, 0 unpullable}
[state-dump] - first get request bundle: N/A
[state-dump] - first wait request bundle: N/A
[state-dump] - first task request bundle: N/A
[state-dump] - num objects queued: 0
[state-dump] - num objects actively pulled (all): 0
[state-dump] - num objects actively pulled / pinned: 0
[state-dump] - num bundles being pulled: 0
[state-dump] - num pull retries: 0
[state-dump] - max timeout seconds: 0
[state-dump] - max timeout request is already processed. No entry.
[state-dump] 
[state-dump] WorkerPool:
[state-dump] - registered jobs: 0
[state-dump] - process_failed_job_config_missing: 0
[state-dump] - process_failed_rate_limited: 0
[state-dump] - process_failed_pending_registration: 0
[state-dump] - process_failed_runtime_env_setup_failed: 0
[state-dump] - num PYTHON workers: 0
[state-dump] - num PYTHON drivers: 0
[state-dump] - num PYTHON pending start requests: 0
[state-dump] - num PYTHON pending registration requests: 0
[state-dump] - num object spill callbacks queued: 0
[state-dump] - num object restore queued: 0
[state-dump] - num util functions queued: 0
[state-dump] - num JAVA workers: 0
[state-dump] - num JAVA drivers: 0
[state-dump] - num JAVA pending start requests: 0
[state-dump] - num JAVA pending registration requests: 0
[state-dump] - num object spill callbacks queued: 0
[state-dump] - num object restore queued: 0
[state-dump] - num util functions queued: 0
[state-dump] - num idle workers: 0
[state-dump] TaskDependencyManager:
[state-dump] - task deps map size: 0
[state-dump] - get req map size: 0
[state-dump] - wait req map size: 0
[state-dump] - local objects map size: 0
[state-dump] WaitManager:
[state-dump] - num active wait requests: 0
[state-dump] Subscriber:
[state-dump] Channel WORKER_OBJECT_EVICTION
[state-dump] - cumulative subscribe requests: 0
[state-dump] - cumulative unsubscribe requests: 0
[state-dump] - active subscribed publishers: 0
[state-dump] - cumulative published messages: 0
[state-dump] - cumulative processed messages: 0
[state-dump] Channel WORKER_REF_REMOVED_CHANNEL
[state-dump] - cumulative subscribe requests: 0
[state-dump] - cumulative unsubscribe requests: 0
[state-dump] - active subscribed publishers: 0
[state-dump] - cumulative published messages: 0
[state-dump] - cumulative processed messages: 0
[state-dump] Channel WORKER_OBJECT_LOCATIONS_CHANNEL
[state-dump] - cumulative subscribe requests: 0
[state-dump] - cumulative unsubscribe requests: 0
[state-dump] - active subscribed publishers: 0
[state-dump] - cumulative published messages: 0
[state-dump] - cumulative processed messages: 0
[state-dump] num async plasma notifications: 0
[state-dump] Event stats:
[state-dump] Global stats: 29 total (14 active)
[state-dump] Queueing time: mean = 1.652 ms, max = 10.610 ms, min = 19.912 us, total = 47.905 ms
[state-dump] Execution time:  mean = 765.195 us, total = 22.191 ms
[state-dump] Event stats:
[state-dump] 	PeriodicalRunner.RunFnPeriodically - 12 total (2 active, 1 running), Execution time: mean = 138.325 us, total = 1.660 ms, Queueing time: mean = 3.988 ms, max = 10.610 ms, min = 28.293 us, total = 47.860 ms
[state-dump] 	ClusterResourceManager.ResetRemoteNodeView - 1 total (1 active), Execution time: mean = 0.000 s, total = 0.000 s, Queueing time: mean = 0.000 s, max = -0.000 s, min = 9223372036.855 s, total = 0.000 s
[state-dump] 	NodeManager.GCTaskFailureReason - 1 total (1 active), Execution time: mean = 0.000 s, total = 0.000 s, Queueing time: mean = 0.000 s, max = -0.000 s, min = 9223372036.855 s, total = 0.000 s
[state-dump] 	NodeManager.ScheduleAndDispatchTasks - 1 total (1 active), Execution time: mean = 0.000 s, total = 0.000 s, Queueing time: mean = 0.000 s, max = -0.000 s, min = 9223372036.855 s, total = 0.000 s
[state-dump] 	NodeManager.deadline_timer.spill_objects_when_over_threshold - 1 total (1 active), Execution time: mean = 0.000 s, total = 0.000 s, Queueing time: mean = 0.000 s, max = -0.000 s, min = 9223372036.855 s, total = 0.000 s
[state-dump] 	ray::rpc::InternalPubSubGcsService.grpc_client.GcsSubscriberPoll - 1 total (1 active), Execution time: mean = 0.000 s, total = 0.000 s, Queueing time: mean = 0.000 s, max = -0.000 s, min = 9223372036.855 s, total = 0.000 s
[state-dump] 	ray::rpc::InternalPubSubGcsService.grpc_client.GcsSubscriberCommandBatch - 1 total (0 active), Execution time: mean = 590.255 us, total = 590.255 us, Queueing time: mean = 0.000 s, max = -0.000 s, min = 9223372036.855 s, total = 0.000 s
[state-dump] 	ray::rpc::NodeInfoGcsService.grpc_client.RegisterNode - 1 total (0 active), Execution time: mean = 796.097 us, total = 796.097 us, Queueing time: mean = 0.000 s, max = -0.000 s, min = 9223372036.855 s, total = 0.000 s
[state-dump] 	MemoryMonitor.CheckIsMemoryUsageAboveThreshold - 1 total (1 active), Execution time: mean = 0.000 s, total = 0.000 s, Queueing time: mean = 0.000 s, max = -0.000 s, min = 9223372036.855 s, total = 0.000 s
[state-dump] 	NodeManager.CheckForUnexpectedWorkerDisconnects - 1 total (1 active), Execution time: mean = 0.000 s, total = 0.000 s, Queueing time: mean = 0.000 s, max = -0.000 s, min = 9223372036.855 s, total = 0.000 s
[state-dump] 	NodeManager.deadline_timer.debug_state_dump - 1 total (1 active), Execution time: mean = 0.000 s, total = 0.000 s, Queueing time: mean = 0.000 s, max = -0.000 s, min = 9223372036.855 s, total = 0.000 s
[state-dump] 	NodeManager.deadline_timer.record_metrics - 1 total (1 active), Execution time: mean = 0.000 s, total = 0.000 s, Queueing time: mean = 0.000 s, max = -0.000 s, min = 9223372036.855 s, total = 0.000 s
[state-dump] 	RayletWorkerPool.deadline_timer.kill_idle_workers - 1 total (1 active), Execution time: mean = 0.000 s, total = 0.000 s, Queueing time: mean = 0.000 s, max = -0.000 s, min = 9223372036.855 s, total = 0.000 s
[state-dump] 	NodeManager.deadline_timer.flush_free_objects - 1 total (1 active), Execution time: mean = 0.000 s, total = 0.000 s, Queueing time: mean = 0.000 s, max = -0.000 s, min = 9223372036.855 s, total = 0.000 s
[state-dump] 	ray::rpc::NodeInfoGcsService.grpc_client.RegisterNode.OnReplyReceived - 1 total (0 active), Execution time: mean = 288.409 us, total = 288.409 us, Queueing time: mean = 25.172 us, max = 25.172 us, min = 25.172 us, total = 25.172 us
[state-dump] 	ray::rpc::InternalKVGcsService.grpc_client.GetInternalConfig - 1 total (0 active), Execution time: mean = 714.556 us, total = 714.556 us, Queueing time: mean = 0.000 s, max = -0.000 s, min = 9223372036.855 s, total = 0.000 s
[state-dump] 	ray::rpc::InternalKVGcsService.grpc_client.GetInternalConfig.OnReplyReceived - 1 total (0 active), Execution time: mean = 18.141 ms, total = 18.141 ms, Queueing time: mean = 19.912 us, max = 19.912 us, min = 19.912 us, total = 19.912 us
[state-dump] 	ray::rpc::InternalPubSubGcsService.grpc_client.GcsSubscriberCommandBatch.OnReplyReceived - 1 total (1 active), Execution time: mean = 0.000 s, total = 0.000 s, Queueing time: mean = 0.000 s, max = -0.000 s, min = 9223372036.855 s, total = 0.000 s
[state-dump] DebugString() time ms: 0
[state-dump] 
[state-dump] 
[2025-06-26 10:17:19,096 I 2314100 2314100] (raylet) accessor.cc:768: Received notification for node, IsAlive = 1 node_id=5d7740571c163a93670da841ca56ca509ff8eb9eb83b784e0d7845a9
[2025-06-26 10:17:19,200 I 2314100 2314100] (raylet) worker_pool.cc:527: Started worker process with pid 2314219, the token is 0
[2025-06-26 10:17:19,203 I 2314100 2314100] (raylet) worker_pool.cc:527: Started worker process with pid 2314220, the token is 1
[2025-06-26 10:17:19,207 I 2314100 2314100] (raylet) worker_pool.cc:527: Started worker process with pid 2314221, the token is 2
[2025-06-26 10:17:19,209 I 2314100 2314100] (raylet) worker_pool.cc:527: Started worker process with pid 2314222, the token is 3
[2025-06-26 10:17:19,212 I 2314100 2314100] (raylet) worker_pool.cc:527: Started worker process with pid 2314223, the token is 4
[2025-06-26 10:17:19,215 I 2314100 2314100] (raylet) worker_pool.cc:527: Started worker process with pid 2314224, the token is 5
[2025-06-26 10:17:19,218 I 2314100 2314100] (raylet) worker_pool.cc:527: Started worker process with pid 2314225, the token is 6
[2025-06-26 10:17:19,221 I 2314100 2314100] (raylet) worker_pool.cc:527: Started worker process with pid 2314226, the token is 7
[2025-06-26 10:17:19,223 I 2314100 2314100] (raylet) worker_pool.cc:527: Started worker process with pid 2314227, the token is 8
[2025-06-26 10:17:19,226 I 2314100 2314100] (raylet) worker_pool.cc:527: Started worker process with pid 2314228, the token is 9
[2025-06-26 10:17:19,229 I 2314100 2314100] (raylet) worker_pool.cc:527: Started worker process with pid 2314229, the token is 10
[2025-06-26 10:17:19,232 I 2314100 2314100] (raylet) worker_pool.cc:527: Started worker process with pid 2314230, the token is 11
[2025-06-26 10:17:19,235 I 2314100 2314100] (raylet) worker_pool.cc:527: Started worker process with pid 2314231, the token is 12
[2025-06-26 10:17:19,238 I 2314100 2314100] (raylet) worker_pool.cc:527: Started worker process with pid 2314232, the token is 13
[2025-06-26 10:17:19,241 I 2314100 2314100] (raylet) worker_pool.cc:527: Started worker process with pid 2314233, the token is 14
[2025-06-26 10:17:19,244 I 2314100 2314100] (raylet) worker_pool.cc:527: Started worker process with pid 2314234, the token is 15
[2025-06-26 10:17:19,247 I 2314100 2314100] (raylet) worker_pool.cc:527: Started worker process with pid 2314235, the token is 16
[2025-06-26 10:17:19,251 I 2314100 2314100] (raylet) worker_pool.cc:527: Started worker process with pid 2314236, the token is 17
[2025-06-26 10:17:19,254 I 2314100 2314100] (raylet) worker_pool.cc:527: Started worker process with pid 2314237, the token is 18
[2025-06-26 10:17:19,258 I 2314100 2314100] (raylet) worker_pool.cc:527: Started worker process with pid 2314238, the token is 19
[2025-06-26 10:17:19,261 I 2314100 2314100] (raylet) worker_pool.cc:527: Started worker process with pid 2314239, the token is 20
[2025-06-26 10:17:19,264 I 2314100 2314100] (raylet) worker_pool.cc:527: Started worker process with pid 2314240, the token is 21
[2025-06-26 10:17:19,267 I 2314100 2314100] (raylet) worker_pool.cc:527: Started worker process with pid 2314241, the token is 22
[2025-06-26 10:17:19,270 I 2314100 2314100] (raylet) worker_pool.cc:527: Started worker process with pid 2314242, the token is 23
[2025-06-26 10:17:19,273 I 2314100 2314100] (raylet) worker_pool.cc:527: Started worker process with pid 2314243, the token is 24
[2025-06-26 10:17:19,277 I 2314100 2314100] (raylet) worker_pool.cc:527: Started worker process with pid 2314244, the token is 25
[2025-06-26 10:17:19,280 I 2314100 2314100] (raylet) worker_pool.cc:527: Started worker process with pid 2314245, the token is 26
[2025-06-26 10:17:19,283 I 2314100 2314100] (raylet) worker_pool.cc:527: Started worker process with pid 2314246, the token is 27
[2025-06-26 10:17:19,286 I 2314100 2314100] (raylet) worker_pool.cc:527: Started worker process with pid 2314247, the token is 28
[2025-06-26 10:17:19,289 I 2314100 2314100] (raylet) worker_pool.cc:527: Started worker process with pid 2314248, the token is 29
[2025-06-26 10:17:19,292 I 2314100 2314100] (raylet) worker_pool.cc:527: Started worker process with pid 2314249, the token is 30
[2025-06-26 10:17:19,296 I 2314100 2314100] (raylet) worker_pool.cc:527: Started worker process with pid 2314250, the token is 31
[2025-06-26 10:17:19,299 I 2314100 2314100] (raylet) worker_pool.cc:527: Started worker process with pid 2314251, the token is 32
[2025-06-26 10:17:19,302 I 2314100 2314100] (raylet) worker_pool.cc:527: Started worker process with pid 2314252, the token is 33
[2025-06-26 10:17:19,306 I 2314100 2314100] (raylet) worker_pool.cc:527: Started worker process with pid 2314253, the token is 34
[2025-06-26 10:17:19,309 I 2314100 2314100] (raylet) worker_pool.cc:527: Started worker process with pid 2314254, the token is 35
[2025-06-26 10:17:19,312 I 2314100 2314100] (raylet) worker_pool.cc:527: Started worker process with pid 2314256, the token is 36
[2025-06-26 10:17:19,316 I 2314100 2314100] (raylet) worker_pool.cc:527: Started worker process with pid 2314257, the token is 37
[2025-06-26 10:17:19,319 I 2314100 2314100] (raylet) worker_pool.cc:527: Started worker process with pid 2314260, the token is 38
[2025-06-26 10:17:19,323 I 2314100 2314100] (raylet) worker_pool.cc:527: Started worker process with pid 2314261, the token is 39
[2025-06-26 10:17:19,326 I 2314100 2314100] (raylet) worker_pool.cc:527: Started worker process with pid 2314262, the token is 40
[2025-06-26 10:17:19,330 I 2314100 2314100] (raylet) worker_pool.cc:527: Started worker process with pid 2314263, the token is 41
[2025-06-26 10:17:19,333 I 2314100 2314100] (raylet) worker_pool.cc:527: Started worker process with pid 2314264, the token is 42
[2025-06-26 10:17:19,338 I 2314100 2314100] (raylet) worker_pool.cc:527: Started worker process with pid 2314265, the token is 43
[2025-06-26 10:17:19,341 I 2314100 2314100] (raylet) worker_pool.cc:527: Started worker process with pid 2314266, the token is 44
[2025-06-26 10:17:19,344 I 2314100 2314100] (raylet) worker_pool.cc:527: Started worker process with pid 2314267, the token is 45
[2025-06-26 10:17:19,347 I 2314100 2314100] (raylet) worker_pool.cc:527: Started worker process with pid 2314268, the token is 46
[2025-06-26 10:17:19,351 I 2314100 2314100] (raylet) worker_pool.cc:527: Started worker process with pid 2314269, the token is 47
[2025-06-26 10:17:19,354 I 2314100 2314100] (raylet) worker_pool.cc:527: Started worker process with pid 2314270, the token is 48
[2025-06-26 10:17:19,357 I 2314100 2314100] (raylet) worker_pool.cc:527: Started worker process with pid 2314272, the token is 49
[2025-06-26 10:17:19,360 I 2314100 2314100] (raylet) worker_pool.cc:527: Started worker process with pid 2314273, the token is 50
[2025-06-26 10:17:19,364 I 2314100 2314100] (raylet) worker_pool.cc:527: Started worker process with pid 2314274, the token is 51
[2025-06-26 10:17:19,367 I 2314100 2314100] (raylet) worker_pool.cc:527: Started worker process with pid 2314275, the token is 52
[2025-06-26 10:17:19,371 I 2314100 2314100] (raylet) worker_pool.cc:527: Started worker process with pid 2314276, the token is 53
[2025-06-26 10:17:19,374 I 2314100 2314100] (raylet) worker_pool.cc:527: Started worker process with pid 2314277, the token is 54
[2025-06-26 10:17:19,378 I 2314100 2314100] (raylet) worker_pool.cc:527: Started worker process with pid 2314278, the token is 55
[2025-06-26 10:17:19,381 I 2314100 2314100] (raylet) worker_pool.cc:527: Started worker process with pid 2314279, the token is 56
[2025-06-26 10:17:19,385 I 2314100 2314100] (raylet) worker_pool.cc:527: Started worker process with pid 2314280, the token is 57
[2025-06-26 10:17:19,389 I 2314100 2314100] (raylet) worker_pool.cc:527: Started worker process with pid 2314281, the token is 58
[2025-06-26 10:17:19,392 I 2314100 2314100] (raylet) worker_pool.cc:527: Started worker process with pid 2314282, the token is 59
[2025-06-26 10:17:19,395 I 2314100 2314100] (raylet) worker_pool.cc:527: Started worker process with pid 2314283, the token is 60
[2025-06-26 10:17:19,400 I 2314100 2314100] (raylet) worker_pool.cc:527: Started worker process with pid 2314284, the token is 61
[2025-06-26 10:17:19,404 I 2314100 2314100] (raylet) worker_pool.cc:527: Started worker process with pid 2314285, the token is 62
[2025-06-26 10:17:19,408 I 2314100 2314100] (raylet) worker_pool.cc:527: Started worker process with pid 2314286, the token is 63
[2025-06-26 10:17:19,412 I 2314100 2314100] (raylet) worker_pool.cc:527: Started worker process with pid 2314287, the token is 64
[2025-06-26 10:17:19,415 I 2314100 2314100] (raylet) worker_pool.cc:527: Started worker process with pid 2314288, the token is 65
[2025-06-26 10:17:19,419 I 2314100 2314100] (raylet) worker_pool.cc:527: Started worker process with pid 2314289, the token is 66
[2025-06-26 10:17:19,423 I 2314100 2314100] (raylet) worker_pool.cc:527: Started worker process with pid 2314290, the token is 67
[2025-06-26 10:17:19,426 I 2314100 2314100] (raylet) worker_pool.cc:527: Started worker process with pid 2314291, the token is 68
[2025-06-26 10:17:19,431 I 2314100 2314100] (raylet) worker_pool.cc:527: Started worker process with pid 2314292, the token is 69
[2025-06-26 10:17:19,435 I 2314100 2314100] (raylet) worker_pool.cc:527: Started worker process with pid 2314293, the token is 70
[2025-06-26 10:17:19,440 I 2314100 2314100] (raylet) worker_pool.cc:527: Started worker process with pid 2314294, the token is 71
[2025-06-26 10:17:19,443 I 2314100 2314100] (raylet) worker_pool.cc:527: Started worker process with pid 2314295, the token is 72
[2025-06-26 10:17:19,448 I 2314100 2314100] (raylet) worker_pool.cc:527: Started worker process with pid 2314296, the token is 73
[2025-06-26 10:17:19,452 I 2314100 2314100] (raylet) worker_pool.cc:527: Started worker process with pid 2314298, the token is 74
[2025-06-26 10:17:19,456 I 2314100 2314100] (raylet) worker_pool.cc:527: Started worker process with pid 2314301, the token is 75
[2025-06-26 10:17:19,460 I 2314100 2314100] (raylet) worker_pool.cc:527: Started worker process with pid 2314302, the token is 76
[2025-06-26 10:17:19,466 I 2314100 2314100] (raylet) worker_pool.cc:527: Started worker process with pid 2314304, the token is 77
[2025-06-26 10:17:19,470 I 2314100 2314100] (raylet) worker_pool.cc:527: Started worker process with pid 2314334, the token is 78
[2025-06-26 10:17:19,474 I 2314100 2314100] (raylet) worker_pool.cc:527: Started worker process with pid 2314337, the token is 79
[2025-06-26 10:17:19,478 I 2314100 2314100] (raylet) worker_pool.cc:527: Started worker process with pid 2314338, the token is 80
[2025-06-26 10:17:19,482 I 2314100 2314100] (raylet) worker_pool.cc:527: Started worker process with pid 2314339, the token is 81
[2025-06-26 10:17:19,502 I 2314100 2314100] (raylet) worker_pool.cc:527: Started worker process with pid 2314366, the token is 82
[2025-06-26 10:17:19,506 I 2314100 2314100] (raylet) worker_pool.cc:527: Started worker process with pid 2314367, the token is 83
[2025-06-26 10:17:19,511 I 2314100 2314100] (raylet) worker_pool.cc:527: Started worker process with pid 2314368, the token is 84
[2025-06-26 10:17:19,515 I 2314100 2314100] (raylet) worker_pool.cc:527: Started worker process with pid 2314369, the token is 85
[2025-06-26 10:17:19,520 I 2314100 2314100] (raylet) worker_pool.cc:527: Started worker process with pid 2314370, the token is 86
[2025-06-26 10:17:19,526 I 2314100 2314100] (raylet) worker_pool.cc:527: Started worker process with pid 2314371, the token is 87
[2025-06-26 10:17:19,532 I 2314100 2314100] (raylet) worker_pool.cc:527: Started worker process with pid 2314372, the token is 88
[2025-06-26 10:17:19,538 I 2314100 2314100] (raylet) worker_pool.cc:527: Started worker process with pid 2314373, the token is 89
[2025-06-26 10:17:19,544 I 2314100 2314100] (raylet) worker_pool.cc:527: Started worker process with pid 2314374, the token is 90
[2025-06-26 10:17:19,550 I 2314100 2314100] (raylet) worker_pool.cc:527: Started worker process with pid 2314375, the token is 91
[2025-06-26 10:17:19,556 I 2314100 2314100] (raylet) worker_pool.cc:527: Started worker process with pid 2314376, the token is 92
[2025-06-26 10:17:19,561 I 2314100 2314100] (raylet) worker_pool.cc:527: Started worker process with pid 2314377, the token is 93
[2025-06-26 10:17:19,567 I 2314100 2314100] (raylet) worker_pool.cc:527: Started worker process with pid 2314378, the token is 94
[2025-06-26 10:17:19,572 I 2314100 2314100] (raylet) worker_pool.cc:527: Started worker process with pid 2314379, the token is 95
[2025-06-26 10:17:19,657 I 2314100 2314131] (raylet) object_store.cc:38: Object store current usage 8e-09 / 68.7195 GB.
[2025-06-26 10:17:20,156 I 2314100 2314100] (raylet) worker_pool.cc:724: Job 01000000 already started in worker pool.
[2025-06-26 10:17:24,326 W 2314100 2314100] (raylet) memory_monitor.cc:198: Got negative used memory for cgroup -1, setting it to zero
[2025-06-26 10:17:29,086 W 2314100 2314125] (raylet) metric_exporter.cc:105: [1] Export metrics to agent failed: RpcError: RPC Error message: failed to connect to all addresses; last error: UNKNOWN: ipv4:127.0.0.1:62137: Failed to connect to remote host: Connection refused; RPC Error details:  rpc_code: 14. This won't affect Ray, but you can lose metrics from the cluster.
[2025-06-26 10:17:29,329 W 2314100 2314100] (raylet) memory_monitor.cc:198: Got negative used memory for cgroup -1, setting it to zero
[2025-06-26 10:17:34,332 W 2314100 2314100] (raylet) memory_monitor.cc:198: Got negative used memory for cgroup -1, setting it to zero
[2025-06-26 10:17:39,335 W 2314100 2314100] (raylet) memory_monitor.cc:198: Got negative used memory for cgroup -1, setting it to zero
[2025-06-26 10:17:44,338 W 2314100 2314100] (raylet) memory_monitor.cc:198: Got negative used memory for cgroup -1, setting it to zero
[2025-06-26 10:17:49,341 W 2314100 2314100] (raylet) memory_monitor.cc:198: Got negative used memory for cgroup -1, setting it to zero
[2025-06-26 10:17:54,344 W 2314100 2314100] (raylet) memory_monitor.cc:198: Got negative used memory for cgroup -1, setting it to zero
[2025-06-26 10:17:58,297 I 2314100 2314100] (raylet) node_manager.cc:1523: Disconnecting client, graceful=true, disconnect_type=1, has_creation_task_exception=false worker_id=ac41e073cac8754021c14ff94daa7595928bcd5ff811762e53af56a5
[2025-06-26 10:17:58,298 I 2314100 2314100] (raylet) node_manager.cc:1523: Disconnecting client, graceful=true, disconnect_type=1, has_creation_task_exception=false worker_id=3b784dc71beae9632e99b4a81a2776063e9beff33c540ab1f64c772d
[2025-06-26 10:17:58,298 I 2314100 2314100] (raylet) node_manager.cc:1523: Disconnecting client, graceful=true, disconnect_type=1, has_creation_task_exception=false worker_id=904ed0f0ca72396ff50913c3b5f488d64a57798e33fd99fde3050e5d
[2025-06-26 10:17:58,299 I 2314100 2314100] (raylet) node_manager.cc:1523: Disconnecting client, graceful=true, disconnect_type=1, has_creation_task_exception=false worker_id=9f74bbaad1fb1f721f17ae3e421c137c408b9bb95611037e36015bf9
[2025-06-26 10:17:58,299 I 2314100 2314100] (raylet) node_manager.cc:1523: Disconnecting client, graceful=true, disconnect_type=1, has_creation_task_exception=false worker_id=045f300bf00fb8d427364df03ab5828d8c3d1a7a1c1efe6b892b46f8
[2025-06-26 10:17:58,299 I 2314100 2314100] (raylet) node_manager.cc:1523: Disconnecting client, graceful=true, disconnect_type=1, has_creation_task_exception=false worker_id=6e8d8dafb56eab8daeb2ed9e0a1ff4bb186a8a164d3d917656592af4
[2025-06-26 10:17:58,299 I 2314100 2314100] (raylet) node_manager.cc:1523: Disconnecting client, graceful=true, disconnect_type=1, has_creation_task_exception=false worker_id=8cd79299cae046546268dc3893d26af34dd8f8afcf0c016b56e73e30
[2025-06-26 10:17:58,303 I 2314100 2314100] (raylet) node_manager.cc:1523: Disconnecting client, graceful=true, disconnect_type=3, has_creation_task_exception=false worker_id=01000000ffffffffffffffffffffffffffffffffffffffffffffffff
[2025-06-26 10:17:58,304 I 2314100 2314100] (raylet) node_manager.cc:1615: Driver (pid=2313668) is disconnected. worker_id=01000000ffffffffffffffffffffffffffffffffffffffffffffffff job_id=01000000
[2025-06-26 10:17:58,307 W 2314100 2314131] (raylet) store.cc:368: Disconnecting client due to connection error with code 2: End of file
[2025-06-26 10:17:58,307 I 2314100 2314100] (raylet) node_manager.cc:1018: The leased worker 6b9e0405fb7e69b3d0571eacdac75722051e463a55a8b5aa3549e458 is killed because the owner process 01000000ffffffffffffffffffffffffffffffffffffffffffffffff died.
[2025-06-26 10:17:58,308 I 2314100 2314100] (raylet) worker_pool.cc:724: Job 01000000 already started in worker pool.
[2025-06-26 10:17:58,308 I 2314100 2314100] (raylet) node_manager.cc:559: The leased worker  is killed because the job 01000000 finished. worker_id=6b9e0405fb7e69b3d0571eacdac75722051e463a55a8b5aa3549e458
[2025-06-26 10:17:58,321 I 2314100 2314100] (raylet) node_manager.cc:1523: Disconnecting client, graceful=true, disconnect_type=1, has_creation_task_exception=false worker_id=6b9e0405fb7e69b3d0571eacdac75722051e463a55a8b5aa3549e458
[2025-06-26 10:17:58,329 I 2314100 2314100] (raylet) main.cc:504: received SIGTERM. Existing local drain request = None
[2025-06-26 10:17:58,329 I 2314100 2314100] (raylet) main.cc:307: Raylet graceful shutdown triggered, reason = EXPECTED_TERMINATION, reason message = received SIGTERM
[2025-06-26 10:17:58,329 I 2314100 2314100] (raylet) main.cc:310: Shutting down...
[2025-06-26 10:17:58,329 I 2314100 2314100] (raylet) accessor.cc:518: Unregistering node node_id=5d7740571c163a93670da841ca56ca509ff8eb9eb83b784e0d7845a9
[2025-06-26 10:17:58,330 I 2314100 2314100] (raylet) accessor.cc:531: Finished unregistering node info, status = OK node_id=5d7740571c163a93670da841ca56ca509ff8eb9eb83b784e0d7845a9
[2025-06-26 10:17:58,330 W 2314100 2314131] (raylet) store.cc:368: Disconnecting client due to connection error with code 2: End of file
[2025-06-26 10:17:58,334 I 2314100 2314100] (raylet) agent_manager.cc:115: Killing agent dashboard_agent, pid 2314179.
[2025-06-26 10:17:58,346 I 2314100 2314180] (raylet) agent_manager.cc:82: Agent process with name dashboard_agent exited, exit code 0.
[2025-06-26 10:17:58,346 I 2314100 2314100] (raylet) agent_manager.cc:115: Killing agent runtime_env_agent, pid 2314181.
[2025-06-26 10:17:58,355 I 2314100 2314182] (raylet) agent_manager.cc:82: Agent process with name runtime_env_agent exited, exit code 0.
[2025-06-26 10:17:58,355 I 2314100 2314100] (raylet) io_service_pool.cc:48: IOServicePool is stopped.
[2025-06-26 10:17:58,410 I 2314100 2314100] (raylet) stats.h:120: Stats module has shutdown.
