:job_id:01000000
/home/shuzuan/miniconda3/envs/comfyui-xdit/lib/python3.11/site-packages/torch/utils/cpp_extension.py:1964: UserWarning: TORCH_CUDA_ARCH_LIST is not set, all archs for visible cards are included for compilation. 
If this is not desired, please set os.environ['TORCH_CUDA_ARCH_LIST'].
  warnings.warn(
:actor_name:XDiTWorker
Failed to initialize xfuser worker on GPU 0: Timed out after 601 seconds waiting for clients. 1/8 clients joined.
Full traceback:
Traceback (most recent call last):
  File "/home/shuzuan/prj/ComfyUI-xDit/custom_nodes/comfyui_xdit_multigpu/xdit_runtime/worker.py", line 93, in initialize
    engine_config = xfuser_args.create_config()
                    ^^^^^^^^^^^^^^^^^^^^^^^^^^^
  File "/home/shuzuan/prj/xDiT/xfuser/config/args.py", line 380, in create_config
    init_distributed_environment()
  File "/home/shuzuan/prj/xDiT/xfuser/core/distributed/parallel_state.py", line 221, in init_distributed_environment
    torch.distributed.init_process_group(
  File "/home/shuzuan/miniconda3/envs/comfyui-xdit/lib/python3.11/site-packages/torch/distributed/c10d_logger.py", line 83, in wrapper
    return func(*args, **kwargs)
           ^^^^^^^^^^^^^^^^^^^^^
  File "/home/shuzuan/miniconda3/envs/comfyui-xdit/lib/python3.11/site-packages/torch/distributed/c10d_logger.py", line 97, in wrapper
    func_return = func(*args, **kwargs)
                  ^^^^^^^^^^^^^^^^^^^^^
  File "/home/shuzuan/miniconda3/envs/comfyui-xdit/lib/python3.11/site-packages/torch/distributed/distributed_c10d.py", line 1520, in init_process_group
    store, rank, world_size = next(rendezvous_iterator)
                              ^^^^^^^^^^^^^^^^^^^^^^^^^
  File "/home/shuzuan/miniconda3/envs/comfyui-xdit/lib/python3.11/site-packages/torch/distributed/rendezvous.py", line 269, in _env_rendezvous_handler
    store = _create_c10d_store(
            ^^^^^^^^^^^^^^^^^^^
  File "/home/shuzuan/miniconda3/envs/comfyui-xdit/lib/python3.11/site-packages/torch/distributed/rendezvous.py", line 189, in _create_c10d_store
    return TCPStore(
           ^^^^^^^^^
torch.distributed.DistStoreError: Timed out after 601 seconds waiting for clients. 1/8 clients joined.
