[2025-06-25 17:21:45,440 I 1425432 1425432] (gcs_server) gcs_server_main.cc:91: Ray cluster metadata ray_version=2.47.1 ray_commit=61d3f2f1aa33563faa398105f4abda88cb39440b
[2025-06-25 17:21:45,441 I 1425432 1425432] (gcs_server) io_service_pool.cc:36: IOServicePool is running with 1 io_service.
[2025-06-25 17:21:45,449 I 1425432 1425432] (gcs_server) event.cc:500: Ray Event initialized for GCS
[2025-06-25 17:21:45,449 I 1425432 1425432] (gcs_server) event.cc:500: Ray Event initialized for EXPORT_NODE
[2025-06-25 17:21:45,449 I 1425432 1425432] (gcs_server) event.cc:500: Ray Event initialized for EXPORT_ACTOR
[2025-06-25 17:21:45,449 I 1425432 1425432] (gcs_server) event.cc:500: Ray Event initialized for EXPORT_DRIVER_JOB
[2025-06-25 17:21:45,449 I 1425432 1425432] (gcs_server) event.cc:331: Set ray event level to warning
[2025-06-25 17:21:45,450 I 1425432 1425432] (gcs_server) gcs_server.cc:77: GCS storage type is StorageType::IN_MEMORY
[2025-06-25 17:21:45,451 I 1425432 1425432] (gcs_server) gcs_init_data.cc:46: Loading job table data.
[2025-06-25 17:21:45,451 I 1425432 1425432] (gcs_server) gcs_init_data.cc:56: Loading node table data.
[2025-06-25 17:21:45,451 I 1425432 1425432] (gcs_server) gcs_init_data.cc:78: Loading actor table data.
[2025-06-25 17:21:45,451 I 1425432 1425432] (gcs_server) gcs_init_data.cc:89: Loading actor task spec table data.
[2025-06-25 17:21:45,451 I 1425432 1425432] (gcs_server) gcs_init_data.cc:66: Loading placement group table data.
[2025-06-25 17:21:45,451 I 1425432 1425432] (gcs_server) gcs_init_data.cc:50: Finished loading job table data, size = 0
[2025-06-25 17:21:45,451 I 1425432 1425432] (gcs_server) gcs_init_data.cc:60: Finished loading node table data, size = 0
[2025-06-25 17:21:45,451 I 1425432 1425432] (gcs_server) gcs_init_data.cc:83: Finished loading actor table data, size = 0
[2025-06-25 17:21:45,451 I 1425432 1425432] (gcs_server) gcs_init_data.cc:94: Finished loading actor task spec table data, size = 0
[2025-06-25 17:21:45,451 I 1425432 1425432] (gcs_server) gcs_init_data.cc:72: Finished loading placement group table data, size = 0
[2025-06-25 17:21:45,451 I 1425432 1425432] (gcs_server) gcs_server.cc:161: No existing server cluster ID found. Generating new ID: b74c056faab5a156e5f3738ed829e046ebb40f15f24422c000fa34c1
[2025-06-25 17:21:45,452 I 1425432 1425432] (gcs_server) gcs_server.cc:673: Autoscaler V2 enabled: 0
[2025-06-25 17:21:45,453 I 1425432 1425432] (gcs_server) grpc_server.cc:141: GcsServer server started, listening on port 59122.
[2025-06-25 17:21:45,670 I 1425432 1425432] (gcs_server) gcs_server.cc:249: Gcs Debug state:

GcsNodeManager: 
- RegisterNode request count: 0
- DrainNode request count: 0
- GetAllNodeInfo request count: 0

GcsActorManager: 
- RegisterActor request count: 0
- CreateActor request count: 0
- GetActorInfo request count: 0
- GetNamedActorInfo request count: 0
- GetAllActorInfo request count: 0
- KillActor request count: 0
- ListNamedActors request count: 0
- Registered actors count: 0
- Destroyed actors count: 0
- Named actors count: 0
- Unresolved actors count: 0
- Pending actors count: 0
- Created actors count: 0
- owners_: 0
- actor_to_register_callbacks_: 0
- actor_to_restart_for_lineage_reconstruction_callbacks_: 0
- actor_to_create_callbacks_: 0
- sorted_destroyed_actor_list_: 0

GcsResourceManager: 
- GetAllAvailableResources request count: 0
- GetAllTotalResources request count: 0
- GetAllResourceUsage request count: 0

GcsPlacementGroupManager: 
- CreatePlacementGroup request count: 0
- RemovePlacementGroup request count: 0
- GetPlacementGroup request count: 0
- GetAllPlacementGroup request count: 0
- WaitPlacementGroupUntilReady request count: 0
- GetNamedPlacementGroup request count: 0
- Scheduling pending placement group count: 0
- Registered placement groups count: 0
- Named placement group count: 0
- Pending placement groups count: 0
- Infeasible placement groups count: 0

Publisher:

[runtime env manager] ID to URIs table:
[runtime env manager] URIs reference table:

GcsTaskManager: 
-Total num task events reported: 0
-Total num status task events dropped: 0
-Total num profile events dropped: 0
-Current num of task events stored: 0
-Total num of actor creation tasks: 0
-Total num of actor tasks: 0
-Total num of normal tasks: 0
-Total num of driver tasks: 0

GcsAutoscalerStateManager: 
- last_seen_autoscaler_state_version_: 0
- last_cluster_resource_state_version_: 0
- pending demands:



[2025-06-25 17:21:45,670 I 1425432 1425432] (gcs_server) gcs_server.cc:870: Main service Event stats:


Global stats: 27 total (5 active)
Queueing time: mean = 72.750 ms, max = 217.367 ms, min = 73.000 ns, total = 1.964 s
Execution time:  mean = 16.146 ms, total = 435.939 ms
Event stats:
	GcsInMemoryStore.Put - 9 total (0 active), Execution time: mean = 24.155 ms, total = 217.395 ms, Queueing time: mean = 168.676 ms, max = 217.014 ms, min = 2.083 us, total = 1.518 s
	GcsInMemoryStore.GetAll - 5 total (0 active), Execution time: mean = 8.139 us, total = 40.696 us, Queueing time: mean = 32.854 us, max = 36.108 us, min = 24.989 us, total = 164.268 us
	PeriodicalRunner.RunFnPeriodically - 4 total (2 active, 1 running), Execution time: mean = 2.130 us, total = 8.521 us, Queueing time: mean = 108.662 ms, max = 217.367 ms, min = 217.281 ms, total = 434.648 ms
	event_loop_lag_probe - 2 total (0 active), Execution time: mean = 6.247 us, total = 12.493 us, Queueing time: mean = 5.313 ms, max = 10.576 ms, min = 50.622 us, total = 10.626 ms
	GcsInitData::AsyncLoad - 1 total (0 active), Execution time: mean = 8.200 us, total = 8.200 us, Queueing time: mean = 295.000 ns, max = 295.000 ns, min = 295.000 ns, total = 295.000 ns
	GcsInMemoryStore.Get - 1 total (0 active), Execution time: mean = 9.234 us, total = 9.234 us, Queueing time: mean = 14.850 us, max = 14.850 us, min = 14.850 us, total = 14.850 us
	NodeInfoGcsService.grpc_server.GetClusterId - 1 total (1 active), Execution time: mean = 0.000 s, total = 0.000 s, Queueing time: mean = 0.000 s, max = -0.000 s, min = 9223372036.855 s, total = 0.000 s
	NodeInfoGcsService.grpc_server.GetClusterId.HandleRequestImpl - 1 total (0 active), Execution time: mean = 1.091 ms, total = 1.091 ms, Queueing time: mean = 727.996 us, max = 727.996 us, min = 727.996 us, total = 727.996 us
	ClusterResourceManager.ResetRemoteNodeView - 1 total (1 active), Execution time: mean = 0.000 s, total = 0.000 s, Queueing time: mean = 0.000 s, max = -0.000 s, min = 9223372036.855 s, total = 0.000 s
	RayletLoadPulled - 1 total (1 active), Execution time: mean = 0.000 s, total = 0.000 s, Queueing time: mean = 0.000 s, max = -0.000 s, min = 9223372036.855 s, total = 0.000 s
	GcsServer.GetOrGenerateClusterId.continuation - 1 total (0 active), Execution time: mean = 217.374 ms, total = 217.374 ms, Queueing time: mean = 73.000 ns, max = 73.000 ns, min = 73.000 ns, total = 73.000 ns


[2025-06-25 17:21:45,670 I 1425432 1425432] (gcs_server) gcs_server.cc:874: task_io_context Event stats:


Global stats: 4 total (1 active)
Queueing time: mean = 56.552 us, max = 171.549 us, min = 25.002 us, total = 226.208 us
Execution time:  mean = 39.061 us, total = 156.244 us
Event stats:
	event_loop_lag_probe - 2 total (0 active), Execution time: mean = 74.549 us, total = 149.098 us, Queueing time: mean = 100.603 us, max = 171.549 us, min = 29.657 us, total = 201.206 us
	GcsTaskManager.GcJobSummary - 1 total (1 active), Execution time: mean = 0.000 s, total = 0.000 s, Queueing time: mean = 0.000 s, max = -0.000 s, min = 9223372036.855 s, total = 0.000 s
	PeriodicalRunner.RunFnPeriodically - 1 total (0 active), Execution time: mean = 7.146 us, total = 7.146 us, Queueing time: mean = 25.002 us, max = 25.002 us, min = 25.002 us, total = 25.002 us


[2025-06-25 17:21:45,670 I 1425432 1425432] (gcs_server) gcs_server.cc:874: pubsub_io_context Event stats:


Global stats: 4 total (1 active)
Queueing time: mean = 123.693 us, max = 445.673 us, min = 21.098 us, total = 494.771 us
Execution time:  mean = 37.707 us, total = 150.828 us
Event stats:
	event_loop_lag_probe - 2 total (0 active), Execution time: mean = 73.166 us, total = 146.332 us, Queueing time: mean = 236.837 us, max = 445.673 us, min = 28.000 us, total = 473.673 us
	Publisher.CheckDeadSubscribers - 1 total (1 active), Execution time: mean = 0.000 s, total = 0.000 s, Queueing time: mean = 0.000 s, max = -0.000 s, min = 9223372036.855 s, total = 0.000 s
	PeriodicalRunner.RunFnPeriodically - 1 total (0 active), Execution time: mean = 4.496 us, total = 4.496 us, Queueing time: mean = 21.098 us, max = 21.098 us, min = 21.098 us, total = 21.098 us


[2025-06-25 17:21:45,670 I 1425432 1425432] (gcs_server) gcs_server.cc:874: ray_syncer_io_context Event stats:


Global stats: 4 total (0 active)
Queueing time: mean = 88.603 us, max = 300.754 us, min = 13.804 us, total = 354.414 us
Execution time:  mean = 40.614 us, total = 162.454 us
Event stats:
	RaySyncerRegister - 2 total (0 active), Execution time: mean = 516.000 ns, total = 1.032 us, Queueing time: mean = 16.394 us, max = 18.984 us, min = 13.804 us, total = 32.788 us
	event_loop_lag_probe - 2 total (0 active), Execution time: mean = 80.711 us, total = 161.422 us, Queueing time: mean = 160.813 us, max = 300.754 us, min = 20.872 us, total = 321.626 us


[2025-06-25 17:21:47,693 I 1425432 1425432] (gcs_server) gcs_node_manager.cc:92: Registering node info, address = 192.168.10.101, node name = 192.168.10.101 node_id=2f44f4b5bbcbdb09a0b5dfe01ea2441c7e01962d6277f66ef5ee7d43
[2025-06-25 17:21:47,693 I 1425432 1425432] (gcs_server) gcs_node_manager.cc:98: Finished registering node info, address = 192.168.10.101, node name = 192.168.10.101, is_head_node = 1 node_id=2f44f4b5bbcbdb09a0b5dfe01ea2441c7e01962d6277f66ef5ee7d43
[2025-06-25 17:21:47,693 I 1425432 1425432] (gcs_server) gcs_placement_group_mgr.cc:851: A new node: 2f44f4b5bbcbdb09a0b5dfe01ea2441c7e01962d6277f66ef5ee7d43 registered, will try to reschedule all the infeasible placement groups.
[2025-06-25 17:21:47,698 I 1425432 1425522] (gcs_server) ray_syncer.cc:244: Get connection node_id=2f44f4b5bbcbdb09a0b5dfe01ea2441c7e01962d6277f66ef5ee7d43
[2025-06-25 17:21:49,090 I 1425432 1425432] (gcs_server) gcs_job_manager.cc:97: Adding job, job id = 01000000, driver pid = 1424759
[2025-06-25 17:21:49,090 I 1425432 1425432] (gcs_server) gcs_job_manager.cc:118: Finished adding job, job id = 01000000, driver pid = 1424759
[2025-06-25 17:21:49,143 I 1425432 1425432] (gcs_server) gcs_actor_manager.cc:403: Registering actor job_id=01000000 actor_id=283bb220d43681d177b56a7001000000
[2025-06-25 17:21:49,143 I 1425432 1425432] (gcs_server) gcs_actor_manager.cc:408: Registered actor, job id = 01000000, actor id = 283bb220d43681d177b56a7001000000
[2025-06-25 17:21:49,145 I 1425432 1425432] (gcs_server) gcs_actor_manager.cc:515: Creating actor job_id=01000000 actor_id=283bb220d43681d177b56a7001000000
[2025-06-25 17:21:49,145 I 1425432 1425432] (gcs_server) gcs_actor_scheduler.cc:318: Start leasing worker from node 2f44f4b5bbcbdb09a0b5dfe01ea2441c7e01962d6277f66ef5ee7d43 for actor 283bb220d43681d177b56a7001000000, job id = 01000000
[2025-06-25 17:21:49,145 I 1425432 1425432] (gcs_server) gcs_actor_scheduler.cc:642: Finished leasing worker from 2f44f4b5bbcbdb09a0b5dfe01ea2441c7e01962d6277f66ef5ee7d43 for actor 283bb220d43681d177b56a7001000000, job id = 01000000
[2025-06-25 17:21:49,146 I 1425432 1425432] (gcs_server) gcs_actor_scheduler.cc:454: Start creating actor 283bb220d43681d177b56a7001000000 on worker 3d6cf518babd3168bbef7656e39b18245b8d1c7e52154228a30295ee at node 2f44f4b5bbcbdb09a0b5dfe01ea2441c7e01962d6277f66ef5ee7d43, job id = 01000000
[2025-06-25 17:21:50,521 I 1425432 1425432] (gcs_server) gcs_actor_scheduler.cc:491: Finished actor creation task for actor 283bb220d43681d177b56a7001000000 on worker 3d6cf518babd3168bbef7656e39b18245b8d1c7e52154228a30295ee at node 2f44f4b5bbcbdb09a0b5dfe01ea2441c7e01962d6277f66ef5ee7d43, job id = 01000000
[2025-06-25 17:21:50,521 I 1425432 1425432] (gcs_server) gcs_actor_manager.cc:1586: Actor created successfully job_id=01000000 actor_id=283bb220d43681d177b56a7001000000
[2025-06-25 17:21:50,521 I 1425432 1425432] (gcs_server) gcs_actor_manager.cc:530: Finished creating actor. Status: OK job_id=01000000 actor_id=283bb220d43681d177b56a7001000000
[2025-06-25 17:21:50,525 I 1425432 1425432] (gcs_server) gcs_actor_manager.cc:403: Registering actor job_id=01000000 actor_id=b7d1c0a0367e6bb90e30ea9d01000000
[2025-06-25 17:21:50,525 I 1425432 1425432] (gcs_server) gcs_actor_manager.cc:408: Registered actor, job id = 01000000, actor id = b7d1c0a0367e6bb90e30ea9d01000000
[2025-06-25 17:21:50,525 I 1425432 1425432] (gcs_server) gcs_actor_manager.cc:515: Creating actor job_id=01000000 actor_id=b7d1c0a0367e6bb90e30ea9d01000000
[2025-06-25 17:21:50,526 I 1425432 1425432] (gcs_server) gcs_actor_scheduler.cc:318: Start leasing worker from node 2f44f4b5bbcbdb09a0b5dfe01ea2441c7e01962d6277f66ef5ee7d43 for actor b7d1c0a0367e6bb90e30ea9d01000000, job id = 01000000
[2025-06-25 17:21:50,526 I 1425432 1425432] (gcs_server) gcs_actor_scheduler.cc:642: Finished leasing worker from 2f44f4b5bbcbdb09a0b5dfe01ea2441c7e01962d6277f66ef5ee7d43 for actor b7d1c0a0367e6bb90e30ea9d01000000, job id = 01000000
[2025-06-25 17:21:50,526 I 1425432 1425432] (gcs_server) gcs_actor_scheduler.cc:454: Start creating actor b7d1c0a0367e6bb90e30ea9d01000000 on worker b2c7d55042c939e463f041ba30ec443d00976b6b8b9837507c86cf1c at node 2f44f4b5bbcbdb09a0b5dfe01ea2441c7e01962d6277f66ef5ee7d43, job id = 01000000
[2025-06-25 17:21:51,906 I 1425432 1425432] (gcs_server) gcs_actor_scheduler.cc:491: Finished actor creation task for actor b7d1c0a0367e6bb90e30ea9d01000000 on worker b2c7d55042c939e463f041ba30ec443d00976b6b8b9837507c86cf1c at node 2f44f4b5bbcbdb09a0b5dfe01ea2441c7e01962d6277f66ef5ee7d43, job id = 01000000
[2025-06-25 17:21:51,906 I 1425432 1425432] (gcs_server) gcs_actor_manager.cc:1586: Actor created successfully job_id=01000000 actor_id=b7d1c0a0367e6bb90e30ea9d01000000
[2025-06-25 17:21:51,906 I 1425432 1425432] (gcs_server) gcs_actor_manager.cc:530: Finished creating actor. Status: OK job_id=01000000 actor_id=b7d1c0a0367e6bb90e30ea9d01000000
[2025-06-25 17:21:51,909 I 1425432 1425432] (gcs_server) gcs_actor_manager.cc:403: Registering actor job_id=01000000 actor_id=69df7edb83936e184d198e9101000000
[2025-06-25 17:21:51,909 I 1425432 1425432] (gcs_server) gcs_actor_manager.cc:408: Registered actor, job id = 01000000, actor id = 69df7edb83936e184d198e9101000000
[2025-06-25 17:21:51,910 I 1425432 1425432] (gcs_server) gcs_actor_manager.cc:515: Creating actor job_id=01000000 actor_id=69df7edb83936e184d198e9101000000
[2025-06-25 17:21:51,910 I 1425432 1425432] (gcs_server) gcs_actor_scheduler.cc:318: Start leasing worker from node 2f44f4b5bbcbdb09a0b5dfe01ea2441c7e01962d6277f66ef5ee7d43 for actor 69df7edb83936e184d198e9101000000, job id = 01000000
[2025-06-25 17:21:51,911 I 1425432 1425432] (gcs_server) gcs_actor_scheduler.cc:642: Finished leasing worker from 2f44f4b5bbcbdb09a0b5dfe01ea2441c7e01962d6277f66ef5ee7d43 for actor 69df7edb83936e184d198e9101000000, job id = 01000000
[2025-06-25 17:21:51,911 I 1425432 1425432] (gcs_server) gcs_actor_scheduler.cc:454: Start creating actor 69df7edb83936e184d198e9101000000 on worker 35f4f12e993d66dc2f31c9ef273c87524142600cd08749bcb0de51d4 at node 2f44f4b5bbcbdb09a0b5dfe01ea2441c7e01962d6277f66ef5ee7d43, job id = 01000000
[2025-06-25 17:21:53,330 I 1425432 1425432] (gcs_server) gcs_actor_scheduler.cc:491: Finished actor creation task for actor 69df7edb83936e184d198e9101000000 on worker 35f4f12e993d66dc2f31c9ef273c87524142600cd08749bcb0de51d4 at node 2f44f4b5bbcbdb09a0b5dfe01ea2441c7e01962d6277f66ef5ee7d43, job id = 01000000
[2025-06-25 17:21:53,330 I 1425432 1425432] (gcs_server) gcs_actor_manager.cc:1586: Actor created successfully job_id=01000000 actor_id=69df7edb83936e184d198e9101000000
[2025-06-25 17:21:53,331 I 1425432 1425432] (gcs_server) gcs_actor_manager.cc:530: Finished creating actor. Status: OK job_id=01000000 actor_id=69df7edb83936e184d198e9101000000
[2025-06-25 17:21:53,335 I 1425432 1425432] (gcs_server) gcs_actor_manager.cc:403: Registering actor job_id=01000000 actor_id=2946b26eeaa8af633710c48401000000
[2025-06-25 17:21:53,335 I 1425432 1425432] (gcs_server) gcs_actor_manager.cc:408: Registered actor, job id = 01000000, actor id = 2946b26eeaa8af633710c48401000000
[2025-06-25 17:21:53,336 I 1425432 1425432] (gcs_server) gcs_actor_manager.cc:515: Creating actor job_id=01000000 actor_id=2946b26eeaa8af633710c48401000000
[2025-06-25 17:21:53,336 I 1425432 1425432] (gcs_server) gcs_actor_scheduler.cc:318: Start leasing worker from node 2f44f4b5bbcbdb09a0b5dfe01ea2441c7e01962d6277f66ef5ee7d43 for actor 2946b26eeaa8af633710c48401000000, job id = 01000000
[2025-06-25 17:21:53,336 I 1425432 1425432] (gcs_server) gcs_actor_scheduler.cc:642: Finished leasing worker from 2f44f4b5bbcbdb09a0b5dfe01ea2441c7e01962d6277f66ef5ee7d43 for actor 2946b26eeaa8af633710c48401000000, job id = 01000000
[2025-06-25 17:21:53,336 I 1425432 1425432] (gcs_server) gcs_actor_scheduler.cc:454: Start creating actor 2946b26eeaa8af633710c48401000000 on worker 6ae8c4e1b28cf5c54bf852b36b7fec038964a85435b1f32f9f331eca at node 2f44f4b5bbcbdb09a0b5dfe01ea2441c7e01962d6277f66ef5ee7d43, job id = 01000000
[2025-06-25 17:21:54,734 I 1425432 1425432] (gcs_server) gcs_actor_scheduler.cc:491: Finished actor creation task for actor 2946b26eeaa8af633710c48401000000 on worker 6ae8c4e1b28cf5c54bf852b36b7fec038964a85435b1f32f9f331eca at node 2f44f4b5bbcbdb09a0b5dfe01ea2441c7e01962d6277f66ef5ee7d43, job id = 01000000
[2025-06-25 17:21:54,734 I 1425432 1425432] (gcs_server) gcs_actor_manager.cc:1586: Actor created successfully job_id=01000000 actor_id=2946b26eeaa8af633710c48401000000
[2025-06-25 17:21:54,734 I 1425432 1425432] (gcs_server) gcs_actor_manager.cc:530: Finished creating actor. Status: OK job_id=01000000 actor_id=2946b26eeaa8af633710c48401000000
[2025-06-25 17:21:54,737 I 1425432 1425432] (gcs_server) gcs_actor_manager.cc:403: Registering actor job_id=01000000 actor_id=1948159ab128df73b8f68e6b01000000
[2025-06-25 17:21:54,738 I 1425432 1425432] (gcs_server) gcs_actor_manager.cc:408: Registered actor, job id = 01000000, actor id = 1948159ab128df73b8f68e6b01000000
[2025-06-25 17:21:54,738 I 1425432 1425432] (gcs_server) gcs_actor_manager.cc:515: Creating actor job_id=01000000 actor_id=1948159ab128df73b8f68e6b01000000
[2025-06-25 17:21:54,738 I 1425432 1425432] (gcs_server) gcs_actor_scheduler.cc:318: Start leasing worker from node 2f44f4b5bbcbdb09a0b5dfe01ea2441c7e01962d6277f66ef5ee7d43 for actor 1948159ab128df73b8f68e6b01000000, job id = 01000000
[2025-06-25 17:21:54,739 I 1425432 1425432] (gcs_server) gcs_actor_scheduler.cc:642: Finished leasing worker from 2f44f4b5bbcbdb09a0b5dfe01ea2441c7e01962d6277f66ef5ee7d43 for actor 1948159ab128df73b8f68e6b01000000, job id = 01000000
[2025-06-25 17:21:54,739 I 1425432 1425432] (gcs_server) gcs_actor_scheduler.cc:454: Start creating actor 1948159ab128df73b8f68e6b01000000 on worker f55920922e07962882653718559f4251e02dc8bfbd8cf3563e7af1d6 at node 2f44f4b5bbcbdb09a0b5dfe01ea2441c7e01962d6277f66ef5ee7d43, job id = 01000000
[2025-06-25 17:21:55,464 W 1425432 1425459] (gcs_server) metric_exporter.cc:105: [1] Export metrics to agent failed: RpcError: RPC Error message: failed to connect to all addresses; last error: UNKNOWN: ipv4:127.0.0.1:62415: Failed to connect to remote host: Connection refused; RPC Error details:  rpc_code: 14. This won't affect Ray, but you can lose metrics from the cluster.
[2025-06-25 17:21:56,149 I 1425432 1425432] (gcs_server) gcs_actor_scheduler.cc:491: Finished actor creation task for actor 1948159ab128df73b8f68e6b01000000 on worker f55920922e07962882653718559f4251e02dc8bfbd8cf3563e7af1d6 at node 2f44f4b5bbcbdb09a0b5dfe01ea2441c7e01962d6277f66ef5ee7d43, job id = 01000000
[2025-06-25 17:21:56,149 I 1425432 1425432] (gcs_server) gcs_actor_manager.cc:1586: Actor created successfully job_id=01000000 actor_id=1948159ab128df73b8f68e6b01000000
[2025-06-25 17:21:56,149 I 1425432 1425432] (gcs_server) gcs_actor_manager.cc:530: Finished creating actor. Status: OK job_id=01000000 actor_id=1948159ab128df73b8f68e6b01000000
[2025-06-25 17:21:56,153 I 1425432 1425432] (gcs_server) gcs_actor_manager.cc:403: Registering actor job_id=01000000 actor_id=4efa7bab1386e6d817da43bb01000000
[2025-06-25 17:21:56,153 I 1425432 1425432] (gcs_server) gcs_actor_manager.cc:408: Registered actor, job id = 01000000, actor id = 4efa7bab1386e6d817da43bb01000000
[2025-06-25 17:21:56,154 I 1425432 1425432] (gcs_server) gcs_actor_manager.cc:515: Creating actor job_id=01000000 actor_id=4efa7bab1386e6d817da43bb01000000
[2025-06-25 17:21:56,154 I 1425432 1425432] (gcs_server) gcs_actor_scheduler.cc:318: Start leasing worker from node 2f44f4b5bbcbdb09a0b5dfe01ea2441c7e01962d6277f66ef5ee7d43 for actor 4efa7bab1386e6d817da43bb01000000, job id = 01000000
[2025-06-25 17:21:56,154 I 1425432 1425432] (gcs_server) gcs_actor_scheduler.cc:642: Finished leasing worker from 2f44f4b5bbcbdb09a0b5dfe01ea2441c7e01962d6277f66ef5ee7d43 for actor 4efa7bab1386e6d817da43bb01000000, job id = 01000000
[2025-06-25 17:21:56,154 I 1425432 1425432] (gcs_server) gcs_actor_scheduler.cc:454: Start creating actor 4efa7bab1386e6d817da43bb01000000 on worker 4de2cbc89fa68a02e7a78eb41a268b11847cd39cfc797ed1f4e3c1a8 at node 2f44f4b5bbcbdb09a0b5dfe01ea2441c7e01962d6277f66ef5ee7d43, job id = 01000000
[2025-06-25 17:21:57,590 I 1425432 1425432] (gcs_server) gcs_actor_scheduler.cc:491: Finished actor creation task for actor 4efa7bab1386e6d817da43bb01000000 on worker 4de2cbc89fa68a02e7a78eb41a268b11847cd39cfc797ed1f4e3c1a8 at node 2f44f4b5bbcbdb09a0b5dfe01ea2441c7e01962d6277f66ef5ee7d43, job id = 01000000
[2025-06-25 17:21:57,590 I 1425432 1425432] (gcs_server) gcs_actor_manager.cc:1586: Actor created successfully job_id=01000000 actor_id=4efa7bab1386e6d817da43bb01000000
[2025-06-25 17:21:57,590 I 1425432 1425432] (gcs_server) gcs_actor_manager.cc:530: Finished creating actor. Status: OK job_id=01000000 actor_id=4efa7bab1386e6d817da43bb01000000
[2025-06-25 17:21:57,593 I 1425432 1425432] (gcs_server) gcs_actor_manager.cc:403: Registering actor job_id=01000000 actor_id=a84c5f8fb8062007c4deb46701000000
[2025-06-25 17:21:57,593 I 1425432 1425432] (gcs_server) gcs_actor_manager.cc:408: Registered actor, job id = 01000000, actor id = a84c5f8fb8062007c4deb46701000000
[2025-06-25 17:21:57,594 I 1425432 1425432] (gcs_server) gcs_actor_manager.cc:515: Creating actor job_id=01000000 actor_id=a84c5f8fb8062007c4deb46701000000
[2025-06-25 17:21:57,594 I 1425432 1425432] (gcs_server) gcs_actor_scheduler.cc:318: Start leasing worker from node 2f44f4b5bbcbdb09a0b5dfe01ea2441c7e01962d6277f66ef5ee7d43 for actor a84c5f8fb8062007c4deb46701000000, job id = 01000000
[2025-06-25 17:21:57,595 I 1425432 1425432] (gcs_server) gcs_actor_scheduler.cc:642: Finished leasing worker from 2f44f4b5bbcbdb09a0b5dfe01ea2441c7e01962d6277f66ef5ee7d43 for actor a84c5f8fb8062007c4deb46701000000, job id = 01000000
[2025-06-25 17:21:57,595 I 1425432 1425432] (gcs_server) gcs_actor_scheduler.cc:454: Start creating actor a84c5f8fb8062007c4deb46701000000 on worker 737993475197d722bd689ade03e6d1cd43002f330af1c9cd73271121 at node 2f44f4b5bbcbdb09a0b5dfe01ea2441c7e01962d6277f66ef5ee7d43, job id = 01000000
[2025-06-25 17:21:58,997 I 1425432 1425432] (gcs_server) gcs_actor_scheduler.cc:491: Finished actor creation task for actor a84c5f8fb8062007c4deb46701000000 on worker 737993475197d722bd689ade03e6d1cd43002f330af1c9cd73271121 at node 2f44f4b5bbcbdb09a0b5dfe01ea2441c7e01962d6277f66ef5ee7d43, job id = 01000000
[2025-06-25 17:21:58,997 I 1425432 1425432] (gcs_server) gcs_actor_manager.cc:1586: Actor created successfully job_id=01000000 actor_id=a84c5f8fb8062007c4deb46701000000
[2025-06-25 17:21:58,997 I 1425432 1425432] (gcs_server) gcs_actor_manager.cc:530: Finished creating actor. Status: OK job_id=01000000 actor_id=a84c5f8fb8062007c4deb46701000000
[2025-06-25 17:21:59,000 I 1425432 1425432] (gcs_server) gcs_actor_manager.cc:403: Registering actor job_id=01000000 actor_id=5e949ab1a30059643eca158301000000
[2025-06-25 17:21:59,000 I 1425432 1425432] (gcs_server) gcs_actor_manager.cc:408: Registered actor, job id = 01000000, actor id = 5e949ab1a30059643eca158301000000
[2025-06-25 17:21:59,001 I 1425432 1425432] (gcs_server) gcs_actor_manager.cc:515: Creating actor job_id=01000000 actor_id=5e949ab1a30059643eca158301000000
[2025-06-25 17:21:59,001 I 1425432 1425432] (gcs_server) gcs_actor_scheduler.cc:318: Start leasing worker from node 2f44f4b5bbcbdb09a0b5dfe01ea2441c7e01962d6277f66ef5ee7d43 for actor 5e949ab1a30059643eca158301000000, job id = 01000000
[2025-06-25 17:21:59,002 I 1425432 1425432] (gcs_server) gcs_actor_scheduler.cc:642: Finished leasing worker from 2f44f4b5bbcbdb09a0b5dfe01ea2441c7e01962d6277f66ef5ee7d43 for actor 5e949ab1a30059643eca158301000000, job id = 01000000
[2025-06-25 17:21:59,002 I 1425432 1425432] (gcs_server) gcs_actor_scheduler.cc:454: Start creating actor 5e949ab1a30059643eca158301000000 on worker b8e0b697bc43d8062d80ca5ed224d4e1da6628508cf9b8195c45e1ba at node 2f44f4b5bbcbdb09a0b5dfe01ea2441c7e01962d6277f66ef5ee7d43, job id = 01000000
[2025-06-25 17:22:00,381 I 1425432 1425432] (gcs_server) gcs_actor_scheduler.cc:491: Finished actor creation task for actor 5e949ab1a30059643eca158301000000 on worker b8e0b697bc43d8062d80ca5ed224d4e1da6628508cf9b8195c45e1ba at node 2f44f4b5bbcbdb09a0b5dfe01ea2441c7e01962d6277f66ef5ee7d43, job id = 01000000
[2025-06-25 17:22:00,381 I 1425432 1425432] (gcs_server) gcs_actor_manager.cc:1586: Actor created successfully job_id=01000000 actor_id=5e949ab1a30059643eca158301000000
[2025-06-25 17:22:00,381 I 1425432 1425432] (gcs_server) gcs_actor_manager.cc:530: Finished creating actor. Status: OK job_id=01000000 actor_id=5e949ab1a30059643eca158301000000
[2025-06-25 17:22:45,670 I 1425432 1425432] (gcs_server) gcs_server.cc:249: Gcs Debug state:

GcsNodeManager: 
- RegisterNode request count: 1
- DrainNode request count: 0
- GetAllNodeInfo request count: 196

GcsActorManager: 
- RegisterActor request count: 8
- CreateActor request count: 8
- GetActorInfo request count: 8
- GetNamedActorInfo request count: 0
- GetAllActorInfo request count: 0
- KillActor request count: 0
- ListNamedActors request count: 0
- Registered actors count: 8
- Destroyed actors count: 0
- Named actors count: 0
- Unresolved actors count: 0
- Pending actors count: 0
- Created actors count: 1
- owners_: 1
- actor_to_register_callbacks_: 0
- actor_to_restart_for_lineage_reconstruction_callbacks_: 0
- actor_to_create_callbacks_: 0
- sorted_destroyed_actor_list_: 0

GcsResourceManager: 
- GetAllAvailableResources request count: 1
- GetAllTotalResources request count: 0
- GetAllResourceUsage request count: 12

GcsPlacementGroupManager: 
- CreatePlacementGroup request count: 0
- RemovePlacementGroup request count: 0
- GetPlacementGroup request count: 0
- GetAllPlacementGroup request count: 0
- WaitPlacementGroupUntilReady request count: 0
- GetNamedPlacementGroup request count: 0
- Scheduling pending placement group count: 0
- Registered placement groups count: 0
- Named placement group count: 0
- Pending placement groups count: 0
- Infeasible placement groups count: 0

Publisher:
RAY_LOG_CHANNEL
- cumulative published messages: 12
- cumulative published bytes: 12334
- current buffered bytes: 894
GCS_ACTOR_CHANNEL
- cumulative published messages: 24
- cumulative published bytes: 8368
- current buffered bytes: 1392
GCS_JOB_CHANNEL
- cumulative published messages: 1
- cumulative published bytes: 301
- current buffered bytes: 301
GCS_NODE_INFO_CHANNEL
- cumulative published messages: 1
- cumulative published bytes: 607
- current buffered bytes: 0

[runtime env manager] ID to URIs table:
[runtime env manager] URIs reference table:

GcsTaskManager: 
-Total num task events reported: 86
-Total num status task events dropped: 0
-Total num profile events dropped: 0
-Current num of task events stored: 26
-Total num of actor creation tasks: 8
-Total num of actor tasks: 17
-Total num of normal tasks: 0
-Total num of driver tasks: 1

GcsAutoscalerStateManager: 
- last_seen_autoscaler_state_version_: 0
- last_cluster_resource_state_version_: 12
- pending demands:



[2025-06-25 17:22:45,671 I 1425432 1425432] (gcs_server) gcs_server.cc:870: Main service Event stats:


Global stats: 2473 total (12 active)
Queueing time: mean = 809.659 us, max = 217.367 ms, min = 73.000 ns, total = 2.002 s
Execution time:  mean = 9.339 ms, total = 23.095 s
Event stats:
	GcsInMemoryStore.Put - 252 total (0 active), Execution time: mean = 883.402 us, total = 222.617 ms, Queueing time: mean = 6.047 ms, max = 217.014 ms, min = 1.009 us, total = 1.524 s
	event_loop_lag_probe - 242 total (0 active), Execution time: mean = 11.275 us, total = 2.729 ms, Queueing time: mean = 47.691 us, max = 10.576 ms, min = 901.000 ns, total = 11.541 ms
	GcsInMemoryStore.Get - 228 total (0 active), Execution time: mean = 16.339 us, total = 3.725 ms, Queueing time: mean = 6.070 us, max = 368.296 us, min = 945.000 ns, total = 1.384 ms
	InternalKVGcsService.grpc_server.InternalKVGet - 227 total (0 active), Execution time: mean = 203.169 us, total = 46.119 ms, Queueing time: mean = 0.000 s, max = -0.000 s, min = 9223372036.855 s, total = 0.000 s
	InternalKVGcsService.grpc_server.InternalKVGet.HandleRequestImpl - 227 total (0 active), Execution time: mean = 17.314 us, total = 3.930 ms, Queueing time: mean = 24.725 us, max = 433.212 us, min = 2.139 us, total = 5.613 ms
	NodeInfoGcsService.grpc_server.GetAllNodeInfo - 196 total (0 active), Execution time: mean = 178.279 us, total = 34.943 ms, Queueing time: mean = 0.000 s, max = -0.000 s, min = 9223372036.855 s, total = 0.000 s
	NodeInfoGcsService.grpc_server.GetAllNodeInfo.HandleRequestImpl - 196 total (0 active), Execution time: mean = 22.724 us, total = 4.454 ms, Queueing time: mean = 27.331 us, max = 772.622 us, min = 1.828 us, total = 5.357 ms
	NodeInfoGcsService.grpc_server.GetClusterId - 101 total (0 active), Execution time: mean = 245.848 us, total = 24.831 ms, Queueing time: mean = 0.000 s, max = -0.000 s, min = 9223372036.855 s, total = 0.000 s
	NodeInfoGcsService.grpc_server.GetClusterId.HandleRequestImpl - 101 total (0 active), Execution time: mean = 27.663 us, total = 2.794 ms, Queueing time: mean = 46.489 us, max = 1.152 ms, min = 9.856 us, total = 4.695 ms
	WorkerInfoGcsService.grpc_server.AddWorkerInfo.HandleRequestImpl - 97 total (0 active), Execution time: mean = 16.586 us, total = 1.609 ms, Queueing time: mean = 37.798 us, max = 574.440 us, min = 7.810 us, total = 3.666 ms
	WorkerInfoGcsService.grpc_server.AddWorkerInfo - 97 total (0 active), Execution time: mean = 196.065 us, total = 19.018 ms, Queueing time: mean = 0.000 s, max = -0.000 s, min = 9223372036.855 s, total = 0.000 s
	RayletLoadPulled - 60 total (1 active), Execution time: mean = 132.010 us, total = 7.921 ms, Queueing time: mean = 35.801 us, max = 192.298 us, min = 670.000 ns, total = 2.148 ms
	NodeManagerService.grpc_client.GetResourceLoad - 57 total (0 active), Execution time: mean = 783.820 us, total = 44.678 ms, Queueing time: mean = 0.000 s, max = -0.000 s, min = 9223372036.855 s, total = 0.000 s
	NodeManagerService.grpc_client.GetResourceLoad.OnReplyReceived - 57 total (0 active), Execution time: mean = 38.730 us, total = 2.208 ms, Queueing time: mean = 35.238 us, max = 268.118 us, min = 15.853 us, total = 2.009 ms
	InternalKVGcsService.grpc_server.InternalKVPut - 40 total (0 active), Execution time: mean = 268.982 us, total = 10.759 ms, Queueing time: mean = 0.000 s, max = -0.000 s, min = 9223372036.855 s, total = 0.000 s
	InternalKVGcsService.grpc_server.InternalKVPut.HandleRequestImpl - 40 total (0 active), Execution time: mean = 14.656 us, total = 586.229 us, Queueing time: mean = 22.452 us, max = 94.317 us, min = 9.253 us, total = 898.091 us
	ClusterResourceManager.ResetRemoteNodeView - 21 total (1 active), Execution time: mean = 7.314 us, total = 153.585 us, Queueing time: mean = 33.254 us, max = 61.163 us, min = 17.519 us, total = 698.343 us
	HealthCheck - 14 total (0 active), Execution time: mean = 3.699 us, total = 51.784 us, Queueing time: mean = 28.358 us, max = 64.050 us, min = 13.263 us, total = 397.011 us
	NodeInfoGcsService.grpc_server.CheckAlive - 13 total (0 active), Execution time: mean = 190.591 us, total = 2.478 ms, Queueing time: mean = 0.000 s, max = -0.000 s, min = 9223372036.855 s, total = 0.000 s
	NodeInfoGcsService.grpc_server.CheckAlive.HandleRequestImpl - 13 total (0 active), Execution time: mean = 16.024 us, total = 208.311 us, Queueing time: mean = 29.472 us, max = 63.495 us, min = 18.530 us, total = 383.130 us
	NodeResourceInfoGcsService.grpc_server.GetAllResourceUsage - 12 total (0 active), Execution time: mean = 523.785 us, total = 6.285 ms, Queueing time: mean = 0.000 s, max = -0.000 s, min = 9223372036.855 s, total = 0.000 s
	AutoscalerStateService.grpc_server.GetClusterResourceState.HandleRequestImpl - 12 total (0 active), Execution time: mean = 28.934 us, total = 347.212 us, Queueing time: mean = 20.236 us, max = 42.583 us, min = 14.288 us, total = 242.831 us
	AutoscalerStateService.grpc_server.GetClusterResourceState - 12 total (0 active), Execution time: mean = 257.425 us, total = 3.089 ms, Queueing time: mean = 0.000 s, max = -0.000 s, min = 9223372036.855 s, total = 0.000 s
	NodeResourceInfoGcsService.grpc_server.GetAllResourceUsage.HandleRequestImpl - 12 total (0 active), Execution time: mean = 40.010 us, total = 480.118 us, Queueing time: mean = 29.335 us, max = 64.162 us, min = 16.688 us, total = 352.023 us
	GcsResourceManager::Update - 11 total (0 active), Execution time: mean = 44.399 us, total = 488.387 us, Queueing time: mean = 14.621 us, max = 42.216 us, min = 4.300 us, total = 160.835 us
	GcsHealthCheckManager::MarkNodeHealthy - 11 total (0 active), Execution time: mean = 2.474 us, total = 27.219 us, Queueing time: mean = 25.138 us, max = 48.366 us, min = 15.208 us, total = 276.520 us
	ActorInfoGcsService.grpc_server.RegisterActor.HandleRequestImpl - 8 total (0 active), Execution time: mean = 234.107 us, total = 1.873 ms, Queueing time: mean = 18.784 us, max = 27.704 us, min = 14.441 us, total = 150.270 us
	CoreWorkerService.grpc_client.WaitForActorRefDeleted - 8 total (8 active), Execution time: mean = 0.000 s, total = 0.000 s, Queueing time: mean = 0.000 s, max = -0.000 s, min = 9223372036.855 s, total = 0.000 s
	NodeManagerService.grpc_client.RequestWorkerLease.OnReplyReceived - 8 total (0 active), Execution time: mean = 147.793 us, total = 1.182 ms, Queueing time: mean = 19.581 us, max = 26.293 us, min = 15.610 us, total = 156.646 us
	CoreWorkerService.grpc_client.PushTask.OnReplyReceived - 8 total (0 active), Execution time: mean = 296.392 us, total = 2.371 ms, Queueing time: mean = 25.747 us, max = 37.210 us, min = 15.438 us, total = 205.976 us
	ActorInfoGcsService.grpc_server.GetActorInfo.HandleRequestImpl - 8 total (0 active), Execution time: mean = 11.706 us, total = 93.651 us, Queueing time: mean = 47.704 us, max = 252.754 us, min = 16.299 us, total = 381.635 us
	ActorInfoGcsService.grpc_server.CreateActor - 8 total (0 active), Execution time: mean = 1.401 s, total = 11.210 s, Queueing time: mean = 0.000 s, max = -0.000 s, min = 9223372036.855 s, total = 0.000 s
	ActorInfoGcsService.grpc_server.CreateActor.HandleRequestImpl - 8 total (0 active), Execution time: mean = 178.553 us, total = 1.428 ms, Queueing time: mean = 13.363 us, max = 16.618 us, min = 11.603 us, total = 106.906 us
	ActorInfoGcsService.grpc_server.GetActorInfo - 8 total (0 active), Execution time: mean = 200.718 us, total = 1.606 ms, Queueing time: mean = 0.000 s, max = -0.000 s, min = 9223372036.855 s, total = 0.000 s
	ActorInfoGcsService.grpc_server.RegisterActor - 8 total (0 active), Execution time: mean = 444.842 us, total = 3.559 ms, Queueing time: mean = 0.000 s, max = -0.000 s, min = 9223372036.855 s, total = 0.000 s
	NodeManagerService.grpc_client.RequestWorkerLease - 8 total (0 active), Execution time: mean = 614.277 us, total = 4.914 ms, Queueing time: mean = 0.000 s, max = -0.000 s, min = 9223372036.855 s, total = 0.000 s
	CoreWorkerService.grpc_client.PushTask - 8 total (0 active), Execution time: mean = 1.400 s, total = 11.198 s, Queueing time: mean = 0.000 s, max = -0.000 s, min = 9223372036.855 s, total = 0.000 s
	GCSServer.deadline_timer.debug_state_dump - 6 total (1 active), Execution time: mean = 691.836 us, total = 4.151 ms, Queueing time: mean = 21.849 us, max = 62.549 us, min = 11.992 us, total = 131.094 us
	GcsInMemoryStore.GetAll - 6 total (0 active), Execution time: mean = 8.650 us, total = 51.900 us, Queueing time: mean = 27.718 us, max = 36.108 us, min = 2.037 us, total = 166.305 us
	PeriodicalRunner.RunFnPeriodically - 4 total (0 active), Execution time: mean = 127.398 us, total = 509.593 us, Queueing time: mean = 109.307 ms, max = 217.367 ms, min = 1.135 ms, total = 437.229 ms
	JobInfoGcsService.grpc_server.GetNextJobID - 1 total (0 active), Execution time: mean = 272.094 us, total = 272.094 us, Queueing time: mean = 0.000 s, max = -0.000 s, min = 9223372036.855 s, total = 0.000 s
	JobInfoGcsService.grpc_server.AddJob - 1 total (0 active), Execution time: mean = 264.022 us, total = 264.022 us, Queueing time: mean = 0.000 s, max = -0.000 s, min = 9223372036.855 s, total = 0.000 s
	InternalKVGcsService.grpc_server.InternalKVDel - 1 total (0 active), Execution time: mean = 390.189 us, total = 390.189 us, Queueing time: mean = 0.000 s, max = -0.000 s, min = 9223372036.855 s, total = 0.000 s
	GcsInMemoryStore.Delete - 1 total (0 active), Execution time: mean = 7.344 us, total = 7.344 us, Queueing time: mean = 2.438 us, max = 2.438 us, min = 2.438 us, total = 2.438 us
	NodeInfoGcsService.grpc_server.RegisterNode.HandleRequestImpl - 1 total (0 active), Execution time: mean = 85.569 us, total = 85.569 us, Queueing time: mean = 19.452 us, max = 19.452 us, min = 19.452 us, total = 19.452 us
	InternalKVGcsService.grpc_server.GetInternalConfig.HandleRequestImpl - 1 total (0 active), Execution time: mean = 32.635 us, total = 32.635 us, Queueing time: mean = 21.980 us, max = 21.980 us, min = 21.980 us, total = 21.980 us
	NodeResourceInfoGcsService.grpc_server.GetAllAvailableResources.HandleRequestImpl - 1 total (0 active), Execution time: mean = 15.713 us, total = 15.713 us, Queueing time: mean = 19.516 us, max = 19.516 us, min = 19.516 us, total = 19.516 us
	JobInfoGcsService.grpc_server.AddJob.HandleRequestImpl - 1 total (0 active), Execution time: mean = 58.404 us, total = 58.404 us, Queueing time: mean = 21.162 us, max = 21.162 us, min = 21.162 us, total = 21.162 us
	GcsInitData::AsyncLoad - 1 total (0 active), Execution time: mean = 8.200 us, total = 8.200 us, Queueing time: mean = 295.000 ns, max = 295.000 ns, min = 295.000 ns, total = 295.000 ns
	GcsHealthCheckManager::AddNode - 1 total (0 active), Execution time: mean = 7.617 us, total = 7.617 us, Queueing time: mean = 246.000 ns, max = 246.000 ns, min = 246.000 ns, total = 246.000 ns
	GcsInMemoryStore.GetNextJobID - 1 total (0 active), Execution time: mean = 5.208 us, total = 5.208 us, Queueing time: mean = 1.301 us, max = 1.301 us, min = 1.301 us, total = 1.301 us
	GcsServer.GetOrGenerateClusterId.continuation - 1 total (0 active), Execution time: mean = 217.374 ms, total = 217.374 ms, Queueing time: mean = 73.000 ns, max = 73.000 ns, min = 73.000 ns, total = 73.000 ns
	InternalKVGcsService.grpc_server.InternalKVDel.HandleRequestImpl - 1 total (0 active), Execution time: mean = 21.310 us, total = 21.310 us, Queueing time: mean = 20.444 us, max = 20.444 us, min = 20.444 us, total = 20.444 us
	JobInfoGcsService.grpc_server.GetNextJobID.HandleRequestImpl - 1 total (0 active), Execution time: mean = 3.289 us, total = 3.289 us, Queueing time: mean = 14.666 us, max = 14.666 us, min = 14.666 us, total = 14.666 us
	NodeInfoGcsService.grpc_server.RegisterNode - 1 total (0 active), Execution time: mean = 625.702 us, total = 625.702 us, Queueing time: mean = 0.000 s, max = -0.000 s, min = 9223372036.855 s, total = 0.000 s
	NodeResourceInfoGcsService.grpc_server.GetAllAvailableResources - 1 total (0 active), Execution time: mean = 102.457 us, total = 102.457 us, Queueing time: mean = 0.000 s, max = -0.000 s, min = 9223372036.855 s, total = 0.000 s
	JobInfoGcsService.grpc_server.GetAllJobInfo - 1 total (0 active), Execution time: mean = 156.245 us, total = 156.245 us, Queueing time: mean = 0.000 s, max = -0.000 s, min = 9223372036.855 s, total = 0.000 s
	GCSServer.deadline_timer.debug_state_event_stats_print - 1 total (1 active, 1 running), Execution time: mean = 0.000 s, total = 0.000 s, Queueing time: mean = 0.000 s, max = -0.000 s, min = 9223372036.855 s, total = 0.000 s
	InternalKVGcsService.grpc_server.GetInternalConfig - 1 total (0 active), Execution time: mean = 291.805 us, total = 291.805 us, Queueing time: mean = 0.000 s, max = -0.000 s, min = 9223372036.855 s, total = 0.000 s
	JobInfoGcsService.grpc_server.GetAllJobInfo.HandleRequestImpl - 1 total (0 active), Execution time: mean = 13.142 us, total = 13.142 us, Queueing time: mean = 20.703 us, max = 20.703 us, min = 20.703 us, total = 20.703 us


[2025-06-25 17:22:45,671 I 1425432 1425432] (gcs_server) gcs_server.cc:874: task_io_context Event stats:


Global stats: 11356 total (2 active)
Queueing time: mean = 13.846 us, max = 2.757 ms, min = 844.000 ns, total = 157.238 ms
Execution time:  mean = 91.250 us, total = 1.036 s
Event stats:
	TaskInfoGcsService.grpc_server.AddTaskEventData - 5550 total (1 active), Execution time: mean = 175.037 us, total = 971.458 ms, Queueing time: mean = 0.000 s, max = -0.000 s, min = 9223372036.855 s, total = 0.000 s
	TaskInfoGcsService.grpc_server.AddTaskEventData.HandleRequestImpl - 5550 total (0 active), Execution time: mean = 11.047 us, total = 61.312 ms, Queueing time: mean = 28.058 us, max = 2.757 ms, min = 3.692 us, total = 155.723 ms
	event_loop_lag_probe - 242 total (0 active), Execution time: mean = 13.977 us, total = 3.382 ms, Queueing time: mean = 4.440 us, max = 171.549 us, min = 844.000 ns, total = 1.075 ms
	GcsTaskManager.GcJobSummary - 13 total (1 active), Execution time: mean = 6.086 us, total = 79.113 us, Queueing time: mean = 31.939 us, max = 99.856 us, min = 14.098 us, total = 415.211 us
	PeriodicalRunner.RunFnPeriodically - 1 total (0 active), Execution time: mean = 7.146 us, total = 7.146 us, Queueing time: mean = 25.002 us, max = 25.002 us, min = 25.002 us, total = 25.002 us


[2025-06-25 17:22:45,671 I 1425432 1425432] (gcs_server) gcs_server.cc:874: pubsub_io_context Event stats:


Global stats: 758 total (101 active)
Queueing time: mean = 11.972 us, max = 445.673 us, min = 1.105 us, total = 9.075 ms
Execution time:  mean = 86.039 ms, total = 65.218 s
Event stats:
	event_loop_lag_probe - 242 total (0 active), Execution time: mean = 13.971 us, total = 3.381 ms, Queueing time: mean = 6.503 us, max = 445.673 us, min = 1.105 us, total = 1.574 ms
	InternalPubSubGcsService.grpc_server.GcsSubscriberPoll.HandleRequestImpl - 136 total (0 active), Execution time: mean = 12.652 us, total = 1.721 ms, Queueing time: mean = 30.418 us, max = 343.688 us, min = 3.637 us, total = 4.137 ms
	InternalPubSubGcsService.grpc_server.GcsSubscriberPoll - 136 total (100 active), Execution time: mean = 479.296 ms, total = 65.184 s, Queueing time: mean = 0.000 s, max = -0.000 s, min = 9223372036.855 s, total = 0.000 s
	InternalPubSubGcsService.grpc_server.GcsSubscriberCommandBatch - 109 total (0 active), Execution time: mean = 189.804 us, total = 20.689 ms, Queueing time: mean = 0.000 s, max = -0.000 s, min = 9223372036.855 s, total = 0.000 s
	InternalPubSubGcsService.grpc_server.GcsSubscriberCommandBatch.HandleRequestImpl - 109 total (0 active), Execution time: mean = 37.429 us, total = 4.080 ms, Queueing time: mean = 24.751 us, max = 175.186 us, min = 8.964 us, total = 2.698 ms
	InternalPubSubGcsService.grpc_server.GcsPublish - 12 total (0 active), Execution time: mean = 250.941 us, total = 3.011 ms, Queueing time: mean = 0.000 s, max = -0.000 s, min = 9223372036.855 s, total = 0.000 s
	InternalPubSubGcsService.grpc_server.GcsPublish.HandleRequestImpl - 12 total (0 active), Execution time: mean = 54.207 us, total = 650.487 us, Queueing time: mean = 53.783 us, max = 291.627 us, min = 20.570 us, total = 645.391 us
	Publisher.CheckDeadSubscribers - 1 total (1 active), Execution time: mean = 0.000 s, total = 0.000 s, Queueing time: mean = 0.000 s, max = -0.000 s, min = 9223372036.855 s, total = 0.000 s
	PeriodicalRunner.RunFnPeriodically - 1 total (0 active), Execution time: mean = 4.496 us, total = 4.496 us, Queueing time: mean = 21.098 us, max = 21.098 us, min = 21.098 us, total = 21.098 us


[2025-06-25 17:22:45,671 I 1425432 1425432] (gcs_server) gcs_server.cc:874: ray_syncer_io_context Event stats:


Global stats: 266 total (0 active)
Queueing time: mean = 6.455 us, max = 300.754 us, min = 175.000 ns, total = 1.717 ms
Execution time:  mean = 14.160 us, total = 3.767 ms
Event stats:
	event_loop_lag_probe - 242 total (0 active), Execution time: mean = 13.473 us, total = 3.261 ms, Queueing time: mean = 5.826 us, max = 300.754 us, min = 1.000 us, total = 1.410 ms
	RaySyncer.BroadcastMessage - 11 total (0 active), Execution time: mean = 6.623 us, total = 72.857 us, Queueing time: mean = 283.636 ns, max = 406.000 ns, min = 175.000 ns, total = 3.120 us
	 - 11 total (0 active), Execution time: mean = 39.285 us, total = 432.132 us, Queueing time: mean = 24.661 us, max = 32.200 us, min = 19.271 us, total = 271.267 us
	RaySyncerRegister - 2 total (0 active), Execution time: mean = 516.000 ns, total = 1.032 us, Queueing time: mean = 16.394 us, max = 18.984 us, min = 13.804 us, total = 32.788 us


[2025-06-25 17:23:45,671 I 1425432 1425432] (gcs_server) gcs_server.cc:249: Gcs Debug state:

GcsNodeManager: 
- RegisterNode request count: 1
- DrainNode request count: 0
- GetAllNodeInfo request count: 196

GcsActorManager: 
- RegisterActor request count: 8
- CreateActor request count: 8
- GetActorInfo request count: 8
- GetNamedActorInfo request count: 0
- GetAllActorInfo request count: 0
- KillActor request count: 0
- ListNamedActors request count: 0
- Registered actors count: 8
- Destroyed actors count: 0
- Named actors count: 0
- Unresolved actors count: 0
- Pending actors count: 0
- Created actors count: 1
- owners_: 1
- actor_to_register_callbacks_: 0
- actor_to_restart_for_lineage_reconstruction_callbacks_: 0
- actor_to_create_callbacks_: 0
- sorted_destroyed_actor_list_: 0

GcsResourceManager: 
- GetAllAvailableResources request count: 1
- GetAllTotalResources request count: 0
- GetAllResourceUsage request count: 24

GcsPlacementGroupManager: 
- CreatePlacementGroup request count: 0
- RemovePlacementGroup request count: 0
- GetPlacementGroup request count: 0
- GetAllPlacementGroup request count: 0
- WaitPlacementGroupUntilReady request count: 0
- GetNamedPlacementGroup request count: 0
- Scheduling pending placement group count: 0
- Registered placement groups count: 0
- Named placement group count: 0
- Pending placement groups count: 0
- Infeasible placement groups count: 0

Publisher:
RAY_LOG_CHANNEL
- cumulative published messages: 24
- cumulative published bytes: 23062
- current buffered bytes: 894
GCS_ACTOR_CHANNEL
- cumulative published messages: 24
- cumulative published bytes: 8368
- current buffered bytes: 1392
GCS_JOB_CHANNEL
- cumulative published messages: 1
- cumulative published bytes: 301
- current buffered bytes: 301
GCS_NODE_INFO_CHANNEL
- cumulative published messages: 1
- cumulative published bytes: 607
- current buffered bytes: 0

[runtime env manager] ID to URIs table:
[runtime env manager] URIs reference table:

GcsTaskManager: 
-Total num task events reported: 86
-Total num status task events dropped: 0
-Total num profile events dropped: 0
-Current num of task events stored: 26
-Total num of actor creation tasks: 8
-Total num of actor tasks: 17
-Total num of normal tasks: 0
-Total num of driver tasks: 1

GcsAutoscalerStateManager: 
- last_seen_autoscaler_state_version_: 0
- last_cluster_resource_state_version_: 24
- pending demands:



[2025-06-25 17:23:45,672 I 1425432 1425432] (gcs_server) gcs_server.cc:870: Main service Event stats:


Global stats: 3194 total (12 active)
Queueing time: mean = 630.269 us, max = 217.367 ms, min = 73.000 ns, total = 2.013 s
Execution time:  mean = 7.254 ms, total = 23.170 s
Event stats:
	event_loop_lag_probe - 482 total (0 active), Execution time: mean = 11.926 us, total = 5.748 ms, Queueing time: mean = 26.140 us, max = 10.576 ms, min = 901.000 ns, total = 12.600 ms
	GcsInMemoryStore.Put - 348 total (0 active), Execution time: mean = 640.454 us, total = 222.878 ms, Queueing time: mean = 4.386 ms, max = 217.014 ms, min = 1.009 us, total = 1.526 s
	GcsInMemoryStore.Get - 240 total (0 active), Execution time: mean = 16.010 us, total = 3.842 ms, Queueing time: mean = 5.890 us, max = 368.296 us, min = 945.000 ns, total = 1.414 ms
	InternalKVGcsService.grpc_server.InternalKVGet - 239 total (0 active), Execution time: mean = 201.544 us, total = 48.169 ms, Queueing time: mean = 0.000 s, max = -0.000 s, min = 9223372036.855 s, total = 0.000 s
	InternalKVGcsService.grpc_server.InternalKVGet.HandleRequestImpl - 239 total (0 active), Execution time: mean = 17.702 us, total = 4.231 ms, Queueing time: mean = 24.324 us, max = 433.212 us, min = 2.139 us, total = 5.813 ms
	NodeInfoGcsService.grpc_server.GetAllNodeInfo - 196 total (0 active), Execution time: mean = 178.279 us, total = 34.943 ms, Queueing time: mean = 0.000 s, max = -0.000 s, min = 9223372036.855 s, total = 0.000 s
	NodeInfoGcsService.grpc_server.GetAllNodeInfo.HandleRequestImpl - 196 total (0 active), Execution time: mean = 22.724 us, total = 4.454 ms, Queueing time: mean = 27.331 us, max = 772.622 us, min = 1.828 us, total = 5.357 ms
	RayletLoadPulled - 120 total (1 active), Execution time: mean = 136.061 us, total = 16.327 ms, Queueing time: mean = 32.490 us, max = 192.298 us, min = 670.000 ns, total = 3.899 ms
	NodeManagerService.grpc_client.GetResourceLoad - 117 total (0 active), Execution time: mean = 704.797 us, total = 82.461 ms, Queueing time: mean = 0.000 s, max = -0.000 s, min = 9223372036.855 s, total = 0.000 s
	NodeManagerService.grpc_client.GetResourceLoad.OnReplyReceived - 117 total (0 active), Execution time: mean = 38.926 us, total = 4.554 ms, Queueing time: mean = 32.211 us, max = 268.118 us, min = 15.853 us, total = 3.769 ms
	NodeInfoGcsService.grpc_server.GetClusterId - 101 total (0 active), Execution time: mean = 245.848 us, total = 24.831 ms, Queueing time: mean = 0.000 s, max = -0.000 s, min = 9223372036.855 s, total = 0.000 s
	NodeInfoGcsService.grpc_server.GetClusterId.HandleRequestImpl - 101 total (0 active), Execution time: mean = 27.663 us, total = 2.794 ms, Queueing time: mean = 46.489 us, max = 1.152 ms, min = 9.856 us, total = 4.695 ms
	WorkerInfoGcsService.grpc_server.AddWorkerInfo.HandleRequestImpl - 97 total (0 active), Execution time: mean = 16.586 us, total = 1.609 ms, Queueing time: mean = 37.798 us, max = 574.440 us, min = 7.810 us, total = 3.666 ms
	WorkerInfoGcsService.grpc_server.AddWorkerInfo - 97 total (0 active), Execution time: mean = 196.065 us, total = 19.018 ms, Queueing time: mean = 0.000 s, max = -0.000 s, min = 9223372036.855 s, total = 0.000 s
	InternalKVGcsService.grpc_server.InternalKVPut - 64 total (0 active), Execution time: mean = 234.455 us, total = 15.005 ms, Queueing time: mean = 0.000 s, max = -0.000 s, min = 9223372036.855 s, total = 0.000 s
	InternalKVGcsService.grpc_server.InternalKVPut.HandleRequestImpl - 64 total (0 active), Execution time: mean = 14.200 us, total = 908.805 us, Queueing time: mean = 22.596 us, max = 111.324 us, min = 9.253 us, total = 1.446 ms
	ClusterResourceManager.ResetRemoteNodeView - 41 total (1 active), Execution time: mean = 7.489 us, total = 307.065 us, Queueing time: mean = 36.231 us, max = 108.832 us, min = 17.519 us, total = 1.485 ms
	HealthCheck - 34 total (0 active), Execution time: mean = 4.322 us, total = 146.952 us, Queueing time: mean = 30.850 us, max = 64.050 us, min = 13.263 us, total = 1.049 ms
	NodeInfoGcsService.grpc_server.CheckAlive - 26 total (0 active), Execution time: mean = 215.899 us, total = 5.613 ms, Queueing time: mean = 0.000 s, max = -0.000 s, min = 9223372036.855 s, total = 0.000 s
	NodeInfoGcsService.grpc_server.CheckAlive.HandleRequestImpl - 26 total (0 active), Execution time: mean = 16.996 us, total = 441.895 us, Queueing time: mean = 32.637 us, max = 72.859 us, min = 18.530 us, total = 848.555 us
	NodeResourceInfoGcsService.grpc_server.GetAllResourceUsage - 24 total (0 active), Execution time: mean = 405.921 us, total = 9.742 ms, Queueing time: mean = 0.000 s, max = -0.000 s, min = 9223372036.855 s, total = 0.000 s
	AutoscalerStateService.grpc_server.GetClusterResourceState.HandleRequestImpl - 24 total (0 active), Execution time: mean = 30.458 us, total = 730.981 us, Queueing time: mean = 20.715 us, max = 42.583 us, min = 13.517 us, total = 497.171 us
	AutoscalerStateService.grpc_server.GetClusterResourceState - 24 total (0 active), Execution time: mean = 217.298 us, total = 5.215 ms, Queueing time: mean = 0.000 s, max = -0.000 s, min = 9223372036.855 s, total = 0.000 s
	NodeResourceInfoGcsService.grpc_server.GetAllResourceUsage.HandleRequestImpl - 24 total (0 active), Execution time: mean = 44.964 us, total = 1.079 ms, Queueing time: mean = 30.216 us, max = 64.162 us, min = 16.688 us, total = 725.190 us
	GCSServer.deadline_timer.debug_state_dump - 12 total (1 active), Execution time: mean = 713.135 us, total = 8.558 ms, Queueing time: mean = 28.694 us, max = 62.549 us, min = 11.992 us, total = 344.327 us
	GcsResourceManager::Update - 11 total (0 active), Execution time: mean = 44.399 us, total = 488.387 us, Queueing time: mean = 14.621 us, max = 42.216 us, min = 4.300 us, total = 160.835 us
	GcsHealthCheckManager::MarkNodeHealthy - 11 total (0 active), Execution time: mean = 2.474 us, total = 27.219 us, Queueing time: mean = 25.138 us, max = 48.366 us, min = 15.208 us, total = 276.520 us
	NodeManagerService.grpc_client.RequestWorkerLease - 8 total (0 active), Execution time: mean = 614.277 us, total = 4.914 ms, Queueing time: mean = 0.000 s, max = -0.000 s, min = 9223372036.855 s, total = 0.000 s
	NodeManagerService.grpc_client.RequestWorkerLease.OnReplyReceived - 8 total (0 active), Execution time: mean = 147.793 us, total = 1.182 ms, Queueing time: mean = 19.581 us, max = 26.293 us, min = 15.610 us, total = 156.646 us
	ActorInfoGcsService.grpc_server.RegisterActor.HandleRequestImpl - 8 total (0 active), Execution time: mean = 234.107 us, total = 1.873 ms, Queueing time: mean = 18.784 us, max = 27.704 us, min = 14.441 us, total = 150.270 us
	ActorInfoGcsService.grpc_server.CreateActor.HandleRequestImpl - 8 total (0 active), Execution time: mean = 178.553 us, total = 1.428 ms, Queueing time: mean = 13.363 us, max = 16.618 us, min = 11.603 us, total = 106.906 us
	CoreWorkerService.grpc_client.PushTask - 8 total (0 active), Execution time: mean = 1.400 s, total = 11.198 s, Queueing time: mean = 0.000 s, max = -0.000 s, min = 9223372036.855 s, total = 0.000 s
	ActorInfoGcsService.grpc_server.RegisterActor - 8 total (0 active), Execution time: mean = 444.842 us, total = 3.559 ms, Queueing time: mean = 0.000 s, max = -0.000 s, min = 9223372036.855 s, total = 0.000 s
	ActorInfoGcsService.grpc_server.GetActorInfo - 8 total (0 active), Execution time: mean = 200.718 us, total = 1.606 ms, Queueing time: mean = 0.000 s, max = -0.000 s, min = 9223372036.855 s, total = 0.000 s
	CoreWorkerService.grpc_client.WaitForActorRefDeleted - 8 total (8 active), Execution time: mean = 0.000 s, total = 0.000 s, Queueing time: mean = 0.000 s, max = -0.000 s, min = 9223372036.855 s, total = 0.000 s
	ActorInfoGcsService.grpc_server.CreateActor - 8 total (0 active), Execution time: mean = 1.401 s, total = 11.210 s, Queueing time: mean = 0.000 s, max = -0.000 s, min = 9223372036.855 s, total = 0.000 s
	ActorInfoGcsService.grpc_server.GetActorInfo.HandleRequestImpl - 8 total (0 active), Execution time: mean = 11.706 us, total = 93.651 us, Queueing time: mean = 47.704 us, max = 252.754 us, min = 16.299 us, total = 381.635 us
	CoreWorkerService.grpc_client.PushTask.OnReplyReceived - 8 total (0 active), Execution time: mean = 296.392 us, total = 2.371 ms, Queueing time: mean = 25.747 us, max = 37.210 us, min = 15.438 us, total = 205.976 us
	GcsInMemoryStore.GetAll - 6 total (0 active), Execution time: mean = 8.650 us, total = 51.900 us, Queueing time: mean = 27.718 us, max = 36.108 us, min = 2.037 us, total = 166.305 us
	PeriodicalRunner.RunFnPeriodically - 4 total (0 active), Execution time: mean = 127.398 us, total = 509.593 us, Queueing time: mean = 109.307 ms, max = 217.367 ms, min = 1.135 ms, total = 437.229 ms
	GCSServer.deadline_timer.debug_state_event_stats_print - 2 total (1 active, 1 running), Execution time: mean = 338.378 us, total = 676.756 us, Queueing time: mean = 5.053 us, max = 10.107 us, min = 10.107 us, total = 10.107 us
	JobInfoGcsService.grpc_server.AddJob.HandleRequestImpl - 1 total (0 active), Execution time: mean = 58.404 us, total = 58.404 us, Queueing time: mean = 21.162 us, max = 21.162 us, min = 21.162 us, total = 21.162 us
	NodeInfoGcsService.grpc_server.RegisterNode.HandleRequestImpl - 1 total (0 active), Execution time: mean = 85.569 us, total = 85.569 us, Queueing time: mean = 19.452 us, max = 19.452 us, min = 19.452 us, total = 19.452 us
	GcsInMemoryStore.Delete - 1 total (0 active), Execution time: mean = 7.344 us, total = 7.344 us, Queueing time: mean = 2.438 us, max = 2.438 us, min = 2.438 us, total = 2.438 us
	InternalKVGcsService.grpc_server.InternalKVDel - 1 total (0 active), Execution time: mean = 390.189 us, total = 390.189 us, Queueing time: mean = 0.000 s, max = -0.000 s, min = 9223372036.855 s, total = 0.000 s
	JobInfoGcsService.grpc_server.GetNextJobID - 1 total (0 active), Execution time: mean = 272.094 us, total = 272.094 us, Queueing time: mean = 0.000 s, max = -0.000 s, min = 9223372036.855 s, total = 0.000 s
	JobInfoGcsService.grpc_server.AddJob - 1 total (0 active), Execution time: mean = 264.022 us, total = 264.022 us, Queueing time: mean = 0.000 s, max = -0.000 s, min = 9223372036.855 s, total = 0.000 s
	GcsInitData::AsyncLoad - 1 total (0 active), Execution time: mean = 8.200 us, total = 8.200 us, Queueing time: mean = 295.000 ns, max = 295.000 ns, min = 295.000 ns, total = 295.000 ns
	InternalKVGcsService.grpc_server.GetInternalConfig.HandleRequestImpl - 1 total (0 active), Execution time: mean = 32.635 us, total = 32.635 us, Queueing time: mean = 21.980 us, max = 21.980 us, min = 21.980 us, total = 21.980 us
	NodeResourceInfoGcsService.grpc_server.GetAllAvailableResources.HandleRequestImpl - 1 total (0 active), Execution time: mean = 15.713 us, total = 15.713 us, Queueing time: mean = 19.516 us, max = 19.516 us, min = 19.516 us, total = 19.516 us
	GcsHealthCheckManager::AddNode - 1 total (0 active), Execution time: mean = 7.617 us, total = 7.617 us, Queueing time: mean = 246.000 ns, max = 246.000 ns, min = 246.000 ns, total = 246.000 ns
	GcsInMemoryStore.GetNextJobID - 1 total (0 active), Execution time: mean = 5.208 us, total = 5.208 us, Queueing time: mean = 1.301 us, max = 1.301 us, min = 1.301 us, total = 1.301 us
	GcsServer.GetOrGenerateClusterId.continuation - 1 total (0 active), Execution time: mean = 217.374 ms, total = 217.374 ms, Queueing time: mean = 73.000 ns, max = 73.000 ns, min = 73.000 ns, total = 73.000 ns
	InternalKVGcsService.grpc_server.InternalKVDel.HandleRequestImpl - 1 total (0 active), Execution time: mean = 21.310 us, total = 21.310 us, Queueing time: mean = 20.444 us, max = 20.444 us, min = 20.444 us, total = 20.444 us
	JobInfoGcsService.grpc_server.GetNextJobID.HandleRequestImpl - 1 total (0 active), Execution time: mean = 3.289 us, total = 3.289 us, Queueing time: mean = 14.666 us, max = 14.666 us, min = 14.666 us, total = 14.666 us
	NodeInfoGcsService.grpc_server.RegisterNode - 1 total (0 active), Execution time: mean = 625.702 us, total = 625.702 us, Queueing time: mean = 0.000 s, max = -0.000 s, min = 9223372036.855 s, total = 0.000 s
	NodeResourceInfoGcsService.grpc_server.GetAllAvailableResources - 1 total (0 active), Execution time: mean = 102.457 us, total = 102.457 us, Queueing time: mean = 0.000 s, max = -0.000 s, min = 9223372036.855 s, total = 0.000 s
	JobInfoGcsService.grpc_server.GetAllJobInfo - 1 total (0 active), Execution time: mean = 156.245 us, total = 156.245 us, Queueing time: mean = 0.000 s, max = -0.000 s, min = 9223372036.855 s, total = 0.000 s
	InternalKVGcsService.grpc_server.GetInternalConfig - 1 total (0 active), Execution time: mean = 291.805 us, total = 291.805 us, Queueing time: mean = 0.000 s, max = -0.000 s, min = 9223372036.855 s, total = 0.000 s
	JobInfoGcsService.grpc_server.GetAllJobInfo.HandleRequestImpl - 1 total (0 active), Execution time: mean = 13.142 us, total = 13.142 us, Queueing time: mean = 20.703 us, max = 20.703 us, min = 20.703 us, total = 20.703 us


[2025-06-25 17:23:45,672 I 1425432 1425432] (gcs_server) gcs_server.cc:874: task_io_context Event stats:


Global stats: 23244 total (1 active)
Queueing time: mean = 14.128 us, max = 2.757 ms, min = 844.000 ns, total = 328.400 ms
Execution time:  mean = 92.539 us, total = 2.151 s
Event stats:
	TaskInfoGcsService.grpc_server.AddTaskEventData - 11368 total (0 active), Execution time: mean = 177.750 us, total = 2.021 s, Queueing time: mean = 0.000 s, max = -0.000 s, min = 9223372036.855 s, total = 0.000 s
	TaskInfoGcsService.grpc_server.AddTaskEventData.HandleRequestImpl - 11368 total (0 active), Execution time: mean = 10.849 us, total = 123.327 ms, Queueing time: mean = 28.628 us, max = 2.757 ms, min = 2.387 us, total = 325.448 ms
	event_loop_lag_probe - 482 total (0 active), Execution time: mean = 14.132 us, total = 6.812 ms, Queueing time: mean = 4.358 us, max = 171.549 us, min = 844.000 ns, total = 2.101 ms
	GcsTaskManager.GcJobSummary - 25 total (1 active), Execution time: mean = 6.764 us, total = 169.104 us, Queueing time: mean = 33.051 us, max = 99.856 us, min = 14.098 us, total = 826.282 us
	PeriodicalRunner.RunFnPeriodically - 1 total (0 active), Execution time: mean = 7.146 us, total = 7.146 us, Queueing time: mean = 25.002 us, max = 25.002 us, min = 25.002 us, total = 25.002 us


[2025-06-25 17:23:45,672 I 1425432 1425432] (gcs_server) gcs_server.cc:874: pubsub_io_context Event stats:


Global stats: 1046 total (101 active)
Queueing time: mean = 10.737 us, max = 445.673 us, min = 1.105 us, total = 11.231 ms
Execution time:  mean = 119.696 ms, total = 125.202 s
Event stats:
	event_loop_lag_probe - 482 total (0 active), Execution time: mean = 14.031 us, total = 6.763 ms, Queueing time: mean = 5.719 us, max = 445.673 us, min = 1.105 us, total = 2.757 ms
	InternalPubSubGcsService.grpc_server.GcsSubscriberPoll.HandleRequestImpl - 148 total (0 active), Execution time: mean = 13.375 us, total = 1.979 ms, Queueing time: mean = 29.740 us, max = 343.688 us, min = 3.637 us, total = 4.402 ms
	InternalPubSubGcsService.grpc_server.GcsSubscriberPoll - 148 total (100 active), Execution time: mean = 845.686 ms, total = 125.162 s, Queueing time: mean = 0.000 s, max = -0.000 s, min = 9223372036.855 s, total = 0.000 s
	InternalPubSubGcsService.grpc_server.GcsSubscriberCommandBatch - 109 total (0 active), Execution time: mean = 189.804 us, total = 20.689 ms, Queueing time: mean = 0.000 s, max = -0.000 s, min = 9223372036.855 s, total = 0.000 s
	InternalPubSubGcsService.grpc_server.GcsSubscriberCommandBatch.HandleRequestImpl - 109 total (0 active), Execution time: mean = 37.429 us, total = 4.080 ms, Queueing time: mean = 24.751 us, max = 175.186 us, min = 8.964 us, total = 2.698 ms
	InternalPubSubGcsService.grpc_server.GcsPublish - 24 total (0 active), Execution time: mean = 240.224 us, total = 5.765 ms, Queueing time: mean = 0.000 s, max = -0.000 s, min = 9223372036.855 s, total = 0.000 s
	InternalPubSubGcsService.grpc_server.GcsPublish.HandleRequestImpl - 24 total (0 active), Execution time: mean = 56.501 us, total = 1.356 ms, Queueing time: mean = 56.399 us, max = 291.627 us, min = 20.570 us, total = 1.354 ms
	Publisher.CheckDeadSubscribers - 1 total (1 active), Execution time: mean = 0.000 s, total = 0.000 s, Queueing time: mean = 0.000 s, max = -0.000 s, min = 9223372036.855 s, total = 0.000 s
	PeriodicalRunner.RunFnPeriodically - 1 total (0 active), Execution time: mean = 4.496 us, total = 4.496 us, Queueing time: mean = 21.098 us, max = 21.098 us, min = 21.098 us, total = 21.098 us


[2025-06-25 17:23:45,672 I 1425432 1425432] (gcs_server) gcs_server.cc:874: ray_syncer_io_context Event stats:


Global stats: 506 total (0 active)
Queueing time: mean = 5.517 us, max = 300.754 us, min = 175.000 ns, total = 2.792 ms
Execution time:  mean = 13.797 us, total = 6.981 ms
Event stats:
	event_loop_lag_probe - 482 total (0 active), Execution time: mean = 13.435 us, total = 6.475 ms, Queueing time: mean = 5.155 us, max = 300.754 us, min = 1.000 us, total = 2.485 ms
	RaySyncer.BroadcastMessage - 11 total (0 active), Execution time: mean = 6.623 us, total = 72.857 us, Queueing time: mean = 283.636 ns, max = 406.000 ns, min = 175.000 ns, total = 3.120 us
	 - 11 total (0 active), Execution time: mean = 39.285 us, total = 432.132 us, Queueing time: mean = 24.661 us, max = 32.200 us, min = 19.271 us, total = 271.267 us
	RaySyncerRegister - 2 total (0 active), Execution time: mean = 516.000 ns, total = 1.032 us, Queueing time: mean = 16.394 us, max = 18.984 us, min = 13.804 us, total = 32.788 us


[2025-06-25 17:24:44,387 W 1425432 1425432] (gcs_server) gcs_worker_manager.cc:64: Reporting worker exit, worker id = 01000000ffffffffffffffffffffffffffffffffffffffffffffffff, node id = 2f44f4b5bbcbdb09a0b5dfe01ea2441c7e01962d6277f66ef5ee7d43, address = 192.168.10.101, exit_type = SYSTEM_ERROR, exit_detail = Worker unexpectedly exits with a connection error code 2. End of file. There are some potential root causes. (1) The process is killed by SIGKILL by OOM killer due to high memory usage. (2) ray stop --force is called. (3) The worker is crashed unexpectedly due to SIGSEGV or other unexpected errors.. Unintentional worker failures have been reported. If there are lots of this logs, that might indicate there are unexpected failures in the cluster.
[2025-06-25 17:24:44,387 W 1425432 1425432] (gcs_server) gcs_actor_manager.cc:1247: Worker 01000000ffffffffffffffffffffffffffffffffffffffffffffffff on node 2f44f4b5bbcbdb09a0b5dfe01ea2441c7e01962d6277f66ef5ee7d43 exits, type=SYSTEM_ERROR, has creation_task_exception = 0 worker_id=01000000ffffffffffffffffffffffffffffffffffffffffffffffff
[2025-06-25 17:24:44,387 I 1425432 1425432] (gcs_server) gcs_actor_manager.cc:1072: Destroying actor job_id=01000000 actor_id=5e949ab1a30059643eca158301000000
[2025-06-25 17:24:44,387 I 1425432 1425432] (gcs_server) gcs_actor_manager.cc:1072: Destroying actor job_id=01000000 actor_id=69df7edb83936e184d198e9101000000
[2025-06-25 17:24:44,388 I 1425432 1425432] (gcs_server) gcs_actor_manager.cc:1072: Destroying actor job_id=01000000 actor_id=1948159ab128df73b8f68e6b01000000
[2025-06-25 17:24:44,388 I 1425432 1425432] (gcs_server) gcs_actor_manager.cc:1072: Destroying actor job_id=01000000 actor_id=4efa7bab1386e6d817da43bb01000000
[2025-06-25 17:24:44,388 I 1425432 1425432] (gcs_server) gcs_actor_manager.cc:1072: Destroying actor job_id=01000000 actor_id=b7d1c0a0367e6bb90e30ea9d01000000
[2025-06-25 17:24:44,389 I 1425432 1425432] (gcs_server) gcs_actor_manager.cc:1072: Destroying actor job_id=01000000 actor_id=a84c5f8fb8062007c4deb46701000000
[2025-06-25 17:24:44,389 I 1425432 1425432] (gcs_server) gcs_actor_manager.cc:1072: Destroying actor job_id=01000000 actor_id=283bb220d43681d177b56a7001000000
[2025-06-25 17:24:44,389 I 1425432 1425432] (gcs_server) gcs_actor_manager.cc:1072: Destroying actor job_id=01000000 actor_id=2946b26eeaa8af633710c48401000000
[2025-06-25 17:24:44,390 I 1425432 1425432] (gcs_server) gcs_job_manager.cc:156: Finished marking job state, job id = 01000000
[2025-06-25 17:24:44,392 I 1425432 1425432] (gcs_server) gcs_actor_manager.cc:1047: Worker 01000000ffffffffffffffffffffffffffffffffffffffffffffffff failed, destroying actor child, job id = 01000000
[2025-06-25 17:24:44,392 I 1425432 1425432] (gcs_server) gcs_actor_manager.cc:1047: Worker 01000000ffffffffffffffffffffffffffffffffffffffffffffffff failed, destroying actor child, job id = 01000000
[2025-06-25 17:24:44,392 I 1425432 1425432] (gcs_server) gcs_actor_manager.cc:1047: Worker 01000000ffffffffffffffffffffffffffffffffffffffffffffffff failed, destroying actor child, job id = 01000000
[2025-06-25 17:24:44,392 I 1425432 1425432] (gcs_server) gcs_actor_manager.cc:1047: Worker 01000000ffffffffffffffffffffffffffffffffffffffffffffffff failed, destroying actor child, job id = 01000000
[2025-06-25 17:24:44,392 I 1425432 1425432] (gcs_server) gcs_actor_manager.cc:1047: Worker 01000000ffffffffffffffffffffffffffffffffffffffffffffffff failed, destroying actor child, job id = 01000000
[2025-06-25 17:24:44,392 I 1425432 1425432] (gcs_server) gcs_actor_manager.cc:1047: Worker 01000000ffffffffffffffffffffffffffffffffffffffffffffffff failed, destroying actor child, job id = 01000000
[2025-06-25 17:24:44,392 I 1425432 1425432] (gcs_server) gcs_actor_manager.cc:1047: Worker 01000000ffffffffffffffffffffffffffffffffffffffffffffffff failed, destroying actor child, job id = 01000000
[2025-06-25 17:24:44,392 I 1425432 1425432] (gcs_server) gcs_actor_manager.cc:1047: Worker 01000000ffffffffffffffffffffffffffffffffffffffffffffffff failed, destroying actor child, job id = 01000000
