[2025-06-25 17:21:47,672 I 1425685 1425685] (raylet) main.cc:226: Setting cluster ID to: b74c056faab5a156e5f3738ed829e046ebb40f15f24422c000fa34c1
[2025-06-25 17:21:47,679 I 1425685 1425685] (raylet) main.cc:341: Raylet is not set to kill unknown children.
[2025-06-25 17:21:47,679 I 1425685 1425685] (raylet) io_service_pool.cc:36: IOServicePool is running with 1 io_service.
[2025-06-25 17:21:47,679 I 1425685 1425685] (raylet) main.cc:469: Setting node ID node_id=2f44f4b5bbcbdb09a0b5dfe01ea2441c7e01962d6277f66ef5ee7d43
[2025-06-25 17:21:47,679 I 1425685 1425685] (raylet) store_runner.cc:50: Allowing the Plasma store to use up to 68.7195GB of memory.
[2025-06-25 17:21:47,679 I 1425685 1425685] (raylet) store_runner.cc:66: Starting object store with directory /dev/shm, fallback /home/shuzuan/prj/ComfyUI-xDit/ray_temp/session_2025-06-25_17-21-44_879419_1424759, and huge page support disabled
[2025-06-25 17:21:47,680 I 1425685 1425724] (raylet) dlmalloc.cc:324: Setting dlmalloc config: plasma_directory=/dev/shm, fallback_directory=/home/shuzuan/prj/ComfyUI-xDit/ray_temp/session_2025-06-25_17-21-44_879419_1424759, hugepage_enabled=0, fallback_enabled=1
[2025-06-25 17:21:47,680 I 1425685 1425724] (raylet) dlmalloc.cc:153: create_and_mmap_buffer(68719476744, /dev/shm/plasmaXXXXXX)
[2025-06-25 17:21:47,680 I 1425685 1425724] (raylet) store.cc:576: Plasma store debug dump: 
Current usage: 0 / 68.7195 GB
- num bytes created total: 0
0 pending objects of total size 0MB
- objects spillable: 0
- bytes spillable: 0
- objects unsealed: 0
- bytes unsealed: 0
- objects in use: 0
- bytes in use: 0
- objects evictable: 0
- bytes evictable: 0

- objects created by worker: 0
- bytes created by worker: 0
- objects restored: 0
- bytes restored: 0
- objects received: 0
- bytes received: 0
- objects errored: 0
- bytes errored: 0

[2025-06-25 17:21:47,682 I 1425685 1425685] (raylet) grpc_server.cc:141: ObjectManager server started, listening on port 44047.
[2025-06-25 17:21:47,684 I 1425685 1425685] (raylet) worker_killing_policy.cc:107: Running GroupByOwner policy.
[2025-06-25 17:21:47,684 W 1425685 1425685] (raylet) memory_monitor.cc:198: Got negative used memory for cgroup -1, setting it to zero
[2025-06-25 17:21:47,685 I 1425685 1425685] (raylet) memory_monitor.cc:48: MemoryMonitor initialized with usage threshold at 256695140352 bytes (0.95 system memory), total system memory bytes: 270205427712
[2025-06-25 17:21:47,685 I 1425685 1425685] (raylet) node_manager.cc:227: Initializing NodeManager node_id=2f44f4b5bbcbdb09a0b5dfe01ea2441c7e01962d6277f66ef5ee7d43
[2025-06-25 17:21:47,685 I 1425685 1425685] (raylet) grpc_server.cc:141: NodeManager server started, listening on port 37151.
[2025-06-25 17:21:47,692 I 1425685 1425770] (raylet) agent_manager.cc:80: Monitor agent process with name dashboard_agent
[2025-06-25 17:21:47,693 I 1425685 1425772] (raylet) agent_manager.cc:80: Monitor agent process with name runtime_env_agent
[2025-06-25 17:21:47,693 I 1425685 1425685] (raylet) event.cc:500: Ray Event initialized for RAYLET
[2025-06-25 17:21:47,693 I 1425685 1425685] (raylet) event.cc:331: Set ray event level to warning
[2025-06-25 17:21:47,694 I 1425685 1425685] (raylet) raylet.cc:260: Raylet of id, 2f44f4b5bbcbdb09a0b5dfe01ea2441c7e01962d6277f66ef5ee7d43 started. Raylet consists of node_manager and object_manager. node_manager address: 192.168.10.101:37151 object_manager address: 192.168.10.101:44047 hostname: vm-ubuntu1
[2025-06-25 17:21:47,697 I 1425685 1425685] (raylet) node_manager.cc:450: [state-dump] NodeManager:
[state-dump] Node ID: 2f44f4b5bbcbdb09a0b5dfe01ea2441c7e01962d6277f66ef5ee7d43
[state-dump] Node name: 192.168.10.101
[state-dump] InitialConfigResources: {CPU: 96, GPU: 8, memory: 1.72908e+11, object_store_memory: 6.87195e+10, node:192.168.10.101: 1, accelerator_type:G: 1, node:__internal_head__: 1}
[state-dump] ClusterTaskManager:
[state-dump] ========== Node: 2f44f4b5bbcbdb09a0b5dfe01ea2441c7e01962d6277f66ef5ee7d43 =================
[state-dump] Infeasible queue length: 0
[state-dump] Schedule queue length: 0
[state-dump] Dispatch queue length: 0
[state-dump] num_waiting_for_resource: 0
[state-dump] num_waiting_for_plasma_memory: 0
[state-dump] num_waiting_for_remote_node_resources: 0
[state-dump] num_worker_not_started_by_job_config_not_exist: 0
[state-dump] num_worker_not_started_by_registration_timeout: 0
[state-dump] num_tasks_waiting_for_workers: 0
[state-dump] num_cancelled_tasks: 0
[state-dump] cluster_resource_scheduler state: 
[state-dump] Local id: 3185937588596337155 Local resources: {"total":{node:192.168.10.101: [10000], accelerator_type:G: [10000], node:__internal_head__: [10000], CPU: [960000], memory: [1729076305920000], GPU: [10000, 10000, 10000, 10000, 10000, 10000, 10000, 10000], object_store_memory: [687194767360000]}}, "available": {accelerator_type:G: [10000], node:192.168.10.101: [10000], node:__internal_head__: [10000], CPU: [960000], GPU: [10000, 10000, 10000, 10000, 10000, 10000, 10000, 10000], memory: [1729076305920000], object_store_memory: [687194767360000]}}, "labels":{"ray.io/node_id":"2f44f4b5bbcbdb09a0b5dfe01ea2441c7e01962d6277f66ef5ee7d43",} is_draining: 0 is_idle: 1 Cluster resources (at most 20 nodes are shown): node id: 3185937588596337155{"total":{CPU: 960000, node:192.168.10.101: 10000, memory: 1729076305920000, accelerator_type:G: 10000, node:__internal_head__: 10000, GPU: 80000, object_store_memory: 687194767360000}}, "available": {CPU: 960000, memory: 1729076305920000, GPU: 80000, object_store_memory: 687194767360000, node:192.168.10.101: 10000, accelerator_type:G: 10000, node:__internal_head__: 10000}}, "labels":{"ray.io/node_id":"2f44f4b5bbcbdb09a0b5dfe01ea2441c7e01962d6277f66ef5ee7d43",}, "is_draining": 0, "draining_deadline_timestamp_ms": -1} { "placement group locations": [], "node to bundles": []}
[state-dump] Waiting tasks size: 0
[state-dump] Number of executing tasks: 0
[state-dump] Number of pinned task arguments: 0
[state-dump] Number of total spilled tasks: 0
[state-dump] Number of spilled waiting tasks: 0
[state-dump] Number of spilled unschedulable tasks: 0
[state-dump] Resource usage {
[state-dump] }
[state-dump] Backlog Size per scheduling descriptor :{workerId: num backlogs}:
[state-dump] 
[state-dump] Running tasks by scheduling class:
[state-dump] ==================================================
[state-dump] 
[state-dump] ClusterResources:
[state-dump] LocalObjectManager:
[state-dump] - num pinned objects: 0
[state-dump] - pinned objects size: 0
[state-dump] - num objects pending restore: 0
[state-dump] - num objects pending spill: 0
[state-dump] - num bytes pending spill: 0
[state-dump] - num bytes currently spilled: 0
[state-dump] - cumulative spill requests: 0
[state-dump] - cumulative restore requests: 0
[state-dump] - spilled objects pending delete: 0
[state-dump] 
[state-dump] ObjectManager:
[state-dump] - num local objects: 0
[state-dump] - num unfulfilled push requests: 0
[state-dump] - num object pull requests: 0
[state-dump] - num chunks received total: 0
[state-dump] - num chunks received failed (all): 0
[state-dump] - num chunks received failed / cancelled: 0
[state-dump] - num chunks received failed / plasma error: 0
[state-dump] Event stats:
[state-dump] Global stats: 0 total (0 active)
[state-dump] Queueing time: mean = -nan s, max = -0.000 s, min = 9223372036.855 s, total = 0.000 s
[state-dump] Execution time:  mean = -nan s, total = 0.000 s
[state-dump] Event stats:
[state-dump] PushManager:
[state-dump] - num pushes in flight: 0
[state-dump] - num chunks in flight: 0
[state-dump] - num chunks remaining: 0
[state-dump] - max chunks allowed: 409
[state-dump] OwnershipBasedObjectDirectory:
[state-dump] - num listeners: 0
[state-dump] - cumulative location updates: 0
[state-dump] - num location updates per second: 0.000
[state-dump] - num location lookups per second: 0.000
[state-dump] - num locations added per second: 0.000
[state-dump] - num locations removed per second: 0.000
[state-dump] BufferPool:
[state-dump] - create buffer state map size: 0
[state-dump] PullManager:
[state-dump] - num bytes available for pulled objects: 68719476736
[state-dump] - num bytes being pulled (all): 0
[state-dump] - num bytes being pulled / pinned: 0
[state-dump] - get request bundles: BundlePullRequestQueue{0 total, 0 active, 0 inactive, 0 unpullable}
[state-dump] - wait request bundles: BundlePullRequestQueue{0 total, 0 active, 0 inactive, 0 unpullable}
[state-dump] - task request bundles: BundlePullRequestQueue{0 total, 0 active, 0 inactive, 0 unpullable}
[state-dump] - first get request bundle: N/A
[state-dump] - first wait request bundle: N/A
[state-dump] - first task request bundle: N/A
[state-dump] - num objects queued: 0
[state-dump] - num objects actively pulled (all): 0
[state-dump] - num objects actively pulled / pinned: 0
[state-dump] - num bundles being pulled: 0
[state-dump] - num pull retries: 0
[state-dump] - max timeout seconds: 0
[state-dump] - max timeout request is already processed. No entry.
[state-dump] 
[state-dump] WorkerPool:
[state-dump] - registered jobs: 0
[state-dump] - process_failed_job_config_missing: 0
[state-dump] - process_failed_rate_limited: 0
[state-dump] - process_failed_pending_registration: 0
[state-dump] - process_failed_runtime_env_setup_failed: 0
[state-dump] - num JAVA workers: 0
[state-dump] - num JAVA drivers: 0
[state-dump] - num JAVA pending start requests: 0
[state-dump] - num JAVA pending registration requests: 0
[state-dump] - num object spill callbacks queued: 0
[state-dump] - num object restore queued: 0
[state-dump] - num util functions queued: 0
[state-dump] - num PYTHON workers: 0
[state-dump] - num PYTHON drivers: 0
[state-dump] - num PYTHON pending start requests: 0
[state-dump] - num PYTHON pending registration requests: 0
[state-dump] - num object spill callbacks queued: 0
[state-dump] - num object restore queued: 0
[state-dump] - num util functions queued: 0
[state-dump] - num idle workers: 0
[state-dump] TaskDependencyManager:
[state-dump] - task deps map size: 0
[state-dump] - get req map size: 0
[state-dump] - wait req map size: 0
[state-dump] - local objects map size: 0
[state-dump] WaitManager:
[state-dump] - num active wait requests: 0
[state-dump] Subscriber:
[state-dump] Channel WORKER_OBJECT_LOCATIONS_CHANNEL
[state-dump] - cumulative subscribe requests: 0
[state-dump] - cumulative unsubscribe requests: 0
[state-dump] - active subscribed publishers: 0
[state-dump] - cumulative published messages: 0
[state-dump] - cumulative processed messages: 0
[state-dump] Channel WORKER_OBJECT_EVICTION
[state-dump] - cumulative subscribe requests: 0
[state-dump] - cumulative unsubscribe requests: 0
[state-dump] - active subscribed publishers: 0
[state-dump] - cumulative published messages: 0
[state-dump] - cumulative processed messages: 0
[state-dump] Channel WORKER_REF_REMOVED_CHANNEL
[state-dump] - cumulative subscribe requests: 0
[state-dump] - cumulative unsubscribe requests: 0
[state-dump] - active subscribed publishers: 0
[state-dump] - cumulative published messages: 0
[state-dump] - cumulative processed messages: 0
[state-dump] num async plasma notifications: 0
[state-dump] Event stats:
[state-dump] Global stats: 29 total (14 active)
[state-dump] Queueing time: mean = 1.374 ms, max = 8.516 ms, min = 41.386 us, total = 39.854 ms
[state-dump] Execution time:  mean = 696.130 us, total = 20.188 ms
[state-dump] Event stats:
[state-dump] 	PeriodicalRunner.RunFnPeriodically - 12 total (2 active, 1 running), Execution time: mean = 141.346 us, total = 1.696 ms, Queueing time: mean = 3.311 ms, max = 8.516 ms, min = 56.709 us, total = 39.730 ms
[state-dump] 	RayletWorkerPool.deadline_timer.kill_idle_workers - 1 total (1 active), Execution time: mean = 0.000 s, total = 0.000 s, Queueing time: mean = 0.000 s, max = -0.000 s, min = 9223372036.855 s, total = 0.000 s
[state-dump] 	ray::rpc::NodeInfoGcsService.grpc_client.RegisterNode.OnReplyReceived - 1 total (0 active), Execution time: mean = 585.611 us, total = 585.611 us, Queueing time: mean = 82.304 us, max = 82.304 us, min = 82.304 us, total = 82.304 us
[state-dump] 	MemoryMonitor.CheckIsMemoryUsageAboveThreshold - 1 total (1 active), Execution time: mean = 0.000 s, total = 0.000 s, Queueing time: mean = 0.000 s, max = -0.000 s, min = 9223372036.855 s, total = 0.000 s
[state-dump] 	ray::rpc::NodeInfoGcsService.grpc_client.RegisterNode - 1 total (0 active), Execution time: mean = 1.142 ms, total = 1.142 ms, Queueing time: mean = 0.000 s, max = -0.000 s, min = 9223372036.855 s, total = 0.000 s
[state-dump] 	ray::rpc::InternalKVGcsService.grpc_client.GetInternalConfig.OnReplyReceived - 1 total (0 active), Execution time: mean = 14.820 ms, total = 14.820 ms, Queueing time: mean = 41.386 us, max = 41.386 us, min = 41.386 us, total = 41.386 us
[state-dump] 	ray::rpc::InternalPubSubGcsService.grpc_client.GcsSubscriberCommandBatch.OnReplyReceived - 1 total (1 active), Execution time: mean = 0.000 s, total = 0.000 s, Queueing time: mean = 0.000 s, max = -0.000 s, min = 9223372036.855 s, total = 0.000 s
[state-dump] 	NodeManager.deadline_timer.record_metrics - 1 total (1 active), Execution time: mean = 0.000 s, total = 0.000 s, Queueing time: mean = 0.000 s, max = -0.000 s, min = 9223372036.855 s, total = 0.000 s
[state-dump] 	NodeManager.deadline_timer.debug_state_dump - 1 total (1 active), Execution time: mean = 0.000 s, total = 0.000 s, Queueing time: mean = 0.000 s, max = -0.000 s, min = 9223372036.855 s, total = 0.000 s
[state-dump] 	ClusterResourceManager.ResetRemoteNodeView - 1 total (1 active), Execution time: mean = 0.000 s, total = 0.000 s, Queueing time: mean = 0.000 s, max = -0.000 s, min = 9223372036.855 s, total = 0.000 s
[state-dump] 	NodeManager.deadline_timer.spill_objects_when_over_threshold - 1 total (1 active), Execution time: mean = 0.000 s, total = 0.000 s, Queueing time: mean = 0.000 s, max = -0.000 s, min = 9223372036.855 s, total = 0.000 s
[state-dump] 	ray::rpc::InternalPubSubGcsService.grpc_client.GcsSubscriberPoll - 1 total (1 active), Execution time: mean = 0.000 s, total = 0.000 s, Queueing time: mean = 0.000 s, max = -0.000 s, min = 9223372036.855 s, total = 0.000 s
[state-dump] 	NodeManager.CheckForUnexpectedWorkerDisconnects - 1 total (1 active), Execution time: mean = 0.000 s, total = 0.000 s, Queueing time: mean = 0.000 s, max = -0.000 s, min = 9223372036.855 s, total = 0.000 s
[state-dump] 	NodeManager.ScheduleAndDispatchTasks - 1 total (1 active), Execution time: mean = 0.000 s, total = 0.000 s, Queueing time: mean = 0.000 s, max = -0.000 s, min = 9223372036.855 s, total = 0.000 s
[state-dump] 	ray::rpc::InternalPubSubGcsService.grpc_client.GcsSubscriberCommandBatch - 1 total (0 active), Execution time: mean = 1.035 ms, total = 1.035 ms, Queueing time: mean = 0.000 s, max = -0.000 s, min = 9223372036.855 s, total = 0.000 s
[state-dump] 	ray::rpc::InternalKVGcsService.grpc_client.GetInternalConfig - 1 total (0 active), Execution time: mean = 908.655 us, total = 908.655 us, Queueing time: mean = 0.000 s, max = -0.000 s, min = 9223372036.855 s, total = 0.000 s
[state-dump] 	NodeManager.GCTaskFailureReason - 1 total (1 active), Execution time: mean = 0.000 s, total = 0.000 s, Queueing time: mean = 0.000 s, max = -0.000 s, min = 9223372036.855 s, total = 0.000 s
[state-dump] 	NodeManager.deadline_timer.flush_free_objects - 1 total (1 active), Execution time: mean = 0.000 s, total = 0.000 s, Queueing time: mean = 0.000 s, max = -0.000 s, min = 9223372036.855 s, total = 0.000 s
[state-dump] DebugString() time ms: 0
[state-dump] 
[state-dump] 
[2025-06-25 17:21:47,697 I 1425685 1425685] (raylet) accessor.cc:768: Received notification for node, IsAlive = 1 node_id=2f44f4b5bbcbdb09a0b5dfe01ea2441c7e01962d6277f66ef5ee7d43
[2025-06-25 17:21:48,138 I 1425685 1425685] (raylet) worker_pool.cc:527: Started worker process with pid 1425885, the token is 0
[2025-06-25 17:21:48,141 I 1425685 1425685] (raylet) worker_pool.cc:527: Started worker process with pid 1425886, the token is 1
[2025-06-25 17:21:48,144 I 1425685 1425685] (raylet) worker_pool.cc:527: Started worker process with pid 1425888, the token is 2
[2025-06-25 17:21:48,146 I 1425685 1425685] (raylet) worker_pool.cc:527: Started worker process with pid 1425889, the token is 3
[2025-06-25 17:21:48,148 I 1425685 1425685] (raylet) worker_pool.cc:527: Started worker process with pid 1425890, the token is 4
[2025-06-25 17:21:48,151 I 1425685 1425685] (raylet) worker_pool.cc:527: Started worker process with pid 1425891, the token is 5
[2025-06-25 17:21:48,153 I 1425685 1425685] (raylet) worker_pool.cc:527: Started worker process with pid 1425892, the token is 6
[2025-06-25 17:21:48,155 I 1425685 1425685] (raylet) worker_pool.cc:527: Started worker process with pid 1425893, the token is 7
[2025-06-25 17:21:48,157 I 1425685 1425685] (raylet) worker_pool.cc:527: Started worker process with pid 1425894, the token is 8
[2025-06-25 17:21:48,159 I 1425685 1425685] (raylet) worker_pool.cc:527: Started worker process with pid 1425895, the token is 9
[2025-06-25 17:21:48,162 I 1425685 1425685] (raylet) worker_pool.cc:527: Started worker process with pid 1425896, the token is 10
[2025-06-25 17:21:48,164 I 1425685 1425685] (raylet) worker_pool.cc:527: Started worker process with pid 1425897, the token is 11
[2025-06-25 17:21:48,166 I 1425685 1425685] (raylet) worker_pool.cc:527: Started worker process with pid 1425898, the token is 12
[2025-06-25 17:21:48,168 I 1425685 1425685] (raylet) worker_pool.cc:527: Started worker process with pid 1425899, the token is 13
[2025-06-25 17:21:48,170 I 1425685 1425685] (raylet) worker_pool.cc:527: Started worker process with pid 1425900, the token is 14
[2025-06-25 17:21:48,172 I 1425685 1425685] (raylet) worker_pool.cc:527: Started worker process with pid 1425901, the token is 15
[2025-06-25 17:21:48,174 I 1425685 1425685] (raylet) worker_pool.cc:527: Started worker process with pid 1425902, the token is 16
[2025-06-25 17:21:48,176 I 1425685 1425685] (raylet) worker_pool.cc:527: Started worker process with pid 1425903, the token is 17
[2025-06-25 17:21:48,179 I 1425685 1425685] (raylet) worker_pool.cc:527: Started worker process with pid 1425904, the token is 18
[2025-06-25 17:21:48,181 I 1425685 1425685] (raylet) worker_pool.cc:527: Started worker process with pid 1425905, the token is 19
[2025-06-25 17:21:48,184 I 1425685 1425685] (raylet) worker_pool.cc:527: Started worker process with pid 1425906, the token is 20
[2025-06-25 17:21:48,187 I 1425685 1425685] (raylet) worker_pool.cc:527: Started worker process with pid 1425907, the token is 21
[2025-06-25 17:21:48,189 I 1425685 1425685] (raylet) worker_pool.cc:527: Started worker process with pid 1425908, the token is 22
[2025-06-25 17:21:48,192 I 1425685 1425685] (raylet) worker_pool.cc:527: Started worker process with pid 1425909, the token is 23
[2025-06-25 17:21:48,195 I 1425685 1425685] (raylet) worker_pool.cc:527: Started worker process with pid 1425910, the token is 24
[2025-06-25 17:21:48,197 I 1425685 1425685] (raylet) worker_pool.cc:527: Started worker process with pid 1425911, the token is 25
[2025-06-25 17:21:48,200 I 1425685 1425685] (raylet) worker_pool.cc:527: Started worker process with pid 1425912, the token is 26
[2025-06-25 17:21:48,202 I 1425685 1425685] (raylet) worker_pool.cc:527: Started worker process with pid 1425913, the token is 27
[2025-06-25 17:21:48,205 I 1425685 1425685] (raylet) worker_pool.cc:527: Started worker process with pid 1425914, the token is 28
[2025-06-25 17:21:48,207 I 1425685 1425685] (raylet) worker_pool.cc:527: Started worker process with pid 1425915, the token is 29
[2025-06-25 17:21:48,210 I 1425685 1425685] (raylet) worker_pool.cc:527: Started worker process with pid 1425916, the token is 30
[2025-06-25 17:21:48,212 I 1425685 1425685] (raylet) worker_pool.cc:527: Started worker process with pid 1425917, the token is 31
[2025-06-25 17:21:48,215 I 1425685 1425685] (raylet) worker_pool.cc:527: Started worker process with pid 1425918, the token is 32
[2025-06-25 17:21:48,217 I 1425685 1425685] (raylet) worker_pool.cc:527: Started worker process with pid 1425919, the token is 33
[2025-06-25 17:21:48,220 I 1425685 1425685] (raylet) worker_pool.cc:527: Started worker process with pid 1425920, the token is 34
[2025-06-25 17:21:48,223 I 1425685 1425685] (raylet) worker_pool.cc:527: Started worker process with pid 1425921, the token is 35
[2025-06-25 17:21:48,226 I 1425685 1425685] (raylet) worker_pool.cc:527: Started worker process with pid 1425923, the token is 36
[2025-06-25 17:21:48,228 I 1425685 1425685] (raylet) worker_pool.cc:527: Started worker process with pid 1425924, the token is 37
[2025-06-25 17:21:48,231 I 1425685 1425685] (raylet) worker_pool.cc:527: Started worker process with pid 1425925, the token is 38
[2025-06-25 17:21:48,234 I 1425685 1425685] (raylet) worker_pool.cc:527: Started worker process with pid 1425926, the token is 39
[2025-06-25 17:21:48,237 I 1425685 1425685] (raylet) worker_pool.cc:527: Started worker process with pid 1425928, the token is 40
[2025-06-25 17:21:48,240 I 1425685 1425685] (raylet) worker_pool.cc:527: Started worker process with pid 1425929, the token is 41
[2025-06-25 17:21:48,242 I 1425685 1425685] (raylet) worker_pool.cc:527: Started worker process with pid 1425930, the token is 42
[2025-06-25 17:21:48,245 I 1425685 1425685] (raylet) worker_pool.cc:527: Started worker process with pid 1425931, the token is 43
[2025-06-25 17:21:48,248 I 1425685 1425685] (raylet) worker_pool.cc:527: Started worker process with pid 1425932, the token is 44
[2025-06-25 17:21:48,251 I 1425685 1425685] (raylet) worker_pool.cc:527: Started worker process with pid 1425933, the token is 45
[2025-06-25 17:21:48,254 I 1425685 1425685] (raylet) worker_pool.cc:527: Started worker process with pid 1425934, the token is 46
[2025-06-25 17:21:48,256 I 1425685 1425685] (raylet) worker_pool.cc:527: Started worker process with pid 1425935, the token is 47
[2025-06-25 17:21:48,259 I 1425685 1425685] (raylet) worker_pool.cc:527: Started worker process with pid 1425936, the token is 48
[2025-06-25 17:21:48,262 I 1425685 1425685] (raylet) worker_pool.cc:527: Started worker process with pid 1425937, the token is 49
[2025-06-25 17:21:48,265 I 1425685 1425685] (raylet) worker_pool.cc:527: Started worker process with pid 1425938, the token is 50
[2025-06-25 17:21:48,268 I 1425685 1425685] (raylet) worker_pool.cc:527: Started worker process with pid 1425939, the token is 51
[2025-06-25 17:21:48,271 I 1425685 1425685] (raylet) worker_pool.cc:527: Started worker process with pid 1425940, the token is 52
[2025-06-25 17:21:48,274 I 1425685 1425685] (raylet) worker_pool.cc:527: Started worker process with pid 1425941, the token is 53
[2025-06-25 17:21:48,277 I 1425685 1425685] (raylet) worker_pool.cc:527: Started worker process with pid 1425942, the token is 54
[2025-06-25 17:21:48,280 I 1425685 1425685] (raylet) worker_pool.cc:527: Started worker process with pid 1425943, the token is 55
[2025-06-25 17:21:48,283 I 1425685 1425685] (raylet) worker_pool.cc:527: Started worker process with pid 1425944, the token is 56
[2025-06-25 17:21:48,286 I 1425685 1425685] (raylet) worker_pool.cc:527: Started worker process with pid 1425945, the token is 57
[2025-06-25 17:21:48,289 I 1425685 1425685] (raylet) worker_pool.cc:527: Started worker process with pid 1425948, the token is 58
[2025-06-25 17:21:48,292 I 1425685 1425685] (raylet) worker_pool.cc:527: Started worker process with pid 1425950, the token is 59
[2025-06-25 17:21:48,296 I 1425685 1425685] (raylet) worker_pool.cc:527: Started worker process with pid 1425952, the token is 60
[2025-06-25 17:21:48,299 I 1425685 1425685] (raylet) worker_pool.cc:527: Started worker process with pid 1425953, the token is 61
[2025-06-25 17:21:48,302 I 1425685 1425685] (raylet) worker_pool.cc:527: Started worker process with pid 1425954, the token is 62
[2025-06-25 17:21:48,305 I 1425685 1425685] (raylet) worker_pool.cc:527: Started worker process with pid 1425955, the token is 63
[2025-06-25 17:21:48,308 I 1425685 1425685] (raylet) worker_pool.cc:527: Started worker process with pid 1425956, the token is 64
[2025-06-25 17:21:48,312 I 1425685 1425685] (raylet) worker_pool.cc:527: Started worker process with pid 1425958, the token is 65
[2025-06-25 17:21:48,315 I 1425685 1425685] (raylet) worker_pool.cc:527: Started worker process with pid 1425959, the token is 66
[2025-06-25 17:21:48,318 I 1425685 1425685] (raylet) worker_pool.cc:527: Started worker process with pid 1425960, the token is 67
[2025-06-25 17:21:48,321 I 1425685 1425685] (raylet) worker_pool.cc:527: Started worker process with pid 1425961, the token is 68
[2025-06-25 17:21:48,325 I 1425685 1425685] (raylet) worker_pool.cc:527: Started worker process with pid 1425962, the token is 69
[2025-06-25 17:21:48,328 I 1425685 1425685] (raylet) worker_pool.cc:527: Started worker process with pid 1425963, the token is 70
[2025-06-25 17:21:48,331 I 1425685 1425685] (raylet) worker_pool.cc:527: Started worker process with pid 1425964, the token is 71
[2025-06-25 17:21:48,335 I 1425685 1425685] (raylet) worker_pool.cc:527: Started worker process with pid 1425966, the token is 72
[2025-06-25 17:21:48,338 I 1425685 1425685] (raylet) worker_pool.cc:527: Started worker process with pid 1425968, the token is 73
[2025-06-25 17:21:48,341 I 1425685 1425685] (raylet) worker_pool.cc:527: Started worker process with pid 1425971, the token is 74
[2025-06-25 17:21:48,345 I 1425685 1425685] (raylet) worker_pool.cc:527: Started worker process with pid 1425974, the token is 75
[2025-06-25 17:21:48,349 I 1425685 1425685] (raylet) worker_pool.cc:527: Started worker process with pid 1425975, the token is 76
[2025-06-25 17:21:48,353 I 1425685 1425685] (raylet) worker_pool.cc:527: Started worker process with pid 1425976, the token is 77
[2025-06-25 17:21:48,356 I 1425685 1425685] (raylet) worker_pool.cc:527: Started worker process with pid 1425977, the token is 78
[2025-06-25 17:21:48,359 I 1425685 1425685] (raylet) worker_pool.cc:527: Started worker process with pid 1425978, the token is 79
[2025-06-25 17:21:48,363 I 1425685 1425685] (raylet) worker_pool.cc:527: Started worker process with pid 1425979, the token is 80
[2025-06-25 17:21:48,367 I 1425685 1425685] (raylet) worker_pool.cc:527: Started worker process with pid 1425980, the token is 81
[2025-06-25 17:21:48,371 I 1425685 1425685] (raylet) worker_pool.cc:527: Started worker process with pid 1425981, the token is 82
[2025-06-25 17:21:48,390 I 1425685 1425685] (raylet) worker_pool.cc:527: Started worker process with pid 1425982, the token is 83
[2025-06-25 17:21:48,394 I 1425685 1425685] (raylet) worker_pool.cc:527: Started worker process with pid 1425983, the token is 84
[2025-06-25 17:21:48,398 I 1425685 1425685] (raylet) worker_pool.cc:527: Started worker process with pid 1425984, the token is 85
[2025-06-25 17:21:48,401 I 1425685 1425685] (raylet) worker_pool.cc:527: Started worker process with pid 1425985, the token is 86
[2025-06-25 17:21:48,405 I 1425685 1425685] (raylet) worker_pool.cc:527: Started worker process with pid 1425986, the token is 87
[2025-06-25 17:21:48,409 I 1425685 1425685] (raylet) worker_pool.cc:527: Started worker process with pid 1425987, the token is 88
[2025-06-25 17:21:48,413 I 1425685 1425685] (raylet) worker_pool.cc:527: Started worker process with pid 1425988, the token is 89
[2025-06-25 17:21:48,417 I 1425685 1425685] (raylet) worker_pool.cc:527: Started worker process with pid 1425989, the token is 90
[2025-06-25 17:21:48,421 I 1425685 1425685] (raylet) worker_pool.cc:527: Started worker process with pid 1425990, the token is 91
[2025-06-25 17:21:48,425 I 1425685 1425685] (raylet) worker_pool.cc:527: Started worker process with pid 1425991, the token is 92
[2025-06-25 17:21:48,429 I 1425685 1425685] (raylet) worker_pool.cc:527: Started worker process with pid 1425992, the token is 93
[2025-06-25 17:21:48,433 I 1425685 1425685] (raylet) worker_pool.cc:527: Started worker process with pid 1425993, the token is 94
[2025-06-25 17:21:48,437 I 1425685 1425685] (raylet) worker_pool.cc:527: Started worker process with pid 1425995, the token is 95
[2025-06-25 17:21:48,566 I 1425685 1425724] (raylet) object_store.cc:38: Object store current usage 8e-09 / 68.7195 GB.
[2025-06-25 17:21:49,090 I 1425685 1425685] (raylet) worker_pool.cc:724: Job 01000000 already started in worker pool.
[2025-06-25 17:21:52,691 W 1425685 1425685] (raylet) memory_monitor.cc:198: Got negative used memory for cgroup -1, setting it to zero
[2025-06-25 17:21:57,690 W 1425685 1425718] (raylet) metric_exporter.cc:105: [1] Export metrics to agent failed: RpcError: RPC Error message: failed to connect to all addresses; last error: UNKNOWN: ipv4:127.0.0.1:62415: Failed to connect to remote host: Connection refused; RPC Error details:  rpc_code: 14. This won't affect Ray, but you can lose metrics from the cluster.
[2025-06-25 17:21:57,694 W 1425685 1425685] (raylet) memory_monitor.cc:198: Got negative used memory for cgroup -1, setting it to zero
[2025-06-25 17:22:02,698 W 1425685 1425685] (raylet) memory_monitor.cc:198: Got negative used memory for cgroup -1, setting it to zero
[2025-06-25 17:22:04,854 I 1425685 1425685] (raylet) local_resource_manager.cc:288: Object store memory is idle.
[2025-06-25 17:22:07,701 W 1425685 1425685] (raylet) memory_monitor.cc:198: Got negative used memory for cgroup -1, setting it to zero
[2025-06-25 17:22:12,705 W 1425685 1425685] (raylet) memory_monitor.cc:198: Got negative used memory for cgroup -1, setting it to zero
[2025-06-25 17:22:17,708 W 1425685 1425685] (raylet) memory_monitor.cc:198: Got negative used memory for cgroup -1, setting it to zero
[2025-06-25 17:22:22,712 W 1425685 1425685] (raylet) memory_monitor.cc:198: Got negative used memory for cgroup -1, setting it to zero
[2025-06-25 17:22:27,715 W 1425685 1425685] (raylet) memory_monitor.cc:198: Got negative used memory for cgroup -1, setting it to zero
[2025-06-25 17:22:32,718 W 1425685 1425685] (raylet) memory_monitor.cc:198: Got negative used memory for cgroup -1, setting it to zero
[2025-06-25 17:22:37,722 W 1425685 1425685] (raylet) memory_monitor.cc:198: Got negative used memory for cgroup -1, setting it to zero
[2025-06-25 17:22:42,726 W 1425685 1425685] (raylet) memory_monitor.cc:198: Got negative used memory for cgroup -1, setting it to zero
[2025-06-25 17:22:47,680 I 1425685 1425724] (raylet) store.cc:576: Plasma store debug dump: 
Current usage: 0 / 68.7195 GB
- num bytes created total: 9708745
0 pending objects of total size 0MB
- objects spillable: 0
- bytes spillable: 0
- objects unsealed: 0
- bytes unsealed: 0
- objects in use: 0
- bytes in use: 0
- objects evictable: 0
- bytes evictable: 0

- objects created by worker: 0
- bytes created by worker: 0
- objects restored: 0
- bytes restored: 0
- objects received: 0
- bytes received: 0
- objects errored: 0
- bytes errored: 0

[2025-06-25 17:22:47,699 I 1425685 1425685] (raylet) node_manager.cc:450: [state-dump] NodeManager:
[state-dump] Node ID: 2f44f4b5bbcbdb09a0b5dfe01ea2441c7e01962d6277f66ef5ee7d43
[state-dump] Node name: 192.168.10.101
[state-dump] InitialConfigResources: {CPU: 96, GPU: 8, memory: 1.72908e+11, object_store_memory: 6.87195e+10, node:192.168.10.101: 1, accelerator_type:G: 1, node:__internal_head__: 1}
[state-dump] ClusterTaskManager:
[state-dump] ========== Node: 2f44f4b5bbcbdb09a0b5dfe01ea2441c7e01962d6277f66ef5ee7d43 =================
[state-dump] Infeasible queue length: 0
[state-dump] Schedule queue length: 0
[state-dump] Dispatch queue length: 0
[state-dump] num_waiting_for_resource: 0
[state-dump] num_waiting_for_plasma_memory: 0
[state-dump] num_waiting_for_remote_node_resources: 0
[state-dump] num_worker_not_started_by_job_config_not_exist: 0
[state-dump] num_worker_not_started_by_registration_timeout: 0
[state-dump] num_tasks_waiting_for_workers: 0
[state-dump] num_cancelled_tasks: 0
[state-dump] cluster_resource_scheduler state: 
[state-dump] Local id: 3185937588596337155 Local resources: {"total":{node:192.168.10.101: [10000], accelerator_type:G: [10000], node:__internal_head__: [10000], CPU: [960000], memory: [1729076305920000], GPU: [10000, 10000, 10000, 10000, 10000, 10000, 10000, 10000], object_store_memory: [687194767360000]}}, "available": {accelerator_type:G: [10000], node:192.168.10.101: [10000], node:__internal_head__: [10000], CPU: [880000], GPU: [0, 0, 0, 0, 0, 0, 0, 0], memory: [1729076305920000], object_store_memory: [687194767360000]}}, "labels":{"ray.io/node_id":"2f44f4b5bbcbdb09a0b5dfe01ea2441c7e01962d6277f66ef5ee7d43",} is_draining: 0 is_idle: 0 Cluster resources (at most 20 nodes are shown): node id: 3185937588596337155{"total":{object_store_memory: 687194767360000, CPU: 960000, node:__internal_head__: 10000, node:192.168.10.101: 10000, GPU: 80000, accelerator_type:G: 10000, memory: 1729076305920000}}, "available": {object_store_memory: 687194767360000, CPU: 880000, node:__internal_head__: 10000, node:192.168.10.101: 10000, accelerator_type:G: 10000, memory: 1729076305920000}}, "labels":{"ray.io/node_id":"2f44f4b5bbcbdb09a0b5dfe01ea2441c7e01962d6277f66ef5ee7d43",}, "is_draining": 0, "draining_deadline_timestamp_ms": -1} { "placement group locations": [], "node to bundles": []}
[state-dump] Waiting tasks size: 0
[state-dump] Number of executing tasks: 0
[state-dump] Number of pinned task arguments: 0
[state-dump] Number of total spilled tasks: 0
[state-dump] Number of spilled waiting tasks: 0
[state-dump] Number of spilled unschedulable tasks: 0
[state-dump] Resource usage {
[state-dump]     - (language=PYTHON actor_or_task=XDiTWorker.__init__ pid=1425891 worker_id=3d6cf518babd3168bbef7656e39b18245b8d1c7e52154228a30295ee): {CPU: 1, GPU: 1}
[state-dump]     - (language=PYTHON actor_or_task=XDiTWorker.__init__ pid=1425888 worker_id=35f4f12e993d66dc2f31c9ef273c87524142600cd08749bcb0de51d4): {GPU: 1, CPU: 1}
[state-dump]     - (language=PYTHON actor_or_task=XDiTWorker.__init__ pid=1425902 worker_id=6ae8c4e1b28cf5c54bf852b36b7fec038964a85435b1f32f9f331eca): {GPU: 1, CPU: 1}
[state-dump]     - (language=PYTHON actor_or_task=XDiTWorker.__init__ pid=1425903 worker_id=4de2cbc89fa68a02e7a78eb41a268b11847cd39cfc797ed1f4e3c1a8): {GPU: 1, CPU: 1}
[state-dump]     - (language=PYTHON actor_or_task=XDiTWorker.__init__ pid=1425897 worker_id=737993475197d722bd689ade03e6d1cd43002f330af1c9cd73271121): {GPU: 1, CPU: 1}
[state-dump]     - (language=PYTHON actor_or_task=XDiTWorker.__init__ pid=1425886 worker_id=b2c7d55042c939e463f041ba30ec443d00976b6b8b9837507c86cf1c): {CPU: 1, GPU: 1}
[state-dump]     - (language=PYTHON actor_or_task=XDiTWorker.__init__ pid=1425892 worker_id=f55920922e07962882653718559f4251e02dc8bfbd8cf3563e7af1d6): {GPU: 1, CPU: 1}
[state-dump]     - (language=PYTHON actor_or_task=XDiTWorker.__init__ pid=1425901 worker_id=b8e0b697bc43d8062d80ca5ed224d4e1da6628508cf9b8195c45e1ba): {CPU: 1, GPU: 1}
[state-dump] }
[state-dump] Backlog Size per scheduling descriptor :{workerId: num backlogs}:
[state-dump] 
[state-dump] Running tasks by scheduling class:
[state-dump] ==================================================
[state-dump] 
[state-dump] ClusterResources:
[state-dump] LocalObjectManager:
[state-dump] - num pinned objects: 0
[state-dump] - pinned objects size: 0
[state-dump] - num objects pending restore: 0
[state-dump] - num objects pending spill: 0
[state-dump] - num bytes pending spill: 0
[state-dump] - num bytes currently spilled: 0
[state-dump] - cumulative spill requests: 0
[state-dump] - cumulative restore requests: 0
[state-dump] - spilled objects pending delete: 0
[state-dump] 
[state-dump] ObjectManager:
[state-dump] - num local objects: 0
[state-dump] - num unfulfilled push requests: 0
[state-dump] - num object pull requests: 0
[state-dump] - num chunks received total: 0
[state-dump] - num chunks received failed (all): 0
[state-dump] - num chunks received failed / cancelled: 0
[state-dump] - num chunks received failed / plasma error: 0
[state-dump] Event stats:
[state-dump] Global stats: 1 total (0 active)
[state-dump] Queueing time: mean = 32.065 us, max = 32.065 us, min = 32.065 us, total = 32.065 us
[state-dump] Execution time:  mean = 35.417 us, total = 35.417 us
[state-dump] Event stats:
[state-dump] 	ObjectManager.FreeObjects - 1 total (0 active), Execution time: mean = 35.417 us, total = 35.417 us, Queueing time: mean = 32.065 us, max = 32.065 us, min = 32.065 us, total = 32.065 us
[state-dump] PushManager:
[state-dump] - num pushes in flight: 0
[state-dump] - num chunks in flight: 0
[state-dump] - num chunks remaining: 0
[state-dump] - max chunks allowed: 409
[state-dump] OwnershipBasedObjectDirectory:
[state-dump] - num listeners: 0
[state-dump] - cumulative location updates: 0
[state-dump] - num location updates per second: 0.000
[state-dump] - num location lookups per second: 0.000
[state-dump] - num locations added per second: 0.000
[state-dump] - num locations removed per second: 0.000
[state-dump] BufferPool:
[state-dump] - create buffer state map size: 0
[state-dump] PullManager:
[state-dump] - num bytes available for pulled objects: 68719476736
[state-dump] - num bytes being pulled (all): 0
[state-dump] - num bytes being pulled / pinned: 0
[state-dump] - get request bundles: BundlePullRequestQueue{0 total, 0 active, 0 inactive, 0 unpullable}
[state-dump] - wait request bundles: BundlePullRequestQueue{0 total, 0 active, 0 inactive, 0 unpullable}
[state-dump] - task request bundles: BundlePullRequestQueue{0 total, 0 active, 0 inactive, 0 unpullable}
[state-dump] - first get request bundle: N/A
[state-dump] - first wait request bundle: N/A
[state-dump] - first task request bundle: N/A
[state-dump] - num objects queued: 0
[state-dump] - num objects actively pulled (all): 0
[state-dump] - num objects actively pulled / pinned: 0
[state-dump] - num bundles being pulled: 0
[state-dump] - num pull retries: 0
[state-dump] - max timeout seconds: 0
[state-dump] - max timeout request is already processed. No entry.
[state-dump] 
[state-dump] WorkerPool:
[state-dump] - registered jobs: 1
[state-dump] - process_failed_job_config_missing: 0
[state-dump] - process_failed_rate_limited: 0
[state-dump] - process_failed_pending_registration: 0
[state-dump] - process_failed_runtime_env_setup_failed: 0
[state-dump] - num JAVA workers: 0
[state-dump] - num JAVA drivers: 0
[state-dump] - num JAVA pending start requests: 0
[state-dump] - num JAVA pending registration requests: 0
[state-dump] - num object spill callbacks queued: 0
[state-dump] - num object restore queued: 0
[state-dump] - num util functions queued: 0
[state-dump] - num PYTHON workers: 96
[state-dump] - num PYTHON drivers: 1
[state-dump] - num PYTHON pending start requests: 0
[state-dump] - num PYTHON pending registration requests: 0
[state-dump] - num object spill callbacks queued: 0
[state-dump] - num object restore queued: 0
[state-dump] - num util functions queued: 0
[state-dump] - num idle workers: 88
[state-dump] TaskDependencyManager:
[state-dump] - task deps map size: 0
[state-dump] - get req map size: 0
[state-dump] - wait req map size: 0
[state-dump] - local objects map size: 0
[state-dump] WaitManager:
[state-dump] - num active wait requests: 0
[state-dump] Subscriber:
[state-dump] Channel WORKER_OBJECT_LOCATIONS_CHANNEL
[state-dump] - cumulative subscribe requests: 4
[state-dump] - cumulative unsubscribe requests: 4
[state-dump] - active subscribed publishers: 0
[state-dump] - cumulative published messages: 0
[state-dump] - cumulative processed messages: 0
[state-dump] Channel WORKER_OBJECT_EVICTION
[state-dump] - cumulative subscribe requests: 4
[state-dump] - cumulative unsubscribe requests: 4
[state-dump] - active subscribed publishers: 0
[state-dump] - cumulative published messages: 4
[state-dump] - cumulative processed messages: 4
[state-dump] Channel WORKER_REF_REMOVED_CHANNEL
[state-dump] - cumulative subscribe requests: 0
[state-dump] - cumulative unsubscribe requests: 0
[state-dump] - active subscribed publishers: 0
[state-dump] - cumulative published messages: 0
[state-dump] - cumulative processed messages: 0
[state-dump] num async plasma notifications: 0
[state-dump] Event stats:
[state-dump] Global stats: 15649 total (113 active)
[state-dump] Queueing time: mean = 7.626 ms, max = 10.403 s, min = 45.000 ns, total = 119.341 s
[state-dump] Execution time:  mean = 206.286 us, total = 3.228 s
[state-dump] Event stats:
[state-dump] 	NodeManagerService.grpc_server.ReportWorkerBacklog.HandleRequestImpl - 5747 total (0 active), Execution time: mean = 16.131 us, total = 92.707 ms, Queueing time: mean = 29.843 us, max = 14.442 ms, min = 1.921 us, total = 171.509 ms
[state-dump] 	NodeManagerService.grpc_server.ReportWorkerBacklog - 5747 total (0 active), Execution time: mean = 179.894 us, total = 1.034 s, Queueing time: mean = 0.000 s, max = -0.000 s, min = 9223372036.855 s, total = 0.000 s
[state-dump] 	RaySyncer.OnDemandBroadcasting - 598 total (1 active), Execution time: mean = 6.726 us, total = 4.022 ms, Queueing time: mean = 456.704 us, max = 240.197 ms, min = 5.846 us, total = 273.109 ms
[state-dump] 	NodeManager.CheckGC - 598 total (1 active), Execution time: mean = 1.694 us, total = 1.013 ms, Queueing time: mean = 461.504 us, max = 240.210 ms, min = 6.938 us, total = 275.979 ms
[state-dump] 	ObjectManager.UpdateAvailableMemory - 597 total (0 active), Execution time: mean = 2.213 us, total = 1.321 ms, Queueing time: mean = 27.373 us, max = 228.643 us, min = 2.841 us, total = 16.342 ms
[state-dump] 	ClientConnection.async_read.ProcessMessageHeader - 441 total (97 active), Execution time: mean = 3.781 us, total = 1.667 ms, Queueing time: mean = 267.833 ms, max = 10.403 s, min = 8.355 us, total = 118.114 s
[state-dump] 	ClientConnection.async_read.ProcessMessage - 344 total (0 active), Execution time: mean = 971.927 us, total = 334.343 ms, Queueing time: mean = 12.630 us, max = 615.332 us, min = 2.122 us, total = 4.345 ms
[state-dump] 	RayletWorkerPool.deadline_timer.kill_idle_workers - 300 total (1 active), Execution time: mean = 13.195 us, total = 3.959 ms, Queueing time: mean = 516.896 us, max = 144.539 ms, min = 4.029 us, total = 155.069 ms
[state-dump] 	MemoryMonitor.CheckIsMemoryUsageAboveThreshold - 239 total (1 active), Execution time: mean = 146.427 us, total = 34.996 ms, Queueing time: mean = 1.052 ms, max = 244.214 ms, min = 7.570 us, total = 251.482 ms
[state-dump] 	ObjectManager.ObjectAdded - 101 total (0 active), Execution time: mean = 15.032 us, total = 1.518 ms, Queueing time: mean = 30.227 us, max = 209.882 us, min = 4.029 us, total = 3.053 ms
[state-dump] 	ObjectManager.ObjectDeleted - 101 total (0 active), Execution time: mean = 12.807 us, total = 1.294 ms, Queueing time: mean = 56.053 us, max = 559.920 us, min = 19.137 us, total = 5.661 ms
[state-dump] 	ClientConnection.async_write.DoAsyncWrites - 98 total (0 active), Execution time: mean = 764.510 ns, total = 74.922 us, Queueing time: mean = 31.982 us, max = 718.044 us, min = 10.166 us, total = 3.134 ms
[state-dump] 	NodeManagerService.grpc_server.GetSystemConfig.HandleRequestImpl - 97 total (0 active), Execution time: mean = 30.400 us, total = 2.949 ms, Queueing time: mean = 32.149 us, max = 574.830 us, min = 5.791 us, total = 3.118 ms
[state-dump] 	NodeManagerService.grpc_server.GetSystemConfig - 97 total (0 active), Execution time: mean = 379.267 us, total = 36.789 ms, Queueing time: mean = 0.000 s, max = -0.000 s, min = 9223372036.855 s, total = 0.000 s
[state-dump] 	NodeManager.ScheduleAndDispatchTasks - 61 total (1 active), Execution time: mean = 6.751 us, total = 411.811 us, Queueing time: mean = 31.182 us, max = 249.889 us, min = 8.059 us, total = 1.902 ms
[state-dump] 	NodeManager.deadline_timer.spill_objects_when_over_threshold - 60 total (1 active), Execution time: mean = 1.762 us, total = 105.695 us, Queueing time: mean = 82.478 us, max = 801.311 us, min = 8.787 us, total = 4.949 ms
[state-dump] 	NodeManager.deadline_timer.flush_free_objects - 60 total (1 active), Execution time: mean = 5.539 us, total = 332.343 us, Queueing time: mean = 78.995 us, max = 798.870 us, min = 9.961 us, total = 4.740 ms
[state-dump] 	NodeManagerService.grpc_server.GetResourceLoad.HandleRequestImpl - 60 total (0 active), Execution time: mean = 66.014 us, total = 3.961 ms, Queueing time: mean = 33.061 us, max = 210.146 us, min = 14.751 us, total = 1.984 ms
[state-dump] 	NodeManagerService.grpc_server.GetResourceLoad - 60 total (0 active), Execution time: mean = 352.503 us, total = 21.150 ms, Queueing time: mean = 0.000 s, max = -0.000 s, min = 9223372036.855 s, total = 0.000 s
[state-dump] 	NodeManager.CheckForUnexpectedWorkerDisconnects - 60 total (1 active), Execution time: mean = 64.362 us, total = 3.862 ms, Queueing time: mean = 20.653 us, max = 64.100 us, min = 8.142 us, total = 1.239 ms
[state-dump] 	ClusterResourceManager.ResetRemoteNodeView - 21 total (1 active), Execution time: mean = 4.188 us, total = 87.950 us, Queueing time: mean = 28.685 us, max = 56.855 us, min = 11.839 us, total = 602.376 us
[state-dump] 	PeriodicalRunner.RunFnPeriodically - 14 total (0 active), Execution time: mean = 160.871 us, total = 2.252 ms, Queueing time: mean = 3.114 ms, max = 8.516 ms, min = 56.709 us, total = 43.596 ms
[state-dump] 	NodeManager.deadline_timer.record_metrics - 12 total (1 active), Execution time: mean = 386.023 us, total = 4.632 ms, Queueing time: mean = 28.473 us, max = 87.330 us, min = 12.759 us, total = 341.678 us
[state-dump] 	RaySyncer.BroadcastMessage - 11 total (0 active), Execution time: mean = 101.151 us, total = 1.113 ms, Queueing time: mean = 178.273 ns, max = 384.000 ns, min = 58.000 ns, total = 1.961 us
[state-dump] 	 - 11 total (0 active), Execution time: mean = 600.000 ns, total = 6.600 us, Queueing time: mean = 22.563 us, max = 34.534 us, min = 6.209 us, total = 248.188 us
[state-dump] 	CoreWorkerService.grpc_client.PubsubCommandBatch.OnReplyReceived - 10 total (0 active), Execution time: mean = 55.483 us, total = 554.828 us, Queueing time: mean = 21.918 us, max = 83.627 us, min = 11.799 us, total = 219.183 us
[state-dump] 	CoreWorkerService.grpc_client.PubsubCommandBatch - 10 total (0 active), Execution time: mean = 587.719 us, total = 5.877 ms, Queueing time: mean = 0.000 s, max = -0.000 s, min = 9223372036.855 s, total = 0.000 s
[state-dump] 	NodeManagerService.grpc_server.RequestWorkerLease.HandleRequestImpl - 8 total (0 active), Execution time: mean = 94.969 us, total = 759.752 us, Queueing time: mean = 19.984 us, max = 24.066 us, min = 15.521 us, total = 159.872 us
[state-dump] 	NodeManagerService.grpc_server.RequestWorkerLease - 8 total (0 active), Execution time: mean = 278.583 us, total = 2.229 ms, Queueing time: mean = 0.000 s, max = -0.000 s, min = 9223372036.855 s, total = 0.000 s
[state-dump] 	WorkerPool.PopWorkerCallback - 8 total (0 active), Execution time: mean = 19.981 us, total = 159.849 us, Queueing time: mean = 7.718 us, max = 24.410 us, min = 4.626 us, total = 61.744 us
[state-dump] 	CoreWorkerService.grpc_client.PubsubLongPolling - 7 total (1 active), Execution time: mean = 28.711 ms, total = 200.976 ms, Queueing time: mean = 0.000 s, max = -0.000 s, min = 9223372036.855 s, total = 0.000 s
[state-dump] 	CoreWorkerService.grpc_client.PubsubLongPolling.OnReplyReceived - 6 total (0 active), Execution time: mean = 81.630 us, total = 489.781 us, Queueing time: mean = 64.915 us, max = 149.258 us, min = 13.712 us, total = 389.491 us
[state-dump] 	NodeManager.deadline_timer.debug_state_dump - 6 total (1 active), Execution time: mean = 588.537 us, total = 3.531 ms, Queueing time: mean = 10.209 us, max = 13.483 us, min = 10.820 us, total = 61.252 us
[state-dump] 	CoreWorkerService.grpc_client.UpdateObjectLocationBatch.OnReplyReceived - 6 total (0 active), Execution time: mean = 28.081 us, total = 168.484 us, Queueing time: mean = 16.544 us, max = 20.614 us, min = 10.185 us, total = 99.266 us
[state-dump] 	CoreWorkerService.grpc_client.UpdateObjectLocationBatch - 6 total (0 active), Execution time: mean = 763.329 us, total = 4.580 ms, Queueing time: mean = 0.000 s, max = -0.000 s, min = 9223372036.855 s, total = 0.000 s
[state-dump] 	NodeManagerService.grpc_server.PinObjectIDs - 4 total (0 active), Execution time: mean = 362.832 us, total = 1.451 ms, Queueing time: mean = 0.000 s, max = -0.000 s, min = 9223372036.855 s, total = 0.000 s
[state-dump] 	Subscriber.HandlePublishedMessage_WORKER_OBJECT_EVICTION - 4 total (0 active), Execution time: mean = 24.514 us, total = 98.055 us, Queueing time: mean = 94.711 us, max = 146.077 us, min = 46.652 us, total = 378.845 us
[state-dump] 	NodeManagerService.grpc_server.PinObjectIDs.HandleRequestImpl - 4 total (0 active), Execution time: mean = 175.576 us, total = 702.304 us, Queueing time: mean = 88.073 us, max = 298.820 us, min = 13.860 us, total = 352.293 us
[state-dump] 	RaySyncerRegister - 2 total (0 active), Execution time: mean = 1.292 us, total = 2.583 us, Queueing time: mean = 127.000 ns, max = 209.000 ns, min = 45.000 ns, total = 254.000 ns
[state-dump] 	ray::rpc::InternalPubSubGcsService.grpc_client.GcsSubscriberCommandBatch - 2 total (0 active), Execution time: mean = 749.235 us, total = 1.498 ms, Queueing time: mean = 0.000 s, max = -0.000 s, min = 9223372036.855 s, total = 0.000 s
[state-dump] 	ray::rpc::InternalPubSubGcsService.grpc_client.GcsSubscriberCommandBatch.OnReplyReceived - 2 total (0 active), Execution time: mean = 109.525 us, total = 219.049 us, Queueing time: mean = 770.034 us, max = 1.523 ms, min = 16.573 us, total = 1.540 ms
[state-dump] 	ray::rpc::InternalPubSubGcsService.grpc_client.GcsSubscriberPoll - 2 total (1 active), Execution time: mean = 697.877 ms, total = 1.396 s, Queueing time: mean = 0.000 s, max = -0.000 s, min = 9223372036.855 s, total = 0.000 s
[state-dump] 	ray::rpc::InternalKVGcsService.grpc_client.GetInternalConfig - 1 total (0 active), Execution time: mean = 908.655 us, total = 908.655 us, Queueing time: mean = 0.000 s, max = -0.000 s, min = 9223372036.855 s, total = 0.000 s
[state-dump] 	ray::rpc::JobInfoGcsService.grpc_client.AddJob.OnReplyReceived - 1 total (0 active), Execution time: mean = 40.253 us, total = 40.253 us, Queueing time: mean = 20.744 us, max = 20.744 us, min = 20.744 us, total = 20.744 us
[state-dump] 	ray::rpc::InternalKVGcsService.grpc_client.GetInternalConfig.OnReplyReceived - 1 total (0 active), Execution time: mean = 14.820 ms, total = 14.820 ms, Queueing time: mean = 41.386 us, max = 41.386 us, min = 41.386 us, total = 41.386 us
[state-dump] 	ray::rpc::InternalPubSubGcsService.grpc_client.GcsSubscriberPoll.OnReplyReceived - 1 total (0 active), Execution time: mean = 99.469 us, total = 99.469 us, Queueing time: mean = 32.464 us, max = 32.464 us, min = 32.464 us, total = 32.464 us
[state-dump] 	CoreWorkerService.grpc_client.ActorCallArgWaitComplete - 1 total (0 active), Execution time: mean = 811.910 us, total = 811.910 us, Queueing time: mean = 0.000 s, max = -0.000 s, min = 9223372036.855 s, total = 0.000 s
[state-dump] 	ray::rpc::NodeInfoGcsService.grpc_client.RegisterNode.OnReplyReceived - 1 total (0 active), Execution time: mean = 585.611 us, total = 585.611 us, Queueing time: mean = 82.304 us, max = 82.304 us, min = 82.304 us, total = 82.304 us
[state-dump] 	ray::rpc::NodeInfoGcsService.grpc_client.GetAllNodeInfo - 1 total (0 active), Execution time: mean = 590.404 us, total = 590.404 us, Queueing time: mean = 0.000 s, max = -0.000 s, min = 9223372036.855 s, total = 0.000 s
[state-dump] 	ray::rpc::JobInfoGcsService.grpc_client.GetAllJobInfo.OnReplyReceived - 1 total (0 active), Execution time: mean = 12.031 us, total = 12.031 us, Queueing time: mean = 16.716 us, max = 16.716 us, min = 16.716 us, total = 16.716 us
[state-dump] 	NodeManager.GCTaskFailureReason - 1 total (1 active), Execution time: mean = 0.000 s, total = 0.000 s, Queueing time: mean = 0.000 s, max = -0.000 s, min = 9223372036.855 s, total = 0.000 s
[state-dump] 	NodeManager.deadline_timer.print_event_loop_stats - 1 total (1 active, 1 running), Execution time: mean = 0.000 s, total = 0.000 s, Queueing time: mean = 0.000 s, max = -0.000 s, min = 9223372036.855 s, total = 0.000 s
[state-dump] 	ray::rpc::NodeInfoGcsService.grpc_client.RegisterNode - 1 total (0 active), Execution time: mean = 1.142 ms, total = 1.142 ms, Queueing time: mean = 0.000 s, max = -0.000 s, min = 9223372036.855 s, total = 0.000 s
[state-dump] 	ray::rpc::JobInfoGcsService.grpc_client.AddJob - 1 total (0 active), Execution time: mean = 547.197 us, total = 547.197 us, Queueing time: mean = 0.000 s, max = -0.000 s, min = 9223372036.855 s, total = 0.000 s
[state-dump] 	ray::rpc::NodeInfoGcsService.grpc_client.CheckAlive.OnReplyReceived - 1 total (0 active), Execution time: mean = 15.740 us, total = 15.740 us, Queueing time: mean = 19.648 us, max = 19.648 us, min = 19.648 us, total = 19.648 us
[state-dump] 	CoreWorkerService.grpc_client.ActorCallArgWaitComplete.OnReplyReceived - 1 total (0 active), Execution time: mean = 15.133 us, total = 15.133 us, Queueing time: mean = 97.363 us, max = 97.363 us, min = 97.363 us, total = 97.363 us
[state-dump] 	Subscriber.HandlePublishedMessage_GCS_JOB_CHANNEL - 1 total (0 active), Execution time: mean = 39.162 us, total = 39.162 us, Queueing time: mean = 91.135 us, max = 91.135 us, min = 91.135 us, total = 91.135 us
[state-dump] 	ray::rpc::JobInfoGcsService.grpc_client.GetAllJobInfo - 1 total (0 active), Execution time: mean = 475.980 us, total = 475.980 us, Queueing time: mean = 0.000 s, max = -0.000 s, min = 9223372036.855 s, total = 0.000 s
[state-dump] 	ray::rpc::NodeInfoGcsService.grpc_client.GetAllNodeInfo.OnReplyReceived - 1 total (0 active), Execution time: mean = 104.901 us, total = 104.901 us, Queueing time: mean = 43.607 us, max = 43.607 us, min = 43.607 us, total = 43.607 us
[state-dump] 	NodeManager.GcsCheckAlive - 1 total (1 active), Execution time: mean = 0.000 s, total = 0.000 s, Queueing time: mean = 0.000 s, max = -0.000 s, min = 9223372036.855 s, total = 0.000 s
[state-dump] 	ray::rpc::NodeInfoGcsService.grpc_client.CheckAlive - 1 total (0 active), Execution time: mean = 489.409 us, total = 489.409 us, Queueing time: mean = 0.000 s, max = -0.000 s, min = 9223372036.855 s, total = 0.000 s
[state-dump] DebugString() time ms: 2
[state-dump] 
[state-dump] 
[2025-06-25 17:22:47,729 W 1425685 1425685] (raylet) memory_monitor.cc:198: Got negative used memory for cgroup -1, setting it to zero
[2025-06-25 17:22:52,733 W 1425685 1425685] (raylet) memory_monitor.cc:198: Got negative used memory for cgroup -1, setting it to zero
[2025-06-25 17:22:57,736 W 1425685 1425685] (raylet) memory_monitor.cc:198: Got negative used memory for cgroup -1, setting it to zero
[2025-06-25 17:23:02,740 W 1425685 1425685] (raylet) memory_monitor.cc:198: Got negative used memory for cgroup -1, setting it to zero
[2025-06-25 17:23:07,743 W 1425685 1425685] (raylet) memory_monitor.cc:198: Got negative used memory for cgroup -1, setting it to zero
[2025-06-25 17:23:12,747 W 1425685 1425685] (raylet) memory_monitor.cc:198: Got negative used memory for cgroup -1, setting it to zero
[2025-06-25 17:23:17,750 W 1425685 1425685] (raylet) memory_monitor.cc:198: Got negative used memory for cgroup -1, setting it to zero
[2025-06-25 17:23:22,753 W 1425685 1425685] (raylet) memory_monitor.cc:198: Got negative used memory for cgroup -1, setting it to zero
[2025-06-25 17:23:27,757 W 1425685 1425685] (raylet) memory_monitor.cc:198: Got negative used memory for cgroup -1, setting it to zero
[2025-06-25 17:23:32,760 W 1425685 1425685] (raylet) memory_monitor.cc:198: Got negative used memory for cgroup -1, setting it to zero
[2025-06-25 17:23:37,764 W 1425685 1425685] (raylet) memory_monitor.cc:198: Got negative used memory for cgroup -1, setting it to zero
[2025-06-25 17:23:42,768 W 1425685 1425685] (raylet) memory_monitor.cc:198: Got negative used memory for cgroup -1, setting it to zero
[2025-06-25 17:23:47,680 I 1425685 1425724] (raylet) store.cc:576: Plasma store debug dump: 
Current usage: 0 / 68.7195 GB
- num bytes created total: 9708745
0 pending objects of total size 0MB
- objects spillable: 0
- bytes spillable: 0
- objects unsealed: 0
- bytes unsealed: 0
- objects in use: 0
- bytes in use: 0
- objects evictable: 0
- bytes evictable: 0

- objects created by worker: 0
- bytes created by worker: 0
- objects restored: 0
- bytes restored: 0
- objects received: 0
- bytes received: 0
- objects errored: 0
- bytes errored: 0

[2025-06-25 17:23:47,700 I 1425685 1425685] (raylet) node_manager.cc:450: [state-dump] NodeManager:
[state-dump] Node ID: 2f44f4b5bbcbdb09a0b5dfe01ea2441c7e01962d6277f66ef5ee7d43
[state-dump] Node name: 192.168.10.101
[state-dump] InitialConfigResources: {CPU: 96, GPU: 8, memory: 1.72908e+11, object_store_memory: 6.87195e+10, node:192.168.10.101: 1, accelerator_type:G: 1, node:__internal_head__: 1}
[state-dump] ClusterTaskManager:
[state-dump] ========== Node: 2f44f4b5bbcbdb09a0b5dfe01ea2441c7e01962d6277f66ef5ee7d43 =================
[state-dump] Infeasible queue length: 0
[state-dump] Schedule queue length: 0
[state-dump] Dispatch queue length: 0
[state-dump] num_waiting_for_resource: 0
[state-dump] num_waiting_for_plasma_memory: 0
[state-dump] num_waiting_for_remote_node_resources: 0
[state-dump] num_worker_not_started_by_job_config_not_exist: 0
[state-dump] num_worker_not_started_by_registration_timeout: 0
[state-dump] num_tasks_waiting_for_workers: 0
[state-dump] num_cancelled_tasks: 0
[state-dump] cluster_resource_scheduler state: 
[state-dump] Local id: 3185937588596337155 Local resources: {"total":{node:192.168.10.101: [10000], accelerator_type:G: [10000], node:__internal_head__: [10000], CPU: [960000], memory: [1729076305920000], GPU: [10000, 10000, 10000, 10000, 10000, 10000, 10000, 10000], object_store_memory: [687194767360000]}}, "available": {accelerator_type:G: [10000], node:192.168.10.101: [10000], node:__internal_head__: [10000], CPU: [880000], GPU: [0, 0, 0, 0, 0, 0, 0, 0], memory: [1729076305920000], object_store_memory: [687194767360000]}}, "labels":{"ray.io/node_id":"2f44f4b5bbcbdb09a0b5dfe01ea2441c7e01962d6277f66ef5ee7d43",} is_draining: 0 is_idle: 0 Cluster resources (at most 20 nodes are shown): node id: 3185937588596337155{"total":{object_store_memory: 687194767360000, CPU: 960000, node:__internal_head__: 10000, node:192.168.10.101: 10000, GPU: 80000, accelerator_type:G: 10000, memory: 1729076305920000}}, "available": {object_store_memory: 687194767360000, CPU: 880000, node:__internal_head__: 10000, node:192.168.10.101: 10000, accelerator_type:G: 10000, memory: 1729076305920000}}, "labels":{"ray.io/node_id":"2f44f4b5bbcbdb09a0b5dfe01ea2441c7e01962d6277f66ef5ee7d43",}, "is_draining": 0, "draining_deadline_timestamp_ms": -1} { "placement group locations": [], "node to bundles": []}
[state-dump] Waiting tasks size: 0
[state-dump] Number of executing tasks: 0
[state-dump] Number of pinned task arguments: 0
[state-dump] Number of total spilled tasks: 0
[state-dump] Number of spilled waiting tasks: 0
[state-dump] Number of spilled unschedulable tasks: 0
[state-dump] Resource usage {
[state-dump]     - (language=PYTHON actor_or_task=XDiTWorker.__init__ pid=1425891 worker_id=3d6cf518babd3168bbef7656e39b18245b8d1c7e52154228a30295ee): {CPU: 1, GPU: 1}
[state-dump]     - (language=PYTHON actor_or_task=XDiTWorker.__init__ pid=1425888 worker_id=35f4f12e993d66dc2f31c9ef273c87524142600cd08749bcb0de51d4): {GPU: 1, CPU: 1}
[state-dump]     - (language=PYTHON actor_or_task=XDiTWorker.__init__ pid=1425902 worker_id=6ae8c4e1b28cf5c54bf852b36b7fec038964a85435b1f32f9f331eca): {GPU: 1, CPU: 1}
[state-dump]     - (language=PYTHON actor_or_task=XDiTWorker.__init__ pid=1425903 worker_id=4de2cbc89fa68a02e7a78eb41a268b11847cd39cfc797ed1f4e3c1a8): {GPU: 1, CPU: 1}
[state-dump]     - (language=PYTHON actor_or_task=XDiTWorker.__init__ pid=1425897 worker_id=737993475197d722bd689ade03e6d1cd43002f330af1c9cd73271121): {GPU: 1, CPU: 1}
[state-dump]     - (language=PYTHON actor_or_task=XDiTWorker.__init__ pid=1425886 worker_id=b2c7d55042c939e463f041ba30ec443d00976b6b8b9837507c86cf1c): {CPU: 1, GPU: 1}
[state-dump]     - (language=PYTHON actor_or_task=XDiTWorker.__init__ pid=1425892 worker_id=f55920922e07962882653718559f4251e02dc8bfbd8cf3563e7af1d6): {GPU: 1, CPU: 1}
[state-dump]     - (language=PYTHON actor_or_task=XDiTWorker.__init__ pid=1425901 worker_id=b8e0b697bc43d8062d80ca5ed224d4e1da6628508cf9b8195c45e1ba): {CPU: 1, GPU: 1}
[state-dump] }
[state-dump] Backlog Size per scheduling descriptor :{workerId: num backlogs}:
[state-dump] 
[state-dump] Running tasks by scheduling class:
[state-dump] ==================================================
[state-dump] 
[state-dump] ClusterResources:
[state-dump] LocalObjectManager:
[state-dump] - num pinned objects: 0
[state-dump] - pinned objects size: 0
[state-dump] - num objects pending restore: 0
[state-dump] - num objects pending spill: 0
[state-dump] - num bytes pending spill: 0
[state-dump] - num bytes currently spilled: 0
[state-dump] - cumulative spill requests: 0
[state-dump] - cumulative restore requests: 0
[state-dump] - spilled objects pending delete: 0
[state-dump] 
[state-dump] ObjectManager:
[state-dump] - num local objects: 0
[state-dump] - num unfulfilled push requests: 0
[state-dump] - num object pull requests: 0
[state-dump] - num chunks received total: 0
[state-dump] - num chunks received failed (all): 0
[state-dump] - num chunks received failed / cancelled: 0
[state-dump] - num chunks received failed / plasma error: 0
[state-dump] Event stats:
[state-dump] Global stats: 1 total (0 active)
[state-dump] Queueing time: mean = 32.065 us, max = 32.065 us, min = 32.065 us, total = 32.065 us
[state-dump] Execution time:  mean = 35.417 us, total = 35.417 us
[state-dump] Event stats:
[state-dump] 	ObjectManager.FreeObjects - 1 total (0 active), Execution time: mean = 35.417 us, total = 35.417 us, Queueing time: mean = 32.065 us, max = 32.065 us, min = 32.065 us, total = 32.065 us
[state-dump] PushManager:
[state-dump] - num pushes in flight: 0
[state-dump] - num chunks in flight: 0
[state-dump] - num chunks remaining: 0
[state-dump] - max chunks allowed: 409
[state-dump] OwnershipBasedObjectDirectory:
[state-dump] - num listeners: 0
[state-dump] - cumulative location updates: 0
[state-dump] - num location updates per second: 0.000
[state-dump] - num location lookups per second: 0.000
[state-dump] - num locations added per second: 0.000
[state-dump] - num locations removed per second: 0.000
[state-dump] BufferPool:
[state-dump] - create buffer state map size: 0
[state-dump] PullManager:
[state-dump] - num bytes available for pulled objects: 68719476736
[state-dump] - num bytes being pulled (all): 0
[state-dump] - num bytes being pulled / pinned: 0
[state-dump] - get request bundles: BundlePullRequestQueue{0 total, 0 active, 0 inactive, 0 unpullable}
[state-dump] - wait request bundles: BundlePullRequestQueue{0 total, 0 active, 0 inactive, 0 unpullable}
[state-dump] - task request bundles: BundlePullRequestQueue{0 total, 0 active, 0 inactive, 0 unpullable}
[state-dump] - first get request bundle: N/A
[state-dump] - first wait request bundle: N/A
[state-dump] - first task request bundle: N/A
[state-dump] - num objects queued: 0
[state-dump] - num objects actively pulled (all): 0
[state-dump] - num objects actively pulled / pinned: 0
[state-dump] - num bundles being pulled: 0
[state-dump] - num pull retries: 0
[state-dump] - max timeout seconds: 0
[state-dump] - max timeout request is already processed. No entry.
[state-dump] 
[state-dump] WorkerPool:
[state-dump] - registered jobs: 1
[state-dump] - process_failed_job_config_missing: 0
[state-dump] - process_failed_rate_limited: 0
[state-dump] - process_failed_pending_registration: 0
[state-dump] - process_failed_runtime_env_setup_failed: 0
[state-dump] - num JAVA workers: 0
[state-dump] - num JAVA drivers: 0
[state-dump] - num JAVA pending start requests: 0
[state-dump] - num JAVA pending registration requests: 0
[state-dump] - num object spill callbacks queued: 0
[state-dump] - num object restore queued: 0
[state-dump] - num util functions queued: 0
[state-dump] - num PYTHON workers: 96
[state-dump] - num PYTHON drivers: 1
[state-dump] - num PYTHON pending start requests: 0
[state-dump] - num PYTHON pending registration requests: 0
[state-dump] - num object spill callbacks queued: 0
[state-dump] - num object restore queued: 0
[state-dump] - num util functions queued: 0
[state-dump] - num idle workers: 88
[state-dump] TaskDependencyManager:
[state-dump] - task deps map size: 0
[state-dump] - get req map size: 0
[state-dump] - wait req map size: 0
[state-dump] - local objects map size: 0
[state-dump] WaitManager:
[state-dump] - num active wait requests: 0
[state-dump] Subscriber:
[state-dump] Channel WORKER_OBJECT_LOCATIONS_CHANNEL
[state-dump] - cumulative subscribe requests: 4
[state-dump] - cumulative unsubscribe requests: 4
[state-dump] - active subscribed publishers: 0
[state-dump] - cumulative published messages: 0
[state-dump] - cumulative processed messages: 0
[state-dump] Channel WORKER_OBJECT_EVICTION
[state-dump] - cumulative subscribe requests: 4
[state-dump] - cumulative unsubscribe requests: 4
[state-dump] - active subscribed publishers: 0
[state-dump] - cumulative published messages: 4
[state-dump] - cumulative processed messages: 4
[state-dump] Channel WORKER_REF_REMOVED_CHANNEL
[state-dump] - cumulative subscribe requests: 0
[state-dump] - cumulative unsubscribe requests: 0
[state-dump] - active subscribed publishers: 0
[state-dump] - cumulative published messages: 0
[state-dump] - cumulative processed messages: 0
[state-dump] num async plasma notifications: 0
[state-dump] Event stats:
[state-dump] Global stats: 30026 total (113 active)
[state-dump] Queueing time: mean = 3.983 ms, max = 10.403 s, min = -0.000 s, total = 119.601 s
[state-dump] Execution time:  mean = 146.490 us, total = 4.399 s
[state-dump] Event stats:
[state-dump] 	NodeManagerService.grpc_server.ReportWorkerBacklog - 11566 total (0 active), Execution time: mean = 175.891 us, total = 2.034 s, Queueing time: mean = 0.000 s, max = -0.000 s, min = 9223372036.855 s, total = 0.000 s
[state-dump] 	NodeManagerService.grpc_server.ReportWorkerBacklog.HandleRequestImpl - 11566 total (0 active), Execution time: mean = 16.102 us, total = 186.232 ms, Queueing time: mean = 28.548 us, max = 14.442 ms, min = 1.921 us, total = 330.189 ms
[state-dump] 	RaySyncer.OnDemandBroadcasting - 1197 total (1 active), Execution time: mean = 5.453 us, total = 6.527 ms, Queueing time: mean = 249.213 us, max = 240.197 ms, min = 5.846 us, total = 298.309 ms
[state-dump] 	NodeManager.CheckGC - 1197 total (1 active), Execution time: mean = 1.618 us, total = 1.936 ms, Queueing time: mean = 252.818 us, max = 240.210 ms, min = 6.938 us, total = 302.623 ms
[state-dump] 	ObjectManager.UpdateAvailableMemory - 1196 total (0 active), Execution time: mean = 2.249 us, total = 2.690 ms, Queueing time: mean = 26.171 us, max = 228.643 us, min = 2.286 us, total = 31.301 ms
[state-dump] 	RayletWorkerPool.deadline_timer.kill_idle_workers - 600 total (1 active), Execution time: mean = 12.717 us, total = 7.630 ms, Queueing time: mean = 274.370 us, max = 144.539 ms, min = -0.000 s, total = 164.622 ms
[state-dump] 	MemoryMonitor.CheckIsMemoryUsageAboveThreshold - 479 total (1 active), Execution time: mean = 144.279 us, total = 69.110 ms, Queueing time: mean = 540.508 us, max = 244.214 ms, min = 721.000 ns, total = 258.903 ms
[state-dump] 	ClientConnection.async_read.ProcessMessageHeader - 441 total (97 active), Execution time: mean = 3.781 us, total = 1.667 ms, Queueing time: mean = 267.833 ms, max = 10.403 s, min = 8.355 us, total = 118.114 s
[state-dump] 	ClientConnection.async_read.ProcessMessage - 344 total (0 active), Execution time: mean = 971.927 us, total = 334.343 ms, Queueing time: mean = 12.630 us, max = 615.332 us, min = 2.122 us, total = 4.345 ms
[state-dump] 	NodeManager.ScheduleAndDispatchTasks - 121 total (1 active), Execution time: mean = 6.289 us, total = 760.981 us, Queueing time: mean = 28.585 us, max = 249.889 us, min = 8.059 us, total = 3.459 ms
[state-dump] 	NodeManager.CheckForUnexpectedWorkerDisconnects - 120 total (1 active), Execution time: mean = 64.290 us, total = 7.715 ms, Queueing time: mean = 35.341 us, max = 589.759 us, min = 8.142 us, total = 4.241 ms
[state-dump] 	NodeManagerService.grpc_server.GetResourceLoad - 120 total (0 active), Execution time: mean = 292.922 us, total = 35.151 ms, Queueing time: mean = 0.000 s, max = -0.000 s, min = 9223372036.855 s, total = 0.000 s
[state-dump] 	NodeManagerService.grpc_server.GetResourceLoad.HandleRequestImpl - 120 total (0 active), Execution time: mean = 62.328 us, total = 7.479 ms, Queueing time: mean = 30.169 us, max = 210.146 us, min = 14.751 us, total = 3.620 ms
[state-dump] 	NodeManager.deadline_timer.flush_free_objects - 120 total (1 active), Execution time: mean = 4.426 us, total = 531.144 us, Queueing time: mean = 76.916 us, max = 798.870 us, min = 9.934 us, total = 9.230 ms
[state-dump] 	NodeManager.deadline_timer.spill_objects_when_over_threshold - 120 total (1 active), Execution time: mean = 1.981 us, total = 237.732 us, Queueing time: mean = 79.053 us, max = 801.311 us, min = 5.628 us, total = 9.486 ms
[state-dump] 	ObjectManager.ObjectDeleted - 101 total (0 active), Execution time: mean = 12.807 us, total = 1.294 ms, Queueing time: mean = 56.053 us, max = 559.920 us, min = 19.137 us, total = 5.661 ms
[state-dump] 	ObjectManager.ObjectAdded - 101 total (0 active), Execution time: mean = 15.032 us, total = 1.518 ms, Queueing time: mean = 30.227 us, max = 209.882 us, min = 4.029 us, total = 3.053 ms
[state-dump] 	ClientConnection.async_write.DoAsyncWrites - 98 total (0 active), Execution time: mean = 764.510 ns, total = 74.922 us, Queueing time: mean = 31.982 us, max = 718.044 us, min = 10.166 us, total = 3.134 ms
[state-dump] 	NodeManagerService.grpc_server.GetSystemConfig - 97 total (0 active), Execution time: mean = 379.267 us, total = 36.789 ms, Queueing time: mean = 0.000 s, max = -0.000 s, min = 9223372036.855 s, total = 0.000 s
[state-dump] 	NodeManagerService.grpc_server.GetSystemConfig.HandleRequestImpl - 97 total (0 active), Execution time: mean = 30.400 us, total = 2.949 ms, Queueing time: mean = 32.149 us, max = 574.830 us, min = 5.791 us, total = 3.118 ms
[state-dump] 	ClusterResourceManager.ResetRemoteNodeView - 41 total (1 active), Execution time: mean = 3.865 us, total = 158.460 us, Queueing time: mean = 28.887 us, max = 66.707 us, min = 10.838 us, total = 1.184 ms
[state-dump] 	NodeManager.deadline_timer.record_metrics - 24 total (1 active), Execution time: mean = 372.223 us, total = 8.933 ms, Queueing time: mean = 25.027 us, max = 87.330 us, min = 11.360 us, total = 600.653 us
[state-dump] 	PeriodicalRunner.RunFnPeriodically - 14 total (0 active), Execution time: mean = 160.871 us, total = 2.252 ms, Queueing time: mean = 3.114 ms, max = 8.516 ms, min = 56.709 us, total = 43.596 ms
[state-dump] 	NodeManager.deadline_timer.debug_state_dump - 12 total (1 active), Execution time: mean = 687.995 us, total = 8.256 ms, Queueing time: mean = 18.071 us, max = 47.161 us, min = 8.559 us, total = 216.856 us
[state-dump] 	RaySyncer.BroadcastMessage - 11 total (0 active), Execution time: mean = 101.151 us, total = 1.113 ms, Queueing time: mean = 178.273 ns, max = 384.000 ns, min = 58.000 ns, total = 1.961 us
[state-dump] 	 - 11 total (0 active), Execution time: mean = 600.000 ns, total = 6.600 us, Queueing time: mean = 22.563 us, max = 34.534 us, min = 6.209 us, total = 248.188 us
[state-dump] 	CoreWorkerService.grpc_client.PubsubCommandBatch.OnReplyReceived - 10 total (0 active), Execution time: mean = 55.483 us, total = 554.828 us, Queueing time: mean = 21.918 us, max = 83.627 us, min = 11.799 us, total = 219.183 us
[state-dump] 	CoreWorkerService.grpc_client.PubsubCommandBatch - 10 total (0 active), Execution time: mean = 587.719 us, total = 5.877 ms, Queueing time: mean = 0.000 s, max = -0.000 s, min = 9223372036.855 s, total = 0.000 s
[state-dump] 	NodeManagerService.grpc_server.RequestWorkerLease - 8 total (0 active), Execution time: mean = 278.583 us, total = 2.229 ms, Queueing time: mean = 0.000 s, max = -0.000 s, min = 9223372036.855 s, total = 0.000 s
[state-dump] 	NodeManagerService.grpc_server.RequestWorkerLease.HandleRequestImpl - 8 total (0 active), Execution time: mean = 94.969 us, total = 759.752 us, Queueing time: mean = 19.984 us, max = 24.066 us, min = 15.521 us, total = 159.872 us
[state-dump] 	WorkerPool.PopWorkerCallback - 8 total (0 active), Execution time: mean = 19.981 us, total = 159.849 us, Queueing time: mean = 7.718 us, max = 24.410 us, min = 4.626 us, total = 61.744 us
[state-dump] 	CoreWorkerService.grpc_client.PubsubLongPolling - 7 total (1 active), Execution time: mean = 28.711 ms, total = 200.976 ms, Queueing time: mean = 0.000 s, max = -0.000 s, min = 9223372036.855 s, total = 0.000 s
[state-dump] 	CoreWorkerService.grpc_client.PubsubLongPolling.OnReplyReceived - 6 total (0 active), Execution time: mean = 81.630 us, total = 489.781 us, Queueing time: mean = 64.915 us, max = 149.258 us, min = 13.712 us, total = 389.491 us
[state-dump] 	CoreWorkerService.grpc_client.UpdateObjectLocationBatch.OnReplyReceived - 6 total (0 active), Execution time: mean = 28.081 us, total = 168.484 us, Queueing time: mean = 16.544 us, max = 20.614 us, min = 10.185 us, total = 99.266 us
[state-dump] 	CoreWorkerService.grpc_client.UpdateObjectLocationBatch - 6 total (0 active), Execution time: mean = 763.329 us, total = 4.580 ms, Queueing time: mean = 0.000 s, max = -0.000 s, min = 9223372036.855 s, total = 0.000 s
[state-dump] 	NodeManagerService.grpc_server.PinObjectIDs - 4 total (0 active), Execution time: mean = 362.832 us, total = 1.451 ms, Queueing time: mean = 0.000 s, max = -0.000 s, min = 9223372036.855 s, total = 0.000 s
[state-dump] 	Subscriber.HandlePublishedMessage_WORKER_OBJECT_EVICTION - 4 total (0 active), Execution time: mean = 24.514 us, total = 98.055 us, Queueing time: mean = 94.711 us, max = 146.077 us, min = 46.652 us, total = 378.845 us
[state-dump] 	NodeManagerService.grpc_server.PinObjectIDs.HandleRequestImpl - 4 total (0 active), Execution time: mean = 175.576 us, total = 702.304 us, Queueing time: mean = 88.073 us, max = 298.820 us, min = 13.860 us, total = 352.293 us
[state-dump] 	RaySyncerRegister - 2 total (0 active), Execution time: mean = 1.292 us, total = 2.583 us, Queueing time: mean = 127.000 ns, max = 209.000 ns, min = 45.000 ns, total = 254.000 ns
[state-dump] 	NodeManager.deadline_timer.print_event_loop_stats - 2 total (1 active, 1 running), Execution time: mean = 1.007 ms, total = 2.015 ms, Queueing time: mean = 24.441 us, max = 48.881 us, min = 48.881 us, total = 48.881 us
[state-dump] 	ray::rpc::InternalPubSubGcsService.grpc_client.GcsSubscriberCommandBatch.OnReplyReceived - 2 total (0 active), Execution time: mean = 109.525 us, total = 219.049 us, Queueing time: mean = 770.034 us, max = 1.523 ms, min = 16.573 us, total = 1.540 ms
[state-dump] 	ray::rpc::InternalPubSubGcsService.grpc_client.GcsSubscriberCommandBatch - 2 total (0 active), Execution time: mean = 749.235 us, total = 1.498 ms, Queueing time: mean = 0.000 s, max = -0.000 s, min = 9223372036.855 s, total = 0.000 s
[state-dump] 	NodeManager.GcsCheckAlive - 2 total (1 active), Execution time: mean = 55.295 us, total = 110.591 us, Queueing time: mean = 988.207 us, max = 1.976 ms, min = 1.976 ms, total = 1.976 ms
[state-dump] 	ray::rpc::NodeInfoGcsService.grpc_client.CheckAlive.OnReplyReceived - 2 total (0 active), Execution time: mean = 17.671 us, total = 35.341 us, Queueing time: mean = 20.651 us, max = 21.653 us, min = 19.648 us, total = 41.301 us
[state-dump] 	ray::rpc::NodeInfoGcsService.grpc_client.CheckAlive - 2 total (0 active), Execution time: mean = 461.555 us, total = 923.111 us, Queueing time: mean = 0.000 s, max = -0.000 s, min = 9223372036.855 s, total = 0.000 s
[state-dump] 	ray::rpc::InternalPubSubGcsService.grpc_client.GcsSubscriberPoll - 2 total (1 active), Execution time: mean = 697.877 ms, total = 1.396 s, Queueing time: mean = 0.000 s, max = -0.000 s, min = 9223372036.855 s, total = 0.000 s
[state-dump] 	ray::rpc::JobInfoGcsService.grpc_client.AddJob - 1 total (0 active), Execution time: mean = 547.197 us, total = 547.197 us, Queueing time: mean = 0.000 s, max = -0.000 s, min = 9223372036.855 s, total = 0.000 s
[state-dump] 	ray::rpc::JobInfoGcsService.grpc_client.AddJob.OnReplyReceived - 1 total (0 active), Execution time: mean = 40.253 us, total = 40.253 us, Queueing time: mean = 20.744 us, max = 20.744 us, min = 20.744 us, total = 20.744 us
[state-dump] 	ray::rpc::InternalKVGcsService.grpc_client.GetInternalConfig.OnReplyReceived - 1 total (0 active), Execution time: mean = 14.820 ms, total = 14.820 ms, Queueing time: mean = 41.386 us, max = 41.386 us, min = 41.386 us, total = 41.386 us
[state-dump] 	ray::rpc::InternalPubSubGcsService.grpc_client.GcsSubscriberPoll.OnReplyReceived - 1 total (0 active), Execution time: mean = 99.469 us, total = 99.469 us, Queueing time: mean = 32.464 us, max = 32.464 us, min = 32.464 us, total = 32.464 us
[state-dump] 	CoreWorkerService.grpc_client.ActorCallArgWaitComplete - 1 total (0 active), Execution time: mean = 811.910 us, total = 811.910 us, Queueing time: mean = 0.000 s, max = -0.000 s, min = 9223372036.855 s, total = 0.000 s
[state-dump] 	ray::rpc::NodeInfoGcsService.grpc_client.RegisterNode.OnReplyReceived - 1 total (0 active), Execution time: mean = 585.611 us, total = 585.611 us, Queueing time: mean = 82.304 us, max = 82.304 us, min = 82.304 us, total = 82.304 us
[state-dump] 	ray::rpc::JobInfoGcsService.grpc_client.GetAllJobInfo.OnReplyReceived - 1 total (0 active), Execution time: mean = 12.031 us, total = 12.031 us, Queueing time: mean = 16.716 us, max = 16.716 us, min = 16.716 us, total = 16.716 us
[state-dump] 	ray::rpc::NodeInfoGcsService.grpc_client.GetAllNodeInfo - 1 total (0 active), Execution time: mean = 590.404 us, total = 590.404 us, Queueing time: mean = 0.000 s, max = -0.000 s, min = 9223372036.855 s, total = 0.000 s
[state-dump] 	ray::rpc::InternalKVGcsService.grpc_client.GetInternalConfig - 1 total (0 active), Execution time: mean = 908.655 us, total = 908.655 us, Queueing time: mean = 0.000 s, max = -0.000 s, min = 9223372036.855 s, total = 0.000 s
[state-dump] 	CoreWorkerService.grpc_client.ActorCallArgWaitComplete.OnReplyReceived - 1 total (0 active), Execution time: mean = 15.133 us, total = 15.133 us, Queueing time: mean = 97.363 us, max = 97.363 us, min = 97.363 us, total = 97.363 us
[state-dump] 	ray::rpc::NodeInfoGcsService.grpc_client.RegisterNode - 1 total (0 active), Execution time: mean = 1.142 ms, total = 1.142 ms, Queueing time: mean = 0.000 s, max = -0.000 s, min = 9223372036.855 s, total = 0.000 s
[state-dump] 	ray::rpc::JobInfoGcsService.grpc_client.GetAllJobInfo - 1 total (0 active), Execution time: mean = 475.980 us, total = 475.980 us, Queueing time: mean = 0.000 s, max = -0.000 s, min = 9223372036.855 s, total = 0.000 s
[state-dump] 	Subscriber.HandlePublishedMessage_GCS_JOB_CHANNEL - 1 total (0 active), Execution time: mean = 39.162 us, total = 39.162 us, Queueing time: mean = 91.135 us, max = 91.135 us, min = 91.135 us, total = 91.135 us
[state-dump] 	ray::rpc::NodeInfoGcsService.grpc_client.GetAllNodeInfo.OnReplyReceived - 1 total (0 active), Execution time: mean = 104.901 us, total = 104.901 us, Queueing time: mean = 43.607 us, max = 43.607 us, min = 43.607 us, total = 43.607 us
[state-dump] 	NodeManager.GCTaskFailureReason - 1 total (1 active), Execution time: mean = 0.000 s, total = 0.000 s, Queueing time: mean = 0.000 s, max = -0.000 s, min = 9223372036.855 s, total = 0.000 s
[state-dump] DebugString() time ms: 1
[state-dump] 
[state-dump] 
[2025-06-25 17:23:47,771 W 1425685 1425685] (raylet) memory_monitor.cc:198: Got negative used memory for cgroup -1, setting it to zero
[2025-06-25 17:23:52,774 W 1425685 1425685] (raylet) memory_monitor.cc:198: Got negative used memory for cgroup -1, setting it to zero
[2025-06-25 17:23:57,777 W 1425685 1425685] (raylet) memory_monitor.cc:198: Got negative used memory for cgroup -1, setting it to zero
[2025-06-25 17:24:02,781 W 1425685 1425685] (raylet) memory_monitor.cc:198: Got negative used memory for cgroup -1, setting it to zero
[2025-06-25 17:24:07,784 W 1425685 1425685] (raylet) memory_monitor.cc:198: Got negative used memory for cgroup -1, setting it to zero
[2025-06-25 17:24:12,788 W 1425685 1425685] (raylet) memory_monitor.cc:198: Got negative used memory for cgroup -1, setting it to zero
[2025-06-25 17:24:17,791 W 1425685 1425685] (raylet) memory_monitor.cc:198: Got negative used memory for cgroup -1, setting it to zero
[2025-06-25 17:24:22,795 W 1425685 1425685] (raylet) memory_monitor.cc:198: Got negative used memory for cgroup -1, setting it to zero
[2025-06-25 17:24:27,797 W 1425685 1425685] (raylet) memory_monitor.cc:198: Got negative used memory for cgroup -1, setting it to zero
[2025-06-25 17:24:32,801 W 1425685 1425685] (raylet) memory_monitor.cc:198: Got negative used memory for cgroup -1, setting it to zero
[2025-06-25 17:24:37,804 W 1425685 1425685] (raylet) memory_monitor.cc:198: Got negative used memory for cgroup -1, setting it to zero
[2025-06-25 17:24:42,808 W 1425685 1425685] (raylet) memory_monitor.cc:198: Got negative used memory for cgroup -1, setting it to zero
[2025-06-25 17:24:44,385 W 1425685 1425724] (raylet) store.cc:368: Disconnecting client due to connection error with code 2: End of file
[2025-06-25 17:24:44,385 I 1425685 1425685] (raylet) node_manager.cc:1523: Disconnecting client, graceful=false, disconnect_type=0, has_creation_task_exception=false worker_id=01000000ffffffffffffffffffffffffffffffffffffffffffffffff
[2025-06-25 17:24:44,386 I 1425685 1425685] (raylet) node_manager.cc:1615: Driver (pid=1424759) is disconnected. worker_id=01000000ffffffffffffffffffffffffffffffffffffffffffffffff job_id=01000000
[2025-06-25 17:24:44,391 I 1425685 1425685] (raylet) node_manager.cc:1018: The leased worker 737993475197d722bd689ade03e6d1cd43002f330af1c9cd73271121 is killed because the owner process 01000000ffffffffffffffffffffffffffffffffffffffffffffffff died.
[2025-06-25 17:24:44,391 I 1425685 1425685] (raylet) node_manager.cc:1018: The leased worker b2c7d55042c939e463f041ba30ec443d00976b6b8b9837507c86cf1c is killed because the owner process 01000000ffffffffffffffffffffffffffffffffffffffffffffffff died.
[2025-06-25 17:24:44,391 I 1425685 1425685] (raylet) node_manager.cc:1018: The leased worker 35f4f12e993d66dc2f31c9ef273c87524142600cd08749bcb0de51d4 is killed because the owner process 01000000ffffffffffffffffffffffffffffffffffffffffffffffff died.
[2025-06-25 17:24:44,391 I 1425685 1425685] (raylet) node_manager.cc:1018: The leased worker 3d6cf518babd3168bbef7656e39b18245b8d1c7e52154228a30295ee is killed because the owner process 01000000ffffffffffffffffffffffffffffffffffffffffffffffff died.
[2025-06-25 17:24:44,391 I 1425685 1425685] (raylet) node_manager.cc:1018: The leased worker 4de2cbc89fa68a02e7a78eb41a268b11847cd39cfc797ed1f4e3c1a8 is killed because the owner process 01000000ffffffffffffffffffffffffffffffffffffffffffffffff died.
[2025-06-25 17:24:44,391 I 1425685 1425685] (raylet) node_manager.cc:1018: The leased worker f55920922e07962882653718559f4251e02dc8bfbd8cf3563e7af1d6 is killed because the owner process 01000000ffffffffffffffffffffffffffffffffffffffffffffffff died.
[2025-06-25 17:24:44,391 I 1425685 1425685] (raylet) node_manager.cc:1018: The leased worker b8e0b697bc43d8062d80ca5ed224d4e1da6628508cf9b8195c45e1ba is killed because the owner process 01000000ffffffffffffffffffffffffffffffffffffffffffffffff died.
[2025-06-25 17:24:44,391 I 1425685 1425685] (raylet) node_manager.cc:1018: The leased worker 6ae8c4e1b28cf5c54bf852b36b7fec038964a85435b1f32f9f331eca is killed because the owner process 01000000ffffffffffffffffffffffffffffffffffffffffffffffff died.
[2025-06-25 17:24:44,391 I 1425685 1425685] (raylet) worker_pool.cc:724: Job 01000000 already started in worker pool.
[2025-06-25 17:24:44,391 I 1425685 1425685] (raylet) node_manager.cc:559: The leased worker  is killed because the job 01000000 finished. worker_id=737993475197d722bd689ade03e6d1cd43002f330af1c9cd73271121
[2025-06-25 17:24:44,391 I 1425685 1425685] (raylet) node_manager.cc:559: The leased worker  is killed because the job 01000000 finished. worker_id=b2c7d55042c939e463f041ba30ec443d00976b6b8b9837507c86cf1c
[2025-06-25 17:24:44,392 I 1425685 1425685] (raylet) node_manager.cc:559: The leased worker  is killed because the job 01000000 finished. worker_id=35f4f12e993d66dc2f31c9ef273c87524142600cd08749bcb0de51d4
[2025-06-25 17:24:44,392 I 1425685 1425685] (raylet) node_manager.cc:559: The leased worker  is killed because the job 01000000 finished. worker_id=3d6cf518babd3168bbef7656e39b18245b8d1c7e52154228a30295ee
[2025-06-25 17:24:44,392 I 1425685 1425685] (raylet) node_manager.cc:559: The leased worker  is killed because the job 01000000 finished. worker_id=4de2cbc89fa68a02e7a78eb41a268b11847cd39cfc797ed1f4e3c1a8
[2025-06-25 17:24:44,392 I 1425685 1425685] (raylet) node_manager.cc:559: The leased worker  is killed because the job 01000000 finished. worker_id=f55920922e07962882653718559f4251e02dc8bfbd8cf3563e7af1d6
[2025-06-25 17:24:44,392 I 1425685 1425685] (raylet) node_manager.cc:559: The leased worker  is killed because the job 01000000 finished. worker_id=b8e0b697bc43d8062d80ca5ed224d4e1da6628508cf9b8195c45e1ba
[2025-06-25 17:24:44,392 I 1425685 1425685] (raylet) node_manager.cc:559: The leased worker  is killed because the job 01000000 finished. worker_id=6ae8c4e1b28cf5c54bf852b36b7fec038964a85435b1f32f9f331eca
[2025-06-25 17:24:44,393 I 1425685 1425685] (raylet) subscriber.cc:382: A worker is dead. subscription_failure_callback will be invoked. Publisher id: 01000000ffffffffffffffffffffffffffffffffffffffffffffffff
[2025-06-25 17:24:44,404 I 1425685 1425685] (raylet) node_manager.cc:1523: Disconnecting client, graceful=true, disconnect_type=1, has_creation_task_exception=false worker_id=b8e0b697bc43d8062d80ca5ed224d4e1da6628508cf9b8195c45e1ba
[2025-06-25 17:24:44,404 I 1425685 1425685] (raylet) node_manager.cc:1523: Disconnecting client, graceful=true, disconnect_type=1, has_creation_task_exception=false worker_id=4de2cbc89fa68a02e7a78eb41a268b11847cd39cfc797ed1f4e3c1a8
[2025-06-25 17:24:44,406 I 1425685 1425685] (raylet) node_manager.cc:1523: Disconnecting client, graceful=true, disconnect_type=1, has_creation_task_exception=false worker_id=b2c7d55042c939e463f041ba30ec443d00976b6b8b9837507c86cf1c
[2025-06-25 17:24:44,406 I 1425685 1425685] (raylet) node_manager.cc:1523: Disconnecting client, graceful=true, disconnect_type=1, has_creation_task_exception=false worker_id=35f4f12e993d66dc2f31c9ef273c87524142600cd08749bcb0de51d4
[2025-06-25 17:24:44,406 I 1425685 1425685] (raylet) node_manager.cc:1523: Disconnecting client, graceful=true, disconnect_type=1, has_creation_task_exception=false worker_id=f55920922e07962882653718559f4251e02dc8bfbd8cf3563e7af1d6
[2025-06-25 17:24:44,406 I 1425685 1425685] (raylet) node_manager.cc:1523: Disconnecting client, graceful=true, disconnect_type=1, has_creation_task_exception=false worker_id=6ae8c4e1b28cf5c54bf852b36b7fec038964a85435b1f32f9f331eca
[2025-06-25 17:24:44,407 I 1425685 1425685] (raylet) node_manager.cc:1523: Disconnecting client, graceful=true, disconnect_type=1, has_creation_task_exception=false worker_id=737993475197d722bd689ade03e6d1cd43002f330af1c9cd73271121
[2025-06-25 17:24:44,407 I 1425685 1425685] (raylet) node_manager.cc:1523: Disconnecting client, graceful=true, disconnect_type=1, has_creation_task_exception=false worker_id=3d6cf518babd3168bbef7656e39b18245b8d1c7e52154228a30295ee
[2025-06-25 17:24:44,448 W 1425685 1425685] (raylet) node_manager.cc:567: Failed to send exit request to worker : RpcError: RPC Error message: Socket closed; RPC Error details:  rpc_code: 14. Killing it using SIGKILL instead. worker_id=b8e0b697bc43d8062d80ca5ed224d4e1da6628508cf9b8195c45e1ba
[2025-06-25 17:24:44,449 W 1425685 1425724] (raylet) store.cc:368: Disconnecting client due to connection error with code 2: End of file
[2025-06-25 17:24:44,450 W 1425685 1425685] (raylet) node_manager.cc:567: Failed to send exit request to worker : RpcError: RPC Error message: Socket closed; RPC Error details:  rpc_code: 14. Killing it using SIGKILL instead. worker_id=4de2cbc89fa68a02e7a78eb41a268b11847cd39cfc797ed1f4e3c1a8
[2025-06-25 17:24:44,451 W 1425685 1425724] (raylet) store.cc:368: Disconnecting client due to connection error with code 2: End of file
[2025-06-25 17:24:44,452 W 1425685 1425685] (raylet) node_manager.cc:567: Failed to send exit request to worker : RpcError: RPC Error message: Socket closed; RPC Error details:  rpc_code: 14. Killing it using SIGKILL instead. worker_id=b2c7d55042c939e463f041ba30ec443d00976b6b8b9837507c86cf1c
[2025-06-25 17:24:44,452 W 1425685 1425724] (raylet) store.cc:368: Disconnecting client due to connection error with code 2: End of file
[2025-06-25 17:24:44,453 W 1425685 1425685] (raylet) node_manager.cc:567: Failed to send exit request to worker : RpcError: RPC Error message: Socket closed; RPC Error details:  rpc_code: 14. Killing it using SIGKILL instead. worker_id=f55920922e07962882653718559f4251e02dc8bfbd8cf3563e7af1d6
[2025-06-25 17:24:44,453 W 1425685 1425685] (raylet) node_manager.cc:567: Failed to send exit request to worker : RpcError: RPC Error message: Socket closed; RPC Error details:  rpc_code: 14. Killing it using SIGKILL instead. worker_id=6ae8c4e1b28cf5c54bf852b36b7fec038964a85435b1f32f9f331eca
[2025-06-25 17:24:44,453 W 1425685 1425685] (raylet) node_manager.cc:567: Failed to send exit request to worker : RpcError: RPC Error message: Socket closed; RPC Error details:  rpc_code: 14. Killing it using SIGKILL instead. worker_id=35f4f12e993d66dc2f31c9ef273c87524142600cd08749bcb0de51d4
[2025-06-25 17:24:44,454 W 1425685 1425724] (raylet) store.cc:368: Disconnecting client due to connection error with code 2: End of file
[2025-06-25 17:24:44,454 W 1425685 1425724] (raylet) store.cc:368: Disconnecting client due to connection error with code 2: End of file
[2025-06-25 17:24:44,454 W 1425685 1425685] (raylet) node_manager.cc:567: Failed to send exit request to worker : RpcError: RPC Error message: Socket closed; RPC Error details:  rpc_code: 14. Killing it using SIGKILL instead. worker_id=737993475197d722bd689ade03e6d1cd43002f330af1c9cd73271121
[2025-06-25 17:24:44,454 W 1425685 1425724] (raylet) store.cc:368: Disconnecting client due to connection error with code 2: End of file
[2025-06-25 17:24:44,454 W 1425685 1425724] (raylet) store.cc:368: Disconnecting client due to connection error with code 2: End of file
[2025-06-25 17:24:44,457 W 1425685 1425685] (raylet) node_manager.cc:567: Failed to send exit request to worker : RpcError: RPC Error message: Socket closed; RPC Error details:  rpc_code: 14. Killing it using SIGKILL instead. worker_id=3d6cf518babd3168bbef7656e39b18245b8d1c7e52154228a30295ee
[2025-06-25 17:24:44,464 W 1425685 1425724] (raylet) store.cc:368: Disconnecting client due to connection error with code 2: End of file
