[2025-06-26 10:44:38,895 I 2385551 2385551] (gcs_server) gcs_server_main.cc:91: Ray cluster metadata ray_version=2.47.1 ray_commit=61d3f2f1aa33563faa398105f4abda88cb39440b
[2025-06-26 10:44:38,895 I 2385551 2385551] (gcs_server) io_service_pool.cc:36: IOServicePool is running with 1 io_service.
[2025-06-26 10:44:38,900 I 2385551 2385551] (gcs_server) event.cc:500: Ray Event initialized for GCS
[2025-06-26 10:44:38,900 I 2385551 2385551] (gcs_server) event.cc:500: Ray Event initialized for EXPORT_NODE
[2025-06-26 10:44:38,900 I 2385551 2385551] (gcs_server) event.cc:500: Ray Event initialized for EXPORT_ACTOR
[2025-06-26 10:44:38,900 I 2385551 2385551] (gcs_server) event.cc:500: Ray Event initialized for EXPORT_DRIVER_JOB
[2025-06-26 10:44:38,900 I 2385551 2385551] (gcs_server) event.cc:331: Set ray event level to warning
[2025-06-26 10:44:38,902 I 2385551 2385551] (gcs_server) gcs_server.cc:77: GCS storage type is StorageType::IN_MEMORY
[2025-06-26 10:44:38,902 I 2385551 2385551] (gcs_server) gcs_init_data.cc:46: Loading job table data.
[2025-06-26 10:44:38,902 I 2385551 2385551] (gcs_server) gcs_init_data.cc:56: Loading node table data.
[2025-06-26 10:44:38,902 I 2385551 2385551] (gcs_server) gcs_init_data.cc:78: Loading actor table data.
[2025-06-26 10:44:38,902 I 2385551 2385551] (gcs_server) gcs_init_data.cc:89: Loading actor task spec table data.
[2025-06-26 10:44:38,902 I 2385551 2385551] (gcs_server) gcs_init_data.cc:66: Loading placement group table data.
[2025-06-26 10:44:38,902 I 2385551 2385551] (gcs_server) gcs_init_data.cc:50: Finished loading job table data, size = 0
[2025-06-26 10:44:38,902 I 2385551 2385551] (gcs_server) gcs_init_data.cc:60: Finished loading node table data, size = 0
[2025-06-26 10:44:38,902 I 2385551 2385551] (gcs_server) gcs_init_data.cc:83: Finished loading actor table data, size = 0
[2025-06-26 10:44:38,902 I 2385551 2385551] (gcs_server) gcs_init_data.cc:94: Finished loading actor task spec table data, size = 0
[2025-06-26 10:44:38,902 I 2385551 2385551] (gcs_server) gcs_init_data.cc:72: Finished loading placement group table data, size = 0
[2025-06-26 10:44:38,902 I 2385551 2385551] (gcs_server) gcs_server.cc:161: No existing server cluster ID found. Generating new ID: f53b238ad2e7b6595ccf945bdf3161486e7e95c4bbbb5c62e7e6911f
[2025-06-26 10:44:38,903 I 2385551 2385551] (gcs_server) gcs_server.cc:673: Autoscaler V2 enabled: 0
[2025-06-26 10:44:38,906 I 2385551 2385551] (gcs_server) grpc_server.cc:141: GcsServer server started, listening on port 49528.
[2025-06-26 10:44:39,103 I 2385551 2385551] (gcs_server) gcs_server.cc:249: Gcs Debug state:

GcsNodeManager: 
- RegisterNode request count: 0
- DrainNode request count: 0
- GetAllNodeInfo request count: 0

GcsActorManager: 
- RegisterActor request count: 0
- CreateActor request count: 0
- GetActorInfo request count: 0
- GetNamedActorInfo request count: 0
- GetAllActorInfo request count: 0
- KillActor request count: 0
- ListNamedActors request count: 0
- Registered actors count: 0
- Destroyed actors count: 0
- Named actors count: 0
- Unresolved actors count: 0
- Pending actors count: 0
- Created actors count: 0
- owners_: 0
- actor_to_register_callbacks_: 0
- actor_to_restart_for_lineage_reconstruction_callbacks_: 0
- actor_to_create_callbacks_: 0
- sorted_destroyed_actor_list_: 0

GcsResourceManager: 
- GetAllAvailableResources request count: 0
- GetAllTotalResources request count: 0
- GetAllResourceUsage request count: 0

GcsPlacementGroupManager: 
- CreatePlacementGroup request count: 0
- RemovePlacementGroup request count: 0
- GetPlacementGroup request count: 0
- GetAllPlacementGroup request count: 0
- WaitPlacementGroupUntilReady request count: 0
- GetNamedPlacementGroup request count: 0
- Scheduling pending placement group count: 0
- Registered placement groups count: 0
- Named placement group count: 0
- Pending placement groups count: 0
- Infeasible placement groups count: 0

Publisher:

[runtime env manager] ID to URIs table:
[runtime env manager] URIs reference table:

GcsTaskManager: 
-Total num task events reported: 0
-Total num status task events dropped: 0
-Total num profile events dropped: 0
-Current num of task events stored: 0
-Total num of actor creation tasks: 0
-Total num of actor tasks: 0
-Total num of normal tasks: 0
-Total num of driver tasks: 0

GcsAutoscalerStateManager: 
- last_seen_autoscaler_state_version_: 0
- last_cluster_resource_state_version_: 0
- pending demands:



[2025-06-26 10:44:39,103 I 2385551 2385551] (gcs_server) gcs_server.cc:870: Main service Event stats:


Global stats: 27 total (5 active)
Queueing time: mean = 66.809 ms, max = 199.929 ms, min = 86.000 ns, total = 1.804 s
Execution time:  mean = 14.849 ms, total = 400.925 ms
Event stats:
	GcsInMemoryStore.Put - 9 total (0 active), Execution time: mean = 22.217 ms, total = 199.953 ms, Queueing time: mean = 155.117 ms, max = 199.594 ms, min = 1.719 us, total = 1.396 s
	GcsInMemoryStore.GetAll - 5 total (0 active), Execution time: mean = 8.115 us, total = 40.574 us, Queueing time: mean = 27.552 us, max = 28.446 us, min = 26.617 us, total = 137.759 us
	PeriodicalRunner.RunFnPeriodically - 4 total (2 active, 1 running), Execution time: mean = 1.729 us, total = 6.916 us, Queueing time: mean = 99.946 ms, max = 199.929 ms, min = 199.856 ms, total = 399.785 ms
	event_loop_lag_probe - 2 total (0 active), Execution time: mean = 6.795 us, total = 13.591 us, Queueing time: mean = 3.560 ms, max = 7.070 ms, min = 49.372 us, total = 7.120 ms
	GcsServer.GetOrGenerateClusterId.continuation - 1 total (0 active), Execution time: mean = 199.938 ms, total = 199.938 ms, Queueing time: mean = 86.000 ns, max = 86.000 ns, min = 86.000 ns, total = 86.000 ns
	NodeInfoGcsService.grpc_server.GetClusterId.HandleRequestImpl - 1 total (0 active), Execution time: mean = 947.689 us, total = 947.689 us, Queueing time: mean = 738.423 us, max = 738.423 us, min = 738.423 us, total = 738.423 us
	GcsInMemoryStore.Get - 1 total (0 active), Execution time: mean = 10.396 us, total = 10.396 us, Queueing time: mean = 16.522 us, max = 16.522 us, min = 16.522 us, total = 16.522 us
	GcsInitData::AsyncLoad - 1 total (0 active), Execution time: mean = 14.981 us, total = 14.981 us, Queueing time: mean = 233.000 ns, max = 233.000 ns, min = 233.000 ns, total = 233.000 ns
	NodeInfoGcsService.grpc_server.GetClusterId - 1 total (1 active), Execution time: mean = 0.000 s, total = 0.000 s, Queueing time: mean = 0.000 s, max = -0.000 s, min = 9223372036.855 s, total = 0.000 s
	ClusterResourceManager.ResetRemoteNodeView - 1 total (1 active), Execution time: mean = 0.000 s, total = 0.000 s, Queueing time: mean = 0.000 s, max = -0.000 s, min = 9223372036.855 s, total = 0.000 s
	RayletLoadPulled - 1 total (1 active), Execution time: mean = 0.000 s, total = 0.000 s, Queueing time: mean = 0.000 s, max = -0.000 s, min = 9223372036.855 s, total = 0.000 s


[2025-06-26 10:44:39,104 I 2385551 2385551] (gcs_server) gcs_server.cc:874: task_io_context Event stats:


Global stats: 4 total (1 active)
Queueing time: mean = 430.283 us, max = 1.675 ms, min = 22.112 us, total = 1.721 ms
Execution time:  mean = 32.837 us, total = 131.346 us
Event stats:
	event_loop_lag_probe - 2 total (0 active), Execution time: mean = 63.408 us, total = 126.817 us, Queueing time: mean = 848.365 us, max = 1.675 ms, min = 22.112 us, total = 1.697 ms
	PeriodicalRunner.RunFnPeriodically - 1 total (0 active), Execution time: mean = 4.529 us, total = 4.529 us, Queueing time: mean = 24.402 us, max = 24.402 us, min = 24.402 us, total = 24.402 us
	GcsTaskManager.GcJobSummary - 1 total (1 active), Execution time: mean = 0.000 s, total = 0.000 s, Queueing time: mean = 0.000 s, max = -0.000 s, min = 9223372036.855 s, total = 0.000 s


[2025-06-26 10:44:39,104 I 2385551 2385551] (gcs_server) gcs_server.cc:874: pubsub_io_context Event stats:


Global stats: 4 total (1 active)
Queueing time: mean = 145.888 us, max = 488.679 us, min = 21.178 us, total = 583.552 us
Execution time:  mean = 96.623 us, total = 386.493 us
Event stats:
	event_loop_lag_probe - 2 total (0 active), Execution time: mean = 186.260 us, total = 372.520 us, Queueing time: mean = 281.187 us, max = 488.679 us, min = 73.695 us, total = 562.374 us
	PeriodicalRunner.RunFnPeriodically - 1 total (0 active), Execution time: mean = 13.973 us, total = 13.973 us, Queueing time: mean = 21.178 us, max = 21.178 us, min = 21.178 us, total = 21.178 us
	Publisher.CheckDeadSubscribers - 1 total (1 active), Execution time: mean = 0.000 s, total = 0.000 s, Queueing time: mean = 0.000 s, max = -0.000 s, min = 9223372036.855 s, total = 0.000 s


[2025-06-26 10:44:39,104 I 2385551 2385551] (gcs_server) gcs_server.cc:874: ray_syncer_io_context Event stats:


Global stats: 4 total (0 active)
Queueing time: mean = 499.916 us, max = 1.946 ms, min = 14.355 us, total = 2.000 ms
Execution time:  mean = 43.486 us, total = 173.945 us
Event stats:
	event_loop_lag_probe - 2 total (0 active), Execution time: mean = 86.490 us, total = 172.979 us, Queueing time: mean = 982.442 us, max = 1.946 ms, min = 18.764 us, total = 1.965 ms
	RaySyncerRegister - 2 total (0 active), Execution time: mean = 483.000 ns, total = 966.000 ns, Queueing time: mean = 17.390 us, max = 20.425 us, min = 14.355 us, total = 34.780 us


[2025-06-26 10:44:40,934 I 2385551 2385551] (gcs_server) gcs_node_manager.cc:92: Registering node info, address = 192.168.10.101, node name = 192.168.10.101 node_id=4d9dd6580e0620eebf03a30748ec8b9adba6bebb99a6cc0022da3f26
[2025-06-26 10:44:40,934 I 2385551 2385551] (gcs_server) gcs_node_manager.cc:98: Finished registering node info, address = 192.168.10.101, node name = 192.168.10.101, is_head_node = 1 node_id=4d9dd6580e0620eebf03a30748ec8b9adba6bebb99a6cc0022da3f26
[2025-06-26 10:44:40,934 I 2385551 2385551] (gcs_server) gcs_placement_group_mgr.cc:851: A new node: 4d9dd6580e0620eebf03a30748ec8b9adba6bebb99a6cc0022da3f26 registered, will try to reschedule all the infeasible placement groups.
[2025-06-26 10:44:40,938 I 2385551 2385638] (gcs_server) ray_syncer.cc:244: Get connection node_id=4d9dd6580e0620eebf03a30748ec8b9adba6bebb99a6cc0022da3f26
[2025-06-26 10:44:42,262 I 2385551 2385551] (gcs_server) gcs_job_manager.cc:97: Adding job, job id = 01000000, driver pid = 2383114
[2025-06-26 10:44:42,262 I 2385551 2385551] (gcs_server) gcs_job_manager.cc:118: Finished adding job, job id = 01000000, driver pid = 2383114
[2025-06-26 10:44:42,327 I 2385551 2385551] (gcs_server) gcs_actor_manager.cc:403: Registering actor job_id=01000000 actor_id=e9ebcff5f3beecb28255a49101000000
[2025-06-26 10:44:42,327 I 2385551 2385551] (gcs_server) gcs_actor_manager.cc:408: Registered actor, job id = 01000000, actor id = e9ebcff5f3beecb28255a49101000000
[2025-06-26 10:44:42,328 I 2385551 2385551] (gcs_server) gcs_actor_manager.cc:515: Creating actor job_id=01000000 actor_id=e9ebcff5f3beecb28255a49101000000
[2025-06-26 10:44:42,328 I 2385551 2385551] (gcs_server) gcs_actor_scheduler.cc:318: Start leasing worker from node 4d9dd6580e0620eebf03a30748ec8b9adba6bebb99a6cc0022da3f26 for actor e9ebcff5f3beecb28255a49101000000, job id = 01000000
[2025-06-26 10:44:42,329 I 2385551 2385551] (gcs_server) gcs_actor_scheduler.cc:642: Finished leasing worker from 4d9dd6580e0620eebf03a30748ec8b9adba6bebb99a6cc0022da3f26 for actor e9ebcff5f3beecb28255a49101000000, job id = 01000000
[2025-06-26 10:44:42,329 I 2385551 2385551] (gcs_server) gcs_actor_scheduler.cc:454: Start creating actor e9ebcff5f3beecb28255a49101000000 on worker 890e884893d33a7677e6c847bc9bdd55c7747c3efe6a4308f998012d at node 4d9dd6580e0620eebf03a30748ec8b9adba6bebb99a6cc0022da3f26, job id = 01000000
[2025-06-26 10:44:46,921 I 2385551 2385551] (gcs_server) gcs_actor_scheduler.cc:491: Finished actor creation task for actor e9ebcff5f3beecb28255a49101000000 on worker 890e884893d33a7677e6c847bc9bdd55c7747c3efe6a4308f998012d at node 4d9dd6580e0620eebf03a30748ec8b9adba6bebb99a6cc0022da3f26, job id = 01000000
[2025-06-26 10:44:46,921 I 2385551 2385551] (gcs_server) gcs_actor_manager.cc:1586: Actor created successfully job_id=01000000 actor_id=e9ebcff5f3beecb28255a49101000000
[2025-06-26 10:44:46,921 I 2385551 2385551] (gcs_server) gcs_actor_manager.cc:530: Finished creating actor. Status: OK job_id=01000000 actor_id=e9ebcff5f3beecb28255a49101000000
[2025-06-26 10:44:46,924 I 2385551 2385551] (gcs_server) gcs_actor_manager.cc:403: Registering actor job_id=01000000 actor_id=75c11f69a75878d1b07f0d3601000000
[2025-06-26 10:44:46,925 I 2385551 2385551] (gcs_server) gcs_actor_manager.cc:408: Registered actor, job id = 01000000, actor id = 75c11f69a75878d1b07f0d3601000000
[2025-06-26 10:44:46,925 I 2385551 2385551] (gcs_server) gcs_actor_manager.cc:515: Creating actor job_id=01000000 actor_id=75c11f69a75878d1b07f0d3601000000
[2025-06-26 10:44:46,925 I 2385551 2385551] (gcs_server) gcs_actor_scheduler.cc:318: Start leasing worker from node 4d9dd6580e0620eebf03a30748ec8b9adba6bebb99a6cc0022da3f26 for actor 75c11f69a75878d1b07f0d3601000000, job id = 01000000
[2025-06-26 10:44:46,926 I 2385551 2385551] (gcs_server) gcs_actor_scheduler.cc:642: Finished leasing worker from 4d9dd6580e0620eebf03a30748ec8b9adba6bebb99a6cc0022da3f26 for actor 75c11f69a75878d1b07f0d3601000000, job id = 01000000
[2025-06-26 10:44:46,926 I 2385551 2385551] (gcs_server) gcs_actor_scheduler.cc:454: Start creating actor 75c11f69a75878d1b07f0d3601000000 on worker fdc3c280f3758f1b4435309a866da1d09edbccbe9314030109892ff9 at node 4d9dd6580e0620eebf03a30748ec8b9adba6bebb99a6cc0022da3f26, job id = 01000000
[2025-06-26 10:44:48,910 W 2385551 2385575] (gcs_server) metric_exporter.cc:105: [1] Export metrics to agent failed: RpcError: RPC Error message: failed to connect to all addresses; last error: UNKNOWN: ipv4:127.0.0.1:61177: Failed to connect to remote host: Connection refused; RPC Error details:  rpc_code: 14. This won't affect Ray, but you can lose metrics from the cluster.
[2025-06-26 10:44:51,591 I 2385551 2385551] (gcs_server) gcs_actor_scheduler.cc:491: Finished actor creation task for actor 75c11f69a75878d1b07f0d3601000000 on worker fdc3c280f3758f1b4435309a866da1d09edbccbe9314030109892ff9 at node 4d9dd6580e0620eebf03a30748ec8b9adba6bebb99a6cc0022da3f26, job id = 01000000
[2025-06-26 10:44:51,591 I 2385551 2385551] (gcs_server) gcs_actor_manager.cc:1586: Actor created successfully job_id=01000000 actor_id=75c11f69a75878d1b07f0d3601000000
[2025-06-26 10:44:51,591 I 2385551 2385551] (gcs_server) gcs_actor_manager.cc:530: Finished creating actor. Status: OK job_id=01000000 actor_id=75c11f69a75878d1b07f0d3601000000
[2025-06-26 10:44:51,594 I 2385551 2385551] (gcs_server) gcs_actor_manager.cc:403: Registering actor job_id=01000000 actor_id=8fd7fed36a12f47d77daf2fa01000000
[2025-06-26 10:44:51,595 I 2385551 2385551] (gcs_server) gcs_actor_manager.cc:408: Registered actor, job id = 01000000, actor id = 8fd7fed36a12f47d77daf2fa01000000
[2025-06-26 10:44:51,595 I 2385551 2385551] (gcs_server) gcs_actor_manager.cc:515: Creating actor job_id=01000000 actor_id=8fd7fed36a12f47d77daf2fa01000000
[2025-06-26 10:44:51,595 I 2385551 2385551] (gcs_server) gcs_actor_scheduler.cc:318: Start leasing worker from node 4d9dd6580e0620eebf03a30748ec8b9adba6bebb99a6cc0022da3f26 for actor 8fd7fed36a12f47d77daf2fa01000000, job id = 01000000
[2025-06-26 10:44:51,596 I 2385551 2385551] (gcs_server) gcs_actor_scheduler.cc:642: Finished leasing worker from 4d9dd6580e0620eebf03a30748ec8b9adba6bebb99a6cc0022da3f26 for actor 8fd7fed36a12f47d77daf2fa01000000, job id = 01000000
[2025-06-26 10:44:51,596 I 2385551 2385551] (gcs_server) gcs_actor_scheduler.cc:454: Start creating actor 8fd7fed36a12f47d77daf2fa01000000 on worker c3ae66f0d152c1af968f8a1df3da750ae4572a9dcf94eba188775d86 at node 4d9dd6580e0620eebf03a30748ec8b9adba6bebb99a6cc0022da3f26, job id = 01000000
[2025-06-26 10:44:56,222 I 2385551 2385551] (gcs_server) gcs_actor_scheduler.cc:491: Finished actor creation task for actor 8fd7fed36a12f47d77daf2fa01000000 on worker c3ae66f0d152c1af968f8a1df3da750ae4572a9dcf94eba188775d86 at node 4d9dd6580e0620eebf03a30748ec8b9adba6bebb99a6cc0022da3f26, job id = 01000000
[2025-06-26 10:44:56,222 I 2385551 2385551] (gcs_server) gcs_actor_manager.cc:1586: Actor created successfully job_id=01000000 actor_id=8fd7fed36a12f47d77daf2fa01000000
[2025-06-26 10:44:56,222 I 2385551 2385551] (gcs_server) gcs_actor_manager.cc:530: Finished creating actor. Status: OK job_id=01000000 actor_id=8fd7fed36a12f47d77daf2fa01000000
[2025-06-26 10:44:56,225 I 2385551 2385551] (gcs_server) gcs_actor_manager.cc:403: Registering actor job_id=01000000 actor_id=2fc102b6314a39dd736b102c01000000
[2025-06-26 10:44:56,226 I 2385551 2385551] (gcs_server) gcs_actor_manager.cc:408: Registered actor, job id = 01000000, actor id = 2fc102b6314a39dd736b102c01000000
[2025-06-26 10:44:56,226 I 2385551 2385551] (gcs_server) gcs_actor_manager.cc:515: Creating actor job_id=01000000 actor_id=2fc102b6314a39dd736b102c01000000
[2025-06-26 10:44:56,226 I 2385551 2385551] (gcs_server) gcs_actor_scheduler.cc:318: Start leasing worker from node 4d9dd6580e0620eebf03a30748ec8b9adba6bebb99a6cc0022da3f26 for actor 2fc102b6314a39dd736b102c01000000, job id = 01000000
[2025-06-26 10:44:56,227 I 2385551 2385551] (gcs_server) gcs_actor_scheduler.cc:642: Finished leasing worker from 4d9dd6580e0620eebf03a30748ec8b9adba6bebb99a6cc0022da3f26 for actor 2fc102b6314a39dd736b102c01000000, job id = 01000000
[2025-06-26 10:44:56,227 I 2385551 2385551] (gcs_server) gcs_actor_scheduler.cc:454: Start creating actor 2fc102b6314a39dd736b102c01000000 on worker 8236ddbd6d9a2ca3cb7fd0e07027e45d4f6449c65cc3437e193ece1c at node 4d9dd6580e0620eebf03a30748ec8b9adba6bebb99a6cc0022da3f26, job id = 01000000
[2025-06-26 10:45:00,843 I 2385551 2385551] (gcs_server) gcs_actor_scheduler.cc:491: Finished actor creation task for actor 2fc102b6314a39dd736b102c01000000 on worker 8236ddbd6d9a2ca3cb7fd0e07027e45d4f6449c65cc3437e193ece1c at node 4d9dd6580e0620eebf03a30748ec8b9adba6bebb99a6cc0022da3f26, job id = 01000000
[2025-06-26 10:45:00,843 I 2385551 2385551] (gcs_server) gcs_actor_manager.cc:1586: Actor created successfully job_id=01000000 actor_id=2fc102b6314a39dd736b102c01000000
[2025-06-26 10:45:00,843 I 2385551 2385551] (gcs_server) gcs_actor_manager.cc:530: Finished creating actor. Status: OK job_id=01000000 actor_id=2fc102b6314a39dd736b102c01000000
[2025-06-26 10:45:00,847 I 2385551 2385551] (gcs_server) gcs_actor_manager.cc:403: Registering actor job_id=01000000 actor_id=e581bbf6fee0e70b04e777c201000000
[2025-06-26 10:45:00,847 I 2385551 2385551] (gcs_server) gcs_actor_manager.cc:408: Registered actor, job id = 01000000, actor id = e581bbf6fee0e70b04e777c201000000
[2025-06-26 10:45:00,847 I 2385551 2385551] (gcs_server) gcs_actor_manager.cc:515: Creating actor job_id=01000000 actor_id=e581bbf6fee0e70b04e777c201000000
[2025-06-26 10:45:00,847 I 2385551 2385551] (gcs_server) gcs_actor_scheduler.cc:318: Start leasing worker from node 4d9dd6580e0620eebf03a30748ec8b9adba6bebb99a6cc0022da3f26 for actor e581bbf6fee0e70b04e777c201000000, job id = 01000000
[2025-06-26 10:45:00,848 I 2385551 2385551] (gcs_server) gcs_actor_scheduler.cc:642: Finished leasing worker from 4d9dd6580e0620eebf03a30748ec8b9adba6bebb99a6cc0022da3f26 for actor e581bbf6fee0e70b04e777c201000000, job id = 01000000
[2025-06-26 10:45:00,848 I 2385551 2385551] (gcs_server) gcs_actor_scheduler.cc:454: Start creating actor e581bbf6fee0e70b04e777c201000000 on worker e3787d0dfea2e29597c6542fa3510110419ca9e7e024f208f8a1bf97 at node 4d9dd6580e0620eebf03a30748ec8b9adba6bebb99a6cc0022da3f26, job id = 01000000
[2025-06-26 10:45:05,440 I 2385551 2385551] (gcs_server) gcs_actor_scheduler.cc:491: Finished actor creation task for actor e581bbf6fee0e70b04e777c201000000 on worker e3787d0dfea2e29597c6542fa3510110419ca9e7e024f208f8a1bf97 at node 4d9dd6580e0620eebf03a30748ec8b9adba6bebb99a6cc0022da3f26, job id = 01000000
[2025-06-26 10:45:05,440 I 2385551 2385551] (gcs_server) gcs_actor_manager.cc:1586: Actor created successfully job_id=01000000 actor_id=e581bbf6fee0e70b04e777c201000000
[2025-06-26 10:45:05,440 I 2385551 2385551] (gcs_server) gcs_actor_manager.cc:530: Finished creating actor. Status: OK job_id=01000000 actor_id=e581bbf6fee0e70b04e777c201000000
[2025-06-26 10:45:05,444 I 2385551 2385551] (gcs_server) gcs_actor_manager.cc:403: Registering actor job_id=01000000 actor_id=0343694543e0e60f1202942201000000
[2025-06-26 10:45:05,444 I 2385551 2385551] (gcs_server) gcs_actor_manager.cc:408: Registered actor, job id = 01000000, actor id = 0343694543e0e60f1202942201000000
[2025-06-26 10:45:05,444 I 2385551 2385551] (gcs_server) gcs_actor_manager.cc:515: Creating actor job_id=01000000 actor_id=0343694543e0e60f1202942201000000
[2025-06-26 10:45:05,444 I 2385551 2385551] (gcs_server) gcs_actor_scheduler.cc:318: Start leasing worker from node 4d9dd6580e0620eebf03a30748ec8b9adba6bebb99a6cc0022da3f26 for actor 0343694543e0e60f1202942201000000, job id = 01000000
[2025-06-26 10:45:05,445 I 2385551 2385551] (gcs_server) gcs_actor_scheduler.cc:642: Finished leasing worker from 4d9dd6580e0620eebf03a30748ec8b9adba6bebb99a6cc0022da3f26 for actor 0343694543e0e60f1202942201000000, job id = 01000000
[2025-06-26 10:45:05,445 I 2385551 2385551] (gcs_server) gcs_actor_scheduler.cc:454: Start creating actor 0343694543e0e60f1202942201000000 on worker db9ea01742fa8b0600a8df3c325a3e7eb9badd08ebf75d0dec9cf194 at node 4d9dd6580e0620eebf03a30748ec8b9adba6bebb99a6cc0022da3f26, job id = 01000000
[2025-06-26 10:45:10,037 I 2385551 2385551] (gcs_server) gcs_actor_scheduler.cc:491: Finished actor creation task for actor 0343694543e0e60f1202942201000000 on worker db9ea01742fa8b0600a8df3c325a3e7eb9badd08ebf75d0dec9cf194 at node 4d9dd6580e0620eebf03a30748ec8b9adba6bebb99a6cc0022da3f26, job id = 01000000
[2025-06-26 10:45:10,038 I 2385551 2385551] (gcs_server) gcs_actor_manager.cc:1586: Actor created successfully job_id=01000000 actor_id=0343694543e0e60f1202942201000000
[2025-06-26 10:45:10,038 I 2385551 2385551] (gcs_server) gcs_actor_manager.cc:530: Finished creating actor. Status: OK job_id=01000000 actor_id=0343694543e0e60f1202942201000000
[2025-06-26 10:45:10,041 I 2385551 2385551] (gcs_server) gcs_actor_manager.cc:403: Registering actor job_id=01000000 actor_id=79a97831a6692843958ceeb601000000
[2025-06-26 10:45:10,042 I 2385551 2385551] (gcs_server) gcs_actor_manager.cc:408: Registered actor, job id = 01000000, actor id = 79a97831a6692843958ceeb601000000
[2025-06-26 10:45:10,042 I 2385551 2385551] (gcs_server) gcs_actor_manager.cc:515: Creating actor job_id=01000000 actor_id=79a97831a6692843958ceeb601000000
[2025-06-26 10:45:10,042 I 2385551 2385551] (gcs_server) gcs_actor_scheduler.cc:318: Start leasing worker from node 4d9dd6580e0620eebf03a30748ec8b9adba6bebb99a6cc0022da3f26 for actor 79a97831a6692843958ceeb601000000, job id = 01000000
[2025-06-26 10:45:10,043 I 2385551 2385551] (gcs_server) gcs_actor_scheduler.cc:642: Finished leasing worker from 4d9dd6580e0620eebf03a30748ec8b9adba6bebb99a6cc0022da3f26 for actor 79a97831a6692843958ceeb601000000, job id = 01000000
[2025-06-26 10:45:10,043 I 2385551 2385551] (gcs_server) gcs_actor_scheduler.cc:454: Start creating actor 79a97831a6692843958ceeb601000000 on worker fea67c3ed22bdf8dbca7c4f1e5a4886a028d60f284c565e0517ece93 at node 4d9dd6580e0620eebf03a30748ec8b9adba6bebb99a6cc0022da3f26, job id = 01000000
[2025-06-26 10:45:14,686 I 2385551 2385551] (gcs_server) gcs_actor_scheduler.cc:491: Finished actor creation task for actor 79a97831a6692843958ceeb601000000 on worker fea67c3ed22bdf8dbca7c4f1e5a4886a028d60f284c565e0517ece93 at node 4d9dd6580e0620eebf03a30748ec8b9adba6bebb99a6cc0022da3f26, job id = 01000000
[2025-06-26 10:45:14,686 I 2385551 2385551] (gcs_server) gcs_actor_manager.cc:1586: Actor created successfully job_id=01000000 actor_id=79a97831a6692843958ceeb601000000
[2025-06-26 10:45:14,686 I 2385551 2385551] (gcs_server) gcs_actor_manager.cc:530: Finished creating actor. Status: OK job_id=01000000 actor_id=79a97831a6692843958ceeb601000000
[2025-06-26 10:45:14,690 I 2385551 2385551] (gcs_server) gcs_actor_manager.cc:403: Registering actor job_id=01000000 actor_id=0e987cbddf20393e67cb7e5901000000
[2025-06-26 10:45:14,690 I 2385551 2385551] (gcs_server) gcs_actor_manager.cc:408: Registered actor, job id = 01000000, actor id = 0e987cbddf20393e67cb7e5901000000
[2025-06-26 10:45:14,690 I 2385551 2385551] (gcs_server) gcs_actor_manager.cc:515: Creating actor job_id=01000000 actor_id=0e987cbddf20393e67cb7e5901000000
[2025-06-26 10:45:14,690 I 2385551 2385551] (gcs_server) gcs_actor_scheduler.cc:318: Start leasing worker from node 4d9dd6580e0620eebf03a30748ec8b9adba6bebb99a6cc0022da3f26 for actor 0e987cbddf20393e67cb7e5901000000, job id = 01000000
[2025-06-26 10:45:14,691 I 2385551 2385551] (gcs_server) gcs_actor_scheduler.cc:642: Finished leasing worker from 4d9dd6580e0620eebf03a30748ec8b9adba6bebb99a6cc0022da3f26 for actor 0e987cbddf20393e67cb7e5901000000, job id = 01000000
[2025-06-26 10:45:14,691 I 2385551 2385551] (gcs_server) gcs_actor_scheduler.cc:454: Start creating actor 0e987cbddf20393e67cb7e5901000000 on worker cbe7d840d5ea8fc9d204fcd531fa290dd6558bf2c01b5c34523dd206 at node 4d9dd6580e0620eebf03a30748ec8b9adba6bebb99a6cc0022da3f26, job id = 01000000
[2025-06-26 10:45:19,422 I 2385551 2385551] (gcs_server) gcs_actor_scheduler.cc:491: Finished actor creation task for actor 0e987cbddf20393e67cb7e5901000000 on worker cbe7d840d5ea8fc9d204fcd531fa290dd6558bf2c01b5c34523dd206 at node 4d9dd6580e0620eebf03a30748ec8b9adba6bebb99a6cc0022da3f26, job id = 01000000
[2025-06-26 10:45:19,422 I 2385551 2385551] (gcs_server) gcs_actor_manager.cc:1586: Actor created successfully job_id=01000000 actor_id=0e987cbddf20393e67cb7e5901000000
[2025-06-26 10:45:19,422 I 2385551 2385551] (gcs_server) gcs_actor_manager.cc:530: Finished creating actor. Status: OK job_id=01000000 actor_id=0e987cbddf20393e67cb7e5901000000
[2025-06-26 10:45:39,104 I 2385551 2385551] (gcs_server) gcs_server.cc:249: Gcs Debug state:

GcsNodeManager: 
- RegisterNode request count: 1
- DrainNode request count: 0
- GetAllNodeInfo request count: 196

GcsActorManager: 
- RegisterActor request count: 8
- CreateActor request count: 8
- GetActorInfo request count: 8
- GetNamedActorInfo request count: 0
- GetAllActorInfo request count: 0
- KillActor request count: 0
- ListNamedActors request count: 0
- Registered actors count: 8
- Destroyed actors count: 0
- Named actors count: 0
- Unresolved actors count: 0
- Pending actors count: 0
- Created actors count: 1
- owners_: 1
- actor_to_register_callbacks_: 0
- actor_to_restart_for_lineage_reconstruction_callbacks_: 0
- actor_to_create_callbacks_: 0
- sorted_destroyed_actor_list_: 0

GcsResourceManager: 
- GetAllAvailableResources request count: 1
- GetAllTotalResources request count: 0
- GetAllResourceUsage request count: 12

GcsPlacementGroupManager: 
- CreatePlacementGroup request count: 0
- RemovePlacementGroup request count: 0
- GetPlacementGroup request count: 0
- GetAllPlacementGroup request count: 0
- WaitPlacementGroupUntilReady request count: 0
- GetNamedPlacementGroup request count: 0
- Scheduling pending placement group count: 0
- Registered placement groups count: 0
- Named placement group count: 0
- Pending placement groups count: 0
- Infeasible placement groups count: 0

Publisher:
GCS_ACTOR_CHANNEL
- cumulative published messages: 24
- cumulative published bytes: 8376
- current buffered bytes: 1400
GCS_JOB_CHANNEL
- cumulative published messages: 1
- cumulative published bytes: 302
- current buffered bytes: 302
GCS_NODE_INFO_CHANNEL
- cumulative published messages: 1
- cumulative published bytes: 607
- current buffered bytes: 0
RAY_LOG_CHANNEL
- cumulative published messages: 13
- cumulative published bytes: 12966
- current buffered bytes: 894

[runtime env manager] ID to URIs table:
[runtime env manager] URIs reference table:

GcsTaskManager: 
-Total num task events reported: 84
-Total num status task events dropped: 0
-Total num profile events dropped: 0
-Current num of task events stored: 26
-Total num of actor creation tasks: 8
-Total num of actor tasks: 17
-Total num of normal tasks: 0
-Total num of driver tasks: 1

GcsAutoscalerStateManager: 
- last_seen_autoscaler_state_version_: 0
- last_cluster_resource_state_version_: 12
- pending demands:



[2025-06-26 10:45:39,104 I 2385551 2385551] (gcs_server) gcs_server.cc:870: Main service Event stats:


Global stats: 2469 total (12 active)
Queueing time: mean = 745.730 us, max = 199.929 ms, min = 86.000 ns, total = 1.841 s
Execution time:  mean = 30.284 ms, total = 74.772 s
Event stats:
	GcsInMemoryStore.Put - 252 total (0 active), Execution time: mean = 813.191 us, total = 204.924 ms, Queueing time: mean = 5.559 ms, max = 199.594 ms, min = 975.000 ns, total = 1.401 s
	event_loop_lag_probe - 242 total (0 active), Execution time: mean = 11.214 us, total = 2.714 ms, Queueing time: mean = 33.028 us, max = 7.070 ms, min = 909.000 ns, total = 7.993 ms
	GcsInMemoryStore.Get - 227 total (0 active), Execution time: mean = 13.137 us, total = 2.982 ms, Queueing time: mean = 4.192 us, max = 34.822 us, min = 1.022 us, total = 951.642 us
	InternalKVGcsService.grpc_server.InternalKVGet - 226 total (0 active), Execution time: mean = 210.271 us, total = 47.521 ms, Queueing time: mean = 0.000 s, max = -0.000 s, min = 9223372036.855 s, total = 0.000 s
	InternalKVGcsService.grpc_server.InternalKVGet.HandleRequestImpl - 226 total (0 active), Execution time: mean = 16.391 us, total = 3.704 ms, Queueing time: mean = 31.743 us, max = 1.458 ms, min = 5.920 us, total = 7.174 ms
	NodeInfoGcsService.grpc_server.GetAllNodeInfo.HandleRequestImpl - 196 total (0 active), Execution time: mean = 23.044 us, total = 4.517 ms, Queueing time: mean = 23.143 us, max = 440.843 us, min = 1.449 us, total = 4.536 ms
	NodeInfoGcsService.grpc_server.GetAllNodeInfo - 196 total (0 active), Execution time: mean = 207.114 us, total = 40.594 ms, Queueing time: mean = 0.000 s, max = -0.000 s, min = 9223372036.855 s, total = 0.000 s
	NodeInfoGcsService.grpc_server.GetClusterId - 101 total (0 active), Execution time: mean = 335.168 us, total = 33.852 ms, Queueing time: mean = 0.000 s, max = -0.000 s, min = 9223372036.855 s, total = 0.000 s
	NodeInfoGcsService.grpc_server.GetClusterId.HandleRequestImpl - 101 total (0 active), Execution time: mean = 26.963 us, total = 2.723 ms, Queueing time: mean = 58.515 us, max = 1.276 ms, min = 4.309 us, total = 5.910 ms
	WorkerInfoGcsService.grpc_server.AddWorkerInfo.HandleRequestImpl - 97 total (0 active), Execution time: mean = 15.140 us, total = 1.469 ms, Queueing time: mean = 28.415 us, max = 446.282 us, min = 7.217 us, total = 2.756 ms
	WorkerInfoGcsService.grpc_server.AddWorkerInfo - 97 total (0 active), Execution time: mean = 186.375 us, total = 18.078 ms, Queueing time: mean = 0.000 s, max = -0.000 s, min = 9223372036.855 s, total = 0.000 s
	RayletLoadPulled - 60 total (1 active), Execution time: mean = 121.280 us, total = 7.277 ms, Queueing time: mean = 35.513 us, max = 513.104 us, min = 8.292 us, total = 2.131 ms
	NodeManagerService.grpc_client.GetResourceLoad.OnReplyReceived - 58 total (0 active), Execution time: mean = 35.239 us, total = 2.044 ms, Queueing time: mean = 31.988 us, max = 407.510 us, min = 15.369 us, total = 1.855 ms
	NodeManagerService.grpc_client.GetResourceLoad - 58 total (0 active), Execution time: mean = 586.889 us, total = 34.040 ms, Queueing time: mean = 0.000 s, max = -0.000 s, min = 9223372036.855 s, total = 0.000 s
	InternalKVGcsService.grpc_server.InternalKVPut.HandleRequestImpl - 40 total (0 active), Execution time: mean = 13.430 us, total = 537.190 us, Queueing time: mean = 29.758 us, max = 192.076 us, min = 12.317 us, total = 1.190 ms
	InternalKVGcsService.grpc_server.InternalKVPut - 40 total (0 active), Execution time: mean = 303.530 us, total = 12.141 ms, Queueing time: mean = 0.000 s, max = -0.000 s, min = 9223372036.855 s, total = 0.000 s
	ClusterResourceManager.ResetRemoteNodeView - 21 total (1 active), Execution time: mean = 5.712 us, total = 119.958 us, Queueing time: mean = 26.765 us, max = 69.550 us, min = 16.002 us, total = 562.062 us
	HealthCheck - 15 total (0 active), Execution time: mean = 3.214 us, total = 48.216 us, Queueing time: mean = 26.513 us, max = 50.941 us, min = 16.873 us, total = 397.688 us
	NodeInfoGcsService.grpc_server.CheckAlive - 13 total (0 active), Execution time: mean = 200.951 us, total = 2.612 ms, Queueing time: mean = 0.000 s, max = -0.000 s, min = 9223372036.855 s, total = 0.000 s
	NodeInfoGcsService.grpc_server.CheckAlive.HandleRequestImpl - 13 total (0 active), Execution time: mean = 14.694 us, total = 191.016 us, Queueing time: mean = 35.683 us, max = 179.711 us, min = 17.656 us, total = 463.884 us
	NodeResourceInfoGcsService.grpc_server.GetAllResourceUsage - 12 total (0 active), Execution time: mean = 248.239 us, total = 2.979 ms, Queueing time: mean = 0.000 s, max = -0.000 s, min = 9223372036.855 s, total = 0.000 s
	AutoscalerStateService.grpc_server.GetClusterResourceState - 12 total (0 active), Execution time: mean = 209.776 us, total = 2.517 ms, Queueing time: mean = 0.000 s, max = -0.000 s, min = 9223372036.855 s, total = 0.000 s
	AutoscalerStateService.grpc_server.GetClusterResourceState.HandleRequestImpl - 12 total (0 active), Execution time: mean = 26.119 us, total = 313.426 us, Queueing time: mean = 21.851 us, max = 46.582 us, min = 16.083 us, total = 262.208 us
	NodeResourceInfoGcsService.grpc_server.GetAllResourceUsage.HandleRequestImpl - 12 total (0 active), Execution time: mean = 43.244 us, total = 518.932 us, Queueing time: mean = 28.720 us, max = 46.341 us, min = 18.826 us, total = 344.644 us
	GcsResourceManager::Update - 9 total (0 active), Execution time: mean = 42.477 us, total = 382.295 us, Queueing time: mean = 14.530 us, max = 46.379 us, min = 3.066 us, total = 130.767 us
	GcsHealthCheckManager::MarkNodeHealthy - 9 total (0 active), Execution time: mean = 1.656 us, total = 14.905 us, Queueing time: mean = 27.065 us, max = 54.686 us, min = 16.098 us, total = 243.587 us
	ActorInfoGcsService.grpc_server.RegisterActor - 8 total (0 active), Execution time: mean = 422.471 us, total = 3.380 ms, Queueing time: mean = 0.000 s, max = -0.000 s, min = 9223372036.855 s, total = 0.000 s
	ActorInfoGcsService.grpc_server.GetActorInfo.HandleRequestImpl - 8 total (0 active), Execution time: mean = 11.672 us, total = 93.373 us, Queueing time: mean = 19.061 us, max = 25.559 us, min = 13.705 us, total = 152.486 us
	ActorInfoGcsService.grpc_server.RegisterActor.HandleRequestImpl - 8 total (0 active), Execution time: mean = 221.101 us, total = 1.769 ms, Queueing time: mean = 19.413 us, max = 25.465 us, min = 15.295 us, total = 155.304 us
	NodeManagerService.grpc_client.RequestWorkerLease.OnReplyReceived - 8 total (0 active), Execution time: mean = 160.323 us, total = 1.283 ms, Queueing time: mean = 18.285 us, max = 23.942 us, min = 15.469 us, total = 146.284 us
	ActorInfoGcsService.grpc_server.CreateActor - 8 total (0 active), Execution time: mean = 4.633 s, total = 37.066 s, Queueing time: mean = 0.000 s, max = -0.000 s, min = 9223372036.855 s, total = 0.000 s
	ActorInfoGcsService.grpc_server.GetActorInfo - 8 total (0 active), Execution time: mean = 165.296 us, total = 1.322 ms, Queueing time: mean = 0.000 s, max = -0.000 s, min = 9223372036.855 s, total = 0.000 s
	CoreWorkerService.grpc_client.WaitForActorRefDeleted - 8 total (8 active), Execution time: mean = 0.000 s, total = 0.000 s, Queueing time: mean = 0.000 s, max = -0.000 s, min = 9223372036.855 s, total = 0.000 s
	CoreWorkerService.grpc_client.PushTask - 8 total (0 active), Execution time: mean = 4.632 s, total = 37.054 s, Queueing time: mean = 0.000 s, max = -0.000 s, min = 9223372036.855 s, total = 0.000 s
	ActorInfoGcsService.grpc_server.CreateActor.HandleRequestImpl - 8 total (0 active), Execution time: mean = 173.522 us, total = 1.388 ms, Queueing time: mean = 16.282 us, max = 20.777 us, min = 11.654 us, total = 130.255 us
	NodeManagerService.grpc_client.RequestWorkerLease - 8 total (0 active), Execution time: mean = 595.890 us, total = 4.767 ms, Queueing time: mean = 0.000 s, max = -0.000 s, min = 9223372036.855 s, total = 0.000 s
	CoreWorkerService.grpc_client.PushTask.OnReplyReceived - 8 total (0 active), Execution time: mean = 302.234 us, total = 2.418 ms, Queueing time: mean = 44.718 us, max = 190.792 us, min = 22.404 us, total = 357.744 us
	GCSServer.deadline_timer.debug_state_dump - 6 total (1 active), Execution time: mean = 535.167 us, total = 3.211 ms, Queueing time: mean = 19.229 us, max = 29.110 us, min = 16.857 us, total = 115.372 us
	GcsInMemoryStore.GetAll - 6 total (0 active), Execution time: mean = 8.453 us, total = 50.719 us, Queueing time: mean = 23.273 us, max = 28.446 us, min = 1.876 us, total = 139.635 us
	PeriodicalRunner.RunFnPeriodically - 4 total (0 active), Execution time: mean = 119.513 us, total = 478.054 us, Queueing time: mean = 100.515 ms, max = 199.929 ms, min = 983.464 us, total = 402.060 ms
	JobInfoGcsService.grpc_server.GetNextJobID - 1 total (0 active), Execution time: mean = 297.491 us, total = 297.491 us, Queueing time: mean = 0.000 s, max = -0.000 s, min = 9223372036.855 s, total = 0.000 s
	InternalKVGcsService.grpc_server.GetInternalConfig.HandleRequestImpl - 1 total (0 active), Execution time: mean = 31.980 us, total = 31.980 us, Queueing time: mean = 28.118 us, max = 28.118 us, min = 28.118 us, total = 28.118 us
	GcsInMemoryStore.GetNextJobID - 1 total (0 active), Execution time: mean = 5.628 us, total = 5.628 us, Queueing time: mean = 2.818 us, max = 2.818 us, min = 2.818 us, total = 2.818 us
	NodeResourceInfoGcsService.grpc_server.GetAllAvailableResources - 1 total (0 active), Execution time: mean = 150.412 us, total = 150.412 us, Queueing time: mean = 0.000 s, max = -0.000 s, min = 9223372036.855 s, total = 0.000 s
	NodeInfoGcsService.grpc_server.RegisterNode - 1 total (0 active), Execution time: mean = 601.523 us, total = 601.523 us, Queueing time: mean = 0.000 s, max = -0.000 s, min = 9223372036.855 s, total = 0.000 s
	JobInfoGcsService.grpc_server.AddJob.HandleRequestImpl - 1 total (0 active), Execution time: mean = 53.321 us, total = 53.321 us, Queueing time: mean = 16.244 us, max = 16.244 us, min = 16.244 us, total = 16.244 us
	NodeResourceInfoGcsService.grpc_server.GetAllAvailableResources.HandleRequestImpl - 1 total (0 active), Execution time: mean = 20.196 us, total = 20.196 us, Queueing time: mean = 18.996 us, max = 18.996 us, min = 18.996 us, total = 18.996 us
	JobInfoGcsService.grpc_server.GetNextJobID.HandleRequestImpl - 1 total (0 active), Execution time: mean = 5.597 us, total = 5.597 us, Queueing time: mean = 20.200 us, max = 20.200 us, min = 20.200 us, total = 20.200 us
	JobInfoGcsService.grpc_server.GetAllJobInfo.HandleRequestImpl - 1 total (0 active), Execution time: mean = 8.917 us, total = 8.917 us, Queueing time: mean = 18.170 us, max = 18.170 us, min = 18.170 us, total = 18.170 us
	InternalKVGcsService.grpc_server.InternalKVDel.HandleRequestImpl - 1 total (0 active), Execution time: mean = 22.049 us, total = 22.049 us, Queueing time: mean = 18.780 us, max = 18.780 us, min = 18.780 us, total = 18.780 us
	GcsHealthCheckManager::AddNode - 1 total (0 active), Execution time: mean = 6.215 us, total = 6.215 us, Queueing time: mean = 206.000 ns, max = 206.000 ns, min = 206.000 ns, total = 206.000 ns
	InternalKVGcsService.grpc_server.GetInternalConfig - 1 total (0 active), Execution time: mean = 227.221 us, total = 227.221 us, Queueing time: mean = 0.000 s, max = -0.000 s, min = 9223372036.855 s, total = 0.000 s
	JobInfoGcsService.grpc_server.AddJob - 1 total (0 active), Execution time: mean = 226.415 us, total = 226.415 us, Queueing time: mean = 0.000 s, max = -0.000 s, min = 9223372036.855 s, total = 0.000 s
	GcsServer.GetOrGenerateClusterId.continuation - 1 total (0 active), Execution time: mean = 199.938 ms, total = 199.938 ms, Queueing time: mean = 86.000 ns, max = 86.000 ns, min = 86.000 ns, total = 86.000 ns
	GcsInitData::AsyncLoad - 1 total (0 active), Execution time: mean = 14.981 us, total = 14.981 us, Queueing time: mean = 233.000 ns, max = 233.000 ns, min = 233.000 ns, total = 233.000 ns
	GcsInMemoryStore.Delete - 1 total (0 active), Execution time: mean = 6.985 us, total = 6.985 us, Queueing time: mean = 1.882 us, max = 1.882 us, min = 1.882 us, total = 1.882 us
	NodeInfoGcsService.grpc_server.RegisterNode.HandleRequestImpl - 1 total (0 active), Execution time: mean = 73.018 us, total = 73.018 us, Queueing time: mean = 25.605 us, max = 25.605 us, min = 25.605 us, total = 25.605 us
	InternalKVGcsService.grpc_server.InternalKVDel - 1 total (0 active), Execution time: mean = 510.419 us, total = 510.419 us, Queueing time: mean = 0.000 s, max = -0.000 s, min = 9223372036.855 s, total = 0.000 s
	JobInfoGcsService.grpc_server.GetAllJobInfo - 1 total (0 active), Execution time: mean = 190.501 us, total = 190.501 us, Queueing time: mean = 0.000 s, max = -0.000 s, min = 9223372036.855 s, total = 0.000 s
	GCSServer.deadline_timer.debug_state_event_stats_print - 1 total (1 active, 1 running), Execution time: mean = 0.000 s, total = 0.000 s, Queueing time: mean = 0.000 s, max = -0.000 s, min = 9223372036.855 s, total = 0.000 s


[2025-06-26 10:45:39,104 I 2385551 2385551] (gcs_server) gcs_server.cc:874: task_io_context Event stats:


Global stats: 11474 total (1 active)
Queueing time: mean = 14.026 us, max = 1.675 ms, min = 1.348 us, total = 160.940 ms
Execution time:  mean = 84.702 us, total = 971.870 ms
Event stats:
	TaskInfoGcsService.grpc_server.AddTaskEventData - 5609 total (0 active), Execution time: mean = 163.246 us, total = 915.646 ms, Queueing time: mean = 0.000 s, max = -0.000 s, min = 9223372036.855 s, total = 0.000 s
	TaskInfoGcsService.grpc_server.AddTaskEventData.HandleRequestImpl - 5609 total (0 active), Execution time: mean = 9.451 us, total = 53.010 ms, Queueing time: mean = 28.201 us, max = 1.645 ms, min = 2.756 us, total = 158.180 ms
	event_loop_lag_probe - 242 total (0 active), Execution time: mean = 13.049 us, total = 3.158 ms, Queueing time: mean = 10.311 us, max = 1.675 ms, min = 1.348 us, total = 2.495 ms
	GcsTaskManager.GcJobSummary - 13 total (1 active), Execution time: mean = 3.932 us, total = 51.119 us, Queueing time: mean = 18.449 us, max = 29.653 us, min = 13.735 us, total = 239.837 us
	PeriodicalRunner.RunFnPeriodically - 1 total (0 active), Execution time: mean = 4.529 us, total = 4.529 us, Queueing time: mean = 24.402 us, max = 24.402 us, min = 24.402 us, total = 24.402 us


[2025-06-26 10:45:39,104 I 2385551 2385551] (gcs_server) gcs_server.cc:874: pubsub_io_context Event stats:


Global stats: 762 total (101 active)
Queueing time: mean = 20.647 us, max = 1.607 ms, min = 2.098 us, total = 15.733 ms
Execution time:  mean = 119.674 ms, total = 91.191 s
Event stats:
	event_loop_lag_probe - 242 total (0 active), Execution time: mean = 15.385 us, total = 3.723 ms, Queueing time: mean = 6.781 us, max = 488.679 us, min = 2.098 us, total = 1.641 ms
	InternalPubSubGcsService.grpc_server.GcsSubscriberPoll - 137 total (100 active), Execution time: mean = 665.333 ms, total = 91.151 s, Queueing time: mean = 0.000 s, max = -0.000 s, min = 9223372036.855 s, total = 0.000 s
	InternalPubSubGcsService.grpc_server.GcsSubscriberPoll.HandleRequestImpl - 137 total (0 active), Execution time: mean = 12.984 us, total = 1.779 ms, Queueing time: mean = 50.938 us, max = 1.607 ms, min = 3.698 us, total = 6.978 ms
	InternalPubSubGcsService.grpc_server.GcsSubscriberCommandBatch - 109 total (0 active), Execution time: mean = 258.668 us, total = 28.195 ms, Queueing time: mean = 0.000 s, max = -0.000 s, min = 9223372036.855 s, total = 0.000 s
	InternalPubSubGcsService.grpc_server.GcsSubscriberCommandBatch.HandleRequestImpl - 109 total (0 active), Execution time: mean = 29.795 us, total = 3.248 ms, Queueing time: mean = 59.911 us, max = 1.524 ms, min = 3.968 us, total = 6.530 ms
	InternalPubSubGcsService.grpc_server.GcsPublish - 13 total (0 active), Execution time: mean = 233.215 us, total = 3.032 ms, Queueing time: mean = 0.000 s, max = -0.000 s, min = 9223372036.855 s, total = 0.000 s
	InternalPubSubGcsService.grpc_server.GcsPublish.HandleRequestImpl - 13 total (0 active), Execution time: mean = 59.371 us, total = 771.826 us, Queueing time: mean = 43.258 us, max = 209.308 us, min = 17.182 us, total = 562.350 us
	Publisher.CheckDeadSubscribers - 1 total (1 active), Execution time: mean = 0.000 s, total = 0.000 s, Queueing time: mean = 0.000 s, max = -0.000 s, min = 9223372036.855 s, total = 0.000 s
	PeriodicalRunner.RunFnPeriodically - 1 total (0 active), Execution time: mean = 13.973 us, total = 13.973 us, Queueing time: mean = 21.178 us, max = 21.178 us, min = 21.178 us, total = 21.178 us


[2025-06-26 10:45:39,104 I 2385551 2385551] (gcs_server) gcs_server.cc:874: ray_syncer_io_context Event stats:


Global stats: 262 total (0 active)
Queueing time: mean = 13.137 us, max = 1.946 ms, min = 166.000 ns, total = 3.442 ms
Execution time:  mean = 15.138 us, total = 3.966 ms
Event stats:
	event_loop_lag_probe - 242 total (0 active), Execution time: mean = 14.193 us, total = 3.435 ms, Queueing time: mean = 12.333 us, max = 1.946 ms, min = 1.347 us, total = 2.985 ms
	 - 9 total (0 active), Execution time: mean = 49.332 us, total = 443.990 us, Queueing time: mean = 46.576 us, max = 178.174 us, min = 22.145 us, total = 419.182 us
	RaySyncer.BroadcastMessage - 9 total (0 active), Execution time: mean = 9.592 us, total = 86.327 us, Queueing time: mean = 355.444 ns, max = 522.000 ns, min = 166.000 ns, total = 3.199 us
	RaySyncerRegister - 2 total (0 active), Execution time: mean = 483.000 ns, total = 966.000 ns, Queueing time: mean = 17.390 us, max = 20.425 us, min = 14.355 us, total = 34.780 us


[2025-06-26 10:46:39,104 I 2385551 2385551] (gcs_server) gcs_server.cc:249: Gcs Debug state:

GcsNodeManager: 
- RegisterNode request count: 1
- DrainNode request count: 0
- GetAllNodeInfo request count: 196

GcsActorManager: 
- RegisterActor request count: 8
- CreateActor request count: 8
- GetActorInfo request count: 8
- GetNamedActorInfo request count: 0
- GetAllActorInfo request count: 0
- KillActor request count: 0
- ListNamedActors request count: 0
- Registered actors count: 8
- Destroyed actors count: 0
- Named actors count: 0
- Unresolved actors count: 0
- Pending actors count: 0
- Created actors count: 1
- owners_: 1
- actor_to_register_callbacks_: 0
- actor_to_restart_for_lineage_reconstruction_callbacks_: 0
- actor_to_create_callbacks_: 0
- sorted_destroyed_actor_list_: 0

GcsResourceManager: 
- GetAllAvailableResources request count: 1
- GetAllTotalResources request count: 0
- GetAllResourceUsage request count: 24

GcsPlacementGroupManager: 
- CreatePlacementGroup request count: 0
- RemovePlacementGroup request count: 0
- GetPlacementGroup request count: 0
- GetAllPlacementGroup request count: 0
- WaitPlacementGroupUntilReady request count: 0
- GetNamedPlacementGroup request count: 0
- Scheduling pending placement group count: 0
- Registered placement groups count: 0
- Named placement group count: 0
- Pending placement groups count: 0
- Infeasible placement groups count: 0

Publisher:
GCS_ACTOR_CHANNEL
- cumulative published messages: 24
- cumulative published bytes: 8376
- current buffered bytes: 1400
GCS_JOB_CHANNEL
- cumulative published messages: 1
- cumulative published bytes: 302
- current buffered bytes: 302
GCS_NODE_INFO_CHANNEL
- cumulative published messages: 1
- cumulative published bytes: 607
- current buffered bytes: 0
RAY_LOG_CHANNEL
- cumulative published messages: 25
- cumulative published bytes: 23694
- current buffered bytes: 894

[runtime env manager] ID to URIs table:
[runtime env manager] URIs reference table:

GcsTaskManager: 
-Total num task events reported: 84
-Total num status task events dropped: 0
-Total num profile events dropped: 0
-Current num of task events stored: 26
-Total num of actor creation tasks: 8
-Total num of actor tasks: 17
-Total num of normal tasks: 0
-Total num of driver tasks: 1

GcsAutoscalerStateManager: 
- last_seen_autoscaler_state_version_: 0
- last_cluster_resource_state_version_: 24
- pending demands:



[2025-06-26 10:46:39,105 I 2385551 2385551] (gcs_server) gcs_server.cc:870: Main service Event stats:


Global stats: 3190 total (12 active)
Queueing time: mean = 580.790 us, max = 199.929 ms, min = 86.000 ns, total = 1.853 s
Execution time:  mean = 23.461 ms, total = 74.841 s
Event stats:
	event_loop_lag_probe - 482 total (0 active), Execution time: mean = 11.608 us, total = 5.595 ms, Queueing time: mean = 18.582 us, max = 7.070 ms, min = 909.000 ns, total = 8.957 ms
	GcsInMemoryStore.Put - 348 total (0 active), Execution time: mean = 589.600 us, total = 205.181 ms, Queueing time: mean = 4.034 ms, max = 199.594 ms, min = 975.000 ns, total = 1.404 s
	GcsInMemoryStore.Get - 239 total (0 active), Execution time: mean = 12.979 us, total = 3.102 ms, Queueing time: mean = 4.111 us, max = 34.822 us, min = 1.022 us, total = 982.543 us
	InternalKVGcsService.grpc_server.InternalKVGet - 238 total (0 active), Execution time: mean = 208.646 us, total = 49.658 ms, Queueing time: mean = 0.000 s, max = -0.000 s, min = 9223372036.855 s, total = 0.000 s
	InternalKVGcsService.grpc_server.InternalKVGet.HandleRequestImpl - 238 total (0 active), Execution time: mean = 16.650 us, total = 3.963 ms, Queueing time: mean = 31.199 us, max = 1.458 ms, min = 5.920 us, total = 7.425 ms
	NodeInfoGcsService.grpc_server.GetAllNodeInfo.HandleRequestImpl - 196 total (0 active), Execution time: mean = 23.044 us, total = 4.517 ms, Queueing time: mean = 23.143 us, max = 440.843 us, min = 1.449 us, total = 4.536 ms
	NodeInfoGcsService.grpc_server.GetAllNodeInfo - 196 total (0 active), Execution time: mean = 207.114 us, total = 40.594 ms, Queueing time: mean = 0.000 s, max = -0.000 s, min = 9223372036.855 s, total = 0.000 s
	RayletLoadPulled - 120 total (1 active), Execution time: mean = 129.140 us, total = 15.497 ms, Queueing time: mean = 35.761 us, max = 513.104 us, min = 8.292 us, total = 4.291 ms
	NodeManagerService.grpc_client.GetResourceLoad - 118 total (0 active), Execution time: mean = 583.873 us, total = 68.897 ms, Queueing time: mean = 0.000 s, max = -0.000 s, min = 9223372036.855 s, total = 0.000 s
	NodeManagerService.grpc_client.GetResourceLoad.OnReplyReceived - 118 total (0 active), Execution time: mean = 35.642 us, total = 4.206 ms, Queueing time: mean = 30.975 us, max = 407.510 us, min = 15.369 us, total = 3.655 ms
	NodeInfoGcsService.grpc_server.GetClusterId - 101 total (0 active), Execution time: mean = 335.168 us, total = 33.852 ms, Queueing time: mean = 0.000 s, max = -0.000 s, min = 9223372036.855 s, total = 0.000 s
	NodeInfoGcsService.grpc_server.GetClusterId.HandleRequestImpl - 101 total (0 active), Execution time: mean = 26.963 us, total = 2.723 ms, Queueing time: mean = 58.515 us, max = 1.276 ms, min = 4.309 us, total = 5.910 ms
	WorkerInfoGcsService.grpc_server.AddWorkerInfo - 97 total (0 active), Execution time: mean = 186.375 us, total = 18.078 ms, Queueing time: mean = 0.000 s, max = -0.000 s, min = 9223372036.855 s, total = 0.000 s
	WorkerInfoGcsService.grpc_server.AddWorkerInfo.HandleRequestImpl - 97 total (0 active), Execution time: mean = 15.140 us, total = 1.469 ms, Queueing time: mean = 28.415 us, max = 446.282 us, min = 7.217 us, total = 2.756 ms
	InternalKVGcsService.grpc_server.InternalKVPut.HandleRequestImpl - 64 total (0 active), Execution time: mean = 13.884 us, total = 888.569 us, Queueing time: mean = 26.917 us, max = 192.076 us, min = 12.317 us, total = 1.723 ms
	InternalKVGcsService.grpc_server.InternalKVPut - 64 total (0 active), Execution time: mean = 244.108 us, total = 15.623 ms, Queueing time: mean = 0.000 s, max = -0.000 s, min = 9223372036.855 s, total = 0.000 s
	ClusterResourceManager.ResetRemoteNodeView - 41 total (1 active), Execution time: mean = 6.374 us, total = 261.331 us, Queueing time: mean = 35.014 us, max = 76.561 us, min = 16.002 us, total = 1.436 ms
	HealthCheck - 35 total (0 active), Execution time: mean = 3.435 us, total = 120.219 us, Queueing time: mean = 28.503 us, max = 62.266 us, min = 16.873 us, total = 997.614 us
	NodeInfoGcsService.grpc_server.CheckAlive.HandleRequestImpl - 26 total (0 active), Execution time: mean = 17.541 us, total = 456.058 us, Queueing time: mean = 38.283 us, max = 179.711 us, min = 17.656 us, total = 995.370 us
	NodeInfoGcsService.grpc_server.CheckAlive - 26 total (0 active), Execution time: mean = 260.809 us, total = 6.781 ms, Queueing time: mean = 0.000 s, max = -0.000 s, min = 9223372036.855 s, total = 0.000 s
	AutoscalerStateService.grpc_server.GetClusterResourceState - 24 total (0 active), Execution time: mean = 180.742 us, total = 4.338 ms, Queueing time: mean = 0.000 s, max = -0.000 s, min = 9223372036.855 s, total = 0.000 s
	AutoscalerStateService.grpc_server.GetClusterResourceState.HandleRequestImpl - 24 total (0 active), Execution time: mean = 25.532 us, total = 612.779 us, Queueing time: mean = 22.240 us, max = 51.509 us, min = 5.205 us, total = 533.755 us
	NodeResourceInfoGcsService.grpc_server.GetAllResourceUsage - 24 total (0 active), Execution time: mean = 244.228 us, total = 5.861 ms, Queueing time: mean = 0.000 s, max = -0.000 s, min = 9223372036.855 s, total = 0.000 s
	NodeResourceInfoGcsService.grpc_server.GetAllResourceUsage.HandleRequestImpl - 24 total (0 active), Execution time: mean = 44.778 us, total = 1.075 ms, Queueing time: mean = 32.944 us, max = 81.148 us, min = 17.061 us, total = 790.664 us
	GCSServer.deadline_timer.debug_state_dump - 12 total (1 active), Execution time: mean = 562.764 us, total = 6.753 ms, Queueing time: mean = 23.981 us, max = 56.778 us, min = 16.857 us, total = 287.767 us
	GcsHealthCheckManager::MarkNodeHealthy - 9 total (0 active), Execution time: mean = 1.656 us, total = 14.905 us, Queueing time: mean = 27.065 us, max = 54.686 us, min = 16.098 us, total = 243.587 us
	GcsResourceManager::Update - 9 total (0 active), Execution time: mean = 42.477 us, total = 382.295 us, Queueing time: mean = 14.530 us, max = 46.379 us, min = 3.066 us, total = 130.767 us
	ActorInfoGcsService.grpc_server.GetActorInfo.HandleRequestImpl - 8 total (0 active), Execution time: mean = 11.672 us, total = 93.373 us, Queueing time: mean = 19.061 us, max = 25.559 us, min = 13.705 us, total = 152.486 us
	ActorInfoGcsService.grpc_server.RegisterActor - 8 total (0 active), Execution time: mean = 422.471 us, total = 3.380 ms, Queueing time: mean = 0.000 s, max = -0.000 s, min = 9223372036.855 s, total = 0.000 s
	ActorInfoGcsService.grpc_server.RegisterActor.HandleRequestImpl - 8 total (0 active), Execution time: mean = 221.101 us, total = 1.769 ms, Queueing time: mean = 19.413 us, max = 25.465 us, min = 15.295 us, total = 155.304 us
	NodeManagerService.grpc_client.RequestWorkerLease.OnReplyReceived - 8 total (0 active), Execution time: mean = 160.323 us, total = 1.283 ms, Queueing time: mean = 18.285 us, max = 23.942 us, min = 15.469 us, total = 146.284 us
	ActorInfoGcsService.grpc_server.CreateActor - 8 total (0 active), Execution time: mean = 4.633 s, total = 37.066 s, Queueing time: mean = 0.000 s, max = -0.000 s, min = 9223372036.855 s, total = 0.000 s
	ActorInfoGcsService.grpc_server.CreateActor.HandleRequestImpl - 8 total (0 active), Execution time: mean = 173.522 us, total = 1.388 ms, Queueing time: mean = 16.282 us, max = 20.777 us, min = 11.654 us, total = 130.255 us
	CoreWorkerService.grpc_client.PushTask.OnReplyReceived - 8 total (0 active), Execution time: mean = 302.234 us, total = 2.418 ms, Queueing time: mean = 44.718 us, max = 190.792 us, min = 22.404 us, total = 357.744 us
	NodeManagerService.grpc_client.RequestWorkerLease - 8 total (0 active), Execution time: mean = 595.890 us, total = 4.767 ms, Queueing time: mean = 0.000 s, max = -0.000 s, min = 9223372036.855 s, total = 0.000 s
	ActorInfoGcsService.grpc_server.GetActorInfo - 8 total (0 active), Execution time: mean = 165.296 us, total = 1.322 ms, Queueing time: mean = 0.000 s, max = -0.000 s, min = 9223372036.855 s, total = 0.000 s
	CoreWorkerService.grpc_client.WaitForActorRefDeleted - 8 total (8 active), Execution time: mean = 0.000 s, total = 0.000 s, Queueing time: mean = 0.000 s, max = -0.000 s, min = 9223372036.855 s, total = 0.000 s
	CoreWorkerService.grpc_client.PushTask - 8 total (0 active), Execution time: mean = 4.632 s, total = 37.054 s, Queueing time: mean = 0.000 s, max = -0.000 s, min = 9223372036.855 s, total = 0.000 s
	GcsInMemoryStore.GetAll - 6 total (0 active), Execution time: mean = 8.453 us, total = 50.719 us, Queueing time: mean = 23.273 us, max = 28.446 us, min = 1.876 us, total = 139.635 us
	PeriodicalRunner.RunFnPeriodically - 4 total (0 active), Execution time: mean = 119.513 us, total = 478.054 us, Queueing time: mean = 100.515 ms, max = 199.929 ms, min = 983.464 us, total = 402.060 ms
	GCSServer.deadline_timer.debug_state_event_stats_print - 2 total (1 active, 1 running), Execution time: mean = 348.890 us, total = 697.781 us, Queueing time: mean = 5.478 us, max = 10.955 us, min = 10.955 us, total = 10.955 us
	NodeResourceInfoGcsService.grpc_server.GetAllAvailableResources.HandleRequestImpl - 1 total (0 active), Execution time: mean = 20.196 us, total = 20.196 us, Queueing time: mean = 18.996 us, max = 18.996 us, min = 18.996 us, total = 18.996 us
	JobInfoGcsService.grpc_server.GetAllJobInfo.HandleRequestImpl - 1 total (0 active), Execution time: mean = 8.917 us, total = 8.917 us, Queueing time: mean = 18.170 us, max = 18.170 us, min = 18.170 us, total = 18.170 us
	JobInfoGcsService.grpc_server.GetNextJobID - 1 total (0 active), Execution time: mean = 297.491 us, total = 297.491 us, Queueing time: mean = 0.000 s, max = -0.000 s, min = 9223372036.855 s, total = 0.000 s
	NodeInfoGcsService.grpc_server.RegisterNode - 1 total (0 active), Execution time: mean = 601.523 us, total = 601.523 us, Queueing time: mean = 0.000 s, max = -0.000 s, min = 9223372036.855 s, total = 0.000 s
	JobInfoGcsService.grpc_server.GetNextJobID.HandleRequestImpl - 1 total (0 active), Execution time: mean = 5.597 us, total = 5.597 us, Queueing time: mean = 20.200 us, max = 20.200 us, min = 20.200 us, total = 20.200 us
	NodeResourceInfoGcsService.grpc_server.GetAllAvailableResources - 1 total (0 active), Execution time: mean = 150.412 us, total = 150.412 us, Queueing time: mean = 0.000 s, max = -0.000 s, min = 9223372036.855 s, total = 0.000 s
	GcsInMemoryStore.GetNextJobID - 1 total (0 active), Execution time: mean = 5.628 us, total = 5.628 us, Queueing time: mean = 2.818 us, max = 2.818 us, min = 2.818 us, total = 2.818 us
	InternalKVGcsService.grpc_server.GetInternalConfig.HandleRequestImpl - 1 total (0 active), Execution time: mean = 31.980 us, total = 31.980 us, Queueing time: mean = 28.118 us, max = 28.118 us, min = 28.118 us, total = 28.118 us
	InternalKVGcsService.grpc_server.InternalKVDel.HandleRequestImpl - 1 total (0 active), Execution time: mean = 22.049 us, total = 22.049 us, Queueing time: mean = 18.780 us, max = 18.780 us, min = 18.780 us, total = 18.780 us
	JobInfoGcsService.grpc_server.AddJob.HandleRequestImpl - 1 total (0 active), Execution time: mean = 53.321 us, total = 53.321 us, Queueing time: mean = 16.244 us, max = 16.244 us, min = 16.244 us, total = 16.244 us
	GcsHealthCheckManager::AddNode - 1 total (0 active), Execution time: mean = 6.215 us, total = 6.215 us, Queueing time: mean = 206.000 ns, max = 206.000 ns, min = 206.000 ns, total = 206.000 ns
	GcsServer.GetOrGenerateClusterId.continuation - 1 total (0 active), Execution time: mean = 199.938 ms, total = 199.938 ms, Queueing time: mean = 86.000 ns, max = 86.000 ns, min = 86.000 ns, total = 86.000 ns
	InternalKVGcsService.grpc_server.GetInternalConfig - 1 total (0 active), Execution time: mean = 227.221 us, total = 227.221 us, Queueing time: mean = 0.000 s, max = -0.000 s, min = 9223372036.855 s, total = 0.000 s
	JobInfoGcsService.grpc_server.AddJob - 1 total (0 active), Execution time: mean = 226.415 us, total = 226.415 us, Queueing time: mean = 0.000 s, max = -0.000 s, min = 9223372036.855 s, total = 0.000 s
	GcsInitData::AsyncLoad - 1 total (0 active), Execution time: mean = 14.981 us, total = 14.981 us, Queueing time: mean = 233.000 ns, max = 233.000 ns, min = 233.000 ns, total = 233.000 ns
	GcsInMemoryStore.Delete - 1 total (0 active), Execution time: mean = 6.985 us, total = 6.985 us, Queueing time: mean = 1.882 us, max = 1.882 us, min = 1.882 us, total = 1.882 us
	NodeInfoGcsService.grpc_server.RegisterNode.HandleRequestImpl - 1 total (0 active), Execution time: mean = 73.018 us, total = 73.018 us, Queueing time: mean = 25.605 us, max = 25.605 us, min = 25.605 us, total = 25.605 us
	JobInfoGcsService.grpc_server.GetAllJobInfo - 1 total (0 active), Execution time: mean = 190.501 us, total = 190.501 us, Queueing time: mean = 0.000 s, max = -0.000 s, min = 9223372036.855 s, total = 0.000 s
	InternalKVGcsService.grpc_server.InternalKVDel - 1 total (0 active), Execution time: mean = 510.419 us, total = 510.419 us, Queueing time: mean = 0.000 s, max = -0.000 s, min = 9223372036.855 s, total = 0.000 s


[2025-06-26 10:46:39,105 I 2385551 2385551] (gcs_server) gcs_server.cc:874: task_io_context Event stats:


Global stats: 23360 total (1 active)
Queueing time: mean = 13.941 us, max = 1.675 ms, min = 1.348 us, total = 325.668 ms
Execution time:  mean = 88.328 us, total = 2.063 s
Event stats:
	TaskInfoGcsService.grpc_server.AddTaskEventData - 11426 total (0 active), Execution time: mean = 170.056 us, total = 1.943 s, Queueing time: mean = 0.000 s, max = -0.000 s, min = 9223372036.855 s, total = 0.000 s
	TaskInfoGcsService.grpc_server.AddTaskEventData.HandleRequestImpl - 11426 total (0 active), Execution time: mean = 9.962 us, total = 113.828 ms, Queueing time: mean = 28.145 us, max = 1.645 ms, min = 1.784 us, total = 321.581 ms
	event_loop_lag_probe - 482 total (0 active), Execution time: mean = 13.151 us, total = 6.339 ms, Queueing time: mean = 6.971 us, max = 1.675 ms, min = 1.348 us, total = 3.360 ms
	GcsTaskManager.GcJobSummary - 25 total (1 active), Execution time: mean = 4.996 us, total = 124.911 us, Queueing time: mean = 28.121 us, max = 59.015 us, min = 12.512 us, total = 703.023 us
	PeriodicalRunner.RunFnPeriodically - 1 total (0 active), Execution time: mean = 4.529 us, total = 4.529 us, Queueing time: mean = 24.402 us, max = 24.402 us, min = 24.402 us, total = 24.402 us


[2025-06-26 10:46:39,105 I 2385551 2385551] (gcs_server) gcs_server.cc:874: pubsub_io_context Event stats:


Global stats: 1050 total (101 active)
Queueing time: mean = 16.547 us, max = 1.607 ms, min = 2.027 us, total = 17.374 ms
Execution time:  mean = 144.061 ms, total = 151.264 s
Event stats:
	event_loop_lag_probe - 482 total (0 active), Execution time: mean = 13.923 us, total = 6.711 ms, Queueing time: mean = 5.540 us, max = 488.679 us, min = 2.027 us, total = 2.670 ms
	InternalPubSubGcsService.grpc_server.GcsSubscriberPoll - 149 total (100 active), Execution time: mean = 1.015 s, total = 151.217 s, Queueing time: mean = 0.000 s, max = -0.000 s, min = 9223372036.855 s, total = 0.000 s
	InternalPubSubGcsService.grpc_server.GcsSubscriberPoll.HandleRequestImpl - 149 total (0 active), Execution time: mean = 13.355 us, total = 1.990 ms, Queueing time: mean = 48.639 us, max = 1.607 ms, min = 3.698 us, total = 7.247 ms
	InternalPubSubGcsService.grpc_server.GcsSubscriberCommandBatch - 109 total (0 active), Execution time: mean = 258.668 us, total = 28.195 ms, Queueing time: mean = 0.000 s, max = -0.000 s, min = 9223372036.855 s, total = 0.000 s
	InternalPubSubGcsService.grpc_server.GcsSubscriberCommandBatch.HandleRequestImpl - 109 total (0 active), Execution time: mean = 29.795 us, total = 3.248 ms, Queueing time: mean = 59.911 us, max = 1.524 ms, min = 3.968 us, total = 6.530 ms
	InternalPubSubGcsService.grpc_server.GcsPublish - 25 total (0 active), Execution time: mean = 220.278 us, total = 5.507 ms, Queueing time: mean = 0.000 s, max = -0.000 s, min = 9223372036.855 s, total = 0.000 s
	InternalPubSubGcsService.grpc_server.GcsPublish.HandleRequestImpl - 25 total (0 active), Execution time: mean = 53.525 us, total = 1.338 ms, Queueing time: mean = 36.188 us, max = 209.308 us, min = 17.182 us, total = 904.710 us
	Publisher.CheckDeadSubscribers - 1 total (1 active), Execution time: mean = 0.000 s, total = 0.000 s, Queueing time: mean = 0.000 s, max = -0.000 s, min = 9223372036.855 s, total = 0.000 s
	PeriodicalRunner.RunFnPeriodically - 1 total (0 active), Execution time: mean = 13.973 us, total = 13.973 us, Queueing time: mean = 21.178 us, max = 21.178 us, min = 21.178 us, total = 21.178 us


[2025-06-26 10:46:39,105 I 2385551 2385551] (gcs_server) gcs_server.cc:874: ray_syncer_io_context Event stats:


Global stats: 502 total (0 active)
Queueing time: mean = 8.992 us, max = 1.946 ms, min = 166.000 ns, total = 4.514 ms
Execution time:  mean = 14.210 us, total = 7.133 ms
Event stats:
	event_loop_lag_probe - 482 total (0 active), Execution time: mean = 13.697 us, total = 6.602 ms, Queueing time: mean = 8.416 us, max = 1.946 ms, min = 1.347 us, total = 4.057 ms
	 - 9 total (0 active), Execution time: mean = 49.332 us, total = 443.990 us, Queueing time: mean = 46.576 us, max = 178.174 us, min = 22.145 us, total = 419.182 us
	RaySyncer.BroadcastMessage - 9 total (0 active), Execution time: mean = 9.592 us, total = 86.327 us, Queueing time: mean = 355.444 ns, max = 522.000 ns, min = 166.000 ns, total = 3.199 us
	RaySyncerRegister - 2 total (0 active), Execution time: mean = 483.000 ns, total = 966.000 ns, Queueing time: mean = 17.390 us, max = 20.425 us, min = 14.355 us, total = 34.780 us


[2025-06-26 10:47:39,105 I 2385551 2385551] (gcs_server) gcs_server.cc:249: Gcs Debug state:

GcsNodeManager: 
- RegisterNode request count: 1
- DrainNode request count: 0
- GetAllNodeInfo request count: 196

GcsActorManager: 
- RegisterActor request count: 8
- CreateActor request count: 8
- GetActorInfo request count: 8
- GetNamedActorInfo request count: 0
- GetAllActorInfo request count: 0
- KillActor request count: 0
- ListNamedActors request count: 0
- Registered actors count: 8
- Destroyed actors count: 0
- Named actors count: 0
- Unresolved actors count: 0
- Pending actors count: 0
- Created actors count: 1
- owners_: 1
- actor_to_register_callbacks_: 0
- actor_to_restart_for_lineage_reconstruction_callbacks_: 0
- actor_to_create_callbacks_: 0
- sorted_destroyed_actor_list_: 0

GcsResourceManager: 
- GetAllAvailableResources request count: 1
- GetAllTotalResources request count: 0
- GetAllResourceUsage request count: 36

GcsPlacementGroupManager: 
- CreatePlacementGroup request count: 0
- RemovePlacementGroup request count: 0
- GetPlacementGroup request count: 0
- GetAllPlacementGroup request count: 0
- WaitPlacementGroupUntilReady request count: 0
- GetNamedPlacementGroup request count: 0
- Scheduling pending placement group count: 0
- Registered placement groups count: 0
- Named placement group count: 0
- Pending placement groups count: 0
- Infeasible placement groups count: 0

Publisher:
GCS_ACTOR_CHANNEL
- cumulative published messages: 24
- cumulative published bytes: 8376
- current buffered bytes: 1400
GCS_JOB_CHANNEL
- cumulative published messages: 1
- cumulative published bytes: 302
- current buffered bytes: 302
GCS_NODE_INFO_CHANNEL
- cumulative published messages: 1
- cumulative published bytes: 607
- current buffered bytes: 0
RAY_LOG_CHANNEL
- cumulative published messages: 37
- cumulative published bytes: 34422
- current buffered bytes: 894

[runtime env manager] ID to URIs table:
[runtime env manager] URIs reference table:

GcsTaskManager: 
-Total num task events reported: 84
-Total num status task events dropped: 0
-Total num profile events dropped: 0
-Current num of task events stored: 26
-Total num of actor creation tasks: 8
-Total num of actor tasks: 17
-Total num of normal tasks: 0
-Total num of driver tasks: 1

GcsAutoscalerStateManager: 
- last_seen_autoscaler_state_version_: 0
- last_cluster_resource_state_version_: 36
- pending demands:



[2025-06-26 10:47:39,105 I 2385551 2385551] (gcs_server) gcs_server.cc:870: Main service Event stats:


Global stats: 3911 total (12 active)
Queueing time: mean = 476.653 us, max = 199.929 ms, min = 86.000 ns, total = 1.864 s
Execution time:  mean = 19.154 ms, total = 74.912 s
Event stats:
	event_loop_lag_probe - 722 total (0 active), Execution time: mean = 11.962 us, total = 8.637 ms, Queueing time: mean = 13.859 us, max = 7.070 ms, min = 909.000 ns, total = 10.007 ms
	GcsInMemoryStore.Put - 444 total (0 active), Execution time: mean = 462.737 us, total = 205.455 ms, Queueing time: mean = 3.169 ms, max = 199.594 ms, min = 975.000 ns, total = 1.407 s
	GcsInMemoryStore.Get - 251 total (0 active), Execution time: mean = 12.810 us, total = 3.215 ms, Queueing time: mean = 4.040 us, max = 34.822 us, min = 1.022 us, total = 1.014 ms
	InternalKVGcsService.grpc_server.InternalKVGet - 250 total (0 active), Execution time: mean = 207.622 us, total = 51.906 ms, Queueing time: mean = 0.000 s, max = -0.000 s, min = 9223372036.855 s, total = 0.000 s
	InternalKVGcsService.grpc_server.InternalKVGet.HandleRequestImpl - 250 total (0 active), Execution time: mean = 16.886 us, total = 4.221 ms, Queueing time: mean = 30.627 us, max = 1.458 ms, min = 5.920 us, total = 7.657 ms
	NodeInfoGcsService.grpc_server.GetAllNodeInfo.HandleRequestImpl - 196 total (0 active), Execution time: mean = 23.044 us, total = 4.517 ms, Queueing time: mean = 23.143 us, max = 440.843 us, min = 1.449 us, total = 4.536 ms
	NodeInfoGcsService.grpc_server.GetAllNodeInfo - 196 total (0 active), Execution time: mean = 207.114 us, total = 40.594 ms, Queueing time: mean = 0.000 s, max = -0.000 s, min = 9223372036.855 s, total = 0.000 s
	RayletLoadPulled - 180 total (1 active), Execution time: mean = 130.337 us, total = 23.461 ms, Queueing time: mean = 34.666 us, max = 513.104 us, min = 8.292 us, total = 6.240 ms
	NodeManagerService.grpc_client.GetResourceLoad - 178 total (0 active), Execution time: mean = 587.794 us, total = 104.627 ms, Queueing time: mean = 0.000 s, max = -0.000 s, min = 9223372036.855 s, total = 0.000 s
	NodeManagerService.grpc_client.GetResourceLoad.OnReplyReceived - 178 total (0 active), Execution time: mean = 35.463 us, total = 6.312 ms, Queueing time: mean = 29.785 us, max = 407.510 us, min = 7.985 us, total = 5.302 ms
	NodeInfoGcsService.grpc_server.GetClusterId - 101 total (0 active), Execution time: mean = 335.168 us, total = 33.852 ms, Queueing time: mean = 0.000 s, max = -0.000 s, min = 9223372036.855 s, total = 0.000 s
	NodeInfoGcsService.grpc_server.GetClusterId.HandleRequestImpl - 101 total (0 active), Execution time: mean = 26.963 us, total = 2.723 ms, Queueing time: mean = 58.515 us, max = 1.276 ms, min = 4.309 us, total = 5.910 ms
	WorkerInfoGcsService.grpc_server.AddWorkerInfo - 97 total (0 active), Execution time: mean = 186.375 us, total = 18.078 ms, Queueing time: mean = 0.000 s, max = -0.000 s, min = 9223372036.855 s, total = 0.000 s
	WorkerInfoGcsService.grpc_server.AddWorkerInfo.HandleRequestImpl - 97 total (0 active), Execution time: mean = 15.140 us, total = 1.469 ms, Queueing time: mean = 28.415 us, max = 446.282 us, min = 7.217 us, total = 2.756 ms
	InternalKVGcsService.grpc_server.InternalKVPut.HandleRequestImpl - 88 total (0 active), Execution time: mean = 13.748 us, total = 1.210 ms, Queueing time: mean = 25.916 us, max = 192.076 us, min = 12.317 us, total = 2.281 ms
	InternalKVGcsService.grpc_server.InternalKVPut - 88 total (0 active), Execution time: mean = 222.327 us, total = 19.565 ms, Queueing time: mean = 0.000 s, max = -0.000 s, min = 9223372036.855 s, total = 0.000 s
	ClusterResourceManager.ResetRemoteNodeView - 61 total (1 active), Execution time: mean = 6.393 us, total = 389.972 us, Queueing time: mean = 34.250 us, max = 76.561 us, min = 14.540 us, total = 2.089 ms
	HealthCheck - 55 total (0 active), Execution time: mean = 3.519 us, total = 193.570 us, Queueing time: mean = 28.461 us, max = 62.266 us, min = 16.873 us, total = 1.565 ms
	NodeInfoGcsService.grpc_server.CheckAlive.HandleRequestImpl - 39 total (0 active), Execution time: mean = 17.537 us, total = 683.953 us, Queueing time: mean = 43.513 us, max = 187.011 us, min = 17.656 us, total = 1.697 ms
	NodeInfoGcsService.grpc_server.CheckAlive - 39 total (0 active), Execution time: mean = 268.101 us, total = 10.456 ms, Queueing time: mean = 0.000 s, max = -0.000 s, min = 9223372036.855 s, total = 0.000 s
	AutoscalerStateService.grpc_server.GetClusterResourceState - 36 total (0 active), Execution time: mean = 175.377 us, total = 6.314 ms, Queueing time: mean = 0.000 s, max = -0.000 s, min = 9223372036.855 s, total = 0.000 s
	AutoscalerStateService.grpc_server.GetClusterResourceState.HandleRequestImpl - 36 total (0 active), Execution time: mean = 26.153 us, total = 941.522 us, Queueing time: mean = 22.759 us, max = 51.509 us, min = 5.205 us, total = 819.313 us
	NodeResourceInfoGcsService.grpc_server.GetAllResourceUsage - 36 total (0 active), Execution time: mean = 230.080 us, total = 8.283 ms, Queueing time: mean = 0.000 s, max = -0.000 s, min = 9223372036.855 s, total = 0.000 s
	NodeResourceInfoGcsService.grpc_server.GetAllResourceUsage.HandleRequestImpl - 36 total (0 active), Execution time: mean = 43.610 us, total = 1.570 ms, Queueing time: mean = 31.636 us, max = 81.148 us, min = 17.061 us, total = 1.139 ms
	GCSServer.deadline_timer.debug_state_dump - 18 total (1 active), Execution time: mean = 677.575 us, total = 12.196 ms, Queueing time: mean = 35.347 us, max = 96.465 us, min = 16.857 us, total = 636.247 us
	GcsHealthCheckManager::MarkNodeHealthy - 9 total (0 active), Execution time: mean = 1.656 us, total = 14.905 us, Queueing time: mean = 27.065 us, max = 54.686 us, min = 16.098 us, total = 243.587 us
	GcsResourceManager::Update - 9 total (0 active), Execution time: mean = 42.477 us, total = 382.295 us, Queueing time: mean = 14.530 us, max = 46.379 us, min = 3.066 us, total = 130.767 us
	ActorInfoGcsService.grpc_server.GetActorInfo.HandleRequestImpl - 8 total (0 active), Execution time: mean = 11.672 us, total = 93.373 us, Queueing time: mean = 19.061 us, max = 25.559 us, min = 13.705 us, total = 152.486 us
	ActorInfoGcsService.grpc_server.RegisterActor - 8 total (0 active), Execution time: mean = 422.471 us, total = 3.380 ms, Queueing time: mean = 0.000 s, max = -0.000 s, min = 9223372036.855 s, total = 0.000 s
	ActorInfoGcsService.grpc_server.RegisterActor.HandleRequestImpl - 8 total (0 active), Execution time: mean = 221.101 us, total = 1.769 ms, Queueing time: mean = 19.413 us, max = 25.465 us, min = 15.295 us, total = 155.304 us
	NodeManagerService.grpc_client.RequestWorkerLease.OnReplyReceived - 8 total (0 active), Execution time: mean = 160.323 us, total = 1.283 ms, Queueing time: mean = 18.285 us, max = 23.942 us, min = 15.469 us, total = 146.284 us
	ActorInfoGcsService.grpc_server.CreateActor - 8 total (0 active), Execution time: mean = 4.633 s, total = 37.066 s, Queueing time: mean = 0.000 s, max = -0.000 s, min = 9223372036.855 s, total = 0.000 s
	ActorInfoGcsService.grpc_server.CreateActor.HandleRequestImpl - 8 total (0 active), Execution time: mean = 173.522 us, total = 1.388 ms, Queueing time: mean = 16.282 us, max = 20.777 us, min = 11.654 us, total = 130.255 us
	CoreWorkerService.grpc_client.PushTask.OnReplyReceived - 8 total (0 active), Execution time: mean = 302.234 us, total = 2.418 ms, Queueing time: mean = 44.718 us, max = 190.792 us, min = 22.404 us, total = 357.744 us
	NodeManagerService.grpc_client.RequestWorkerLease - 8 total (0 active), Execution time: mean = 595.890 us, total = 4.767 ms, Queueing time: mean = 0.000 s, max = -0.000 s, min = 9223372036.855 s, total = 0.000 s
	ActorInfoGcsService.grpc_server.GetActorInfo - 8 total (0 active), Execution time: mean = 165.296 us, total = 1.322 ms, Queueing time: mean = 0.000 s, max = -0.000 s, min = 9223372036.855 s, total = 0.000 s
	CoreWorkerService.grpc_client.WaitForActorRefDeleted - 8 total (8 active), Execution time: mean = 0.000 s, total = 0.000 s, Queueing time: mean = 0.000 s, max = -0.000 s, min = 9223372036.855 s, total = 0.000 s
	CoreWorkerService.grpc_client.PushTask - 8 total (0 active), Execution time: mean = 4.632 s, total = 37.054 s, Queueing time: mean = 0.000 s, max = -0.000 s, min = 9223372036.855 s, total = 0.000 s
	GcsInMemoryStore.GetAll - 6 total (0 active), Execution time: mean = 8.453 us, total = 50.719 us, Queueing time: mean = 23.273 us, max = 28.446 us, min = 1.876 us, total = 139.635 us
	PeriodicalRunner.RunFnPeriodically - 4 total (0 active), Execution time: mean = 119.513 us, total = 478.054 us, Queueing time: mean = 100.515 ms, max = 199.929 ms, min = 983.464 us, total = 402.060 ms
	GCSServer.deadline_timer.debug_state_event_stats_print - 3 total (1 active, 1 running), Execution time: mean = 437.733 us, total = 1.313 ms, Queueing time: mean = 17.534 us, max = 41.646 us, min = 10.955 us, total = 52.601 us
	NodeResourceInfoGcsService.grpc_server.GetAllAvailableResources.HandleRequestImpl - 1 total (0 active), Execution time: mean = 20.196 us, total = 20.196 us, Queueing time: mean = 18.996 us, max = 18.996 us, min = 18.996 us, total = 18.996 us
	JobInfoGcsService.grpc_server.GetAllJobInfo.HandleRequestImpl - 1 total (0 active), Execution time: mean = 8.917 us, total = 8.917 us, Queueing time: mean = 18.170 us, max = 18.170 us, min = 18.170 us, total = 18.170 us
	JobInfoGcsService.grpc_server.GetNextJobID - 1 total (0 active), Execution time: mean = 297.491 us, total = 297.491 us, Queueing time: mean = 0.000 s, max = -0.000 s, min = 9223372036.855 s, total = 0.000 s
	NodeInfoGcsService.grpc_server.RegisterNode - 1 total (0 active), Execution time: mean = 601.523 us, total = 601.523 us, Queueing time: mean = 0.000 s, max = -0.000 s, min = 9223372036.855 s, total = 0.000 s
	JobInfoGcsService.grpc_server.GetNextJobID.HandleRequestImpl - 1 total (0 active), Execution time: mean = 5.597 us, total = 5.597 us, Queueing time: mean = 20.200 us, max = 20.200 us, min = 20.200 us, total = 20.200 us
	NodeResourceInfoGcsService.grpc_server.GetAllAvailableResources - 1 total (0 active), Execution time: mean = 150.412 us, total = 150.412 us, Queueing time: mean = 0.000 s, max = -0.000 s, min = 9223372036.855 s, total = 0.000 s
	GcsInMemoryStore.GetNextJobID - 1 total (0 active), Execution time: mean = 5.628 us, total = 5.628 us, Queueing time: mean = 2.818 us, max = 2.818 us, min = 2.818 us, total = 2.818 us
	InternalKVGcsService.grpc_server.GetInternalConfig.HandleRequestImpl - 1 total (0 active), Execution time: mean = 31.980 us, total = 31.980 us, Queueing time: mean = 28.118 us, max = 28.118 us, min = 28.118 us, total = 28.118 us
	InternalKVGcsService.grpc_server.InternalKVDel.HandleRequestImpl - 1 total (0 active), Execution time: mean = 22.049 us, total = 22.049 us, Queueing time: mean = 18.780 us, max = 18.780 us, min = 18.780 us, total = 18.780 us
	JobInfoGcsService.grpc_server.AddJob.HandleRequestImpl - 1 total (0 active), Execution time: mean = 53.321 us, total = 53.321 us, Queueing time: mean = 16.244 us, max = 16.244 us, min = 16.244 us, total = 16.244 us
	GcsHealthCheckManager::AddNode - 1 total (0 active), Execution time: mean = 6.215 us, total = 6.215 us, Queueing time: mean = 206.000 ns, max = 206.000 ns, min = 206.000 ns, total = 206.000 ns
	GcsServer.GetOrGenerateClusterId.continuation - 1 total (0 active), Execution time: mean = 199.938 ms, total = 199.938 ms, Queueing time: mean = 86.000 ns, max = 86.000 ns, min = 86.000 ns, total = 86.000 ns
	InternalKVGcsService.grpc_server.GetInternalConfig - 1 total (0 active), Execution time: mean = 227.221 us, total = 227.221 us, Queueing time: mean = 0.000 s, max = -0.000 s, min = 9223372036.855 s, total = 0.000 s
	JobInfoGcsService.grpc_server.AddJob - 1 total (0 active), Execution time: mean = 226.415 us, total = 226.415 us, Queueing time: mean = 0.000 s, max = -0.000 s, min = 9223372036.855 s, total = 0.000 s
	GcsInitData::AsyncLoad - 1 total (0 active), Execution time: mean = 14.981 us, total = 14.981 us, Queueing time: mean = 233.000 ns, max = 233.000 ns, min = 233.000 ns, total = 233.000 ns
	GcsInMemoryStore.Delete - 1 total (0 active), Execution time: mean = 6.985 us, total = 6.985 us, Queueing time: mean = 1.882 us, max = 1.882 us, min = 1.882 us, total = 1.882 us
	NodeInfoGcsService.grpc_server.RegisterNode.HandleRequestImpl - 1 total (0 active), Execution time: mean = 73.018 us, total = 73.018 us, Queueing time: mean = 25.605 us, max = 25.605 us, min = 25.605 us, total = 25.605 us
	JobInfoGcsService.grpc_server.GetAllJobInfo - 1 total (0 active), Execution time: mean = 190.501 us, total = 190.501 us, Queueing time: mean = 0.000 s, max = -0.000 s, min = 9223372036.855 s, total = 0.000 s
	InternalKVGcsService.grpc_server.InternalKVDel - 1 total (0 active), Execution time: mean = 510.419 us, total = 510.419 us, Queueing time: mean = 0.000 s, max = -0.000 s, min = 9223372036.855 s, total = 0.000 s


[2025-06-26 10:47:39,105 I 2385551 2385551] (gcs_server) gcs_server.cc:874: task_io_context Event stats:


Global stats: 35242 total (1 active)
Queueing time: mean = 14.076 us, max = 1.675 ms, min = 1.348 us, total = 496.054 ms
Execution time:  mean = 90.034 us, total = 3.173 s
Event stats:
	TaskInfoGcsService.grpc_server.AddTaskEventData - 17241 total (0 active), Execution time: mean = 173.217 us, total = 2.986 s, Queueing time: mean = 0.000 s, max = -0.000 s, min = 9223372036.855 s, total = 0.000 s
	TaskInfoGcsService.grpc_server.AddTaskEventData.HandleRequestImpl - 17241 total (0 active), Execution time: mean = 10.244 us, total = 176.625 ms, Queueing time: mean = 28.461 us, max = 1.645 ms, min = 1.784 us, total = 490.704 ms
	event_loop_lag_probe - 722 total (0 active), Execution time: mean = 13.448 us, total = 9.710 ms, Queueing time: mean = 5.914 us, max = 1.675 ms, min = 1.348 us, total = 4.270 ms
	GcsTaskManager.GcJobSummary - 37 total (1 active), Execution time: mean = 5.002 us, total = 185.082 us, Queueing time: mean = 28.532 us, max = 69.643 us, min = 12.512 us, total = 1.056 ms
	PeriodicalRunner.RunFnPeriodically - 1 total (0 active), Execution time: mean = 4.529 us, total = 4.529 us, Queueing time: mean = 24.402 us, max = 24.402 us, min = 24.402 us, total = 24.402 us


[2025-06-26 10:47:39,106 I 2385551 2385551] (gcs_server) gcs_server.cc:874: pubsub_io_context Event stats:


Global stats: 1338 total (101 active)
Queueing time: mean = 14.356 us, max = 1.607 ms, min = 1.579 us, total = 19.208 ms
Execution time:  mean = 157.949 ms, total = 211.336 s
Event stats:
	event_loop_lag_probe - 722 total (0 active), Execution time: mean = 13.462 us, total = 9.719 ms, Queueing time: mean = 5.209 us, max = 488.679 us, min = 1.579 us, total = 3.761 ms
	InternalPubSubGcsService.grpc_server.GcsSubscriberPoll - 161 total (100 active), Execution time: mean = 1.312 s, total = 211.283 s, Queueing time: mean = 0.000 s, max = -0.000 s, min = 9223372036.855 s, total = 0.000 s
	InternalPubSubGcsService.grpc_server.GcsSubscriberPoll.HandleRequestImpl - 161 total (0 active), Execution time: mean = 13.563 us, total = 2.184 ms, Queueing time: mean = 46.723 us, max = 1.607 ms, min = 3.698 us, total = 7.522 ms
	InternalPubSubGcsService.grpc_server.GcsSubscriberCommandBatch - 109 total (0 active), Execution time: mean = 258.668 us, total = 28.195 ms, Queueing time: mean = 0.000 s, max = -0.000 s, min = 9223372036.855 s, total = 0.000 s
	InternalPubSubGcsService.grpc_server.GcsSubscriberCommandBatch.HandleRequestImpl - 109 total (0 active), Execution time: mean = 29.795 us, total = 3.248 ms, Queueing time: mean = 59.911 us, max = 1.524 ms, min = 3.968 us, total = 6.530 ms
	InternalPubSubGcsService.grpc_server.GcsPublish - 37 total (0 active), Execution time: mean = 214.201 us, total = 7.925 ms, Queueing time: mean = 0.000 s, max = -0.000 s, min = 9223372036.855 s, total = 0.000 s
	InternalPubSubGcsService.grpc_server.GcsPublish.HandleRequestImpl - 37 total (0 active), Execution time: mean = 53.288 us, total = 1.972 ms, Queueing time: mean = 37.137 us, max = 209.308 us, min = 17.182 us, total = 1.374 ms
	Publisher.CheckDeadSubscribers - 1 total (1 active), Execution time: mean = 0.000 s, total = 0.000 s, Queueing time: mean = 0.000 s, max = -0.000 s, min = 9223372036.855 s, total = 0.000 s
	PeriodicalRunner.RunFnPeriodically - 1 total (0 active), Execution time: mean = 13.973 us, total = 13.973 us, Queueing time: mean = 21.178 us, max = 21.178 us, min = 21.178 us, total = 21.178 us


[2025-06-26 10:47:39,106 I 2385551 2385551] (gcs_server) gcs_server.cc:874: ray_syncer_io_context Event stats:


Global stats: 742 total (0 active)
Queueing time: mean = 7.632 us, max = 1.946 ms, min = 166.000 ns, total = 5.663 ms
Execution time:  mean = 14.013 us, total = 10.398 ms
Event stats:
	event_loop_lag_probe - 722 total (0 active), Execution time: mean = 13.666 us, total = 9.867 ms, Queueing time: mean = 7.210 us, max = 1.946 ms, min = 1.347 us, total = 5.206 ms
	 - 9 total (0 active), Execution time: mean = 49.332 us, total = 443.990 us, Queueing time: mean = 46.576 us, max = 178.174 us, min = 22.145 us, total = 419.182 us
	RaySyncer.BroadcastMessage - 9 total (0 active), Execution time: mean = 9.592 us, total = 86.327 us, Queueing time: mean = 355.444 ns, max = 522.000 ns, min = 166.000 ns, total = 3.199 us
	RaySyncerRegister - 2 total (0 active), Execution time: mean = 483.000 ns, total = 966.000 ns, Queueing time: mean = 17.390 us, max = 20.425 us, min = 14.355 us, total = 34.780 us


[2025-06-26 10:48:30,675 I 2385551 2385551] (gcs_server) gcs_actor_manager.cc:1072: Destroying actor job_id=01000000 actor_id=0343694543e0e60f1202942201000000
[2025-06-26 10:48:30,675 I 2385551 2385551] (gcs_server) gcs_actor_manager.cc:1072: Destroying actor job_id=01000000 actor_id=e9ebcff5f3beecb28255a49101000000
[2025-06-26 10:48:30,675 I 2385551 2385551] (gcs_server) gcs_actor_manager.cc:1072: Destroying actor job_id=01000000 actor_id=8fd7fed36a12f47d77daf2fa01000000
[2025-06-26 10:48:30,676 I 2385551 2385551] (gcs_server) gcs_actor_manager.cc:1072: Destroying actor job_id=01000000 actor_id=e581bbf6fee0e70b04e777c201000000
[2025-06-26 10:48:30,676 I 2385551 2385551] (gcs_server) gcs_actor_manager.cc:1072: Destroying actor job_id=01000000 actor_id=0e987cbddf20393e67cb7e5901000000
[2025-06-26 10:48:30,677 I 2385551 2385551] (gcs_server) gcs_actor_manager.cc:1072: Destroying actor job_id=01000000 actor_id=75c11f69a75878d1b07f0d3601000000
[2025-06-26 10:48:30,677 I 2385551 2385551] (gcs_server) gcs_actor_manager.cc:1072: Destroying actor job_id=01000000 actor_id=79a97831a6692843958ceeb601000000
[2025-06-26 10:48:30,677 I 2385551 2385551] (gcs_server) gcs_actor_manager.cc:1072: Destroying actor job_id=01000000 actor_id=2fc102b6314a39dd736b102c01000000
[2025-06-26 10:48:30,678 I 2385551 2385551] (gcs_server) gcs_actor_manager.cc:1047: Worker 01000000ffffffffffffffffffffffffffffffffffffffffffffffff failed, destroying actor child, job id = 01000000
[2025-06-26 10:48:30,678 I 2385551 2385551] (gcs_server) gcs_actor_manager.cc:1047: Worker 01000000ffffffffffffffffffffffffffffffffffffffffffffffff failed, destroying actor child, job id = 01000000
[2025-06-26 10:48:30,678 I 2385551 2385551] (gcs_server) gcs_actor_manager.cc:1047: Worker 01000000ffffffffffffffffffffffffffffffffffffffffffffffff failed, destroying actor child, job id = 01000000
[2025-06-26 10:48:30,678 I 2385551 2385551] (gcs_server) gcs_actor_manager.cc:1047: Worker 01000000ffffffffffffffffffffffffffffffffffffffffffffffff failed, destroying actor child, job id = 01000000
[2025-06-26 10:48:30,678 I 2385551 2385551] (gcs_server) gcs_actor_manager.cc:1047: Worker 01000000ffffffffffffffffffffffffffffffffffffffffffffffff failed, destroying actor child, job id = 01000000
[2025-06-26 10:48:30,678 I 2385551 2385551] (gcs_server) gcs_actor_manager.cc:1047: Worker 01000000ffffffffffffffffffffffffffffffffffffffffffffffff failed, destroying actor child, job id = 01000000
[2025-06-26 10:48:30,678 I 2385551 2385551] (gcs_server) gcs_actor_manager.cc:1047: Worker 01000000ffffffffffffffffffffffffffffffffffffffffffffffff failed, destroying actor child, job id = 01000000
[2025-06-26 10:48:30,678 I 2385551 2385551] (gcs_server) gcs_actor_manager.cc:1047: Worker 01000000ffffffffffffffffffffffffffffffffffffffffffffffff failed, destroying actor child, job id = 01000000
[2025-06-26 10:48:30,678 I 2385551 2385551] (gcs_server) gcs_job_manager.cc:156: Finished marking job state, job id = 01000000
[2025-06-26 10:48:30,734 I 2385551 2385551] (gcs_server) gcs_node_manager.cc:386: Removing node, node name = 192.168.10.101, death reason = EXPECTED_TERMINATION, death message = received SIGTERM node_id=4d9dd6580e0620eebf03a30748ec8b9adba6bebb99a6cc0022da3f26
[2025-06-26 10:48:30,734 I 2385551 2385551] (gcs_server) gcs_placement_group_mgr.cc:802: Node is dead, rescheduling the placement groups on the dead node. node_id=4d9dd6580e0620eebf03a30748ec8b9adba6bebb99a6cc0022da3f26
[2025-06-26 10:48:30,734 I 2385551 2385551] (gcs_server) gcs_actor_manager.cc:1325: Node is dead, reconstructing actors. node_id=4d9dd6580e0620eebf03a30748ec8b9adba6bebb99a6cc0022da3f26
[2025-06-26 10:48:30,735 I 2385551 2385551] (gcs_server) gcs_job_manager.cc:478: Node is dead, mark all jobs from this node as finished node_id=4d9dd6580e0620eebf03a30748ec8b9adba6bebb99a6cc0022da3f26
[2025-06-26 10:48:30,955 I 2385551 2385601] (gcs_server) ray_syncer_bidi_reactor_base.h:182: Failed to read the message from: 4d9dd6580e0620eebf03a30748ec8b9adba6bebb99a6cc0022da3f26
[2025-06-26 10:48:30,955 I 2385551 2385601] (gcs_server) ray_syncer.cc:241: Connection is broken. node_id=4d9dd6580e0620eebf03a30748ec8b9adba6bebb99a6cc0022da3f26
[2025-06-26 10:48:31,000 I 2385551 2385551] (gcs_server) gcs_server_main.cc:172: GCS server received SIGTERM, shutting down...
[2025-06-26 10:48:31,001 I 2385551 2385551] (gcs_server) gcs_server.cc:271: Stopping GCS server.
[2025-06-26 10:48:31,049 I 2385551 2385551] (gcs_server) gcs_server.cc:288: GCS server stopped.
[2025-06-26 10:48:31,050 I 2385551 2385551] (gcs_server) io_service_pool.cc:48: IOServicePool is stopped.
[2025-06-26 10:48:31,107 I 2385551 2385551] (gcs_server) stats.h:120: Stats module has shutdown.
