[2025-06-26 10:48:52,799 I 2395789 2395789] (gcs_server) gcs_server_main.cc:91: Ray cluster metadata ray_version=2.47.1 ray_commit=61d3f2f1aa33563faa398105f4abda88cb39440b
[2025-06-26 10:48:52,799 I 2395789 2395789] (gcs_server) io_service_pool.cc:36: IOServicePool is running with 1 io_service.
[2025-06-26 10:48:52,807 I 2395789 2395789] (gcs_server) event.cc:500: Ray Event initialized for GCS
[2025-06-26 10:48:52,807 I 2395789 2395789] (gcs_server) event.cc:500: Ray Event initialized for EXPORT_NODE
[2025-06-26 10:48:52,807 I 2395789 2395789] (gcs_server) event.cc:500: Ray Event initialized for EXPORT_ACTOR
[2025-06-26 10:48:52,807 I 2395789 2395789] (gcs_server) event.cc:500: Ray Event initialized for EXPORT_DRIVER_JOB
[2025-06-26 10:48:52,807 I 2395789 2395789] (gcs_server) event.cc:331: Set ray event level to warning
[2025-06-26 10:48:52,809 I 2395789 2395789] (gcs_server) gcs_server.cc:77: GCS storage type is StorageType::IN_MEMORY
[2025-06-26 10:48:52,809 I 2395789 2395789] (gcs_server) gcs_init_data.cc:46: Loading job table data.
[2025-06-26 10:48:52,809 I 2395789 2395789] (gcs_server) gcs_init_data.cc:56: Loading node table data.
[2025-06-26 10:48:52,809 I 2395789 2395789] (gcs_server) gcs_init_data.cc:78: Loading actor table data.
[2025-06-26 10:48:52,809 I 2395789 2395789] (gcs_server) gcs_init_data.cc:89: Loading actor task spec table data.
[2025-06-26 10:48:52,809 I 2395789 2395789] (gcs_server) gcs_init_data.cc:66: Loading placement group table data.
[2025-06-26 10:48:52,809 I 2395789 2395789] (gcs_server) gcs_init_data.cc:50: Finished loading job table data, size = 0
[2025-06-26 10:48:52,809 I 2395789 2395789] (gcs_server) gcs_init_data.cc:60: Finished loading node table data, size = 0
[2025-06-26 10:48:52,809 I 2395789 2395789] (gcs_server) gcs_init_data.cc:83: Finished loading actor table data, size = 0
[2025-06-26 10:48:52,809 I 2395789 2395789] (gcs_server) gcs_init_data.cc:94: Finished loading actor task spec table data, size = 0
[2025-06-26 10:48:52,809 I 2395789 2395789] (gcs_server) gcs_init_data.cc:72: Finished loading placement group table data, size = 0
[2025-06-26 10:48:52,809 I 2395789 2395789] (gcs_server) gcs_server.cc:161: No existing server cluster ID found. Generating new ID: 22df1fa598431a7a501bfc9435bbfd1ea733cafdc4ec4fdf62a1adfd
[2025-06-26 10:48:52,810 I 2395789 2395789] (gcs_server) gcs_server.cc:673: Autoscaler V2 enabled: 0
[2025-06-26 10:48:52,811 I 2395789 2395789] (gcs_server) grpc_server.cc:141: GcsServer server started, listening on port 58789.
[2025-06-26 10:48:53,004 I 2395789 2395789] (gcs_server) gcs_server.cc:249: Gcs Debug state:

GcsNodeManager: 
- RegisterNode request count: 0
- DrainNode request count: 0
- GetAllNodeInfo request count: 0

GcsActorManager: 
- RegisterActor request count: 0
- CreateActor request count: 0
- GetActorInfo request count: 0
- GetNamedActorInfo request count: 0
- GetAllActorInfo request count: 0
- KillActor request count: 0
- ListNamedActors request count: 0
- Registered actors count: 0
- Destroyed actors count: 0
- Named actors count: 0
- Unresolved actors count: 0
- Pending actors count: 0
- Created actors count: 0
- owners_: 0
- actor_to_register_callbacks_: 0
- actor_to_restart_for_lineage_reconstruction_callbacks_: 0
- actor_to_create_callbacks_: 0
- sorted_destroyed_actor_list_: 0

GcsResourceManager: 
- GetAllAvailableResources request count: 0
- GetAllTotalResources request count: 0
- GetAllResourceUsage request count: 0

GcsPlacementGroupManager: 
- CreatePlacementGroup request count: 0
- RemovePlacementGroup request count: 0
- GetPlacementGroup request count: 0
- GetAllPlacementGroup request count: 0
- WaitPlacementGroupUntilReady request count: 0
- GetNamedPlacementGroup request count: 0
- Scheduling pending placement group count: 0
- Registered placement groups count: 0
- Named placement group count: 0
- Pending placement groups count: 0
- Infeasible placement groups count: 0

Publisher:

[runtime env manager] ID to URIs table:
[runtime env manager] URIs reference table:

GcsTaskManager: 
-Total num task events reported: 0
-Total num status task events dropped: 0
-Total num profile events dropped: 0
-Current num of task events stored: 0
-Total num of actor creation tasks: 0
-Total num of actor tasks: 0
-Total num of normal tasks: 0
-Total num of driver tasks: 0

GcsAutoscalerStateManager: 
- last_seen_autoscaler_state_version_: 0
- last_cluster_resource_state_version_: 0
- pending demands:



[2025-06-26 10:48:53,004 I 2395789 2395789] (gcs_server) gcs_server.cc:870: Main service Event stats:


Global stats: 27 total (5 active)
Queueing time: mean = 64.807 ms, max = 193.589 ms, min = 80.000 ns, total = 1.750 s
Execution time:  mean = 14.380 ms, total = 388.266 ms
Event stats:
	GcsInMemoryStore.Put - 9 total (0 active), Execution time: mean = 21.512 ms, total = 193.605 ms, Queueing time: mean = 150.192 ms, max = 193.247 ms, min = 1.643 us, total = 1.352 s
	GcsInMemoryStore.GetAll - 5 total (0 active), Execution time: mean = 6.559 us, total = 32.797 us, Queueing time: mean = 28.182 us, max = 29.619 us, min = 24.451 us, total = 140.909 us
	PeriodicalRunner.RunFnPeriodically - 4 total (2 active, 1 running), Execution time: mean = 1.479 us, total = 5.917 us, Queueing time: mean = 96.771 ms, max = 193.589 ms, min = 193.496 ms, total = 387.085 ms
	event_loop_lag_probe - 2 total (0 active), Execution time: mean = 6.934 us, total = 13.868 us, Queueing time: mean = 4.962 ms, max = 9.884 ms, min = 40.945 us, total = 9.925 ms
	NodeInfoGcsService.grpc_server.GetClusterId - 1 total (1 active), Execution time: mean = 0.000 s, total = 0.000 s, Queueing time: mean = 0.000 s, max = -0.000 s, min = 9223372036.855 s, total = 0.000 s
	GcsInitData::AsyncLoad - 1 total (0 active), Execution time: mean = 6.191 us, total = 6.191 us, Queueing time: mean = 232.000 ns, max = 232.000 ns, min = 232.000 ns, total = 232.000 ns
	RayletLoadPulled - 1 total (1 active), Execution time: mean = 0.000 s, total = 0.000 s, Queueing time: mean = 0.000 s, max = -0.000 s, min = 9223372036.855 s, total = 0.000 s
	GcsInMemoryStore.Get - 1 total (0 active), Execution time: mean = 10.767 us, total = 10.767 us, Queueing time: mean = 16.602 us, max = 16.602 us, min = 16.602 us, total = 16.602 us
	NodeInfoGcsService.grpc_server.GetClusterId.HandleRequestImpl - 1 total (0 active), Execution time: mean = 1.001 ms, total = 1.001 ms, Queueing time: mean = 890.151 us, max = 890.151 us, min = 890.151 us, total = 890.151 us
	ClusterResourceManager.ResetRemoteNodeView - 1 total (1 active), Execution time: mean = 0.000 s, total = 0.000 s, Queueing time: mean = 0.000 s, max = -0.000 s, min = 9223372036.855 s, total = 0.000 s
	GcsServer.GetOrGenerateClusterId.continuation - 1 total (0 active), Execution time: mean = 193.591 ms, total = 193.591 ms, Queueing time: mean = 80.000 ns, max = 80.000 ns, min = 80.000 ns, total = 80.000 ns


[2025-06-26 10:48:53,004 I 2395789 2395789] (gcs_server) gcs_server.cc:874: task_io_context Event stats:


Global stats: 4 total (1 active)
Queueing time: mean = 170.541 us, max = 598.948 us, min = 24.213 us, total = 682.162 us
Execution time:  mean = 73.863 us, total = 295.451 us
Event stats:
	event_loop_lag_probe - 2 total (0 active), Execution time: mean = 144.986 us, total = 289.971 us, Queueing time: mean = 328.974 us, max = 598.948 us, min = 59.001 us, total = 657.949 us
	PeriodicalRunner.RunFnPeriodically - 1 total (0 active), Execution time: mean = 5.480 us, total = 5.480 us, Queueing time: mean = 24.213 us, max = 24.213 us, min = 24.213 us, total = 24.213 us
	GcsTaskManager.GcJobSummary - 1 total (1 active), Execution time: mean = 0.000 s, total = 0.000 s, Queueing time: mean = 0.000 s, max = -0.000 s, min = 9223372036.855 s, total = 0.000 s


[2025-06-26 10:48:53,004 I 2395789 2395789] (gcs_server) gcs_server.cc:874: pubsub_io_context Event stats:


Global stats: 4 total (1 active)
Queueing time: mean = 322.908 us, max = 1.245 ms, min = 16.368 us, total = 1.292 ms
Execution time:  mean = 33.789 us, total = 135.156 us
Event stats:
	event_loop_lag_probe - 2 total (0 active), Execution time: mean = 65.697 us, total = 131.394 us, Queueing time: mean = 637.633 us, max = 1.245 ms, min = 30.302 us, total = 1.275 ms
	PeriodicalRunner.RunFnPeriodically - 1 total (0 active), Execution time: mean = 3.762 us, total = 3.762 us, Queueing time: mean = 16.368 us, max = 16.368 us, min = 16.368 us, total = 16.368 us
	Publisher.CheckDeadSubscribers - 1 total (1 active), Execution time: mean = 0.000 s, total = 0.000 s, Queueing time: mean = 0.000 s, max = -0.000 s, min = 9223372036.855 s, total = 0.000 s


[2025-06-26 10:48:53,004 I 2395789 2395789] (gcs_server) gcs_server.cc:874: ray_syncer_io_context Event stats:


Global stats: 4 total (0 active)
Queueing time: mean = 509.885 us, max = 1.956 ms, min = 25.903 us, total = 2.040 ms
Execution time:  mean = 36.205 us, total = 144.819 us
Event stats:
	RaySyncerRegister - 2 total (0 active), Execution time: mean = 397.000 ns, total = 794.000 ns, Queueing time: mean = 28.967 us, max = 29.231 us, min = 28.703 us, total = 57.934 us
	event_loop_lag_probe - 2 total (0 active), Execution time: mean = 72.013 us, total = 144.025 us, Queueing time: mean = 990.804 us, max = 1.956 ms, min = 25.903 us, total = 1.982 ms


[2025-06-26 10:48:54,929 I 2395789 2395789] (gcs_server) gcs_node_manager.cc:92: Registering node info, address = 192.168.10.101, node name = 192.168.10.101 node_id=83f0a208edad6f05363fd53c636443cbbcf5471e73d70136fb71618f
[2025-06-26 10:48:54,929 I 2395789 2395789] (gcs_server) gcs_node_manager.cc:98: Finished registering node info, address = 192.168.10.101, node name = 192.168.10.101, is_head_node = 1 node_id=83f0a208edad6f05363fd53c636443cbbcf5471e73d70136fb71618f
[2025-06-26 10:48:54,929 I 2395789 2395789] (gcs_server) gcs_placement_group_mgr.cc:851: A new node: 83f0a208edad6f05363fd53c636443cbbcf5471e73d70136fb71618f registered, will try to reschedule all the infeasible placement groups.
[2025-06-26 10:48:55,012 I 2395789 2395874] (gcs_server) ray_syncer.cc:244: Get connection node_id=83f0a208edad6f05363fd53c636443cbbcf5471e73d70136fb71618f
[2025-06-26 10:48:56,226 I 2395789 2395789] (gcs_server) gcs_job_manager.cc:97: Adding job, job id = 01000000, driver pid = 2395290
[2025-06-26 10:48:56,226 I 2395789 2395789] (gcs_server) gcs_job_manager.cc:118: Finished adding job, job id = 01000000, driver pid = 2395290
[2025-06-26 10:48:56,292 I 2395789 2395789] (gcs_server) gcs_actor_manager.cc:403: Registering actor job_id=01000000 actor_id=89e10e5139d7ac54106e5dbd01000000
[2025-06-26 10:48:56,293 I 2395789 2395789] (gcs_server) gcs_actor_manager.cc:408: Registered actor, job id = 01000000, actor id = 89e10e5139d7ac54106e5dbd01000000
[2025-06-26 10:48:56,294 I 2395789 2395789] (gcs_server) gcs_actor_manager.cc:515: Creating actor job_id=01000000 actor_id=89e10e5139d7ac54106e5dbd01000000
[2025-06-26 10:48:56,294 I 2395789 2395789] (gcs_server) gcs_actor_scheduler.cc:318: Start leasing worker from node 83f0a208edad6f05363fd53c636443cbbcf5471e73d70136fb71618f for actor 89e10e5139d7ac54106e5dbd01000000, job id = 01000000
[2025-06-26 10:48:56,295 I 2395789 2395789] (gcs_server) gcs_actor_scheduler.cc:642: Finished leasing worker from 83f0a208edad6f05363fd53c636443cbbcf5471e73d70136fb71618f for actor 89e10e5139d7ac54106e5dbd01000000, job id = 01000000
[2025-06-26 10:48:56,295 I 2395789 2395789] (gcs_server) gcs_actor_scheduler.cc:454: Start creating actor 89e10e5139d7ac54106e5dbd01000000 on worker 61373fab58ebf7b02ca5e51aac2407fa84130858330e6d19d5fbeef1 at node 83f0a208edad6f05363fd53c636443cbbcf5471e73d70136fb71618f, job id = 01000000
[2025-06-26 10:49:00,929 I 2395789 2395789] (gcs_server) gcs_actor_scheduler.cc:491: Finished actor creation task for actor 89e10e5139d7ac54106e5dbd01000000 on worker 61373fab58ebf7b02ca5e51aac2407fa84130858330e6d19d5fbeef1 at node 83f0a208edad6f05363fd53c636443cbbcf5471e73d70136fb71618f, job id = 01000000
[2025-06-26 10:49:00,930 I 2395789 2395789] (gcs_server) gcs_actor_manager.cc:1586: Actor created successfully job_id=01000000 actor_id=89e10e5139d7ac54106e5dbd01000000
[2025-06-26 10:49:00,930 I 2395789 2395789] (gcs_server) gcs_actor_manager.cc:530: Finished creating actor. Status: OK job_id=01000000 actor_id=89e10e5139d7ac54106e5dbd01000000
[2025-06-26 10:49:00,933 I 2395789 2395789] (gcs_server) gcs_actor_manager.cc:403: Registering actor job_id=01000000 actor_id=d24c6cf16eb0229a989dda8f01000000
[2025-06-26 10:49:00,933 I 2395789 2395789] (gcs_server) gcs_actor_manager.cc:408: Registered actor, job id = 01000000, actor id = d24c6cf16eb0229a989dda8f01000000
[2025-06-26 10:49:00,934 I 2395789 2395789] (gcs_server) gcs_actor_manager.cc:515: Creating actor job_id=01000000 actor_id=d24c6cf16eb0229a989dda8f01000000
[2025-06-26 10:49:00,934 I 2395789 2395789] (gcs_server) gcs_actor_scheduler.cc:318: Start leasing worker from node 83f0a208edad6f05363fd53c636443cbbcf5471e73d70136fb71618f for actor d24c6cf16eb0229a989dda8f01000000, job id = 01000000
[2025-06-26 10:49:00,934 I 2395789 2395789] (gcs_server) gcs_actor_scheduler.cc:642: Finished leasing worker from 83f0a208edad6f05363fd53c636443cbbcf5471e73d70136fb71618f for actor d24c6cf16eb0229a989dda8f01000000, job id = 01000000
[2025-06-26 10:49:00,935 I 2395789 2395789] (gcs_server) gcs_actor_scheduler.cc:454: Start creating actor d24c6cf16eb0229a989dda8f01000000 on worker 5d62660ee63b12392d349b75e1a5508f6a6658fa3a6b81cc9ef1554a at node 83f0a208edad6f05363fd53c636443cbbcf5471e73d70136fb71618f, job id = 01000000
[2025-06-26 10:49:02,822 W 2395789 2395813] (gcs_server) metric_exporter.cc:105: [1] Export metrics to agent failed: RpcError: RPC Error message: failed to connect to all addresses; last error: UNKNOWN: ipv4:127.0.0.1:53418: Failed to connect to remote host: Connection refused; RPC Error details:  rpc_code: 14. This won't affect Ray, but you can lose metrics from the cluster.
[2025-06-26 10:49:05,700 I 2395789 2395789] (gcs_server) gcs_actor_scheduler.cc:491: Finished actor creation task for actor d24c6cf16eb0229a989dda8f01000000 on worker 5d62660ee63b12392d349b75e1a5508f6a6658fa3a6b81cc9ef1554a at node 83f0a208edad6f05363fd53c636443cbbcf5471e73d70136fb71618f, job id = 01000000
[2025-06-26 10:49:05,700 I 2395789 2395789] (gcs_server) gcs_actor_manager.cc:1586: Actor created successfully job_id=01000000 actor_id=d24c6cf16eb0229a989dda8f01000000
[2025-06-26 10:49:05,700 I 2395789 2395789] (gcs_server) gcs_actor_manager.cc:530: Finished creating actor. Status: OK job_id=01000000 actor_id=d24c6cf16eb0229a989dda8f01000000
[2025-06-26 10:49:05,704 I 2395789 2395789] (gcs_server) gcs_actor_manager.cc:403: Registering actor job_id=01000000 actor_id=9db3add85c7d9dad2988da1c01000000
[2025-06-26 10:49:05,704 I 2395789 2395789] (gcs_server) gcs_actor_manager.cc:408: Registered actor, job id = 01000000, actor id = 9db3add85c7d9dad2988da1c01000000
[2025-06-26 10:49:05,704 I 2395789 2395789] (gcs_server) gcs_actor_manager.cc:515: Creating actor job_id=01000000 actor_id=9db3add85c7d9dad2988da1c01000000
[2025-06-26 10:49:05,704 I 2395789 2395789] (gcs_server) gcs_actor_scheduler.cc:318: Start leasing worker from node 83f0a208edad6f05363fd53c636443cbbcf5471e73d70136fb71618f for actor 9db3add85c7d9dad2988da1c01000000, job id = 01000000
[2025-06-26 10:49:05,705 I 2395789 2395789] (gcs_server) gcs_actor_scheduler.cc:642: Finished leasing worker from 83f0a208edad6f05363fd53c636443cbbcf5471e73d70136fb71618f for actor 9db3add85c7d9dad2988da1c01000000, job id = 01000000
[2025-06-26 10:49:05,705 I 2395789 2395789] (gcs_server) gcs_actor_scheduler.cc:454: Start creating actor 9db3add85c7d9dad2988da1c01000000 on worker b355c4fbe6dad505b8c2516b675ecb83286f8c2b49ae33d13a75f630 at node 83f0a208edad6f05363fd53c636443cbbcf5471e73d70136fb71618f, job id = 01000000
[2025-06-26 10:49:10,542 I 2395789 2395789] (gcs_server) gcs_actor_scheduler.cc:491: Finished actor creation task for actor 9db3add85c7d9dad2988da1c01000000 on worker b355c4fbe6dad505b8c2516b675ecb83286f8c2b49ae33d13a75f630 at node 83f0a208edad6f05363fd53c636443cbbcf5471e73d70136fb71618f, job id = 01000000
[2025-06-26 10:49:10,542 I 2395789 2395789] (gcs_server) gcs_actor_manager.cc:1586: Actor created successfully job_id=01000000 actor_id=9db3add85c7d9dad2988da1c01000000
[2025-06-26 10:49:10,542 I 2395789 2395789] (gcs_server) gcs_actor_manager.cc:530: Finished creating actor. Status: OK job_id=01000000 actor_id=9db3add85c7d9dad2988da1c01000000
[2025-06-26 10:49:10,546 I 2395789 2395789] (gcs_server) gcs_actor_manager.cc:403: Registering actor job_id=01000000 actor_id=6d29153358c5e20e5cd964b401000000
[2025-06-26 10:49:10,546 I 2395789 2395789] (gcs_server) gcs_actor_manager.cc:408: Registered actor, job id = 01000000, actor id = 6d29153358c5e20e5cd964b401000000
[2025-06-26 10:49:10,547 I 2395789 2395789] (gcs_server) gcs_actor_manager.cc:515: Creating actor job_id=01000000 actor_id=6d29153358c5e20e5cd964b401000000
[2025-06-26 10:49:10,547 I 2395789 2395789] (gcs_server) gcs_actor_scheduler.cc:318: Start leasing worker from node 83f0a208edad6f05363fd53c636443cbbcf5471e73d70136fb71618f for actor 6d29153358c5e20e5cd964b401000000, job id = 01000000
[2025-06-26 10:49:10,547 I 2395789 2395789] (gcs_server) gcs_actor_scheduler.cc:642: Finished leasing worker from 83f0a208edad6f05363fd53c636443cbbcf5471e73d70136fb71618f for actor 6d29153358c5e20e5cd964b401000000, job id = 01000000
[2025-06-26 10:49:10,548 I 2395789 2395789] (gcs_server) gcs_actor_scheduler.cc:454: Start creating actor 6d29153358c5e20e5cd964b401000000 on worker 612c04deb2d300873cca536ed80f58ae4d66b3b0d6f4b3af133b2723 at node 83f0a208edad6f05363fd53c636443cbbcf5471e73d70136fb71618f, job id = 01000000
[2025-06-26 10:49:15,323 I 2395789 2395789] (gcs_server) gcs_actor_scheduler.cc:491: Finished actor creation task for actor 6d29153358c5e20e5cd964b401000000 on worker 612c04deb2d300873cca536ed80f58ae4d66b3b0d6f4b3af133b2723 at node 83f0a208edad6f05363fd53c636443cbbcf5471e73d70136fb71618f, job id = 01000000
[2025-06-26 10:49:15,323 I 2395789 2395789] (gcs_server) gcs_actor_manager.cc:1586: Actor created successfully job_id=01000000 actor_id=6d29153358c5e20e5cd964b401000000
[2025-06-26 10:49:15,323 I 2395789 2395789] (gcs_server) gcs_actor_manager.cc:530: Finished creating actor. Status: OK job_id=01000000 actor_id=6d29153358c5e20e5cd964b401000000
[2025-06-26 10:49:15,326 I 2395789 2395789] (gcs_server) gcs_actor_manager.cc:403: Registering actor job_id=01000000 actor_id=f2dda39976eef65bc7b3d05301000000
[2025-06-26 10:49:15,326 I 2395789 2395789] (gcs_server) gcs_actor_manager.cc:408: Registered actor, job id = 01000000, actor id = f2dda39976eef65bc7b3d05301000000
[2025-06-26 10:49:15,327 I 2395789 2395789] (gcs_server) gcs_actor_manager.cc:515: Creating actor job_id=01000000 actor_id=f2dda39976eef65bc7b3d05301000000
[2025-06-26 10:49:15,327 I 2395789 2395789] (gcs_server) gcs_actor_scheduler.cc:318: Start leasing worker from node 83f0a208edad6f05363fd53c636443cbbcf5471e73d70136fb71618f for actor f2dda39976eef65bc7b3d05301000000, job id = 01000000
[2025-06-26 10:49:15,327 I 2395789 2395789] (gcs_server) gcs_actor_scheduler.cc:642: Finished leasing worker from 83f0a208edad6f05363fd53c636443cbbcf5471e73d70136fb71618f for actor f2dda39976eef65bc7b3d05301000000, job id = 01000000
[2025-06-26 10:49:15,328 I 2395789 2395789] (gcs_server) gcs_actor_scheduler.cc:454: Start creating actor f2dda39976eef65bc7b3d05301000000 on worker 3897b91be8fa4c9669d761f9b86aa00bd0f13c861fa5954c027efba4 at node 83f0a208edad6f05363fd53c636443cbbcf5471e73d70136fb71618f, job id = 01000000
[2025-06-26 10:49:20,149 I 2395789 2395789] (gcs_server) gcs_actor_scheduler.cc:491: Finished actor creation task for actor f2dda39976eef65bc7b3d05301000000 on worker 3897b91be8fa4c9669d761f9b86aa00bd0f13c861fa5954c027efba4 at node 83f0a208edad6f05363fd53c636443cbbcf5471e73d70136fb71618f, job id = 01000000
[2025-06-26 10:49:20,149 I 2395789 2395789] (gcs_server) gcs_actor_manager.cc:1586: Actor created successfully job_id=01000000 actor_id=f2dda39976eef65bc7b3d05301000000
[2025-06-26 10:49:20,150 I 2395789 2395789] (gcs_server) gcs_actor_manager.cc:530: Finished creating actor. Status: OK job_id=01000000 actor_id=f2dda39976eef65bc7b3d05301000000
[2025-06-26 10:49:20,154 I 2395789 2395789] (gcs_server) gcs_actor_manager.cc:403: Registering actor job_id=01000000 actor_id=955ed0c5c5f1fa76f5fd3e9b01000000
[2025-06-26 10:49:20,154 I 2395789 2395789] (gcs_server) gcs_actor_manager.cc:408: Registered actor, job id = 01000000, actor id = 955ed0c5c5f1fa76f5fd3e9b01000000
[2025-06-26 10:49:20,155 I 2395789 2395789] (gcs_server) gcs_actor_manager.cc:515: Creating actor job_id=01000000 actor_id=955ed0c5c5f1fa76f5fd3e9b01000000
[2025-06-26 10:49:20,155 I 2395789 2395789] (gcs_server) gcs_actor_scheduler.cc:318: Start leasing worker from node 83f0a208edad6f05363fd53c636443cbbcf5471e73d70136fb71618f for actor 955ed0c5c5f1fa76f5fd3e9b01000000, job id = 01000000
[2025-06-26 10:49:20,155 I 2395789 2395789] (gcs_server) gcs_actor_scheduler.cc:642: Finished leasing worker from 83f0a208edad6f05363fd53c636443cbbcf5471e73d70136fb71618f for actor 955ed0c5c5f1fa76f5fd3e9b01000000, job id = 01000000
[2025-06-26 10:49:20,155 I 2395789 2395789] (gcs_server) gcs_actor_scheduler.cc:454: Start creating actor 955ed0c5c5f1fa76f5fd3e9b01000000 on worker 7490cc6c3fbb9e7e27241fc50b081a4e82752e2a80c47baa34403707 at node 83f0a208edad6f05363fd53c636443cbbcf5471e73d70136fb71618f, job id = 01000000
[2025-06-26 10:49:24,816 I 2395789 2395789] (gcs_server) gcs_actor_scheduler.cc:491: Finished actor creation task for actor 955ed0c5c5f1fa76f5fd3e9b01000000 on worker 7490cc6c3fbb9e7e27241fc50b081a4e82752e2a80c47baa34403707 at node 83f0a208edad6f05363fd53c636443cbbcf5471e73d70136fb71618f, job id = 01000000
[2025-06-26 10:49:24,816 I 2395789 2395789] (gcs_server) gcs_actor_manager.cc:1586: Actor created successfully job_id=01000000 actor_id=955ed0c5c5f1fa76f5fd3e9b01000000
[2025-06-26 10:49:24,817 I 2395789 2395789] (gcs_server) gcs_actor_manager.cc:530: Finished creating actor. Status: OK job_id=01000000 actor_id=955ed0c5c5f1fa76f5fd3e9b01000000
[2025-06-26 10:49:24,820 I 2395789 2395789] (gcs_server) gcs_actor_manager.cc:403: Registering actor job_id=01000000 actor_id=2949bc25d2ce34f27dd4593c01000000
[2025-06-26 10:49:24,820 I 2395789 2395789] (gcs_server) gcs_actor_manager.cc:408: Registered actor, job id = 01000000, actor id = 2949bc25d2ce34f27dd4593c01000000
[2025-06-26 10:49:24,821 I 2395789 2395789] (gcs_server) gcs_actor_manager.cc:515: Creating actor job_id=01000000 actor_id=2949bc25d2ce34f27dd4593c01000000
[2025-06-26 10:49:24,821 I 2395789 2395789] (gcs_server) gcs_actor_scheduler.cc:318: Start leasing worker from node 83f0a208edad6f05363fd53c636443cbbcf5471e73d70136fb71618f for actor 2949bc25d2ce34f27dd4593c01000000, job id = 01000000
[2025-06-26 10:49:24,821 I 2395789 2395789] (gcs_server) gcs_actor_scheduler.cc:642: Finished leasing worker from 83f0a208edad6f05363fd53c636443cbbcf5471e73d70136fb71618f for actor 2949bc25d2ce34f27dd4593c01000000, job id = 01000000
[2025-06-26 10:49:24,821 I 2395789 2395789] (gcs_server) gcs_actor_scheduler.cc:454: Start creating actor 2949bc25d2ce34f27dd4593c01000000 on worker 9975d096fb4f06cc326a32b1ea65106319209216079ee099979bad0f at node 83f0a208edad6f05363fd53c636443cbbcf5471e73d70136fb71618f, job id = 01000000
[2025-06-26 10:49:29,449 I 2395789 2395789] (gcs_server) gcs_actor_scheduler.cc:491: Finished actor creation task for actor 2949bc25d2ce34f27dd4593c01000000 on worker 9975d096fb4f06cc326a32b1ea65106319209216079ee099979bad0f at node 83f0a208edad6f05363fd53c636443cbbcf5471e73d70136fb71618f, job id = 01000000
[2025-06-26 10:49:29,449 I 2395789 2395789] (gcs_server) gcs_actor_manager.cc:1586: Actor created successfully job_id=01000000 actor_id=2949bc25d2ce34f27dd4593c01000000
[2025-06-26 10:49:29,449 I 2395789 2395789] (gcs_server) gcs_actor_manager.cc:530: Finished creating actor. Status: OK job_id=01000000 actor_id=2949bc25d2ce34f27dd4593c01000000
[2025-06-26 10:49:29,452 I 2395789 2395789] (gcs_server) gcs_actor_manager.cc:403: Registering actor job_id=01000000 actor_id=f402744f214b97ec54d5194001000000
[2025-06-26 10:49:29,452 I 2395789 2395789] (gcs_server) gcs_actor_manager.cc:408: Registered actor, job id = 01000000, actor id = f402744f214b97ec54d5194001000000
[2025-06-26 10:49:29,453 I 2395789 2395789] (gcs_server) gcs_actor_manager.cc:515: Creating actor job_id=01000000 actor_id=f402744f214b97ec54d5194001000000
[2025-06-26 10:49:29,453 I 2395789 2395789] (gcs_server) gcs_actor_scheduler.cc:318: Start leasing worker from node 83f0a208edad6f05363fd53c636443cbbcf5471e73d70136fb71618f for actor f402744f214b97ec54d5194001000000, job id = 01000000
[2025-06-26 10:49:29,454 I 2395789 2395789] (gcs_server) gcs_actor_scheduler.cc:642: Finished leasing worker from 83f0a208edad6f05363fd53c636443cbbcf5471e73d70136fb71618f for actor f402744f214b97ec54d5194001000000, job id = 01000000
[2025-06-26 10:49:29,454 I 2395789 2395789] (gcs_server) gcs_actor_scheduler.cc:454: Start creating actor f402744f214b97ec54d5194001000000 on worker d2e623de373fe55c620944335af043611e2ba5698915bdb1d98f3674 at node 83f0a208edad6f05363fd53c636443cbbcf5471e73d70136fb71618f, job id = 01000000
[2025-06-26 10:49:34,132 I 2395789 2395789] (gcs_server) gcs_actor_scheduler.cc:491: Finished actor creation task for actor f402744f214b97ec54d5194001000000 on worker d2e623de373fe55c620944335af043611e2ba5698915bdb1d98f3674 at node 83f0a208edad6f05363fd53c636443cbbcf5471e73d70136fb71618f, job id = 01000000
[2025-06-26 10:49:34,132 I 2395789 2395789] (gcs_server) gcs_actor_manager.cc:1586: Actor created successfully job_id=01000000 actor_id=f402744f214b97ec54d5194001000000
[2025-06-26 10:49:34,133 I 2395789 2395789] (gcs_server) gcs_actor_manager.cc:530: Finished creating actor. Status: OK job_id=01000000 actor_id=f402744f214b97ec54d5194001000000
[2025-06-26 10:49:53,004 I 2395789 2395789] (gcs_server) gcs_server.cc:249: Gcs Debug state:

GcsNodeManager: 
- RegisterNode request count: 1
- DrainNode request count: 0
- GetAllNodeInfo request count: 196

GcsActorManager: 
- RegisterActor request count: 8
- CreateActor request count: 8
- GetActorInfo request count: 8
- GetNamedActorInfo request count: 0
- GetAllActorInfo request count: 0
- KillActor request count: 0
- ListNamedActors request count: 0
- Registered actors count: 8
- Destroyed actors count: 0
- Named actors count: 0
- Unresolved actors count: 0
- Pending actors count: 0
- Created actors count: 1
- owners_: 1
- actor_to_register_callbacks_: 0
- actor_to_restart_for_lineage_reconstruction_callbacks_: 0
- actor_to_create_callbacks_: 0
- sorted_destroyed_actor_list_: 0

GcsResourceManager: 
- GetAllAvailableResources request count: 1
- GetAllTotalResources request count: 0
- GetAllResourceUsage request count: 12

GcsPlacementGroupManager: 
- CreatePlacementGroup request count: 0
- RemovePlacementGroup request count: 0
- GetPlacementGroup request count: 0
- GetAllPlacementGroup request count: 0
- WaitPlacementGroupUntilReady request count: 0
- GetNamedPlacementGroup request count: 0
- Scheduling pending placement group count: 0
- Registered placement groups count: 0
- Named placement group count: 0
- Pending placement groups count: 0
- Infeasible placement groups count: 0

Publisher:
GCS_NODE_INFO_CHANNEL
- cumulative published messages: 1
- cumulative published bytes: 607
- current buffered bytes: 0
GCS_JOB_CHANNEL
- cumulative published messages: 1
- cumulative published bytes: 302
- current buffered bytes: 302
GCS_ACTOR_CHANNEL
- cumulative published messages: 24
- cumulative published bytes: 8376
- current buffered bytes: 1400
RAY_LOG_CHANNEL
- cumulative published messages: 12
- cumulative published bytes: 12349
- current buffered bytes: 899

[runtime env manager] ID to URIs table:
[runtime env manager] URIs reference table:

GcsTaskManager: 
-Total num task events reported: 84
-Total num status task events dropped: 0
-Total num profile events dropped: 0
-Current num of task events stored: 26
-Total num of actor creation tasks: 8
-Total num of actor tasks: 17
-Total num of normal tasks: 0
-Total num of driver tasks: 1

GcsAutoscalerStateManager: 
- last_seen_autoscaler_state_version_: 0
- last_cluster_resource_state_version_: 12
- pending demands:



[2025-06-26 10:49:53,005 I 2395789 2395789] (gcs_server) gcs_server.cc:870: Main service Event stats:


Global stats: 2473 total (12 active)
Queueing time: mean = 725.028 us, max = 193.589 ms, min = 80.000 ns, total = 1.793 s
Execution time:  mean = 30.836 ms, total = 76.258 s
Event stats:
	GcsInMemoryStore.Put - 252 total (0 active), Execution time: mean = 789.849 us, total = 199.042 ms, Queueing time: mean = 5.384 ms, max = 193.247 ms, min = 897.000 ns, total = 1.357 s
	event_loop_lag_probe - 242 total (0 active), Execution time: mean = 11.547 us, total = 2.794 ms, Queueing time: mean = 44.831 us, max = 9.884 ms, min = 1.077 us, total = 10.849 ms
	GcsInMemoryStore.Get - 228 total (0 active), Execution time: mean = 12.775 us, total = 2.913 ms, Queueing time: mean = 4.265 us, max = 38.710 us, min = 988.000 ns, total = 972.473 us
	InternalKVGcsService.grpc_server.InternalKVGet.HandleRequestImpl - 227 total (0 active), Execution time: mean = 15.967 us, total = 3.625 ms, Queueing time: mean = 26.095 us, max = 447.452 us, min = 1.693 us, total = 5.924 ms
	InternalKVGcsService.grpc_server.InternalKVGet - 227 total (0 active), Execution time: mean = 196.186 us, total = 44.534 ms, Queueing time: mean = 0.000 s, max = -0.000 s, min = 9223372036.855 s, total = 0.000 s
	NodeInfoGcsService.grpc_server.GetAllNodeInfo.HandleRequestImpl - 196 total (0 active), Execution time: mean = 29.870 us, total = 5.855 ms, Queueing time: mean = 36.473 us, max = 1.684 ms, min = 3.917 us, total = 7.149 ms
	NodeInfoGcsService.grpc_server.GetAllNodeInfo - 196 total (0 active), Execution time: mean = 213.323 us, total = 41.811 ms, Queueing time: mean = 0.000 s, max = -0.000 s, min = 9223372036.855 s, total = 0.000 s
	NodeInfoGcsService.grpc_server.GetClusterId - 101 total (0 active), Execution time: mean = 315.855 us, total = 31.901 ms, Queueing time: mean = 0.000 s, max = -0.000 s, min = 9223372036.855 s, total = 0.000 s
	NodeInfoGcsService.grpc_server.GetClusterId.HandleRequestImpl - 101 total (0 active), Execution time: mean = 21.409 us, total = 2.162 ms, Queueing time: mean = 64.426 us, max = 1.486 ms, min = 3.017 us, total = 6.507 ms
	WorkerInfoGcsService.grpc_server.AddWorkerInfo - 97 total (0 active), Execution time: mean = 193.375 us, total = 18.757 ms, Queueing time: mean = 0.000 s, max = -0.000 s, min = 9223372036.855 s, total = 0.000 s
	WorkerInfoGcsService.grpc_server.AddWorkerInfo.HandleRequestImpl - 97 total (0 active), Execution time: mean = 16.122 us, total = 1.564 ms, Queueing time: mean = 21.688 us, max = 111.781 us, min = 3.769 us, total = 2.104 ms
	RayletLoadPulled - 60 total (1 active), Execution time: mean = 112.911 us, total = 6.775 ms, Queueing time: mean = 37.236 us, max = 669.357 us, min = 10.297 us, total = 2.234 ms
	NodeManagerService.grpc_client.GetResourceLoad.OnReplyReceived - 58 total (0 active), Execution time: mean = 30.812 us, total = 1.787 ms, Queueing time: mean = 40.580 us, max = 611.165 us, min = 16.242 us, total = 2.354 ms
	NodeManagerService.grpc_client.GetResourceLoad - 58 total (0 active), Execution time: mean = 586.831 us, total = 34.036 ms, Queueing time: mean = 0.000 s, max = -0.000 s, min = 9223372036.855 s, total = 0.000 s
	InternalKVGcsService.grpc_server.InternalKVPut.HandleRequestImpl - 40 total (0 active), Execution time: mean = 13.014 us, total = 520.550 us, Queueing time: mean = 23.837 us, max = 183.272 us, min = 11.371 us, total = 953.489 us
	InternalKVGcsService.grpc_server.InternalKVPut - 40 total (0 active), Execution time: mean = 246.659 us, total = 9.866 ms, Queueing time: mean = 0.000 s, max = -0.000 s, min = 9223372036.855 s, total = 0.000 s
	ClusterResourceManager.ResetRemoteNodeView - 21 total (1 active), Execution time: mean = 6.151 us, total = 129.172 us, Queueing time: mean = 36.145 us, max = 98.279 us, min = 18.713 us, total = 759.039 us
	HealthCheck - 14 total (0 active), Execution time: mean = 2.676 us, total = 37.462 us, Queueing time: mean = 26.302 us, max = 49.706 us, min = 18.535 us, total = 368.224 us
	NodeInfoGcsService.grpc_server.CheckAlive - 13 total (0 active), Execution time: mean = 1.076 ms, total = 13.986 ms, Queueing time: mean = 0.000 s, max = -0.000 s, min = 9223372036.855 s, total = 0.000 s
	NodeInfoGcsService.grpc_server.CheckAlive.HandleRequestImpl - 13 total (0 active), Execution time: mean = 17.290 us, total = 224.773 us, Queueing time: mean = 325.624 us, max = 3.814 ms, min = 17.631 us, total = 4.233 ms
	NodeResourceInfoGcsService.grpc_server.GetAllResourceUsage - 12 total (0 active), Execution time: mean = 262.167 us, total = 3.146 ms, Queueing time: mean = 0.000 s, max = -0.000 s, min = 9223372036.855 s, total = 0.000 s
	AutoscalerStateService.grpc_server.GetClusterResourceState - 12 total (0 active), Execution time: mean = 189.174 us, total = 2.270 ms, Queueing time: mean = 0.000 s, max = -0.000 s, min = 9223372036.855 s, total = 0.000 s
	NodeResourceInfoGcsService.grpc_server.GetAllResourceUsage.HandleRequestImpl - 12 total (0 active), Execution time: mean = 54.506 us, total = 654.072 us, Queueing time: mean = 29.605 us, max = 61.547 us, min = 17.547 us, total = 355.258 us
	AutoscalerStateService.grpc_server.GetClusterResourceState.HandleRequestImpl - 12 total (0 active), Execution time: mean = 24.332 us, total = 291.980 us, Queueing time: mean = 18.177 us, max = 38.700 us, min = 13.458 us, total = 218.128 us
	GcsResourceManager::Update - 10 total (0 active), Execution time: mean = 53.813 us, total = 538.134 us, Queueing time: mean = 16.870 us, max = 42.497 us, min = 5.069 us, total = 168.702 us
	GcsHealthCheckManager::MarkNodeHealthy - 10 total (0 active), Execution time: mean = 1.641 us, total = 16.408 us, Queueing time: mean = 29.853 us, max = 52.307 us, min = 12.481 us, total = 298.534 us
	ActorInfoGcsService.grpc_server.GetActorInfo.HandleRequestImpl - 8 total (0 active), Execution time: mean = 12.819 us, total = 102.552 us, Queueing time: mean = 17.693 us, max = 20.709 us, min = 16.075 us, total = 141.547 us
	NodeManagerService.grpc_client.RequestWorkerLease.OnReplyReceived - 8 total (0 active), Execution time: mean = 163.645 us, total = 1.309 ms, Queueing time: mean = 19.967 us, max = 21.974 us, min = 17.727 us, total = 159.735 us
	ActorInfoGcsService.grpc_server.CreateActor - 8 total (0 active), Execution time: mean = 4.726 s, total = 37.811 s, Queueing time: mean = 0.000 s, max = -0.000 s, min = 9223372036.855 s, total = 0.000 s
	CoreWorkerService.grpc_client.WaitForActorRefDeleted - 8 total (8 active), Execution time: mean = 0.000 s, total = 0.000 s, Queueing time: mean = 0.000 s, max = -0.000 s, min = 9223372036.855 s, total = 0.000 s
	ActorInfoGcsService.grpc_server.RegisterActor - 8 total (0 active), Execution time: mean = 452.496 us, total = 3.620 ms, Queueing time: mean = 0.000 s, max = -0.000 s, min = 9223372036.855 s, total = 0.000 s
	ActorInfoGcsService.grpc_server.RegisterActor.HandleRequestImpl - 8 total (0 active), Execution time: mean = 239.745 us, total = 1.918 ms, Queueing time: mean = 19.084 us, max = 20.524 us, min = 15.685 us, total = 152.676 us
	ActorInfoGcsService.grpc_server.CreateActor.HandleRequestImpl - 8 total (0 active), Execution time: mean = 186.368 us, total = 1.491 ms, Queueing time: mean = 15.417 us, max = 16.967 us, min = 11.929 us, total = 123.335 us
	NodeManagerService.grpc_client.RequestWorkerLease - 8 total (0 active), Execution time: mean = 598.864 us, total = 4.791 ms, Queueing time: mean = 0.000 s, max = -0.000 s, min = 9223372036.855 s, total = 0.000 s
	CoreWorkerService.grpc_client.PushTask.OnReplyReceived - 8 total (0 active), Execution time: mean = 294.525 us, total = 2.356 ms, Queueing time: mean = 22.335 us, max = 24.848 us, min = 18.161 us, total = 178.678 us
	CoreWorkerService.grpc_client.PushTask - 8 total (0 active), Execution time: mean = 4.725 s, total = 37.800 s, Queueing time: mean = 0.000 s, max = -0.000 s, min = 9223372036.855 s, total = 0.000 s
	ActorInfoGcsService.grpc_server.GetActorInfo - 8 total (0 active), Execution time: mean = 149.561 us, total = 1.196 ms, Queueing time: mean = 0.000 s, max = -0.000 s, min = 9223372036.855 s, total = 0.000 s
	GCSServer.deadline_timer.debug_state_dump - 6 total (1 active), Execution time: mean = 757.727 us, total = 4.546 ms, Queueing time: mean = 55.066 us, max = 187.743 us, min = 12.872 us, total = 330.398 us
	GcsInMemoryStore.GetAll - 6 total (0 active), Execution time: mean = 7.316 us, total = 43.895 us, Queueing time: mean = 24.088 us, max = 29.619 us, min = 3.622 us, total = 144.531 us
	PeriodicalRunner.RunFnPeriodically - 4 total (0 active), Execution time: mean = 110.195 us, total = 440.778 us, Queueing time: mean = 97.352 ms, max = 193.589 ms, min = 1.031 ms, total = 389.408 ms
	InternalKVGcsService.grpc_server.GetInternalConfig - 1 total (0 active), Execution time: mean = 235.847 us, total = 235.847 us, Queueing time: mean = 0.000 s, max = -0.000 s, min = 9223372036.855 s, total = 0.000 s
	GcsInMemoryStore.GetNextJobID - 1 total (0 active), Execution time: mean = 6.416 us, total = 6.416 us, Queueing time: mean = 2.665 us, max = 2.665 us, min = 2.665 us, total = 2.665 us
	InternalKVGcsService.grpc_server.GetInternalConfig.HandleRequestImpl - 1 total (0 active), Execution time: mean = 30.767 us, total = 30.767 us, Queueing time: mean = 34.019 us, max = 34.019 us, min = 34.019 us, total = 34.019 us
	JobInfoGcsService.grpc_server.GetNextJobID - 1 total (0 active), Execution time: mean = 233.124 us, total = 233.124 us, Queueing time: mean = 0.000 s, max = -0.000 s, min = 9223372036.855 s, total = 0.000 s
	JobInfoGcsService.grpc_server.AddJob.HandleRequestImpl - 1 total (0 active), Execution time: mean = 73.983 us, total = 73.983 us, Queueing time: mean = 13.397 us, max = 13.397 us, min = 13.397 us, total = 13.397 us
	NodeInfoGcsService.grpc_server.RegisterNode - 1 total (0 active), Execution time: mean = 443.106 us, total = 443.106 us, Queueing time: mean = 0.000 s, max = -0.000 s, min = 9223372036.855 s, total = 0.000 s
	JobInfoGcsService.grpc_server.GetNextJobID.HandleRequestImpl - 1 total (0 active), Execution time: mean = 5.062 us, total = 5.062 us, Queueing time: mean = 17.192 us, max = 17.192 us, min = 17.192 us, total = 17.192 us
	GcsHealthCheckManager::AddNode - 1 total (0 active), Execution time: mean = 7.300 us, total = 7.300 us, Queueing time: mean = 350.000 ns, max = 350.000 ns, min = 350.000 ns, total = 350.000 ns
	GcsServer.GetOrGenerateClusterId.continuation - 1 total (0 active), Execution time: mean = 193.591 ms, total = 193.591 ms, Queueing time: mean = 80.000 ns, max = 80.000 ns, min = 80.000 ns, total = 80.000 ns
	JobInfoGcsService.grpc_server.AddJob - 1 total (0 active), Execution time: mean = 255.355 us, total = 255.355 us, Queueing time: mean = 0.000 s, max = -0.000 s, min = 9223372036.855 s, total = 0.000 s
	JobInfoGcsService.grpc_server.GetAllJobInfo.HandleRequestImpl - 1 total (0 active), Execution time: mean = 14.896 us, total = 14.896 us, Queueing time: mean = 28.440 us, max = 28.440 us, min = 28.440 us, total = 28.440 us
	NodeResourceInfoGcsService.grpc_server.GetAllAvailableResources.HandleRequestImpl - 1 total (0 active), Execution time: mean = 25.661 us, total = 25.661 us, Queueing time: mean = 16.253 us, max = 16.253 us, min = 16.253 us, total = 16.253 us
	JobInfoGcsService.grpc_server.GetAllJobInfo - 1 total (0 active), Execution time: mean = 172.330 us, total = 172.330 us, Queueing time: mean = 0.000 s, max = -0.000 s, min = 9223372036.855 s, total = 0.000 s
	NodeInfoGcsService.grpc_server.RegisterNode.HandleRequestImpl - 1 total (0 active), Execution time: mean = 76.138 us, total = 76.138 us, Queueing time: mean = 21.602 us, max = 21.602 us, min = 21.602 us, total = 21.602 us
	GcsInitData::AsyncLoad - 1 total (0 active), Execution time: mean = 6.191 us, total = 6.191 us, Queueing time: mean = 232.000 ns, max = 232.000 ns, min = 232.000 ns, total = 232.000 ns
	InternalKVGcsService.grpc_server.InternalKVDel - 1 total (0 active), Execution time: mean = 234.112 us, total = 234.112 us, Queueing time: mean = 0.000 s, max = -0.000 s, min = 9223372036.855 s, total = 0.000 s
	NodeResourceInfoGcsService.grpc_server.GetAllAvailableResources - 1 total (0 active), Execution time: mean = 137.816 us, total = 137.816 us, Queueing time: mean = 0.000 s, max = -0.000 s, min = 9223372036.855 s, total = 0.000 s
	InternalKVGcsService.grpc_server.InternalKVDel.HandleRequestImpl - 1 total (0 active), Execution time: mean = 17.472 us, total = 17.472 us, Queueing time: mean = 15.819 us, max = 15.819 us, min = 15.819 us, total = 15.819 us
	GcsInMemoryStore.Delete - 1 total (0 active), Execution time: mean = 7.592 us, total = 7.592 us, Queueing time: mean = 2.111 us, max = 2.111 us, min = 2.111 us, total = 2.111 us
	GCSServer.deadline_timer.debug_state_event_stats_print - 1 total (1 active, 1 running), Execution time: mean = 0.000 s, total = 0.000 s, Queueing time: mean = 0.000 s, max = -0.000 s, min = 9223372036.855 s, total = 0.000 s


[2025-06-26 10:49:53,005 I 2395789 2395789] (gcs_server) gcs_server.cc:874: task_io_context Event stats:


Global stats: 11416 total (1 active)
Queueing time: mean = 14.819 us, max = 2.804 ms, min = 1.544 us, total = 169.175 ms
Execution time:  mean = 92.683 us, total = 1.058 s
Event stats:
	TaskInfoGcsService.grpc_server.AddTaskEventData - 5580 total (0 active), Execution time: mean = 178.612 us, total = 996.657 ms, Queueing time: mean = 0.000 s, max = -0.000 s, min = 9223372036.855 s, total = 0.000 s
	TaskInfoGcsService.grpc_server.AddTaskEventData.HandleRequestImpl - 5580 total (0 active), Execution time: mean = 10.302 us, total = 57.482 ms, Queueing time: mean = 29.942 us, max = 2.804 ms, min = 1.544 us, total = 167.077 ms
	event_loop_lag_probe - 242 total (0 active), Execution time: mean = 15.939 us, total = 3.857 ms, Queueing time: mean = 6.746 us, max = 598.948 us, min = 1.641 us, total = 1.632 ms
	GcsTaskManager.GcJobSummary - 13 total (1 active), Execution time: mean = 4.818 us, total = 62.631 us, Queueing time: mean = 33.872 us, max = 108.486 us, min = 11.732 us, total = 440.338 us
	PeriodicalRunner.RunFnPeriodically - 1 total (0 active), Execution time: mean = 5.480 us, total = 5.480 us, Queueing time: mean = 24.213 us, max = 24.213 us, min = 24.213 us, total = 24.213 us


[2025-06-26 10:49:53,005 I 2395789 2395789] (gcs_server) gcs_server.cc:874: pubsub_io_context Event stats:


Global stats: 758 total (101 active)
Queueing time: mean = 15.414 us, max = 1.906 ms, min = 1.964 us, total = 11.684 ms
Execution time:  mean = 121.222 ms, total = 91.887 s
Event stats:
	event_loop_lag_probe - 242 total (0 active), Execution time: mean = 12.952 us, total = 3.134 ms, Queueing time: mean = 9.291 us, max = 1.245 ms, min = 1.964 us, total = 2.248 ms
	InternalPubSubGcsService.grpc_server.GcsSubscriberPoll - 136 total (100 active), Execution time: mean = 675.363 ms, total = 91.849 s, Queueing time: mean = 0.000 s, max = -0.000 s, min = 9223372036.855 s, total = 0.000 s
	InternalPubSubGcsService.grpc_server.GcsSubscriberPoll.HandleRequestImpl - 136 total (0 active), Execution time: mean = 13.064 us, total = 1.777 ms, Queueing time: mean = 47.312 us, max = 1.906 ms, min = 3.479 us, total = 6.434 ms
	InternalPubSubGcsService.grpc_server.GcsSubscriberCommandBatch.HandleRequestImpl - 109 total (0 active), Execution time: mean = 34.922 us, total = 3.806 ms, Queueing time: mean = 24.408 us, max = 66.284 us, min = 6.288 us, total = 2.660 ms
	InternalPubSubGcsService.grpc_server.GcsSubscriberCommandBatch - 109 total (0 active), Execution time: mean = 234.683 us, total = 25.580 ms, Queueing time: mean = 0.000 s, max = -0.000 s, min = 9223372036.855 s, total = 0.000 s
	InternalPubSubGcsService.grpc_server.GcsPublish.HandleRequestImpl - 12 total (0 active), Execution time: mean = 50.039 us, total = 600.471 us, Queueing time: mean = 27.019 us, max = 43.007 us, min = 18.800 us, total = 324.225 us
	InternalPubSubGcsService.grpc_server.GcsPublish - 12 total (0 active), Execution time: mean = 199.339 us, total = 2.392 ms, Queueing time: mean = 0.000 s, max = -0.000 s, min = 9223372036.855 s, total = 0.000 s
	PeriodicalRunner.RunFnPeriodically - 1 total (0 active), Execution time: mean = 3.762 us, total = 3.762 us, Queueing time: mean = 16.368 us, max = 16.368 us, min = 16.368 us, total = 16.368 us
	Publisher.CheckDeadSubscribers - 1 total (1 active), Execution time: mean = 0.000 s, total = 0.000 s, Queueing time: mean = 0.000 s, max = -0.000 s, min = 9223372036.855 s, total = 0.000 s


[2025-06-26 10:49:53,005 I 2395789 2395789] (gcs_server) gcs_server.cc:874: ray_syncer_io_context Event stats:


Global stats: 264 total (0 active)
Queueing time: mean = 12.863 us, max = 1.956 ms, min = 152.000 ns, total = 3.396 ms
Execution time:  mean = 14.635 us, total = 3.864 ms
Event stats:
	event_loop_lag_probe - 242 total (0 active), Execution time: mean = 13.819 us, total = 3.344 ms, Queueing time: mean = 12.577 us, max = 1.956 ms, min = 2.174 us, total = 3.044 ms
	 - 10 total (0 active), Execution time: mean = 43.888 us, total = 438.880 us, Queueing time: mean = 29.134 us, max = 52.303 us, min = 12.602 us, total = 291.345 us
	RaySyncer.BroadcastMessage - 10 total (0 active), Execution time: mean = 7.959 us, total = 79.592 us, Queueing time: mean = 279.900 ns, max = 531.000 ns, min = 152.000 ns, total = 2.799 us
	RaySyncerRegister - 2 total (0 active), Execution time: mean = 397.000 ns, total = 794.000 ns, Queueing time: mean = 28.967 us, max = 29.231 us, min = 28.703 us, total = 57.934 us


[2025-06-26 10:50:53,005 I 2395789 2395789] (gcs_server) gcs_server.cc:249: Gcs Debug state:

GcsNodeManager: 
- RegisterNode request count: 1
- DrainNode request count: 0
- GetAllNodeInfo request count: 196

GcsActorManager: 
- RegisterActor request count: 8
- CreateActor request count: 8
- GetActorInfo request count: 8
- GetNamedActorInfo request count: 0
- GetAllActorInfo request count: 0
- KillActor request count: 0
- ListNamedActors request count: 0
- Registered actors count: 8
- Destroyed actors count: 0
- Named actors count: 0
- Unresolved actors count: 0
- Pending actors count: 0
- Created actors count: 1
- owners_: 1
- actor_to_register_callbacks_: 0
- actor_to_restart_for_lineage_reconstruction_callbacks_: 0
- actor_to_create_callbacks_: 0
- sorted_destroyed_actor_list_: 0

GcsResourceManager: 
- GetAllAvailableResources request count: 1
- GetAllTotalResources request count: 0
- GetAllResourceUsage request count: 24

GcsPlacementGroupManager: 
- CreatePlacementGroup request count: 0
- RemovePlacementGroup request count: 0
- GetPlacementGroup request count: 0
- GetAllPlacementGroup request count: 0
- WaitPlacementGroupUntilReady request count: 0
- GetNamedPlacementGroup request count: 0
- Scheduling pending placement group count: 0
- Registered placement groups count: 0
- Named placement group count: 0
- Pending placement groups count: 0
- Infeasible placement groups count: 0

Publisher:
GCS_NODE_INFO_CHANNEL
- cumulative published messages: 1
- cumulative published bytes: 607
- current buffered bytes: 0
GCS_JOB_CHANNEL
- cumulative published messages: 1
- cumulative published bytes: 302
- current buffered bytes: 302
GCS_ACTOR_CHANNEL
- cumulative published messages: 24
- cumulative published bytes: 8376
- current buffered bytes: 1400
RAY_LOG_CHANNEL
- cumulative published messages: 25
- cumulative published bytes: 23173
- current buffered bytes: 899

[runtime env manager] ID to URIs table:
[runtime env manager] URIs reference table:

GcsTaskManager: 
-Total num task events reported: 84
-Total num status task events dropped: 0
-Total num profile events dropped: 0
-Current num of task events stored: 26
-Total num of actor creation tasks: 8
-Total num of actor tasks: 17
-Total num of normal tasks: 0
-Total num of driver tasks: 1

GcsAutoscalerStateManager: 
- last_seen_autoscaler_state_version_: 0
- last_cluster_resource_state_version_: 24
- pending demands:



[2025-06-26 10:50:53,005 I 2395789 2395789] (gcs_server) gcs_server.cc:870: Main service Event stats:


Global stats: 3194 total (12 active)
Queueing time: mean = 564.723 us, max = 193.589 ms, min = 80.000 ns, total = 1.804 s
Execution time:  mean = 23.895 ms, total = 76.322 s
Event stats:
	event_loop_lag_probe - 482 total (0 active), Execution time: mean = 11.898 us, total = 5.735 ms, Queueing time: mean = 24.509 us, max = 9.884 ms, min = 1.077 us, total = 11.813 ms
	GcsInMemoryStore.Put - 348 total (0 active), Execution time: mean = 572.676 us, total = 199.291 ms, Queueing time: mean = 3.907 ms, max = 193.247 ms, min = 897.000 ns, total = 1.359 s
	GcsInMemoryStore.Get - 240 total (0 active), Execution time: mean = 12.587 us, total = 3.021 ms, Queueing time: mean = 4.168 us, max = 38.710 us, min = 988.000 ns, total = 1.000 ms
	InternalKVGcsService.grpc_server.InternalKVGet.HandleRequestImpl - 239 total (0 active), Execution time: mean = 16.218 us, total = 3.876 ms, Queueing time: mean = 25.747 us, max = 447.452 us, min = 1.693 us, total = 6.154 ms
	InternalKVGcsService.grpc_server.InternalKVGet - 239 total (0 active), Execution time: mean = 194.658 us, total = 46.523 ms, Queueing time: mean = 0.000 s, max = -0.000 s, min = 9223372036.855 s, total = 0.000 s
	NodeInfoGcsService.grpc_server.GetAllNodeInfo.HandleRequestImpl - 196 total (0 active), Execution time: mean = 29.870 us, total = 5.855 ms, Queueing time: mean = 36.473 us, max = 1.684 ms, min = 3.917 us, total = 7.149 ms
	NodeInfoGcsService.grpc_server.GetAllNodeInfo - 196 total (0 active), Execution time: mean = 213.323 us, total = 41.811 ms, Queueing time: mean = 0.000 s, max = -0.000 s, min = 9223372036.855 s, total = 0.000 s
	RayletLoadPulled - 120 total (1 active), Execution time: mean = 119.125 us, total = 14.295 ms, Queueing time: mean = 34.548 us, max = 669.357 us, min = 10.297 us, total = 4.146 ms
	NodeManagerService.grpc_client.GetResourceLoad.OnReplyReceived - 118 total (0 active), Execution time: mean = 31.690 us, total = 3.739 ms, Queueing time: mean = 34.350 us, max = 611.165 us, min = 15.183 us, total = 4.053 ms
	NodeManagerService.grpc_client.GetResourceLoad - 118 total (0 active), Execution time: mean = 558.206 us, total = 65.868 ms, Queueing time: mean = 0.000 s, max = -0.000 s, min = 9223372036.855 s, total = 0.000 s
	NodeInfoGcsService.grpc_server.GetClusterId - 101 total (0 active), Execution time: mean = 315.855 us, total = 31.901 ms, Queueing time: mean = 0.000 s, max = -0.000 s, min = 9223372036.855 s, total = 0.000 s
	NodeInfoGcsService.grpc_server.GetClusterId.HandleRequestImpl - 101 total (0 active), Execution time: mean = 21.409 us, total = 2.162 ms, Queueing time: mean = 64.426 us, max = 1.486 ms, min = 3.017 us, total = 6.507 ms
	WorkerInfoGcsService.grpc_server.AddWorkerInfo - 97 total (0 active), Execution time: mean = 193.375 us, total = 18.757 ms, Queueing time: mean = 0.000 s, max = -0.000 s, min = 9223372036.855 s, total = 0.000 s
	WorkerInfoGcsService.grpc_server.AddWorkerInfo.HandleRequestImpl - 97 total (0 active), Execution time: mean = 16.122 us, total = 1.564 ms, Queueing time: mean = 21.688 us, max = 111.781 us, min = 3.769 us, total = 2.104 ms
	InternalKVGcsService.grpc_server.InternalKVPut.HandleRequestImpl - 64 total (0 active), Execution time: mean = 12.734 us, total = 814.990 us, Queueing time: mean = 22.115 us, max = 183.272 us, min = 11.371 us, total = 1.415 ms
	InternalKVGcsService.grpc_server.InternalKVPut - 64 total (0 active), Execution time: mean = 210.655 us, total = 13.482 ms, Queueing time: mean = 0.000 s, max = -0.000 s, min = 9223372036.855 s, total = 0.000 s
	ClusterResourceManager.ResetRemoteNodeView - 41 total (1 active), Execution time: mean = 5.970 us, total = 244.760 us, Queueing time: mean = 36.078 us, max = 101.962 us, min = 17.092 us, total = 1.479 ms
	HealthCheck - 34 total (0 active), Execution time: mean = 3.195 us, total = 108.629 us, Queueing time: mean = 29.537 us, max = 56.709 us, min = 16.859 us, total = 1.004 ms
	NodeInfoGcsService.grpc_server.CheckAlive - 26 total (0 active), Execution time: mean = 653.384 us, total = 16.988 ms, Queueing time: mean = 0.000 s, max = -0.000 s, min = 9223372036.855 s, total = 0.000 s
	NodeInfoGcsService.grpc_server.CheckAlive.HandleRequestImpl - 26 total (0 active), Execution time: mean = 17.876 us, total = 464.770 us, Queueing time: mean = 183.818 us, max = 3.814 ms, min = 17.631 us, total = 4.779 ms
	AutoscalerStateService.grpc_server.GetClusterResourceState - 24 total (0 active), Execution time: mean = 181.818 us, total = 4.364 ms, Queueing time: mean = 0.000 s, max = -0.000 s, min = 9223372036.855 s, total = 0.000 s
	AutoscalerStateService.grpc_server.GetClusterResourceState.HandleRequestImpl - 24 total (0 active), Execution time: mean = 22.580 us, total = 541.912 us, Queueing time: mean = 19.323 us, max = 38.700 us, min = 13.458 us, total = 463.762 us
	NodeResourceInfoGcsService.grpc_server.GetAllResourceUsage - 24 total (0 active), Execution time: mean = 237.915 us, total = 5.710 ms, Queueing time: mean = 0.000 s, max = -0.000 s, min = 9223372036.855 s, total = 0.000 s
	NodeResourceInfoGcsService.grpc_server.GetAllResourceUsage.HandleRequestImpl - 24 total (0 active), Execution time: mean = 43.255 us, total = 1.038 ms, Queueing time: mean = 28.643 us, max = 61.547 us, min = 17.547 us, total = 687.433 us
	GCSServer.deadline_timer.debug_state_dump - 12 total (1 active), Execution time: mean = 731.469 us, total = 8.778 ms, Queueing time: mean = 44.024 us, max = 187.743 us, min = 12.872 us, total = 528.286 us
	GcsResourceManager::Update - 10 total (0 active), Execution time: mean = 53.813 us, total = 538.134 us, Queueing time: mean = 16.870 us, max = 42.497 us, min = 5.069 us, total = 168.702 us
	GcsHealthCheckManager::MarkNodeHealthy - 10 total (0 active), Execution time: mean = 1.641 us, total = 16.408 us, Queueing time: mean = 29.853 us, max = 52.307 us, min = 12.481 us, total = 298.534 us
	ActorInfoGcsService.grpc_server.RegisterActor - 8 total (0 active), Execution time: mean = 452.496 us, total = 3.620 ms, Queueing time: mean = 0.000 s, max = -0.000 s, min = 9223372036.855 s, total = 0.000 s
	NodeManagerService.grpc_client.RequestWorkerLease.OnReplyReceived - 8 total (0 active), Execution time: mean = 163.645 us, total = 1.309 ms, Queueing time: mean = 19.967 us, max = 21.974 us, min = 17.727 us, total = 159.735 us
	CoreWorkerService.grpc_client.PushTask - 8 total (0 active), Execution time: mean = 4.725 s, total = 37.800 s, Queueing time: mean = 0.000 s, max = -0.000 s, min = 9223372036.855 s, total = 0.000 s
	ActorInfoGcsService.grpc_server.GetActorInfo - 8 total (0 active), Execution time: mean = 149.561 us, total = 1.196 ms, Queueing time: mean = 0.000 s, max = -0.000 s, min = 9223372036.855 s, total = 0.000 s
	NodeManagerService.grpc_client.RequestWorkerLease - 8 total (0 active), Execution time: mean = 598.864 us, total = 4.791 ms, Queueing time: mean = 0.000 s, max = -0.000 s, min = 9223372036.855 s, total = 0.000 s
	CoreWorkerService.grpc_client.PushTask.OnReplyReceived - 8 total (0 active), Execution time: mean = 294.525 us, total = 2.356 ms, Queueing time: mean = 22.335 us, max = 24.848 us, min = 18.161 us, total = 178.678 us
	ActorInfoGcsService.grpc_server.CreateActor - 8 total (0 active), Execution time: mean = 4.726 s, total = 37.811 s, Queueing time: mean = 0.000 s, max = -0.000 s, min = 9223372036.855 s, total = 0.000 s
	ActorInfoGcsService.grpc_server.RegisterActor.HandleRequestImpl - 8 total (0 active), Execution time: mean = 239.745 us, total = 1.918 ms, Queueing time: mean = 19.084 us, max = 20.524 us, min = 15.685 us, total = 152.676 us
	CoreWorkerService.grpc_client.WaitForActorRefDeleted - 8 total (8 active), Execution time: mean = 0.000 s, total = 0.000 s, Queueing time: mean = 0.000 s, max = -0.000 s, min = 9223372036.855 s, total = 0.000 s
	ActorInfoGcsService.grpc_server.GetActorInfo.HandleRequestImpl - 8 total (0 active), Execution time: mean = 12.819 us, total = 102.552 us, Queueing time: mean = 17.693 us, max = 20.709 us, min = 16.075 us, total = 141.547 us
	ActorInfoGcsService.grpc_server.CreateActor.HandleRequestImpl - 8 total (0 active), Execution time: mean = 186.368 us, total = 1.491 ms, Queueing time: mean = 15.417 us, max = 16.967 us, min = 11.929 us, total = 123.335 us
	GcsInMemoryStore.GetAll - 6 total (0 active), Execution time: mean = 7.316 us, total = 43.895 us, Queueing time: mean = 24.088 us, max = 29.619 us, min = 3.622 us, total = 144.531 us
	PeriodicalRunner.RunFnPeriodically - 4 total (0 active), Execution time: mean = 110.195 us, total = 440.778 us, Queueing time: mean = 97.352 ms, max = 193.589 ms, min = 1.031 ms, total = 389.408 ms
	GCSServer.deadline_timer.debug_state_event_stats_print - 2 total (1 active, 1 running), Execution time: mean = 312.832 us, total = 625.665 us, Queueing time: mean = 7.780 us, max = 15.560 us, min = 15.560 us, total = 15.560 us
	JobInfoGcsService.grpc_server.GetNextJobID - 1 total (0 active), Execution time: mean = 233.124 us, total = 233.124 us, Queueing time: mean = 0.000 s, max = -0.000 s, min = 9223372036.855 s, total = 0.000 s
	GcsInMemoryStore.GetNextJobID - 1 total (0 active), Execution time: mean = 6.416 us, total = 6.416 us, Queueing time: mean = 2.665 us, max = 2.665 us, min = 2.665 us, total = 2.665 us
	JobInfoGcsService.grpc_server.AddJob.HandleRequestImpl - 1 total (0 active), Execution time: mean = 73.983 us, total = 73.983 us, Queueing time: mean = 13.397 us, max = 13.397 us, min = 13.397 us, total = 13.397 us
	InternalKVGcsService.grpc_server.GetInternalConfig.HandleRequestImpl - 1 total (0 active), Execution time: mean = 30.767 us, total = 30.767 us, Queueing time: mean = 34.019 us, max = 34.019 us, min = 34.019 us, total = 34.019 us
	InternalKVGcsService.grpc_server.GetInternalConfig - 1 total (0 active), Execution time: mean = 235.847 us, total = 235.847 us, Queueing time: mean = 0.000 s, max = -0.000 s, min = 9223372036.855 s, total = 0.000 s
	NodeInfoGcsService.grpc_server.RegisterNode - 1 total (0 active), Execution time: mean = 443.106 us, total = 443.106 us, Queueing time: mean = 0.000 s, max = -0.000 s, min = 9223372036.855 s, total = 0.000 s
	JobInfoGcsService.grpc_server.GetNextJobID.HandleRequestImpl - 1 total (0 active), Execution time: mean = 5.062 us, total = 5.062 us, Queueing time: mean = 17.192 us, max = 17.192 us, min = 17.192 us, total = 17.192 us
	GcsHealthCheckManager::AddNode - 1 total (0 active), Execution time: mean = 7.300 us, total = 7.300 us, Queueing time: mean = 350.000 ns, max = 350.000 ns, min = 350.000 ns, total = 350.000 ns
	GcsServer.GetOrGenerateClusterId.continuation - 1 total (0 active), Execution time: mean = 193.591 ms, total = 193.591 ms, Queueing time: mean = 80.000 ns, max = 80.000 ns, min = 80.000 ns, total = 80.000 ns
	JobInfoGcsService.grpc_server.AddJob - 1 total (0 active), Execution time: mean = 255.355 us, total = 255.355 us, Queueing time: mean = 0.000 s, max = -0.000 s, min = 9223372036.855 s, total = 0.000 s
	JobInfoGcsService.grpc_server.GetAllJobInfo.HandleRequestImpl - 1 total (0 active), Execution time: mean = 14.896 us, total = 14.896 us, Queueing time: mean = 28.440 us, max = 28.440 us, min = 28.440 us, total = 28.440 us
	NodeResourceInfoGcsService.grpc_server.GetAllAvailableResources.HandleRequestImpl - 1 total (0 active), Execution time: mean = 25.661 us, total = 25.661 us, Queueing time: mean = 16.253 us, max = 16.253 us, min = 16.253 us, total = 16.253 us
	JobInfoGcsService.grpc_server.GetAllJobInfo - 1 total (0 active), Execution time: mean = 172.330 us, total = 172.330 us, Queueing time: mean = 0.000 s, max = -0.000 s, min = 9223372036.855 s, total = 0.000 s
	NodeInfoGcsService.grpc_server.RegisterNode.HandleRequestImpl - 1 total (0 active), Execution time: mean = 76.138 us, total = 76.138 us, Queueing time: mean = 21.602 us, max = 21.602 us, min = 21.602 us, total = 21.602 us
	GcsInitData::AsyncLoad - 1 total (0 active), Execution time: mean = 6.191 us, total = 6.191 us, Queueing time: mean = 232.000 ns, max = 232.000 ns, min = 232.000 ns, total = 232.000 ns
	InternalKVGcsService.grpc_server.InternalKVDel - 1 total (0 active), Execution time: mean = 234.112 us, total = 234.112 us, Queueing time: mean = 0.000 s, max = -0.000 s, min = 9223372036.855 s, total = 0.000 s
	NodeResourceInfoGcsService.grpc_server.GetAllAvailableResources - 1 total (0 active), Execution time: mean = 137.816 us, total = 137.816 us, Queueing time: mean = 0.000 s, max = -0.000 s, min = 9223372036.855 s, total = 0.000 s
	InternalKVGcsService.grpc_server.InternalKVDel.HandleRequestImpl - 1 total (0 active), Execution time: mean = 17.472 us, total = 17.472 us, Queueing time: mean = 15.819 us, max = 15.819 us, min = 15.819 us, total = 15.819 us
	GcsInMemoryStore.Delete - 1 total (0 active), Execution time: mean = 7.592 us, total = 7.592 us, Queueing time: mean = 2.111 us, max = 2.111 us, min = 2.111 us, total = 2.111 us


[2025-06-26 10:50:53,005 I 2395789 2395789] (gcs_server) gcs_server.cc:874: task_io_context Event stats:


Global stats: 23304 total (1 active)
Queueing time: mean = 14.320 us, max = 2.804 ms, min = 1.342 us, total = 333.718 ms
Execution time:  mean = 91.004 us, total = 2.121 s
Event stats:
	TaskInfoGcsService.grpc_server.AddTaskEventData - 11398 total (0 active), Execution time: mean = 175.348 us, total = 1.999 s, Queueing time: mean = 0.000 s, max = -0.000 s, min = 9223372036.855 s, total = 0.000 s
	TaskInfoGcsService.grpc_server.AddTaskEventData.HandleRequestImpl - 11398 total (0 active), Execution time: mean = 10.094 us, total = 115.048 ms, Queueing time: mean = 28.980 us, max = 2.804 ms, min = 1.544 us, total = 330.317 ms
	event_loop_lag_probe - 482 total (0 active), Execution time: mean = 14.423 us, total = 6.952 ms, Queueing time: mean = 5.163 us, max = 598.948 us, min = 1.342 us, total = 2.489 ms
	GcsTaskManager.GcJobSummary - 25 total (1 active), Execution time: mean = 5.661 us, total = 141.525 us, Queueing time: mean = 35.516 us, max = 108.486 us, min = 11.732 us, total = 887.888 us
	PeriodicalRunner.RunFnPeriodically - 1 total (0 active), Execution time: mean = 5.480 us, total = 5.480 us, Queueing time: mean = 24.213 us, max = 24.213 us, min = 24.213 us, total = 24.213 us


[2025-06-26 10:50:53,005 I 2395789 2395789] (gcs_server) gcs_server.cc:874: pubsub_io_context Event stats:


Global stats: 1050 total (101 active)
Queueing time: mean = 12.886 us, max = 1.906 ms, min = 1.964 us, total = 13.530 ms
Execution time:  mean = 144.721 ms, total = 151.957 s
Event stats:
	event_loop_lag_probe - 482 total (0 active), Execution time: mean = 13.783 us, total = 6.643 ms, Queueing time: mean = 7.055 us, max = 1.245 ms, min = 1.964 us, total = 3.401 ms
	InternalPubSubGcsService.grpc_server.GcsSubscriberPoll - 149 total (100 active), Execution time: mean = 1.020 s, total = 151.913 s, Queueing time: mean = 0.000 s, max = -0.000 s, min = 9223372036.855 s, total = 0.000 s
	InternalPubSubGcsService.grpc_server.GcsSubscriberPoll.HandleRequestImpl - 149 total (0 active), Execution time: mean = 13.542 us, total = 2.018 ms, Queueing time: mean = 45.195 us, max = 1.906 ms, min = 3.479 us, total = 6.734 ms
	InternalPubSubGcsService.grpc_server.GcsSubscriberCommandBatch.HandleRequestImpl - 109 total (0 active), Execution time: mean = 34.922 us, total = 3.806 ms, Queueing time: mean = 24.408 us, max = 66.284 us, min = 6.288 us, total = 2.660 ms
	InternalPubSubGcsService.grpc_server.GcsSubscriberCommandBatch - 109 total (0 active), Execution time: mean = 234.683 us, total = 25.580 ms, Queueing time: mean = 0.000 s, max = -0.000 s, min = 9223372036.855 s, total = 0.000 s
	InternalPubSubGcsService.grpc_server.GcsPublish.HandleRequestImpl - 25 total (0 active), Execution time: mean = 55.395 us, total = 1.385 ms, Queueing time: mean = 28.727 us, max = 55.925 us, min = 18.800 us, total = 718.171 us
	InternalPubSubGcsService.grpc_server.GcsPublish - 25 total (0 active), Execution time: mean = 220.639 us, total = 5.516 ms, Queueing time: mean = 0.000 s, max = -0.000 s, min = 9223372036.855 s, total = 0.000 s
	PeriodicalRunner.RunFnPeriodically - 1 total (0 active), Execution time: mean = 3.762 us, total = 3.762 us, Queueing time: mean = 16.368 us, max = 16.368 us, min = 16.368 us, total = 16.368 us
	Publisher.CheckDeadSubscribers - 1 total (1 active), Execution time: mean = 0.000 s, total = 0.000 s, Queueing time: mean = 0.000 s, max = -0.000 s, min = 9223372036.855 s, total = 0.000 s


[2025-06-26 10:50:53,005 I 2395789 2395789] (gcs_server) gcs_server.cc:874: ray_syncer_io_context Event stats:


Global stats: 504 total (0 active)
Queueing time: mean = 9.043 us, max = 1.956 ms, min = 152.000 ns, total = 4.558 ms
Execution time:  mean = 14.065 us, total = 7.089 ms
Event stats:
	event_loop_lag_probe - 482 total (0 active), Execution time: mean = 13.630 us, total = 6.569 ms, Queueing time: mean = 8.726 us, max = 1.956 ms, min = 2.145 us, total = 4.206 ms
	 - 10 total (0 active), Execution time: mean = 43.888 us, total = 438.880 us, Queueing time: mean = 29.134 us, max = 52.303 us, min = 12.602 us, total = 291.345 us
	RaySyncer.BroadcastMessage - 10 total (0 active), Execution time: mean = 7.959 us, total = 79.592 us, Queueing time: mean = 279.900 ns, max = 531.000 ns, min = 152.000 ns, total = 2.799 us
	RaySyncerRegister - 2 total (0 active), Execution time: mean = 397.000 ns, total = 794.000 ns, Queueing time: mean = 28.967 us, max = 29.231 us, min = 28.703 us, total = 57.934 us


[2025-06-26 10:51:53,006 I 2395789 2395789] (gcs_server) gcs_server.cc:249: Gcs Debug state:

GcsNodeManager: 
- RegisterNode request count: 1
- DrainNode request count: 0
- GetAllNodeInfo request count: 196

GcsActorManager: 
- RegisterActor request count: 8
- CreateActor request count: 8
- GetActorInfo request count: 8
- GetNamedActorInfo request count: 0
- GetAllActorInfo request count: 0
- KillActor request count: 0
- ListNamedActors request count: 0
- Registered actors count: 8
- Destroyed actors count: 0
- Named actors count: 0
- Unresolved actors count: 0
- Pending actors count: 0
- Created actors count: 1
- owners_: 1
- actor_to_register_callbacks_: 0
- actor_to_restart_for_lineage_reconstruction_callbacks_: 0
- actor_to_create_callbacks_: 0
- sorted_destroyed_actor_list_: 0

GcsResourceManager: 
- GetAllAvailableResources request count: 1
- GetAllTotalResources request count: 0
- GetAllResourceUsage request count: 36

GcsPlacementGroupManager: 
- CreatePlacementGroup request count: 0
- RemovePlacementGroup request count: 0
- GetPlacementGroup request count: 0
- GetAllPlacementGroup request count: 0
- WaitPlacementGroupUntilReady request count: 0
- GetNamedPlacementGroup request count: 0
- Scheduling pending placement group count: 0
- Registered placement groups count: 0
- Named placement group count: 0
- Pending placement groups count: 0
- Infeasible placement groups count: 0

Publisher:
GCS_NODE_INFO_CHANNEL
- cumulative published messages: 1
- cumulative published bytes: 607
- current buffered bytes: 0
GCS_JOB_CHANNEL
- cumulative published messages: 1
- cumulative published bytes: 302
- current buffered bytes: 302
GCS_ACTOR_CHANNEL
- cumulative published messages: 24
- cumulative published bytes: 8376
- current buffered bytes: 1400
RAY_LOG_CHANNEL
- cumulative published messages: 37
- cumulative published bytes: 33961
- current buffered bytes: 899

[runtime env manager] ID to URIs table:
[runtime env manager] URIs reference table:

GcsTaskManager: 
-Total num task events reported: 84
-Total num status task events dropped: 0
-Total num profile events dropped: 0
-Current num of task events stored: 26
-Total num of actor creation tasks: 8
-Total num of actor tasks: 17
-Total num of normal tasks: 0
-Total num of driver tasks: 1

GcsAutoscalerStateManager: 
- last_seen_autoscaler_state_version_: 0
- last_cluster_resource_state_version_: 36
- pending demands:



[2025-06-26 10:51:53,007 I 2395789 2395789] (gcs_server) gcs_server.cc:870: Main service Event stats:


Global stats: 3915 total (12 active)
Queueing time: mean = 463.572 us, max = 193.589 ms, min = 80.000 ns, total = 1.815 s
Execution time:  mean = 19.511 ms, total = 76.386 s
Event stats:
	event_loop_lag_probe - 722 total (0 active), Execution time: mean = 12.035 us, total = 8.690 ms, Queueing time: mean = 17.837 us, max = 9.884 ms, min = 1.077 us, total = 12.878 ms
	GcsInMemoryStore.Put - 444 total (0 active), Execution time: mean = 449.484 us, total = 199.571 ms, Queueing time: mean = 3.068 ms, max = 193.247 ms, min = 897.000 ns, total = 1.362 s
	GcsInMemoryStore.Get - 252 total (0 active), Execution time: mean = 12.439 us, total = 3.135 ms, Queueing time: mean = 4.075 us, max = 38.710 us, min = 988.000 ns, total = 1.027 ms
	InternalKVGcsService.grpc_server.InternalKVGet.HandleRequestImpl - 251 total (0 active), Execution time: mean = 16.329 us, total = 4.099 ms, Queueing time: mean = 25.402 us, max = 447.452 us, min = 1.693 us, total = 6.376 ms
	InternalKVGcsService.grpc_server.InternalKVGet - 251 total (0 active), Execution time: mean = 192.816 us, total = 48.397 ms, Queueing time: mean = 0.000 s, max = -0.000 s, min = 9223372036.855 s, total = 0.000 s
	NodeInfoGcsService.grpc_server.GetAllNodeInfo.HandleRequestImpl - 196 total (0 active), Execution time: mean = 29.870 us, total = 5.855 ms, Queueing time: mean = 36.473 us, max = 1.684 ms, min = 3.917 us, total = 7.149 ms
	NodeInfoGcsService.grpc_server.GetAllNodeInfo - 196 total (0 active), Execution time: mean = 213.323 us, total = 41.811 ms, Queueing time: mean = 0.000 s, max = -0.000 s, min = 9223372036.855 s, total = 0.000 s
	RayletLoadPulled - 180 total (1 active), Execution time: mean = 115.445 us, total = 20.780 ms, Queueing time: mean = 32.022 us, max = 669.357 us, min = 7.729 us, total = 5.764 ms
	NodeManagerService.grpc_client.GetResourceLoad.OnReplyReceived - 178 total (0 active), Execution time: mean = 30.854 us, total = 5.492 ms, Queueing time: mean = 32.356 us, max = 611.165 us, min = 15.183 us, total = 5.759 ms
	NodeManagerService.grpc_client.GetResourceLoad - 178 total (0 active), Execution time: mean = 537.027 us, total = 95.591 ms, Queueing time: mean = 0.000 s, max = -0.000 s, min = 9223372036.855 s, total = 0.000 s
	NodeInfoGcsService.grpc_server.GetClusterId - 101 total (0 active), Execution time: mean = 315.855 us, total = 31.901 ms, Queueing time: mean = 0.000 s, max = -0.000 s, min = 9223372036.855 s, total = 0.000 s
	NodeInfoGcsService.grpc_server.GetClusterId.HandleRequestImpl - 101 total (0 active), Execution time: mean = 21.409 us, total = 2.162 ms, Queueing time: mean = 64.426 us, max = 1.486 ms, min = 3.017 us, total = 6.507 ms
	WorkerInfoGcsService.grpc_server.AddWorkerInfo - 97 total (0 active), Execution time: mean = 193.375 us, total = 18.757 ms, Queueing time: mean = 0.000 s, max = -0.000 s, min = 9223372036.855 s, total = 0.000 s
	WorkerInfoGcsService.grpc_server.AddWorkerInfo.HandleRequestImpl - 97 total (0 active), Execution time: mean = 16.122 us, total = 1.564 ms, Queueing time: mean = 21.688 us, max = 111.781 us, min = 3.769 us, total = 2.104 ms
	InternalKVGcsService.grpc_server.InternalKVPut.HandleRequestImpl - 88 total (0 active), Execution time: mean = 12.130 us, total = 1.067 ms, Queueing time: mean = 21.831 us, max = 183.272 us, min = 11.371 us, total = 1.921 ms
	InternalKVGcsService.grpc_server.InternalKVPut - 88 total (0 active), Execution time: mean = 202.037 us, total = 17.779 ms, Queueing time: mean = 0.000 s, max = -0.000 s, min = 9223372036.855 s, total = 0.000 s
	ClusterResourceManager.ResetRemoteNodeView - 61 total (1 active), Execution time: mean = 6.142 us, total = 374.668 us, Queueing time: mean = 35.239 us, max = 101.962 us, min = 549.000 ns, total = 2.150 ms
	HealthCheck - 54 total (0 active), Execution time: mean = 3.049 us, total = 164.636 us, Queueing time: mean = 28.155 us, max = 56.709 us, min = 16.859 us, total = 1.520 ms
	NodeInfoGcsService.grpc_server.CheckAlive - 39 total (0 active), Execution time: mean = 525.996 us, total = 20.514 ms, Queueing time: mean = 0.000 s, max = -0.000 s, min = 9223372036.855 s, total = 0.000 s
	NodeInfoGcsService.grpc_server.CheckAlive.HandleRequestImpl - 39 total (0 active), Execution time: mean = 17.819 us, total = 694.948 us, Queueing time: mean = 144.985 us, max = 3.814 ms, min = 17.631 us, total = 5.654 ms
	AutoscalerStateService.grpc_server.GetClusterResourceState - 36 total (0 active), Execution time: mean = 175.293 us, total = 6.311 ms, Queueing time: mean = 0.000 s, max = -0.000 s, min = 9223372036.855 s, total = 0.000 s
	AutoscalerStateService.grpc_server.GetClusterResourceState.HandleRequestImpl - 36 total (0 active), Execution time: mean = 22.263 us, total = 801.476 us, Queueing time: mean = 19.667 us, max = 39.701 us, min = 13.458 us, total = 708.014 us
	NodeResourceInfoGcsService.grpc_server.GetAllResourceUsage - 36 total (0 active), Execution time: mean = 241.314 us, total = 8.687 ms, Queueing time: mean = 0.000 s, max = -0.000 s, min = 9223372036.855 s, total = 0.000 s
	NodeResourceInfoGcsService.grpc_server.GetAllResourceUsage.HandleRequestImpl - 36 total (0 active), Execution time: mean = 43.225 us, total = 1.556 ms, Queueing time: mean = 36.226 us, max = 207.263 us, min = 17.547 us, total = 1.304 ms
	GCSServer.deadline_timer.debug_state_dump - 18 total (1 active), Execution time: mean = 835.259 us, total = 15.035 ms, Queueing time: mean = 47.489 us, max = 187.743 us, min = 12.872 us, total = 854.796 us
	GcsResourceManager::Update - 10 total (0 active), Execution time: mean = 53.813 us, total = 538.134 us, Queueing time: mean = 16.870 us, max = 42.497 us, min = 5.069 us, total = 168.702 us
	GcsHealthCheckManager::MarkNodeHealthy - 10 total (0 active), Execution time: mean = 1.641 us, total = 16.408 us, Queueing time: mean = 29.853 us, max = 52.307 us, min = 12.481 us, total = 298.534 us
	ActorInfoGcsService.grpc_server.RegisterActor - 8 total (0 active), Execution time: mean = 452.496 us, total = 3.620 ms, Queueing time: mean = 0.000 s, max = -0.000 s, min = 9223372036.855 s, total = 0.000 s
	NodeManagerService.grpc_client.RequestWorkerLease.OnReplyReceived - 8 total (0 active), Execution time: mean = 163.645 us, total = 1.309 ms, Queueing time: mean = 19.967 us, max = 21.974 us, min = 17.727 us, total = 159.735 us
	CoreWorkerService.grpc_client.PushTask - 8 total (0 active), Execution time: mean = 4.725 s, total = 37.800 s, Queueing time: mean = 0.000 s, max = -0.000 s, min = 9223372036.855 s, total = 0.000 s
	ActorInfoGcsService.grpc_server.GetActorInfo - 8 total (0 active), Execution time: mean = 149.561 us, total = 1.196 ms, Queueing time: mean = 0.000 s, max = -0.000 s, min = 9223372036.855 s, total = 0.000 s
	NodeManagerService.grpc_client.RequestWorkerLease - 8 total (0 active), Execution time: mean = 598.864 us, total = 4.791 ms, Queueing time: mean = 0.000 s, max = -0.000 s, min = 9223372036.855 s, total = 0.000 s
	CoreWorkerService.grpc_client.PushTask.OnReplyReceived - 8 total (0 active), Execution time: mean = 294.525 us, total = 2.356 ms, Queueing time: mean = 22.335 us, max = 24.848 us, min = 18.161 us, total = 178.678 us
	ActorInfoGcsService.grpc_server.CreateActor - 8 total (0 active), Execution time: mean = 4.726 s, total = 37.811 s, Queueing time: mean = 0.000 s, max = -0.000 s, min = 9223372036.855 s, total = 0.000 s
	ActorInfoGcsService.grpc_server.RegisterActor.HandleRequestImpl - 8 total (0 active), Execution time: mean = 239.745 us, total = 1.918 ms, Queueing time: mean = 19.084 us, max = 20.524 us, min = 15.685 us, total = 152.676 us
	CoreWorkerService.grpc_client.WaitForActorRefDeleted - 8 total (8 active), Execution time: mean = 0.000 s, total = 0.000 s, Queueing time: mean = 0.000 s, max = -0.000 s, min = 9223372036.855 s, total = 0.000 s
	ActorInfoGcsService.grpc_server.GetActorInfo.HandleRequestImpl - 8 total (0 active), Execution time: mean = 12.819 us, total = 102.552 us, Queueing time: mean = 17.693 us, max = 20.709 us, min = 16.075 us, total = 141.547 us
	ActorInfoGcsService.grpc_server.CreateActor.HandleRequestImpl - 8 total (0 active), Execution time: mean = 186.368 us, total = 1.491 ms, Queueing time: mean = 15.417 us, max = 16.967 us, min = 11.929 us, total = 123.335 us
	GcsInMemoryStore.GetAll - 6 total (0 active), Execution time: mean = 7.316 us, total = 43.895 us, Queueing time: mean = 24.088 us, max = 29.619 us, min = 3.622 us, total = 144.531 us
	PeriodicalRunner.RunFnPeriodically - 4 total (0 active), Execution time: mean = 110.195 us, total = 440.778 us, Queueing time: mean = 97.352 ms, max = 193.589 ms, min = 1.031 ms, total = 389.408 ms
	GCSServer.deadline_timer.debug_state_event_stats_print - 3 total (1 active, 1 running), Execution time: mean = 413.790 us, total = 1.241 ms, Queueing time: mean = 9.473 us, max = 15.560 us, min = 12.858 us, total = 28.418 us
	JobInfoGcsService.grpc_server.GetNextJobID - 1 total (0 active), Execution time: mean = 233.124 us, total = 233.124 us, Queueing time: mean = 0.000 s, max = -0.000 s, min = 9223372036.855 s, total = 0.000 s
	GcsInMemoryStore.GetNextJobID - 1 total (0 active), Execution time: mean = 6.416 us, total = 6.416 us, Queueing time: mean = 2.665 us, max = 2.665 us, min = 2.665 us, total = 2.665 us
	JobInfoGcsService.grpc_server.AddJob.HandleRequestImpl - 1 total (0 active), Execution time: mean = 73.983 us, total = 73.983 us, Queueing time: mean = 13.397 us, max = 13.397 us, min = 13.397 us, total = 13.397 us
	InternalKVGcsService.grpc_server.GetInternalConfig.HandleRequestImpl - 1 total (0 active), Execution time: mean = 30.767 us, total = 30.767 us, Queueing time: mean = 34.019 us, max = 34.019 us, min = 34.019 us, total = 34.019 us
	InternalKVGcsService.grpc_server.GetInternalConfig - 1 total (0 active), Execution time: mean = 235.847 us, total = 235.847 us, Queueing time: mean = 0.000 s, max = -0.000 s, min = 9223372036.855 s, total = 0.000 s
	NodeInfoGcsService.grpc_server.RegisterNode - 1 total (0 active), Execution time: mean = 443.106 us, total = 443.106 us, Queueing time: mean = 0.000 s, max = -0.000 s, min = 9223372036.855 s, total = 0.000 s
	JobInfoGcsService.grpc_server.GetNextJobID.HandleRequestImpl - 1 total (0 active), Execution time: mean = 5.062 us, total = 5.062 us, Queueing time: mean = 17.192 us, max = 17.192 us, min = 17.192 us, total = 17.192 us
	GcsHealthCheckManager::AddNode - 1 total (0 active), Execution time: mean = 7.300 us, total = 7.300 us, Queueing time: mean = 350.000 ns, max = 350.000 ns, min = 350.000 ns, total = 350.000 ns
	GcsServer.GetOrGenerateClusterId.continuation - 1 total (0 active), Execution time: mean = 193.591 ms, total = 193.591 ms, Queueing time: mean = 80.000 ns, max = 80.000 ns, min = 80.000 ns, total = 80.000 ns
	JobInfoGcsService.grpc_server.AddJob - 1 total (0 active), Execution time: mean = 255.355 us, total = 255.355 us, Queueing time: mean = 0.000 s, max = -0.000 s, min = 9223372036.855 s, total = 0.000 s
	JobInfoGcsService.grpc_server.GetAllJobInfo.HandleRequestImpl - 1 total (0 active), Execution time: mean = 14.896 us, total = 14.896 us, Queueing time: mean = 28.440 us, max = 28.440 us, min = 28.440 us, total = 28.440 us
	NodeResourceInfoGcsService.grpc_server.GetAllAvailableResources.HandleRequestImpl - 1 total (0 active), Execution time: mean = 25.661 us, total = 25.661 us, Queueing time: mean = 16.253 us, max = 16.253 us, min = 16.253 us, total = 16.253 us
	JobInfoGcsService.grpc_server.GetAllJobInfo - 1 total (0 active), Execution time: mean = 172.330 us, total = 172.330 us, Queueing time: mean = 0.000 s, max = -0.000 s, min = 9223372036.855 s, total = 0.000 s
	NodeInfoGcsService.grpc_server.RegisterNode.HandleRequestImpl - 1 total (0 active), Execution time: mean = 76.138 us, total = 76.138 us, Queueing time: mean = 21.602 us, max = 21.602 us, min = 21.602 us, total = 21.602 us
	GcsInitData::AsyncLoad - 1 total (0 active), Execution time: mean = 6.191 us, total = 6.191 us, Queueing time: mean = 232.000 ns, max = 232.000 ns, min = 232.000 ns, total = 232.000 ns
	InternalKVGcsService.grpc_server.InternalKVDel - 1 total (0 active), Execution time: mean = 234.112 us, total = 234.112 us, Queueing time: mean = 0.000 s, max = -0.000 s, min = 9223372036.855 s, total = 0.000 s
	NodeResourceInfoGcsService.grpc_server.GetAllAvailableResources - 1 total (0 active), Execution time: mean = 137.816 us, total = 137.816 us, Queueing time: mean = 0.000 s, max = -0.000 s, min = 9223372036.855 s, total = 0.000 s
	InternalKVGcsService.grpc_server.InternalKVDel.HandleRequestImpl - 1 total (0 active), Execution time: mean = 17.472 us, total = 17.472 us, Queueing time: mean = 15.819 us, max = 15.819 us, min = 15.819 us, total = 15.819 us
	GcsInMemoryStore.Delete - 1 total (0 active), Execution time: mean = 7.592 us, total = 7.592 us, Queueing time: mean = 2.111 us, max = 2.111 us, min = 2.111 us, total = 2.111 us


[2025-06-26 10:51:53,007 I 2395789 2395789] (gcs_server) gcs_server.cc:874: task_io_context Event stats:


Global stats: 35190 total (1 active)
Queueing time: mean = 14.442 us, max = 2.804 ms, min = 1.342 us, total = 508.218 ms
Execution time:  mean = 91.209 us, total = 3.210 s
Event stats:
	TaskInfoGcsService.grpc_server.AddTaskEventData - 17215 total (0 active), Execution time: mean = 175.724 us, total = 3.025 s, Queueing time: mean = 0.000 s, max = -0.000 s, min = 9223372036.855 s, total = 0.000 s
	TaskInfoGcsService.grpc_server.AddTaskEventData.HandleRequestImpl - 17215 total (0 active), Execution time: mean = 10.111 us, total = 174.068 ms, Queueing time: mean = 29.244 us, max = 2.804 ms, min = 1.544 us, total = 503.437 ms
	event_loop_lag_probe - 722 total (0 active), Execution time: mean = 14.213 us, total = 10.262 ms, Queueing time: mean = 4.788 us, max = 598.948 us, min = 1.342 us, total = 3.457 ms
	GcsTaskManager.GcJobSummary - 37 total (1 active), Execution time: mean = 6.049 us, total = 223.827 us, Queueing time: mean = 35.134 us, max = 108.486 us, min = 11.732 us, total = 1.300 ms
	PeriodicalRunner.RunFnPeriodically - 1 total (0 active), Execution time: mean = 5.480 us, total = 5.480 us, Queueing time: mean = 24.213 us, max = 24.213 us, min = 24.213 us, total = 24.213 us


[2025-06-26 10:51:53,007 I 2395789 2395789] (gcs_server) gcs_server.cc:874: pubsub_io_context Event stats:


Global stats: 1338 total (101 active)
Queueing time: mean = 11.413 us, max = 1.906 ms, min = 1.964 us, total = 15.271 ms
Execution time:  mean = 158.393 ms, total = 211.930 s
Event stats:
	event_loop_lag_probe - 722 total (0 active), Execution time: mean = 13.876 us, total = 10.018 ms, Queueing time: mean = 6.284 us, max = 1.245 ms, min = 1.964 us, total = 4.537 ms
	InternalPubSubGcsService.grpc_server.GcsSubscriberPoll - 161 total (100 active), Execution time: mean = 1.316 s, total = 211.879 s, Queueing time: mean = 0.000 s, max = -0.000 s, min = 9223372036.855 s, total = 0.000 s
	InternalPubSubGcsService.grpc_server.GcsSubscriberPoll.HandleRequestImpl - 161 total (0 active), Execution time: mean = 13.788 us, total = 2.220 ms, Queueing time: mean = 43.522 us, max = 1.906 ms, min = 3.479 us, total = 7.007 ms
	InternalPubSubGcsService.grpc_server.GcsSubscriberCommandBatch.HandleRequestImpl - 109 total (0 active), Execution time: mean = 34.922 us, total = 3.806 ms, Queueing time: mean = 24.408 us, max = 66.284 us, min = 6.288 us, total = 2.660 ms
	InternalPubSubGcsService.grpc_server.GcsSubscriberCommandBatch - 109 total (0 active), Execution time: mean = 234.683 us, total = 25.580 ms, Queueing time: mean = 0.000 s, max = -0.000 s, min = 9223372036.855 s, total = 0.000 s
	InternalPubSubGcsService.grpc_server.GcsPublish.HandleRequestImpl - 37 total (0 active), Execution time: mean = 53.534 us, total = 1.981 ms, Queueing time: mean = 28.361 us, max = 55.925 us, min = 18.800 us, total = 1.049 ms
	InternalPubSubGcsService.grpc_server.GcsPublish - 37 total (0 active), Execution time: mean = 208.693 us, total = 7.722 ms, Queueing time: mean = 0.000 s, max = -0.000 s, min = 9223372036.855 s, total = 0.000 s
	PeriodicalRunner.RunFnPeriodically - 1 total (0 active), Execution time: mean = 3.762 us, total = 3.762 us, Queueing time: mean = 16.368 us, max = 16.368 us, min = 16.368 us, total = 16.368 us
	Publisher.CheckDeadSubscribers - 1 total (1 active), Execution time: mean = 0.000 s, total = 0.000 s, Queueing time: mean = 0.000 s, max = -0.000 s, min = 9223372036.855 s, total = 0.000 s


[2025-06-26 10:51:53,007 I 2395789 2395789] (gcs_server) gcs_server.cc:874: ray_syncer_io_context Event stats:


Global stats: 744 total (0 active)
Queueing time: mean = 7.720 us, max = 1.956 ms, min = 152.000 ns, total = 5.743 ms
Execution time:  mean = 14.110 us, total = 10.498 ms
Event stats:
	event_loop_lag_probe - 722 total (0 active), Execution time: mean = 13.821 us, total = 9.979 ms, Queueing time: mean = 7.467 us, max = 1.956 ms, min = 2.145 us, total = 5.391 ms
	 - 10 total (0 active), Execution time: mean = 43.888 us, total = 438.880 us, Queueing time: mean = 29.134 us, max = 52.303 us, min = 12.602 us, total = 291.345 us
	RaySyncer.BroadcastMessage - 10 total (0 active), Execution time: mean = 7.959 us, total = 79.592 us, Queueing time: mean = 279.900 ns, max = 531.000 ns, min = 152.000 ns, total = 2.799 us
	RaySyncerRegister - 2 total (0 active), Execution time: mean = 397.000 ns, total = 794.000 ns, Queueing time: mean = 28.967 us, max = 29.231 us, min = 28.703 us, total = 57.934 us


