[2025-06-25 17:49:38,544 I 1503387 1503387] (raylet) main.cc:226: Setting cluster ID to: 2748d820cbc03d8c23984676655dadac4e61c5d64bdd26c390b4d2ce
[2025-06-25 17:49:38,550 I 1503387 1503387] (raylet) main.cc:341: Raylet is not set to kill unknown children.
[2025-06-25 17:49:38,551 I 1503387 1503387] (raylet) io_service_pool.cc:36: IOServicePool is running with 1 io_service.
[2025-06-25 17:49:38,551 I 1503387 1503387] (raylet) main.cc:469: Setting node ID node_id=ee50d6ea4553a0e7efd7737265466e50e7cb60de5bab320c738899e8
[2025-06-25 17:49:38,551 I 1503387 1503387] (raylet) store_runner.cc:50: Allowing the Plasma store to use up to 68.7195GB of memory.
[2025-06-25 17:49:38,551 I 1503387 1503387] (raylet) store_runner.cc:66: Starting object store with directory /dev/shm, fallback /home/shuzuan/prj/ComfyUI-xDit/ray_temp/session_2025-06-25_17-49-35_752698_1502347, and huge page support disabled
[2025-06-25 17:49:38,552 I 1503387 1503429] (raylet) dlmalloc.cc:324: Setting dlmalloc config: plasma_directory=/dev/shm, fallback_directory=/home/shuzuan/prj/ComfyUI-xDit/ray_temp/session_2025-06-25_17-49-35_752698_1502347, hugepage_enabled=0, fallback_enabled=1
[2025-06-25 17:49:38,552 I 1503387 1503429] (raylet) dlmalloc.cc:153: create_and_mmap_buffer(68719476744, /dev/shm/plasmaXXXXXX)
[2025-06-25 17:49:38,552 I 1503387 1503429] (raylet) store.cc:576: Plasma store debug dump: 
Current usage: 0 / 68.7195 GB
- num bytes created total: 0
0 pending objects of total size 0MB
- objects spillable: 0
- bytes spillable: 0
- objects unsealed: 0
- bytes unsealed: 0
- objects in use: 0
- bytes in use: 0
- objects evictable: 0
- bytes evictable: 0

- objects created by worker: 0
- bytes created by worker: 0
- objects restored: 0
- bytes restored: 0
- objects received: 0
- bytes received: 0
- objects errored: 0
- bytes errored: 0

[2025-06-25 17:49:38,554 I 1503387 1503387] (raylet) grpc_server.cc:141: ObjectManager server started, listening on port 36145.
[2025-06-25 17:49:38,557 I 1503387 1503387] (raylet) worker_killing_policy.cc:107: Running GroupByOwner policy.
[2025-06-25 17:49:38,557 W 1503387 1503387] (raylet) memory_monitor.cc:198: Got negative used memory for cgroup -1, setting it to zero
[2025-06-25 17:49:38,557 I 1503387 1503387] (raylet) memory_monitor.cc:48: MemoryMonitor initialized with usage threshold at 256695140352 bytes (0.95 system memory), total system memory bytes: 270205427712
[2025-06-25 17:49:38,557 I 1503387 1503387] (raylet) node_manager.cc:227: Initializing NodeManager node_id=ee50d6ea4553a0e7efd7737265466e50e7cb60de5bab320c738899e8
[2025-06-25 17:49:38,560 I 1503387 1503387] (raylet) grpc_server.cc:141: NodeManager server started, listening on port 46593.
[2025-06-25 17:49:38,568 I 1503387 1503475] (raylet) agent_manager.cc:80: Monitor agent process with name dashboard_agent
[2025-06-25 17:49:38,569 I 1503387 1503477] (raylet) agent_manager.cc:80: Monitor agent process with name runtime_env_agent
[2025-06-25 17:49:38,569 I 1503387 1503387] (raylet) event.cc:500: Ray Event initialized for RAYLET
[2025-06-25 17:49:38,569 I 1503387 1503387] (raylet) event.cc:331: Set ray event level to warning
[2025-06-25 17:49:38,570 I 1503387 1503387] (raylet) raylet.cc:260: Raylet of id, ee50d6ea4553a0e7efd7737265466e50e7cb60de5bab320c738899e8 started. Raylet consists of node_manager and object_manager. node_manager address: 192.168.10.101:46593 object_manager address: 192.168.10.101:36145 hostname: vm-ubuntu1
[2025-06-25 17:49:38,572 I 1503387 1503387] (raylet) node_manager.cc:450: [state-dump] NodeManager:
[state-dump] Node ID: ee50d6ea4553a0e7efd7737265466e50e7cb60de5bab320c738899e8
[state-dump] Node name: 192.168.10.101
[state-dump] InitialConfigResources: {object_store_memory: 6.87195e+10, CPU: 96, node:192.168.10.101: 1, GPU: 8, memory: 1.72168e+11, accelerator_type:G: 1, node:__internal_head__: 1}
[state-dump] ClusterTaskManager:
[state-dump] ========== Node: ee50d6ea4553a0e7efd7737265466e50e7cb60de5bab320c738899e8 =================
[state-dump] Infeasible queue length: 0
[state-dump] Schedule queue length: 0
[state-dump] Dispatch queue length: 0
[state-dump] num_waiting_for_resource: 0
[state-dump] num_waiting_for_plasma_memory: 0
[state-dump] num_waiting_for_remote_node_resources: 0
[state-dump] num_worker_not_started_by_job_config_not_exist: 0
[state-dump] num_worker_not_started_by_registration_timeout: 0
[state-dump] num_tasks_waiting_for_workers: 0
[state-dump] num_cancelled_tasks: 0
[state-dump] cluster_resource_scheduler state: 
[state-dump] Local id: 365980143335192703 Local resources: {"total":{accelerator_type:G: [10000], node:__internal_head__: [10000], memory: [1721676308480000], object_store_memory: [687194767360000], GPU: [10000, 10000, 10000, 10000, 10000, 10000, 10000, 10000], node:192.168.10.101: [10000], CPU: [960000]}}, "available": {GPU: [10000, 10000, 10000, 10000, 10000, 10000, 10000, 10000], node:192.168.10.101: [10000], CPU: [960000], accelerator_type:G: [10000], object_store_memory: [687194767360000], node:__internal_head__: [10000], memory: [1721676308480000]}}, "labels":{"ray.io/node_id":"ee50d6ea4553a0e7efd7737265466e50e7cb60de5bab320c738899e8",} is_draining: 0 is_idle: 1 Cluster resources (at most 20 nodes are shown): node id: 365980143335192703{"total":{accelerator_type:G: 10000, node:__internal_head__: 10000, node:192.168.10.101: 10000, CPU: 960000, object_store_memory: 687194767360000, GPU: 80000, memory: 1721676308480000}}, "available": {CPU: 960000, object_store_memory: 687194767360000, GPU: 80000, node:192.168.10.101: 10000, memory: 1721676308480000, accelerator_type:G: 10000, node:__internal_head__: 10000}}, "labels":{"ray.io/node_id":"ee50d6ea4553a0e7efd7737265466e50e7cb60de5bab320c738899e8",}, "is_draining": 0, "draining_deadline_timestamp_ms": -1} { "placement group locations": [], "node to bundles": []}
[state-dump] Waiting tasks size: 0
[state-dump] Number of executing tasks: 0
[state-dump] Number of pinned task arguments: 0
[state-dump] Number of total spilled tasks: 0
[state-dump] Number of spilled waiting tasks: 0
[state-dump] Number of spilled unschedulable tasks: 0
[state-dump] Resource usage {
[state-dump] }
[state-dump] Backlog Size per scheduling descriptor :{workerId: num backlogs}:
[state-dump] 
[state-dump] Running tasks by scheduling class:
[state-dump] ==================================================
[state-dump] 
[state-dump] ClusterResources:
[state-dump] LocalObjectManager:
[state-dump] - num pinned objects: 0
[state-dump] - pinned objects size: 0
[state-dump] - num objects pending restore: 0
[state-dump] - num objects pending spill: 0
[state-dump] - num bytes pending spill: 0
[state-dump] - num bytes currently spilled: 0
[state-dump] - cumulative spill requests: 0
[state-dump] - cumulative restore requests: 0
[state-dump] - spilled objects pending delete: 0
[state-dump] 
[state-dump] ObjectManager:
[state-dump] - num local objects: 0
[state-dump] - num unfulfilled push requests: 0
[state-dump] - num object pull requests: 0
[state-dump] - num chunks received total: 0
[state-dump] - num chunks received failed (all): 0
[state-dump] - num chunks received failed / cancelled: 0
[state-dump] - num chunks received failed / plasma error: 0
[state-dump] Event stats:
[state-dump] Global stats: 0 total (0 active)
[state-dump] Queueing time: mean = -nan s, max = -0.000 s, min = 9223372036.855 s, total = 0.000 s
[state-dump] Execution time:  mean = -nan s, total = 0.000 s
[state-dump] Event stats:
[state-dump] PushManager:
[state-dump] - num pushes in flight: 0
[state-dump] - num chunks in flight: 0
[state-dump] - num chunks remaining: 0
[state-dump] - max chunks allowed: 409
[state-dump] OwnershipBasedObjectDirectory:
[state-dump] - num listeners: 0
[state-dump] - cumulative location updates: 0
[state-dump] - num location updates per second: 0.000
[state-dump] - num location lookups per second: 0.000
[state-dump] - num locations added per second: 0.000
[state-dump] - num locations removed per second: 0.000
[state-dump] BufferPool:
[state-dump] - create buffer state map size: 0
[state-dump] PullManager:
[state-dump] - num bytes available for pulled objects: 68719476736
[state-dump] - num bytes being pulled (all): 0
[state-dump] - num bytes being pulled / pinned: 0
[state-dump] - get request bundles: BundlePullRequestQueue{0 total, 0 active, 0 inactive, 0 unpullable}
[state-dump] - wait request bundles: BundlePullRequestQueue{0 total, 0 active, 0 inactive, 0 unpullable}
[state-dump] - task request bundles: BundlePullRequestQueue{0 total, 0 active, 0 inactive, 0 unpullable}
[state-dump] - first get request bundle: N/A
[state-dump] - first wait request bundle: N/A
[state-dump] - first task request bundle: N/A
[state-dump] - num objects queued: 0
[state-dump] - num objects actively pulled (all): 0
[state-dump] - num objects actively pulled / pinned: 0
[state-dump] - num bundles being pulled: 0
[state-dump] - num pull retries: 0
[state-dump] - max timeout seconds: 0
[state-dump] - max timeout request is already processed. No entry.
[state-dump] 
[state-dump] WorkerPool:
[state-dump] - registered jobs: 0
[state-dump] - process_failed_job_config_missing: 0
[state-dump] - process_failed_rate_limited: 0
[state-dump] - process_failed_pending_registration: 0
[state-dump] - process_failed_runtime_env_setup_failed: 0
[state-dump] - num PYTHON workers: 0
[state-dump] - num PYTHON drivers: 0
[state-dump] - num PYTHON pending start requests: 0
[state-dump] - num PYTHON pending registration requests: 0
[state-dump] - num object spill callbacks queued: 0
[state-dump] - num object restore queued: 0
[state-dump] - num util functions queued: 0
[state-dump] - num JAVA workers: 0
[state-dump] - num JAVA drivers: 0
[state-dump] - num JAVA pending start requests: 0
[state-dump] - num JAVA pending registration requests: 0
[state-dump] - num object spill callbacks queued: 0
[state-dump] - num object restore queued: 0
[state-dump] - num util functions queued: 0
[state-dump] - num idle workers: 0
[state-dump] TaskDependencyManager:
[state-dump] - task deps map size: 0
[state-dump] - get req map size: 0
[state-dump] - wait req map size: 0
[state-dump] - local objects map size: 0
[state-dump] WaitManager:
[state-dump] - num active wait requests: 0
[state-dump] Subscriber:
[state-dump] Channel WORKER_OBJECT_EVICTION
[state-dump] - cumulative subscribe requests: 0
[state-dump] - cumulative unsubscribe requests: 0
[state-dump] - active subscribed publishers: 0
[state-dump] - cumulative published messages: 0
[state-dump] - cumulative processed messages: 0
[state-dump] Channel WORKER_REF_REMOVED_CHANNEL
[state-dump] - cumulative subscribe requests: 0
[state-dump] - cumulative unsubscribe requests: 0
[state-dump] - active subscribed publishers: 0
[state-dump] - cumulative published messages: 0
[state-dump] - cumulative processed messages: 0
[state-dump] Channel WORKER_OBJECT_LOCATIONS_CHANNEL
[state-dump] - cumulative subscribe requests: 0
[state-dump] - cumulative unsubscribe requests: 0
[state-dump] - active subscribed publishers: 0
[state-dump] - cumulative published messages: 0
[state-dump] - cumulative processed messages: 0
[state-dump] num async plasma notifications: 0
[state-dump] Event stats:
[state-dump] Global stats: 29 total (14 active)
[state-dump] Queueing time: mean = 1.699 ms, max = 12.099 ms, min = 20.255 us, total = 49.269 ms
[state-dump] Execution time:  mean = 799.248 us, total = 23.178 ms
[state-dump] Event stats:
[state-dump] 	PeriodicalRunner.RunFnPeriodically - 12 total (2 active, 1 running), Execution time: mean = 136.684 us, total = 1.640 ms, Queueing time: mean = 4.102 ms, max = 12.099 ms, min = 47.633 us, total = 49.225 ms
[state-dump] 	RayletWorkerPool.deadline_timer.kill_idle_workers - 1 total (1 active), Execution time: mean = 0.000 s, total = 0.000 s, Queueing time: mean = 0.000 s, max = -0.000 s, min = 9223372036.855 s, total = 0.000 s
[state-dump] 	ray::rpc::InternalKVGcsService.grpc_client.GetInternalConfig.OnReplyReceived - 1 total (0 active), Execution time: mean = 19.020 ms, total = 19.020 ms, Queueing time: mean = 20.255 us, max = 20.255 us, min = 20.255 us, total = 20.255 us
[state-dump] 	NodeManager.deadline_timer.flush_free_objects - 1 total (1 active), Execution time: mean = 0.000 s, total = 0.000 s, Queueing time: mean = 0.000 s, max = -0.000 s, min = 9223372036.855 s, total = 0.000 s
[state-dump] 	NodeManager.deadline_timer.debug_state_dump - 1 total (1 active), Execution time: mean = 0.000 s, total = 0.000 s, Queueing time: mean = 0.000 s, max = -0.000 s, min = 9223372036.855 s, total = 0.000 s
[state-dump] 	NodeManager.ScheduleAndDispatchTasks - 1 total (1 active), Execution time: mean = 0.000 s, total = 0.000 s, Queueing time: mean = 0.000 s, max = -0.000 s, min = 9223372036.855 s, total = 0.000 s
[state-dump] 	ray::rpc::InternalPubSubGcsService.grpc_client.GcsSubscriberCommandBatch - 1 total (0 active), Execution time: mean = 558.924 us, total = 558.924 us, Queueing time: mean = 0.000 s, max = -0.000 s, min = 9223372036.855 s, total = 0.000 s
[state-dump] 	ray::rpc::NodeInfoGcsService.grpc_client.RegisterNode.OnReplyReceived - 1 total (0 active), Execution time: mean = 267.130 us, total = 267.130 us, Queueing time: mean = 23.599 us, max = 23.599 us, min = 23.599 us, total = 23.599 us
[state-dump] 	NodeManager.CheckForUnexpectedWorkerDisconnects - 1 total (1 active), Execution time: mean = 0.000 s, total = 0.000 s, Queueing time: mean = 0.000 s, max = -0.000 s, min = 9223372036.855 s, total = 0.000 s
[state-dump] 	NodeManager.GCTaskFailureReason - 1 total (1 active), Execution time: mean = 0.000 s, total = 0.000 s, Queueing time: mean = 0.000 s, max = -0.000 s, min = 9223372036.855 s, total = 0.000 s
[state-dump] 	NodeManager.deadline_timer.record_metrics - 1 total (1 active), Execution time: mean = 0.000 s, total = 0.000 s, Queueing time: mean = 0.000 s, max = -0.000 s, min = 9223372036.855 s, total = 0.000 s
[state-dump] 	ray::rpc::InternalPubSubGcsService.grpc_client.GcsSubscriberPoll - 1 total (1 active), Execution time: mean = 0.000 s, total = 0.000 s, Queueing time: mean = 0.000 s, max = -0.000 s, min = 9223372036.855 s, total = 0.000 s
[state-dump] 	ClusterResourceManager.ResetRemoteNodeView - 1 total (1 active), Execution time: mean = 0.000 s, total = 0.000 s, Queueing time: mean = 0.000 s, max = -0.000 s, min = 9223372036.855 s, total = 0.000 s
[state-dump] 	ray::rpc::InternalKVGcsService.grpc_client.GetInternalConfig - 1 total (0 active), Execution time: mean = 704.509 us, total = 704.509 us, Queueing time: mean = 0.000 s, max = -0.000 s, min = 9223372036.855 s, total = 0.000 s
[state-dump] 	ray::rpc::NodeInfoGcsService.grpc_client.RegisterNode - 1 total (0 active), Execution time: mean = 987.161 us, total = 987.161 us, Queueing time: mean = 0.000 s, max = -0.000 s, min = 9223372036.855 s, total = 0.000 s
[state-dump] 	NodeManager.deadline_timer.spill_objects_when_over_threshold - 1 total (1 active), Execution time: mean = 0.000 s, total = 0.000 s, Queueing time: mean = 0.000 s, max = -0.000 s, min = 9223372036.855 s, total = 0.000 s
[state-dump] 	ray::rpc::InternalPubSubGcsService.grpc_client.GcsSubscriberCommandBatch.OnReplyReceived - 1 total (1 active), Execution time: mean = 0.000 s, total = 0.000 s, Queueing time: mean = 0.000 s, max = -0.000 s, min = 9223372036.855 s, total = 0.000 s
[state-dump] 	MemoryMonitor.CheckIsMemoryUsageAboveThreshold - 1 total (1 active), Execution time: mean = 0.000 s, total = 0.000 s, Queueing time: mean = 0.000 s, max = -0.000 s, min = 9223372036.855 s, total = 0.000 s
[state-dump] DebugString() time ms: 0
[state-dump] 
[state-dump] 
[2025-06-25 17:49:38,573 I 1503387 1503387] (raylet) accessor.cc:768: Received notification for node, IsAlive = 1 node_id=ee50d6ea4553a0e7efd7737265466e50e7cb60de5bab320c738899e8
[2025-06-25 17:49:39,040 I 1503387 1503387] (raylet) worker_pool.cc:527: Started worker process with pid 1503584, the token is 0
[2025-06-25 17:49:39,043 I 1503387 1503387] (raylet) worker_pool.cc:527: Started worker process with pid 1503585, the token is 1
[2025-06-25 17:49:39,046 I 1503387 1503387] (raylet) worker_pool.cc:527: Started worker process with pid 1503586, the token is 2
[2025-06-25 17:49:39,048 I 1503387 1503387] (raylet) worker_pool.cc:527: Started worker process with pid 1503587, the token is 3
[2025-06-25 17:49:39,051 I 1503387 1503387] (raylet) worker_pool.cc:527: Started worker process with pid 1503588, the token is 4
[2025-06-25 17:49:39,054 I 1503387 1503387] (raylet) worker_pool.cc:527: Started worker process with pid 1503589, the token is 5
[2025-06-25 17:49:39,057 I 1503387 1503387] (raylet) worker_pool.cc:527: Started worker process with pid 1503590, the token is 6
[2025-06-25 17:49:39,060 I 1503387 1503387] (raylet) worker_pool.cc:527: Started worker process with pid 1503591, the token is 7
[2025-06-25 17:49:39,063 I 1503387 1503387] (raylet) worker_pool.cc:527: Started worker process with pid 1503592, the token is 8
[2025-06-25 17:49:39,065 I 1503387 1503387] (raylet) worker_pool.cc:527: Started worker process with pid 1503593, the token is 9
[2025-06-25 17:49:39,068 I 1503387 1503387] (raylet) worker_pool.cc:527: Started worker process with pid 1503594, the token is 10
[2025-06-25 17:49:39,071 I 1503387 1503387] (raylet) worker_pool.cc:527: Started worker process with pid 1503596, the token is 11
[2025-06-25 17:49:39,074 I 1503387 1503387] (raylet) worker_pool.cc:527: Started worker process with pid 1503597, the token is 12
[2025-06-25 17:49:39,077 I 1503387 1503387] (raylet) worker_pool.cc:527: Started worker process with pid 1503599, the token is 13
[2025-06-25 17:49:39,080 I 1503387 1503387] (raylet) worker_pool.cc:527: Started worker process with pid 1503600, the token is 14
[2025-06-25 17:49:39,083 I 1503387 1503387] (raylet) worker_pool.cc:527: Started worker process with pid 1503601, the token is 15
[2025-06-25 17:49:39,087 I 1503387 1503387] (raylet) worker_pool.cc:527: Started worker process with pid 1503602, the token is 16
[2025-06-25 17:49:39,090 I 1503387 1503387] (raylet) worker_pool.cc:527: Started worker process with pid 1503604, the token is 17
[2025-06-25 17:49:39,093 I 1503387 1503387] (raylet) worker_pool.cc:527: Started worker process with pid 1503605, the token is 18
[2025-06-25 17:49:39,096 I 1503387 1503387] (raylet) worker_pool.cc:527: Started worker process with pid 1503606, the token is 19
[2025-06-25 17:49:39,099 I 1503387 1503387] (raylet) worker_pool.cc:527: Started worker process with pid 1503607, the token is 20
[2025-06-25 17:49:39,101 I 1503387 1503387] (raylet) worker_pool.cc:527: Started worker process with pid 1503608, the token is 21
[2025-06-25 17:49:39,104 I 1503387 1503387] (raylet) worker_pool.cc:527: Started worker process with pid 1503609, the token is 22
[2025-06-25 17:49:39,107 I 1503387 1503387] (raylet) worker_pool.cc:527: Started worker process with pid 1503610, the token is 23
[2025-06-25 17:49:39,110 I 1503387 1503387] (raylet) worker_pool.cc:527: Started worker process with pid 1503611, the token is 24
[2025-06-25 17:49:39,112 I 1503387 1503387] (raylet) worker_pool.cc:527: Started worker process with pid 1503612, the token is 25
[2025-06-25 17:49:39,115 I 1503387 1503387] (raylet) worker_pool.cc:527: Started worker process with pid 1503613, the token is 26
[2025-06-25 17:49:39,118 I 1503387 1503387] (raylet) worker_pool.cc:527: Started worker process with pid 1503614, the token is 27
[2025-06-25 17:49:39,121 I 1503387 1503387] (raylet) worker_pool.cc:527: Started worker process with pid 1503615, the token is 28
[2025-06-25 17:49:39,124 I 1503387 1503387] (raylet) worker_pool.cc:527: Started worker process with pid 1503616, the token is 29
[2025-06-25 17:49:39,127 I 1503387 1503387] (raylet) worker_pool.cc:527: Started worker process with pid 1503617, the token is 30
[2025-06-25 17:49:39,130 I 1503387 1503387] (raylet) worker_pool.cc:527: Started worker process with pid 1503618, the token is 31
[2025-06-25 17:49:39,133 I 1503387 1503387] (raylet) worker_pool.cc:527: Started worker process with pid 1503619, the token is 32
[2025-06-25 17:49:39,136 I 1503387 1503387] (raylet) worker_pool.cc:527: Started worker process with pid 1503620, the token is 33
[2025-06-25 17:49:39,139 I 1503387 1503387] (raylet) worker_pool.cc:527: Started worker process with pid 1503621, the token is 34
[2025-06-25 17:49:39,141 I 1503387 1503387] (raylet) worker_pool.cc:527: Started worker process with pid 1503622, the token is 35
[2025-06-25 17:49:39,144 I 1503387 1503387] (raylet) worker_pool.cc:527: Started worker process with pid 1503623, the token is 36
[2025-06-25 17:49:39,148 I 1503387 1503387] (raylet) worker_pool.cc:527: Started worker process with pid 1503624, the token is 37
[2025-06-25 17:49:39,151 I 1503387 1503387] (raylet) worker_pool.cc:527: Started worker process with pid 1503625, the token is 38
[2025-06-25 17:49:39,154 I 1503387 1503387] (raylet) worker_pool.cc:527: Started worker process with pid 1503626, the token is 39
[2025-06-25 17:49:39,157 I 1503387 1503387] (raylet) worker_pool.cc:527: Started worker process with pid 1503627, the token is 40
[2025-06-25 17:49:39,160 I 1503387 1503387] (raylet) worker_pool.cc:527: Started worker process with pid 1503628, the token is 41
[2025-06-25 17:49:39,163 I 1503387 1503387] (raylet) worker_pool.cc:527: Started worker process with pid 1503629, the token is 42
[2025-06-25 17:49:39,168 I 1503387 1503387] (raylet) worker_pool.cc:527: Started worker process with pid 1503630, the token is 43
[2025-06-25 17:49:39,171 I 1503387 1503387] (raylet) worker_pool.cc:527: Started worker process with pid 1503631, the token is 44
[2025-06-25 17:49:39,174 I 1503387 1503387] (raylet) worker_pool.cc:527: Started worker process with pid 1503632, the token is 45
[2025-06-25 17:49:39,177 I 1503387 1503387] (raylet) worker_pool.cc:527: Started worker process with pid 1503633, the token is 46
[2025-06-25 17:49:39,180 I 1503387 1503387] (raylet) worker_pool.cc:527: Started worker process with pid 1503634, the token is 47
[2025-06-25 17:49:39,183 I 1503387 1503387] (raylet) worker_pool.cc:527: Started worker process with pid 1503635, the token is 48
[2025-06-25 17:49:39,186 I 1503387 1503387] (raylet) worker_pool.cc:527: Started worker process with pid 1503636, the token is 49
[2025-06-25 17:49:39,189 I 1503387 1503387] (raylet) worker_pool.cc:527: Started worker process with pid 1503637, the token is 50
[2025-06-25 17:49:39,193 I 1503387 1503387] (raylet) worker_pool.cc:527: Started worker process with pid 1503638, the token is 51
[2025-06-25 17:49:39,196 I 1503387 1503387] (raylet) worker_pool.cc:527: Started worker process with pid 1503639, the token is 52
[2025-06-25 17:49:39,199 I 1503387 1503387] (raylet) worker_pool.cc:527: Started worker process with pid 1503640, the token is 53
[2025-06-25 17:49:39,202 I 1503387 1503387] (raylet) worker_pool.cc:527: Started worker process with pid 1503641, the token is 54
[2025-06-25 17:49:39,205 I 1503387 1503387] (raylet) worker_pool.cc:527: Started worker process with pid 1503642, the token is 55
[2025-06-25 17:49:39,208 I 1503387 1503387] (raylet) worker_pool.cc:527: Started worker process with pid 1503643, the token is 56
[2025-06-25 17:49:39,211 I 1503387 1503387] (raylet) worker_pool.cc:527: Started worker process with pid 1503644, the token is 57
[2025-06-25 17:49:39,214 I 1503387 1503387] (raylet) worker_pool.cc:527: Started worker process with pid 1503645, the token is 58
[2025-06-25 17:49:39,218 I 1503387 1503387] (raylet) worker_pool.cc:527: Started worker process with pid 1503646, the token is 59
[2025-06-25 17:49:39,221 I 1503387 1503387] (raylet) worker_pool.cc:527: Started worker process with pid 1503647, the token is 60
[2025-06-25 17:49:39,224 I 1503387 1503387] (raylet) worker_pool.cc:527: Started worker process with pid 1503648, the token is 61
[2025-06-25 17:49:39,228 I 1503387 1503387] (raylet) worker_pool.cc:527: Started worker process with pid 1503649, the token is 62
[2025-06-25 17:49:39,231 I 1503387 1503387] (raylet) worker_pool.cc:527: Started worker process with pid 1503650, the token is 63
[2025-06-25 17:49:39,234 I 1503387 1503387] (raylet) worker_pool.cc:527: Started worker process with pid 1503651, the token is 64
[2025-06-25 17:49:39,238 I 1503387 1503387] (raylet) worker_pool.cc:527: Started worker process with pid 1503652, the token is 65
[2025-06-25 17:49:39,241 I 1503387 1503387] (raylet) worker_pool.cc:527: Started worker process with pid 1503653, the token is 66
[2025-06-25 17:49:39,245 I 1503387 1503387] (raylet) worker_pool.cc:527: Started worker process with pid 1503654, the token is 67
[2025-06-25 17:49:39,249 I 1503387 1503387] (raylet) worker_pool.cc:527: Started worker process with pid 1503655, the token is 68
[2025-06-25 17:49:39,253 I 1503387 1503387] (raylet) worker_pool.cc:527: Started worker process with pid 1503656, the token is 69
[2025-06-25 17:49:39,256 I 1503387 1503387] (raylet) worker_pool.cc:527: Started worker process with pid 1503657, the token is 70
[2025-06-25 17:49:39,260 I 1503387 1503387] (raylet) worker_pool.cc:527: Started worker process with pid 1503658, the token is 71
[2025-06-25 17:49:39,263 I 1503387 1503387] (raylet) worker_pool.cc:527: Started worker process with pid 1503659, the token is 72
[2025-06-25 17:49:39,267 I 1503387 1503387] (raylet) worker_pool.cc:527: Started worker process with pid 1503660, the token is 73
[2025-06-25 17:49:39,271 I 1503387 1503387] (raylet) worker_pool.cc:527: Started worker process with pid 1503661, the token is 74
[2025-06-25 17:49:39,274 I 1503387 1503387] (raylet) worker_pool.cc:527: Started worker process with pid 1503662, the token is 75
[2025-06-25 17:49:39,278 I 1503387 1503387] (raylet) worker_pool.cc:527: Started worker process with pid 1503663, the token is 76
[2025-06-25 17:49:39,282 I 1503387 1503387] (raylet) worker_pool.cc:527: Started worker process with pid 1503664, the token is 77
[2025-06-25 17:49:39,287 I 1503387 1503387] (raylet) worker_pool.cc:527: Started worker process with pid 1503665, the token is 78
[2025-06-25 17:49:39,291 I 1503387 1503387] (raylet) worker_pool.cc:527: Started worker process with pid 1503666, the token is 79
[2025-06-25 17:49:39,295 I 1503387 1503387] (raylet) worker_pool.cc:527: Started worker process with pid 1503667, the token is 80
[2025-06-25 17:49:39,299 I 1503387 1503387] (raylet) worker_pool.cc:527: Started worker process with pid 1503668, the token is 81
[2025-06-25 17:49:39,303 I 1503387 1503387] (raylet) worker_pool.cc:527: Started worker process with pid 1503669, the token is 82
[2025-06-25 17:49:39,322 I 1503387 1503387] (raylet) worker_pool.cc:527: Started worker process with pid 1503670, the token is 83
[2025-06-25 17:49:39,326 I 1503387 1503387] (raylet) worker_pool.cc:527: Started worker process with pid 1503671, the token is 84
[2025-06-25 17:49:39,331 I 1503387 1503387] (raylet) worker_pool.cc:527: Started worker process with pid 1503672, the token is 85
[2025-06-25 17:49:39,335 I 1503387 1503387] (raylet) worker_pool.cc:527: Started worker process with pid 1503673, the token is 86
[2025-06-25 17:49:39,339 I 1503387 1503387] (raylet) worker_pool.cc:527: Started worker process with pid 1503674, the token is 87
[2025-06-25 17:49:39,343 I 1503387 1503387] (raylet) worker_pool.cc:527: Started worker process with pid 1503675, the token is 88
[2025-06-25 17:49:39,348 I 1503387 1503387] (raylet) worker_pool.cc:527: Started worker process with pid 1503676, the token is 89
[2025-06-25 17:49:39,352 I 1503387 1503387] (raylet) worker_pool.cc:527: Started worker process with pid 1503677, the token is 90
[2025-06-25 17:49:39,357 I 1503387 1503387] (raylet) worker_pool.cc:527: Started worker process with pid 1503678, the token is 91
[2025-06-25 17:49:39,361 I 1503387 1503387] (raylet) worker_pool.cc:527: Started worker process with pid 1503679, the token is 92
[2025-06-25 17:49:39,365 I 1503387 1503387] (raylet) worker_pool.cc:527: Started worker process with pid 1503680, the token is 93
[2025-06-25 17:49:39,369 I 1503387 1503387] (raylet) worker_pool.cc:527: Started worker process with pid 1503681, the token is 94
[2025-06-25 17:49:39,373 I 1503387 1503387] (raylet) worker_pool.cc:527: Started worker process with pid 1503682, the token is 95
[2025-06-25 17:49:39,465 I 1503387 1503429] (raylet) object_store.cc:38: Object store current usage 8e-09 / 68.7195 GB.
[2025-06-25 17:49:39,928 I 1503387 1503387] (raylet) worker_pool.cc:724: Job 01000000 already started in worker pool.
[2025-06-25 17:49:43,626 W 1503387 1503387] (raylet) memory_monitor.cc:198: Got negative used memory for cgroup -1, setting it to zero
[2025-06-25 17:49:44,713 I 1503387 1503387] (raylet) node_manager.cc:1523: Disconnecting client, graceful=true, disconnect_type=1, has_creation_task_exception=false worker_id=24eb8e6a4b9645ad08821aaaef0b0de78c5f3fd891cd07915ddbc514
[2025-06-25 17:49:44,748 W 1503387 1503429] (raylet) store.cc:368: Disconnecting client due to connection error with code 2: End of file
[2025-06-25 17:49:48,566 W 1503387 1503423] (raylet) metric_exporter.cc:105: [1] Export metrics to agent failed: RpcError: RPC Error message: failed to connect to all addresses; last error: UNKNOWN: ipv4:127.0.0.1:46729: Failed to connect to remote host: Connection refused; RPC Error details:  rpc_code: 14. This won't affect Ray, but you can lose metrics from the cluster.
[2025-06-25 17:49:48,629 W 1503387 1503387] (raylet) memory_monitor.cc:198: Got negative used memory for cgroup -1, setting it to zero
[2025-06-25 17:49:53,632 W 1503387 1503387] (raylet) memory_monitor.cc:198: Got negative used memory for cgroup -1, setting it to zero
[2025-06-25 17:49:58,634 W 1503387 1503387] (raylet) memory_monitor.cc:198: Got negative used memory for cgroup -1, setting it to zero
